[2022-04-11 13:47:25,254] {taskinstance.py:1043} INFO - Dependencies all met for <TaskInstance: check_stock_price_dag.send_slack_notification scheduled__2022-04-10T00:10:00+00:00 [queued]>
[2022-04-11 13:47:25,272] {taskinstance.py:1043} INFO - Dependencies all met for <TaskInstance: check_stock_price_dag.send_slack_notification scheduled__2022-04-10T00:10:00+00:00 [queued]>
[2022-04-11 13:47:25,273] {taskinstance.py:1249} INFO - 
--------------------------------------------------------------------------------
[2022-04-11 13:47:25,274] {taskinstance.py:1250} INFO - Starting attempt 1 of 2
[2022-04-11 13:47:25,275] {taskinstance.py:1251} INFO - 
--------------------------------------------------------------------------------
[2022-04-11 13:47:25,290] {taskinstance.py:1270} INFO - Executing <Task(SimpleHttpOperator): send_slack_notification> on 2022-04-10 00:10:00+00:00
[2022-04-11 13:47:25,297] {standard_task_runner.py:52} INFO - Started process 1043 to run task
[2022-04-11 13:47:25,301] {standard_task_runner.py:79} INFO - Running: ['***', 'tasks', 'run', 'check_stock_price_dag', 'send_slack_notification', 'scheduled__2022-04-10T00:10:00+00:00', '--job-id', '38', '--raw', '--subdir', 'DAGS_FOLDER/check_stock_price.py', '--cfg-path', '/tmp/tmpt3uo0wxj', '--error-file', '/tmp/tmpm6n20yy3']
[2022-04-11 13:47:25,302] {standard_task_runner.py:80} INFO - Job 38: Subtask send_slack_notification
[2022-04-11 13:47:25,370] {logging_mixin.py:109} INFO - Running <TaskInstance: check_stock_price_dag.send_slack_notification scheduled__2022-04-10T00:10:00+00:00 [running]> on host c35c8d0e031d
[2022-04-11 13:47:25,424] {taskinstance.py:1448} INFO - Exporting the following env vars:
AIRFLOW_CTX_DAG_OWNER=***
AIRFLOW_CTX_DAG_ID=check_stock_price_dag
AIRFLOW_CTX_TASK_ID=send_slack_notification
AIRFLOW_CTX_EXECUTION_DATE=2022-04-10T00:10:00+00:00
AIRFLOW_CTX_DAG_RUN_ID=scheduled__2022-04-10T00:10:00+00:00
[2022-04-11 13:47:25,426] {http.py:102} INFO - Calling HTTP method
[2022-04-11 13:47:25,437] {base.py:79} INFO - Using connection to: id: http_default. Host: https://hooks.slack.com, Port: None, Schema: /services/T06GG7QA3/B03B3PJ2LRX/og1b671vsgFZhmIIK5Lohts4, Login: , Password: None, extra: {}
[2022-04-11 13:47:25,439] {http.py:129} INFO - Sending 'POST' to url: https://hooks.slack.com/services/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
[2022-04-11 13:47:25,805] {taskinstance.py:1288} INFO - Marking task as SUCCESS. dag_id=check_stock_price_dag, task_id=send_slack_notification, execution_date=20220410T001000, start_date=20220411T134725, end_date=20220411T134725
[2022-04-11 13:47:25,836] {local_task_job.py:154} INFO - Task exited with return code 0
[2022-04-11 13:47:25,872] {local_task_job.py:264} INFO - 0 downstream tasks scheduled from follow-on schedule check
