[2022-04-11 13:47:57,855] {taskinstance.py:1043} INFO - Dependencies all met for <TaskInstance: check_stock_price_dag.check_stock_price scheduled__2022-04-10T00:16:00+00:00 [queued]>
[2022-04-11 13:47:57,866] {taskinstance.py:1043} INFO - Dependencies all met for <TaskInstance: check_stock_price_dag.check_stock_price scheduled__2022-04-10T00:16:00+00:00 [queued]>
[2022-04-11 13:47:57,867] {taskinstance.py:1249} INFO - 
--------------------------------------------------------------------------------
[2022-04-11 13:47:57,867] {taskinstance.py:1250} INFO - Starting attempt 1 of 2
[2022-04-11 13:47:57,868] {taskinstance.py:1251} INFO - 
--------------------------------------------------------------------------------
[2022-04-11 13:47:57,881] {taskinstance.py:1270} INFO - Executing <Task(BranchPythonOperator): check_stock_price> on 2022-04-10 00:16:00+00:00
[2022-04-11 13:47:57,886] {standard_task_runner.py:52} INFO - Started process 1095 to run task
[2022-04-11 13:47:57,891] {standard_task_runner.py:79} INFO - Running: ['***', 'tasks', 'run', 'check_stock_price_dag', 'check_stock_price', 'scheduled__2022-04-10T00:16:00+00:00', '--job-id', '55', '--raw', '--subdir', 'DAGS_FOLDER/check_stock_price.py', '--cfg-path', '/tmp/tmp4pk_ww02', '--error-file', '/tmp/tmpz48h9v3b']
[2022-04-11 13:47:57,892] {standard_task_runner.py:80} INFO - Job 55: Subtask check_stock_price
[2022-04-11 13:47:57,961] {logging_mixin.py:109} INFO - Running <TaskInstance: check_stock_price_dag.check_stock_price scheduled__2022-04-10T00:16:00+00:00 [running]> on host c35c8d0e031d
[2022-04-11 13:47:58,021] {taskinstance.py:1448} INFO - Exporting the following env vars:
AIRFLOW_CTX_DAG_OWNER=***
AIRFLOW_CTX_DAG_ID=check_stock_price_dag
AIRFLOW_CTX_TASK_ID=check_stock_price
AIRFLOW_CTX_EXECUTION_DATE=2022-04-10T00:16:00+00:00
AIRFLOW_CTX_DAG_RUN_ID=scheduled__2022-04-10T00:16:00+00:00
[2022-04-11 13:47:58,041] {python.py:175} INFO - Done. Returned value was: send_slack_notification
[2022-04-11 13:47:58,042] {skipmixin.py:140} INFO - Following branch send_slack_notification
[2022-04-11 13:47:58,043] {skipmixin.py:171} INFO - Skipping tasks ['no_op']
[2022-04-11 13:47:58,082] {taskinstance.py:1288} INFO - Marking task as SUCCESS. dag_id=check_stock_price_dag, task_id=check_stock_price, execution_date=20220410T001600, start_date=20220411T134757, end_date=20220411T134758
[2022-04-11 13:47:58,104] {local_task_job.py:154} INFO - Task exited with return code 0
[2022-04-11 13:47:58,154] {local_task_job.py:264} INFO - 0 downstream tasks scheduled from follow-on schedule check
