[2022-04-11 13:48:55,615] {taskinstance.py:1043} INFO - Dependencies all met for <TaskInstance: check_stock_price_dag.get_stock_price scheduled__2022-04-10T00:27:00+00:00 [queued]>
[2022-04-11 13:48:55,625] {taskinstance.py:1043} INFO - Dependencies all met for <TaskInstance: check_stock_price_dag.get_stock_price scheduled__2022-04-10T00:27:00+00:00 [queued]>
[2022-04-11 13:48:55,626] {taskinstance.py:1249} INFO - 
--------------------------------------------------------------------------------
[2022-04-11 13:48:55,626] {taskinstance.py:1250} INFO - Starting attempt 1 of 2
[2022-04-11 13:48:55,627] {taskinstance.py:1251} INFO - 
--------------------------------------------------------------------------------
[2022-04-11 13:48:55,638] {taskinstance.py:1270} INFO - Executing <Task(PythonOperator): get_stock_price> on 2022-04-10 00:27:00+00:00
[2022-04-11 13:48:55,643] {standard_task_runner.py:52} INFO - Started process 1207 to run task
[2022-04-11 13:48:55,647] {standard_task_runner.py:79} INFO - Running: ['***', 'tasks', 'run', 'check_stock_price_dag', 'get_stock_price', 'scheduled__2022-04-10T00:27:00+00:00', '--job-id', '87', '--raw', '--subdir', 'DAGS_FOLDER/check_stock_price.py', '--cfg-path', '/tmp/tmpeb3cb3g8', '--error-file', '/tmp/tmpq4li4451']
[2022-04-11 13:48:55,649] {standard_task_runner.py:80} INFO - Job 87: Subtask get_stock_price
[2022-04-11 13:48:55,726] {logging_mixin.py:109} INFO - Running <TaskInstance: check_stock_price_dag.get_stock_price scheduled__2022-04-10T00:27:00+00:00 [running]> on host c35c8d0e031d
[2022-04-11 13:48:55,787] {taskinstance.py:1448} INFO - Exporting the following env vars:
AIRFLOW_CTX_DAG_OWNER=***
AIRFLOW_CTX_DAG_ID=check_stock_price_dag
AIRFLOW_CTX_TASK_ID=get_stock_price
AIRFLOW_CTX_EXECUTION_DATE=2022-04-10T00:27:00+00:00
AIRFLOW_CTX_DAG_RUN_ID=scheduled__2022-04-10T00:27:00+00:00
[2022-04-11 13:48:55,797] {logging_mixin.py:109} INFO - api_key =  c982tdiad3ibrc51tnug
[2022-04-11 13:48:56,154] {python.py:175} INFO - Done. Returned value was: 131.495
[2022-04-11 13:48:56,179] {taskinstance.py:1288} INFO - Marking task as SUCCESS. dag_id=check_stock_price_dag, task_id=get_stock_price, execution_date=20220410T002700, start_date=20220411T134855, end_date=20220411T134856
[2022-04-11 13:48:56,223] {local_task_job.py:154} INFO - Task exited with return code 0
[2022-04-11 13:48:56,270] {local_task_job.py:264} INFO - 1 downstream tasks scheduled from follow-on schedule check
