[2022-04-11 13:27:00,979] {processor.py:163} INFO - Started process (PID=133) to work on /home/airflow/.local/lib/python3.7/site-packages/airflow/example_dags/example_xcom.py
[2022-04-11 13:27:00,982] {processor.py:642} INFO - Processing file /home/airflow/.local/lib/python3.7/site-packages/airflow/example_dags/example_xcom.py for tasks to queue
[2022-04-11 13:27:00,983] {logging_mixin.py:109} INFO - [2022-04-11 13:27:00,983] {dagbag.py:500} INFO - Filling up the DagBag from /home/airflow/.local/lib/python3.7/site-packages/airflow/example_dags/example_xcom.py
[2022-04-11 13:27:01,013] {processor.py:652} INFO - DAG(s) dict_keys(['example_xcom']) retrieved from /home/airflow/.local/lib/python3.7/site-packages/airflow/example_dags/example_xcom.py
[2022-04-11 13:27:02,755] {logging_mixin.py:109} INFO - [2022-04-11 13:27:02,755] {manager.py:496} INFO - Created Permission View: can read on DAG:example_xcom
[2022-04-11 13:27:02,763] {logging_mixin.py:109} INFO - [2022-04-11 13:27:02,763] {manager.py:496} INFO - Created Permission View: can edit on DAG:example_xcom
[2022-04-11 13:27:02,764] {logging_mixin.py:109} INFO - [2022-04-11 13:27:02,764] {dag.py:2398} INFO - Sync 1 DAGs
[2022-04-11 13:27:02,773] {logging_mixin.py:109} INFO - [2022-04-11 13:27:02,773] {dag.py:2417} INFO - Creating ORM DAG for example_xcom
[2022-04-11 13:27:02,782] {logging_mixin.py:109} INFO - [2022-04-11 13:27:02,782] {dag.py:2937} INFO - Setting next_dagrun for example_xcom to 2021-01-01T00:00:00+00:00
[2022-04-11 13:27:02,794] {processor.py:171} INFO - Processing /home/airflow/.local/lib/python3.7/site-packages/airflow/example_dags/example_xcom.py took 1.819 seconds
[2022-04-11 13:27:32,958] {processor.py:163} INFO - Started process (PID=304) to work on /home/airflow/.local/lib/python3.7/site-packages/airflow/example_dags/example_xcom.py
[2022-04-11 13:27:32,960] {processor.py:642} INFO - Processing file /home/airflow/.local/lib/python3.7/site-packages/airflow/example_dags/example_xcom.py for tasks to queue
[2022-04-11 13:27:32,961] {logging_mixin.py:109} INFO - [2022-04-11 13:27:32,961] {dagbag.py:500} INFO - Filling up the DagBag from /home/airflow/.local/lib/python3.7/site-packages/airflow/example_dags/example_xcom.py
[2022-04-11 13:27:32,996] {processor.py:652} INFO - DAG(s) dict_keys(['example_xcom']) retrieved from /home/airflow/.local/lib/python3.7/site-packages/airflow/example_dags/example_xcom.py
[2022-04-11 13:27:33,315] {logging_mixin.py:109} INFO - [2022-04-11 13:27:33,314] {dag.py:2398} INFO - Sync 1 DAGs
[2022-04-11 13:27:33,331] {logging_mixin.py:109} INFO - [2022-04-11 13:27:33,331] {dag.py:2937} INFO - Setting next_dagrun for example_xcom to 2021-01-01T00:00:00+00:00
[2022-04-11 13:27:33,346] {processor.py:171} INFO - Processing /home/airflow/.local/lib/python3.7/site-packages/airflow/example_dags/example_xcom.py took 0.393 seconds
[2022-04-11 13:28:04,109] {processor.py:163} INFO - Started process (PID=355) to work on /home/airflow/.local/lib/python3.7/site-packages/airflow/example_dags/example_xcom.py
[2022-04-11 13:28:04,112] {processor.py:642} INFO - Processing file /home/airflow/.local/lib/python3.7/site-packages/airflow/example_dags/example_xcom.py for tasks to queue
[2022-04-11 13:28:04,113] {logging_mixin.py:109} INFO - [2022-04-11 13:28:04,113] {dagbag.py:500} INFO - Filling up the DagBag from /home/airflow/.local/lib/python3.7/site-packages/airflow/example_dags/example_xcom.py
[2022-04-11 13:28:04,146] {processor.py:652} INFO - DAG(s) dict_keys(['example_xcom']) retrieved from /home/airflow/.local/lib/python3.7/site-packages/airflow/example_dags/example_xcom.py
[2022-04-11 13:28:04,526] {logging_mixin.py:109} INFO - [2022-04-11 13:28:04,525] {dag.py:2398} INFO - Sync 1 DAGs
[2022-04-11 13:28:04,554] {logging_mixin.py:109} INFO - [2022-04-11 13:28:04,554] {dag.py:2937} INFO - Setting next_dagrun for example_xcom to 2021-01-01T00:00:00+00:00
[2022-04-11 13:28:04,571] {processor.py:171} INFO - Processing /home/airflow/.local/lib/python3.7/site-packages/airflow/example_dags/example_xcom.py took 0.466 seconds
[2022-04-11 13:28:35,096] {processor.py:163} INFO - Started process (PID=416) to work on /home/airflow/.local/lib/python3.7/site-packages/airflow/example_dags/example_xcom.py
[2022-04-11 13:28:35,099] {processor.py:642} INFO - Processing file /home/airflow/.local/lib/python3.7/site-packages/airflow/example_dags/example_xcom.py for tasks to queue
[2022-04-11 13:28:35,100] {logging_mixin.py:109} INFO - [2022-04-11 13:28:35,100] {dagbag.py:500} INFO - Filling up the DagBag from /home/airflow/.local/lib/python3.7/site-packages/airflow/example_dags/example_xcom.py
[2022-04-11 13:28:35,125] {processor.py:652} INFO - DAG(s) dict_keys(['example_xcom']) retrieved from /home/airflow/.local/lib/python3.7/site-packages/airflow/example_dags/example_xcom.py
[2022-04-11 13:28:35,458] {logging_mixin.py:109} INFO - [2022-04-11 13:28:35,457] {dag.py:2398} INFO - Sync 1 DAGs
[2022-04-11 13:28:35,474] {logging_mixin.py:109} INFO - [2022-04-11 13:28:35,473] {dag.py:2937} INFO - Setting next_dagrun for example_xcom to 2021-01-01T00:00:00+00:00
[2022-04-11 13:28:35,485] {processor.py:171} INFO - Processing /home/airflow/.local/lib/python3.7/site-packages/airflow/example_dags/example_xcom.py took 0.393 seconds
[2022-04-11 13:29:05,567] {processor.py:163} INFO - Started process (PID=468) to work on /home/airflow/.local/lib/python3.7/site-packages/airflow/example_dags/example_xcom.py
[2022-04-11 13:29:05,569] {processor.py:642} INFO - Processing file /home/airflow/.local/lib/python3.7/site-packages/airflow/example_dags/example_xcom.py for tasks to queue
[2022-04-11 13:29:05,571] {logging_mixin.py:109} INFO - [2022-04-11 13:29:05,570] {dagbag.py:500} INFO - Filling up the DagBag from /home/airflow/.local/lib/python3.7/site-packages/airflow/example_dags/example_xcom.py
[2022-04-11 13:29:05,596] {processor.py:652} INFO - DAG(s) dict_keys(['example_xcom']) retrieved from /home/airflow/.local/lib/python3.7/site-packages/airflow/example_dags/example_xcom.py
[2022-04-11 13:29:05,915] {logging_mixin.py:109} INFO - [2022-04-11 13:29:05,915] {dag.py:2398} INFO - Sync 1 DAGs
[2022-04-11 13:29:05,929] {logging_mixin.py:109} INFO - [2022-04-11 13:29:05,929] {dag.py:2937} INFO - Setting next_dagrun for example_xcom to 2021-01-01T00:00:00+00:00
[2022-04-11 13:29:05,941] {processor.py:171} INFO - Processing /home/airflow/.local/lib/python3.7/site-packages/airflow/example_dags/example_xcom.py took 0.378 seconds
[2022-04-11 13:29:36,187] {processor.py:163} INFO - Started process (PID=530) to work on /home/airflow/.local/lib/python3.7/site-packages/airflow/example_dags/example_xcom.py
[2022-04-11 13:29:36,190] {processor.py:642} INFO - Processing file /home/airflow/.local/lib/python3.7/site-packages/airflow/example_dags/example_xcom.py for tasks to queue
[2022-04-11 13:29:36,191] {logging_mixin.py:109} INFO - [2022-04-11 13:29:36,191] {dagbag.py:500} INFO - Filling up the DagBag from /home/airflow/.local/lib/python3.7/site-packages/airflow/example_dags/example_xcom.py
[2022-04-11 13:29:36,215] {processor.py:652} INFO - DAG(s) dict_keys(['example_xcom']) retrieved from /home/airflow/.local/lib/python3.7/site-packages/airflow/example_dags/example_xcom.py
[2022-04-11 13:29:36,537] {logging_mixin.py:109} INFO - [2022-04-11 13:29:36,537] {dag.py:2398} INFO - Sync 1 DAGs
[2022-04-11 13:29:36,550] {logging_mixin.py:109} INFO - [2022-04-11 13:29:36,550] {dag.py:2937} INFO - Setting next_dagrun for example_xcom to 2021-01-01T00:00:00+00:00
[2022-04-11 13:29:36,560] {processor.py:171} INFO - Processing /home/airflow/.local/lib/python3.7/site-packages/airflow/example_dags/example_xcom.py took 0.377 seconds
[2022-04-11 13:30:06,662] {processor.py:163} INFO - Started process (PID=581) to work on /home/airflow/.local/lib/python3.7/site-packages/airflow/example_dags/example_xcom.py
[2022-04-11 13:30:06,664] {processor.py:642} INFO - Processing file /home/airflow/.local/lib/python3.7/site-packages/airflow/example_dags/example_xcom.py for tasks to queue
[2022-04-11 13:30:06,665] {logging_mixin.py:109} INFO - [2022-04-11 13:30:06,665] {dagbag.py:500} INFO - Filling up the DagBag from /home/airflow/.local/lib/python3.7/site-packages/airflow/example_dags/example_xcom.py
[2022-04-11 13:30:06,697] {processor.py:652} INFO - DAG(s) dict_keys(['example_xcom']) retrieved from /home/airflow/.local/lib/python3.7/site-packages/airflow/example_dags/example_xcom.py
[2022-04-11 13:30:07,059] {logging_mixin.py:109} INFO - [2022-04-11 13:30:07,059] {dag.py:2398} INFO - Sync 1 DAGs
[2022-04-11 13:30:07,073] {logging_mixin.py:109} INFO - [2022-04-11 13:30:07,073] {dag.py:2937} INFO - Setting next_dagrun for example_xcom to 2021-01-01T00:00:00+00:00
[2022-04-11 13:30:07,084] {processor.py:171} INFO - Processing /home/airflow/.local/lib/python3.7/site-packages/airflow/example_dags/example_xcom.py took 0.428 seconds
[2022-04-11 13:30:37,269] {processor.py:163} INFO - Started process (PID=641) to work on /home/airflow/.local/lib/python3.7/site-packages/airflow/example_dags/example_xcom.py
[2022-04-11 13:30:37,272] {processor.py:642} INFO - Processing file /home/airflow/.local/lib/python3.7/site-packages/airflow/example_dags/example_xcom.py for tasks to queue
[2022-04-11 13:30:37,274] {logging_mixin.py:109} INFO - [2022-04-11 13:30:37,273] {dagbag.py:500} INFO - Filling up the DagBag from /home/airflow/.local/lib/python3.7/site-packages/airflow/example_dags/example_xcom.py
[2022-04-11 13:30:37,302] {processor.py:652} INFO - DAG(s) dict_keys(['example_xcom']) retrieved from /home/airflow/.local/lib/python3.7/site-packages/airflow/example_dags/example_xcom.py
[2022-04-11 13:30:37,687] {logging_mixin.py:109} INFO - [2022-04-11 13:30:37,687] {dag.py:2398} INFO - Sync 1 DAGs
[2022-04-11 13:30:37,705] {logging_mixin.py:109} INFO - [2022-04-11 13:30:37,705] {dag.py:2937} INFO - Setting next_dagrun for example_xcom to 2021-01-01T00:00:00+00:00
[2022-04-11 13:30:37,717] {processor.py:171} INFO - Processing /home/airflow/.local/lib/python3.7/site-packages/airflow/example_dags/example_xcom.py took 0.452 seconds
[2022-04-11 13:31:07,925] {processor.py:163} INFO - Started process (PID=695) to work on /home/airflow/.local/lib/python3.7/site-packages/airflow/example_dags/example_xcom.py
[2022-04-11 13:31:07,929] {processor.py:642} INFO - Processing file /home/airflow/.local/lib/python3.7/site-packages/airflow/example_dags/example_xcom.py for tasks to queue
[2022-04-11 13:31:07,932] {logging_mixin.py:109} INFO - [2022-04-11 13:31:07,932] {dagbag.py:500} INFO - Filling up the DagBag from /home/airflow/.local/lib/python3.7/site-packages/airflow/example_dags/example_xcom.py
[2022-04-11 13:31:07,980] {processor.py:652} INFO - DAG(s) dict_keys(['example_xcom']) retrieved from /home/airflow/.local/lib/python3.7/site-packages/airflow/example_dags/example_xcom.py
[2022-04-11 13:31:08,363] {logging_mixin.py:109} INFO - [2022-04-11 13:31:08,363] {dag.py:2398} INFO - Sync 1 DAGs
[2022-04-11 13:31:08,381] {logging_mixin.py:109} INFO - [2022-04-11 13:31:08,381] {dag.py:2937} INFO - Setting next_dagrun for example_xcom to 2021-01-01T00:00:00+00:00
[2022-04-11 13:31:08,393] {processor.py:171} INFO - Processing /home/airflow/.local/lib/python3.7/site-packages/airflow/example_dags/example_xcom.py took 0.476 seconds
[2022-04-11 13:31:38,658] {processor.py:163} INFO - Started process (PID=765) to work on /home/airflow/.local/lib/python3.7/site-packages/airflow/example_dags/example_xcom.py
[2022-04-11 13:31:38,661] {processor.py:642} INFO - Processing file /home/airflow/.local/lib/python3.7/site-packages/airflow/example_dags/example_xcom.py for tasks to queue
[2022-04-11 13:31:38,662] {logging_mixin.py:109} INFO - [2022-04-11 13:31:38,662] {dagbag.py:500} INFO - Filling up the DagBag from /home/airflow/.local/lib/python3.7/site-packages/airflow/example_dags/example_xcom.py
[2022-04-11 13:31:38,687] {processor.py:652} INFO - DAG(s) dict_keys(['example_xcom']) retrieved from /home/airflow/.local/lib/python3.7/site-packages/airflow/example_dags/example_xcom.py
[2022-04-11 13:31:39,002] {logging_mixin.py:109} INFO - [2022-04-11 13:31:39,002] {dag.py:2398} INFO - Sync 1 DAGs
[2022-04-11 13:31:39,025] {logging_mixin.py:109} INFO - [2022-04-11 13:31:39,025] {dag.py:2937} INFO - Setting next_dagrun for example_xcom to 2021-01-01T00:00:00+00:00
[2022-04-11 13:31:39,043] {processor.py:171} INFO - Processing /home/airflow/.local/lib/python3.7/site-packages/airflow/example_dags/example_xcom.py took 0.389 seconds
[2022-04-11 13:32:09,363] {processor.py:163} INFO - Started process (PID=819) to work on /home/airflow/.local/lib/python3.7/site-packages/airflow/example_dags/example_xcom.py
[2022-04-11 13:32:09,364] {processor.py:642} INFO - Processing file /home/airflow/.local/lib/python3.7/site-packages/airflow/example_dags/example_xcom.py for tasks to queue
[2022-04-11 13:32:09,365] {logging_mixin.py:109} INFO - [2022-04-11 13:32:09,365] {dagbag.py:500} INFO - Filling up the DagBag from /home/airflow/.local/lib/python3.7/site-packages/airflow/example_dags/example_xcom.py
[2022-04-11 13:32:09,389] {processor.py:652} INFO - DAG(s) dict_keys(['example_xcom']) retrieved from /home/airflow/.local/lib/python3.7/site-packages/airflow/example_dags/example_xcom.py
[2022-04-11 13:32:09,707] {logging_mixin.py:109} INFO - [2022-04-11 13:32:09,707] {dag.py:2398} INFO - Sync 1 DAGs
[2022-04-11 13:32:09,720] {logging_mixin.py:109} INFO - [2022-04-11 13:32:09,720] {dag.py:2937} INFO - Setting next_dagrun for example_xcom to 2021-01-01T00:00:00+00:00
[2022-04-11 13:32:09,728] {processor.py:171} INFO - Processing /home/airflow/.local/lib/python3.7/site-packages/airflow/example_dags/example_xcom.py took 0.369 seconds
[2022-04-11 13:32:40,074] {processor.py:163} INFO - Started process (PID=870) to work on /home/airflow/.local/lib/python3.7/site-packages/airflow/example_dags/example_xcom.py
[2022-04-11 13:32:40,076] {processor.py:642} INFO - Processing file /home/airflow/.local/lib/python3.7/site-packages/airflow/example_dags/example_xcom.py for tasks to queue
[2022-04-11 13:32:40,078] {logging_mixin.py:109} INFO - [2022-04-11 13:32:40,078] {dagbag.py:500} INFO - Filling up the DagBag from /home/airflow/.local/lib/python3.7/site-packages/airflow/example_dags/example_xcom.py
[2022-04-11 13:32:40,104] {processor.py:652} INFO - DAG(s) dict_keys(['example_xcom']) retrieved from /home/airflow/.local/lib/python3.7/site-packages/airflow/example_dags/example_xcom.py
[2022-04-11 13:32:40,439] {logging_mixin.py:109} INFO - [2022-04-11 13:32:40,438] {dag.py:2398} INFO - Sync 1 DAGs
[2022-04-11 13:32:40,455] {logging_mixin.py:109} INFO - [2022-04-11 13:32:40,455] {dag.py:2937} INFO - Setting next_dagrun for example_xcom to 2021-01-01T00:00:00+00:00
[2022-04-11 13:32:40,469] {processor.py:171} INFO - Processing /home/airflow/.local/lib/python3.7/site-packages/airflow/example_dags/example_xcom.py took 0.398 seconds
[2022-04-11 13:33:10,672] {processor.py:163} INFO - Started process (PID=933) to work on /home/airflow/.local/lib/python3.7/site-packages/airflow/example_dags/example_xcom.py
[2022-04-11 13:33:10,674] {processor.py:642} INFO - Processing file /home/airflow/.local/lib/python3.7/site-packages/airflow/example_dags/example_xcom.py for tasks to queue
[2022-04-11 13:33:10,675] {logging_mixin.py:109} INFO - [2022-04-11 13:33:10,675] {dagbag.py:500} INFO - Filling up the DagBag from /home/airflow/.local/lib/python3.7/site-packages/airflow/example_dags/example_xcom.py
[2022-04-11 13:33:10,700] {processor.py:652} INFO - DAG(s) dict_keys(['example_xcom']) retrieved from /home/airflow/.local/lib/python3.7/site-packages/airflow/example_dags/example_xcom.py
[2022-04-11 13:33:11,018] {logging_mixin.py:109} INFO - [2022-04-11 13:33:11,018] {dag.py:2398} INFO - Sync 1 DAGs
[2022-04-11 13:33:11,030] {logging_mixin.py:109} INFO - [2022-04-11 13:33:11,029] {dag.py:2937} INFO - Setting next_dagrun for example_xcom to 2021-01-01T00:00:00+00:00
[2022-04-11 13:33:11,038] {processor.py:171} INFO - Processing /home/airflow/.local/lib/python3.7/site-packages/airflow/example_dags/example_xcom.py took 0.370 seconds
[2022-04-11 13:33:41,487] {processor.py:163} INFO - Started process (PID=983) to work on /home/airflow/.local/lib/python3.7/site-packages/airflow/example_dags/example_xcom.py
[2022-04-11 13:33:41,490] {processor.py:642} INFO - Processing file /home/airflow/.local/lib/python3.7/site-packages/airflow/example_dags/example_xcom.py for tasks to queue
[2022-04-11 13:33:41,494] {logging_mixin.py:109} INFO - [2022-04-11 13:33:41,494] {dagbag.py:500} INFO - Filling up the DagBag from /home/airflow/.local/lib/python3.7/site-packages/airflow/example_dags/example_xcom.py
[2022-04-11 13:33:41,529] {processor.py:652} INFO - DAG(s) dict_keys(['example_xcom']) retrieved from /home/airflow/.local/lib/python3.7/site-packages/airflow/example_dags/example_xcom.py
[2022-04-11 13:33:41,964] {logging_mixin.py:109} INFO - [2022-04-11 13:33:41,964] {dag.py:2398} INFO - Sync 1 DAGs
[2022-04-11 13:33:41,997] {logging_mixin.py:109} INFO - [2022-04-11 13:33:41,997] {dag.py:2937} INFO - Setting next_dagrun for example_xcom to 2021-01-01T00:00:00+00:00
[2022-04-11 13:33:42,015] {processor.py:171} INFO - Processing /home/airflow/.local/lib/python3.7/site-packages/airflow/example_dags/example_xcom.py took 0.534 seconds
[2022-04-11 13:34:12,380] {processor.py:163} INFO - Started process (PID=1045) to work on /home/airflow/.local/lib/python3.7/site-packages/airflow/example_dags/example_xcom.py
[2022-04-11 13:34:12,383] {processor.py:642} INFO - Processing file /home/airflow/.local/lib/python3.7/site-packages/airflow/example_dags/example_xcom.py for tasks to queue
[2022-04-11 13:34:12,385] {logging_mixin.py:109} INFO - [2022-04-11 13:34:12,385] {dagbag.py:500} INFO - Filling up the DagBag from /home/airflow/.local/lib/python3.7/site-packages/airflow/example_dags/example_xcom.py
[2022-04-11 13:34:12,442] {processor.py:652} INFO - DAG(s) dict_keys(['example_xcom']) retrieved from /home/airflow/.local/lib/python3.7/site-packages/airflow/example_dags/example_xcom.py
[2022-04-11 13:34:12,826] {logging_mixin.py:109} INFO - [2022-04-11 13:34:12,826] {dag.py:2398} INFO - Sync 1 DAGs
[2022-04-11 13:34:12,843] {logging_mixin.py:109} INFO - [2022-04-11 13:34:12,842] {dag.py:2937} INFO - Setting next_dagrun for example_xcom to 2021-01-01T00:00:00+00:00
[2022-04-11 13:34:12,854] {processor.py:171} INFO - Processing /home/airflow/.local/lib/python3.7/site-packages/airflow/example_dags/example_xcom.py took 0.483 seconds
[2022-04-11 13:34:42,958] {processor.py:163} INFO - Started process (PID=1098) to work on /home/airflow/.local/lib/python3.7/site-packages/airflow/example_dags/example_xcom.py
[2022-04-11 13:34:42,961] {processor.py:642} INFO - Processing file /home/airflow/.local/lib/python3.7/site-packages/airflow/example_dags/example_xcom.py for tasks to queue
[2022-04-11 13:34:42,962] {logging_mixin.py:109} INFO - [2022-04-11 13:34:42,962] {dagbag.py:500} INFO - Filling up the DagBag from /home/airflow/.local/lib/python3.7/site-packages/airflow/example_dags/example_xcom.py
[2022-04-11 13:34:42,996] {processor.py:652} INFO - DAG(s) dict_keys(['example_xcom']) retrieved from /home/airflow/.local/lib/python3.7/site-packages/airflow/example_dags/example_xcom.py
[2022-04-11 13:34:43,371] {logging_mixin.py:109} INFO - [2022-04-11 13:34:43,371] {dag.py:2398} INFO - Sync 1 DAGs
[2022-04-11 13:34:43,397] {logging_mixin.py:109} INFO - [2022-04-11 13:34:43,396] {dag.py:2937} INFO - Setting next_dagrun for example_xcom to 2021-01-01T00:00:00+00:00
[2022-04-11 13:34:43,416] {processor.py:171} INFO - Processing /home/airflow/.local/lib/python3.7/site-packages/airflow/example_dags/example_xcom.py took 0.464 seconds
[2022-04-11 13:35:14,212] {processor.py:163} INFO - Started process (PID=1159) to work on /home/airflow/.local/lib/python3.7/site-packages/airflow/example_dags/example_xcom.py
[2022-04-11 13:35:14,214] {processor.py:642} INFO - Processing file /home/airflow/.local/lib/python3.7/site-packages/airflow/example_dags/example_xcom.py for tasks to queue
[2022-04-11 13:35:14,215] {logging_mixin.py:109} INFO - [2022-04-11 13:35:14,215] {dagbag.py:500} INFO - Filling up the DagBag from /home/airflow/.local/lib/python3.7/site-packages/airflow/example_dags/example_xcom.py
[2022-04-11 13:35:14,241] {processor.py:652} INFO - DAG(s) dict_keys(['example_xcom']) retrieved from /home/airflow/.local/lib/python3.7/site-packages/airflow/example_dags/example_xcom.py
[2022-04-11 13:35:14,561] {logging_mixin.py:109} INFO - [2022-04-11 13:35:14,561] {dag.py:2398} INFO - Sync 1 DAGs
[2022-04-11 13:35:14,575] {logging_mixin.py:109} INFO - [2022-04-11 13:35:14,575] {dag.py:2937} INFO - Setting next_dagrun for example_xcom to 2021-01-01T00:00:00+00:00
[2022-04-11 13:35:14,586] {processor.py:171} INFO - Processing /home/airflow/.local/lib/python3.7/site-packages/airflow/example_dags/example_xcom.py took 0.379 seconds
[2022-04-11 13:35:45,483] {processor.py:163} INFO - Started process (PID=1211) to work on /home/airflow/.local/lib/python3.7/site-packages/airflow/example_dags/example_xcom.py
[2022-04-11 13:35:45,486] {processor.py:642} INFO - Processing file /home/airflow/.local/lib/python3.7/site-packages/airflow/example_dags/example_xcom.py for tasks to queue
[2022-04-11 13:35:45,488] {logging_mixin.py:109} INFO - [2022-04-11 13:35:45,488] {dagbag.py:500} INFO - Filling up the DagBag from /home/airflow/.local/lib/python3.7/site-packages/airflow/example_dags/example_xcom.py
[2022-04-11 13:35:45,524] {processor.py:652} INFO - DAG(s) dict_keys(['example_xcom']) retrieved from /home/airflow/.local/lib/python3.7/site-packages/airflow/example_dags/example_xcom.py
[2022-04-11 13:35:45,950] {logging_mixin.py:109} INFO - [2022-04-11 13:35:45,950] {dag.py:2398} INFO - Sync 1 DAGs
[2022-04-11 13:35:45,990] {logging_mixin.py:109} INFO - [2022-04-11 13:35:45,990] {dag.py:2937} INFO - Setting next_dagrun for example_xcom to 2021-01-01T00:00:00+00:00
[2022-04-11 13:35:46,021] {processor.py:171} INFO - Processing /home/airflow/.local/lib/python3.7/site-packages/airflow/example_dags/example_xcom.py took 0.543 seconds
[2022-04-11 13:36:16,966] {processor.py:163} INFO - Started process (PID=1273) to work on /home/airflow/.local/lib/python3.7/site-packages/airflow/example_dags/example_xcom.py
[2022-04-11 13:36:16,968] {processor.py:642} INFO - Processing file /home/airflow/.local/lib/python3.7/site-packages/airflow/example_dags/example_xcom.py for tasks to queue
[2022-04-11 13:36:16,970] {logging_mixin.py:109} INFO - [2022-04-11 13:36:16,969] {dagbag.py:500} INFO - Filling up the DagBag from /home/airflow/.local/lib/python3.7/site-packages/airflow/example_dags/example_xcom.py
[2022-04-11 13:36:16,995] {processor.py:652} INFO - DAG(s) dict_keys(['example_xcom']) retrieved from /home/airflow/.local/lib/python3.7/site-packages/airflow/example_dags/example_xcom.py
[2022-04-11 13:36:17,378] {logging_mixin.py:109} INFO - [2022-04-11 13:36:17,378] {dag.py:2398} INFO - Sync 1 DAGs
[2022-04-11 13:36:17,399] {logging_mixin.py:109} INFO - [2022-04-11 13:36:17,399] {dag.py:2937} INFO - Setting next_dagrun for example_xcom to 2021-01-01T00:00:00+00:00
[2022-04-11 13:36:17,418] {processor.py:171} INFO - Processing /home/airflow/.local/lib/python3.7/site-packages/airflow/example_dags/example_xcom.py took 0.455 seconds
[2022-04-11 13:36:47,485] {processor.py:163} INFO - Started process (PID=1330) to work on /home/airflow/.local/lib/python3.7/site-packages/airflow/example_dags/example_xcom.py
[2022-04-11 13:36:47,487] {processor.py:642} INFO - Processing file /home/airflow/.local/lib/python3.7/site-packages/airflow/example_dags/example_xcom.py for tasks to queue
[2022-04-11 13:36:47,489] {logging_mixin.py:109} INFO - [2022-04-11 13:36:47,488] {dagbag.py:500} INFO - Filling up the DagBag from /home/airflow/.local/lib/python3.7/site-packages/airflow/example_dags/example_xcom.py
[2022-04-11 13:36:47,515] {processor.py:652} INFO - DAG(s) dict_keys(['example_xcom']) retrieved from /home/airflow/.local/lib/python3.7/site-packages/airflow/example_dags/example_xcom.py
[2022-04-11 13:36:47,838] {logging_mixin.py:109} INFO - [2022-04-11 13:36:47,838] {dag.py:2398} INFO - Sync 1 DAGs
[2022-04-11 13:36:47,857] {logging_mixin.py:109} INFO - [2022-04-11 13:36:47,857] {dag.py:2937} INFO - Setting next_dagrun for example_xcom to 2021-01-01T00:00:00+00:00
[2022-04-11 13:36:47,870] {processor.py:171} INFO - Processing /home/airflow/.local/lib/python3.7/site-packages/airflow/example_dags/example_xcom.py took 0.389 seconds
[2022-04-11 13:37:18,113] {processor.py:163} INFO - Started process (PID=1391) to work on /home/airflow/.local/lib/python3.7/site-packages/airflow/example_dags/example_xcom.py
[2022-04-11 13:37:18,114] {processor.py:642} INFO - Processing file /home/airflow/.local/lib/python3.7/site-packages/airflow/example_dags/example_xcom.py for tasks to queue
[2022-04-11 13:37:18,116] {logging_mixin.py:109} INFO - [2022-04-11 13:37:18,115] {dagbag.py:500} INFO - Filling up the DagBag from /home/airflow/.local/lib/python3.7/site-packages/airflow/example_dags/example_xcom.py
[2022-04-11 13:37:18,140] {processor.py:652} INFO - DAG(s) dict_keys(['example_xcom']) retrieved from /home/airflow/.local/lib/python3.7/site-packages/airflow/example_dags/example_xcom.py
[2022-04-11 13:37:18,486] {logging_mixin.py:109} INFO - [2022-04-11 13:37:18,486] {dag.py:2398} INFO - Sync 1 DAGs
[2022-04-11 13:37:18,506] {logging_mixin.py:109} INFO - [2022-04-11 13:37:18,506] {dag.py:2937} INFO - Setting next_dagrun for example_xcom to 2021-01-01T00:00:00+00:00
[2022-04-11 13:37:18,526] {processor.py:171} INFO - Processing /home/airflow/.local/lib/python3.7/site-packages/airflow/example_dags/example_xcom.py took 0.419 seconds
[2022-04-11 13:37:49,006] {processor.py:163} INFO - Started process (PID=1444) to work on /home/airflow/.local/lib/python3.7/site-packages/airflow/example_dags/example_xcom.py
[2022-04-11 13:37:49,008] {processor.py:642} INFO - Processing file /home/airflow/.local/lib/python3.7/site-packages/airflow/example_dags/example_xcom.py for tasks to queue
[2022-04-11 13:37:49,009] {logging_mixin.py:109} INFO - [2022-04-11 13:37:49,009] {dagbag.py:500} INFO - Filling up the DagBag from /home/airflow/.local/lib/python3.7/site-packages/airflow/example_dags/example_xcom.py
[2022-04-11 13:37:49,036] {processor.py:652} INFO - DAG(s) dict_keys(['example_xcom']) retrieved from /home/airflow/.local/lib/python3.7/site-packages/airflow/example_dags/example_xcom.py
[2022-04-11 13:37:49,423] {logging_mixin.py:109} INFO - [2022-04-11 13:37:49,423] {dag.py:2398} INFO - Sync 1 DAGs
[2022-04-11 13:37:49,458] {logging_mixin.py:109} INFO - [2022-04-11 13:37:49,457] {dag.py:2937} INFO - Setting next_dagrun for example_xcom to 2021-01-01T00:00:00+00:00
[2022-04-11 13:37:49,472] {processor.py:171} INFO - Processing /home/airflow/.local/lib/python3.7/site-packages/airflow/example_dags/example_xcom.py took 0.471 seconds
[2022-04-11 13:38:19,692] {processor.py:163} INFO - Started process (PID=1506) to work on /home/airflow/.local/lib/python3.7/site-packages/airflow/example_dags/example_xcom.py
[2022-04-11 13:38:19,693] {processor.py:642} INFO - Processing file /home/airflow/.local/lib/python3.7/site-packages/airflow/example_dags/example_xcom.py for tasks to queue
[2022-04-11 13:38:19,695] {logging_mixin.py:109} INFO - [2022-04-11 13:38:19,695] {dagbag.py:500} INFO - Filling up the DagBag from /home/airflow/.local/lib/python3.7/site-packages/airflow/example_dags/example_xcom.py
[2022-04-11 13:38:19,721] {processor.py:652} INFO - DAG(s) dict_keys(['example_xcom']) retrieved from /home/airflow/.local/lib/python3.7/site-packages/airflow/example_dags/example_xcom.py
[2022-04-11 13:38:20,099] {logging_mixin.py:109} INFO - [2022-04-11 13:38:20,099] {dag.py:2398} INFO - Sync 1 DAGs
[2022-04-11 13:38:20,120] {logging_mixin.py:109} INFO - [2022-04-11 13:38:20,120] {dag.py:2937} INFO - Setting next_dagrun for example_xcom to 2021-01-01T00:00:00+00:00
[2022-04-11 13:38:20,133] {processor.py:171} INFO - Processing /home/airflow/.local/lib/python3.7/site-packages/airflow/example_dags/example_xcom.py took 0.446 seconds
[2022-04-11 13:38:50,187] {processor.py:163} INFO - Started process (PID=1558) to work on /home/airflow/.local/lib/python3.7/site-packages/airflow/example_dags/example_xcom.py
[2022-04-11 13:38:50,190] {processor.py:642} INFO - Processing file /home/airflow/.local/lib/python3.7/site-packages/airflow/example_dags/example_xcom.py for tasks to queue
[2022-04-11 13:38:50,191] {logging_mixin.py:109} INFO - [2022-04-11 13:38:50,191] {dagbag.py:500} INFO - Filling up the DagBag from /home/airflow/.local/lib/python3.7/site-packages/airflow/example_dags/example_xcom.py
[2022-04-11 13:38:50,222] {processor.py:652} INFO - DAG(s) dict_keys(['example_xcom']) retrieved from /home/airflow/.local/lib/python3.7/site-packages/airflow/example_dags/example_xcom.py
[2022-04-11 13:38:50,640] {logging_mixin.py:109} INFO - [2022-04-11 13:38:50,640] {dag.py:2398} INFO - Sync 1 DAGs
[2022-04-11 13:38:50,660] {logging_mixin.py:109} INFO - [2022-04-11 13:38:50,659] {dag.py:2937} INFO - Setting next_dagrun for example_xcom to 2021-01-01T00:00:00+00:00
[2022-04-11 13:38:50,676] {processor.py:171} INFO - Processing /home/airflow/.local/lib/python3.7/site-packages/airflow/example_dags/example_xcom.py took 0.494 seconds
[2022-04-11 13:39:20,761] {processor.py:163} INFO - Started process (PID=1620) to work on /home/airflow/.local/lib/python3.7/site-packages/airflow/example_dags/example_xcom.py
[2022-04-11 13:39:20,763] {processor.py:642} INFO - Processing file /home/airflow/.local/lib/python3.7/site-packages/airflow/example_dags/example_xcom.py for tasks to queue
[2022-04-11 13:39:20,765] {logging_mixin.py:109} INFO - [2022-04-11 13:39:20,765] {dagbag.py:500} INFO - Filling up the DagBag from /home/airflow/.local/lib/python3.7/site-packages/airflow/example_dags/example_xcom.py
[2022-04-11 13:39:20,797] {processor.py:652} INFO - DAG(s) dict_keys(['example_xcom']) retrieved from /home/airflow/.local/lib/python3.7/site-packages/airflow/example_dags/example_xcom.py
[2022-04-11 13:39:21,674] {logging_mixin.py:109} INFO - [2022-04-11 13:39:21,674] {dag.py:2398} INFO - Sync 1 DAGs
[2022-04-11 13:39:21,828] {logging_mixin.py:109} INFO - [2022-04-11 13:39:21,825] {dag.py:2937} INFO - Setting next_dagrun for example_xcom to 2021-01-01T00:00:00+00:00
[2022-04-11 13:39:21,886] {processor.py:171} INFO - Processing /home/airflow/.local/lib/python3.7/site-packages/airflow/example_dags/example_xcom.py took 1.130 seconds
[2022-04-11 13:39:52,376] {processor.py:163} INFO - Started process (PID=1671) to work on /home/airflow/.local/lib/python3.7/site-packages/airflow/example_dags/example_xcom.py
[2022-04-11 13:39:52,377] {processor.py:642} INFO - Processing file /home/airflow/.local/lib/python3.7/site-packages/airflow/example_dags/example_xcom.py for tasks to queue
[2022-04-11 13:39:52,379] {logging_mixin.py:109} INFO - [2022-04-11 13:39:52,379] {dagbag.py:500} INFO - Filling up the DagBag from /home/airflow/.local/lib/python3.7/site-packages/airflow/example_dags/example_xcom.py
[2022-04-11 13:39:52,409] {processor.py:652} INFO - DAG(s) dict_keys(['example_xcom']) retrieved from /home/airflow/.local/lib/python3.7/site-packages/airflow/example_dags/example_xcom.py
[2022-04-11 13:39:52,748] {logging_mixin.py:109} INFO - [2022-04-11 13:39:52,748] {dag.py:2398} INFO - Sync 1 DAGs
[2022-04-11 13:39:52,763] {logging_mixin.py:109} INFO - [2022-04-11 13:39:52,763] {dag.py:2937} INFO - Setting next_dagrun for example_xcom to 2021-01-01T00:00:00+00:00
[2022-04-11 13:39:52,777] {processor.py:171} INFO - Processing /home/airflow/.local/lib/python3.7/site-packages/airflow/example_dags/example_xcom.py took 0.406 seconds
[2022-04-11 13:40:22,924] {processor.py:163} INFO - Started process (PID=1726) to work on /home/airflow/.local/lib/python3.7/site-packages/airflow/example_dags/example_xcom.py
[2022-04-11 13:40:22,926] {processor.py:642} INFO - Processing file /home/airflow/.local/lib/python3.7/site-packages/airflow/example_dags/example_xcom.py for tasks to queue
[2022-04-11 13:40:22,927] {logging_mixin.py:109} INFO - [2022-04-11 13:40:22,927] {dagbag.py:500} INFO - Filling up the DagBag from /home/airflow/.local/lib/python3.7/site-packages/airflow/example_dags/example_xcom.py
[2022-04-11 13:40:22,957] {processor.py:652} INFO - DAG(s) dict_keys(['example_xcom']) retrieved from /home/airflow/.local/lib/python3.7/site-packages/airflow/example_dags/example_xcom.py
[2022-04-11 13:40:23,274] {logging_mixin.py:109} INFO - [2022-04-11 13:40:23,274] {dag.py:2398} INFO - Sync 1 DAGs
[2022-04-11 13:40:23,290] {logging_mixin.py:109} INFO - [2022-04-11 13:40:23,289] {dag.py:2937} INFO - Setting next_dagrun for example_xcom to 2021-01-01T00:00:00+00:00
[2022-04-11 13:40:23,301] {processor.py:171} INFO - Processing /home/airflow/.local/lib/python3.7/site-packages/airflow/example_dags/example_xcom.py took 0.382 seconds
[2022-04-11 13:40:53,625] {processor.py:163} INFO - Started process (PID=1790) to work on /home/airflow/.local/lib/python3.7/site-packages/airflow/example_dags/example_xcom.py
[2022-04-11 13:40:53,627] {processor.py:642} INFO - Processing file /home/airflow/.local/lib/python3.7/site-packages/airflow/example_dags/example_xcom.py for tasks to queue
[2022-04-11 13:40:53,628] {logging_mixin.py:109} INFO - [2022-04-11 13:40:53,628] {dagbag.py:500} INFO - Filling up the DagBag from /home/airflow/.local/lib/python3.7/site-packages/airflow/example_dags/example_xcom.py
[2022-04-11 13:40:53,658] {processor.py:652} INFO - DAG(s) dict_keys(['example_xcom']) retrieved from /home/airflow/.local/lib/python3.7/site-packages/airflow/example_dags/example_xcom.py
[2022-04-11 13:40:54,034] {logging_mixin.py:109} INFO - [2022-04-11 13:40:54,034] {dag.py:2398} INFO - Sync 1 DAGs
[2022-04-11 13:40:54,056] {logging_mixin.py:109} INFO - [2022-04-11 13:40:54,056] {dag.py:2937} INFO - Setting next_dagrun for example_xcom to 2021-01-01T00:00:00+00:00
[2022-04-11 13:40:54,069] {processor.py:171} INFO - Processing /home/airflow/.local/lib/python3.7/site-packages/airflow/example_dags/example_xcom.py took 0.449 seconds
[2022-04-11 13:41:24,224] {processor.py:163} INFO - Started process (PID=1842) to work on /home/airflow/.local/lib/python3.7/site-packages/airflow/example_dags/example_xcom.py
[2022-04-11 13:41:24,226] {processor.py:642} INFO - Processing file /home/airflow/.local/lib/python3.7/site-packages/airflow/example_dags/example_xcom.py for tasks to queue
[2022-04-11 13:41:24,227] {logging_mixin.py:109} INFO - [2022-04-11 13:41:24,227] {dagbag.py:500} INFO - Filling up the DagBag from /home/airflow/.local/lib/python3.7/site-packages/airflow/example_dags/example_xcom.py
[2022-04-11 13:41:24,256] {processor.py:652} INFO - DAG(s) dict_keys(['example_xcom']) retrieved from /home/airflow/.local/lib/python3.7/site-packages/airflow/example_dags/example_xcom.py
[2022-04-11 13:41:24,569] {logging_mixin.py:109} INFO - [2022-04-11 13:41:24,569] {dag.py:2398} INFO - Sync 1 DAGs
[2022-04-11 13:41:24,580] {logging_mixin.py:109} INFO - [2022-04-11 13:41:24,580] {dag.py:2937} INFO - Setting next_dagrun for example_xcom to 2021-01-01T00:00:00+00:00
[2022-04-11 13:41:24,588] {processor.py:171} INFO - Processing /home/airflow/.local/lib/python3.7/site-packages/airflow/example_dags/example_xcom.py took 0.368 seconds
[2022-04-11 13:41:54,757] {processor.py:163} INFO - Started process (PID=1905) to work on /home/airflow/.local/lib/python3.7/site-packages/airflow/example_dags/example_xcom.py
[2022-04-11 13:41:54,759] {processor.py:642} INFO - Processing file /home/airflow/.local/lib/python3.7/site-packages/airflow/example_dags/example_xcom.py for tasks to queue
[2022-04-11 13:41:54,761] {logging_mixin.py:109} INFO - [2022-04-11 13:41:54,761] {dagbag.py:500} INFO - Filling up the DagBag from /home/airflow/.local/lib/python3.7/site-packages/airflow/example_dags/example_xcom.py
[2022-04-11 13:41:54,790] {processor.py:652} INFO - DAG(s) dict_keys(['example_xcom']) retrieved from /home/airflow/.local/lib/python3.7/site-packages/airflow/example_dags/example_xcom.py
[2022-04-11 13:41:55,130] {logging_mixin.py:109} INFO - [2022-04-11 13:41:55,130] {dag.py:2398} INFO - Sync 1 DAGs
[2022-04-11 13:41:55,144] {logging_mixin.py:109} INFO - [2022-04-11 13:41:55,144] {dag.py:2937} INFO - Setting next_dagrun for example_xcom to 2021-01-01T00:00:00+00:00
[2022-04-11 13:41:55,155] {processor.py:171} INFO - Processing /home/airflow/.local/lib/python3.7/site-packages/airflow/example_dags/example_xcom.py took 0.402 seconds
[2022-04-11 13:42:25,589] {processor.py:163} INFO - Started process (PID=1957) to work on /home/airflow/.local/lib/python3.7/site-packages/airflow/example_dags/example_xcom.py
[2022-04-11 13:42:25,591] {processor.py:642} INFO - Processing file /home/airflow/.local/lib/python3.7/site-packages/airflow/example_dags/example_xcom.py for tasks to queue
[2022-04-11 13:42:25,593] {logging_mixin.py:109} INFO - [2022-04-11 13:42:25,593] {dagbag.py:500} INFO - Filling up the DagBag from /home/airflow/.local/lib/python3.7/site-packages/airflow/example_dags/example_xcom.py
[2022-04-11 13:42:25,619] {processor.py:652} INFO - DAG(s) dict_keys(['example_xcom']) retrieved from /home/airflow/.local/lib/python3.7/site-packages/airflow/example_dags/example_xcom.py
[2022-04-11 13:42:25,943] {logging_mixin.py:109} INFO - [2022-04-11 13:42:25,943] {dag.py:2398} INFO - Sync 1 DAGs
[2022-04-11 13:42:25,961] {logging_mixin.py:109} INFO - [2022-04-11 13:42:25,961] {dag.py:2937} INFO - Setting next_dagrun for example_xcom to 2021-01-01T00:00:00+00:00
[2022-04-11 13:42:25,981] {processor.py:171} INFO - Processing /home/airflow/.local/lib/python3.7/site-packages/airflow/example_dags/example_xcom.py took 0.396 seconds
[2022-04-11 13:42:56,635] {processor.py:163} INFO - Started process (PID=2020) to work on /home/airflow/.local/lib/python3.7/site-packages/airflow/example_dags/example_xcom.py
[2022-04-11 13:42:56,639] {processor.py:642} INFO - Processing file /home/airflow/.local/lib/python3.7/site-packages/airflow/example_dags/example_xcom.py for tasks to queue
[2022-04-11 13:42:56,641] {logging_mixin.py:109} INFO - [2022-04-11 13:42:56,641] {dagbag.py:500} INFO - Filling up the DagBag from /home/airflow/.local/lib/python3.7/site-packages/airflow/example_dags/example_xcom.py
[2022-04-11 13:42:56,671] {processor.py:652} INFO - DAG(s) dict_keys(['example_xcom']) retrieved from /home/airflow/.local/lib/python3.7/site-packages/airflow/example_dags/example_xcom.py
[2022-04-11 13:42:57,023] {logging_mixin.py:109} INFO - [2022-04-11 13:42:57,023] {dag.py:2398} INFO - Sync 1 DAGs
[2022-04-11 13:42:57,042] {logging_mixin.py:109} INFO - [2022-04-11 13:42:57,042] {dag.py:2937} INFO - Setting next_dagrun for example_xcom to 2021-01-01T00:00:00+00:00
[2022-04-11 13:42:57,059] {processor.py:171} INFO - Processing /home/airflow/.local/lib/python3.7/site-packages/airflow/example_dags/example_xcom.py took 0.429 seconds
[2022-04-11 13:43:27,990] {processor.py:163} INFO - Started process (PID=2072) to work on /home/airflow/.local/lib/python3.7/site-packages/airflow/example_dags/example_xcom.py
[2022-04-11 13:43:27,992] {processor.py:642} INFO - Processing file /home/airflow/.local/lib/python3.7/site-packages/airflow/example_dags/example_xcom.py for tasks to queue
[2022-04-11 13:43:27,994] {logging_mixin.py:109} INFO - [2022-04-11 13:43:27,994] {dagbag.py:500} INFO - Filling up the DagBag from /home/airflow/.local/lib/python3.7/site-packages/airflow/example_dags/example_xcom.py
[2022-04-11 13:43:28,021] {processor.py:652} INFO - DAG(s) dict_keys(['example_xcom']) retrieved from /home/airflow/.local/lib/python3.7/site-packages/airflow/example_dags/example_xcom.py
[2022-04-11 13:43:28,341] {logging_mixin.py:109} INFO - [2022-04-11 13:43:28,340] {dag.py:2398} INFO - Sync 1 DAGs
[2022-04-11 13:43:28,357] {logging_mixin.py:109} INFO - [2022-04-11 13:43:28,357] {dag.py:2937} INFO - Setting next_dagrun for example_xcom to 2021-01-01T00:00:00+00:00
[2022-04-11 13:43:28,369] {processor.py:171} INFO - Processing /home/airflow/.local/lib/python3.7/site-packages/airflow/example_dags/example_xcom.py took 0.383 seconds
[2022-04-11 13:43:58,637] {processor.py:163} INFO - Started process (PID=2136) to work on /home/airflow/.local/lib/python3.7/site-packages/airflow/example_dags/example_xcom.py
[2022-04-11 13:43:58,639] {processor.py:642} INFO - Processing file /home/airflow/.local/lib/python3.7/site-packages/airflow/example_dags/example_xcom.py for tasks to queue
[2022-04-11 13:43:58,640] {logging_mixin.py:109} INFO - [2022-04-11 13:43:58,640] {dagbag.py:500} INFO - Filling up the DagBag from /home/airflow/.local/lib/python3.7/site-packages/airflow/example_dags/example_xcom.py
[2022-04-11 13:43:58,667] {processor.py:652} INFO - DAG(s) dict_keys(['example_xcom']) retrieved from /home/airflow/.local/lib/python3.7/site-packages/airflow/example_dags/example_xcom.py
[2022-04-11 13:43:59,100] {logging_mixin.py:109} INFO - [2022-04-11 13:43:59,100] {dag.py:2398} INFO - Sync 1 DAGs
[2022-04-11 13:43:59,119] {logging_mixin.py:109} INFO - [2022-04-11 13:43:59,119] {dag.py:2937} INFO - Setting next_dagrun for example_xcom to 2021-01-01T00:00:00+00:00
[2022-04-11 13:43:59,132] {processor.py:171} INFO - Processing /home/airflow/.local/lib/python3.7/site-packages/airflow/example_dags/example_xcom.py took 0.500 seconds
[2022-04-11 13:44:29,421] {processor.py:163} INFO - Started process (PID=2188) to work on /home/airflow/.local/lib/python3.7/site-packages/airflow/example_dags/example_xcom.py
[2022-04-11 13:44:29,422] {processor.py:642} INFO - Processing file /home/airflow/.local/lib/python3.7/site-packages/airflow/example_dags/example_xcom.py for tasks to queue
[2022-04-11 13:44:29,424] {logging_mixin.py:109} INFO - [2022-04-11 13:44:29,424] {dagbag.py:500} INFO - Filling up the DagBag from /home/airflow/.local/lib/python3.7/site-packages/airflow/example_dags/example_xcom.py
[2022-04-11 13:44:29,452] {processor.py:652} INFO - DAG(s) dict_keys(['example_xcom']) retrieved from /home/airflow/.local/lib/python3.7/site-packages/airflow/example_dags/example_xcom.py
[2022-04-11 13:44:29,799] {logging_mixin.py:109} INFO - [2022-04-11 13:44:29,799] {dag.py:2398} INFO - Sync 1 DAGs
[2022-04-11 13:44:29,824] {logging_mixin.py:109} INFO - [2022-04-11 13:44:29,824] {dag.py:2937} INFO - Setting next_dagrun for example_xcom to 2021-01-01T00:00:00+00:00
[2022-04-11 13:44:29,841] {processor.py:171} INFO - Processing /home/airflow/.local/lib/python3.7/site-packages/airflow/example_dags/example_xcom.py took 0.425 seconds
[2022-04-11 13:45:00,671] {processor.py:163} INFO - Started process (PID=2239) to work on /home/airflow/.local/lib/python3.7/site-packages/airflow/example_dags/example_xcom.py
[2022-04-11 13:45:00,673] {processor.py:642} INFO - Processing file /home/airflow/.local/lib/python3.7/site-packages/airflow/example_dags/example_xcom.py for tasks to queue
[2022-04-11 13:45:00,675] {logging_mixin.py:109} INFO - [2022-04-11 13:45:00,675] {dagbag.py:500} INFO - Filling up the DagBag from /home/airflow/.local/lib/python3.7/site-packages/airflow/example_dags/example_xcom.py
[2022-04-11 13:45:00,713] {processor.py:652} INFO - DAG(s) dict_keys(['example_xcom']) retrieved from /home/airflow/.local/lib/python3.7/site-packages/airflow/example_dags/example_xcom.py
[2022-04-11 13:45:01,127] {logging_mixin.py:109} INFO - [2022-04-11 13:45:01,127] {dag.py:2398} INFO - Sync 1 DAGs
[2022-04-11 13:45:01,148] {logging_mixin.py:109} INFO - [2022-04-11 13:45:01,147] {dag.py:2937} INFO - Setting next_dagrun for example_xcom to 2021-01-01T00:00:00+00:00
[2022-04-11 13:45:01,174] {processor.py:171} INFO - Processing /home/airflow/.local/lib/python3.7/site-packages/airflow/example_dags/example_xcom.py took 0.508 seconds
[2022-04-11 13:45:31,353] {processor.py:163} INFO - Started process (PID=2299) to work on /home/airflow/.local/lib/python3.7/site-packages/airflow/example_dags/example_xcom.py
[2022-04-11 13:45:31,358] {processor.py:642} INFO - Processing file /home/airflow/.local/lib/python3.7/site-packages/airflow/example_dags/example_xcom.py for tasks to queue
[2022-04-11 13:45:31,361] {logging_mixin.py:109} INFO - [2022-04-11 13:45:31,361] {dagbag.py:500} INFO - Filling up the DagBag from /home/airflow/.local/lib/python3.7/site-packages/airflow/example_dags/example_xcom.py
[2022-04-11 13:45:31,412] {processor.py:652} INFO - DAG(s) dict_keys(['example_xcom']) retrieved from /home/airflow/.local/lib/python3.7/site-packages/airflow/example_dags/example_xcom.py
[2022-04-11 13:45:31,988] {logging_mixin.py:109} INFO - [2022-04-11 13:45:31,988] {dag.py:2398} INFO - Sync 1 DAGs
[2022-04-11 13:45:32,009] {logging_mixin.py:109} INFO - [2022-04-11 13:45:32,009] {dag.py:2937} INFO - Setting next_dagrun for example_xcom to 2021-01-01T00:00:00+00:00
[2022-04-11 13:45:32,028] {processor.py:171} INFO - Processing /home/airflow/.local/lib/python3.7/site-packages/airflow/example_dags/example_xcom.py took 0.682 seconds
[2022-04-11 13:46:02,334] {processor.py:163} INFO - Started process (PID=2351) to work on /home/airflow/.local/lib/python3.7/site-packages/airflow/example_dags/example_xcom.py
[2022-04-11 13:46:02,337] {processor.py:642} INFO - Processing file /home/airflow/.local/lib/python3.7/site-packages/airflow/example_dags/example_xcom.py for tasks to queue
[2022-04-11 13:46:02,338] {logging_mixin.py:109} INFO - [2022-04-11 13:46:02,338] {dagbag.py:500} INFO - Filling up the DagBag from /home/airflow/.local/lib/python3.7/site-packages/airflow/example_dags/example_xcom.py
[2022-04-11 13:46:02,376] {processor.py:652} INFO - DAG(s) dict_keys(['example_xcom']) retrieved from /home/airflow/.local/lib/python3.7/site-packages/airflow/example_dags/example_xcom.py
[2022-04-11 13:46:02,742] {logging_mixin.py:109} INFO - [2022-04-11 13:46:02,742] {dag.py:2398} INFO - Sync 1 DAGs
[2022-04-11 13:46:02,763] {logging_mixin.py:109} INFO - [2022-04-11 13:46:02,763] {dag.py:2937} INFO - Setting next_dagrun for example_xcom to 2021-01-01T00:00:00+00:00
[2022-04-11 13:46:02,775] {processor.py:171} INFO - Processing /home/airflow/.local/lib/python3.7/site-packages/airflow/example_dags/example_xcom.py took 0.445 seconds
[2022-04-11 13:46:33,483] {processor.py:163} INFO - Started process (PID=2413) to work on /home/airflow/.local/lib/python3.7/site-packages/airflow/example_dags/example_xcom.py
[2022-04-11 13:46:33,489] {processor.py:642} INFO - Processing file /home/airflow/.local/lib/python3.7/site-packages/airflow/example_dags/example_xcom.py for tasks to queue
[2022-04-11 13:46:33,493] {logging_mixin.py:109} INFO - [2022-04-11 13:46:33,492] {dagbag.py:500} INFO - Filling up the DagBag from /home/airflow/.local/lib/python3.7/site-packages/airflow/example_dags/example_xcom.py
[2022-04-11 13:46:33,552] {processor.py:652} INFO - DAG(s) dict_keys(['example_xcom']) retrieved from /home/airflow/.local/lib/python3.7/site-packages/airflow/example_dags/example_xcom.py
[2022-04-11 13:46:34,165] {logging_mixin.py:109} INFO - [2022-04-11 13:46:34,165] {dag.py:2398} INFO - Sync 1 DAGs
[2022-04-11 13:46:34,189] {logging_mixin.py:109} INFO - [2022-04-11 13:46:34,189] {dag.py:2937} INFO - Setting next_dagrun for example_xcom to 2021-01-01T00:00:00+00:00
[2022-04-11 13:46:34,210] {processor.py:171} INFO - Processing /home/airflow/.local/lib/python3.7/site-packages/airflow/example_dags/example_xcom.py took 0.743 seconds
[2022-04-11 13:47:04,341] {processor.py:163} INFO - Started process (PID=2467) to work on /home/airflow/.local/lib/python3.7/site-packages/airflow/example_dags/example_xcom.py
[2022-04-11 13:47:04,343] {processor.py:642} INFO - Processing file /home/airflow/.local/lib/python3.7/site-packages/airflow/example_dags/example_xcom.py for tasks to queue
[2022-04-11 13:47:04,345] {logging_mixin.py:109} INFO - [2022-04-11 13:47:04,345] {dagbag.py:500} INFO - Filling up the DagBag from /home/airflow/.local/lib/python3.7/site-packages/airflow/example_dags/example_xcom.py
[2022-04-11 13:47:04,372] {processor.py:652} INFO - DAG(s) dict_keys(['example_xcom']) retrieved from /home/airflow/.local/lib/python3.7/site-packages/airflow/example_dags/example_xcom.py
[2022-04-11 13:47:04,692] {logging_mixin.py:109} INFO - [2022-04-11 13:47:04,692] {dag.py:2398} INFO - Sync 1 DAGs
[2022-04-11 13:47:04,708] {logging_mixin.py:109} INFO - [2022-04-11 13:47:04,707] {dag.py:2937} INFO - Setting next_dagrun for example_xcom to 2021-01-01T00:00:00+00:00
[2022-04-11 13:47:04,718] {processor.py:171} INFO - Processing /home/airflow/.local/lib/python3.7/site-packages/airflow/example_dags/example_xcom.py took 0.381 seconds
[2022-04-11 13:47:34,943] {processor.py:163} INFO - Started process (PID=2520) to work on /home/airflow/.local/lib/python3.7/site-packages/airflow/example_dags/example_xcom.py
[2022-04-11 13:47:34,946] {processor.py:642} INFO - Processing file /home/airflow/.local/lib/python3.7/site-packages/airflow/example_dags/example_xcom.py for tasks to queue
[2022-04-11 13:47:34,948] {logging_mixin.py:109} INFO - [2022-04-11 13:47:34,948] {dagbag.py:500} INFO - Filling up the DagBag from /home/airflow/.local/lib/python3.7/site-packages/airflow/example_dags/example_xcom.py
[2022-04-11 13:47:34,991] {processor.py:652} INFO - DAG(s) dict_keys(['example_xcom']) retrieved from /home/airflow/.local/lib/python3.7/site-packages/airflow/example_dags/example_xcom.py
[2022-04-11 13:47:35,533] {logging_mixin.py:109} INFO - [2022-04-11 13:47:35,532] {dag.py:2398} INFO - Sync 1 DAGs
[2022-04-11 13:47:35,556] {logging_mixin.py:109} INFO - [2022-04-11 13:47:35,556] {dag.py:2937} INFO - Setting next_dagrun for example_xcom to 2021-01-01T00:00:00+00:00
[2022-04-11 13:47:35,572] {processor.py:171} INFO - Processing /home/airflow/.local/lib/python3.7/site-packages/airflow/example_dags/example_xcom.py took 0.637 seconds
[2022-04-11 13:48:05,987] {processor.py:163} INFO - Started process (PID=2583) to work on /home/airflow/.local/lib/python3.7/site-packages/airflow/example_dags/example_xcom.py
[2022-04-11 13:48:05,988] {processor.py:642} INFO - Processing file /home/airflow/.local/lib/python3.7/site-packages/airflow/example_dags/example_xcom.py for tasks to queue
[2022-04-11 13:48:05,989] {logging_mixin.py:109} INFO - [2022-04-11 13:48:05,989] {dagbag.py:500} INFO - Filling up the DagBag from /home/airflow/.local/lib/python3.7/site-packages/airflow/example_dags/example_xcom.py
[2022-04-11 13:48:06,016] {processor.py:652} INFO - DAG(s) dict_keys(['example_xcom']) retrieved from /home/airflow/.local/lib/python3.7/site-packages/airflow/example_dags/example_xcom.py
[2022-04-11 13:48:06,322] {logging_mixin.py:109} INFO - [2022-04-11 13:48:06,322] {dag.py:2398} INFO - Sync 1 DAGs
[2022-04-11 13:48:06,334] {logging_mixin.py:109} INFO - [2022-04-11 13:48:06,334] {dag.py:2937} INFO - Setting next_dagrun for example_xcom to 2021-01-01T00:00:00+00:00
[2022-04-11 13:48:06,344] {processor.py:171} INFO - Processing /home/airflow/.local/lib/python3.7/site-packages/airflow/example_dags/example_xcom.py took 0.361 seconds
[2022-04-11 13:48:36,668] {processor.py:163} INFO - Started process (PID=2635) to work on /home/airflow/.local/lib/python3.7/site-packages/airflow/example_dags/example_xcom.py
[2022-04-11 13:48:36,670] {processor.py:642} INFO - Processing file /home/airflow/.local/lib/python3.7/site-packages/airflow/example_dags/example_xcom.py for tasks to queue
[2022-04-11 13:48:36,672] {logging_mixin.py:109} INFO - [2022-04-11 13:48:36,671] {dagbag.py:500} INFO - Filling up the DagBag from /home/airflow/.local/lib/python3.7/site-packages/airflow/example_dags/example_xcom.py
[2022-04-11 13:48:36,722] {processor.py:652} INFO - DAG(s) dict_keys(['example_xcom']) retrieved from /home/airflow/.local/lib/python3.7/site-packages/airflow/example_dags/example_xcom.py
[2022-04-11 13:48:37,068] {logging_mixin.py:109} INFO - [2022-04-11 13:48:37,068] {dag.py:2398} INFO - Sync 1 DAGs
[2022-04-11 13:48:37,088] {logging_mixin.py:109} INFO - [2022-04-11 13:48:37,088] {dag.py:2937} INFO - Setting next_dagrun for example_xcom to 2021-01-01T00:00:00+00:00
[2022-04-11 13:48:37,100] {processor.py:171} INFO - Processing /home/airflow/.local/lib/python3.7/site-packages/airflow/example_dags/example_xcom.py took 0.437 seconds
[2022-04-11 13:49:07,383] {processor.py:163} INFO - Started process (PID=2698) to work on /home/airflow/.local/lib/python3.7/site-packages/airflow/example_dags/example_xcom.py
[2022-04-11 13:49:07,385] {processor.py:642} INFO - Processing file /home/airflow/.local/lib/python3.7/site-packages/airflow/example_dags/example_xcom.py for tasks to queue
[2022-04-11 13:49:07,386] {logging_mixin.py:109} INFO - [2022-04-11 13:49:07,386] {dagbag.py:500} INFO - Filling up the DagBag from /home/airflow/.local/lib/python3.7/site-packages/airflow/example_dags/example_xcom.py
[2022-04-11 13:49:07,415] {processor.py:652} INFO - DAG(s) dict_keys(['example_xcom']) retrieved from /home/airflow/.local/lib/python3.7/site-packages/airflow/example_dags/example_xcom.py
[2022-04-11 13:49:07,784] {logging_mixin.py:109} INFO - [2022-04-11 13:49:07,783] {dag.py:2398} INFO - Sync 1 DAGs
[2022-04-11 13:49:07,797] {logging_mixin.py:109} INFO - [2022-04-11 13:49:07,797] {dag.py:2937} INFO - Setting next_dagrun for example_xcom to 2021-01-01T00:00:00+00:00
[2022-04-11 13:49:07,807] {processor.py:171} INFO - Processing /home/airflow/.local/lib/python3.7/site-packages/airflow/example_dags/example_xcom.py took 0.429 seconds
