[2022-04-11 13:27:16,860] {processor.py:163} INFO - Started process (PID=256) to work on /home/airflow/.local/lib/python3.7/site-packages/airflow/example_dags/example_subdag_operator.py
[2022-04-11 13:27:16,862] {processor.py:642} INFO - Processing file /home/airflow/.local/lib/python3.7/site-packages/airflow/example_dags/example_subdag_operator.py for tasks to queue
[2022-04-11 13:27:16,863] {logging_mixin.py:109} INFO - [2022-04-11 13:27:16,863] {dagbag.py:500} INFO - Filling up the DagBag from /home/airflow/.local/lib/python3.7/site-packages/airflow/example_dags/example_subdag_operator.py
[2022-04-11 13:27:16,909] {processor.py:652} INFO - DAG(s) dict_keys(['example_subdag_operator.section-1', 'example_subdag_operator.section-2', 'example_subdag_operator']) retrieved from /home/airflow/.local/lib/python3.7/site-packages/airflow/example_dags/example_subdag_operator.py
[2022-04-11 13:27:19,004] {logging_mixin.py:109} INFO - [2022-04-11 13:27:19,003] {manager.py:496} INFO - Created Permission View: can read on DAG:example_subdag_operator
[2022-04-11 13:27:19,014] {logging_mixin.py:109} INFO - [2022-04-11 13:27:19,014] {manager.py:496} INFO - Created Permission View: can edit on DAG:example_subdag_operator
[2022-04-11 13:27:19,015] {logging_mixin.py:109} INFO - [2022-04-11 13:27:19,015] {dag.py:2398} INFO - Sync 3 DAGs
[2022-04-11 13:27:19,025] {logging_mixin.py:109} INFO - [2022-04-11 13:27:19,024] {dag.py:2417} INFO - Creating ORM DAG for example_subdag_operator
[2022-04-11 13:27:19,026] {logging_mixin.py:109} INFO - [2022-04-11 13:27:19,026] {dag.py:2417} INFO - Creating ORM DAG for example_subdag_operator.section-1
[2022-04-11 13:27:19,028] {logging_mixin.py:109} INFO - [2022-04-11 13:27:19,028] {dag.py:2417} INFO - Creating ORM DAG for example_subdag_operator.section-2
[2022-04-11 13:27:19,037] {logging_mixin.py:109} INFO - [2022-04-11 13:27:19,037] {dag.py:2937} INFO - Setting next_dagrun for example_subdag_operator to 2022-04-09T00:00:00+00:00
[2022-04-11 13:27:19,038] {logging_mixin.py:109} INFO - [2022-04-11 13:27:19,038] {dag.py:2937} INFO - Setting next_dagrun for example_subdag_operator.section-1 to None
[2022-04-11 13:27:19,039] {logging_mixin.py:109} INFO - [2022-04-11 13:27:19,039] {dag.py:2937} INFO - Setting next_dagrun for example_subdag_operator.section-2 to None
[2022-04-11 13:27:19,049] {logging_mixin.py:109} INFO - [2022-04-11 13:27:19,049] {dag.py:2398} INFO - Sync 2 DAGs
[2022-04-11 13:27:19,059] {logging_mixin.py:109} INFO - [2022-04-11 13:27:19,058] {dag.py:2937} INFO - Setting next_dagrun for example_subdag_operator.section-1 to None
[2022-04-11 13:27:19,060] {logging_mixin.py:109} INFO - [2022-04-11 13:27:19,059] {dag.py:2937} INFO - Setting next_dagrun for example_subdag_operator.section-2 to None
[2022-04-11 13:27:19,071] {processor.py:171} INFO - Processing /home/airflow/.local/lib/python3.7/site-packages/airflow/example_dags/example_subdag_operator.py took 2.215 seconds
[2022-04-11 13:27:50,035] {processor.py:163} INFO - Started process (PID=333) to work on /home/airflow/.local/lib/python3.7/site-packages/airflow/example_dags/example_subdag_operator.py
[2022-04-11 13:27:50,042] {processor.py:642} INFO - Processing file /home/airflow/.local/lib/python3.7/site-packages/airflow/example_dags/example_subdag_operator.py for tasks to queue
[2022-04-11 13:27:50,048] {logging_mixin.py:109} INFO - [2022-04-11 13:27:50,048] {dagbag.py:500} INFO - Filling up the DagBag from /home/airflow/.local/lib/python3.7/site-packages/airflow/example_dags/example_subdag_operator.py
[2022-04-11 13:27:50,118] {processor.py:652} INFO - DAG(s) dict_keys(['example_subdag_operator.section-1', 'example_subdag_operator.section-2', 'example_subdag_operator']) retrieved from /home/airflow/.local/lib/python3.7/site-packages/airflow/example_dags/example_subdag_operator.py
[2022-04-11 13:27:50,145] {logging_mixin.py:109} INFO - [2022-04-11 13:27:50,145] {dag.py:2398} INFO - Sync 3 DAGs
[2022-04-11 13:27:50,175] {logging_mixin.py:109} INFO - [2022-04-11 13:27:50,175] {dag.py:2937} INFO - Setting next_dagrun for example_subdag_operator to 2022-04-09T00:00:00+00:00
[2022-04-11 13:27:50,185] {logging_mixin.py:109} INFO - [2022-04-11 13:27:50,184] {dag.py:2937} INFO - Setting next_dagrun for example_subdag_operator.section-1 to None
[2022-04-11 13:27:50,186] {logging_mixin.py:109} INFO - [2022-04-11 13:27:50,186] {dag.py:2937} INFO - Setting next_dagrun for example_subdag_operator.section-2 to None
[2022-04-11 13:27:50,206] {logging_mixin.py:109} INFO - [2022-04-11 13:27:50,206] {dag.py:2398} INFO - Sync 2 DAGs
[2022-04-11 13:27:50,220] {logging_mixin.py:109} INFO - [2022-04-11 13:27:50,220] {dag.py:2937} INFO - Setting next_dagrun for example_subdag_operator.section-1 to None
[2022-04-11 13:27:50,221] {logging_mixin.py:109} INFO - [2022-04-11 13:27:50,221] {dag.py:2937} INFO - Setting next_dagrun for example_subdag_operator.section-2 to None
[2022-04-11 13:27:50,231] {processor.py:171} INFO - Processing /home/airflow/.local/lib/python3.7/site-packages/airflow/example_dags/example_subdag_operator.py took 0.210 seconds
[2022-04-11 13:28:20,488] {processor.py:163} INFO - Started process (PID=394) to work on /home/airflow/.local/lib/python3.7/site-packages/airflow/example_dags/example_subdag_operator.py
[2022-04-11 13:28:20,492] {processor.py:642} INFO - Processing file /home/airflow/.local/lib/python3.7/site-packages/airflow/example_dags/example_subdag_operator.py for tasks to queue
[2022-04-11 13:28:20,493] {logging_mixin.py:109} INFO - [2022-04-11 13:28:20,493] {dagbag.py:500} INFO - Filling up the DagBag from /home/airflow/.local/lib/python3.7/site-packages/airflow/example_dags/example_subdag_operator.py
[2022-04-11 13:28:20,533] {processor.py:652} INFO - DAG(s) dict_keys(['example_subdag_operator.section-1', 'example_subdag_operator.section-2', 'example_subdag_operator']) retrieved from /home/airflow/.local/lib/python3.7/site-packages/airflow/example_dags/example_subdag_operator.py
[2022-04-11 13:28:20,551] {logging_mixin.py:109} INFO - [2022-04-11 13:28:20,551] {dag.py:2398} INFO - Sync 3 DAGs
[2022-04-11 13:28:20,573] {logging_mixin.py:109} INFO - [2022-04-11 13:28:20,573] {dag.py:2937} INFO - Setting next_dagrun for example_subdag_operator to 2022-04-09T00:00:00+00:00
[2022-04-11 13:28:20,575] {logging_mixin.py:109} INFO - [2022-04-11 13:28:20,574] {dag.py:2937} INFO - Setting next_dagrun for example_subdag_operator.section-1 to None
[2022-04-11 13:28:20,576] {logging_mixin.py:109} INFO - [2022-04-11 13:28:20,576] {dag.py:2937} INFO - Setting next_dagrun for example_subdag_operator.section-2 to None
[2022-04-11 13:28:20,586] {logging_mixin.py:109} INFO - [2022-04-11 13:28:20,586] {dag.py:2398} INFO - Sync 2 DAGs
[2022-04-11 13:28:20,600] {logging_mixin.py:109} INFO - [2022-04-11 13:28:20,600] {dag.py:2937} INFO - Setting next_dagrun for example_subdag_operator.section-1 to None
[2022-04-11 13:28:20,602] {logging_mixin.py:109} INFO - [2022-04-11 13:28:20,601] {dag.py:2937} INFO - Setting next_dagrun for example_subdag_operator.section-2 to None
[2022-04-11 13:28:20,613] {processor.py:171} INFO - Processing /home/airflow/.local/lib/python3.7/site-packages/airflow/example_dags/example_subdag_operator.py took 0.129 seconds
[2022-04-11 13:28:50,700] {processor.py:163} INFO - Started process (PID=445) to work on /home/airflow/.local/lib/python3.7/site-packages/airflow/example_dags/example_subdag_operator.py
[2022-04-11 13:28:50,703] {processor.py:642} INFO - Processing file /home/airflow/.local/lib/python3.7/site-packages/airflow/example_dags/example_subdag_operator.py for tasks to queue
[2022-04-11 13:28:50,705] {logging_mixin.py:109} INFO - [2022-04-11 13:28:50,705] {dagbag.py:500} INFO - Filling up the DagBag from /home/airflow/.local/lib/python3.7/site-packages/airflow/example_dags/example_subdag_operator.py
[2022-04-11 13:28:50,749] {processor.py:652} INFO - DAG(s) dict_keys(['example_subdag_operator.section-1', 'example_subdag_operator.section-2', 'example_subdag_operator']) retrieved from /home/airflow/.local/lib/python3.7/site-packages/airflow/example_dags/example_subdag_operator.py
[2022-04-11 13:28:50,773] {logging_mixin.py:109} INFO - [2022-04-11 13:28:50,773] {dag.py:2398} INFO - Sync 3 DAGs
[2022-04-11 13:28:50,807] {logging_mixin.py:109} INFO - [2022-04-11 13:28:50,807] {dag.py:2937} INFO - Setting next_dagrun for example_subdag_operator to 2022-04-09T00:00:00+00:00
[2022-04-11 13:28:50,808] {logging_mixin.py:109} INFO - [2022-04-11 13:28:50,808] {dag.py:2937} INFO - Setting next_dagrun for example_subdag_operator.section-1 to None
[2022-04-11 13:28:50,810] {logging_mixin.py:109} INFO - [2022-04-11 13:28:50,810] {dag.py:2937} INFO - Setting next_dagrun for example_subdag_operator.section-2 to None
[2022-04-11 13:28:50,823] {logging_mixin.py:109} INFO - [2022-04-11 13:28:50,823] {dag.py:2398} INFO - Sync 2 DAGs
[2022-04-11 13:28:50,835] {logging_mixin.py:109} INFO - [2022-04-11 13:28:50,835] {dag.py:2937} INFO - Setting next_dagrun for example_subdag_operator.section-1 to None
[2022-04-11 13:28:50,837] {logging_mixin.py:109} INFO - [2022-04-11 13:28:50,836] {dag.py:2937} INFO - Setting next_dagrun for example_subdag_operator.section-2 to None
[2022-04-11 13:28:50,849] {processor.py:171} INFO - Processing /home/airflow/.local/lib/python3.7/site-packages/airflow/example_dags/example_subdag_operator.py took 0.154 seconds
[2022-04-11 13:29:20,936] {processor.py:163} INFO - Started process (PID=496) to work on /home/airflow/.local/lib/python3.7/site-packages/airflow/example_dags/example_subdag_operator.py
[2022-04-11 13:29:20,939] {processor.py:642} INFO - Processing file /home/airflow/.local/lib/python3.7/site-packages/airflow/example_dags/example_subdag_operator.py for tasks to queue
[2022-04-11 13:29:20,942] {logging_mixin.py:109} INFO - [2022-04-11 13:29:20,942] {dagbag.py:500} INFO - Filling up the DagBag from /home/airflow/.local/lib/python3.7/site-packages/airflow/example_dags/example_subdag_operator.py
[2022-04-11 13:29:20,988] {processor.py:652} INFO - DAG(s) dict_keys(['example_subdag_operator.section-1', 'example_subdag_operator.section-2', 'example_subdag_operator']) retrieved from /home/airflow/.local/lib/python3.7/site-packages/airflow/example_dags/example_subdag_operator.py
[2022-04-11 13:29:21,013] {logging_mixin.py:109} INFO - [2022-04-11 13:29:21,013] {dag.py:2398} INFO - Sync 3 DAGs
[2022-04-11 13:29:21,041] {logging_mixin.py:109} INFO - [2022-04-11 13:29:21,040] {dag.py:2937} INFO - Setting next_dagrun for example_subdag_operator to 2022-04-09T00:00:00+00:00
[2022-04-11 13:29:21,042] {logging_mixin.py:109} INFO - [2022-04-11 13:29:21,042] {dag.py:2937} INFO - Setting next_dagrun for example_subdag_operator.section-1 to None
[2022-04-11 13:29:21,043] {logging_mixin.py:109} INFO - [2022-04-11 13:29:21,043] {dag.py:2937} INFO - Setting next_dagrun for example_subdag_operator.section-2 to None
[2022-04-11 13:29:21,054] {logging_mixin.py:109} INFO - [2022-04-11 13:29:21,054] {dag.py:2398} INFO - Sync 2 DAGs
[2022-04-11 13:29:21,067] {logging_mixin.py:109} INFO - [2022-04-11 13:29:21,067] {dag.py:2937} INFO - Setting next_dagrun for example_subdag_operator.section-1 to None
[2022-04-11 13:29:21,069] {logging_mixin.py:109} INFO - [2022-04-11 13:29:21,069] {dag.py:2937} INFO - Setting next_dagrun for example_subdag_operator.section-2 to None
[2022-04-11 13:29:21,079] {processor.py:171} INFO - Processing /home/airflow/.local/lib/python3.7/site-packages/airflow/example_dags/example_subdag_operator.py took 0.147 seconds
[2022-04-11 13:29:51,562] {processor.py:163} INFO - Started process (PID=561) to work on /home/airflow/.local/lib/python3.7/site-packages/airflow/example_dags/example_subdag_operator.py
[2022-04-11 13:29:51,565] {processor.py:642} INFO - Processing file /home/airflow/.local/lib/python3.7/site-packages/airflow/example_dags/example_subdag_operator.py for tasks to queue
[2022-04-11 13:29:51,566] {logging_mixin.py:109} INFO - [2022-04-11 13:29:51,566] {dagbag.py:500} INFO - Filling up the DagBag from /home/airflow/.local/lib/python3.7/site-packages/airflow/example_dags/example_subdag_operator.py
[2022-04-11 13:29:51,621] {processor.py:652} INFO - DAG(s) dict_keys(['example_subdag_operator.section-1', 'example_subdag_operator.section-2', 'example_subdag_operator']) retrieved from /home/airflow/.local/lib/python3.7/site-packages/airflow/example_dags/example_subdag_operator.py
[2022-04-11 13:29:51,638] {logging_mixin.py:109} INFO - [2022-04-11 13:29:51,638] {dag.py:2398} INFO - Sync 3 DAGs
[2022-04-11 13:29:51,661] {logging_mixin.py:109} INFO - [2022-04-11 13:29:51,661] {dag.py:2937} INFO - Setting next_dagrun for example_subdag_operator to 2022-04-09T00:00:00+00:00
[2022-04-11 13:29:51,662] {logging_mixin.py:109} INFO - [2022-04-11 13:29:51,662] {dag.py:2937} INFO - Setting next_dagrun for example_subdag_operator.section-1 to None
[2022-04-11 13:29:51,663] {logging_mixin.py:109} INFO - [2022-04-11 13:29:51,663] {dag.py:2937} INFO - Setting next_dagrun for example_subdag_operator.section-2 to None
[2022-04-11 13:29:51,671] {logging_mixin.py:109} INFO - [2022-04-11 13:29:51,671] {dag.py:2398} INFO - Sync 2 DAGs
[2022-04-11 13:29:51,682] {logging_mixin.py:109} INFO - [2022-04-11 13:29:51,682] {dag.py:2937} INFO - Setting next_dagrun for example_subdag_operator.section-1 to None
[2022-04-11 13:29:51,684] {logging_mixin.py:109} INFO - [2022-04-11 13:29:51,684] {dag.py:2937} INFO - Setting next_dagrun for example_subdag_operator.section-2 to None
[2022-04-11 13:29:51,692] {processor.py:171} INFO - Processing /home/airflow/.local/lib/python3.7/site-packages/airflow/example_dags/example_subdag_operator.py took 0.135 seconds
[2022-04-11 13:30:22,121] {processor.py:163} INFO - Started process (PID=611) to work on /home/airflow/.local/lib/python3.7/site-packages/airflow/example_dags/example_subdag_operator.py
[2022-04-11 13:30:22,124] {processor.py:642} INFO - Processing file /home/airflow/.local/lib/python3.7/site-packages/airflow/example_dags/example_subdag_operator.py for tasks to queue
[2022-04-11 13:30:22,126] {logging_mixin.py:109} INFO - [2022-04-11 13:30:22,125] {dagbag.py:500} INFO - Filling up the DagBag from /home/airflow/.local/lib/python3.7/site-packages/airflow/example_dags/example_subdag_operator.py
[2022-04-11 13:30:22,174] {processor.py:652} INFO - DAG(s) dict_keys(['example_subdag_operator.section-1', 'example_subdag_operator.section-2', 'example_subdag_operator']) retrieved from /home/airflow/.local/lib/python3.7/site-packages/airflow/example_dags/example_subdag_operator.py
[2022-04-11 13:30:22,191] {logging_mixin.py:109} INFO - [2022-04-11 13:30:22,191] {dag.py:2398} INFO - Sync 3 DAGs
[2022-04-11 13:30:22,225] {logging_mixin.py:109} INFO - [2022-04-11 13:30:22,225] {dag.py:2937} INFO - Setting next_dagrun for example_subdag_operator to 2022-04-09T00:00:00+00:00
[2022-04-11 13:30:22,226] {logging_mixin.py:109} INFO - [2022-04-11 13:30:22,226] {dag.py:2937} INFO - Setting next_dagrun for example_subdag_operator.section-1 to None
[2022-04-11 13:30:22,227] {logging_mixin.py:109} INFO - [2022-04-11 13:30:22,227] {dag.py:2937} INFO - Setting next_dagrun for example_subdag_operator.section-2 to None
[2022-04-11 13:30:22,236] {logging_mixin.py:109} INFO - [2022-04-11 13:30:22,236] {dag.py:2398} INFO - Sync 2 DAGs
[2022-04-11 13:30:22,255] {logging_mixin.py:109} INFO - [2022-04-11 13:30:22,254] {dag.py:2937} INFO - Setting next_dagrun for example_subdag_operator.section-1 to None
[2022-04-11 13:30:22,256] {logging_mixin.py:109} INFO - [2022-04-11 13:30:22,256] {dag.py:2937} INFO - Setting next_dagrun for example_subdag_operator.section-2 to None
[2022-04-11 13:30:22,272] {processor.py:171} INFO - Processing /home/airflow/.local/lib/python3.7/site-packages/airflow/example_dags/example_subdag_operator.py took 0.155 seconds
[2022-04-11 13:30:52,769] {processor.py:163} INFO - Started process (PID=670) to work on /home/airflow/.local/lib/python3.7/site-packages/airflow/example_dags/example_subdag_operator.py
[2022-04-11 13:30:52,771] {processor.py:642} INFO - Processing file /home/airflow/.local/lib/python3.7/site-packages/airflow/example_dags/example_subdag_operator.py for tasks to queue
[2022-04-11 13:30:52,772] {logging_mixin.py:109} INFO - [2022-04-11 13:30:52,772] {dagbag.py:500} INFO - Filling up the DagBag from /home/airflow/.local/lib/python3.7/site-packages/airflow/example_dags/example_subdag_operator.py
[2022-04-11 13:30:52,830] {processor.py:652} INFO - DAG(s) dict_keys(['example_subdag_operator.section-1', 'example_subdag_operator.section-2', 'example_subdag_operator']) retrieved from /home/airflow/.local/lib/python3.7/site-packages/airflow/example_dags/example_subdag_operator.py
[2022-04-11 13:30:52,852] {logging_mixin.py:109} INFO - [2022-04-11 13:30:52,852] {dag.py:2398} INFO - Sync 3 DAGs
[2022-04-11 13:30:52,886] {logging_mixin.py:109} INFO - [2022-04-11 13:30:52,885] {dag.py:2937} INFO - Setting next_dagrun for example_subdag_operator to 2022-04-09T00:00:00+00:00
[2022-04-11 13:30:52,888] {logging_mixin.py:109} INFO - [2022-04-11 13:30:52,887] {dag.py:2937} INFO - Setting next_dagrun for example_subdag_operator.section-1 to None
[2022-04-11 13:30:52,889] {logging_mixin.py:109} INFO - [2022-04-11 13:30:52,889] {dag.py:2937} INFO - Setting next_dagrun for example_subdag_operator.section-2 to None
[2022-04-11 13:30:52,898] {logging_mixin.py:109} INFO - [2022-04-11 13:30:52,897] {dag.py:2398} INFO - Sync 2 DAGs
[2022-04-11 13:30:52,918] {logging_mixin.py:109} INFO - [2022-04-11 13:30:52,918] {dag.py:2937} INFO - Setting next_dagrun for example_subdag_operator.section-1 to None
[2022-04-11 13:30:52,920] {logging_mixin.py:109} INFO - [2022-04-11 13:30:52,920] {dag.py:2937} INFO - Setting next_dagrun for example_subdag_operator.section-2 to None
[2022-04-11 13:30:52,936] {processor.py:171} INFO - Processing /home/airflow/.local/lib/python3.7/site-packages/airflow/example_dags/example_subdag_operator.py took 0.171 seconds
[2022-04-11 13:31:23,204] {processor.py:163} INFO - Started process (PID=721) to work on /home/airflow/.local/lib/python3.7/site-packages/airflow/example_dags/example_subdag_operator.py
[2022-04-11 13:31:23,207] {processor.py:642} INFO - Processing file /home/airflow/.local/lib/python3.7/site-packages/airflow/example_dags/example_subdag_operator.py for tasks to queue
[2022-04-11 13:31:23,208] {logging_mixin.py:109} INFO - [2022-04-11 13:31:23,208] {dagbag.py:500} INFO - Filling up the DagBag from /home/airflow/.local/lib/python3.7/site-packages/airflow/example_dags/example_subdag_operator.py
[2022-04-11 13:31:23,248] {processor.py:652} INFO - DAG(s) dict_keys(['example_subdag_operator.section-1', 'example_subdag_operator.section-2', 'example_subdag_operator']) retrieved from /home/airflow/.local/lib/python3.7/site-packages/airflow/example_dags/example_subdag_operator.py
[2022-04-11 13:31:23,267] {logging_mixin.py:109} INFO - [2022-04-11 13:31:23,267] {dag.py:2398} INFO - Sync 3 DAGs
[2022-04-11 13:31:23,288] {logging_mixin.py:109} INFO - [2022-04-11 13:31:23,288] {dag.py:2937} INFO - Setting next_dagrun for example_subdag_operator to 2022-04-09T00:00:00+00:00
[2022-04-11 13:31:23,289] {logging_mixin.py:109} INFO - [2022-04-11 13:31:23,289] {dag.py:2937} INFO - Setting next_dagrun for example_subdag_operator.section-1 to None
[2022-04-11 13:31:23,291] {logging_mixin.py:109} INFO - [2022-04-11 13:31:23,291] {dag.py:2937} INFO - Setting next_dagrun for example_subdag_operator.section-2 to None
[2022-04-11 13:31:23,301] {logging_mixin.py:109} INFO - [2022-04-11 13:31:23,301] {dag.py:2398} INFO - Sync 2 DAGs
[2022-04-11 13:31:23,310] {logging_mixin.py:109} INFO - [2022-04-11 13:31:23,310] {dag.py:2937} INFO - Setting next_dagrun for example_subdag_operator.section-1 to None
[2022-04-11 13:31:23,311] {logging_mixin.py:109} INFO - [2022-04-11 13:31:23,311] {dag.py:2937} INFO - Setting next_dagrun for example_subdag_operator.section-2 to None
[2022-04-11 13:31:23,320] {processor.py:171} INFO - Processing /home/airflow/.local/lib/python3.7/site-packages/airflow/example_dags/example_subdag_operator.py took 0.120 seconds
[2022-04-11 13:31:53,562] {processor.py:163} INFO - Started process (PID=793) to work on /home/airflow/.local/lib/python3.7/site-packages/airflow/example_dags/example_subdag_operator.py
[2022-04-11 13:31:53,566] {processor.py:642} INFO - Processing file /home/airflow/.local/lib/python3.7/site-packages/airflow/example_dags/example_subdag_operator.py for tasks to queue
[2022-04-11 13:31:53,571] {logging_mixin.py:109} INFO - [2022-04-11 13:31:53,570] {dagbag.py:500} INFO - Filling up the DagBag from /home/airflow/.local/lib/python3.7/site-packages/airflow/example_dags/example_subdag_operator.py
[2022-04-11 13:31:53,629] {processor.py:652} INFO - DAG(s) dict_keys(['example_subdag_operator.section-1', 'example_subdag_operator.section-2', 'example_subdag_operator']) retrieved from /home/airflow/.local/lib/python3.7/site-packages/airflow/example_dags/example_subdag_operator.py
[2022-04-11 13:31:53,651] {logging_mixin.py:109} INFO - [2022-04-11 13:31:53,651] {dag.py:2398} INFO - Sync 3 DAGs
[2022-04-11 13:31:53,682] {logging_mixin.py:109} INFO - [2022-04-11 13:31:53,681] {dag.py:2937} INFO - Setting next_dagrun for example_subdag_operator to 2022-04-09T00:00:00+00:00
[2022-04-11 13:31:53,684] {logging_mixin.py:109} INFO - [2022-04-11 13:31:53,683] {dag.py:2937} INFO - Setting next_dagrun for example_subdag_operator.section-1 to None
[2022-04-11 13:31:53,685] {logging_mixin.py:109} INFO - [2022-04-11 13:31:53,685] {dag.py:2937} INFO - Setting next_dagrun for example_subdag_operator.section-2 to None
[2022-04-11 13:31:53,698] {logging_mixin.py:109} INFO - [2022-04-11 13:31:53,698] {dag.py:2398} INFO - Sync 2 DAGs
[2022-04-11 13:31:53,711] {logging_mixin.py:109} INFO - [2022-04-11 13:31:53,711] {dag.py:2937} INFO - Setting next_dagrun for example_subdag_operator.section-1 to None
[2022-04-11 13:31:53,712] {logging_mixin.py:109} INFO - [2022-04-11 13:31:53,712] {dag.py:2937} INFO - Setting next_dagrun for example_subdag_operator.section-2 to None
[2022-04-11 13:31:53,723] {processor.py:171} INFO - Processing /home/airflow/.local/lib/python3.7/site-packages/airflow/example_dags/example_subdag_operator.py took 0.168 seconds
[2022-04-11 13:32:23,861] {processor.py:163} INFO - Started process (PID=847) to work on /home/airflow/.local/lib/python3.7/site-packages/airflow/example_dags/example_subdag_operator.py
[2022-04-11 13:32:23,864] {processor.py:642} INFO - Processing file /home/airflow/.local/lib/python3.7/site-packages/airflow/example_dags/example_subdag_operator.py for tasks to queue
[2022-04-11 13:32:23,866] {logging_mixin.py:109} INFO - [2022-04-11 13:32:23,865] {dagbag.py:500} INFO - Filling up the DagBag from /home/airflow/.local/lib/python3.7/site-packages/airflow/example_dags/example_subdag_operator.py
[2022-04-11 13:32:23,906] {processor.py:652} INFO - DAG(s) dict_keys(['example_subdag_operator.section-1', 'example_subdag_operator.section-2', 'example_subdag_operator']) retrieved from /home/airflow/.local/lib/python3.7/site-packages/airflow/example_dags/example_subdag_operator.py
[2022-04-11 13:32:23,922] {logging_mixin.py:109} INFO - [2022-04-11 13:32:23,922] {dag.py:2398} INFO - Sync 3 DAGs
[2022-04-11 13:32:23,942] {logging_mixin.py:109} INFO - [2022-04-11 13:32:23,941] {dag.py:2937} INFO - Setting next_dagrun for example_subdag_operator to 2022-04-09T00:00:00+00:00
[2022-04-11 13:32:23,943] {logging_mixin.py:109} INFO - [2022-04-11 13:32:23,943] {dag.py:2937} INFO - Setting next_dagrun for example_subdag_operator.section-1 to None
[2022-04-11 13:32:23,944] {logging_mixin.py:109} INFO - [2022-04-11 13:32:23,944] {dag.py:2937} INFO - Setting next_dagrun for example_subdag_operator.section-2 to None
[2022-04-11 13:32:23,950] {logging_mixin.py:109} INFO - [2022-04-11 13:32:23,950] {dag.py:2398} INFO - Sync 2 DAGs
[2022-04-11 13:32:23,958] {logging_mixin.py:109} INFO - [2022-04-11 13:32:23,958] {dag.py:2937} INFO - Setting next_dagrun for example_subdag_operator.section-1 to None
[2022-04-11 13:32:23,959] {logging_mixin.py:109} INFO - [2022-04-11 13:32:23,959] {dag.py:2937} INFO - Setting next_dagrun for example_subdag_operator.section-2 to None
[2022-04-11 13:32:23,967] {processor.py:171} INFO - Processing /home/airflow/.local/lib/python3.7/site-packages/airflow/example_dags/example_subdag_operator.py took 0.110 seconds
[2022-04-11 13:32:54,355] {processor.py:163} INFO - Started process (PID=897) to work on /home/airflow/.local/lib/python3.7/site-packages/airflow/example_dags/example_subdag_operator.py
[2022-04-11 13:32:54,361] {processor.py:642} INFO - Processing file /home/airflow/.local/lib/python3.7/site-packages/airflow/example_dags/example_subdag_operator.py for tasks to queue
[2022-04-11 13:32:54,366] {logging_mixin.py:109} INFO - [2022-04-11 13:32:54,366] {dagbag.py:500} INFO - Filling up the DagBag from /home/airflow/.local/lib/python3.7/site-packages/airflow/example_dags/example_subdag_operator.py
[2022-04-11 13:32:54,412] {processor.py:652} INFO - DAG(s) dict_keys(['example_subdag_operator.section-1', 'example_subdag_operator.section-2', 'example_subdag_operator']) retrieved from /home/airflow/.local/lib/python3.7/site-packages/airflow/example_dags/example_subdag_operator.py
[2022-04-11 13:32:54,429] {logging_mixin.py:109} INFO - [2022-04-11 13:32:54,429] {dag.py:2398} INFO - Sync 3 DAGs
[2022-04-11 13:32:54,450] {logging_mixin.py:109} INFO - [2022-04-11 13:32:54,450] {dag.py:2937} INFO - Setting next_dagrun for example_subdag_operator to 2022-04-09T00:00:00+00:00
[2022-04-11 13:32:54,451] {logging_mixin.py:109} INFO - [2022-04-11 13:32:54,450] {dag.py:2937} INFO - Setting next_dagrun for example_subdag_operator.section-1 to None
[2022-04-11 13:32:54,451] {logging_mixin.py:109} INFO - [2022-04-11 13:32:54,451] {dag.py:2937} INFO - Setting next_dagrun for example_subdag_operator.section-2 to None
[2022-04-11 13:32:54,459] {logging_mixin.py:109} INFO - [2022-04-11 13:32:54,459] {dag.py:2398} INFO - Sync 2 DAGs
[2022-04-11 13:32:54,469] {logging_mixin.py:109} INFO - [2022-04-11 13:32:54,469] {dag.py:2937} INFO - Setting next_dagrun for example_subdag_operator.section-1 to None
[2022-04-11 13:32:54,470] {logging_mixin.py:109} INFO - [2022-04-11 13:32:54,470] {dag.py:2937} INFO - Setting next_dagrun for example_subdag_operator.section-2 to None
[2022-04-11 13:32:54,493] {processor.py:171} INFO - Processing /home/airflow/.local/lib/python3.7/site-packages/airflow/example_dags/example_subdag_operator.py took 0.143 seconds
[2022-04-11 13:33:24,827] {processor.py:163} INFO - Started process (PID=958) to work on /home/airflow/.local/lib/python3.7/site-packages/airflow/example_dags/example_subdag_operator.py
[2022-04-11 13:33:24,829] {processor.py:642} INFO - Processing file /home/airflow/.local/lib/python3.7/site-packages/airflow/example_dags/example_subdag_operator.py for tasks to queue
[2022-04-11 13:33:24,831] {logging_mixin.py:109} INFO - [2022-04-11 13:33:24,831] {dagbag.py:500} INFO - Filling up the DagBag from /home/airflow/.local/lib/python3.7/site-packages/airflow/example_dags/example_subdag_operator.py
[2022-04-11 13:33:24,882] {processor.py:652} INFO - DAG(s) dict_keys(['example_subdag_operator.section-1', 'example_subdag_operator.section-2', 'example_subdag_operator']) retrieved from /home/airflow/.local/lib/python3.7/site-packages/airflow/example_dags/example_subdag_operator.py
[2022-04-11 13:33:24,898] {logging_mixin.py:109} INFO - [2022-04-11 13:33:24,898] {dag.py:2398} INFO - Sync 3 DAGs
[2022-04-11 13:33:24,920] {logging_mixin.py:109} INFO - [2022-04-11 13:33:24,920] {dag.py:2937} INFO - Setting next_dagrun for example_subdag_operator to 2022-04-09T00:00:00+00:00
[2022-04-11 13:33:24,921] {logging_mixin.py:109} INFO - [2022-04-11 13:33:24,921] {dag.py:2937} INFO - Setting next_dagrun for example_subdag_operator.section-1 to None
[2022-04-11 13:33:24,922] {logging_mixin.py:109} INFO - [2022-04-11 13:33:24,922] {dag.py:2937} INFO - Setting next_dagrun for example_subdag_operator.section-2 to None
[2022-04-11 13:33:24,932] {logging_mixin.py:109} INFO - [2022-04-11 13:33:24,931] {dag.py:2398} INFO - Sync 2 DAGs
[2022-04-11 13:33:24,945] {logging_mixin.py:109} INFO - [2022-04-11 13:33:24,945] {dag.py:2937} INFO - Setting next_dagrun for example_subdag_operator.section-1 to None
[2022-04-11 13:33:24,946] {logging_mixin.py:109} INFO - [2022-04-11 13:33:24,946] {dag.py:2937} INFO - Setting next_dagrun for example_subdag_operator.section-2 to None
[2022-04-11 13:33:24,955] {processor.py:171} INFO - Processing /home/airflow/.local/lib/python3.7/site-packages/airflow/example_dags/example_subdag_operator.py took 0.133 seconds
[2022-04-11 13:33:55,912] {processor.py:163} INFO - Started process (PID=1009) to work on /home/airflow/.local/lib/python3.7/site-packages/airflow/example_dags/example_subdag_operator.py
[2022-04-11 13:33:55,915] {processor.py:642} INFO - Processing file /home/airflow/.local/lib/python3.7/site-packages/airflow/example_dags/example_subdag_operator.py for tasks to queue
[2022-04-11 13:33:55,917] {logging_mixin.py:109} INFO - [2022-04-11 13:33:55,917] {dagbag.py:500} INFO - Filling up the DagBag from /home/airflow/.local/lib/python3.7/site-packages/airflow/example_dags/example_subdag_operator.py
[2022-04-11 13:33:55,973] {processor.py:652} INFO - DAG(s) dict_keys(['example_subdag_operator.section-1', 'example_subdag_operator.section-2', 'example_subdag_operator']) retrieved from /home/airflow/.local/lib/python3.7/site-packages/airflow/example_dags/example_subdag_operator.py
[2022-04-11 13:33:55,991] {logging_mixin.py:109} INFO - [2022-04-11 13:33:55,991] {dag.py:2398} INFO - Sync 3 DAGs
[2022-04-11 13:33:56,013] {logging_mixin.py:109} INFO - [2022-04-11 13:33:56,013] {dag.py:2937} INFO - Setting next_dagrun for example_subdag_operator to 2022-04-09T00:00:00+00:00
[2022-04-11 13:33:56,014] {logging_mixin.py:109} INFO - [2022-04-11 13:33:56,014] {dag.py:2937} INFO - Setting next_dagrun for example_subdag_operator.section-1 to None
[2022-04-11 13:33:56,016] {logging_mixin.py:109} INFO - [2022-04-11 13:33:56,015] {dag.py:2937} INFO - Setting next_dagrun for example_subdag_operator.section-2 to None
[2022-04-11 13:33:56,024] {logging_mixin.py:109} INFO - [2022-04-11 13:33:56,023] {dag.py:2398} INFO - Sync 2 DAGs
[2022-04-11 13:33:56,033] {logging_mixin.py:109} INFO - [2022-04-11 13:33:56,033] {dag.py:2937} INFO - Setting next_dagrun for example_subdag_operator.section-1 to None
[2022-04-11 13:33:56,034] {logging_mixin.py:109} INFO - [2022-04-11 13:33:56,034] {dag.py:2937} INFO - Setting next_dagrun for example_subdag_operator.section-2 to None
[2022-04-11 13:33:56,041] {processor.py:171} INFO - Processing /home/airflow/.local/lib/python3.7/site-packages/airflow/example_dags/example_subdag_operator.py took 0.134 seconds
[2022-04-11 13:34:26,555] {processor.py:163} INFO - Started process (PID=1071) to work on /home/airflow/.local/lib/python3.7/site-packages/airflow/example_dags/example_subdag_operator.py
[2022-04-11 13:34:26,557] {processor.py:642} INFO - Processing file /home/airflow/.local/lib/python3.7/site-packages/airflow/example_dags/example_subdag_operator.py for tasks to queue
[2022-04-11 13:34:26,558] {logging_mixin.py:109} INFO - [2022-04-11 13:34:26,558] {dagbag.py:500} INFO - Filling up the DagBag from /home/airflow/.local/lib/python3.7/site-packages/airflow/example_dags/example_subdag_operator.py
[2022-04-11 13:34:26,611] {processor.py:652} INFO - DAG(s) dict_keys(['example_subdag_operator.section-1', 'example_subdag_operator.section-2', 'example_subdag_operator']) retrieved from /home/airflow/.local/lib/python3.7/site-packages/airflow/example_dags/example_subdag_operator.py
[2022-04-11 13:34:26,630] {logging_mixin.py:109} INFO - [2022-04-11 13:34:26,630] {dag.py:2398} INFO - Sync 3 DAGs
[2022-04-11 13:34:26,653] {logging_mixin.py:109} INFO - [2022-04-11 13:34:26,653] {dag.py:2937} INFO - Setting next_dagrun for example_subdag_operator to 2022-04-09T00:00:00+00:00
[2022-04-11 13:34:26,654] {logging_mixin.py:109} INFO - [2022-04-11 13:34:26,653] {dag.py:2937} INFO - Setting next_dagrun for example_subdag_operator.section-1 to None
[2022-04-11 13:34:26,654] {logging_mixin.py:109} INFO - [2022-04-11 13:34:26,654] {dag.py:2937} INFO - Setting next_dagrun for example_subdag_operator.section-2 to None
[2022-04-11 13:34:26,661] {logging_mixin.py:109} INFO - [2022-04-11 13:34:26,661] {dag.py:2398} INFO - Sync 2 DAGs
[2022-04-11 13:34:26,672] {logging_mixin.py:109} INFO - [2022-04-11 13:34:26,672] {dag.py:2937} INFO - Setting next_dagrun for example_subdag_operator.section-1 to None
[2022-04-11 13:34:26,673] {logging_mixin.py:109} INFO - [2022-04-11 13:34:26,673] {dag.py:2937} INFO - Setting next_dagrun for example_subdag_operator.section-2 to None
[2022-04-11 13:34:26,681] {processor.py:171} INFO - Processing /home/airflow/.local/lib/python3.7/site-packages/airflow/example_dags/example_subdag_operator.py took 0.131 seconds
[2022-04-11 13:34:57,237] {processor.py:163} INFO - Started process (PID=1124) to work on /home/airflow/.local/lib/python3.7/site-packages/airflow/example_dags/example_subdag_operator.py
[2022-04-11 13:34:57,239] {processor.py:642} INFO - Processing file /home/airflow/.local/lib/python3.7/site-packages/airflow/example_dags/example_subdag_operator.py for tasks to queue
[2022-04-11 13:34:57,241] {logging_mixin.py:109} INFO - [2022-04-11 13:34:57,241] {dagbag.py:500} INFO - Filling up the DagBag from /home/airflow/.local/lib/python3.7/site-packages/airflow/example_dags/example_subdag_operator.py
[2022-04-11 13:34:57,285] {processor.py:652} INFO - DAG(s) dict_keys(['example_subdag_operator.section-1', 'example_subdag_operator.section-2', 'example_subdag_operator']) retrieved from /home/airflow/.local/lib/python3.7/site-packages/airflow/example_dags/example_subdag_operator.py
[2022-04-11 13:34:57,303] {logging_mixin.py:109} INFO - [2022-04-11 13:34:57,302] {dag.py:2398} INFO - Sync 3 DAGs
[2022-04-11 13:34:57,327] {logging_mixin.py:109} INFO - [2022-04-11 13:34:57,327] {dag.py:2937} INFO - Setting next_dagrun for example_subdag_operator to 2022-04-09T00:00:00+00:00
[2022-04-11 13:34:57,329] {logging_mixin.py:109} INFO - [2022-04-11 13:34:57,329] {dag.py:2937} INFO - Setting next_dagrun for example_subdag_operator.section-1 to None
[2022-04-11 13:34:57,330] {logging_mixin.py:109} INFO - [2022-04-11 13:34:57,330] {dag.py:2937} INFO - Setting next_dagrun for example_subdag_operator.section-2 to None
[2022-04-11 13:34:57,344] {logging_mixin.py:109} INFO - [2022-04-11 13:34:57,344] {dag.py:2398} INFO - Sync 2 DAGs
[2022-04-11 13:34:57,362] {logging_mixin.py:109} INFO - [2022-04-11 13:34:57,361] {dag.py:2937} INFO - Setting next_dagrun for example_subdag_operator.section-1 to None
[2022-04-11 13:34:57,363] {logging_mixin.py:109} INFO - [2022-04-11 13:34:57,363] {dag.py:2937} INFO - Setting next_dagrun for example_subdag_operator.section-2 to None
[2022-04-11 13:34:57,386] {processor.py:171} INFO - Processing /home/airflow/.local/lib/python3.7/site-packages/airflow/example_dags/example_subdag_operator.py took 0.154 seconds
[2022-04-11 13:35:27,590] {processor.py:163} INFO - Started process (PID=1185) to work on /home/airflow/.local/lib/python3.7/site-packages/airflow/example_dags/example_subdag_operator.py
[2022-04-11 13:35:27,592] {processor.py:642} INFO - Processing file /home/airflow/.local/lib/python3.7/site-packages/airflow/example_dags/example_subdag_operator.py for tasks to queue
[2022-04-11 13:35:27,593] {logging_mixin.py:109} INFO - [2022-04-11 13:35:27,593] {dagbag.py:500} INFO - Filling up the DagBag from /home/airflow/.local/lib/python3.7/site-packages/airflow/example_dags/example_subdag_operator.py
[2022-04-11 13:35:27,641] {processor.py:652} INFO - DAG(s) dict_keys(['example_subdag_operator.section-1', 'example_subdag_operator.section-2', 'example_subdag_operator']) retrieved from /home/airflow/.local/lib/python3.7/site-packages/airflow/example_dags/example_subdag_operator.py
[2022-04-11 13:35:27,658] {logging_mixin.py:109} INFO - [2022-04-11 13:35:27,658] {dag.py:2398} INFO - Sync 3 DAGs
[2022-04-11 13:35:27,686] {logging_mixin.py:109} INFO - [2022-04-11 13:35:27,686] {dag.py:2937} INFO - Setting next_dagrun for example_subdag_operator to 2022-04-09T00:00:00+00:00
[2022-04-11 13:35:27,687] {logging_mixin.py:109} INFO - [2022-04-11 13:35:27,687] {dag.py:2937} INFO - Setting next_dagrun for example_subdag_operator.section-1 to None
[2022-04-11 13:35:27,688] {logging_mixin.py:109} INFO - [2022-04-11 13:35:27,688] {dag.py:2937} INFO - Setting next_dagrun for example_subdag_operator.section-2 to None
[2022-04-11 13:35:27,699] {logging_mixin.py:109} INFO - [2022-04-11 13:35:27,699] {dag.py:2398} INFO - Sync 2 DAGs
[2022-04-11 13:35:27,711] {logging_mixin.py:109} INFO - [2022-04-11 13:35:27,711] {dag.py:2937} INFO - Setting next_dagrun for example_subdag_operator.section-1 to None
[2022-04-11 13:35:27,714] {logging_mixin.py:109} INFO - [2022-04-11 13:35:27,714] {dag.py:2937} INFO - Setting next_dagrun for example_subdag_operator.section-2 to None
[2022-04-11 13:35:27,723] {processor.py:171} INFO - Processing /home/airflow/.local/lib/python3.7/site-packages/airflow/example_dags/example_subdag_operator.py took 0.138 seconds
[2022-04-11 13:35:57,948] {processor.py:163} INFO - Started process (PID=1237) to work on /home/airflow/.local/lib/python3.7/site-packages/airflow/example_dags/example_subdag_operator.py
[2022-04-11 13:35:57,950] {processor.py:642} INFO - Processing file /home/airflow/.local/lib/python3.7/site-packages/airflow/example_dags/example_subdag_operator.py for tasks to queue
[2022-04-11 13:35:57,952] {logging_mixin.py:109} INFO - [2022-04-11 13:35:57,952] {dagbag.py:500} INFO - Filling up the DagBag from /home/airflow/.local/lib/python3.7/site-packages/airflow/example_dags/example_subdag_operator.py
[2022-04-11 13:35:58,015] {processor.py:652} INFO - DAG(s) dict_keys(['example_subdag_operator.section-1', 'example_subdag_operator.section-2', 'example_subdag_operator']) retrieved from /home/airflow/.local/lib/python3.7/site-packages/airflow/example_dags/example_subdag_operator.py
[2022-04-11 13:35:58,033] {logging_mixin.py:109} INFO - [2022-04-11 13:35:58,033] {dag.py:2398} INFO - Sync 3 DAGs
[2022-04-11 13:35:58,064] {logging_mixin.py:109} INFO - [2022-04-11 13:35:58,064] {dag.py:2937} INFO - Setting next_dagrun for example_subdag_operator to 2022-04-09T00:00:00+00:00
[2022-04-11 13:35:58,066] {logging_mixin.py:109} INFO - [2022-04-11 13:35:58,066] {dag.py:2937} INFO - Setting next_dagrun for example_subdag_operator.section-1 to None
[2022-04-11 13:35:58,068] {logging_mixin.py:109} INFO - [2022-04-11 13:35:58,067] {dag.py:2937} INFO - Setting next_dagrun for example_subdag_operator.section-2 to None
[2022-04-11 13:35:58,080] {logging_mixin.py:109} INFO - [2022-04-11 13:35:58,080] {dag.py:2398} INFO - Sync 2 DAGs
[2022-04-11 13:35:58,093] {logging_mixin.py:109} INFO - [2022-04-11 13:35:58,093] {dag.py:2937} INFO - Setting next_dagrun for example_subdag_operator.section-1 to None
[2022-04-11 13:35:58,095] {logging_mixin.py:109} INFO - [2022-04-11 13:35:58,095] {dag.py:2937} INFO - Setting next_dagrun for example_subdag_operator.section-2 to None
[2022-04-11 13:35:58,111] {processor.py:171} INFO - Processing /home/airflow/.local/lib/python3.7/site-packages/airflow/example_dags/example_subdag_operator.py took 0.169 seconds
[2022-04-11 13:36:28,463] {processor.py:163} INFO - Started process (PID=1300) to work on /home/airflow/.local/lib/python3.7/site-packages/airflow/example_dags/example_subdag_operator.py
[2022-04-11 13:36:28,466] {processor.py:642} INFO - Processing file /home/airflow/.local/lib/python3.7/site-packages/airflow/example_dags/example_subdag_operator.py for tasks to queue
[2022-04-11 13:36:28,467] {logging_mixin.py:109} INFO - [2022-04-11 13:36:28,467] {dagbag.py:500} INFO - Filling up the DagBag from /home/airflow/.local/lib/python3.7/site-packages/airflow/example_dags/example_subdag_operator.py
[2022-04-11 13:36:28,519] {processor.py:652} INFO - DAG(s) dict_keys(['example_subdag_operator.section-1', 'example_subdag_operator.section-2', 'example_subdag_operator']) retrieved from /home/airflow/.local/lib/python3.7/site-packages/airflow/example_dags/example_subdag_operator.py
[2022-04-11 13:36:28,538] {logging_mixin.py:109} INFO - [2022-04-11 13:36:28,538] {dag.py:2398} INFO - Sync 3 DAGs
[2022-04-11 13:36:28,558] {logging_mixin.py:109} INFO - [2022-04-11 13:36:28,558] {dag.py:2937} INFO - Setting next_dagrun for example_subdag_operator to 2022-04-09T00:00:00+00:00
[2022-04-11 13:36:28,559] {logging_mixin.py:109} INFO - [2022-04-11 13:36:28,559] {dag.py:2937} INFO - Setting next_dagrun for example_subdag_operator.section-1 to None
[2022-04-11 13:36:28,560] {logging_mixin.py:109} INFO - [2022-04-11 13:36:28,560] {dag.py:2937} INFO - Setting next_dagrun for example_subdag_operator.section-2 to None
[2022-04-11 13:36:28,569] {logging_mixin.py:109} INFO - [2022-04-11 13:36:28,568] {dag.py:2398} INFO - Sync 2 DAGs
[2022-04-11 13:36:28,577] {logging_mixin.py:109} INFO - [2022-04-11 13:36:28,577] {dag.py:2937} INFO - Setting next_dagrun for example_subdag_operator.section-1 to None
[2022-04-11 13:36:28,578] {logging_mixin.py:109} INFO - [2022-04-11 13:36:28,578] {dag.py:2937} INFO - Setting next_dagrun for example_subdag_operator.section-2 to None
[2022-04-11 13:36:28,586] {processor.py:171} INFO - Processing /home/airflow/.local/lib/python3.7/site-packages/airflow/example_dags/example_subdag_operator.py took 0.127 seconds
[2022-04-11 13:36:58,878] {processor.py:163} INFO - Started process (PID=1357) to work on /home/airflow/.local/lib/python3.7/site-packages/airflow/example_dags/example_subdag_operator.py
[2022-04-11 13:36:58,880] {processor.py:642} INFO - Processing file /home/airflow/.local/lib/python3.7/site-packages/airflow/example_dags/example_subdag_operator.py for tasks to queue
[2022-04-11 13:36:58,882] {logging_mixin.py:109} INFO - [2022-04-11 13:36:58,882] {dagbag.py:500} INFO - Filling up the DagBag from /home/airflow/.local/lib/python3.7/site-packages/airflow/example_dags/example_subdag_operator.py
[2022-04-11 13:36:58,928] {processor.py:652} INFO - DAG(s) dict_keys(['example_subdag_operator.section-1', 'example_subdag_operator.section-2', 'example_subdag_operator']) retrieved from /home/airflow/.local/lib/python3.7/site-packages/airflow/example_dags/example_subdag_operator.py
[2022-04-11 13:36:58,943] {logging_mixin.py:109} INFO - [2022-04-11 13:36:58,943] {dag.py:2398} INFO - Sync 3 DAGs
[2022-04-11 13:36:58,965] {logging_mixin.py:109} INFO - [2022-04-11 13:36:58,965] {dag.py:2937} INFO - Setting next_dagrun for example_subdag_operator to 2022-04-09T00:00:00+00:00
[2022-04-11 13:36:58,966] {logging_mixin.py:109} INFO - [2022-04-11 13:36:58,966] {dag.py:2937} INFO - Setting next_dagrun for example_subdag_operator.section-1 to None
[2022-04-11 13:36:58,967] {logging_mixin.py:109} INFO - [2022-04-11 13:36:58,967] {dag.py:2937} INFO - Setting next_dagrun for example_subdag_operator.section-2 to None
[2022-04-11 13:36:58,975] {logging_mixin.py:109} INFO - [2022-04-11 13:36:58,974] {dag.py:2398} INFO - Sync 2 DAGs
[2022-04-11 13:36:58,987] {logging_mixin.py:109} INFO - [2022-04-11 13:36:58,987] {dag.py:2937} INFO - Setting next_dagrun for example_subdag_operator.section-1 to None
[2022-04-11 13:36:58,988] {logging_mixin.py:109} INFO - [2022-04-11 13:36:58,988] {dag.py:2937} INFO - Setting next_dagrun for example_subdag_operator.section-2 to None
[2022-04-11 13:36:59,000] {processor.py:171} INFO - Processing /home/airflow/.local/lib/python3.7/site-packages/airflow/example_dags/example_subdag_operator.py took 0.126 seconds
[2022-04-11 13:37:29,363] {processor.py:163} INFO - Started process (PID=1417) to work on /home/airflow/.local/lib/python3.7/site-packages/airflow/example_dags/example_subdag_operator.py
[2022-04-11 13:37:29,366] {processor.py:642} INFO - Processing file /home/airflow/.local/lib/python3.7/site-packages/airflow/example_dags/example_subdag_operator.py for tasks to queue
[2022-04-11 13:37:29,367] {logging_mixin.py:109} INFO - [2022-04-11 13:37:29,367] {dagbag.py:500} INFO - Filling up the DagBag from /home/airflow/.local/lib/python3.7/site-packages/airflow/example_dags/example_subdag_operator.py
[2022-04-11 13:37:29,432] {processor.py:652} INFO - DAG(s) dict_keys(['example_subdag_operator.section-1', 'example_subdag_operator.section-2', 'example_subdag_operator']) retrieved from /home/airflow/.local/lib/python3.7/site-packages/airflow/example_dags/example_subdag_operator.py
[2022-04-11 13:37:29,453] {logging_mixin.py:109} INFO - [2022-04-11 13:37:29,453] {dag.py:2398} INFO - Sync 3 DAGs
[2022-04-11 13:37:29,485] {logging_mixin.py:109} INFO - [2022-04-11 13:37:29,485] {dag.py:2937} INFO - Setting next_dagrun for example_subdag_operator to 2022-04-09T00:00:00+00:00
[2022-04-11 13:37:29,486] {logging_mixin.py:109} INFO - [2022-04-11 13:37:29,486] {dag.py:2937} INFO - Setting next_dagrun for example_subdag_operator.section-1 to None
[2022-04-11 13:37:29,488] {logging_mixin.py:109} INFO - [2022-04-11 13:37:29,488] {dag.py:2937} INFO - Setting next_dagrun for example_subdag_operator.section-2 to None
[2022-04-11 13:37:29,497] {logging_mixin.py:109} INFO - [2022-04-11 13:37:29,497] {dag.py:2398} INFO - Sync 2 DAGs
[2022-04-11 13:37:29,510] {logging_mixin.py:109} INFO - [2022-04-11 13:37:29,510] {dag.py:2937} INFO - Setting next_dagrun for example_subdag_operator.section-1 to None
[2022-04-11 13:37:29,512] {logging_mixin.py:109} INFO - [2022-04-11 13:37:29,512] {dag.py:2937} INFO - Setting next_dagrun for example_subdag_operator.section-2 to None
[2022-04-11 13:37:29,522] {processor.py:171} INFO - Processing /home/airflow/.local/lib/python3.7/site-packages/airflow/example_dags/example_subdag_operator.py took 0.165 seconds
[2022-04-11 13:37:59,562] {processor.py:163} INFO - Started process (PID=1471) to work on /home/airflow/.local/lib/python3.7/site-packages/airflow/example_dags/example_subdag_operator.py
[2022-04-11 13:37:59,565] {processor.py:642} INFO - Processing file /home/airflow/.local/lib/python3.7/site-packages/airflow/example_dags/example_subdag_operator.py for tasks to queue
[2022-04-11 13:37:59,567] {logging_mixin.py:109} INFO - [2022-04-11 13:37:59,567] {dagbag.py:500} INFO - Filling up the DagBag from /home/airflow/.local/lib/python3.7/site-packages/airflow/example_dags/example_subdag_operator.py
[2022-04-11 13:37:59,618] {processor.py:652} INFO - DAG(s) dict_keys(['example_subdag_operator.section-1', 'example_subdag_operator.section-2', 'example_subdag_operator']) retrieved from /home/airflow/.local/lib/python3.7/site-packages/airflow/example_dags/example_subdag_operator.py
[2022-04-11 13:37:59,636] {logging_mixin.py:109} INFO - [2022-04-11 13:37:59,636] {dag.py:2398} INFO - Sync 3 DAGs
[2022-04-11 13:37:59,658] {logging_mixin.py:109} INFO - [2022-04-11 13:37:59,658] {dag.py:2937} INFO - Setting next_dagrun for example_subdag_operator to 2022-04-09T00:00:00+00:00
[2022-04-11 13:37:59,659] {logging_mixin.py:109} INFO - [2022-04-11 13:37:59,659] {dag.py:2937} INFO - Setting next_dagrun for example_subdag_operator.section-1 to None
[2022-04-11 13:37:59,660] {logging_mixin.py:109} INFO - [2022-04-11 13:37:59,660] {dag.py:2937} INFO - Setting next_dagrun for example_subdag_operator.section-2 to None
[2022-04-11 13:37:59,668] {logging_mixin.py:109} INFO - [2022-04-11 13:37:59,668] {dag.py:2398} INFO - Sync 2 DAGs
[2022-04-11 13:37:59,680] {logging_mixin.py:109} INFO - [2022-04-11 13:37:59,680] {dag.py:2937} INFO - Setting next_dagrun for example_subdag_operator.section-1 to None
[2022-04-11 13:37:59,681] {logging_mixin.py:109} INFO - [2022-04-11 13:37:59,681] {dag.py:2937} INFO - Setting next_dagrun for example_subdag_operator.section-2 to None
[2022-04-11 13:37:59,690] {processor.py:171} INFO - Processing /home/airflow/.local/lib/python3.7/site-packages/airflow/example_dags/example_subdag_operator.py took 0.134 seconds
[2022-04-11 13:38:29,997] {processor.py:163} INFO - Started process (PID=1532) to work on /home/airflow/.local/lib/python3.7/site-packages/airflow/example_dags/example_subdag_operator.py
[2022-04-11 13:38:30,000] {processor.py:642} INFO - Processing file /home/airflow/.local/lib/python3.7/site-packages/airflow/example_dags/example_subdag_operator.py for tasks to queue
[2022-04-11 13:38:30,001] {logging_mixin.py:109} INFO - [2022-04-11 13:38:30,001] {dagbag.py:500} INFO - Filling up the DagBag from /home/airflow/.local/lib/python3.7/site-packages/airflow/example_dags/example_subdag_operator.py
[2022-04-11 13:38:30,061] {processor.py:652} INFO - DAG(s) dict_keys(['example_subdag_operator.section-1', 'example_subdag_operator.section-2', 'example_subdag_operator']) retrieved from /home/airflow/.local/lib/python3.7/site-packages/airflow/example_dags/example_subdag_operator.py
[2022-04-11 13:38:30,080] {logging_mixin.py:109} INFO - [2022-04-11 13:38:30,080] {dag.py:2398} INFO - Sync 3 DAGs
[2022-04-11 13:38:30,114] {logging_mixin.py:109} INFO - [2022-04-11 13:38:30,114] {dag.py:2937} INFO - Setting next_dagrun for example_subdag_operator to 2022-04-09T00:00:00+00:00
[2022-04-11 13:38:30,122] {logging_mixin.py:109} INFO - [2022-04-11 13:38:30,122] {dag.py:2937} INFO - Setting next_dagrun for example_subdag_operator.section-1 to None
[2022-04-11 13:38:30,128] {logging_mixin.py:109} INFO - [2022-04-11 13:38:30,128] {dag.py:2937} INFO - Setting next_dagrun for example_subdag_operator.section-2 to None
[2022-04-11 13:38:30,144] {logging_mixin.py:109} INFO - [2022-04-11 13:38:30,144] {dag.py:2398} INFO - Sync 2 DAGs
[2022-04-11 13:38:30,172] {logging_mixin.py:109} INFO - [2022-04-11 13:38:30,172] {dag.py:2937} INFO - Setting next_dagrun for example_subdag_operator.section-1 to None
[2022-04-11 13:38:30,175] {logging_mixin.py:109} INFO - [2022-04-11 13:38:30,175] {dag.py:2937} INFO - Setting next_dagrun for example_subdag_operator.section-2 to None
[2022-04-11 13:38:30,193] {processor.py:171} INFO - Processing /home/airflow/.local/lib/python3.7/site-packages/airflow/example_dags/example_subdag_operator.py took 0.200 seconds
[2022-04-11 13:39:00,855] {processor.py:163} INFO - Started process (PID=1584) to work on /home/airflow/.local/lib/python3.7/site-packages/airflow/example_dags/example_subdag_operator.py
[2022-04-11 13:39:00,857] {processor.py:642} INFO - Processing file /home/airflow/.local/lib/python3.7/site-packages/airflow/example_dags/example_subdag_operator.py for tasks to queue
[2022-04-11 13:39:00,859] {logging_mixin.py:109} INFO - [2022-04-11 13:39:00,859] {dagbag.py:500} INFO - Filling up the DagBag from /home/airflow/.local/lib/python3.7/site-packages/airflow/example_dags/example_subdag_operator.py
[2022-04-11 13:39:00,909] {processor.py:652} INFO - DAG(s) dict_keys(['example_subdag_operator.section-1', 'example_subdag_operator.section-2', 'example_subdag_operator']) retrieved from /home/airflow/.local/lib/python3.7/site-packages/airflow/example_dags/example_subdag_operator.py
[2022-04-11 13:39:00,926] {logging_mixin.py:109} INFO - [2022-04-11 13:39:00,926] {dag.py:2398} INFO - Sync 3 DAGs
[2022-04-11 13:39:00,949] {logging_mixin.py:109} INFO - [2022-04-11 13:39:00,949] {dag.py:2937} INFO - Setting next_dagrun for example_subdag_operator to 2022-04-09T00:00:00+00:00
[2022-04-11 13:39:00,950] {logging_mixin.py:109} INFO - [2022-04-11 13:39:00,950] {dag.py:2937} INFO - Setting next_dagrun for example_subdag_operator.section-1 to None
[2022-04-11 13:39:00,951] {logging_mixin.py:109} INFO - [2022-04-11 13:39:00,951] {dag.py:2937} INFO - Setting next_dagrun for example_subdag_operator.section-2 to None
[2022-04-11 13:39:00,960] {logging_mixin.py:109} INFO - [2022-04-11 13:39:00,960] {dag.py:2398} INFO - Sync 2 DAGs
[2022-04-11 13:39:00,970] {logging_mixin.py:109} INFO - [2022-04-11 13:39:00,970] {dag.py:2937} INFO - Setting next_dagrun for example_subdag_operator.section-1 to None
[2022-04-11 13:39:00,971] {logging_mixin.py:109} INFO - [2022-04-11 13:39:00,971] {dag.py:2937} INFO - Setting next_dagrun for example_subdag_operator.section-2 to None
[2022-04-11 13:39:00,979] {processor.py:171} INFO - Processing /home/airflow/.local/lib/python3.7/site-packages/airflow/example_dags/example_subdag_operator.py took 0.129 seconds
[2022-04-11 13:39:31,156] {processor.py:163} INFO - Started process (PID=1638) to work on /home/airflow/.local/lib/python3.7/site-packages/airflow/example_dags/example_subdag_operator.py
[2022-04-11 13:39:31,160] {processor.py:642} INFO - Processing file /home/airflow/.local/lib/python3.7/site-packages/airflow/example_dags/example_subdag_operator.py for tasks to queue
[2022-04-11 13:39:31,171] {logging_mixin.py:109} INFO - [2022-04-11 13:39:31,170] {dagbag.py:500} INFO - Filling up the DagBag from /home/airflow/.local/lib/python3.7/site-packages/airflow/example_dags/example_subdag_operator.py
[2022-04-11 13:39:31,246] {processor.py:652} INFO - DAG(s) dict_keys(['example_subdag_operator.section-1', 'example_subdag_operator.section-2', 'example_subdag_operator']) retrieved from /home/airflow/.local/lib/python3.7/site-packages/airflow/example_dags/example_subdag_operator.py
[2022-04-11 13:39:31,266] {logging_mixin.py:109} INFO - [2022-04-11 13:39:31,266] {dag.py:2398} INFO - Sync 3 DAGs
[2022-04-11 13:39:31,289] {logging_mixin.py:109} INFO - [2022-04-11 13:39:31,289] {dag.py:2937} INFO - Setting next_dagrun for example_subdag_operator to 2022-04-09T00:00:00+00:00
[2022-04-11 13:39:31,291] {logging_mixin.py:109} INFO - [2022-04-11 13:39:31,291] {dag.py:2937} INFO - Setting next_dagrun for example_subdag_operator.section-1 to None
[2022-04-11 13:39:31,292] {logging_mixin.py:109} INFO - [2022-04-11 13:39:31,292] {dag.py:2937} INFO - Setting next_dagrun for example_subdag_operator.section-2 to None
[2022-04-11 13:39:31,299] {logging_mixin.py:109} INFO - [2022-04-11 13:39:31,299] {dag.py:2398} INFO - Sync 2 DAGs
[2022-04-11 13:39:31,316] {logging_mixin.py:109} INFO - [2022-04-11 13:39:31,315] {dag.py:2937} INFO - Setting next_dagrun for example_subdag_operator.section-1 to None
[2022-04-11 13:39:31,317] {logging_mixin.py:109} INFO - [2022-04-11 13:39:31,317] {dag.py:2937} INFO - Setting next_dagrun for example_subdag_operator.section-2 to None
[2022-04-11 13:39:31,326] {processor.py:171} INFO - Processing /home/airflow/.local/lib/python3.7/site-packages/airflow/example_dags/example_subdag_operator.py took 0.177 seconds
[2022-04-11 13:40:01,451] {processor.py:163} INFO - Started process (PID=1698) to work on /home/airflow/.local/lib/python3.7/site-packages/airflow/example_dags/example_subdag_operator.py
[2022-04-11 13:40:01,453] {processor.py:642} INFO - Processing file /home/airflow/.local/lib/python3.7/site-packages/airflow/example_dags/example_subdag_operator.py for tasks to queue
[2022-04-11 13:40:01,454] {logging_mixin.py:109} INFO - [2022-04-11 13:40:01,454] {dagbag.py:500} INFO - Filling up the DagBag from /home/airflow/.local/lib/python3.7/site-packages/airflow/example_dags/example_subdag_operator.py
[2022-04-11 13:40:01,494] {processor.py:652} INFO - DAG(s) dict_keys(['example_subdag_operator.section-1', 'example_subdag_operator.section-2', 'example_subdag_operator']) retrieved from /home/airflow/.local/lib/python3.7/site-packages/airflow/example_dags/example_subdag_operator.py
[2022-04-11 13:40:01,507] {logging_mixin.py:109} INFO - [2022-04-11 13:40:01,506] {dag.py:2398} INFO - Sync 3 DAGs
[2022-04-11 13:40:01,524] {logging_mixin.py:109} INFO - [2022-04-11 13:40:01,524] {dag.py:2937} INFO - Setting next_dagrun for example_subdag_operator to 2022-04-09T00:00:00+00:00
[2022-04-11 13:40:01,525] {logging_mixin.py:109} INFO - [2022-04-11 13:40:01,525] {dag.py:2937} INFO - Setting next_dagrun for example_subdag_operator.section-1 to None
[2022-04-11 13:40:01,526] {logging_mixin.py:109} INFO - [2022-04-11 13:40:01,526] {dag.py:2937} INFO - Setting next_dagrun for example_subdag_operator.section-2 to None
[2022-04-11 13:40:01,532] {logging_mixin.py:109} INFO - [2022-04-11 13:40:01,532] {dag.py:2398} INFO - Sync 2 DAGs
[2022-04-11 13:40:01,540] {logging_mixin.py:109} INFO - [2022-04-11 13:40:01,540] {dag.py:2937} INFO - Setting next_dagrun for example_subdag_operator.section-1 to None
[2022-04-11 13:40:01,542] {logging_mixin.py:109} INFO - [2022-04-11 13:40:01,541] {dag.py:2937} INFO - Setting next_dagrun for example_subdag_operator.section-2 to None
[2022-04-11 13:40:01,549] {processor.py:171} INFO - Processing /home/airflow/.local/lib/python3.7/site-packages/airflow/example_dags/example_subdag_operator.py took 0.102 seconds
[2022-04-11 13:40:31,790] {processor.py:163} INFO - Started process (PID=1750) to work on /home/airflow/.local/lib/python3.7/site-packages/airflow/example_dags/example_subdag_operator.py
[2022-04-11 13:40:31,792] {processor.py:642} INFO - Processing file /home/airflow/.local/lib/python3.7/site-packages/airflow/example_dags/example_subdag_operator.py for tasks to queue
[2022-04-11 13:40:31,794] {logging_mixin.py:109} INFO - [2022-04-11 13:40:31,794] {dagbag.py:500} INFO - Filling up the DagBag from /home/airflow/.local/lib/python3.7/site-packages/airflow/example_dags/example_subdag_operator.py
[2022-04-11 13:40:31,837] {processor.py:652} INFO - DAG(s) dict_keys(['example_subdag_operator.section-1', 'example_subdag_operator.section-2', 'example_subdag_operator']) retrieved from /home/airflow/.local/lib/python3.7/site-packages/airflow/example_dags/example_subdag_operator.py
[2022-04-11 13:40:31,853] {logging_mixin.py:109} INFO - [2022-04-11 13:40:31,853] {dag.py:2398} INFO - Sync 3 DAGs
[2022-04-11 13:40:31,876] {logging_mixin.py:109} INFO - [2022-04-11 13:40:31,876] {dag.py:2937} INFO - Setting next_dagrun for example_subdag_operator to 2022-04-09T00:00:00+00:00
[2022-04-11 13:40:31,878] {logging_mixin.py:109} INFO - [2022-04-11 13:40:31,878] {dag.py:2937} INFO - Setting next_dagrun for example_subdag_operator.section-1 to None
[2022-04-11 13:40:31,879] {logging_mixin.py:109} INFO - [2022-04-11 13:40:31,879] {dag.py:2937} INFO - Setting next_dagrun for example_subdag_operator.section-2 to None
[2022-04-11 13:40:31,888] {logging_mixin.py:109} INFO - [2022-04-11 13:40:31,888] {dag.py:2398} INFO - Sync 2 DAGs
[2022-04-11 13:40:31,899] {logging_mixin.py:109} INFO - [2022-04-11 13:40:31,899] {dag.py:2937} INFO - Setting next_dagrun for example_subdag_operator.section-1 to None
[2022-04-11 13:40:31,901] {logging_mixin.py:109} INFO - [2022-04-11 13:40:31,900] {dag.py:2937} INFO - Setting next_dagrun for example_subdag_operator.section-2 to None
[2022-04-11 13:40:31,911] {processor.py:171} INFO - Processing /home/airflow/.local/lib/python3.7/site-packages/airflow/example_dags/example_subdag_operator.py took 0.125 seconds
[2022-04-11 13:41:02,466] {processor.py:163} INFO - Started process (PID=1814) to work on /home/airflow/.local/lib/python3.7/site-packages/airflow/example_dags/example_subdag_operator.py
[2022-04-11 13:41:02,469] {processor.py:642} INFO - Processing file /home/airflow/.local/lib/python3.7/site-packages/airflow/example_dags/example_subdag_operator.py for tasks to queue
[2022-04-11 13:41:02,471] {logging_mixin.py:109} INFO - [2022-04-11 13:41:02,471] {dagbag.py:500} INFO - Filling up the DagBag from /home/airflow/.local/lib/python3.7/site-packages/airflow/example_dags/example_subdag_operator.py
[2022-04-11 13:41:02,536] {processor.py:652} INFO - DAG(s) dict_keys(['example_subdag_operator.section-1', 'example_subdag_operator.section-2', 'example_subdag_operator']) retrieved from /home/airflow/.local/lib/python3.7/site-packages/airflow/example_dags/example_subdag_operator.py
[2022-04-11 13:41:02,552] {logging_mixin.py:109} INFO - [2022-04-11 13:41:02,552] {dag.py:2398} INFO - Sync 3 DAGs
[2022-04-11 13:41:02,575] {logging_mixin.py:109} INFO - [2022-04-11 13:41:02,574] {dag.py:2937} INFO - Setting next_dagrun for example_subdag_operator to 2022-04-09T00:00:00+00:00
[2022-04-11 13:41:02,576] {logging_mixin.py:109} INFO - [2022-04-11 13:41:02,576] {dag.py:2937} INFO - Setting next_dagrun for example_subdag_operator.section-1 to None
[2022-04-11 13:41:02,577] {logging_mixin.py:109} INFO - [2022-04-11 13:41:02,577] {dag.py:2937} INFO - Setting next_dagrun for example_subdag_operator.section-2 to None
[2022-04-11 13:41:02,585] {logging_mixin.py:109} INFO - [2022-04-11 13:41:02,585] {dag.py:2398} INFO - Sync 2 DAGs
[2022-04-11 13:41:02,600] {logging_mixin.py:109} INFO - [2022-04-11 13:41:02,599] {dag.py:2937} INFO - Setting next_dagrun for example_subdag_operator.section-1 to None
[2022-04-11 13:41:02,601] {logging_mixin.py:109} INFO - [2022-04-11 13:41:02,601] {dag.py:2937} INFO - Setting next_dagrun for example_subdag_operator.section-2 to None
[2022-04-11 13:41:02,611] {processor.py:171} INFO - Processing /home/airflow/.local/lib/python3.7/site-packages/airflow/example_dags/example_subdag_operator.py took 0.151 seconds
[2022-04-11 13:41:33,026] {processor.py:163} INFO - Started process (PID=1867) to work on /home/airflow/.local/lib/python3.7/site-packages/airflow/example_dags/example_subdag_operator.py
[2022-04-11 13:41:33,028] {processor.py:642} INFO - Processing file /home/airflow/.local/lib/python3.7/site-packages/airflow/example_dags/example_subdag_operator.py for tasks to queue
[2022-04-11 13:41:33,029] {logging_mixin.py:109} INFO - [2022-04-11 13:41:33,029] {dagbag.py:500} INFO - Filling up the DagBag from /home/airflow/.local/lib/python3.7/site-packages/airflow/example_dags/example_subdag_operator.py
[2022-04-11 13:41:33,084] {processor.py:652} INFO - DAG(s) dict_keys(['example_subdag_operator.section-1', 'example_subdag_operator.section-2', 'example_subdag_operator']) retrieved from /home/airflow/.local/lib/python3.7/site-packages/airflow/example_dags/example_subdag_operator.py
[2022-04-11 13:41:33,099] {logging_mixin.py:109} INFO - [2022-04-11 13:41:33,099] {dag.py:2398} INFO - Sync 3 DAGs
[2022-04-11 13:41:33,136] {logging_mixin.py:109} INFO - [2022-04-11 13:41:33,136] {dag.py:2937} INFO - Setting next_dagrun for example_subdag_operator to 2022-04-09T00:00:00+00:00
[2022-04-11 13:41:33,140] {logging_mixin.py:109} INFO - [2022-04-11 13:41:33,138] {dag.py:2937} INFO - Setting next_dagrun for example_subdag_operator.section-1 to None
[2022-04-11 13:41:33,143] {logging_mixin.py:109} INFO - [2022-04-11 13:41:33,142] {dag.py:2937} INFO - Setting next_dagrun for example_subdag_operator.section-2 to None
[2022-04-11 13:41:33,153] {logging_mixin.py:109} INFO - [2022-04-11 13:41:33,153] {dag.py:2398} INFO - Sync 2 DAGs
[2022-04-11 13:41:33,168] {logging_mixin.py:109} INFO - [2022-04-11 13:41:33,168] {dag.py:2937} INFO - Setting next_dagrun for example_subdag_operator.section-1 to None
[2022-04-11 13:41:33,169] {logging_mixin.py:109} INFO - [2022-04-11 13:41:33,169] {dag.py:2937} INFO - Setting next_dagrun for example_subdag_operator.section-2 to None
[2022-04-11 13:41:33,178] {processor.py:171} INFO - Processing /home/airflow/.local/lib/python3.7/site-packages/airflow/example_dags/example_subdag_operator.py took 0.157 seconds
[2022-04-11 13:42:03,710] {processor.py:163} INFO - Started process (PID=1919) to work on /home/airflow/.local/lib/python3.7/site-packages/airflow/example_dags/example_subdag_operator.py
[2022-04-11 13:42:03,712] {processor.py:642} INFO - Processing file /home/airflow/.local/lib/python3.7/site-packages/airflow/example_dags/example_subdag_operator.py for tasks to queue
[2022-04-11 13:42:03,713] {logging_mixin.py:109} INFO - [2022-04-11 13:42:03,713] {dagbag.py:500} INFO - Filling up the DagBag from /home/airflow/.local/lib/python3.7/site-packages/airflow/example_dags/example_subdag_operator.py
[2022-04-11 13:42:03,759] {processor.py:652} INFO - DAG(s) dict_keys(['example_subdag_operator.section-1', 'example_subdag_operator.section-2', 'example_subdag_operator']) retrieved from /home/airflow/.local/lib/python3.7/site-packages/airflow/example_dags/example_subdag_operator.py
[2022-04-11 13:42:03,774] {logging_mixin.py:109} INFO - [2022-04-11 13:42:03,774] {dag.py:2398} INFO - Sync 3 DAGs
[2022-04-11 13:42:03,800] {logging_mixin.py:109} INFO - [2022-04-11 13:42:03,800] {dag.py:2937} INFO - Setting next_dagrun for example_subdag_operator to 2022-04-09T00:00:00+00:00
[2022-04-11 13:42:03,801] {logging_mixin.py:109} INFO - [2022-04-11 13:42:03,801] {dag.py:2937} INFO - Setting next_dagrun for example_subdag_operator.section-1 to None
[2022-04-11 13:42:03,802] {logging_mixin.py:109} INFO - [2022-04-11 13:42:03,802] {dag.py:2937} INFO - Setting next_dagrun for example_subdag_operator.section-2 to None
[2022-04-11 13:42:03,811] {logging_mixin.py:109} INFO - [2022-04-11 13:42:03,810] {dag.py:2398} INFO - Sync 2 DAGs
[2022-04-11 13:42:03,822] {logging_mixin.py:109} INFO - [2022-04-11 13:42:03,822] {dag.py:2937} INFO - Setting next_dagrun for example_subdag_operator.section-1 to None
[2022-04-11 13:42:03,823] {logging_mixin.py:109} INFO - [2022-04-11 13:42:03,823] {dag.py:2937} INFO - Setting next_dagrun for example_subdag_operator.section-2 to None
[2022-04-11 13:42:03,833] {processor.py:171} INFO - Processing /home/airflow/.local/lib/python3.7/site-packages/airflow/example_dags/example_subdag_operator.py took 0.127 seconds
[2022-04-11 13:42:34,730] {processor.py:163} INFO - Started process (PID=1981) to work on /home/airflow/.local/lib/python3.7/site-packages/airflow/example_dags/example_subdag_operator.py
[2022-04-11 13:42:34,732] {processor.py:642} INFO - Processing file /home/airflow/.local/lib/python3.7/site-packages/airflow/example_dags/example_subdag_operator.py for tasks to queue
[2022-04-11 13:42:34,734] {logging_mixin.py:109} INFO - [2022-04-11 13:42:34,734] {dagbag.py:500} INFO - Filling up the DagBag from /home/airflow/.local/lib/python3.7/site-packages/airflow/example_dags/example_subdag_operator.py
[2022-04-11 13:42:34,776] {processor.py:652} INFO - DAG(s) dict_keys(['example_subdag_operator.section-1', 'example_subdag_operator.section-2', 'example_subdag_operator']) retrieved from /home/airflow/.local/lib/python3.7/site-packages/airflow/example_dags/example_subdag_operator.py
[2022-04-11 13:42:34,792] {logging_mixin.py:109} INFO - [2022-04-11 13:42:34,792] {dag.py:2398} INFO - Sync 3 DAGs
[2022-04-11 13:42:34,814] {logging_mixin.py:109} INFO - [2022-04-11 13:42:34,814] {dag.py:2937} INFO - Setting next_dagrun for example_subdag_operator to 2022-04-09T00:00:00+00:00
[2022-04-11 13:42:34,815] {logging_mixin.py:109} INFO - [2022-04-11 13:42:34,815] {dag.py:2937} INFO - Setting next_dagrun for example_subdag_operator.section-1 to None
[2022-04-11 13:42:34,816] {logging_mixin.py:109} INFO - [2022-04-11 13:42:34,816] {dag.py:2937} INFO - Setting next_dagrun for example_subdag_operator.section-2 to None
[2022-04-11 13:42:34,827] {logging_mixin.py:109} INFO - [2022-04-11 13:42:34,827] {dag.py:2398} INFO - Sync 2 DAGs
[2022-04-11 13:42:34,837] {logging_mixin.py:109} INFO - [2022-04-11 13:42:34,837] {dag.py:2937} INFO - Setting next_dagrun for example_subdag_operator.section-1 to None
[2022-04-11 13:42:34,838] {logging_mixin.py:109} INFO - [2022-04-11 13:42:34,838] {dag.py:2937} INFO - Setting next_dagrun for example_subdag_operator.section-2 to None
[2022-04-11 13:42:34,849] {processor.py:171} INFO - Processing /home/airflow/.local/lib/python3.7/site-packages/airflow/example_dags/example_subdag_operator.py took 0.123 seconds
[2022-04-11 13:43:05,796] {processor.py:163} INFO - Started process (PID=2034) to work on /home/airflow/.local/lib/python3.7/site-packages/airflow/example_dags/example_subdag_operator.py
[2022-04-11 13:43:05,799] {processor.py:642} INFO - Processing file /home/airflow/.local/lib/python3.7/site-packages/airflow/example_dags/example_subdag_operator.py for tasks to queue
[2022-04-11 13:43:05,800] {logging_mixin.py:109} INFO - [2022-04-11 13:43:05,800] {dagbag.py:500} INFO - Filling up the DagBag from /home/airflow/.local/lib/python3.7/site-packages/airflow/example_dags/example_subdag_operator.py
[2022-04-11 13:43:05,872] {processor.py:652} INFO - DAG(s) dict_keys(['example_subdag_operator.section-1', 'example_subdag_operator.section-2', 'example_subdag_operator']) retrieved from /home/airflow/.local/lib/python3.7/site-packages/airflow/example_dags/example_subdag_operator.py
[2022-04-11 13:43:05,907] {logging_mixin.py:109} INFO - [2022-04-11 13:43:05,907] {dag.py:2398} INFO - Sync 3 DAGs
[2022-04-11 13:43:05,947] {logging_mixin.py:109} INFO - [2022-04-11 13:43:05,947] {dag.py:2937} INFO - Setting next_dagrun for example_subdag_operator to 2022-04-09T00:00:00+00:00
[2022-04-11 13:43:05,949] {logging_mixin.py:109} INFO - [2022-04-11 13:43:05,948] {dag.py:2937} INFO - Setting next_dagrun for example_subdag_operator.section-1 to None
[2022-04-11 13:43:05,950] {logging_mixin.py:109} INFO - [2022-04-11 13:43:05,950] {dag.py:2937} INFO - Setting next_dagrun for example_subdag_operator.section-2 to None
[2022-04-11 13:43:05,964] {logging_mixin.py:109} INFO - [2022-04-11 13:43:05,964] {dag.py:2398} INFO - Sync 2 DAGs
[2022-04-11 13:43:05,974] {logging_mixin.py:109} INFO - [2022-04-11 13:43:05,974] {dag.py:2937} INFO - Setting next_dagrun for example_subdag_operator.section-1 to None
[2022-04-11 13:43:05,975] {logging_mixin.py:109} INFO - [2022-04-11 13:43:05,975] {dag.py:2937} INFO - Setting next_dagrun for example_subdag_operator.section-2 to None
[2022-04-11 13:43:05,983] {processor.py:171} INFO - Processing /home/airflow/.local/lib/python3.7/site-packages/airflow/example_dags/example_subdag_operator.py took 0.192 seconds
[2022-04-11 13:43:36,045] {processor.py:163} INFO - Started process (PID=2098) to work on /home/airflow/.local/lib/python3.7/site-packages/airflow/example_dags/example_subdag_operator.py
[2022-04-11 13:43:36,048] {processor.py:642} INFO - Processing file /home/airflow/.local/lib/python3.7/site-packages/airflow/example_dags/example_subdag_operator.py for tasks to queue
[2022-04-11 13:43:36,050] {logging_mixin.py:109} INFO - [2022-04-11 13:43:36,050] {dagbag.py:500} INFO - Filling up the DagBag from /home/airflow/.local/lib/python3.7/site-packages/airflow/example_dags/example_subdag_operator.py
[2022-04-11 13:43:36,106] {processor.py:652} INFO - DAG(s) dict_keys(['example_subdag_operator.section-1', 'example_subdag_operator.section-2', 'example_subdag_operator']) retrieved from /home/airflow/.local/lib/python3.7/site-packages/airflow/example_dags/example_subdag_operator.py
[2022-04-11 13:43:36,129] {logging_mixin.py:109} INFO - [2022-04-11 13:43:36,129] {dag.py:2398} INFO - Sync 3 DAGs
[2022-04-11 13:43:36,149] {logging_mixin.py:109} INFO - [2022-04-11 13:43:36,149] {dag.py:2937} INFO - Setting next_dagrun for example_subdag_operator to 2022-04-09T00:00:00+00:00
[2022-04-11 13:43:36,150] {logging_mixin.py:109} INFO - [2022-04-11 13:43:36,150] {dag.py:2937} INFO - Setting next_dagrun for example_subdag_operator.section-1 to None
[2022-04-11 13:43:36,151] {logging_mixin.py:109} INFO - [2022-04-11 13:43:36,151] {dag.py:2937} INFO - Setting next_dagrun for example_subdag_operator.section-2 to None
[2022-04-11 13:43:36,158] {logging_mixin.py:109} INFO - [2022-04-11 13:43:36,158] {dag.py:2398} INFO - Sync 2 DAGs
[2022-04-11 13:43:36,168] {logging_mixin.py:109} INFO - [2022-04-11 13:43:36,168] {dag.py:2937} INFO - Setting next_dagrun for example_subdag_operator.section-1 to None
[2022-04-11 13:43:36,169] {logging_mixin.py:109} INFO - [2022-04-11 13:43:36,169] {dag.py:2937} INFO - Setting next_dagrun for example_subdag_operator.section-2 to None
[2022-04-11 13:43:36,177] {processor.py:171} INFO - Processing /home/airflow/.local/lib/python3.7/site-packages/airflow/example_dags/example_subdag_operator.py took 0.137 seconds
[2022-04-11 13:44:06,818] {processor.py:163} INFO - Started process (PID=2150) to work on /home/airflow/.local/lib/python3.7/site-packages/airflow/example_dags/example_subdag_operator.py
[2022-04-11 13:44:06,819] {processor.py:642} INFO - Processing file /home/airflow/.local/lib/python3.7/site-packages/airflow/example_dags/example_subdag_operator.py for tasks to queue
[2022-04-11 13:44:06,821] {logging_mixin.py:109} INFO - [2022-04-11 13:44:06,821] {dagbag.py:500} INFO - Filling up the DagBag from /home/airflow/.local/lib/python3.7/site-packages/airflow/example_dags/example_subdag_operator.py
[2022-04-11 13:44:06,870] {processor.py:652} INFO - DAG(s) dict_keys(['example_subdag_operator.section-1', 'example_subdag_operator.section-2', 'example_subdag_operator']) retrieved from /home/airflow/.local/lib/python3.7/site-packages/airflow/example_dags/example_subdag_operator.py
[2022-04-11 13:44:06,886] {logging_mixin.py:109} INFO - [2022-04-11 13:44:06,885] {dag.py:2398} INFO - Sync 3 DAGs
[2022-04-11 13:44:06,906] {logging_mixin.py:109} INFO - [2022-04-11 13:44:06,906] {dag.py:2937} INFO - Setting next_dagrun for example_subdag_operator to 2022-04-09T00:00:00+00:00
[2022-04-11 13:44:06,908] {logging_mixin.py:109} INFO - [2022-04-11 13:44:06,908] {dag.py:2937} INFO - Setting next_dagrun for example_subdag_operator.section-1 to None
[2022-04-11 13:44:06,909] {logging_mixin.py:109} INFO - [2022-04-11 13:44:06,909] {dag.py:2937} INFO - Setting next_dagrun for example_subdag_operator.section-2 to None
[2022-04-11 13:44:06,917] {logging_mixin.py:109} INFO - [2022-04-11 13:44:06,917] {dag.py:2398} INFO - Sync 2 DAGs
[2022-04-11 13:44:06,926] {logging_mixin.py:109} INFO - [2022-04-11 13:44:06,926] {dag.py:2937} INFO - Setting next_dagrun for example_subdag_operator.section-1 to None
[2022-04-11 13:44:06,927] {logging_mixin.py:109} INFO - [2022-04-11 13:44:06,927] {dag.py:2937} INFO - Setting next_dagrun for example_subdag_operator.section-2 to None
[2022-04-11 13:44:06,935] {processor.py:171} INFO - Processing /home/airflow/.local/lib/python3.7/site-packages/airflow/example_dags/example_subdag_operator.py took 0.121 seconds
[2022-04-11 13:44:37,936] {processor.py:163} INFO - Started process (PID=2211) to work on /home/airflow/.local/lib/python3.7/site-packages/airflow/example_dags/example_subdag_operator.py
[2022-04-11 13:44:37,939] {processor.py:642} INFO - Processing file /home/airflow/.local/lib/python3.7/site-packages/airflow/example_dags/example_subdag_operator.py for tasks to queue
[2022-04-11 13:44:37,941] {logging_mixin.py:109} INFO - [2022-04-11 13:44:37,941] {dagbag.py:500} INFO - Filling up the DagBag from /home/airflow/.local/lib/python3.7/site-packages/airflow/example_dags/example_subdag_operator.py
[2022-04-11 13:44:37,996] {processor.py:652} INFO - DAG(s) dict_keys(['example_subdag_operator.section-1', 'example_subdag_operator.section-2', 'example_subdag_operator']) retrieved from /home/airflow/.local/lib/python3.7/site-packages/airflow/example_dags/example_subdag_operator.py
[2022-04-11 13:44:38,011] {logging_mixin.py:109} INFO - [2022-04-11 13:44:38,010] {dag.py:2398} INFO - Sync 3 DAGs
[2022-04-11 13:44:38,030] {logging_mixin.py:109} INFO - [2022-04-11 13:44:38,030] {dag.py:2937} INFO - Setting next_dagrun for example_subdag_operator to 2022-04-09T00:00:00+00:00
[2022-04-11 13:44:38,031] {logging_mixin.py:109} INFO - [2022-04-11 13:44:38,031] {dag.py:2937} INFO - Setting next_dagrun for example_subdag_operator.section-1 to None
[2022-04-11 13:44:38,032] {logging_mixin.py:109} INFO - [2022-04-11 13:44:38,032] {dag.py:2937} INFO - Setting next_dagrun for example_subdag_operator.section-2 to None
[2022-04-11 13:44:38,038] {logging_mixin.py:109} INFO - [2022-04-11 13:44:38,038] {dag.py:2398} INFO - Sync 2 DAGs
[2022-04-11 13:44:38,047] {logging_mixin.py:109} INFO - [2022-04-11 13:44:38,047] {dag.py:2937} INFO - Setting next_dagrun for example_subdag_operator.section-1 to None
[2022-04-11 13:44:38,048] {logging_mixin.py:109} INFO - [2022-04-11 13:44:38,047] {dag.py:2937} INFO - Setting next_dagrun for example_subdag_operator.section-2 to None
[2022-04-11 13:44:38,058] {processor.py:171} INFO - Processing /home/airflow/.local/lib/python3.7/site-packages/airflow/example_dags/example_subdag_operator.py took 0.127 seconds
[2022-04-11 13:45:08,140] {processor.py:163} INFO - Started process (PID=2262) to work on /home/airflow/.local/lib/python3.7/site-packages/airflow/example_dags/example_subdag_operator.py
[2022-04-11 13:45:08,143] {processor.py:642} INFO - Processing file /home/airflow/.local/lib/python3.7/site-packages/airflow/example_dags/example_subdag_operator.py for tasks to queue
[2022-04-11 13:45:08,146] {logging_mixin.py:109} INFO - [2022-04-11 13:45:08,146] {dagbag.py:500} INFO - Filling up the DagBag from /home/airflow/.local/lib/python3.7/site-packages/airflow/example_dags/example_subdag_operator.py
[2022-04-11 13:45:08,255] {processor.py:652} INFO - DAG(s) dict_keys(['example_subdag_operator.section-1', 'example_subdag_operator.section-2', 'example_subdag_operator']) retrieved from /home/airflow/.local/lib/python3.7/site-packages/airflow/example_dags/example_subdag_operator.py
[2022-04-11 13:45:08,279] {logging_mixin.py:109} INFO - [2022-04-11 13:45:08,279] {dag.py:2398} INFO - Sync 3 DAGs
[2022-04-11 13:45:08,326] {logging_mixin.py:109} INFO - [2022-04-11 13:45:08,326] {dag.py:2937} INFO - Setting next_dagrun for example_subdag_operator to 2022-04-09T00:00:00+00:00
[2022-04-11 13:45:08,327] {logging_mixin.py:109} INFO - [2022-04-11 13:45:08,327] {dag.py:2937} INFO - Setting next_dagrun for example_subdag_operator.section-1 to None
[2022-04-11 13:45:08,329] {logging_mixin.py:109} INFO - [2022-04-11 13:45:08,328] {dag.py:2937} INFO - Setting next_dagrun for example_subdag_operator.section-2 to None
[2022-04-11 13:45:08,337] {logging_mixin.py:109} INFO - [2022-04-11 13:45:08,337] {dag.py:2398} INFO - Sync 2 DAGs
[2022-04-11 13:45:08,351] {logging_mixin.py:109} INFO - [2022-04-11 13:45:08,351] {dag.py:2937} INFO - Setting next_dagrun for example_subdag_operator.section-1 to None
[2022-04-11 13:45:08,352] {logging_mixin.py:109} INFO - [2022-04-11 13:45:08,352] {dag.py:2937} INFO - Setting next_dagrun for example_subdag_operator.section-2 to None
[2022-04-11 13:45:08,374] {processor.py:171} INFO - Processing /home/airflow/.local/lib/python3.7/site-packages/airflow/example_dags/example_subdag_operator.py took 0.242 seconds
[2022-04-11 13:45:39,092] {processor.py:163} INFO - Started process (PID=2313) to work on /home/airflow/.local/lib/python3.7/site-packages/airflow/example_dags/example_subdag_operator.py
[2022-04-11 13:45:39,095] {processor.py:642} INFO - Processing file /home/airflow/.local/lib/python3.7/site-packages/airflow/example_dags/example_subdag_operator.py for tasks to queue
[2022-04-11 13:45:39,097] {logging_mixin.py:109} INFO - [2022-04-11 13:45:39,097] {dagbag.py:500} INFO - Filling up the DagBag from /home/airflow/.local/lib/python3.7/site-packages/airflow/example_dags/example_subdag_operator.py
[2022-04-11 13:45:39,166] {processor.py:652} INFO - DAG(s) dict_keys(['example_subdag_operator.section-1', 'example_subdag_operator.section-2', 'example_subdag_operator']) retrieved from /home/airflow/.local/lib/python3.7/site-packages/airflow/example_dags/example_subdag_operator.py
[2022-04-11 13:45:39,188] {logging_mixin.py:109} INFO - [2022-04-11 13:45:39,188] {dag.py:2398} INFO - Sync 3 DAGs
[2022-04-11 13:45:39,225] {logging_mixin.py:109} INFO - [2022-04-11 13:45:39,225] {dag.py:2937} INFO - Setting next_dagrun for example_subdag_operator to 2022-04-09T00:00:00+00:00
[2022-04-11 13:45:39,226] {logging_mixin.py:109} INFO - [2022-04-11 13:45:39,226] {dag.py:2937} INFO - Setting next_dagrun for example_subdag_operator.section-1 to None
[2022-04-11 13:45:39,227] {logging_mixin.py:109} INFO - [2022-04-11 13:45:39,227] {dag.py:2937} INFO - Setting next_dagrun for example_subdag_operator.section-2 to None
[2022-04-11 13:45:39,238] {logging_mixin.py:109} INFO - [2022-04-11 13:45:39,238] {dag.py:2398} INFO - Sync 2 DAGs
[2022-04-11 13:45:39,257] {logging_mixin.py:109} INFO - [2022-04-11 13:45:39,257] {dag.py:2937} INFO - Setting next_dagrun for example_subdag_operator.section-1 to None
[2022-04-11 13:45:39,259] {logging_mixin.py:109} INFO - [2022-04-11 13:45:39,259] {dag.py:2937} INFO - Setting next_dagrun for example_subdag_operator.section-2 to None
[2022-04-11 13:45:39,275] {processor.py:171} INFO - Processing /home/airflow/.local/lib/python3.7/site-packages/airflow/example_dags/example_subdag_operator.py took 0.189 seconds
[2022-04-11 13:46:09,579] {processor.py:163} INFO - Started process (PID=2375) to work on /home/airflow/.local/lib/python3.7/site-packages/airflow/example_dags/example_subdag_operator.py
[2022-04-11 13:46:09,581] {processor.py:642} INFO - Processing file /home/airflow/.local/lib/python3.7/site-packages/airflow/example_dags/example_subdag_operator.py for tasks to queue
[2022-04-11 13:46:09,583] {logging_mixin.py:109} INFO - [2022-04-11 13:46:09,583] {dagbag.py:500} INFO - Filling up the DagBag from /home/airflow/.local/lib/python3.7/site-packages/airflow/example_dags/example_subdag_operator.py
[2022-04-11 13:46:09,631] {processor.py:652} INFO - DAG(s) dict_keys(['example_subdag_operator.section-1', 'example_subdag_operator.section-2', 'example_subdag_operator']) retrieved from /home/airflow/.local/lib/python3.7/site-packages/airflow/example_dags/example_subdag_operator.py
[2022-04-11 13:46:09,647] {logging_mixin.py:109} INFO - [2022-04-11 13:46:09,647] {dag.py:2398} INFO - Sync 3 DAGs
[2022-04-11 13:46:09,671] {logging_mixin.py:109} INFO - [2022-04-11 13:46:09,671] {dag.py:2937} INFO - Setting next_dagrun for example_subdag_operator to 2022-04-09T00:00:00+00:00
[2022-04-11 13:46:09,672] {logging_mixin.py:109} INFO - [2022-04-11 13:46:09,672] {dag.py:2937} INFO - Setting next_dagrun for example_subdag_operator.section-1 to None
[2022-04-11 13:46:09,673] {logging_mixin.py:109} INFO - [2022-04-11 13:46:09,672] {dag.py:2937} INFO - Setting next_dagrun for example_subdag_operator.section-2 to None
[2022-04-11 13:46:09,680] {logging_mixin.py:109} INFO - [2022-04-11 13:46:09,680] {dag.py:2398} INFO - Sync 2 DAGs
[2022-04-11 13:46:09,690] {logging_mixin.py:109} INFO - [2022-04-11 13:46:09,690] {dag.py:2937} INFO - Setting next_dagrun for example_subdag_operator.section-1 to None
[2022-04-11 13:46:09,691] {logging_mixin.py:109} INFO - [2022-04-11 13:46:09,691] {dag.py:2937} INFO - Setting next_dagrun for example_subdag_operator.section-2 to None
[2022-04-11 13:46:09,699] {processor.py:171} INFO - Processing /home/airflow/.local/lib/python3.7/site-packages/airflow/example_dags/example_subdag_operator.py took 0.124 seconds
[2022-04-11 13:46:40,607] {processor.py:163} INFO - Started process (PID=2427) to work on /home/airflow/.local/lib/python3.7/site-packages/airflow/example_dags/example_subdag_operator.py
[2022-04-11 13:46:40,612] {processor.py:642} INFO - Processing file /home/airflow/.local/lib/python3.7/site-packages/airflow/example_dags/example_subdag_operator.py for tasks to queue
[2022-04-11 13:46:40,616] {logging_mixin.py:109} INFO - [2022-04-11 13:46:40,616] {dagbag.py:500} INFO - Filling up the DagBag from /home/airflow/.local/lib/python3.7/site-packages/airflow/example_dags/example_subdag_operator.py
[2022-04-11 13:46:40,710] {processor.py:652} INFO - DAG(s) dict_keys(['example_subdag_operator.section-1', 'example_subdag_operator.section-2', 'example_subdag_operator']) retrieved from /home/airflow/.local/lib/python3.7/site-packages/airflow/example_dags/example_subdag_operator.py
[2022-04-11 13:46:40,741] {logging_mixin.py:109} INFO - [2022-04-11 13:46:40,741] {dag.py:2398} INFO - Sync 3 DAGs
[2022-04-11 13:46:40,805] {logging_mixin.py:109} INFO - [2022-04-11 13:46:40,804] {dag.py:2937} INFO - Setting next_dagrun for example_subdag_operator to 2022-04-09T00:00:00+00:00
[2022-04-11 13:46:40,808] {logging_mixin.py:109} INFO - [2022-04-11 13:46:40,807] {dag.py:2937} INFO - Setting next_dagrun for example_subdag_operator.section-1 to None
[2022-04-11 13:46:40,811] {logging_mixin.py:109} INFO - [2022-04-11 13:46:40,811] {dag.py:2937} INFO - Setting next_dagrun for example_subdag_operator.section-2 to None
[2022-04-11 13:46:40,823] {logging_mixin.py:109} INFO - [2022-04-11 13:46:40,823] {dag.py:2398} INFO - Sync 2 DAGs
[2022-04-11 13:46:40,844] {logging_mixin.py:109} INFO - [2022-04-11 13:46:40,843] {dag.py:2937} INFO - Setting next_dagrun for example_subdag_operator.section-1 to None
[2022-04-11 13:46:40,846] {logging_mixin.py:109} INFO - [2022-04-11 13:46:40,846] {dag.py:2937} INFO - Setting next_dagrun for example_subdag_operator.section-2 to None
[2022-04-11 13:46:40,862] {processor.py:171} INFO - Processing /home/airflow/.local/lib/python3.7/site-packages/airflow/example_dags/example_subdag_operator.py took 0.264 seconds
[2022-04-11 13:47:11,015] {processor.py:163} INFO - Started process (PID=2483) to work on /home/airflow/.local/lib/python3.7/site-packages/airflow/example_dags/example_subdag_operator.py
[2022-04-11 13:47:11,018] {processor.py:642} INFO - Processing file /home/airflow/.local/lib/python3.7/site-packages/airflow/example_dags/example_subdag_operator.py for tasks to queue
[2022-04-11 13:47:11,019] {logging_mixin.py:109} INFO - [2022-04-11 13:47:11,019] {dagbag.py:500} INFO - Filling up the DagBag from /home/airflow/.local/lib/python3.7/site-packages/airflow/example_dags/example_subdag_operator.py
[2022-04-11 13:47:11,071] {processor.py:652} INFO - DAG(s) dict_keys(['example_subdag_operator.section-1', 'example_subdag_operator.section-2', 'example_subdag_operator']) retrieved from /home/airflow/.local/lib/python3.7/site-packages/airflow/example_dags/example_subdag_operator.py
[2022-04-11 13:47:11,084] {logging_mixin.py:109} INFO - [2022-04-11 13:47:11,084] {dag.py:2398} INFO - Sync 3 DAGs
[2022-04-11 13:47:11,101] {logging_mixin.py:109} INFO - [2022-04-11 13:47:11,100] {dag.py:2937} INFO - Setting next_dagrun for example_subdag_operator to 2022-04-09T00:00:00+00:00
[2022-04-11 13:47:11,102] {logging_mixin.py:109} INFO - [2022-04-11 13:47:11,102] {dag.py:2937} INFO - Setting next_dagrun for example_subdag_operator.section-1 to None
[2022-04-11 13:47:11,102] {logging_mixin.py:109} INFO - [2022-04-11 13:47:11,102] {dag.py:2937} INFO - Setting next_dagrun for example_subdag_operator.section-2 to None
[2022-04-11 13:47:11,109] {logging_mixin.py:109} INFO - [2022-04-11 13:47:11,109] {dag.py:2398} INFO - Sync 2 DAGs
[2022-04-11 13:47:11,117] {logging_mixin.py:109} INFO - [2022-04-11 13:47:11,117] {dag.py:2937} INFO - Setting next_dagrun for example_subdag_operator.section-1 to None
[2022-04-11 13:47:11,118] {logging_mixin.py:109} INFO - [2022-04-11 13:47:11,118] {dag.py:2937} INFO - Setting next_dagrun for example_subdag_operator.section-2 to None
[2022-04-11 13:47:11,125] {processor.py:171} INFO - Processing /home/airflow/.local/lib/python3.7/site-packages/airflow/example_dags/example_subdag_operator.py took 0.114 seconds
[2022-04-11 13:47:41,457] {processor.py:163} INFO - Started process (PID=2544) to work on /home/airflow/.local/lib/python3.7/site-packages/airflow/example_dags/example_subdag_operator.py
[2022-04-11 13:47:41,460] {processor.py:642} INFO - Processing file /home/airflow/.local/lib/python3.7/site-packages/airflow/example_dags/example_subdag_operator.py for tasks to queue
[2022-04-11 13:47:41,462] {logging_mixin.py:109} INFO - [2022-04-11 13:47:41,462] {dagbag.py:500} INFO - Filling up the DagBag from /home/airflow/.local/lib/python3.7/site-packages/airflow/example_dags/example_subdag_operator.py
[2022-04-11 13:47:41,504] {processor.py:652} INFO - DAG(s) dict_keys(['example_subdag_operator.section-1', 'example_subdag_operator.section-2', 'example_subdag_operator']) retrieved from /home/airflow/.local/lib/python3.7/site-packages/airflow/example_dags/example_subdag_operator.py
[2022-04-11 13:47:41,522] {logging_mixin.py:109} INFO - [2022-04-11 13:47:41,522] {dag.py:2398} INFO - Sync 3 DAGs
[2022-04-11 13:47:41,544] {logging_mixin.py:109} INFO - [2022-04-11 13:47:41,544] {dag.py:2937} INFO - Setting next_dagrun for example_subdag_operator to 2022-04-09T00:00:00+00:00
[2022-04-11 13:47:41,545] {logging_mixin.py:109} INFO - [2022-04-11 13:47:41,545] {dag.py:2937} INFO - Setting next_dagrun for example_subdag_operator.section-1 to None
[2022-04-11 13:47:41,546] {logging_mixin.py:109} INFO - [2022-04-11 13:47:41,546] {dag.py:2937} INFO - Setting next_dagrun for example_subdag_operator.section-2 to None
[2022-04-11 13:47:41,553] {logging_mixin.py:109} INFO - [2022-04-11 13:47:41,553] {dag.py:2398} INFO - Sync 2 DAGs
[2022-04-11 13:47:41,566] {logging_mixin.py:109} INFO - [2022-04-11 13:47:41,566] {dag.py:2937} INFO - Setting next_dagrun for example_subdag_operator.section-1 to None
[2022-04-11 13:47:41,567] {logging_mixin.py:109} INFO - [2022-04-11 13:47:41,567] {dag.py:2937} INFO - Setting next_dagrun for example_subdag_operator.section-2 to None
[2022-04-11 13:47:41,581] {processor.py:171} INFO - Processing /home/airflow/.local/lib/python3.7/site-packages/airflow/example_dags/example_subdag_operator.py took 0.128 seconds
[2022-04-11 13:48:12,126] {processor.py:163} INFO - Started process (PID=2597) to work on /home/airflow/.local/lib/python3.7/site-packages/airflow/example_dags/example_subdag_operator.py
[2022-04-11 13:48:12,129] {processor.py:642} INFO - Processing file /home/airflow/.local/lib/python3.7/site-packages/airflow/example_dags/example_subdag_operator.py for tasks to queue
[2022-04-11 13:48:12,131] {logging_mixin.py:109} INFO - [2022-04-11 13:48:12,131] {dagbag.py:500} INFO - Filling up the DagBag from /home/airflow/.local/lib/python3.7/site-packages/airflow/example_dags/example_subdag_operator.py
[2022-04-11 13:48:12,179] {processor.py:652} INFO - DAG(s) dict_keys(['example_subdag_operator.section-1', 'example_subdag_operator.section-2', 'example_subdag_operator']) retrieved from /home/airflow/.local/lib/python3.7/site-packages/airflow/example_dags/example_subdag_operator.py
[2022-04-11 13:48:12,194] {logging_mixin.py:109} INFO - [2022-04-11 13:48:12,194] {dag.py:2398} INFO - Sync 3 DAGs
[2022-04-11 13:48:12,223] {logging_mixin.py:109} INFO - [2022-04-11 13:48:12,223] {dag.py:2937} INFO - Setting next_dagrun for example_subdag_operator to 2022-04-09T00:00:00+00:00
[2022-04-11 13:48:12,224] {logging_mixin.py:109} INFO - [2022-04-11 13:48:12,224] {dag.py:2937} INFO - Setting next_dagrun for example_subdag_operator.section-1 to None
[2022-04-11 13:48:12,225] {logging_mixin.py:109} INFO - [2022-04-11 13:48:12,225] {dag.py:2937} INFO - Setting next_dagrun for example_subdag_operator.section-2 to None
[2022-04-11 13:48:12,232] {logging_mixin.py:109} INFO - [2022-04-11 13:48:12,232] {dag.py:2398} INFO - Sync 2 DAGs
[2022-04-11 13:48:12,243] {logging_mixin.py:109} INFO - [2022-04-11 13:48:12,243] {dag.py:2937} INFO - Setting next_dagrun for example_subdag_operator.section-1 to None
[2022-04-11 13:48:12,244] {logging_mixin.py:109} INFO - [2022-04-11 13:48:12,244] {dag.py:2937} INFO - Setting next_dagrun for example_subdag_operator.section-2 to None
[2022-04-11 13:48:12,253] {processor.py:171} INFO - Processing /home/airflow/.local/lib/python3.7/site-packages/airflow/example_dags/example_subdag_operator.py took 0.131 seconds
[2022-04-11 13:48:42,908] {processor.py:163} INFO - Started process (PID=2660) to work on /home/airflow/.local/lib/python3.7/site-packages/airflow/example_dags/example_subdag_operator.py
[2022-04-11 13:48:42,911] {processor.py:642} INFO - Processing file /home/airflow/.local/lib/python3.7/site-packages/airflow/example_dags/example_subdag_operator.py for tasks to queue
[2022-04-11 13:48:42,913] {logging_mixin.py:109} INFO - [2022-04-11 13:48:42,912] {dagbag.py:500} INFO - Filling up the DagBag from /home/airflow/.local/lib/python3.7/site-packages/airflow/example_dags/example_subdag_operator.py
[2022-04-11 13:48:42,961] {processor.py:652} INFO - DAG(s) dict_keys(['example_subdag_operator.section-1', 'example_subdag_operator.section-2', 'example_subdag_operator']) retrieved from /home/airflow/.local/lib/python3.7/site-packages/airflow/example_dags/example_subdag_operator.py
[2022-04-11 13:48:42,976] {logging_mixin.py:109} INFO - [2022-04-11 13:48:42,976] {dag.py:2398} INFO - Sync 3 DAGs
[2022-04-11 13:48:43,003] {logging_mixin.py:109} INFO - [2022-04-11 13:48:43,003] {dag.py:2937} INFO - Setting next_dagrun for example_subdag_operator to 2022-04-09T00:00:00+00:00
[2022-04-11 13:48:43,004] {logging_mixin.py:109} INFO - [2022-04-11 13:48:43,004] {dag.py:2937} INFO - Setting next_dagrun for example_subdag_operator.section-1 to None
[2022-04-11 13:48:43,005] {logging_mixin.py:109} INFO - [2022-04-11 13:48:43,005] {dag.py:2937} INFO - Setting next_dagrun for example_subdag_operator.section-2 to None
[2022-04-11 13:48:43,012] {logging_mixin.py:109} INFO - [2022-04-11 13:48:43,012] {dag.py:2398} INFO - Sync 2 DAGs
[2022-04-11 13:48:43,023] {logging_mixin.py:109} INFO - [2022-04-11 13:48:43,023] {dag.py:2937} INFO - Setting next_dagrun for example_subdag_operator.section-1 to None
[2022-04-11 13:48:43,025] {logging_mixin.py:109} INFO - [2022-04-11 13:48:43,025] {dag.py:2937} INFO - Setting next_dagrun for example_subdag_operator.section-2 to None
[2022-04-11 13:48:43,034] {processor.py:171} INFO - Processing /home/airflow/.local/lib/python3.7/site-packages/airflow/example_dags/example_subdag_operator.py took 0.130 seconds
[2022-04-11 13:49:13,616] {processor.py:163} INFO - Started process (PID=2712) to work on /home/airflow/.local/lib/python3.7/site-packages/airflow/example_dags/example_subdag_operator.py
[2022-04-11 13:49:13,618] {processor.py:642} INFO - Processing file /home/airflow/.local/lib/python3.7/site-packages/airflow/example_dags/example_subdag_operator.py for tasks to queue
[2022-04-11 13:49:13,619] {logging_mixin.py:109} INFO - [2022-04-11 13:49:13,619] {dagbag.py:500} INFO - Filling up the DagBag from /home/airflow/.local/lib/python3.7/site-packages/airflow/example_dags/example_subdag_operator.py
[2022-04-11 13:49:13,663] {processor.py:652} INFO - DAG(s) dict_keys(['example_subdag_operator.section-1', 'example_subdag_operator.section-2', 'example_subdag_operator']) retrieved from /home/airflow/.local/lib/python3.7/site-packages/airflow/example_dags/example_subdag_operator.py
[2022-04-11 13:49:13,680] {logging_mixin.py:109} INFO - [2022-04-11 13:49:13,679] {dag.py:2398} INFO - Sync 3 DAGs
[2022-04-11 13:49:13,701] {logging_mixin.py:109} INFO - [2022-04-11 13:49:13,700] {dag.py:2937} INFO - Setting next_dagrun for example_subdag_operator to 2022-04-09T00:00:00+00:00
[2022-04-11 13:49:13,702] {logging_mixin.py:109} INFO - [2022-04-11 13:49:13,702] {dag.py:2937} INFO - Setting next_dagrun for example_subdag_operator.section-1 to None
[2022-04-11 13:49:13,703] {logging_mixin.py:109} INFO - [2022-04-11 13:49:13,703] {dag.py:2937} INFO - Setting next_dagrun for example_subdag_operator.section-2 to None
[2022-04-11 13:49:13,711] {logging_mixin.py:109} INFO - [2022-04-11 13:49:13,711] {dag.py:2398} INFO - Sync 2 DAGs
[2022-04-11 13:49:13,727] {logging_mixin.py:109} INFO - [2022-04-11 13:49:13,727] {dag.py:2937} INFO - Setting next_dagrun for example_subdag_operator.section-1 to None
[2022-04-11 13:49:13,728] {logging_mixin.py:109} INFO - [2022-04-11 13:49:13,728] {dag.py:2937} INFO - Setting next_dagrun for example_subdag_operator.section-2 to None
[2022-04-11 13:49:13,737] {processor.py:171} INFO - Processing /home/airflow/.local/lib/python3.7/site-packages/airflow/example_dags/example_subdag_operator.py took 0.125 seconds
