[2022-04-11 13:26:53,224] {processor.py:163} INFO - Started process (PID=90) to work on /home/airflow/.local/lib/python3.7/site-packages/airflow/example_dags/example_branch_labels.py
[2022-04-11 13:26:53,227] {processor.py:642} INFO - Processing file /home/airflow/.local/lib/python3.7/site-packages/airflow/example_dags/example_branch_labels.py for tasks to queue
[2022-04-11 13:26:53,229] {logging_mixin.py:109} INFO - [2022-04-11 13:26:53,229] {dagbag.py:500} INFO - Filling up the DagBag from /home/airflow/.local/lib/python3.7/site-packages/airflow/example_dags/example_branch_labels.py
[2022-04-11 13:26:53,288] {processor.py:652} INFO - DAG(s) dict_keys(['example_branch_labels']) retrieved from /home/airflow/.local/lib/python3.7/site-packages/airflow/example_dags/example_branch_labels.py
[2022-04-11 13:26:56,505] {logging_mixin.py:109} INFO - [2022-04-11 13:26:56,505] {manager.py:496} INFO - Created Permission View: can read on DAG:example_branch_labels
[2022-04-11 13:26:56,518] {logging_mixin.py:109} INFO - [2022-04-11 13:26:56,518] {manager.py:496} INFO - Created Permission View: can edit on DAG:example_branch_labels
[2022-04-11 13:26:56,519] {logging_mixin.py:109} INFO - [2022-04-11 13:26:56,519] {dag.py:2398} INFO - Sync 1 DAGs
[2022-04-11 13:26:56,530] {logging_mixin.py:109} INFO - [2022-04-11 13:26:56,529] {dag.py:2417} INFO - Creating ORM DAG for example_branch_labels
[2022-04-11 13:26:56,543] {logging_mixin.py:109} INFO - [2022-04-11 13:26:56,543] {dag.py:2937} INFO - Setting next_dagrun for example_branch_labels to 2022-04-10 00:00:00+00:00
[2022-04-11 13:26:56,563] {processor.py:171} INFO - Processing /home/airflow/.local/lib/python3.7/site-packages/airflow/example_dags/example_branch_labels.py took 3.345 seconds
[2022-04-11 13:27:27,399] {processor.py:163} INFO - Started process (PID=288) to work on /home/airflow/.local/lib/python3.7/site-packages/airflow/example_dags/example_branch_labels.py
[2022-04-11 13:27:27,400] {processor.py:642} INFO - Processing file /home/airflow/.local/lib/python3.7/site-packages/airflow/example_dags/example_branch_labels.py for tasks to queue
[2022-04-11 13:27:27,401] {logging_mixin.py:109} INFO - [2022-04-11 13:27:27,401] {dagbag.py:500} INFO - Filling up the DagBag from /home/airflow/.local/lib/python3.7/site-packages/airflow/example_dags/example_branch_labels.py
[2022-04-11 13:27:27,417] {processor.py:652} INFO - DAG(s) dict_keys(['example_branch_labels']) retrieved from /home/airflow/.local/lib/python3.7/site-packages/airflow/example_dags/example_branch_labels.py
[2022-04-11 13:27:27,435] {logging_mixin.py:109} INFO - [2022-04-11 13:27:27,435] {dag.py:2398} INFO - Sync 1 DAGs
[2022-04-11 13:27:27,452] {logging_mixin.py:109} INFO - [2022-04-11 13:27:27,452] {dag.py:2937} INFO - Setting next_dagrun for example_branch_labels to 2022-04-10 00:00:00+00:00
[2022-04-11 13:27:27,460] {processor.py:171} INFO - Processing /home/airflow/.local/lib/python3.7/site-packages/airflow/example_dags/example_branch_labels.py took 0.065 seconds
[2022-04-11 13:27:57,896] {processor.py:163} INFO - Started process (PID=349) to work on /home/airflow/.local/lib/python3.7/site-packages/airflow/example_dags/example_branch_labels.py
[2022-04-11 13:27:57,899] {processor.py:642} INFO - Processing file /home/airflow/.local/lib/python3.7/site-packages/airflow/example_dags/example_branch_labels.py for tasks to queue
[2022-04-11 13:27:57,901] {logging_mixin.py:109} INFO - [2022-04-11 13:27:57,901] {dagbag.py:500} INFO - Filling up the DagBag from /home/airflow/.local/lib/python3.7/site-packages/airflow/example_dags/example_branch_labels.py
[2022-04-11 13:27:57,944] {processor.py:652} INFO - DAG(s) dict_keys(['example_branch_labels']) retrieved from /home/airflow/.local/lib/python3.7/site-packages/airflow/example_dags/example_branch_labels.py
[2022-04-11 13:27:57,973] {logging_mixin.py:109} INFO - [2022-04-11 13:27:57,973] {dag.py:2398} INFO - Sync 1 DAGs
[2022-04-11 13:27:58,006] {logging_mixin.py:109} INFO - [2022-04-11 13:27:58,006] {dag.py:2937} INFO - Setting next_dagrun for example_branch_labels to 2022-04-10 00:00:00+00:00
[2022-04-11 13:27:58,020] {processor.py:171} INFO - Processing /home/airflow/.local/lib/python3.7/site-packages/airflow/example_dags/example_branch_labels.py took 0.128 seconds
[2022-04-11 13:28:28,391] {processor.py:163} INFO - Started process (PID=401) to work on /home/airflow/.local/lib/python3.7/site-packages/airflow/example_dags/example_branch_labels.py
[2022-04-11 13:28:28,393] {processor.py:642} INFO - Processing file /home/airflow/.local/lib/python3.7/site-packages/airflow/example_dags/example_branch_labels.py for tasks to queue
[2022-04-11 13:28:28,395] {logging_mixin.py:109} INFO - [2022-04-11 13:28:28,395] {dagbag.py:500} INFO - Filling up the DagBag from /home/airflow/.local/lib/python3.7/site-packages/airflow/example_dags/example_branch_labels.py
[2022-04-11 13:28:28,414] {processor.py:652} INFO - DAG(s) dict_keys(['example_branch_labels']) retrieved from /home/airflow/.local/lib/python3.7/site-packages/airflow/example_dags/example_branch_labels.py
[2022-04-11 13:28:28,438] {logging_mixin.py:109} INFO - [2022-04-11 13:28:28,437] {dag.py:2398} INFO - Sync 1 DAGs
[2022-04-11 13:28:28,467] {logging_mixin.py:109} INFO - [2022-04-11 13:28:28,467] {dag.py:2937} INFO - Setting next_dagrun for example_branch_labels to 2022-04-10 00:00:00+00:00
[2022-04-11 13:28:28,485] {processor.py:171} INFO - Processing /home/airflow/.local/lib/python3.7/site-packages/airflow/example_dags/example_branch_labels.py took 0.098 seconds
[2022-04-11 13:28:58,907] {processor.py:163} INFO - Started process (PID=462) to work on /home/airflow/.local/lib/python3.7/site-packages/airflow/example_dags/example_branch_labels.py
[2022-04-11 13:28:58,910] {processor.py:642} INFO - Processing file /home/airflow/.local/lib/python3.7/site-packages/airflow/example_dags/example_branch_labels.py for tasks to queue
[2022-04-11 13:28:58,911] {logging_mixin.py:109} INFO - [2022-04-11 13:28:58,911] {dagbag.py:500} INFO - Filling up the DagBag from /home/airflow/.local/lib/python3.7/site-packages/airflow/example_dags/example_branch_labels.py
[2022-04-11 13:28:58,937] {processor.py:652} INFO - DAG(s) dict_keys(['example_branch_labels']) retrieved from /home/airflow/.local/lib/python3.7/site-packages/airflow/example_dags/example_branch_labels.py
[2022-04-11 13:28:58,959] {logging_mixin.py:109} INFO - [2022-04-11 13:28:58,959] {dag.py:2398} INFO - Sync 1 DAGs
[2022-04-11 13:28:58,980] {logging_mixin.py:109} INFO - [2022-04-11 13:28:58,980] {dag.py:2937} INFO - Setting next_dagrun for example_branch_labels to 2022-04-10 00:00:00+00:00
[2022-04-11 13:28:58,988] {processor.py:171} INFO - Processing /home/airflow/.local/lib/python3.7/site-packages/airflow/example_dags/example_branch_labels.py took 0.085 seconds
[2022-04-11 13:29:29,413] {processor.py:163} INFO - Started process (PID=514) to work on /home/airflow/.local/lib/python3.7/site-packages/airflow/example_dags/example_branch_labels.py
[2022-04-11 13:29:29,416] {processor.py:642} INFO - Processing file /home/airflow/.local/lib/python3.7/site-packages/airflow/example_dags/example_branch_labels.py for tasks to queue
[2022-04-11 13:29:29,417] {logging_mixin.py:109} INFO - [2022-04-11 13:29:29,417] {dagbag.py:500} INFO - Filling up the DagBag from /home/airflow/.local/lib/python3.7/site-packages/airflow/example_dags/example_branch_labels.py
[2022-04-11 13:29:29,435] {processor.py:652} INFO - DAG(s) dict_keys(['example_branch_labels']) retrieved from /home/airflow/.local/lib/python3.7/site-packages/airflow/example_dags/example_branch_labels.py
[2022-04-11 13:29:29,459] {logging_mixin.py:109} INFO - [2022-04-11 13:29:29,459] {dag.py:2398} INFO - Sync 1 DAGs
[2022-04-11 13:29:29,480] {logging_mixin.py:109} INFO - [2022-04-11 13:29:29,480] {dag.py:2937} INFO - Setting next_dagrun for example_branch_labels to 2022-04-10 00:00:00+00:00
[2022-04-11 13:29:29,490] {processor.py:171} INFO - Processing /home/airflow/.local/lib/python3.7/site-packages/airflow/example_dags/example_branch_labels.py took 0.081 seconds
[2022-04-11 13:29:59,867] {processor.py:163} INFO - Started process (PID=575) to work on /home/airflow/.local/lib/python3.7/site-packages/airflow/example_dags/example_branch_labels.py
[2022-04-11 13:29:59,870] {processor.py:642} INFO - Processing file /home/airflow/.local/lib/python3.7/site-packages/airflow/example_dags/example_branch_labels.py for tasks to queue
[2022-04-11 13:29:59,871] {logging_mixin.py:109} INFO - [2022-04-11 13:29:59,871] {dagbag.py:500} INFO - Filling up the DagBag from /home/airflow/.local/lib/python3.7/site-packages/airflow/example_dags/example_branch_labels.py
[2022-04-11 13:29:59,893] {processor.py:652} INFO - DAG(s) dict_keys(['example_branch_labels']) retrieved from /home/airflow/.local/lib/python3.7/site-packages/airflow/example_dags/example_branch_labels.py
[2022-04-11 13:29:59,925] {logging_mixin.py:109} INFO - [2022-04-11 13:29:59,925] {dag.py:2398} INFO - Sync 1 DAGs
[2022-04-11 13:29:59,957] {logging_mixin.py:109} INFO - [2022-04-11 13:29:59,956] {dag.py:2937} INFO - Setting next_dagrun for example_branch_labels to 2022-04-10 00:00:00+00:00
[2022-04-11 13:29:59,968] {processor.py:171} INFO - Processing /home/airflow/.local/lib/python3.7/site-packages/airflow/example_dags/example_branch_labels.py took 0.105 seconds
[2022-04-11 13:30:30,461] {processor.py:163} INFO - Started process (PID=626) to work on /home/airflow/.local/lib/python3.7/site-packages/airflow/example_dags/example_branch_labels.py
[2022-04-11 13:30:30,463] {processor.py:642} INFO - Processing file /home/airflow/.local/lib/python3.7/site-packages/airflow/example_dags/example_branch_labels.py for tasks to queue
[2022-04-11 13:30:30,465] {logging_mixin.py:109} INFO - [2022-04-11 13:30:30,464] {dagbag.py:500} INFO - Filling up the DagBag from /home/airflow/.local/lib/python3.7/site-packages/airflow/example_dags/example_branch_labels.py
[2022-04-11 13:30:30,484] {processor.py:652} INFO - DAG(s) dict_keys(['example_branch_labels']) retrieved from /home/airflow/.local/lib/python3.7/site-packages/airflow/example_dags/example_branch_labels.py
[2022-04-11 13:30:30,511] {logging_mixin.py:109} INFO - [2022-04-11 13:30:30,511] {dag.py:2398} INFO - Sync 1 DAGs
[2022-04-11 13:30:30,536] {logging_mixin.py:109} INFO - [2022-04-11 13:30:30,536] {dag.py:2937} INFO - Setting next_dagrun for example_branch_labels to 2022-04-10 00:00:00+00:00
[2022-04-11 13:30:30,549] {processor.py:171} INFO - Processing /home/airflow/.local/lib/python3.7/site-packages/airflow/example_dags/example_branch_labels.py took 0.093 seconds
[2022-04-11 13:31:00,768] {processor.py:163} INFO - Started process (PID=677) to work on /home/airflow/.local/lib/python3.7/site-packages/airflow/example_dags/example_branch_labels.py
[2022-04-11 13:31:00,771] {processor.py:642} INFO - Processing file /home/airflow/.local/lib/python3.7/site-packages/airflow/example_dags/example_branch_labels.py for tasks to queue
[2022-04-11 13:31:00,773] {logging_mixin.py:109} INFO - [2022-04-11 13:31:00,773] {dagbag.py:500} INFO - Filling up the DagBag from /home/airflow/.local/lib/python3.7/site-packages/airflow/example_dags/example_branch_labels.py
[2022-04-11 13:31:00,791] {processor.py:652} INFO - DAG(s) dict_keys(['example_branch_labels']) retrieved from /home/airflow/.local/lib/python3.7/site-packages/airflow/example_dags/example_branch_labels.py
[2022-04-11 13:31:00,817] {logging_mixin.py:109} INFO - [2022-04-11 13:31:00,817] {dag.py:2398} INFO - Sync 1 DAGs
[2022-04-11 13:31:00,843] {logging_mixin.py:109} INFO - [2022-04-11 13:31:00,843] {dag.py:2937} INFO - Setting next_dagrun for example_branch_labels to 2022-04-10 00:00:00+00:00
[2022-04-11 13:31:00,858] {processor.py:171} INFO - Processing /home/airflow/.local/lib/python3.7/site-packages/airflow/example_dags/example_branch_labels.py took 0.094 seconds
[2022-04-11 13:31:31,332] {processor.py:163} INFO - Started process (PID=739) to work on /home/airflow/.local/lib/python3.7/site-packages/airflow/example_dags/example_branch_labels.py
[2022-04-11 13:31:31,334] {processor.py:642} INFO - Processing file /home/airflow/.local/lib/python3.7/site-packages/airflow/example_dags/example_branch_labels.py for tasks to queue
[2022-04-11 13:31:31,335] {logging_mixin.py:109} INFO - [2022-04-11 13:31:31,335] {dagbag.py:500} INFO - Filling up the DagBag from /home/airflow/.local/lib/python3.7/site-packages/airflow/example_dags/example_branch_labels.py
[2022-04-11 13:31:31,357] {processor.py:652} INFO - DAG(s) dict_keys(['example_branch_labels']) retrieved from /home/airflow/.local/lib/python3.7/site-packages/airflow/example_dags/example_branch_labels.py
[2022-04-11 13:31:31,384] {logging_mixin.py:109} INFO - [2022-04-11 13:31:31,384] {dag.py:2398} INFO - Sync 1 DAGs
[2022-04-11 13:31:31,419] {logging_mixin.py:109} INFO - [2022-04-11 13:31:31,418] {dag.py:2937} INFO - Setting next_dagrun for example_branch_labels to 2022-04-10 00:00:00+00:00
[2022-04-11 13:31:31,441] {processor.py:171} INFO - Processing /home/airflow/.local/lib/python3.7/site-packages/airflow/example_dags/example_branch_labels.py took 0.113 seconds
[2022-04-11 13:32:01,918] {processor.py:163} INFO - Started process (PID=801) to work on /home/airflow/.local/lib/python3.7/site-packages/airflow/example_dags/example_branch_labels.py
[2022-04-11 13:32:01,921] {processor.py:642} INFO - Processing file /home/airflow/.local/lib/python3.7/site-packages/airflow/example_dags/example_branch_labels.py for tasks to queue
[2022-04-11 13:32:01,922] {logging_mixin.py:109} INFO - [2022-04-11 13:32:01,922] {dagbag.py:500} INFO - Filling up the DagBag from /home/airflow/.local/lib/python3.7/site-packages/airflow/example_dags/example_branch_labels.py
[2022-04-11 13:32:01,946] {processor.py:652} INFO - DAG(s) dict_keys(['example_branch_labels']) retrieved from /home/airflow/.local/lib/python3.7/site-packages/airflow/example_dags/example_branch_labels.py
[2022-04-11 13:32:01,974] {logging_mixin.py:109} INFO - [2022-04-11 13:32:01,974] {dag.py:2398} INFO - Sync 1 DAGs
[2022-04-11 13:32:01,998] {logging_mixin.py:109} INFO - [2022-04-11 13:32:01,998] {dag.py:2937} INFO - Setting next_dagrun for example_branch_labels to 2022-04-10 00:00:00+00:00
[2022-04-11 13:32:02,011] {processor.py:171} INFO - Processing /home/airflow/.local/lib/python3.7/site-packages/airflow/example_dags/example_branch_labels.py took 0.098 seconds
[2022-04-11 13:32:32,357] {processor.py:163} INFO - Started process (PID=862) to work on /home/airflow/.local/lib/python3.7/site-packages/airflow/example_dags/example_branch_labels.py
[2022-04-11 13:32:32,359] {processor.py:642} INFO - Processing file /home/airflow/.local/lib/python3.7/site-packages/airflow/example_dags/example_branch_labels.py for tasks to queue
[2022-04-11 13:32:32,361] {logging_mixin.py:109} INFO - [2022-04-11 13:32:32,361] {dagbag.py:500} INFO - Filling up the DagBag from /home/airflow/.local/lib/python3.7/site-packages/airflow/example_dags/example_branch_labels.py
[2022-04-11 13:32:32,382] {processor.py:652} INFO - DAG(s) dict_keys(['example_branch_labels']) retrieved from /home/airflow/.local/lib/python3.7/site-packages/airflow/example_dags/example_branch_labels.py
[2022-04-11 13:32:32,409] {logging_mixin.py:109} INFO - [2022-04-11 13:32:32,409] {dag.py:2398} INFO - Sync 1 DAGs
[2022-04-11 13:32:32,436] {logging_mixin.py:109} INFO - [2022-04-11 13:32:32,436] {dag.py:2937} INFO - Setting next_dagrun for example_branch_labels to 2022-04-10 00:00:00+00:00
[2022-04-11 13:32:32,452] {processor.py:171} INFO - Processing /home/airflow/.local/lib/python3.7/site-packages/airflow/example_dags/example_branch_labels.py took 0.101 seconds
[2022-04-11 13:33:02,980] {processor.py:163} INFO - Started process (PID=915) to work on /home/airflow/.local/lib/python3.7/site-packages/airflow/example_dags/example_branch_labels.py
[2022-04-11 13:33:02,982] {processor.py:642} INFO - Processing file /home/airflow/.local/lib/python3.7/site-packages/airflow/example_dags/example_branch_labels.py for tasks to queue
[2022-04-11 13:33:02,983] {logging_mixin.py:109} INFO - [2022-04-11 13:33:02,983] {dagbag.py:500} INFO - Filling up the DagBag from /home/airflow/.local/lib/python3.7/site-packages/airflow/example_dags/example_branch_labels.py
[2022-04-11 13:33:03,003] {processor.py:652} INFO - DAG(s) dict_keys(['example_branch_labels']) retrieved from /home/airflow/.local/lib/python3.7/site-packages/airflow/example_dags/example_branch_labels.py
[2022-04-11 13:33:03,026] {logging_mixin.py:109} INFO - [2022-04-11 13:33:03,026] {dag.py:2398} INFO - Sync 1 DAGs
[2022-04-11 13:33:03,046] {logging_mixin.py:109} INFO - [2022-04-11 13:33:03,046] {dag.py:2937} INFO - Setting next_dagrun for example_branch_labels to 2022-04-10 00:00:00+00:00
[2022-04-11 13:33:03,056] {processor.py:171} INFO - Processing /home/airflow/.local/lib/python3.7/site-packages/airflow/example_dags/example_branch_labels.py took 0.080 seconds
[2022-04-11 13:33:33,558] {processor.py:163} INFO - Started process (PID=975) to work on /home/airflow/.local/lib/python3.7/site-packages/airflow/example_dags/example_branch_labels.py
[2022-04-11 13:33:33,561] {processor.py:642} INFO - Processing file /home/airflow/.local/lib/python3.7/site-packages/airflow/example_dags/example_branch_labels.py for tasks to queue
[2022-04-11 13:33:33,563] {logging_mixin.py:109} INFO - [2022-04-11 13:33:33,563] {dagbag.py:500} INFO - Filling up the DagBag from /home/airflow/.local/lib/python3.7/site-packages/airflow/example_dags/example_branch_labels.py
[2022-04-11 13:33:33,584] {processor.py:652} INFO - DAG(s) dict_keys(['example_branch_labels']) retrieved from /home/airflow/.local/lib/python3.7/site-packages/airflow/example_dags/example_branch_labels.py
[2022-04-11 13:33:33,612] {logging_mixin.py:109} INFO - [2022-04-11 13:33:33,612] {dag.py:2398} INFO - Sync 1 DAGs
[2022-04-11 13:33:33,634] {logging_mixin.py:109} INFO - [2022-04-11 13:33:33,634] {dag.py:2937} INFO - Setting next_dagrun for example_branch_labels to 2022-04-10 00:00:00+00:00
[2022-04-11 13:33:33,644] {processor.py:171} INFO - Processing /home/airflow/.local/lib/python3.7/site-packages/airflow/example_dags/example_branch_labels.py took 0.090 seconds
[2022-04-11 13:34:03,689] {processor.py:163} INFO - Started process (PID=1028) to work on /home/airflow/.local/lib/python3.7/site-packages/airflow/example_dags/example_branch_labels.py
[2022-04-11 13:34:03,691] {processor.py:642} INFO - Processing file /home/airflow/.local/lib/python3.7/site-packages/airflow/example_dags/example_branch_labels.py for tasks to queue
[2022-04-11 13:34:03,692] {logging_mixin.py:109} INFO - [2022-04-11 13:34:03,692] {dagbag.py:500} INFO - Filling up the DagBag from /home/airflow/.local/lib/python3.7/site-packages/airflow/example_dags/example_branch_labels.py
[2022-04-11 13:34:03,714] {processor.py:652} INFO - DAG(s) dict_keys(['example_branch_labels']) retrieved from /home/airflow/.local/lib/python3.7/site-packages/airflow/example_dags/example_branch_labels.py
[2022-04-11 13:34:03,737] {logging_mixin.py:109} INFO - [2022-04-11 13:34:03,737] {dag.py:2398} INFO - Sync 1 DAGs
[2022-04-11 13:34:03,757] {logging_mixin.py:109} INFO - [2022-04-11 13:34:03,757] {dag.py:2937} INFO - Setting next_dagrun for example_branch_labels to 2022-04-10 00:00:00+00:00
[2022-04-11 13:34:03,766] {processor.py:171} INFO - Processing /home/airflow/.local/lib/python3.7/site-packages/airflow/example_dags/example_branch_labels.py took 0.081 seconds
[2022-04-11 13:34:34,076] {processor.py:163} INFO - Started process (PID=1088) to work on /home/airflow/.local/lib/python3.7/site-packages/airflow/example_dags/example_branch_labels.py
[2022-04-11 13:34:34,079] {processor.py:642} INFO - Processing file /home/airflow/.local/lib/python3.7/site-packages/airflow/example_dags/example_branch_labels.py for tasks to queue
[2022-04-11 13:34:34,081] {logging_mixin.py:109} INFO - [2022-04-11 13:34:34,081] {dagbag.py:500} INFO - Filling up the DagBag from /home/airflow/.local/lib/python3.7/site-packages/airflow/example_dags/example_branch_labels.py
[2022-04-11 13:34:34,103] {processor.py:652} INFO - DAG(s) dict_keys(['example_branch_labels']) retrieved from /home/airflow/.local/lib/python3.7/site-packages/airflow/example_dags/example_branch_labels.py
[2022-04-11 13:34:34,136] {logging_mixin.py:109} INFO - [2022-04-11 13:34:34,136] {dag.py:2398} INFO - Sync 1 DAGs
[2022-04-11 13:34:34,161] {logging_mixin.py:109} INFO - [2022-04-11 13:34:34,161] {dag.py:2937} INFO - Setting next_dagrun for example_branch_labels to 2022-04-10 00:00:00+00:00
[2022-04-11 13:34:34,175] {processor.py:171} INFO - Processing /home/airflow/.local/lib/python3.7/site-packages/airflow/example_dags/example_branch_labels.py took 0.105 seconds
[2022-04-11 13:35:04,752] {processor.py:163} INFO - Started process (PID=1141) to work on /home/airflow/.local/lib/python3.7/site-packages/airflow/example_dags/example_branch_labels.py
[2022-04-11 13:35:04,754] {processor.py:642} INFO - Processing file /home/airflow/.local/lib/python3.7/site-packages/airflow/example_dags/example_branch_labels.py for tasks to queue
[2022-04-11 13:35:04,756] {logging_mixin.py:109} INFO - [2022-04-11 13:35:04,755] {dagbag.py:500} INFO - Filling up the DagBag from /home/airflow/.local/lib/python3.7/site-packages/airflow/example_dags/example_branch_labels.py
[2022-04-11 13:35:04,774] {processor.py:652} INFO - DAG(s) dict_keys(['example_branch_labels']) retrieved from /home/airflow/.local/lib/python3.7/site-packages/airflow/example_dags/example_branch_labels.py
[2022-04-11 13:35:04,798] {logging_mixin.py:109} INFO - [2022-04-11 13:35:04,798] {dag.py:2398} INFO - Sync 1 DAGs
[2022-04-11 13:35:04,818] {logging_mixin.py:109} INFO - [2022-04-11 13:35:04,818] {dag.py:2937} INFO - Setting next_dagrun for example_branch_labels to 2022-04-10 00:00:00+00:00
[2022-04-11 13:35:04,830] {processor.py:171} INFO - Processing /home/airflow/.local/lib/python3.7/site-packages/airflow/example_dags/example_branch_labels.py took 0.083 seconds
[2022-04-11 13:35:34,915] {processor.py:163} INFO - Started process (PID=1193) to work on /home/airflow/.local/lib/python3.7/site-packages/airflow/example_dags/example_branch_labels.py
[2022-04-11 13:35:34,917] {processor.py:642} INFO - Processing file /home/airflow/.local/lib/python3.7/site-packages/airflow/example_dags/example_branch_labels.py for tasks to queue
[2022-04-11 13:35:34,918] {logging_mixin.py:109} INFO - [2022-04-11 13:35:34,918] {dagbag.py:500} INFO - Filling up the DagBag from /home/airflow/.local/lib/python3.7/site-packages/airflow/example_dags/example_branch_labels.py
[2022-04-11 13:35:34,937] {processor.py:652} INFO - DAG(s) dict_keys(['example_branch_labels']) retrieved from /home/airflow/.local/lib/python3.7/site-packages/airflow/example_dags/example_branch_labels.py
[2022-04-11 13:35:34,959] {logging_mixin.py:109} INFO - [2022-04-11 13:35:34,959] {dag.py:2398} INFO - Sync 1 DAGs
[2022-04-11 13:35:34,980] {logging_mixin.py:109} INFO - [2022-04-11 13:35:34,980] {dag.py:2937} INFO - Setting next_dagrun for example_branch_labels to 2022-04-10 00:00:00+00:00
[2022-04-11 13:35:34,990] {processor.py:171} INFO - Processing /home/airflow/.local/lib/python3.7/site-packages/airflow/example_dags/example_branch_labels.py took 0.078 seconds
[2022-04-11 13:36:05,115] {processor.py:163} INFO - Started process (PID=1255) to work on /home/airflow/.local/lib/python3.7/site-packages/airflow/example_dags/example_branch_labels.py
[2022-04-11 13:36:05,117] {processor.py:642} INFO - Processing file /home/airflow/.local/lib/python3.7/site-packages/airflow/example_dags/example_branch_labels.py for tasks to queue
[2022-04-11 13:36:05,119] {logging_mixin.py:109} INFO - [2022-04-11 13:36:05,118] {dagbag.py:500} INFO - Filling up the DagBag from /home/airflow/.local/lib/python3.7/site-packages/airflow/example_dags/example_branch_labels.py
[2022-04-11 13:36:05,140] {processor.py:652} INFO - DAG(s) dict_keys(['example_branch_labels']) retrieved from /home/airflow/.local/lib/python3.7/site-packages/airflow/example_dags/example_branch_labels.py
[2022-04-11 13:36:05,166] {logging_mixin.py:109} INFO - [2022-04-11 13:36:05,165] {dag.py:2398} INFO - Sync 1 DAGs
[2022-04-11 13:36:05,188] {logging_mixin.py:109} INFO - [2022-04-11 13:36:05,188] {dag.py:2937} INFO - Setting next_dagrun for example_branch_labels to 2022-04-10 00:00:00+00:00
[2022-04-11 13:36:05,199] {processor.py:171} INFO - Processing /home/airflow/.local/lib/python3.7/site-packages/airflow/example_dags/example_branch_labels.py took 0.089 seconds
[2022-04-11 13:36:35,653] {processor.py:163} INFO - Started process (PID=1306) to work on /home/airflow/.local/lib/python3.7/site-packages/airflow/example_dags/example_branch_labels.py
[2022-04-11 13:36:35,655] {processor.py:642} INFO - Processing file /home/airflow/.local/lib/python3.7/site-packages/airflow/example_dags/example_branch_labels.py for tasks to queue
[2022-04-11 13:36:35,656] {logging_mixin.py:109} INFO - [2022-04-11 13:36:35,656] {dagbag.py:500} INFO - Filling up the DagBag from /home/airflow/.local/lib/python3.7/site-packages/airflow/example_dags/example_branch_labels.py
[2022-04-11 13:36:35,676] {processor.py:652} INFO - DAG(s) dict_keys(['example_branch_labels']) retrieved from /home/airflow/.local/lib/python3.7/site-packages/airflow/example_dags/example_branch_labels.py
[2022-04-11 13:36:35,702] {logging_mixin.py:109} INFO - [2022-04-11 13:36:35,702] {dag.py:2398} INFO - Sync 1 DAGs
[2022-04-11 13:36:35,722] {logging_mixin.py:109} INFO - [2022-04-11 13:36:35,722] {dag.py:2937} INFO - Setting next_dagrun for example_branch_labels to 2022-04-10 00:00:00+00:00
[2022-04-11 13:36:35,732] {processor.py:171} INFO - Processing /home/airflow/.local/lib/python3.7/site-packages/airflow/example_dags/example_branch_labels.py took 0.084 seconds
[2022-04-11 13:37:06,162] {processor.py:163} INFO - Started process (PID=1373) to work on /home/airflow/.local/lib/python3.7/site-packages/airflow/example_dags/example_branch_labels.py
[2022-04-11 13:37:06,164] {processor.py:642} INFO - Processing file /home/airflow/.local/lib/python3.7/site-packages/airflow/example_dags/example_branch_labels.py for tasks to queue
[2022-04-11 13:37:06,165] {logging_mixin.py:109} INFO - [2022-04-11 13:37:06,165] {dagbag.py:500} INFO - Filling up the DagBag from /home/airflow/.local/lib/python3.7/site-packages/airflow/example_dags/example_branch_labels.py
[2022-04-11 13:37:06,184] {processor.py:652} INFO - DAG(s) dict_keys(['example_branch_labels']) retrieved from /home/airflow/.local/lib/python3.7/site-packages/airflow/example_dags/example_branch_labels.py
[2022-04-11 13:37:06,215] {logging_mixin.py:109} INFO - [2022-04-11 13:37:06,215] {dag.py:2398} INFO - Sync 1 DAGs
[2022-04-11 13:37:06,238] {logging_mixin.py:109} INFO - [2022-04-11 13:37:06,238] {dag.py:2937} INFO - Setting next_dagrun for example_branch_labels to 2022-04-10 00:00:00+00:00
[2022-04-11 13:37:06,259] {processor.py:171} INFO - Processing /home/airflow/.local/lib/python3.7/site-packages/airflow/example_dags/example_branch_labels.py took 0.101 seconds
[2022-04-11 13:37:36,729] {processor.py:163} INFO - Started process (PID=1425) to work on /home/airflow/.local/lib/python3.7/site-packages/airflow/example_dags/example_branch_labels.py
[2022-04-11 13:37:36,731] {processor.py:642} INFO - Processing file /home/airflow/.local/lib/python3.7/site-packages/airflow/example_dags/example_branch_labels.py for tasks to queue
[2022-04-11 13:37:36,733] {logging_mixin.py:109} INFO - [2022-04-11 13:37:36,733] {dagbag.py:500} INFO - Filling up the DagBag from /home/airflow/.local/lib/python3.7/site-packages/airflow/example_dags/example_branch_labels.py
[2022-04-11 13:37:36,753] {processor.py:652} INFO - DAG(s) dict_keys(['example_branch_labels']) retrieved from /home/airflow/.local/lib/python3.7/site-packages/airflow/example_dags/example_branch_labels.py
[2022-04-11 13:37:36,784] {logging_mixin.py:109} INFO - [2022-04-11 13:37:36,783] {dag.py:2398} INFO - Sync 1 DAGs
[2022-04-11 13:37:36,807] {logging_mixin.py:109} INFO - [2022-04-11 13:37:36,807] {dag.py:2937} INFO - Setting next_dagrun for example_branch_labels to 2022-04-10 00:00:00+00:00
[2022-04-11 13:37:36,819] {processor.py:171} INFO - Processing /home/airflow/.local/lib/python3.7/site-packages/airflow/example_dags/example_branch_labels.py took 0.094 seconds
[2022-04-11 13:38:06,980] {processor.py:163} INFO - Started process (PID=1487) to work on /home/airflow/.local/lib/python3.7/site-packages/airflow/example_dags/example_branch_labels.py
[2022-04-11 13:38:06,983] {processor.py:642} INFO - Processing file /home/airflow/.local/lib/python3.7/site-packages/airflow/example_dags/example_branch_labels.py for tasks to queue
[2022-04-11 13:38:06,985] {logging_mixin.py:109} INFO - [2022-04-11 13:38:06,985] {dagbag.py:500} INFO - Filling up the DagBag from /home/airflow/.local/lib/python3.7/site-packages/airflow/example_dags/example_branch_labels.py
[2022-04-11 13:38:07,004] {processor.py:652} INFO - DAG(s) dict_keys(['example_branch_labels']) retrieved from /home/airflow/.local/lib/python3.7/site-packages/airflow/example_dags/example_branch_labels.py
[2022-04-11 13:38:07,029] {logging_mixin.py:109} INFO - [2022-04-11 13:38:07,029] {dag.py:2398} INFO - Sync 1 DAGs
[2022-04-11 13:38:07,052] {logging_mixin.py:109} INFO - [2022-04-11 13:38:07,052] {dag.py:2937} INFO - Setting next_dagrun for example_branch_labels to 2022-04-10 00:00:00+00:00
[2022-04-11 13:38:07,064] {processor.py:171} INFO - Processing /home/airflow/.local/lib/python3.7/site-packages/airflow/example_dags/example_branch_labels.py took 0.089 seconds
[2022-04-11 13:38:37,528] {processor.py:163} INFO - Started process (PID=1540) to work on /home/airflow/.local/lib/python3.7/site-packages/airflow/example_dags/example_branch_labels.py
[2022-04-11 13:38:37,532] {processor.py:642} INFO - Processing file /home/airflow/.local/lib/python3.7/site-packages/airflow/example_dags/example_branch_labels.py for tasks to queue
[2022-04-11 13:38:37,533] {logging_mixin.py:109} INFO - [2022-04-11 13:38:37,533] {dagbag.py:500} INFO - Filling up the DagBag from /home/airflow/.local/lib/python3.7/site-packages/airflow/example_dags/example_branch_labels.py
[2022-04-11 13:38:37,553] {processor.py:652} INFO - DAG(s) dict_keys(['example_branch_labels']) retrieved from /home/airflow/.local/lib/python3.7/site-packages/airflow/example_dags/example_branch_labels.py
[2022-04-11 13:38:37,582] {logging_mixin.py:109} INFO - [2022-04-11 13:38:37,582] {dag.py:2398} INFO - Sync 1 DAGs
[2022-04-11 13:38:37,607] {logging_mixin.py:109} INFO - [2022-04-11 13:38:37,607] {dag.py:2937} INFO - Setting next_dagrun for example_branch_labels to 2022-04-10 00:00:00+00:00
[2022-04-11 13:38:37,619] {processor.py:171} INFO - Processing /home/airflow/.local/lib/python3.7/site-packages/airflow/example_dags/example_branch_labels.py took 0.095 seconds
[2022-04-11 13:39:07,881] {processor.py:163} INFO - Started process (PID=1602) to work on /home/airflow/.local/lib/python3.7/site-packages/airflow/example_dags/example_branch_labels.py
[2022-04-11 13:39:07,885] {processor.py:642} INFO - Processing file /home/airflow/.local/lib/python3.7/site-packages/airflow/example_dags/example_branch_labels.py for tasks to queue
[2022-04-11 13:39:07,887] {logging_mixin.py:109} INFO - [2022-04-11 13:39:07,887] {dagbag.py:500} INFO - Filling up the DagBag from /home/airflow/.local/lib/python3.7/site-packages/airflow/example_dags/example_branch_labels.py
[2022-04-11 13:39:07,916] {processor.py:652} INFO - DAG(s) dict_keys(['example_branch_labels']) retrieved from /home/airflow/.local/lib/python3.7/site-packages/airflow/example_dags/example_branch_labels.py
[2022-04-11 13:39:07,950] {logging_mixin.py:109} INFO - [2022-04-11 13:39:07,950] {dag.py:2398} INFO - Sync 1 DAGs
[2022-04-11 13:39:07,981] {logging_mixin.py:109} INFO - [2022-04-11 13:39:07,981] {dag.py:2937} INFO - Setting next_dagrun for example_branch_labels to 2022-04-10 00:00:00+00:00
[2022-04-11 13:39:07,998] {processor.py:171} INFO - Processing /home/airflow/.local/lib/python3.7/site-packages/airflow/example_dags/example_branch_labels.py took 0.126 seconds
[2022-04-11 13:39:38,085] {processor.py:163} INFO - Started process (PID=1653) to work on /home/airflow/.local/lib/python3.7/site-packages/airflow/example_dags/example_branch_labels.py
[2022-04-11 13:39:38,088] {processor.py:642} INFO - Processing file /home/airflow/.local/lib/python3.7/site-packages/airflow/example_dags/example_branch_labels.py for tasks to queue
[2022-04-11 13:39:38,089] {logging_mixin.py:109} INFO - [2022-04-11 13:39:38,089] {dagbag.py:500} INFO - Filling up the DagBag from /home/airflow/.local/lib/python3.7/site-packages/airflow/example_dags/example_branch_labels.py
[2022-04-11 13:39:38,109] {processor.py:652} INFO - DAG(s) dict_keys(['example_branch_labels']) retrieved from /home/airflow/.local/lib/python3.7/site-packages/airflow/example_dags/example_branch_labels.py
[2022-04-11 13:39:38,135] {logging_mixin.py:109} INFO - [2022-04-11 13:39:38,135] {dag.py:2398} INFO - Sync 1 DAGs
[2022-04-11 13:39:38,160] {logging_mixin.py:109} INFO - [2022-04-11 13:39:38,160] {dag.py:2937} INFO - Setting next_dagrun for example_branch_labels to 2022-04-10 00:00:00+00:00
[2022-04-11 13:39:38,178] {processor.py:171} INFO - Processing /home/airflow/.local/lib/python3.7/site-packages/airflow/example_dags/example_branch_labels.py took 0.097 seconds
[2022-04-11 13:40:08,730] {processor.py:163} INFO - Started process (PID=1703) to work on /home/airflow/.local/lib/python3.7/site-packages/airflow/example_dags/example_branch_labels.py
[2022-04-11 13:40:08,732] {processor.py:642} INFO - Processing file /home/airflow/.local/lib/python3.7/site-packages/airflow/example_dags/example_branch_labels.py for tasks to queue
[2022-04-11 13:40:08,733] {logging_mixin.py:109} INFO - [2022-04-11 13:40:08,733] {dagbag.py:500} INFO - Filling up the DagBag from /home/airflow/.local/lib/python3.7/site-packages/airflow/example_dags/example_branch_labels.py
[2022-04-11 13:40:08,753] {processor.py:652} INFO - DAG(s) dict_keys(['example_branch_labels']) retrieved from /home/airflow/.local/lib/python3.7/site-packages/airflow/example_dags/example_branch_labels.py
[2022-04-11 13:40:08,778] {logging_mixin.py:109} INFO - [2022-04-11 13:40:08,778] {dag.py:2398} INFO - Sync 1 DAGs
[2022-04-11 13:40:08,802] {logging_mixin.py:109} INFO - [2022-04-11 13:40:08,802] {dag.py:2937} INFO - Setting next_dagrun for example_branch_labels to 2022-04-10 00:00:00+00:00
[2022-04-11 13:40:08,814] {processor.py:171} INFO - Processing /home/airflow/.local/lib/python3.7/site-packages/airflow/example_dags/example_branch_labels.py took 0.089 seconds
[2022-04-11 13:40:39,046] {processor.py:163} INFO - Started process (PID=1766) to work on /home/airflow/.local/lib/python3.7/site-packages/airflow/example_dags/example_branch_labels.py
[2022-04-11 13:40:39,049] {processor.py:642} INFO - Processing file /home/airflow/.local/lib/python3.7/site-packages/airflow/example_dags/example_branch_labels.py for tasks to queue
[2022-04-11 13:40:39,051] {logging_mixin.py:109} INFO - [2022-04-11 13:40:39,051] {dagbag.py:500} INFO - Filling up the DagBag from /home/airflow/.local/lib/python3.7/site-packages/airflow/example_dags/example_branch_labels.py
[2022-04-11 13:40:39,075] {processor.py:652} INFO - DAG(s) dict_keys(['example_branch_labels']) retrieved from /home/airflow/.local/lib/python3.7/site-packages/airflow/example_dags/example_branch_labels.py
[2022-04-11 13:40:39,104] {logging_mixin.py:109} INFO - [2022-04-11 13:40:39,103] {dag.py:2398} INFO - Sync 1 DAGs
[2022-04-11 13:40:39,131] {logging_mixin.py:109} INFO - [2022-04-11 13:40:39,131] {dag.py:2937} INFO - Setting next_dagrun for example_branch_labels to 2022-04-10 00:00:00+00:00
[2022-04-11 13:40:39,143] {processor.py:171} INFO - Processing /home/airflow/.local/lib/python3.7/site-packages/airflow/example_dags/example_branch_labels.py took 0.102 seconds
[2022-04-11 13:41:09,345] {processor.py:163} INFO - Started process (PID=1820) to work on /home/airflow/.local/lib/python3.7/site-packages/airflow/example_dags/example_branch_labels.py
[2022-04-11 13:41:09,348] {processor.py:642} INFO - Processing file /home/airflow/.local/lib/python3.7/site-packages/airflow/example_dags/example_branch_labels.py for tasks to queue
[2022-04-11 13:41:09,352] {logging_mixin.py:109} INFO - [2022-04-11 13:41:09,351] {dagbag.py:500} INFO - Filling up the DagBag from /home/airflow/.local/lib/python3.7/site-packages/airflow/example_dags/example_branch_labels.py
[2022-04-11 13:41:09,382] {processor.py:652} INFO - DAG(s) dict_keys(['example_branch_labels']) retrieved from /home/airflow/.local/lib/python3.7/site-packages/airflow/example_dags/example_branch_labels.py
[2022-04-11 13:41:09,418] {logging_mixin.py:109} INFO - [2022-04-11 13:41:09,418] {dag.py:2398} INFO - Sync 1 DAGs
[2022-04-11 13:41:09,453] {logging_mixin.py:109} INFO - [2022-04-11 13:41:09,452] {dag.py:2937} INFO - Setting next_dagrun for example_branch_labels to 2022-04-10 00:00:00+00:00
[2022-04-11 13:41:09,466] {processor.py:171} INFO - Processing /home/airflow/.local/lib/python3.7/site-packages/airflow/example_dags/example_branch_labels.py took 0.126 seconds
[2022-04-11 13:41:40,331] {processor.py:163} INFO - Started process (PID=1882) to work on /home/airflow/.local/lib/python3.7/site-packages/airflow/example_dags/example_branch_labels.py
[2022-04-11 13:41:40,334] {processor.py:642} INFO - Processing file /home/airflow/.local/lib/python3.7/site-packages/airflow/example_dags/example_branch_labels.py for tasks to queue
[2022-04-11 13:41:40,337] {logging_mixin.py:109} INFO - [2022-04-11 13:41:40,336] {dagbag.py:500} INFO - Filling up the DagBag from /home/airflow/.local/lib/python3.7/site-packages/airflow/example_dags/example_branch_labels.py
[2022-04-11 13:41:40,369] {processor.py:652} INFO - DAG(s) dict_keys(['example_branch_labels']) retrieved from /home/airflow/.local/lib/python3.7/site-packages/airflow/example_dags/example_branch_labels.py
[2022-04-11 13:41:40,398] {logging_mixin.py:109} INFO - [2022-04-11 13:41:40,398] {dag.py:2398} INFO - Sync 1 DAGs
[2022-04-11 13:41:40,426] {logging_mixin.py:109} INFO - [2022-04-11 13:41:40,426] {dag.py:2937} INFO - Setting next_dagrun for example_branch_labels to 2022-04-10 00:00:00+00:00
[2022-04-11 13:41:40,440] {processor.py:171} INFO - Processing /home/airflow/.local/lib/python3.7/site-packages/airflow/example_dags/example_branch_labels.py took 0.116 seconds
[2022-04-11 13:42:11,004] {processor.py:163} INFO - Started process (PID=1935) to work on /home/airflow/.local/lib/python3.7/site-packages/airflow/example_dags/example_branch_labels.py
[2022-04-11 13:42:11,006] {processor.py:642} INFO - Processing file /home/airflow/.local/lib/python3.7/site-packages/airflow/example_dags/example_branch_labels.py for tasks to queue
[2022-04-11 13:42:11,007] {logging_mixin.py:109} INFO - [2022-04-11 13:42:11,007] {dagbag.py:500} INFO - Filling up the DagBag from /home/airflow/.local/lib/python3.7/site-packages/airflow/example_dags/example_branch_labels.py
[2022-04-11 13:42:11,029] {processor.py:652} INFO - DAG(s) dict_keys(['example_branch_labels']) retrieved from /home/airflow/.local/lib/python3.7/site-packages/airflow/example_dags/example_branch_labels.py
[2022-04-11 13:42:11,064] {logging_mixin.py:109} INFO - [2022-04-11 13:42:11,064] {dag.py:2398} INFO - Sync 1 DAGs
[2022-04-11 13:42:11,095] {logging_mixin.py:109} INFO - [2022-04-11 13:42:11,095] {dag.py:2937} INFO - Setting next_dagrun for example_branch_labels to 2022-04-10 00:00:00+00:00
[2022-04-11 13:42:11,106] {processor.py:171} INFO - Processing /home/airflow/.local/lib/python3.7/site-packages/airflow/example_dags/example_branch_labels.py took 0.107 seconds
[2022-04-11 13:42:42,000] {processor.py:163} INFO - Started process (PID=1987) to work on /home/airflow/.local/lib/python3.7/site-packages/airflow/example_dags/example_branch_labels.py
[2022-04-11 13:42:42,004] {processor.py:642} INFO - Processing file /home/airflow/.local/lib/python3.7/site-packages/airflow/example_dags/example_branch_labels.py for tasks to queue
[2022-04-11 13:42:42,007] {logging_mixin.py:109} INFO - [2022-04-11 13:42:42,007] {dagbag.py:500} INFO - Filling up the DagBag from /home/airflow/.local/lib/python3.7/site-packages/airflow/example_dags/example_branch_labels.py
[2022-04-11 13:42:42,046] {processor.py:652} INFO - DAG(s) dict_keys(['example_branch_labels']) retrieved from /home/airflow/.local/lib/python3.7/site-packages/airflow/example_dags/example_branch_labels.py
[2022-04-11 13:42:42,102] {logging_mixin.py:109} INFO - [2022-04-11 13:42:42,102] {dag.py:2398} INFO - Sync 1 DAGs
[2022-04-11 13:42:42,136] {logging_mixin.py:109} INFO - [2022-04-11 13:42:42,136] {dag.py:2937} INFO - Setting next_dagrun for example_branch_labels to 2022-04-10 00:00:00+00:00
[2022-04-11 13:42:42,150] {processor.py:171} INFO - Processing /home/airflow/.local/lib/python3.7/site-packages/airflow/example_dags/example_branch_labels.py took 0.156 seconds
[2022-04-11 13:43:12,204] {processor.py:163} INFO - Started process (PID=2050) to work on /home/airflow/.local/lib/python3.7/site-packages/airflow/example_dags/example_branch_labels.py
[2022-04-11 13:43:12,210] {processor.py:642} INFO - Processing file /home/airflow/.local/lib/python3.7/site-packages/airflow/example_dags/example_branch_labels.py for tasks to queue
[2022-04-11 13:43:12,211] {logging_mixin.py:109} INFO - [2022-04-11 13:43:12,211] {dagbag.py:500} INFO - Filling up the DagBag from /home/airflow/.local/lib/python3.7/site-packages/airflow/example_dags/example_branch_labels.py
[2022-04-11 13:43:12,233] {processor.py:652} INFO - DAG(s) dict_keys(['example_branch_labels']) retrieved from /home/airflow/.local/lib/python3.7/site-packages/airflow/example_dags/example_branch_labels.py
[2022-04-11 13:43:12,261] {logging_mixin.py:109} INFO - [2022-04-11 13:43:12,260] {dag.py:2398} INFO - Sync 1 DAGs
[2022-04-11 13:43:12,283] {logging_mixin.py:109} INFO - [2022-04-11 13:43:12,283] {dag.py:2937} INFO - Setting next_dagrun for example_branch_labels to 2022-04-10 00:00:00+00:00
[2022-04-11 13:43:12,295] {processor.py:171} INFO - Processing /home/airflow/.local/lib/python3.7/site-packages/airflow/example_dags/example_branch_labels.py took 0.098 seconds
[2022-04-11 13:43:42,338] {processor.py:163} INFO - Started process (PID=2103) to work on /home/airflow/.local/lib/python3.7/site-packages/airflow/example_dags/example_branch_labels.py
[2022-04-11 13:43:42,340] {processor.py:642} INFO - Processing file /home/airflow/.local/lib/python3.7/site-packages/airflow/example_dags/example_branch_labels.py for tasks to queue
[2022-04-11 13:43:42,341] {logging_mixin.py:109} INFO - [2022-04-11 13:43:42,341] {dagbag.py:500} INFO - Filling up the DagBag from /home/airflow/.local/lib/python3.7/site-packages/airflow/example_dags/example_branch_labels.py
[2022-04-11 13:43:42,361] {processor.py:652} INFO - DAG(s) dict_keys(['example_branch_labels']) retrieved from /home/airflow/.local/lib/python3.7/site-packages/airflow/example_dags/example_branch_labels.py
[2022-04-11 13:43:42,383] {logging_mixin.py:109} INFO - [2022-04-11 13:43:42,383] {dag.py:2398} INFO - Sync 1 DAGs
[2022-04-11 13:43:42,405] {logging_mixin.py:109} INFO - [2022-04-11 13:43:42,404] {dag.py:2937} INFO - Setting next_dagrun for example_branch_labels to 2022-04-10 00:00:00+00:00
[2022-04-11 13:43:42,414] {processor.py:171} INFO - Processing /home/airflow/.local/lib/python3.7/site-packages/airflow/example_dags/example_branch_labels.py took 0.080 seconds
[2022-04-11 13:44:13,117] {processor.py:163} INFO - Started process (PID=2166) to work on /home/airflow/.local/lib/python3.7/site-packages/airflow/example_dags/example_branch_labels.py
[2022-04-11 13:44:13,122] {processor.py:642} INFO - Processing file /home/airflow/.local/lib/python3.7/site-packages/airflow/example_dags/example_branch_labels.py for tasks to queue
[2022-04-11 13:44:13,126] {logging_mixin.py:109} INFO - [2022-04-11 13:44:13,126] {dagbag.py:500} INFO - Filling up the DagBag from /home/airflow/.local/lib/python3.7/site-packages/airflow/example_dags/example_branch_labels.py
[2022-04-11 13:44:13,158] {processor.py:652} INFO - DAG(s) dict_keys(['example_branch_labels']) retrieved from /home/airflow/.local/lib/python3.7/site-packages/airflow/example_dags/example_branch_labels.py
[2022-04-11 13:44:13,214] {logging_mixin.py:109} INFO - [2022-04-11 13:44:13,214] {dag.py:2398} INFO - Sync 1 DAGs
[2022-04-11 13:44:13,243] {logging_mixin.py:109} INFO - [2022-04-11 13:44:13,243] {dag.py:2937} INFO - Setting next_dagrun for example_branch_labels to 2022-04-10 00:00:00+00:00
[2022-04-11 13:44:13,262] {processor.py:171} INFO - Processing /home/airflow/.local/lib/python3.7/site-packages/airflow/example_dags/example_branch_labels.py took 0.168 seconds
[2022-04-11 13:44:43,338] {processor.py:163} INFO - Started process (PID=2217) to work on /home/airflow/.local/lib/python3.7/site-packages/airflow/example_dags/example_branch_labels.py
[2022-04-11 13:44:43,342] {processor.py:642} INFO - Processing file /home/airflow/.local/lib/python3.7/site-packages/airflow/example_dags/example_branch_labels.py for tasks to queue
[2022-04-11 13:44:43,345] {logging_mixin.py:109} INFO - [2022-04-11 13:44:43,344] {dagbag.py:500} INFO - Filling up the DagBag from /home/airflow/.local/lib/python3.7/site-packages/airflow/example_dags/example_branch_labels.py
[2022-04-11 13:44:43,375] {processor.py:652} INFO - DAG(s) dict_keys(['example_branch_labels']) retrieved from /home/airflow/.local/lib/python3.7/site-packages/airflow/example_dags/example_branch_labels.py
[2022-04-11 13:44:43,413] {logging_mixin.py:109} INFO - [2022-04-11 13:44:43,413] {dag.py:2398} INFO - Sync 1 DAGs
[2022-04-11 13:44:43,449] {logging_mixin.py:109} INFO - [2022-04-11 13:44:43,449] {dag.py:2937} INFO - Setting next_dagrun for example_branch_labels to 2022-04-10 00:00:00+00:00
[2022-04-11 13:44:43,467] {processor.py:171} INFO - Processing /home/airflow/.local/lib/python3.7/site-packages/airflow/example_dags/example_branch_labels.py took 0.135 seconds
[2022-04-11 13:45:13,681] {processor.py:163} INFO - Started process (PID=2268) to work on /home/airflow/.local/lib/python3.7/site-packages/airflow/example_dags/example_branch_labels.py
[2022-04-11 13:45:13,686] {processor.py:642} INFO - Processing file /home/airflow/.local/lib/python3.7/site-packages/airflow/example_dags/example_branch_labels.py for tasks to queue
[2022-04-11 13:45:13,690] {logging_mixin.py:109} INFO - [2022-04-11 13:45:13,690] {dagbag.py:500} INFO - Filling up the DagBag from /home/airflow/.local/lib/python3.7/site-packages/airflow/example_dags/example_branch_labels.py
[2022-04-11 13:45:13,723] {processor.py:652} INFO - DAG(s) dict_keys(['example_branch_labels']) retrieved from /home/airflow/.local/lib/python3.7/site-packages/airflow/example_dags/example_branch_labels.py
[2022-04-11 13:45:13,765] {logging_mixin.py:109} INFO - [2022-04-11 13:45:13,765] {dag.py:2398} INFO - Sync 1 DAGs
[2022-04-11 13:45:13,801] {logging_mixin.py:109} INFO - [2022-04-11 13:45:13,801] {dag.py:2937} INFO - Setting next_dagrun for example_branch_labels to 2022-04-10 00:00:00+00:00
[2022-04-11 13:45:13,821] {processor.py:171} INFO - Processing /home/airflow/.local/lib/python3.7/site-packages/airflow/example_dags/example_branch_labels.py took 0.145 seconds
[2022-04-11 13:45:44,452] {processor.py:163} INFO - Started process (PID=2328) to work on /home/airflow/.local/lib/python3.7/site-packages/airflow/example_dags/example_branch_labels.py
[2022-04-11 13:45:44,455] {processor.py:642} INFO - Processing file /home/airflow/.local/lib/python3.7/site-packages/airflow/example_dags/example_branch_labels.py for tasks to queue
[2022-04-11 13:45:44,456] {logging_mixin.py:109} INFO - [2022-04-11 13:45:44,456] {dagbag.py:500} INFO - Filling up the DagBag from /home/airflow/.local/lib/python3.7/site-packages/airflow/example_dags/example_branch_labels.py
[2022-04-11 13:45:44,482] {processor.py:652} INFO - DAG(s) dict_keys(['example_branch_labels']) retrieved from /home/airflow/.local/lib/python3.7/site-packages/airflow/example_dags/example_branch_labels.py
[2022-04-11 13:45:44,505] {logging_mixin.py:109} INFO - [2022-04-11 13:45:44,505] {dag.py:2398} INFO - Sync 1 DAGs
[2022-04-11 13:45:44,533] {logging_mixin.py:109} INFO - [2022-04-11 13:45:44,533] {dag.py:2937} INFO - Setting next_dagrun for example_branch_labels to 2022-04-10 00:00:00+00:00
[2022-04-11 13:45:44,543] {processor.py:171} INFO - Processing /home/airflow/.local/lib/python3.7/site-packages/airflow/example_dags/example_branch_labels.py took 0.094 seconds
[2022-04-11 13:46:14,835] {processor.py:163} INFO - Started process (PID=2381) to work on /home/airflow/.local/lib/python3.7/site-packages/airflow/example_dags/example_branch_labels.py
[2022-04-11 13:46:14,837] {processor.py:642} INFO - Processing file /home/airflow/.local/lib/python3.7/site-packages/airflow/example_dags/example_branch_labels.py for tasks to queue
[2022-04-11 13:46:14,838] {logging_mixin.py:109} INFO - [2022-04-11 13:46:14,838] {dagbag.py:500} INFO - Filling up the DagBag from /home/airflow/.local/lib/python3.7/site-packages/airflow/example_dags/example_branch_labels.py
[2022-04-11 13:46:14,860] {processor.py:652} INFO - DAG(s) dict_keys(['example_branch_labels']) retrieved from /home/airflow/.local/lib/python3.7/site-packages/airflow/example_dags/example_branch_labels.py
[2022-04-11 13:46:14,891] {logging_mixin.py:109} INFO - [2022-04-11 13:46:14,891] {dag.py:2398} INFO - Sync 1 DAGs
[2022-04-11 13:46:14,924] {logging_mixin.py:109} INFO - [2022-04-11 13:46:14,924] {dag.py:2937} INFO - Setting next_dagrun for example_branch_labels to 2022-04-10 00:00:00+00:00
[2022-04-11 13:46:14,936] {processor.py:171} INFO - Processing /home/airflow/.local/lib/python3.7/site-packages/airflow/example_dags/example_branch_labels.py took 0.106 seconds
[2022-04-11 13:46:45,243] {processor.py:163} INFO - Started process (PID=2433) to work on /home/airflow/.local/lib/python3.7/site-packages/airflow/example_dags/example_branch_labels.py
[2022-04-11 13:46:45,246] {processor.py:642} INFO - Processing file /home/airflow/.local/lib/python3.7/site-packages/airflow/example_dags/example_branch_labels.py for tasks to queue
[2022-04-11 13:46:45,247] {logging_mixin.py:109} INFO - [2022-04-11 13:46:45,247] {dagbag.py:500} INFO - Filling up the DagBag from /home/airflow/.local/lib/python3.7/site-packages/airflow/example_dags/example_branch_labels.py
[2022-04-11 13:46:45,271] {processor.py:652} INFO - DAG(s) dict_keys(['example_branch_labels']) retrieved from /home/airflow/.local/lib/python3.7/site-packages/airflow/example_dags/example_branch_labels.py
[2022-04-11 13:46:45,309] {logging_mixin.py:109} INFO - [2022-04-11 13:46:45,309] {dag.py:2398} INFO - Sync 1 DAGs
[2022-04-11 13:46:45,368] {logging_mixin.py:109} INFO - [2022-04-11 13:46:45,368] {dag.py:2937} INFO - Setting next_dagrun for example_branch_labels to 2022-04-10 00:00:00+00:00
[2022-04-11 13:46:45,391] {processor.py:171} INFO - Processing /home/airflow/.local/lib/python3.7/site-packages/airflow/example_dags/example_branch_labels.py took 0.153 seconds
[2022-04-11 13:47:16,255] {processor.py:163} INFO - Started process (PID=2498) to work on /home/airflow/.local/lib/python3.7/site-packages/airflow/example_dags/example_branch_labels.py
[2022-04-11 13:47:16,257] {processor.py:642} INFO - Processing file /home/airflow/.local/lib/python3.7/site-packages/airflow/example_dags/example_branch_labels.py for tasks to queue
[2022-04-11 13:47:16,259] {logging_mixin.py:109} INFO - [2022-04-11 13:47:16,258] {dagbag.py:500} INFO - Filling up the DagBag from /home/airflow/.local/lib/python3.7/site-packages/airflow/example_dags/example_branch_labels.py
[2022-04-11 13:47:16,279] {processor.py:652} INFO - DAG(s) dict_keys(['example_branch_labels']) retrieved from /home/airflow/.local/lib/python3.7/site-packages/airflow/example_dags/example_branch_labels.py
[2022-04-11 13:47:16,303] {logging_mixin.py:109} INFO - [2022-04-11 13:47:16,303] {dag.py:2398} INFO - Sync 1 DAGs
[2022-04-11 13:47:16,325] {logging_mixin.py:109} INFO - [2022-04-11 13:47:16,325] {dag.py:2937} INFO - Setting next_dagrun for example_branch_labels to 2022-04-10 00:00:00+00:00
[2022-04-11 13:47:16,335] {processor.py:171} INFO - Processing /home/airflow/.local/lib/python3.7/site-packages/airflow/example_dags/example_branch_labels.py took 0.085 seconds
[2022-04-11 13:47:46,700] {processor.py:163} INFO - Started process (PID=2550) to work on /home/airflow/.local/lib/python3.7/site-packages/airflow/example_dags/example_branch_labels.py
[2022-04-11 13:47:46,702] {processor.py:642} INFO - Processing file /home/airflow/.local/lib/python3.7/site-packages/airflow/example_dags/example_branch_labels.py for tasks to queue
[2022-04-11 13:47:46,703] {logging_mixin.py:109} INFO - [2022-04-11 13:47:46,703] {dagbag.py:500} INFO - Filling up the DagBag from /home/airflow/.local/lib/python3.7/site-packages/airflow/example_dags/example_branch_labels.py
[2022-04-11 13:47:46,721] {processor.py:652} INFO - DAG(s) dict_keys(['example_branch_labels']) retrieved from /home/airflow/.local/lib/python3.7/site-packages/airflow/example_dags/example_branch_labels.py
[2022-04-11 13:47:46,745] {logging_mixin.py:109} INFO - [2022-04-11 13:47:46,745] {dag.py:2398} INFO - Sync 1 DAGs
[2022-04-11 13:47:46,765] {logging_mixin.py:109} INFO - [2022-04-11 13:47:46,765] {dag.py:2937} INFO - Setting next_dagrun for example_branch_labels to 2022-04-10 00:00:00+00:00
[2022-04-11 13:47:46,774] {processor.py:171} INFO - Processing /home/airflow/.local/lib/python3.7/site-packages/airflow/example_dags/example_branch_labels.py took 0.079 seconds
[2022-04-11 13:48:17,410] {processor.py:163} INFO - Started process (PID=2612) to work on /home/airflow/.local/lib/python3.7/site-packages/airflow/example_dags/example_branch_labels.py
[2022-04-11 13:48:17,414] {processor.py:642} INFO - Processing file /home/airflow/.local/lib/python3.7/site-packages/airflow/example_dags/example_branch_labels.py for tasks to queue
[2022-04-11 13:48:17,416] {logging_mixin.py:109} INFO - [2022-04-11 13:48:17,416] {dagbag.py:500} INFO - Filling up the DagBag from /home/airflow/.local/lib/python3.7/site-packages/airflow/example_dags/example_branch_labels.py
[2022-04-11 13:48:17,437] {processor.py:652} INFO - DAG(s) dict_keys(['example_branch_labels']) retrieved from /home/airflow/.local/lib/python3.7/site-packages/airflow/example_dags/example_branch_labels.py
[2022-04-11 13:48:17,481] {logging_mixin.py:109} INFO - [2022-04-11 13:48:17,481] {dag.py:2398} INFO - Sync 1 DAGs
[2022-04-11 13:48:17,504] {logging_mixin.py:109} INFO - [2022-04-11 13:48:17,504] {dag.py:2937} INFO - Setting next_dagrun for example_branch_labels to 2022-04-10 00:00:00+00:00
[2022-04-11 13:48:17,514] {processor.py:171} INFO - Processing /home/airflow/.local/lib/python3.7/site-packages/airflow/example_dags/example_branch_labels.py took 0.112 seconds
[2022-04-11 13:48:48,188] {processor.py:163} INFO - Started process (PID=2666) to work on /home/airflow/.local/lib/python3.7/site-packages/airflow/example_dags/example_branch_labels.py
[2022-04-11 13:48:48,189] {processor.py:642} INFO - Processing file /home/airflow/.local/lib/python3.7/site-packages/airflow/example_dags/example_branch_labels.py for tasks to queue
[2022-04-11 13:48:48,191] {logging_mixin.py:109} INFO - [2022-04-11 13:48:48,191] {dagbag.py:500} INFO - Filling up the DagBag from /home/airflow/.local/lib/python3.7/site-packages/airflow/example_dags/example_branch_labels.py
[2022-04-11 13:48:48,210] {processor.py:652} INFO - DAG(s) dict_keys(['example_branch_labels']) retrieved from /home/airflow/.local/lib/python3.7/site-packages/airflow/example_dags/example_branch_labels.py
[2022-04-11 13:48:48,235] {logging_mixin.py:109} INFO - [2022-04-11 13:48:48,235] {dag.py:2398} INFO - Sync 1 DAGs
[2022-04-11 13:48:48,256] {logging_mixin.py:109} INFO - [2022-04-11 13:48:48,256] {dag.py:2937} INFO - Setting next_dagrun for example_branch_labels to 2022-04-10 00:00:00+00:00
[2022-04-11 13:48:48,265] {processor.py:171} INFO - Processing /home/airflow/.local/lib/python3.7/site-packages/airflow/example_dags/example_branch_labels.py took 0.081 seconds
