[2022-04-11 13:26:56,389] {processor.py:163} INFO - Started process (PID=104) to work on /home/airflow/.local/lib/python3.7/site-packages/airflow/example_dags/example_xcomargs.py
[2022-04-11 13:26:56,393] {processor.py:642} INFO - Processing file /home/airflow/.local/lib/python3.7/site-packages/airflow/example_dags/example_xcomargs.py for tasks to queue
[2022-04-11 13:26:56,398] {logging_mixin.py:109} INFO - [2022-04-11 13:26:56,397] {dagbag.py:500} INFO - Filling up the DagBag from /home/airflow/.local/lib/python3.7/site-packages/airflow/example_dags/example_xcomargs.py
[2022-04-11 13:26:56,430] {processor.py:652} INFO - DAG(s) dict_keys(['example_xcom_args', 'example_xcom_args_with_operators']) retrieved from /home/airflow/.local/lib/python3.7/site-packages/airflow/example_dags/example_xcomargs.py
[2022-04-11 13:26:58,632] {logging_mixin.py:109} INFO - [2022-04-11 13:26:58,632] {manager.py:496} INFO - Created Permission View: can read on DAG:example_xcom_args
[2022-04-11 13:26:58,640] {logging_mixin.py:109} INFO - [2022-04-11 13:26:58,640] {manager.py:496} INFO - Created Permission View: can edit on DAG:example_xcom_args
[2022-04-11 13:26:58,656] {logging_mixin.py:109} INFO - [2022-04-11 13:26:58,656] {manager.py:496} INFO - Created Permission View: can read on DAG:example_xcom_args_with_operators
[2022-04-11 13:26:58,664] {logging_mixin.py:109} INFO - [2022-04-11 13:26:58,664] {manager.py:496} INFO - Created Permission View: can edit on DAG:example_xcom_args_with_operators
[2022-04-11 13:26:58,665] {logging_mixin.py:109} INFO - [2022-04-11 13:26:58,664] {dag.py:2398} INFO - Sync 2 DAGs
[2022-04-11 13:26:58,673] {logging_mixin.py:109} INFO - [2022-04-11 13:26:58,673] {dag.py:2417} INFO - Creating ORM DAG for example_xcom_args_with_operators
[2022-04-11 13:26:58,674] {logging_mixin.py:109} INFO - [2022-04-11 13:26:58,674] {dag.py:2417} INFO - Creating ORM DAG for example_xcom_args
[2022-04-11 13:26:58,682] {logging_mixin.py:109} INFO - [2022-04-11 13:26:58,682] {dag.py:2937} INFO - Setting next_dagrun for example_xcom_args to None
[2022-04-11 13:26:58,683] {logging_mixin.py:109} INFO - [2022-04-11 13:26:58,683] {dag.py:2937} INFO - Setting next_dagrun for example_xcom_args_with_operators to None
[2022-04-11 13:26:58,697] {processor.py:171} INFO - Processing /home/airflow/.local/lib/python3.7/site-packages/airflow/example_dags/example_xcomargs.py took 2.325 seconds
[2022-04-11 13:27:29,408] {processor.py:163} INFO - Started process (PID=289) to work on /home/airflow/.local/lib/python3.7/site-packages/airflow/example_dags/example_xcomargs.py
[2022-04-11 13:27:29,410] {processor.py:642} INFO - Processing file /home/airflow/.local/lib/python3.7/site-packages/airflow/example_dags/example_xcomargs.py for tasks to queue
[2022-04-11 13:27:29,411] {logging_mixin.py:109} INFO - [2022-04-11 13:27:29,411] {dagbag.py:500} INFO - Filling up the DagBag from /home/airflow/.local/lib/python3.7/site-packages/airflow/example_dags/example_xcomargs.py
[2022-04-11 13:27:29,436] {processor.py:652} INFO - DAG(s) dict_keys(['example_xcom_args', 'example_xcom_args_with_operators']) retrieved from /home/airflow/.local/lib/python3.7/site-packages/airflow/example_dags/example_xcomargs.py
[2022-04-11 13:27:29,767] {logging_mixin.py:109} INFO - [2022-04-11 13:27:29,767] {dag.py:2398} INFO - Sync 2 DAGs
[2022-04-11 13:27:29,787] {logging_mixin.py:109} INFO - [2022-04-11 13:27:29,787] {dag.py:2937} INFO - Setting next_dagrun for example_xcom_args to None
[2022-04-11 13:27:29,788] {logging_mixin.py:109} INFO - [2022-04-11 13:27:29,788] {dag.py:2937} INFO - Setting next_dagrun for example_xcom_args_with_operators to None
[2022-04-11 13:27:29,801] {processor.py:171} INFO - Processing /home/airflow/.local/lib/python3.7/site-packages/airflow/example_dags/example_xcomargs.py took 0.396 seconds
[2022-04-11 13:28:00,031] {processor.py:163} INFO - Started process (PID=350) to work on /home/airflow/.local/lib/python3.7/site-packages/airflow/example_dags/example_xcomargs.py
[2022-04-11 13:28:00,035] {processor.py:642} INFO - Processing file /home/airflow/.local/lib/python3.7/site-packages/airflow/example_dags/example_xcomargs.py for tasks to queue
[2022-04-11 13:28:00,038] {logging_mixin.py:109} INFO - [2022-04-11 13:28:00,037] {dagbag.py:500} INFO - Filling up the DagBag from /home/airflow/.local/lib/python3.7/site-packages/airflow/example_dags/example_xcomargs.py
[2022-04-11 13:28:00,072] {processor.py:652} INFO - DAG(s) dict_keys(['example_xcom_args', 'example_xcom_args_with_operators']) retrieved from /home/airflow/.local/lib/python3.7/site-packages/airflow/example_dags/example_xcomargs.py
[2022-04-11 13:28:00,503] {logging_mixin.py:109} INFO - [2022-04-11 13:28:00,503] {dag.py:2398} INFO - Sync 2 DAGs
[2022-04-11 13:28:00,526] {logging_mixin.py:109} INFO - [2022-04-11 13:28:00,526] {dag.py:2937} INFO - Setting next_dagrun for example_xcom_args to None
[2022-04-11 13:28:00,529] {logging_mixin.py:109} INFO - [2022-04-11 13:28:00,529] {dag.py:2937} INFO - Setting next_dagrun for example_xcom_args_with_operators to None
[2022-04-11 13:28:00,552] {processor.py:171} INFO - Processing /home/airflow/.local/lib/python3.7/site-packages/airflow/example_dags/example_xcomargs.py took 0.527 seconds
[2022-04-11 13:28:31,514] {processor.py:163} INFO - Started process (PID=402) to work on /home/airflow/.local/lib/python3.7/site-packages/airflow/example_dags/example_xcomargs.py
[2022-04-11 13:28:31,516] {processor.py:642} INFO - Processing file /home/airflow/.local/lib/python3.7/site-packages/airflow/example_dags/example_xcomargs.py for tasks to queue
[2022-04-11 13:28:31,518] {logging_mixin.py:109} INFO - [2022-04-11 13:28:31,517] {dagbag.py:500} INFO - Filling up the DagBag from /home/airflow/.local/lib/python3.7/site-packages/airflow/example_dags/example_xcomargs.py
[2022-04-11 13:28:31,543] {processor.py:652} INFO - DAG(s) dict_keys(['example_xcom_args', 'example_xcom_args_with_operators']) retrieved from /home/airflow/.local/lib/python3.7/site-packages/airflow/example_dags/example_xcomargs.py
[2022-04-11 13:28:31,875] {logging_mixin.py:109} INFO - [2022-04-11 13:28:31,875] {dag.py:2398} INFO - Sync 2 DAGs
[2022-04-11 13:28:31,900] {logging_mixin.py:109} INFO - [2022-04-11 13:28:31,899] {dag.py:2937} INFO - Setting next_dagrun for example_xcom_args to None
[2022-04-11 13:28:31,901] {logging_mixin.py:109} INFO - [2022-04-11 13:28:31,901] {dag.py:2937} INFO - Setting next_dagrun for example_xcom_args_with_operators to None
[2022-04-11 13:28:31,919] {processor.py:171} INFO - Processing /home/airflow/.local/lib/python3.7/site-packages/airflow/example_dags/example_xcomargs.py took 0.410 seconds
[2022-04-11 13:29:02,020] {processor.py:163} INFO - Started process (PID=464) to work on /home/airflow/.local/lib/python3.7/site-packages/airflow/example_dags/example_xcomargs.py
[2022-04-11 13:29:02,023] {processor.py:642} INFO - Processing file /home/airflow/.local/lib/python3.7/site-packages/airflow/example_dags/example_xcomargs.py for tasks to queue
[2022-04-11 13:29:02,024] {logging_mixin.py:109} INFO - [2022-04-11 13:29:02,024] {dagbag.py:500} INFO - Filling up the DagBag from /home/airflow/.local/lib/python3.7/site-packages/airflow/example_dags/example_xcomargs.py
[2022-04-11 13:29:02,048] {processor.py:652} INFO - DAG(s) dict_keys(['example_xcom_args', 'example_xcom_args_with_operators']) retrieved from /home/airflow/.local/lib/python3.7/site-packages/airflow/example_dags/example_xcomargs.py
[2022-04-11 13:29:02,381] {logging_mixin.py:109} INFO - [2022-04-11 13:29:02,381] {dag.py:2398} INFO - Sync 2 DAGs
[2022-04-11 13:29:02,399] {logging_mixin.py:109} INFO - [2022-04-11 13:29:02,399] {dag.py:2937} INFO - Setting next_dagrun for example_xcom_args to None
[2022-04-11 13:29:02,400] {logging_mixin.py:109} INFO - [2022-04-11 13:29:02,400] {dag.py:2937} INFO - Setting next_dagrun for example_xcom_args_with_operators to None
[2022-04-11 13:29:02,412] {processor.py:171} INFO - Processing /home/airflow/.local/lib/python3.7/site-packages/airflow/example_dags/example_xcomargs.py took 0.396 seconds
[2022-04-11 13:29:32,530] {processor.py:163} INFO - Started process (PID=516) to work on /home/airflow/.local/lib/python3.7/site-packages/airflow/example_dags/example_xcomargs.py
[2022-04-11 13:29:32,533] {processor.py:642} INFO - Processing file /home/airflow/.local/lib/python3.7/site-packages/airflow/example_dags/example_xcomargs.py for tasks to queue
[2022-04-11 13:29:32,535] {logging_mixin.py:109} INFO - [2022-04-11 13:29:32,535] {dagbag.py:500} INFO - Filling up the DagBag from /home/airflow/.local/lib/python3.7/site-packages/airflow/example_dags/example_xcomargs.py
[2022-04-11 13:29:32,568] {processor.py:652} INFO - DAG(s) dict_keys(['example_xcom_args', 'example_xcom_args_with_operators']) retrieved from /home/airflow/.local/lib/python3.7/site-packages/airflow/example_dags/example_xcomargs.py
[2022-04-11 13:29:32,979] {logging_mixin.py:109} INFO - [2022-04-11 13:29:32,979] {dag.py:2398} INFO - Sync 2 DAGs
[2022-04-11 13:29:33,002] {logging_mixin.py:109} INFO - [2022-04-11 13:29:33,002] {dag.py:2937} INFO - Setting next_dagrun for example_xcom_args to None
[2022-04-11 13:29:33,004] {logging_mixin.py:109} INFO - [2022-04-11 13:29:33,004] {dag.py:2937} INFO - Setting next_dagrun for example_xcom_args_with_operators to None
[2022-04-11 13:29:33,022] {processor.py:171} INFO - Processing /home/airflow/.local/lib/python3.7/site-packages/airflow/example_dags/example_xcomargs.py took 0.498 seconds
[2022-04-11 13:30:03,429] {processor.py:163} INFO - Started process (PID=577) to work on /home/airflow/.local/lib/python3.7/site-packages/airflow/example_dags/example_xcomargs.py
[2022-04-11 13:30:03,430] {processor.py:642} INFO - Processing file /home/airflow/.local/lib/python3.7/site-packages/airflow/example_dags/example_xcomargs.py for tasks to queue
[2022-04-11 13:30:03,432] {logging_mixin.py:109} INFO - [2022-04-11 13:30:03,431] {dagbag.py:500} INFO - Filling up the DagBag from /home/airflow/.local/lib/python3.7/site-packages/airflow/example_dags/example_xcomargs.py
[2022-04-11 13:30:03,456] {processor.py:652} INFO - DAG(s) dict_keys(['example_xcom_args', 'example_xcom_args_with_operators']) retrieved from /home/airflow/.local/lib/python3.7/site-packages/airflow/example_dags/example_xcomargs.py
[2022-04-11 13:30:03,764] {logging_mixin.py:109} INFO - [2022-04-11 13:30:03,764] {dag.py:2398} INFO - Sync 2 DAGs
[2022-04-11 13:30:03,777] {logging_mixin.py:109} INFO - [2022-04-11 13:30:03,777] {dag.py:2937} INFO - Setting next_dagrun for example_xcom_args to None
[2022-04-11 13:30:03,778] {logging_mixin.py:109} INFO - [2022-04-11 13:30:03,778] {dag.py:2937} INFO - Setting next_dagrun for example_xcom_args_with_operators to None
[2022-04-11 13:30:03,787] {processor.py:171} INFO - Processing /home/airflow/.local/lib/python3.7/site-packages/airflow/example_dags/example_xcomargs.py took 0.364 seconds
[2022-04-11 13:30:33,837] {processor.py:163} INFO - Started process (PID=629) to work on /home/airflow/.local/lib/python3.7/site-packages/airflow/example_dags/example_xcomargs.py
[2022-04-11 13:30:33,842] {processor.py:642} INFO - Processing file /home/airflow/.local/lib/python3.7/site-packages/airflow/example_dags/example_xcomargs.py for tasks to queue
[2022-04-11 13:30:33,844] {logging_mixin.py:109} INFO - [2022-04-11 13:30:33,844] {dagbag.py:500} INFO - Filling up the DagBag from /home/airflow/.local/lib/python3.7/site-packages/airflow/example_dags/example_xcomargs.py
[2022-04-11 13:30:33,885] {processor.py:652} INFO - DAG(s) dict_keys(['example_xcom_args', 'example_xcom_args_with_operators']) retrieved from /home/airflow/.local/lib/python3.7/site-packages/airflow/example_dags/example_xcomargs.py
[2022-04-11 13:30:34,272] {logging_mixin.py:109} INFO - [2022-04-11 13:30:34,272] {dag.py:2398} INFO - Sync 2 DAGs
[2022-04-11 13:30:34,291] {logging_mixin.py:109} INFO - [2022-04-11 13:30:34,291] {dag.py:2937} INFO - Setting next_dagrun for example_xcom_args to None
[2022-04-11 13:30:34,293] {logging_mixin.py:109} INFO - [2022-04-11 13:30:34,292] {dag.py:2937} INFO - Setting next_dagrun for example_xcom_args_with_operators to None
[2022-04-11 13:30:34,305] {processor.py:171} INFO - Processing /home/airflow/.local/lib/python3.7/site-packages/airflow/example_dags/example_xcomargs.py took 0.475 seconds
[2022-04-11 13:31:04,898] {processor.py:163} INFO - Started process (PID=689) to work on /home/airflow/.local/lib/python3.7/site-packages/airflow/example_dags/example_xcomargs.py
[2022-04-11 13:31:04,900] {processor.py:642} INFO - Processing file /home/airflow/.local/lib/python3.7/site-packages/airflow/example_dags/example_xcomargs.py for tasks to queue
[2022-04-11 13:31:04,902] {logging_mixin.py:109} INFO - [2022-04-11 13:31:04,902] {dagbag.py:500} INFO - Filling up the DagBag from /home/airflow/.local/lib/python3.7/site-packages/airflow/example_dags/example_xcomargs.py
[2022-04-11 13:31:04,942] {processor.py:652} INFO - DAG(s) dict_keys(['example_xcom_args', 'example_xcom_args_with_operators']) retrieved from /home/airflow/.local/lib/python3.7/site-packages/airflow/example_dags/example_xcomargs.py
[2022-04-11 13:31:05,328] {logging_mixin.py:109} INFO - [2022-04-11 13:31:05,328] {dag.py:2398} INFO - Sync 2 DAGs
[2022-04-11 13:31:05,346] {logging_mixin.py:109} INFO - [2022-04-11 13:31:05,346] {dag.py:2937} INFO - Setting next_dagrun for example_xcom_args to None
[2022-04-11 13:31:05,347] {logging_mixin.py:109} INFO - [2022-04-11 13:31:05,347] {dag.py:2937} INFO - Setting next_dagrun for example_xcom_args_with_operators to None
[2022-04-11 13:31:05,362] {processor.py:171} INFO - Processing /home/airflow/.local/lib/python3.7/site-packages/airflow/example_dags/example_xcomargs.py took 0.470 seconds
[2022-04-11 13:31:35,450] {processor.py:163} INFO - Started process (PID=751) to work on /home/airflow/.local/lib/python3.7/site-packages/airflow/example_dags/example_xcomargs.py
[2022-04-11 13:31:35,456] {processor.py:642} INFO - Processing file /home/airflow/.local/lib/python3.7/site-packages/airflow/example_dags/example_xcomargs.py for tasks to queue
[2022-04-11 13:31:35,458] {logging_mixin.py:109} INFO - [2022-04-11 13:31:35,458] {dagbag.py:500} INFO - Filling up the DagBag from /home/airflow/.local/lib/python3.7/site-packages/airflow/example_dags/example_xcomargs.py
[2022-04-11 13:31:35,500] {processor.py:652} INFO - DAG(s) dict_keys(['example_xcom_args', 'example_xcom_args_with_operators']) retrieved from /home/airflow/.local/lib/python3.7/site-packages/airflow/example_dags/example_xcomargs.py
[2022-04-11 13:31:35,945] {logging_mixin.py:109} INFO - [2022-04-11 13:31:35,945] {dag.py:2398} INFO - Sync 2 DAGs
[2022-04-11 13:31:35,967] {logging_mixin.py:109} INFO - [2022-04-11 13:31:35,966] {dag.py:2937} INFO - Setting next_dagrun for example_xcom_args to None
[2022-04-11 13:31:35,968] {logging_mixin.py:109} INFO - [2022-04-11 13:31:35,968] {dag.py:2937} INFO - Setting next_dagrun for example_xcom_args_with_operators to None
[2022-04-11 13:31:35,988] {processor.py:171} INFO - Processing /home/airflow/.local/lib/python3.7/site-packages/airflow/example_dags/example_xcomargs.py took 0.548 seconds
[2022-04-11 13:32:06,049] {processor.py:163} INFO - Started process (PID=813) to work on /home/airflow/.local/lib/python3.7/site-packages/airflow/example_dags/example_xcomargs.py
[2022-04-11 13:32:06,051] {processor.py:642} INFO - Processing file /home/airflow/.local/lib/python3.7/site-packages/airflow/example_dags/example_xcomargs.py for tasks to queue
[2022-04-11 13:32:06,053] {logging_mixin.py:109} INFO - [2022-04-11 13:32:06,052] {dagbag.py:500} INFO - Filling up the DagBag from /home/airflow/.local/lib/python3.7/site-packages/airflow/example_dags/example_xcomargs.py
[2022-04-11 13:32:06,080] {processor.py:652} INFO - DAG(s) dict_keys(['example_xcom_args', 'example_xcom_args_with_operators']) retrieved from /home/airflow/.local/lib/python3.7/site-packages/airflow/example_dags/example_xcomargs.py
[2022-04-11 13:32:06,414] {logging_mixin.py:109} INFO - [2022-04-11 13:32:06,414] {dag.py:2398} INFO - Sync 2 DAGs
[2022-04-11 13:32:06,432] {logging_mixin.py:109} INFO - [2022-04-11 13:32:06,432] {dag.py:2937} INFO - Setting next_dagrun for example_xcom_args to None
[2022-04-11 13:32:06,433] {logging_mixin.py:109} INFO - [2022-04-11 13:32:06,433] {dag.py:2937} INFO - Setting next_dagrun for example_xcom_args_with_operators to None
[2022-04-11 13:32:06,446] {processor.py:171} INFO - Processing /home/airflow/.local/lib/python3.7/site-packages/airflow/example_dags/example_xcomargs.py took 0.402 seconds
[2022-04-11 13:32:36,506] {processor.py:163} INFO - Started process (PID=864) to work on /home/airflow/.local/lib/python3.7/site-packages/airflow/example_dags/example_xcomargs.py
[2022-04-11 13:32:36,508] {processor.py:642} INFO - Processing file /home/airflow/.local/lib/python3.7/site-packages/airflow/example_dags/example_xcomargs.py for tasks to queue
[2022-04-11 13:32:36,509] {logging_mixin.py:109} INFO - [2022-04-11 13:32:36,509] {dagbag.py:500} INFO - Filling up the DagBag from /home/airflow/.local/lib/python3.7/site-packages/airflow/example_dags/example_xcomargs.py
[2022-04-11 13:32:36,537] {processor.py:652} INFO - DAG(s) dict_keys(['example_xcom_args', 'example_xcom_args_with_operators']) retrieved from /home/airflow/.local/lib/python3.7/site-packages/airflow/example_dags/example_xcomargs.py
[2022-04-11 13:32:36,877] {logging_mixin.py:109} INFO - [2022-04-11 13:32:36,877] {dag.py:2398} INFO - Sync 2 DAGs
[2022-04-11 13:32:36,895] {logging_mixin.py:109} INFO - [2022-04-11 13:32:36,895] {dag.py:2937} INFO - Setting next_dagrun for example_xcom_args to None
[2022-04-11 13:32:36,896] {logging_mixin.py:109} INFO - [2022-04-11 13:32:36,896] {dag.py:2937} INFO - Setting next_dagrun for example_xcom_args_with_operators to None
[2022-04-11 13:32:36,908] {processor.py:171} INFO - Processing /home/airflow/.local/lib/python3.7/site-packages/airflow/example_dags/example_xcomargs.py took 0.408 seconds
[2022-04-11 13:33:07,090] {processor.py:163} INFO - Started process (PID=927) to work on /home/airflow/.local/lib/python3.7/site-packages/airflow/example_dags/example_xcomargs.py
[2022-04-11 13:33:07,092] {processor.py:642} INFO - Processing file /home/airflow/.local/lib/python3.7/site-packages/airflow/example_dags/example_xcomargs.py for tasks to queue
[2022-04-11 13:33:07,094] {logging_mixin.py:109} INFO - [2022-04-11 13:33:07,094] {dagbag.py:500} INFO - Filling up the DagBag from /home/airflow/.local/lib/python3.7/site-packages/airflow/example_dags/example_xcomargs.py
[2022-04-11 13:33:07,124] {processor.py:652} INFO - DAG(s) dict_keys(['example_xcom_args', 'example_xcom_args_with_operators']) retrieved from /home/airflow/.local/lib/python3.7/site-packages/airflow/example_dags/example_xcomargs.py
[2022-04-11 13:33:07,460] {logging_mixin.py:109} INFO - [2022-04-11 13:33:07,459] {dag.py:2398} INFO - Sync 2 DAGs
[2022-04-11 13:33:07,491] {logging_mixin.py:109} INFO - [2022-04-11 13:33:07,491] {dag.py:2937} INFO - Setting next_dagrun for example_xcom_args to None
[2022-04-11 13:33:07,493] {logging_mixin.py:109} INFO - [2022-04-11 13:33:07,492] {dag.py:2937} INFO - Setting next_dagrun for example_xcom_args_with_operators to None
[2022-04-11 13:33:07,505] {processor.py:171} INFO - Processing /home/airflow/.local/lib/python3.7/site-packages/airflow/example_dags/example_xcomargs.py took 0.420 seconds
[2022-04-11 13:33:37,684] {processor.py:163} INFO - Started process (PID=977) to work on /home/airflow/.local/lib/python3.7/site-packages/airflow/example_dags/example_xcomargs.py
[2022-04-11 13:33:37,687] {processor.py:642} INFO - Processing file /home/airflow/.local/lib/python3.7/site-packages/airflow/example_dags/example_xcomargs.py for tasks to queue
[2022-04-11 13:33:37,689] {logging_mixin.py:109} INFO - [2022-04-11 13:33:37,689] {dagbag.py:500} INFO - Filling up the DagBag from /home/airflow/.local/lib/python3.7/site-packages/airflow/example_dags/example_xcomargs.py
[2022-04-11 13:33:37,719] {processor.py:652} INFO - DAG(s) dict_keys(['example_xcom_args', 'example_xcom_args_with_operators']) retrieved from /home/airflow/.local/lib/python3.7/site-packages/airflow/example_dags/example_xcomargs.py
[2022-04-11 13:33:38,051] {logging_mixin.py:109} INFO - [2022-04-11 13:33:38,051] {dag.py:2398} INFO - Sync 2 DAGs
[2022-04-11 13:33:38,085] {logging_mixin.py:109} INFO - [2022-04-11 13:33:38,084] {dag.py:2937} INFO - Setting next_dagrun for example_xcom_args to None
[2022-04-11 13:33:38,087] {logging_mixin.py:109} INFO - [2022-04-11 13:33:38,087] {dag.py:2937} INFO - Setting next_dagrun for example_xcom_args_with_operators to None
[2022-04-11 13:33:38,111] {processor.py:171} INFO - Processing /home/airflow/.local/lib/python3.7/site-packages/airflow/example_dags/example_xcomargs.py took 0.431 seconds
[2022-04-11 13:34:08,825] {processor.py:163} INFO - Started process (PID=1039) to work on /home/airflow/.local/lib/python3.7/site-packages/airflow/example_dags/example_xcomargs.py
[2022-04-11 13:34:08,829] {processor.py:642} INFO - Processing file /home/airflow/.local/lib/python3.7/site-packages/airflow/example_dags/example_xcomargs.py for tasks to queue
[2022-04-11 13:34:08,831] {logging_mixin.py:109} INFO - [2022-04-11 13:34:08,831] {dagbag.py:500} INFO - Filling up the DagBag from /home/airflow/.local/lib/python3.7/site-packages/airflow/example_dags/example_xcomargs.py
[2022-04-11 13:34:08,864] {processor.py:652} INFO - DAG(s) dict_keys(['example_xcom_args', 'example_xcom_args_with_operators']) retrieved from /home/airflow/.local/lib/python3.7/site-packages/airflow/example_dags/example_xcomargs.py
[2022-04-11 13:34:09,192] {logging_mixin.py:109} INFO - [2022-04-11 13:34:09,192] {dag.py:2398} INFO - Sync 2 DAGs
[2022-04-11 13:34:09,210] {logging_mixin.py:109} INFO - [2022-04-11 13:34:09,210] {dag.py:2937} INFO - Setting next_dagrun for example_xcom_args to None
[2022-04-11 13:34:09,211] {logging_mixin.py:109} INFO - [2022-04-11 13:34:09,211] {dag.py:2937} INFO - Setting next_dagrun for example_xcom_args_with_operators to None
[2022-04-11 13:34:09,227] {processor.py:171} INFO - Processing /home/airflow/.local/lib/python3.7/site-packages/airflow/example_dags/example_xcomargs.py took 0.409 seconds
[2022-04-11 13:34:39,553] {processor.py:163} INFO - Started process (PID=1093) to work on /home/airflow/.local/lib/python3.7/site-packages/airflow/example_dags/example_xcomargs.py
[2022-04-11 13:34:39,561] {processor.py:642} INFO - Processing file /home/airflow/.local/lib/python3.7/site-packages/airflow/example_dags/example_xcomargs.py for tasks to queue
[2022-04-11 13:34:39,565] {logging_mixin.py:109} INFO - [2022-04-11 13:34:39,565] {dagbag.py:500} INFO - Filling up the DagBag from /home/airflow/.local/lib/python3.7/site-packages/airflow/example_dags/example_xcomargs.py
[2022-04-11 13:34:39,628] {processor.py:652} INFO - DAG(s) dict_keys(['example_xcom_args', 'example_xcom_args_with_operators']) retrieved from /home/airflow/.local/lib/python3.7/site-packages/airflow/example_dags/example_xcomargs.py
[2022-04-11 13:34:40,043] {logging_mixin.py:109} INFO - [2022-04-11 13:34:40,043] {dag.py:2398} INFO - Sync 2 DAGs
[2022-04-11 13:34:40,060] {logging_mixin.py:109} INFO - [2022-04-11 13:34:40,060] {dag.py:2937} INFO - Setting next_dagrun for example_xcom_args to None
[2022-04-11 13:34:40,062] {logging_mixin.py:109} INFO - [2022-04-11 13:34:40,062] {dag.py:2937} INFO - Setting next_dagrun for example_xcom_args_with_operators to None
[2022-04-11 13:34:40,076] {processor.py:171} INFO - Processing /home/airflow/.local/lib/python3.7/site-packages/airflow/example_dags/example_xcomargs.py took 0.529 seconds
[2022-04-11 13:35:10,886] {processor.py:163} INFO - Started process (PID=1144) to work on /home/airflow/.local/lib/python3.7/site-packages/airflow/example_dags/example_xcomargs.py
[2022-04-11 13:35:10,889] {processor.py:642} INFO - Processing file /home/airflow/.local/lib/python3.7/site-packages/airflow/example_dags/example_xcomargs.py for tasks to queue
[2022-04-11 13:35:10,890] {logging_mixin.py:109} INFO - [2022-04-11 13:35:10,890] {dagbag.py:500} INFO - Filling up the DagBag from /home/airflow/.local/lib/python3.7/site-packages/airflow/example_dags/example_xcomargs.py
[2022-04-11 13:35:10,916] {processor.py:652} INFO - DAG(s) dict_keys(['example_xcom_args', 'example_xcom_args_with_operators']) retrieved from /home/airflow/.local/lib/python3.7/site-packages/airflow/example_dags/example_xcomargs.py
[2022-04-11 13:35:11,239] {logging_mixin.py:109} INFO - [2022-04-11 13:35:11,239] {dag.py:2398} INFO - Sync 2 DAGs
[2022-04-11 13:35:11,254] {logging_mixin.py:109} INFO - [2022-04-11 13:35:11,254] {dag.py:2937} INFO - Setting next_dagrun for example_xcom_args to None
[2022-04-11 13:35:11,255] {logging_mixin.py:109} INFO - [2022-04-11 13:35:11,255] {dag.py:2937} INFO - Setting next_dagrun for example_xcom_args_with_operators to None
[2022-04-11 13:35:11,266] {processor.py:171} INFO - Processing /home/airflow/.local/lib/python3.7/site-packages/airflow/example_dags/example_xcomargs.py took 0.384 seconds
[2022-04-11 13:35:41,340] {processor.py:163} INFO - Started process (PID=1207) to work on /home/airflow/.local/lib/python3.7/site-packages/airflow/example_dags/example_xcomargs.py
[2022-04-11 13:35:41,345] {processor.py:642} INFO - Processing file /home/airflow/.local/lib/python3.7/site-packages/airflow/example_dags/example_xcomargs.py for tasks to queue
[2022-04-11 13:35:41,349] {logging_mixin.py:109} INFO - [2022-04-11 13:35:41,348] {dagbag.py:500} INFO - Filling up the DagBag from /home/airflow/.local/lib/python3.7/site-packages/airflow/example_dags/example_xcomargs.py
[2022-04-11 13:35:41,404] {processor.py:652} INFO - DAG(s) dict_keys(['example_xcom_args', 'example_xcom_args_with_operators']) retrieved from /home/airflow/.local/lib/python3.7/site-packages/airflow/example_dags/example_xcomargs.py
[2022-04-11 13:35:41,799] {logging_mixin.py:109} INFO - [2022-04-11 13:35:41,799] {dag.py:2398} INFO - Sync 2 DAGs
[2022-04-11 13:35:41,819] {logging_mixin.py:109} INFO - [2022-04-11 13:35:41,818] {dag.py:2937} INFO - Setting next_dagrun for example_xcom_args to None
[2022-04-11 13:35:41,820] {logging_mixin.py:109} INFO - [2022-04-11 13:35:41,820] {dag.py:2937} INFO - Setting next_dagrun for example_xcom_args_with_operators to None
[2022-04-11 13:35:41,833] {processor.py:171} INFO - Processing /home/airflow/.local/lib/python3.7/site-packages/airflow/example_dags/example_xcomargs.py took 0.505 seconds
[2022-04-11 13:36:12,019] {processor.py:163} INFO - Started process (PID=1258) to work on /home/airflow/.local/lib/python3.7/site-packages/airflow/example_dags/example_xcomargs.py
[2022-04-11 13:36:12,027] {processor.py:642} INFO - Processing file /home/airflow/.local/lib/python3.7/site-packages/airflow/example_dags/example_xcomargs.py for tasks to queue
[2022-04-11 13:36:12,036] {logging_mixin.py:109} INFO - [2022-04-11 13:36:12,036] {dagbag.py:500} INFO - Filling up the DagBag from /home/airflow/.local/lib/python3.7/site-packages/airflow/example_dags/example_xcomargs.py
[2022-04-11 13:36:12,218] {processor.py:652} INFO - DAG(s) dict_keys(['example_xcom_args', 'example_xcom_args_with_operators']) retrieved from /home/airflow/.local/lib/python3.7/site-packages/airflow/example_dags/example_xcomargs.py
[2022-04-11 13:36:12,754] {logging_mixin.py:109} INFO - [2022-04-11 13:36:12,754] {dag.py:2398} INFO - Sync 2 DAGs
[2022-04-11 13:36:12,774] {logging_mixin.py:109} INFO - [2022-04-11 13:36:12,774] {dag.py:2937} INFO - Setting next_dagrun for example_xcom_args to None
[2022-04-11 13:36:12,776] {logging_mixin.py:109} INFO - [2022-04-11 13:36:12,776] {dag.py:2937} INFO - Setting next_dagrun for example_xcom_args_with_operators to None
[2022-04-11 13:36:12,792] {processor.py:171} INFO - Processing /home/airflow/.local/lib/python3.7/site-packages/airflow/example_dags/example_xcomargs.py took 0.787 seconds
[2022-04-11 13:36:43,239] {processor.py:163} INFO - Started process (PID=1326) to work on /home/airflow/.local/lib/python3.7/site-packages/airflow/example_dags/example_xcomargs.py
[2022-04-11 13:36:43,242] {processor.py:642} INFO - Processing file /home/airflow/.local/lib/python3.7/site-packages/airflow/example_dags/example_xcomargs.py for tasks to queue
[2022-04-11 13:36:43,244] {logging_mixin.py:109} INFO - [2022-04-11 13:36:43,243] {dagbag.py:500} INFO - Filling up the DagBag from /home/airflow/.local/lib/python3.7/site-packages/airflow/example_dags/example_xcomargs.py
[2022-04-11 13:36:43,275] {processor.py:652} INFO - DAG(s) dict_keys(['example_xcom_args', 'example_xcom_args_with_operators']) retrieved from /home/airflow/.local/lib/python3.7/site-packages/airflow/example_dags/example_xcomargs.py
[2022-04-11 13:36:43,660] {logging_mixin.py:109} INFO - [2022-04-11 13:36:43,660] {dag.py:2398} INFO - Sync 2 DAGs
[2022-04-11 13:36:43,680] {logging_mixin.py:109} INFO - [2022-04-11 13:36:43,680] {dag.py:2937} INFO - Setting next_dagrun for example_xcom_args to None
[2022-04-11 13:36:43,681] {logging_mixin.py:109} INFO - [2022-04-11 13:36:43,681] {dag.py:2937} INFO - Setting next_dagrun for example_xcom_args_with_operators to None
[2022-04-11 13:36:43,701] {processor.py:171} INFO - Processing /home/airflow/.local/lib/python3.7/site-packages/airflow/example_dags/example_xcomargs.py took 0.466 seconds
[2022-04-11 13:37:14,694] {processor.py:163} INFO - Started process (PID=1380) to work on /home/airflow/.local/lib/python3.7/site-packages/airflow/example_dags/example_xcomargs.py
[2022-04-11 13:37:14,696] {processor.py:642} INFO - Processing file /home/airflow/.local/lib/python3.7/site-packages/airflow/example_dags/example_xcomargs.py for tasks to queue
[2022-04-11 13:37:14,698] {logging_mixin.py:109} INFO - [2022-04-11 13:37:14,697] {dagbag.py:500} INFO - Filling up the DagBag from /home/airflow/.local/lib/python3.7/site-packages/airflow/example_dags/example_xcomargs.py
[2022-04-11 13:37:14,725] {processor.py:652} INFO - DAG(s) dict_keys(['example_xcom_args', 'example_xcom_args_with_operators']) retrieved from /home/airflow/.local/lib/python3.7/site-packages/airflow/example_dags/example_xcomargs.py
[2022-04-11 13:37:15,057] {logging_mixin.py:109} INFO - [2022-04-11 13:37:15,056] {dag.py:2398} INFO - Sync 2 DAGs
[2022-04-11 13:37:15,076] {logging_mixin.py:109} INFO - [2022-04-11 13:37:15,076] {dag.py:2937} INFO - Setting next_dagrun for example_xcom_args to None
[2022-04-11 13:37:15,077] {logging_mixin.py:109} INFO - [2022-04-11 13:37:15,077] {dag.py:2937} INFO - Setting next_dagrun for example_xcom_args_with_operators to None
[2022-04-11 13:37:15,088] {processor.py:171} INFO - Processing /home/airflow/.local/lib/python3.7/site-packages/airflow/example_dags/example_xcomargs.py took 0.399 seconds
[2022-04-11 13:37:45,487] {processor.py:163} INFO - Started process (PID=1442) to work on /home/airflow/.local/lib/python3.7/site-packages/airflow/example_dags/example_xcomargs.py
[2022-04-11 13:37:45,491] {processor.py:642} INFO - Processing file /home/airflow/.local/lib/python3.7/site-packages/airflow/example_dags/example_xcomargs.py for tasks to queue
[2022-04-11 13:37:45,492] {logging_mixin.py:109} INFO - [2022-04-11 13:37:45,492] {dagbag.py:500} INFO - Filling up the DagBag from /home/airflow/.local/lib/python3.7/site-packages/airflow/example_dags/example_xcomargs.py
[2022-04-11 13:37:45,533] {processor.py:652} INFO - DAG(s) dict_keys(['example_xcom_args', 'example_xcom_args_with_operators']) retrieved from /home/airflow/.local/lib/python3.7/site-packages/airflow/example_dags/example_xcomargs.py
[2022-04-11 13:37:45,954] {logging_mixin.py:109} INFO - [2022-04-11 13:37:45,954] {dag.py:2398} INFO - Sync 2 DAGs
[2022-04-11 13:37:45,970] {logging_mixin.py:109} INFO - [2022-04-11 13:37:45,970] {dag.py:2937} INFO - Setting next_dagrun for example_xcom_args to None
[2022-04-11 13:37:45,971] {logging_mixin.py:109} INFO - [2022-04-11 13:37:45,971] {dag.py:2937} INFO - Setting next_dagrun for example_xcom_args_with_operators to None
[2022-04-11 13:37:45,982] {processor.py:171} INFO - Processing /home/airflow/.local/lib/python3.7/site-packages/airflow/example_dags/example_xcomargs.py took 0.502 seconds
[2022-04-11 13:38:16,504] {processor.py:163} INFO - Started process (PID=1494) to work on /home/airflow/.local/lib/python3.7/site-packages/airflow/example_dags/example_xcomargs.py
[2022-04-11 13:38:16,506] {processor.py:642} INFO - Processing file /home/airflow/.local/lib/python3.7/site-packages/airflow/example_dags/example_xcomargs.py for tasks to queue
[2022-04-11 13:38:16,507] {logging_mixin.py:109} INFO - [2022-04-11 13:38:16,507] {dagbag.py:500} INFO - Filling up the DagBag from /home/airflow/.local/lib/python3.7/site-packages/airflow/example_dags/example_xcomargs.py
[2022-04-11 13:38:16,568] {processor.py:652} INFO - DAG(s) dict_keys(['example_xcom_args', 'example_xcom_args_with_operators']) retrieved from /home/airflow/.local/lib/python3.7/site-packages/airflow/example_dags/example_xcomargs.py
[2022-04-11 13:38:16,947] {logging_mixin.py:109} INFO - [2022-04-11 13:38:16,947] {dag.py:2398} INFO - Sync 2 DAGs
[2022-04-11 13:38:16,965] {logging_mixin.py:109} INFO - [2022-04-11 13:38:16,965] {dag.py:2937} INFO - Setting next_dagrun for example_xcom_args to None
[2022-04-11 13:38:16,966] {logging_mixin.py:109} INFO - [2022-04-11 13:38:16,966] {dag.py:2937} INFO - Setting next_dagrun for example_xcom_args_with_operators to None
[2022-04-11 13:38:16,979] {processor.py:171} INFO - Processing /home/airflow/.local/lib/python3.7/site-packages/airflow/example_dags/example_xcomargs.py took 0.480 seconds
[2022-04-11 13:38:47,169] {processor.py:163} INFO - Started process (PID=1556) to work on /home/airflow/.local/lib/python3.7/site-packages/airflow/example_dags/example_xcomargs.py
[2022-04-11 13:38:47,172] {processor.py:642} INFO - Processing file /home/airflow/.local/lib/python3.7/site-packages/airflow/example_dags/example_xcomargs.py for tasks to queue
[2022-04-11 13:38:47,174] {logging_mixin.py:109} INFO - [2022-04-11 13:38:47,174] {dagbag.py:500} INFO - Filling up the DagBag from /home/airflow/.local/lib/python3.7/site-packages/airflow/example_dags/example_xcomargs.py
[2022-04-11 13:38:47,218] {processor.py:652} INFO - DAG(s) dict_keys(['example_xcom_args', 'example_xcom_args_with_operators']) retrieved from /home/airflow/.local/lib/python3.7/site-packages/airflow/example_dags/example_xcomargs.py
[2022-04-11 13:38:47,632] {logging_mixin.py:109} INFO - [2022-04-11 13:38:47,632] {dag.py:2398} INFO - Sync 2 DAGs
[2022-04-11 13:38:47,654] {logging_mixin.py:109} INFO - [2022-04-11 13:38:47,654] {dag.py:2937} INFO - Setting next_dagrun for example_xcom_args to None
[2022-04-11 13:38:47,656] {logging_mixin.py:109} INFO - [2022-04-11 13:38:47,656] {dag.py:2937} INFO - Setting next_dagrun for example_xcom_args_with_operators to None
[2022-04-11 13:38:47,670] {processor.py:171} INFO - Processing /home/airflow/.local/lib/python3.7/site-packages/airflow/example_dags/example_xcomargs.py took 0.506 seconds
[2022-04-11 13:39:17,744] {processor.py:163} INFO - Started process (PID=1609) to work on /home/airflow/.local/lib/python3.7/site-packages/airflow/example_dags/example_xcomargs.py
[2022-04-11 13:39:17,747] {processor.py:642} INFO - Processing file /home/airflow/.local/lib/python3.7/site-packages/airflow/example_dags/example_xcomargs.py for tasks to queue
[2022-04-11 13:39:17,748] {logging_mixin.py:109} INFO - [2022-04-11 13:39:17,748] {dagbag.py:500} INFO - Filling up the DagBag from /home/airflow/.local/lib/python3.7/site-packages/airflow/example_dags/example_xcomargs.py
[2022-04-11 13:39:17,780] {processor.py:652} INFO - DAG(s) dict_keys(['example_xcom_args', 'example_xcom_args_with_operators']) retrieved from /home/airflow/.local/lib/python3.7/site-packages/airflow/example_dags/example_xcomargs.py
[2022-04-11 13:39:18,113] {logging_mixin.py:109} INFO - [2022-04-11 13:39:18,113] {dag.py:2398} INFO - Sync 2 DAGs
[2022-04-11 13:39:18,127] {logging_mixin.py:109} INFO - [2022-04-11 13:39:18,127] {dag.py:2937} INFO - Setting next_dagrun for example_xcom_args to None
[2022-04-11 13:39:18,128] {logging_mixin.py:109} INFO - [2022-04-11 13:39:18,128] {dag.py:2937} INFO - Setting next_dagrun for example_xcom_args_with_operators to None
[2022-04-11 13:39:18,140] {processor.py:171} INFO - Processing /home/airflow/.local/lib/python3.7/site-packages/airflow/example_dags/example_xcomargs.py took 0.402 seconds
[2022-04-11 13:39:48,483] {processor.py:163} INFO - Started process (PID=1669) to work on /home/airflow/.local/lib/python3.7/site-packages/airflow/example_dags/example_xcomargs.py
[2022-04-11 13:39:48,485] {processor.py:642} INFO - Processing file /home/airflow/.local/lib/python3.7/site-packages/airflow/example_dags/example_xcomargs.py for tasks to queue
[2022-04-11 13:39:48,487] {logging_mixin.py:109} INFO - [2022-04-11 13:39:48,487] {dagbag.py:500} INFO - Filling up the DagBag from /home/airflow/.local/lib/python3.7/site-packages/airflow/example_dags/example_xcomargs.py
[2022-04-11 13:39:48,521] {processor.py:652} INFO - DAG(s) dict_keys(['example_xcom_args', 'example_xcom_args_with_operators']) retrieved from /home/airflow/.local/lib/python3.7/site-packages/airflow/example_dags/example_xcomargs.py
[2022-04-11 13:39:48,861] {logging_mixin.py:109} INFO - [2022-04-11 13:39:48,861] {dag.py:2398} INFO - Sync 2 DAGs
[2022-04-11 13:39:48,876] {logging_mixin.py:109} INFO - [2022-04-11 13:39:48,876] {dag.py:2937} INFO - Setting next_dagrun for example_xcom_args to None
[2022-04-11 13:39:48,877] {logging_mixin.py:109} INFO - [2022-04-11 13:39:48,877] {dag.py:2937} INFO - Setting next_dagrun for example_xcom_args_with_operators to None
[2022-04-11 13:39:48,887] {processor.py:171} INFO - Processing /home/airflow/.local/lib/python3.7/site-packages/airflow/example_dags/example_xcomargs.py took 0.408 seconds
[2022-04-11 13:40:19,202] {processor.py:163} INFO - Started process (PID=1722) to work on /home/airflow/.local/lib/python3.7/site-packages/airflow/example_dags/example_xcomargs.py
[2022-04-11 13:40:19,204] {processor.py:642} INFO - Processing file /home/airflow/.local/lib/python3.7/site-packages/airflow/example_dags/example_xcomargs.py for tasks to queue
[2022-04-11 13:40:19,205] {logging_mixin.py:109} INFO - [2022-04-11 13:40:19,205] {dagbag.py:500} INFO - Filling up the DagBag from /home/airflow/.local/lib/python3.7/site-packages/airflow/example_dags/example_xcomargs.py
[2022-04-11 13:40:19,232] {processor.py:652} INFO - DAG(s) dict_keys(['example_xcom_args', 'example_xcom_args_with_operators']) retrieved from /home/airflow/.local/lib/python3.7/site-packages/airflow/example_dags/example_xcomargs.py
[2022-04-11 13:40:19,614] {logging_mixin.py:109} INFO - [2022-04-11 13:40:19,614] {dag.py:2398} INFO - Sync 2 DAGs
[2022-04-11 13:40:19,631] {logging_mixin.py:109} INFO - [2022-04-11 13:40:19,631] {dag.py:2937} INFO - Setting next_dagrun for example_xcom_args to None
[2022-04-11 13:40:19,632] {logging_mixin.py:109} INFO - [2022-04-11 13:40:19,632] {dag.py:2937} INFO - Setting next_dagrun for example_xcom_args_with_operators to None
[2022-04-11 13:40:19,646] {processor.py:171} INFO - Processing /home/airflow/.local/lib/python3.7/site-packages/airflow/example_dags/example_xcomargs.py took 0.448 seconds
[2022-04-11 13:40:50,111] {processor.py:163} INFO - Started process (PID=1785) to work on /home/airflow/.local/lib/python3.7/site-packages/airflow/example_dags/example_xcomargs.py
[2022-04-11 13:40:50,115] {processor.py:642} INFO - Processing file /home/airflow/.local/lib/python3.7/site-packages/airflow/example_dags/example_xcomargs.py for tasks to queue
[2022-04-11 13:40:50,117] {logging_mixin.py:109} INFO - [2022-04-11 13:40:50,117] {dagbag.py:500} INFO - Filling up the DagBag from /home/airflow/.local/lib/python3.7/site-packages/airflow/example_dags/example_xcomargs.py
[2022-04-11 13:40:50,159] {processor.py:652} INFO - DAG(s) dict_keys(['example_xcom_args', 'example_xcom_args_with_operators']) retrieved from /home/airflow/.local/lib/python3.7/site-packages/airflow/example_dags/example_xcomargs.py
[2022-04-11 13:40:50,869] {logging_mixin.py:109} INFO - [2022-04-11 13:40:50,868] {dag.py:2398} INFO - Sync 2 DAGs
[2022-04-11 13:40:50,911] {logging_mixin.py:109} INFO - [2022-04-11 13:40:50,910] {dag.py:2937} INFO - Setting next_dagrun for example_xcom_args to None
[2022-04-11 13:40:50,913] {logging_mixin.py:109} INFO - [2022-04-11 13:40:50,913] {dag.py:2937} INFO - Setting next_dagrun for example_xcom_args_with_operators to None
[2022-04-11 13:40:50,973] {processor.py:171} INFO - Processing /home/airflow/.local/lib/python3.7/site-packages/airflow/example_dags/example_xcomargs.py took 0.866 seconds
[2022-04-11 13:41:21,263] {processor.py:163} INFO - Started process (PID=1837) to work on /home/airflow/.local/lib/python3.7/site-packages/airflow/example_dags/example_xcomargs.py
[2022-04-11 13:41:21,265] {processor.py:642} INFO - Processing file /home/airflow/.local/lib/python3.7/site-packages/airflow/example_dags/example_xcomargs.py for tasks to queue
[2022-04-11 13:41:21,266] {logging_mixin.py:109} INFO - [2022-04-11 13:41:21,266] {dagbag.py:500} INFO - Filling up the DagBag from /home/airflow/.local/lib/python3.7/site-packages/airflow/example_dags/example_xcomargs.py
[2022-04-11 13:41:21,303] {processor.py:652} INFO - DAG(s) dict_keys(['example_xcom_args', 'example_xcom_args_with_operators']) retrieved from /home/airflow/.local/lib/python3.7/site-packages/airflow/example_dags/example_xcomargs.py
[2022-04-11 13:41:21,670] {logging_mixin.py:109} INFO - [2022-04-11 13:41:21,670] {dag.py:2398} INFO - Sync 2 DAGs
[2022-04-11 13:41:21,690] {logging_mixin.py:109} INFO - [2022-04-11 13:41:21,690] {dag.py:2937} INFO - Setting next_dagrun for example_xcom_args to None
[2022-04-11 13:41:21,691] {logging_mixin.py:109} INFO - [2022-04-11 13:41:21,691] {dag.py:2937} INFO - Setting next_dagrun for example_xcom_args_with_operators to None
[2022-04-11 13:41:21,709] {processor.py:171} INFO - Processing /home/airflow/.local/lib/python3.7/site-packages/airflow/example_dags/example_xcomargs.py took 0.451 seconds
[2022-04-11 13:41:51,749] {processor.py:163} INFO - Started process (PID=1891) to work on /home/airflow/.local/lib/python3.7/site-packages/airflow/example_dags/example_xcomargs.py
[2022-04-11 13:41:51,752] {processor.py:642} INFO - Processing file /home/airflow/.local/lib/python3.7/site-packages/airflow/example_dags/example_xcomargs.py for tasks to queue
[2022-04-11 13:41:51,753] {logging_mixin.py:109} INFO - [2022-04-11 13:41:51,753] {dagbag.py:500} INFO - Filling up the DagBag from /home/airflow/.local/lib/python3.7/site-packages/airflow/example_dags/example_xcomargs.py
[2022-04-11 13:41:51,784] {processor.py:652} INFO - DAG(s) dict_keys(['example_xcom_args', 'example_xcom_args_with_operators']) retrieved from /home/airflow/.local/lib/python3.7/site-packages/airflow/example_dags/example_xcomargs.py
[2022-04-11 13:41:52,155] {logging_mixin.py:109} INFO - [2022-04-11 13:41:52,155] {dag.py:2398} INFO - Sync 2 DAGs
[2022-04-11 13:41:52,173] {logging_mixin.py:109} INFO - [2022-04-11 13:41:52,173] {dag.py:2937} INFO - Setting next_dagrun for example_xcom_args to None
[2022-04-11 13:41:52,174] {logging_mixin.py:109} INFO - [2022-04-11 13:41:52,174] {dag.py:2937} INFO - Setting next_dagrun for example_xcom_args_with_operators to None
[2022-04-11 13:41:52,189] {processor.py:171} INFO - Processing /home/airflow/.local/lib/python3.7/site-packages/airflow/example_dags/example_xcomargs.py took 0.443 seconds
[2022-04-11 13:42:22,929] {processor.py:163} INFO - Started process (PID=1952) to work on /home/airflow/.local/lib/python3.7/site-packages/airflow/example_dags/example_xcomargs.py
[2022-04-11 13:42:22,931] {processor.py:642} INFO - Processing file /home/airflow/.local/lib/python3.7/site-packages/airflow/example_dags/example_xcomargs.py for tasks to queue
[2022-04-11 13:42:22,933] {logging_mixin.py:109} INFO - [2022-04-11 13:42:22,932] {dagbag.py:500} INFO - Filling up the DagBag from /home/airflow/.local/lib/python3.7/site-packages/airflow/example_dags/example_xcomargs.py
[2022-04-11 13:42:22,962] {processor.py:652} INFO - DAG(s) dict_keys(['example_xcom_args', 'example_xcom_args_with_operators']) retrieved from /home/airflow/.local/lib/python3.7/site-packages/airflow/example_dags/example_xcomargs.py
[2022-04-11 13:42:23,315] {logging_mixin.py:109} INFO - [2022-04-11 13:42:23,314] {dag.py:2398} INFO - Sync 2 DAGs
[2022-04-11 13:42:23,344] {logging_mixin.py:109} INFO - [2022-04-11 13:42:23,344] {dag.py:2937} INFO - Setting next_dagrun for example_xcom_args to None
[2022-04-11 13:42:23,346] {logging_mixin.py:109} INFO - [2022-04-11 13:42:23,345] {dag.py:2937} INFO - Setting next_dagrun for example_xcom_args_with_operators to None
[2022-04-11 13:42:23,368] {processor.py:171} INFO - Processing /home/airflow/.local/lib/python3.7/site-packages/airflow/example_dags/example_xcomargs.py took 0.445 seconds
[2022-04-11 13:42:54,044] {processor.py:163} INFO - Started process (PID=2005) to work on /home/airflow/.local/lib/python3.7/site-packages/airflow/example_dags/example_xcomargs.py
[2022-04-11 13:42:54,048] {processor.py:642} INFO - Processing file /home/airflow/.local/lib/python3.7/site-packages/airflow/example_dags/example_xcomargs.py for tasks to queue
[2022-04-11 13:42:54,050] {logging_mixin.py:109} INFO - [2022-04-11 13:42:54,050] {dagbag.py:500} INFO - Filling up the DagBag from /home/airflow/.local/lib/python3.7/site-packages/airflow/example_dags/example_xcomargs.py
[2022-04-11 13:42:54,083] {processor.py:652} INFO - DAG(s) dict_keys(['example_xcom_args', 'example_xcom_args_with_operators']) retrieved from /home/airflow/.local/lib/python3.7/site-packages/airflow/example_dags/example_xcomargs.py
[2022-04-11 13:42:54,431] {logging_mixin.py:109} INFO - [2022-04-11 13:42:54,431] {dag.py:2398} INFO - Sync 2 DAGs
[2022-04-11 13:42:54,447] {logging_mixin.py:109} INFO - [2022-04-11 13:42:54,447] {dag.py:2937} INFO - Setting next_dagrun for example_xcom_args to None
[2022-04-11 13:42:54,448] {logging_mixin.py:109} INFO - [2022-04-11 13:42:54,448] {dag.py:2937} INFO - Setting next_dagrun for example_xcom_args_with_operators to None
[2022-04-11 13:42:54,460] {processor.py:171} INFO - Processing /home/airflow/.local/lib/python3.7/site-packages/airflow/example_dags/example_xcomargs.py took 0.421 seconds
[2022-04-11 13:43:24,854] {processor.py:163} INFO - Started process (PID=2067) to work on /home/airflow/.local/lib/python3.7/site-packages/airflow/example_dags/example_xcomargs.py
[2022-04-11 13:43:24,857] {processor.py:642} INFO - Processing file /home/airflow/.local/lib/python3.7/site-packages/airflow/example_dags/example_xcomargs.py for tasks to queue
[2022-04-11 13:43:24,859] {logging_mixin.py:109} INFO - [2022-04-11 13:43:24,859] {dagbag.py:500} INFO - Filling up the DagBag from /home/airflow/.local/lib/python3.7/site-packages/airflow/example_dags/example_xcomargs.py
[2022-04-11 13:43:24,886] {processor.py:652} INFO - DAG(s) dict_keys(['example_xcom_args', 'example_xcom_args_with_operators']) retrieved from /home/airflow/.local/lib/python3.7/site-packages/airflow/example_dags/example_xcomargs.py
[2022-04-11 13:43:25,241] {logging_mixin.py:109} INFO - [2022-04-11 13:43:25,241] {dag.py:2398} INFO - Sync 2 DAGs
[2022-04-11 13:43:25,255] {logging_mixin.py:109} INFO - [2022-04-11 13:43:25,254] {dag.py:2937} INFO - Setting next_dagrun for example_xcom_args to None
[2022-04-11 13:43:25,256] {logging_mixin.py:109} INFO - [2022-04-11 13:43:25,256] {dag.py:2937} INFO - Setting next_dagrun for example_xcom_args_with_operators to None
[2022-04-11 13:43:25,266] {processor.py:171} INFO - Processing /home/airflow/.local/lib/python3.7/site-packages/airflow/example_dags/example_xcomargs.py took 0.417 seconds
[2022-04-11 13:43:55,487] {processor.py:163} INFO - Started process (PID=2122) to work on /home/airflow/.local/lib/python3.7/site-packages/airflow/example_dags/example_xcomargs.py
[2022-04-11 13:43:55,489] {processor.py:642} INFO - Processing file /home/airflow/.local/lib/python3.7/site-packages/airflow/example_dags/example_xcomargs.py for tasks to queue
[2022-04-11 13:43:55,490] {logging_mixin.py:109} INFO - [2022-04-11 13:43:55,490] {dagbag.py:500} INFO - Filling up the DagBag from /home/airflow/.local/lib/python3.7/site-packages/airflow/example_dags/example_xcomargs.py
[2022-04-11 13:43:55,516] {processor.py:652} INFO - DAG(s) dict_keys(['example_xcom_args', 'example_xcom_args_with_operators']) retrieved from /home/airflow/.local/lib/python3.7/site-packages/airflow/example_dags/example_xcomargs.py
[2022-04-11 13:43:55,850] {logging_mixin.py:109} INFO - [2022-04-11 13:43:55,850] {dag.py:2398} INFO - Sync 2 DAGs
[2022-04-11 13:43:55,864] {logging_mixin.py:109} INFO - [2022-04-11 13:43:55,864] {dag.py:2937} INFO - Setting next_dagrun for example_xcom_args to None
[2022-04-11 13:43:55,865] {logging_mixin.py:109} INFO - [2022-04-11 13:43:55,865] {dag.py:2937} INFO - Setting next_dagrun for example_xcom_args_with_operators to None
[2022-04-11 13:43:55,874] {processor.py:171} INFO - Processing /home/airflow/.local/lib/python3.7/site-packages/airflow/example_dags/example_xcomargs.py took 0.391 seconds
[2022-04-11 13:44:26,072] {processor.py:163} INFO - Started process (PID=2183) to work on /home/airflow/.local/lib/python3.7/site-packages/airflow/example_dags/example_xcomargs.py
[2022-04-11 13:44:26,075] {processor.py:642} INFO - Processing file /home/airflow/.local/lib/python3.7/site-packages/airflow/example_dags/example_xcomargs.py for tasks to queue
[2022-04-11 13:44:26,078] {logging_mixin.py:109} INFO - [2022-04-11 13:44:26,078] {dagbag.py:500} INFO - Filling up the DagBag from /home/airflow/.local/lib/python3.7/site-packages/airflow/example_dags/example_xcomargs.py
[2022-04-11 13:44:26,116] {processor.py:652} INFO - DAG(s) dict_keys(['example_xcom_args', 'example_xcom_args_with_operators']) retrieved from /home/airflow/.local/lib/python3.7/site-packages/airflow/example_dags/example_xcomargs.py
[2022-04-11 13:44:26,149] {logging_mixin.py:109} INFO - [2022-04-11 13:44:26,149] {dag.py:2398} INFO - Sync 2 DAGs
[2022-04-11 13:44:26,174] {logging_mixin.py:109} INFO - [2022-04-11 13:44:26,173] {dag.py:2937} INFO - Setting next_dagrun for example_xcom_args to None
[2022-04-11 13:44:26,175] {logging_mixin.py:109} INFO - [2022-04-11 13:44:26,175] {dag.py:2937} INFO - Setting next_dagrun for example_xcom_args_with_operators to None
[2022-04-11 13:44:26,189] {processor.py:171} INFO - Processing /home/airflow/.local/lib/python3.7/site-packages/airflow/example_dags/example_xcomargs.py took 0.126 seconds
[2022-04-11 13:44:56,292] {processor.py:163} INFO - Started process (PID=2234) to work on /home/airflow/.local/lib/python3.7/site-packages/airflow/example_dags/example_xcomargs.py
[2022-04-11 13:44:56,295] {processor.py:642} INFO - Processing file /home/airflow/.local/lib/python3.7/site-packages/airflow/example_dags/example_xcomargs.py for tasks to queue
[2022-04-11 13:44:56,296] {logging_mixin.py:109} INFO - [2022-04-11 13:44:56,296] {dagbag.py:500} INFO - Filling up the DagBag from /home/airflow/.local/lib/python3.7/site-packages/airflow/example_dags/example_xcomargs.py
[2022-04-11 13:44:56,322] {processor.py:652} INFO - DAG(s) dict_keys(['example_xcom_args', 'example_xcom_args_with_operators']) retrieved from /home/airflow/.local/lib/python3.7/site-packages/airflow/example_dags/example_xcomargs.py
[2022-04-11 13:44:56,349] {logging_mixin.py:109} INFO - [2022-04-11 13:44:56,349] {dag.py:2398} INFO - Sync 2 DAGs
[2022-04-11 13:44:56,369] {logging_mixin.py:109} INFO - [2022-04-11 13:44:56,369] {dag.py:2937} INFO - Setting next_dagrun for example_xcom_args to None
[2022-04-11 13:44:56,370] {logging_mixin.py:109} INFO - [2022-04-11 13:44:56,370] {dag.py:2937} INFO - Setting next_dagrun for example_xcom_args_with_operators to None
[2022-04-11 13:44:56,381] {processor.py:171} INFO - Processing /home/airflow/.local/lib/python3.7/site-packages/airflow/example_dags/example_xcomargs.py took 0.093 seconds
[2022-04-11 13:45:26,750] {processor.py:163} INFO - Started process (PID=2285) to work on /home/airflow/.local/lib/python3.7/site-packages/airflow/example_dags/example_xcomargs.py
[2022-04-11 13:45:26,755] {processor.py:642} INFO - Processing file /home/airflow/.local/lib/python3.7/site-packages/airflow/example_dags/example_xcomargs.py for tasks to queue
[2022-04-11 13:45:26,758] {logging_mixin.py:109} INFO - [2022-04-11 13:45:26,758] {dagbag.py:500} INFO - Filling up the DagBag from /home/airflow/.local/lib/python3.7/site-packages/airflow/example_dags/example_xcomargs.py
[2022-04-11 13:45:26,796] {processor.py:652} INFO - DAG(s) dict_keys(['example_xcom_args', 'example_xcom_args_with_operators']) retrieved from /home/airflow/.local/lib/python3.7/site-packages/airflow/example_dags/example_xcomargs.py
[2022-04-11 13:45:27,209] {logging_mixin.py:109} INFO - [2022-04-11 13:45:27,209] {dag.py:2398} INFO - Sync 2 DAGs
[2022-04-11 13:45:27,226] {logging_mixin.py:109} INFO - [2022-04-11 13:45:27,225] {dag.py:2937} INFO - Setting next_dagrun for example_xcom_args to None
[2022-04-11 13:45:27,227] {logging_mixin.py:109} INFO - [2022-04-11 13:45:27,227] {dag.py:2937} INFO - Setting next_dagrun for example_xcom_args_with_operators to None
[2022-04-11 13:45:27,241] {processor.py:171} INFO - Processing /home/airflow/.local/lib/python3.7/site-packages/airflow/example_dags/example_xcomargs.py took 0.496 seconds
[2022-04-11 13:45:57,386] {processor.py:163} INFO - Started process (PID=2346) to work on /home/airflow/.local/lib/python3.7/site-packages/airflow/example_dags/example_xcomargs.py
[2022-04-11 13:45:57,387] {processor.py:642} INFO - Processing file /home/airflow/.local/lib/python3.7/site-packages/airflow/example_dags/example_xcomargs.py for tasks to queue
[2022-04-11 13:45:57,389] {logging_mixin.py:109} INFO - [2022-04-11 13:45:57,388] {dagbag.py:500} INFO - Filling up the DagBag from /home/airflow/.local/lib/python3.7/site-packages/airflow/example_dags/example_xcomargs.py
[2022-04-11 13:45:57,418] {processor.py:652} INFO - DAG(s) dict_keys(['example_xcom_args', 'example_xcom_args_with_operators']) retrieved from /home/airflow/.local/lib/python3.7/site-packages/airflow/example_dags/example_xcomargs.py
[2022-04-11 13:45:57,844] {logging_mixin.py:109} INFO - [2022-04-11 13:45:57,844] {dag.py:2398} INFO - Sync 2 DAGs
[2022-04-11 13:45:57,864] {logging_mixin.py:109} INFO - [2022-04-11 13:45:57,864] {dag.py:2937} INFO - Setting next_dagrun for example_xcom_args to None
[2022-04-11 13:45:57,866] {logging_mixin.py:109} INFO - [2022-04-11 13:45:57,866] {dag.py:2937} INFO - Setting next_dagrun for example_xcom_args_with_operators to None
[2022-04-11 13:45:57,883] {processor.py:171} INFO - Processing /home/airflow/.local/lib/python3.7/site-packages/airflow/example_dags/example_xcomargs.py took 0.502 seconds
[2022-04-11 13:46:28,775] {processor.py:163} INFO - Started process (PID=2399) to work on /home/airflow/.local/lib/python3.7/site-packages/airflow/example_dags/example_xcomargs.py
[2022-04-11 13:46:28,778] {processor.py:642} INFO - Processing file /home/airflow/.local/lib/python3.7/site-packages/airflow/example_dags/example_xcomargs.py for tasks to queue
[2022-04-11 13:46:28,779] {logging_mixin.py:109} INFO - [2022-04-11 13:46:28,779] {dagbag.py:500} INFO - Filling up the DagBag from /home/airflow/.local/lib/python3.7/site-packages/airflow/example_dags/example_xcomargs.py
[2022-04-11 13:46:28,813] {processor.py:652} INFO - DAG(s) dict_keys(['example_xcom_args', 'example_xcom_args_with_operators']) retrieved from /home/airflow/.local/lib/python3.7/site-packages/airflow/example_dags/example_xcomargs.py
[2022-04-11 13:46:29,350] {logging_mixin.py:109} INFO - [2022-04-11 13:46:29,350] {dag.py:2398} INFO - Sync 2 DAGs
[2022-04-11 13:46:29,369] {logging_mixin.py:109} INFO - [2022-04-11 13:46:29,369] {dag.py:2937} INFO - Setting next_dagrun for example_xcom_args to None
[2022-04-11 13:46:29,371] {logging_mixin.py:109} INFO - [2022-04-11 13:46:29,371] {dag.py:2937} INFO - Setting next_dagrun for example_xcom_args_with_operators to None
[2022-04-11 13:46:29,384] {processor.py:171} INFO - Processing /home/airflow/.local/lib/python3.7/site-packages/airflow/example_dags/example_xcomargs.py took 0.614 seconds
[2022-04-11 13:46:59,860] {processor.py:163} INFO - Started process (PID=2462) to work on /home/airflow/.local/lib/python3.7/site-packages/airflow/example_dags/example_xcomargs.py
[2022-04-11 13:46:59,861] {processor.py:642} INFO - Processing file /home/airflow/.local/lib/python3.7/site-packages/airflow/example_dags/example_xcomargs.py for tasks to queue
[2022-04-11 13:46:59,863] {logging_mixin.py:109} INFO - [2022-04-11 13:46:59,863] {dagbag.py:500} INFO - Filling up the DagBag from /home/airflow/.local/lib/python3.7/site-packages/airflow/example_dags/example_xcomargs.py
[2022-04-11 13:46:59,897] {processor.py:652} INFO - DAG(s) dict_keys(['example_xcom_args', 'example_xcom_args_with_operators']) retrieved from /home/airflow/.local/lib/python3.7/site-packages/airflow/example_dags/example_xcomargs.py
[2022-04-11 13:47:00,260] {logging_mixin.py:109} INFO - [2022-04-11 13:47:00,260] {dag.py:2398} INFO - Sync 2 DAGs
[2022-04-11 13:47:00,277] {logging_mixin.py:109} INFO - [2022-04-11 13:47:00,277] {dag.py:2937} INFO - Setting next_dagrun for example_xcom_args to None
[2022-04-11 13:47:00,279] {logging_mixin.py:109} INFO - [2022-04-11 13:47:00,279] {dag.py:2937} INFO - Setting next_dagrun for example_xcom_args_with_operators to None
[2022-04-11 13:47:00,290] {processor.py:171} INFO - Processing /home/airflow/.local/lib/python3.7/site-packages/airflow/example_dags/example_xcomargs.py took 0.435 seconds
[2022-04-11 13:47:30,401] {processor.py:163} INFO - Started process (PID=2517) to work on /home/airflow/.local/lib/python3.7/site-packages/airflow/example_dags/example_xcomargs.py
[2022-04-11 13:47:30,403] {processor.py:642} INFO - Processing file /home/airflow/.local/lib/python3.7/site-packages/airflow/example_dags/example_xcomargs.py for tasks to queue
[2022-04-11 13:47:30,404] {logging_mixin.py:109} INFO - [2022-04-11 13:47:30,404] {dagbag.py:500} INFO - Filling up the DagBag from /home/airflow/.local/lib/python3.7/site-packages/airflow/example_dags/example_xcomargs.py
[2022-04-11 13:47:30,432] {processor.py:652} INFO - DAG(s) dict_keys(['example_xcom_args', 'example_xcom_args_with_operators']) retrieved from /home/airflow/.local/lib/python3.7/site-packages/airflow/example_dags/example_xcomargs.py
[2022-04-11 13:47:30,795] {logging_mixin.py:109} INFO - [2022-04-11 13:47:30,795] {dag.py:2398} INFO - Sync 2 DAGs
[2022-04-11 13:47:30,829] {logging_mixin.py:109} INFO - [2022-04-11 13:47:30,829] {dag.py:2937} INFO - Setting next_dagrun for example_xcom_args to None
[2022-04-11 13:47:30,832] {logging_mixin.py:109} INFO - [2022-04-11 13:47:30,831] {dag.py:2937} INFO - Setting next_dagrun for example_xcom_args_with_operators to None
[2022-04-11 13:47:30,859] {processor.py:171} INFO - Processing /home/airflow/.local/lib/python3.7/site-packages/airflow/example_dags/example_xcomargs.py took 0.462 seconds
[2022-04-11 13:48:01,514] {processor.py:163} INFO - Started process (PID=2580) to work on /home/airflow/.local/lib/python3.7/site-packages/airflow/example_dags/example_xcomargs.py
[2022-04-11 13:48:01,517] {processor.py:642} INFO - Processing file /home/airflow/.local/lib/python3.7/site-packages/airflow/example_dags/example_xcomargs.py for tasks to queue
[2022-04-11 13:48:01,519] {logging_mixin.py:109} INFO - [2022-04-11 13:48:01,519] {dagbag.py:500} INFO - Filling up the DagBag from /home/airflow/.local/lib/python3.7/site-packages/airflow/example_dags/example_xcomargs.py
[2022-04-11 13:48:01,550] {processor.py:652} INFO - DAG(s) dict_keys(['example_xcom_args', 'example_xcom_args_with_operators']) retrieved from /home/airflow/.local/lib/python3.7/site-packages/airflow/example_dags/example_xcomargs.py
[2022-04-11 13:48:01,873] {logging_mixin.py:109} INFO - [2022-04-11 13:48:01,873] {dag.py:2398} INFO - Sync 2 DAGs
[2022-04-11 13:48:01,891] {logging_mixin.py:109} INFO - [2022-04-11 13:48:01,891] {dag.py:2937} INFO - Setting next_dagrun for example_xcom_args to None
[2022-04-11 13:48:01,900] {logging_mixin.py:109} INFO - [2022-04-11 13:48:01,900] {dag.py:2937} INFO - Setting next_dagrun for example_xcom_args_with_operators to None
[2022-04-11 13:48:01,919] {processor.py:171} INFO - Processing /home/airflow/.local/lib/python3.7/site-packages/airflow/example_dags/example_xcomargs.py took 0.409 seconds
[2022-04-11 13:48:32,268] {processor.py:163} INFO - Started process (PID=2632) to work on /home/airflow/.local/lib/python3.7/site-packages/airflow/example_dags/example_xcomargs.py
[2022-04-11 13:48:32,269] {processor.py:642} INFO - Processing file /home/airflow/.local/lib/python3.7/site-packages/airflow/example_dags/example_xcomargs.py for tasks to queue
[2022-04-11 13:48:32,271] {logging_mixin.py:109} INFO - [2022-04-11 13:48:32,271] {dagbag.py:500} INFO - Filling up the DagBag from /home/airflow/.local/lib/python3.7/site-packages/airflow/example_dags/example_xcomargs.py
[2022-04-11 13:48:32,299] {processor.py:652} INFO - DAG(s) dict_keys(['example_xcom_args', 'example_xcom_args_with_operators']) retrieved from /home/airflow/.local/lib/python3.7/site-packages/airflow/example_dags/example_xcomargs.py
[2022-04-11 13:48:32,621] {logging_mixin.py:109} INFO - [2022-04-11 13:48:32,621] {dag.py:2398} INFO - Sync 2 DAGs
[2022-04-11 13:48:32,637] {logging_mixin.py:109} INFO - [2022-04-11 13:48:32,637] {dag.py:2937} INFO - Setting next_dagrun for example_xcom_args to None
[2022-04-11 13:48:32,638] {logging_mixin.py:109} INFO - [2022-04-11 13:48:32,638] {dag.py:2937} INFO - Setting next_dagrun for example_xcom_args_with_operators to None
[2022-04-11 13:48:32,648] {processor.py:171} INFO - Processing /home/airflow/.local/lib/python3.7/site-packages/airflow/example_dags/example_xcomargs.py took 0.385 seconds
[2022-04-11 13:49:02,998] {processor.py:163} INFO - Started process (PID=2695) to work on /home/airflow/.local/lib/python3.7/site-packages/airflow/example_dags/example_xcomargs.py
[2022-04-11 13:49:03,000] {processor.py:642} INFO - Processing file /home/airflow/.local/lib/python3.7/site-packages/airflow/example_dags/example_xcomargs.py for tasks to queue
[2022-04-11 13:49:03,002] {logging_mixin.py:109} INFO - [2022-04-11 13:49:03,001] {dagbag.py:500} INFO - Filling up the DagBag from /home/airflow/.local/lib/python3.7/site-packages/airflow/example_dags/example_xcomargs.py
[2022-04-11 13:49:03,028] {processor.py:652} INFO - DAG(s) dict_keys(['example_xcom_args', 'example_xcom_args_with_operators']) retrieved from /home/airflow/.local/lib/python3.7/site-packages/airflow/example_dags/example_xcomargs.py
[2022-04-11 13:49:03,333] {logging_mixin.py:109} INFO - [2022-04-11 13:49:03,333] {dag.py:2398} INFO - Sync 2 DAGs
[2022-04-11 13:49:03,345] {logging_mixin.py:109} INFO - [2022-04-11 13:49:03,345] {dag.py:2937} INFO - Setting next_dagrun for example_xcom_args to None
[2022-04-11 13:49:03,346] {logging_mixin.py:109} INFO - [2022-04-11 13:49:03,346] {dag.py:2937} INFO - Setting next_dagrun for example_xcom_args_with_operators to None
[2022-04-11 13:49:03,356] {processor.py:171} INFO - Processing /home/airflow/.local/lib/python3.7/site-packages/airflow/example_dags/example_xcomargs.py took 0.362 seconds
