[2022-04-11 13:26:49,897] {processor.py:163} INFO - Started process (PID=68) to work on /home/airflow/.local/lib/python3.7/site-packages/airflow/example_dags/example_short_circuit_operator.py
[2022-04-11 13:26:49,899] {processor.py:642} INFO - Processing file /home/airflow/.local/lib/python3.7/site-packages/airflow/example_dags/example_short_circuit_operator.py for tasks to queue
[2022-04-11 13:26:49,903] {logging_mixin.py:109} INFO - [2022-04-11 13:26:49,903] {dagbag.py:500} INFO - Filling up the DagBag from /home/airflow/.local/lib/python3.7/site-packages/airflow/example_dags/example_short_circuit_operator.py
[2022-04-11 13:26:49,931] {processor.py:652} INFO - DAG(s) dict_keys(['example_short_circuit_operator']) retrieved from /home/airflow/.local/lib/python3.7/site-packages/airflow/example_dags/example_short_circuit_operator.py
[2022-04-11 13:26:53,048] {logging_mixin.py:109} INFO - [2022-04-11 13:26:53,048] {manager.py:496} INFO - Created Permission View: can read on DAG:example_short_circuit_operator
[2022-04-11 13:26:53,078] {logging_mixin.py:109} INFO - [2022-04-11 13:26:53,076] {manager.py:496} INFO - Created Permission View: can edit on DAG:example_short_circuit_operator
[2022-04-11 13:26:53,081] {logging_mixin.py:109} INFO - [2022-04-11 13:26:53,081] {dag.py:2398} INFO - Sync 1 DAGs
[2022-04-11 13:26:53,100] {logging_mixin.py:109} INFO - [2022-04-11 13:26:53,100] {dag.py:2417} INFO - Creating ORM DAG for example_short_circuit_operator
[2022-04-11 13:26:53,116] {logging_mixin.py:109} INFO - [2022-04-11 13:26:53,116] {dag.py:2937} INFO - Setting next_dagrun for example_short_circuit_operator to 2022-04-10T13:26:53.116163+00:00
[2022-04-11 13:26:53,141] {processor.py:171} INFO - Processing /home/airflow/.local/lib/python3.7/site-packages/airflow/example_dags/example_short_circuit_operator.py took 3.248 seconds
[2022-04-11 13:27:23,268] {processor.py:163} INFO - Started process (PID=285) to work on /home/airflow/.local/lib/python3.7/site-packages/airflow/example_dags/example_short_circuit_operator.py
[2022-04-11 13:27:23,270] {processor.py:642} INFO - Processing file /home/airflow/.local/lib/python3.7/site-packages/airflow/example_dags/example_short_circuit_operator.py for tasks to queue
[2022-04-11 13:27:23,271] {logging_mixin.py:109} INFO - [2022-04-11 13:27:23,271] {dagbag.py:500} INFO - Filling up the DagBag from /home/airflow/.local/lib/python3.7/site-packages/airflow/example_dags/example_short_circuit_operator.py
[2022-04-11 13:27:23,291] {processor.py:652} INFO - DAG(s) dict_keys(['example_short_circuit_operator']) retrieved from /home/airflow/.local/lib/python3.7/site-packages/airflow/example_dags/example_short_circuit_operator.py
[2022-04-11 13:27:23,317] {logging_mixin.py:109} INFO - [2022-04-11 13:27:23,316] {dag.py:2398} INFO - Sync 1 DAGs
[2022-04-11 13:27:23,338] {logging_mixin.py:109} INFO - [2022-04-11 13:27:23,338] {dag.py:2937} INFO - Setting next_dagrun for example_short_circuit_operator to 2022-04-10T13:27:23.338411+00:00
[2022-04-11 13:27:23,358] {processor.py:171} INFO - Processing /home/airflow/.local/lib/python3.7/site-packages/airflow/example_dags/example_short_circuit_operator.py took 0.093 seconds
[2022-04-11 13:27:53,731] {processor.py:163} INFO - Started process (PID=337) to work on /home/airflow/.local/lib/python3.7/site-packages/airflow/example_dags/example_short_circuit_operator.py
[2022-04-11 13:27:53,736] {processor.py:642} INFO - Processing file /home/airflow/.local/lib/python3.7/site-packages/airflow/example_dags/example_short_circuit_operator.py for tasks to queue
[2022-04-11 13:27:53,738] {logging_mixin.py:109} INFO - [2022-04-11 13:27:53,738] {dagbag.py:500} INFO - Filling up the DagBag from /home/airflow/.local/lib/python3.7/site-packages/airflow/example_dags/example_short_circuit_operator.py
[2022-04-11 13:27:53,777] {processor.py:652} INFO - DAG(s) dict_keys(['example_short_circuit_operator']) retrieved from /home/airflow/.local/lib/python3.7/site-packages/airflow/example_dags/example_short_circuit_operator.py
[2022-04-11 13:27:53,812] {logging_mixin.py:109} INFO - [2022-04-11 13:27:53,812] {dag.py:2398} INFO - Sync 1 DAGs
[2022-04-11 13:27:53,838] {logging_mixin.py:109} INFO - [2022-04-11 13:27:53,838] {dag.py:2937} INFO - Setting next_dagrun for example_short_circuit_operator to 2022-04-10T13:27:53.837826+00:00
[2022-04-11 13:27:53,851] {processor.py:171} INFO - Processing /home/airflow/.local/lib/python3.7/site-packages/airflow/example_dags/example_short_circuit_operator.py took 0.128 seconds
[2022-04-11 13:28:24,365] {processor.py:163} INFO - Started process (PID=399) to work on /home/airflow/.local/lib/python3.7/site-packages/airflow/example_dags/example_short_circuit_operator.py
[2022-04-11 13:28:24,369] {processor.py:642} INFO - Processing file /home/airflow/.local/lib/python3.7/site-packages/airflow/example_dags/example_short_circuit_operator.py for tasks to queue
[2022-04-11 13:28:24,373] {logging_mixin.py:109} INFO - [2022-04-11 13:28:24,373] {dagbag.py:500} INFO - Filling up the DagBag from /home/airflow/.local/lib/python3.7/site-packages/airflow/example_dags/example_short_circuit_operator.py
[2022-04-11 13:28:24,401] {processor.py:652} INFO - DAG(s) dict_keys(['example_short_circuit_operator']) retrieved from /home/airflow/.local/lib/python3.7/site-packages/airflow/example_dags/example_short_circuit_operator.py
[2022-04-11 13:28:24,431] {logging_mixin.py:109} INFO - [2022-04-11 13:28:24,431] {dag.py:2398} INFO - Sync 1 DAGs
[2022-04-11 13:28:24,455] {logging_mixin.py:109} INFO - [2022-04-11 13:28:24,455] {dag.py:2937} INFO - Setting next_dagrun for example_short_circuit_operator to 2022-04-10T13:28:24.455248+00:00
[2022-04-11 13:28:24,471] {processor.py:171} INFO - Processing /home/airflow/.local/lib/python3.7/site-packages/airflow/example_dags/example_short_circuit_operator.py took 0.113 seconds
[2022-04-11 13:28:54,681] {processor.py:163} INFO - Started process (PID=450) to work on /home/airflow/.local/lib/python3.7/site-packages/airflow/example_dags/example_short_circuit_operator.py
[2022-04-11 13:28:54,686] {processor.py:642} INFO - Processing file /home/airflow/.local/lib/python3.7/site-packages/airflow/example_dags/example_short_circuit_operator.py for tasks to queue
[2022-04-11 13:28:54,689] {logging_mixin.py:109} INFO - [2022-04-11 13:28:54,689] {dagbag.py:500} INFO - Filling up the DagBag from /home/airflow/.local/lib/python3.7/site-packages/airflow/example_dags/example_short_circuit_operator.py
[2022-04-11 13:28:54,726] {processor.py:652} INFO - DAG(s) dict_keys(['example_short_circuit_operator']) retrieved from /home/airflow/.local/lib/python3.7/site-packages/airflow/example_dags/example_short_circuit_operator.py
[2022-04-11 13:28:54,772] {logging_mixin.py:109} INFO - [2022-04-11 13:28:54,771] {dag.py:2398} INFO - Sync 1 DAGs
[2022-04-11 13:28:54,807] {logging_mixin.py:109} INFO - [2022-04-11 13:28:54,807] {dag.py:2937} INFO - Setting next_dagrun for example_short_circuit_operator to 2022-04-10T13:28:54.806135+00:00
[2022-04-11 13:28:54,834] {processor.py:171} INFO - Processing /home/airflow/.local/lib/python3.7/site-packages/airflow/example_dags/example_short_circuit_operator.py took 0.161 seconds
[2022-04-11 13:29:25,275] {processor.py:163} INFO - Started process (PID=512) to work on /home/airflow/.local/lib/python3.7/site-packages/airflow/example_dags/example_short_circuit_operator.py
[2022-04-11 13:29:25,278] {processor.py:642} INFO - Processing file /home/airflow/.local/lib/python3.7/site-packages/airflow/example_dags/example_short_circuit_operator.py for tasks to queue
[2022-04-11 13:29:25,279] {logging_mixin.py:109} INFO - [2022-04-11 13:29:25,279] {dagbag.py:500} INFO - Filling up the DagBag from /home/airflow/.local/lib/python3.7/site-packages/airflow/example_dags/example_short_circuit_operator.py
[2022-04-11 13:29:25,298] {processor.py:652} INFO - DAG(s) dict_keys(['example_short_circuit_operator']) retrieved from /home/airflow/.local/lib/python3.7/site-packages/airflow/example_dags/example_short_circuit_operator.py
[2022-04-11 13:29:25,322] {logging_mixin.py:109} INFO - [2022-04-11 13:29:25,322] {dag.py:2398} INFO - Sync 1 DAGs
[2022-04-11 13:29:25,344] {logging_mixin.py:109} INFO - [2022-04-11 13:29:25,343] {dag.py:2937} INFO - Setting next_dagrun for example_short_circuit_operator to 2022-04-10T13:29:25.343483+00:00
[2022-04-11 13:29:25,356] {processor.py:171} INFO - Processing /home/airflow/.local/lib/python3.7/site-packages/airflow/example_dags/example_short_circuit_operator.py took 0.086 seconds
[2022-04-11 13:29:55,734] {processor.py:163} INFO - Started process (PID=564) to work on /home/airflow/.local/lib/python3.7/site-packages/airflow/example_dags/example_short_circuit_operator.py
[2022-04-11 13:29:55,736] {processor.py:642} INFO - Processing file /home/airflow/.local/lib/python3.7/site-packages/airflow/example_dags/example_short_circuit_operator.py for tasks to queue
[2022-04-11 13:29:55,737] {logging_mixin.py:109} INFO - [2022-04-11 13:29:55,737] {dagbag.py:500} INFO - Filling up the DagBag from /home/airflow/.local/lib/python3.7/site-packages/airflow/example_dags/example_short_circuit_operator.py
[2022-04-11 13:29:55,755] {processor.py:652} INFO - DAG(s) dict_keys(['example_short_circuit_operator']) retrieved from /home/airflow/.local/lib/python3.7/site-packages/airflow/example_dags/example_short_circuit_operator.py
[2022-04-11 13:29:55,777] {logging_mixin.py:109} INFO - [2022-04-11 13:29:55,777] {dag.py:2398} INFO - Sync 1 DAGs
[2022-04-11 13:29:55,796] {logging_mixin.py:109} INFO - [2022-04-11 13:29:55,796] {dag.py:2937} INFO - Setting next_dagrun for example_short_circuit_operator to 2022-04-10T13:29:55.796358+00:00
[2022-04-11 13:29:55,807] {processor.py:171} INFO - Processing /home/airflow/.local/lib/python3.7/site-packages/airflow/example_dags/example_short_circuit_operator.py took 0.077 seconds
[2022-04-11 13:30:26,319] {processor.py:163} INFO - Started process (PID=624) to work on /home/airflow/.local/lib/python3.7/site-packages/airflow/example_dags/example_short_circuit_operator.py
[2022-04-11 13:30:26,322] {processor.py:642} INFO - Processing file /home/airflow/.local/lib/python3.7/site-packages/airflow/example_dags/example_short_circuit_operator.py for tasks to queue
[2022-04-11 13:30:26,324] {logging_mixin.py:109} INFO - [2022-04-11 13:30:26,324] {dagbag.py:500} INFO - Filling up the DagBag from /home/airflow/.local/lib/python3.7/site-packages/airflow/example_dags/example_short_circuit_operator.py
[2022-04-11 13:30:26,344] {processor.py:652} INFO - DAG(s) dict_keys(['example_short_circuit_operator']) retrieved from /home/airflow/.local/lib/python3.7/site-packages/airflow/example_dags/example_short_circuit_operator.py
[2022-04-11 13:30:26,370] {logging_mixin.py:109} INFO - [2022-04-11 13:30:26,370] {dag.py:2398} INFO - Sync 1 DAGs
[2022-04-11 13:30:26,390] {logging_mixin.py:109} INFO - [2022-04-11 13:30:26,390] {dag.py:2937} INFO - Setting next_dagrun for example_short_circuit_operator to 2022-04-10T13:30:26.390318+00:00
[2022-04-11 13:30:26,402] {processor.py:171} INFO - Processing /home/airflow/.local/lib/python3.7/site-packages/airflow/example_dags/example_short_circuit_operator.py took 0.087 seconds
[2022-04-11 13:30:56,644] {processor.py:163} INFO - Started process (PID=675) to work on /home/airflow/.local/lib/python3.7/site-packages/airflow/example_dags/example_short_circuit_operator.py
[2022-04-11 13:30:56,646] {processor.py:642} INFO - Processing file /home/airflow/.local/lib/python3.7/site-packages/airflow/example_dags/example_short_circuit_operator.py for tasks to queue
[2022-04-11 13:30:56,648] {logging_mixin.py:109} INFO - [2022-04-11 13:30:56,648] {dagbag.py:500} INFO - Filling up the DagBag from /home/airflow/.local/lib/python3.7/site-packages/airflow/example_dags/example_short_circuit_operator.py
[2022-04-11 13:30:56,666] {processor.py:652} INFO - DAG(s) dict_keys(['example_short_circuit_operator']) retrieved from /home/airflow/.local/lib/python3.7/site-packages/airflow/example_dags/example_short_circuit_operator.py
[2022-04-11 13:30:56,696] {logging_mixin.py:109} INFO - [2022-04-11 13:30:56,696] {dag.py:2398} INFO - Sync 1 DAGs
[2022-04-11 13:30:56,718] {logging_mixin.py:109} INFO - [2022-04-11 13:30:56,718] {dag.py:2937} INFO - Setting next_dagrun for example_short_circuit_operator to 2022-04-10T13:30:56.718099+00:00
[2022-04-11 13:30:56,731] {processor.py:171} INFO - Processing /home/airflow/.local/lib/python3.7/site-packages/airflow/example_dags/example_short_circuit_operator.py took 0.090 seconds
[2022-04-11 13:31:27,137] {processor.py:163} INFO - Started process (PID=737) to work on /home/airflow/.local/lib/python3.7/site-packages/airflow/example_dags/example_short_circuit_operator.py
[2022-04-11 13:31:27,140] {processor.py:642} INFO - Processing file /home/airflow/.local/lib/python3.7/site-packages/airflow/example_dags/example_short_circuit_operator.py for tasks to queue
[2022-04-11 13:31:27,143] {logging_mixin.py:109} INFO - [2022-04-11 13:31:27,143] {dagbag.py:500} INFO - Filling up the DagBag from /home/airflow/.local/lib/python3.7/site-packages/airflow/example_dags/example_short_circuit_operator.py
[2022-04-11 13:31:27,175] {processor.py:652} INFO - DAG(s) dict_keys(['example_short_circuit_operator']) retrieved from /home/airflow/.local/lib/python3.7/site-packages/airflow/example_dags/example_short_circuit_operator.py
[2022-04-11 13:31:27,213] {logging_mixin.py:109} INFO - [2022-04-11 13:31:27,212] {dag.py:2398} INFO - Sync 1 DAGs
[2022-04-11 13:31:27,256] {logging_mixin.py:109} INFO - [2022-04-11 13:31:27,256] {dag.py:2937} INFO - Setting next_dagrun for example_short_circuit_operator to 2022-04-10T13:31:27.255838+00:00
[2022-04-11 13:31:27,272] {processor.py:171} INFO - Processing /home/airflow/.local/lib/python3.7/site-packages/airflow/example_dags/example_short_circuit_operator.py took 0.139 seconds
[2022-04-11 13:31:57,767] {processor.py:163} INFO - Started process (PID=799) to work on /home/airflow/.local/lib/python3.7/site-packages/airflow/example_dags/example_short_circuit_operator.py
[2022-04-11 13:31:57,769] {processor.py:642} INFO - Processing file /home/airflow/.local/lib/python3.7/site-packages/airflow/example_dags/example_short_circuit_operator.py for tasks to queue
[2022-04-11 13:31:57,770] {logging_mixin.py:109} INFO - [2022-04-11 13:31:57,770] {dagbag.py:500} INFO - Filling up the DagBag from /home/airflow/.local/lib/python3.7/site-packages/airflow/example_dags/example_short_circuit_operator.py
[2022-04-11 13:31:57,790] {processor.py:652} INFO - DAG(s) dict_keys(['example_short_circuit_operator']) retrieved from /home/airflow/.local/lib/python3.7/site-packages/airflow/example_dags/example_short_circuit_operator.py
[2022-04-11 13:31:57,814] {logging_mixin.py:109} INFO - [2022-04-11 13:31:57,814] {dag.py:2398} INFO - Sync 1 DAGs
[2022-04-11 13:31:57,835] {logging_mixin.py:109} INFO - [2022-04-11 13:31:57,834] {dag.py:2937} INFO - Setting next_dagrun for example_short_circuit_operator to 2022-04-10T13:31:57.834554+00:00
[2022-04-11 13:31:57,845] {processor.py:171} INFO - Processing /home/airflow/.local/lib/python3.7/site-packages/airflow/example_dags/example_short_circuit_operator.py took 0.083 seconds
[2022-04-11 13:32:28,338] {processor.py:163} INFO - Started process (PID=851) to work on /home/airflow/.local/lib/python3.7/site-packages/airflow/example_dags/example_short_circuit_operator.py
[2022-04-11 13:32:28,343] {processor.py:642} INFO - Processing file /home/airflow/.local/lib/python3.7/site-packages/airflow/example_dags/example_short_circuit_operator.py for tasks to queue
[2022-04-11 13:32:28,346] {logging_mixin.py:109} INFO - [2022-04-11 13:32:28,346] {dagbag.py:500} INFO - Filling up the DagBag from /home/airflow/.local/lib/python3.7/site-packages/airflow/example_dags/example_short_circuit_operator.py
[2022-04-11 13:32:28,377] {processor.py:652} INFO - DAG(s) dict_keys(['example_short_circuit_operator']) retrieved from /home/airflow/.local/lib/python3.7/site-packages/airflow/example_dags/example_short_circuit_operator.py
[2022-04-11 13:32:28,435] {logging_mixin.py:109} INFO - [2022-04-11 13:32:28,435] {dag.py:2398} INFO - Sync 1 DAGs
[2022-04-11 13:32:28,476] {logging_mixin.py:109} INFO - [2022-04-11 13:32:28,476] {dag.py:2937} INFO - Setting next_dagrun for example_short_circuit_operator to 2022-04-10T13:32:28.475546+00:00
[2022-04-11 13:32:28,499] {processor.py:171} INFO - Processing /home/airflow/.local/lib/python3.7/site-packages/airflow/example_dags/example_short_circuit_operator.py took 0.166 seconds
[2022-04-11 13:32:58,956] {processor.py:163} INFO - Started process (PID=913) to work on /home/airflow/.local/lib/python3.7/site-packages/airflow/example_dags/example_short_circuit_operator.py
[2022-04-11 13:32:58,958] {processor.py:642} INFO - Processing file /home/airflow/.local/lib/python3.7/site-packages/airflow/example_dags/example_short_circuit_operator.py for tasks to queue
[2022-04-11 13:32:58,959] {logging_mixin.py:109} INFO - [2022-04-11 13:32:58,959] {dagbag.py:500} INFO - Filling up the DagBag from /home/airflow/.local/lib/python3.7/site-packages/airflow/example_dags/example_short_circuit_operator.py
[2022-04-11 13:32:58,980] {processor.py:652} INFO - DAG(s) dict_keys(['example_short_circuit_operator']) retrieved from /home/airflow/.local/lib/python3.7/site-packages/airflow/example_dags/example_short_circuit_operator.py
[2022-04-11 13:32:59,014] {logging_mixin.py:109} INFO - [2022-04-11 13:32:59,014] {dag.py:2398} INFO - Sync 1 DAGs
[2022-04-11 13:32:59,035] {logging_mixin.py:109} INFO - [2022-04-11 13:32:59,035] {dag.py:2937} INFO - Setting next_dagrun for example_short_circuit_operator to 2022-04-10T13:32:59.034805+00:00
[2022-04-11 13:32:59,047] {processor.py:171} INFO - Processing /home/airflow/.local/lib/python3.7/site-packages/airflow/example_dags/example_short_circuit_operator.py took 0.095 seconds
[2022-04-11 13:33:29,401] {processor.py:163} INFO - Started process (PID=964) to work on /home/airflow/.local/lib/python3.7/site-packages/airflow/example_dags/example_short_circuit_operator.py
[2022-04-11 13:33:29,403] {processor.py:642} INFO - Processing file /home/airflow/.local/lib/python3.7/site-packages/airflow/example_dags/example_short_circuit_operator.py for tasks to queue
[2022-04-11 13:33:29,404] {logging_mixin.py:109} INFO - [2022-04-11 13:33:29,404] {dagbag.py:500} INFO - Filling up the DagBag from /home/airflow/.local/lib/python3.7/site-packages/airflow/example_dags/example_short_circuit_operator.py
[2022-04-11 13:33:29,425] {processor.py:652} INFO - DAG(s) dict_keys(['example_short_circuit_operator']) retrieved from /home/airflow/.local/lib/python3.7/site-packages/airflow/example_dags/example_short_circuit_operator.py
[2022-04-11 13:33:29,465] {logging_mixin.py:109} INFO - [2022-04-11 13:33:29,465] {dag.py:2398} INFO - Sync 1 DAGs
[2022-04-11 13:33:29,501] {logging_mixin.py:109} INFO - [2022-04-11 13:33:29,501] {dag.py:2937} INFO - Setting next_dagrun for example_short_circuit_operator to 2022-04-10T13:33:29.501474+00:00
[2022-04-11 13:33:29,516] {processor.py:171} INFO - Processing /home/airflow/.local/lib/python3.7/site-packages/airflow/example_dags/example_short_circuit_operator.py took 0.120 seconds
[2022-04-11 13:33:59,551] {processor.py:163} INFO - Started process (PID=1026) to work on /home/airflow/.local/lib/python3.7/site-packages/airflow/example_dags/example_short_circuit_operator.py
[2022-04-11 13:33:59,553] {processor.py:642} INFO - Processing file /home/airflow/.local/lib/python3.7/site-packages/airflow/example_dags/example_short_circuit_operator.py for tasks to queue
[2022-04-11 13:33:59,555] {logging_mixin.py:109} INFO - [2022-04-11 13:33:59,555] {dagbag.py:500} INFO - Filling up the DagBag from /home/airflow/.local/lib/python3.7/site-packages/airflow/example_dags/example_short_circuit_operator.py
[2022-04-11 13:33:59,577] {processor.py:652} INFO - DAG(s) dict_keys(['example_short_circuit_operator']) retrieved from /home/airflow/.local/lib/python3.7/site-packages/airflow/example_dags/example_short_circuit_operator.py
[2022-04-11 13:33:59,605] {logging_mixin.py:109} INFO - [2022-04-11 13:33:59,605] {dag.py:2398} INFO - Sync 1 DAGs
[2022-04-11 13:33:59,627] {logging_mixin.py:109} INFO - [2022-04-11 13:33:59,627] {dag.py:2937} INFO - Setting next_dagrun for example_short_circuit_operator to 2022-04-10T13:33:59.627360+00:00
[2022-04-11 13:33:59,641] {processor.py:171} INFO - Processing /home/airflow/.local/lib/python3.7/site-packages/airflow/example_dags/example_short_circuit_operator.py took 0.095 seconds
[2022-04-11 13:34:29,884] {processor.py:163} INFO - Started process (PID=1077) to work on /home/airflow/.local/lib/python3.7/site-packages/airflow/example_dags/example_short_circuit_operator.py
[2022-04-11 13:34:29,888] {processor.py:642} INFO - Processing file /home/airflow/.local/lib/python3.7/site-packages/airflow/example_dags/example_short_circuit_operator.py for tasks to queue
[2022-04-11 13:34:29,891] {logging_mixin.py:109} INFO - [2022-04-11 13:34:29,891] {dagbag.py:500} INFO - Filling up the DagBag from /home/airflow/.local/lib/python3.7/site-packages/airflow/example_dags/example_short_circuit_operator.py
[2022-04-11 13:34:29,935] {processor.py:652} INFO - DAG(s) dict_keys(['example_short_circuit_operator']) retrieved from /home/airflow/.local/lib/python3.7/site-packages/airflow/example_dags/example_short_circuit_operator.py
[2022-04-11 13:34:29,972] {logging_mixin.py:109} INFO - [2022-04-11 13:34:29,972] {dag.py:2398} INFO - Sync 1 DAGs
[2022-04-11 13:34:30,001] {logging_mixin.py:109} INFO - [2022-04-11 13:34:30,001] {dag.py:2937} INFO - Setting next_dagrun for example_short_circuit_operator to 2022-04-10T13:34:30.000662+00:00
[2022-04-11 13:34:30,019] {processor.py:171} INFO - Processing /home/airflow/.local/lib/python3.7/site-packages/airflow/example_dags/example_short_circuit_operator.py took 0.142 seconds
[2022-04-11 13:35:00,619] {processor.py:163} INFO - Started process (PID=1139) to work on /home/airflow/.local/lib/python3.7/site-packages/airflow/example_dags/example_short_circuit_operator.py
[2022-04-11 13:35:00,621] {processor.py:642} INFO - Processing file /home/airflow/.local/lib/python3.7/site-packages/airflow/example_dags/example_short_circuit_operator.py for tasks to queue
[2022-04-11 13:35:00,622] {logging_mixin.py:109} INFO - [2022-04-11 13:35:00,622] {dagbag.py:500} INFO - Filling up the DagBag from /home/airflow/.local/lib/python3.7/site-packages/airflow/example_dags/example_short_circuit_operator.py
[2022-04-11 13:35:00,643] {processor.py:652} INFO - DAG(s) dict_keys(['example_short_circuit_operator']) retrieved from /home/airflow/.local/lib/python3.7/site-packages/airflow/example_dags/example_short_circuit_operator.py
[2022-04-11 13:35:00,670] {logging_mixin.py:109} INFO - [2022-04-11 13:35:00,670] {dag.py:2398} INFO - Sync 1 DAGs
[2022-04-11 13:35:00,691] {logging_mixin.py:109} INFO - [2022-04-11 13:35:00,690] {dag.py:2937} INFO - Setting next_dagrun for example_short_circuit_operator to 2022-04-10T13:35:00.690540+00:00
[2022-04-11 13:35:00,704] {processor.py:171} INFO - Processing /home/airflow/.local/lib/python3.7/site-packages/airflow/example_dags/example_short_circuit_operator.py took 0.089 seconds
[2022-04-11 13:35:30,760] {processor.py:163} INFO - Started process (PID=1190) to work on /home/airflow/.local/lib/python3.7/site-packages/airflow/example_dags/example_short_circuit_operator.py
[2022-04-11 13:35:30,762] {processor.py:642} INFO - Processing file /home/airflow/.local/lib/python3.7/site-packages/airflow/example_dags/example_short_circuit_operator.py for tasks to queue
[2022-04-11 13:35:30,763] {logging_mixin.py:109} INFO - [2022-04-11 13:35:30,763] {dagbag.py:500} INFO - Filling up the DagBag from /home/airflow/.local/lib/python3.7/site-packages/airflow/example_dags/example_short_circuit_operator.py
[2022-04-11 13:35:30,788] {processor.py:652} INFO - DAG(s) dict_keys(['example_short_circuit_operator']) retrieved from /home/airflow/.local/lib/python3.7/site-packages/airflow/example_dags/example_short_circuit_operator.py
[2022-04-11 13:35:30,822] {logging_mixin.py:109} INFO - [2022-04-11 13:35:30,821] {dag.py:2398} INFO - Sync 1 DAGs
[2022-04-11 13:35:30,850] {logging_mixin.py:109} INFO - [2022-04-11 13:35:30,850] {dag.py:2937} INFO - Setting next_dagrun for example_short_circuit_operator to 2022-04-10T13:35:30.849594+00:00
[2022-04-11 13:35:30,867] {processor.py:171} INFO - Processing /home/airflow/.local/lib/python3.7/site-packages/airflow/example_dags/example_short_circuit_operator.py took 0.112 seconds
[2022-04-11 13:36:01,139] {processor.py:163} INFO - Started process (PID=1251) to work on /home/airflow/.local/lib/python3.7/site-packages/airflow/example_dags/example_short_circuit_operator.py
[2022-04-11 13:36:01,141] {processor.py:642} INFO - Processing file /home/airflow/.local/lib/python3.7/site-packages/airflow/example_dags/example_short_circuit_operator.py for tasks to queue
[2022-04-11 13:36:01,142] {logging_mixin.py:109} INFO - [2022-04-11 13:36:01,142] {dagbag.py:500} INFO - Filling up the DagBag from /home/airflow/.local/lib/python3.7/site-packages/airflow/example_dags/example_short_circuit_operator.py
[2022-04-11 13:36:01,160] {processor.py:652} INFO - DAG(s) dict_keys(['example_short_circuit_operator']) retrieved from /home/airflow/.local/lib/python3.7/site-packages/airflow/example_dags/example_short_circuit_operator.py
[2022-04-11 13:36:01,182] {logging_mixin.py:109} INFO - [2022-04-11 13:36:01,182] {dag.py:2398} INFO - Sync 1 DAGs
[2022-04-11 13:36:01,200] {logging_mixin.py:109} INFO - [2022-04-11 13:36:01,200] {dag.py:2937} INFO - Setting next_dagrun for example_short_circuit_operator to 2022-04-10T13:36:01.200500+00:00
[2022-04-11 13:36:01,211] {processor.py:171} INFO - Processing /home/airflow/.local/lib/python3.7/site-packages/airflow/example_dags/example_short_circuit_operator.py took 0.077 seconds
[2022-04-11 13:36:31,502] {processor.py:163} INFO - Started process (PID=1302) to work on /home/airflow/.local/lib/python3.7/site-packages/airflow/example_dags/example_short_circuit_operator.py
[2022-04-11 13:36:31,504] {processor.py:642} INFO - Processing file /home/airflow/.local/lib/python3.7/site-packages/airflow/example_dags/example_short_circuit_operator.py for tasks to queue
[2022-04-11 13:36:31,505] {logging_mixin.py:109} INFO - [2022-04-11 13:36:31,505] {dagbag.py:500} INFO - Filling up the DagBag from /home/airflow/.local/lib/python3.7/site-packages/airflow/example_dags/example_short_circuit_operator.py
[2022-04-11 13:36:31,529] {processor.py:652} INFO - DAG(s) dict_keys(['example_short_circuit_operator']) retrieved from /home/airflow/.local/lib/python3.7/site-packages/airflow/example_dags/example_short_circuit_operator.py
[2022-04-11 13:36:31,557] {logging_mixin.py:109} INFO - [2022-04-11 13:36:31,557] {dag.py:2398} INFO - Sync 1 DAGs
[2022-04-11 13:36:31,579] {logging_mixin.py:109} INFO - [2022-04-11 13:36:31,579] {dag.py:2937} INFO - Setting next_dagrun for example_short_circuit_operator to 2022-04-10T13:36:31.579162+00:00
[2022-04-11 13:36:31,593] {processor.py:171} INFO - Processing /home/airflow/.local/lib/python3.7/site-packages/airflow/example_dags/example_short_circuit_operator.py took 0.097 seconds
[2022-04-11 13:37:01,931] {processor.py:163} INFO - Started process (PID=1359) to work on /home/airflow/.local/lib/python3.7/site-packages/airflow/example_dags/example_short_circuit_operator.py
[2022-04-11 13:37:01,935] {processor.py:642} INFO - Processing file /home/airflow/.local/lib/python3.7/site-packages/airflow/example_dags/example_short_circuit_operator.py for tasks to queue
[2022-04-11 13:37:01,937] {logging_mixin.py:109} INFO - [2022-04-11 13:37:01,937] {dagbag.py:500} INFO - Filling up the DagBag from /home/airflow/.local/lib/python3.7/site-packages/airflow/example_dags/example_short_circuit_operator.py
[2022-04-11 13:37:01,971] {processor.py:652} INFO - DAG(s) dict_keys(['example_short_circuit_operator']) retrieved from /home/airflow/.local/lib/python3.7/site-packages/airflow/example_dags/example_short_circuit_operator.py
[2022-04-11 13:37:02,014] {logging_mixin.py:109} INFO - [2022-04-11 13:37:02,014] {dag.py:2398} INFO - Sync 1 DAGs
[2022-04-11 13:37:02,049] {logging_mixin.py:109} INFO - [2022-04-11 13:37:02,049] {dag.py:2937} INFO - Setting next_dagrun for example_short_circuit_operator to 2022-04-10T13:37:02.048425+00:00
[2022-04-11 13:37:02,072] {processor.py:171} INFO - Processing /home/airflow/.local/lib/python3.7/site-packages/airflow/example_dags/example_short_circuit_operator.py took 0.148 seconds
[2022-04-11 13:37:32,548] {processor.py:163} INFO - Started process (PID=1421) to work on /home/airflow/.local/lib/python3.7/site-packages/airflow/example_dags/example_short_circuit_operator.py
[2022-04-11 13:37:32,551] {processor.py:642} INFO - Processing file /home/airflow/.local/lib/python3.7/site-packages/airflow/example_dags/example_short_circuit_operator.py for tasks to queue
[2022-04-11 13:37:32,552] {logging_mixin.py:109} INFO - [2022-04-11 13:37:32,552] {dagbag.py:500} INFO - Filling up the DagBag from /home/airflow/.local/lib/python3.7/site-packages/airflow/example_dags/example_short_circuit_operator.py
[2022-04-11 13:37:32,584] {processor.py:652} INFO - DAG(s) dict_keys(['example_short_circuit_operator']) retrieved from /home/airflow/.local/lib/python3.7/site-packages/airflow/example_dags/example_short_circuit_operator.py
[2022-04-11 13:37:32,621] {logging_mixin.py:109} INFO - [2022-04-11 13:37:32,621] {dag.py:2398} INFO - Sync 1 DAGs
[2022-04-11 13:37:32,654] {logging_mixin.py:109} INFO - [2022-04-11 13:37:32,653] {dag.py:2937} INFO - Setting next_dagrun for example_short_circuit_operator to 2022-04-10T13:37:32.653673+00:00
[2022-04-11 13:37:32,677] {processor.py:171} INFO - Processing /home/airflow/.local/lib/python3.7/site-packages/airflow/example_dags/example_short_circuit_operator.py took 0.133 seconds
[2022-04-11 13:38:02,723] {processor.py:163} INFO - Started process (PID=1474) to work on /home/airflow/.local/lib/python3.7/site-packages/airflow/example_dags/example_short_circuit_operator.py
[2022-04-11 13:38:02,725] {processor.py:642} INFO - Processing file /home/airflow/.local/lib/python3.7/site-packages/airflow/example_dags/example_short_circuit_operator.py for tasks to queue
[2022-04-11 13:38:02,726] {logging_mixin.py:109} INFO - [2022-04-11 13:38:02,726] {dagbag.py:500} INFO - Filling up the DagBag from /home/airflow/.local/lib/python3.7/site-packages/airflow/example_dags/example_short_circuit_operator.py
[2022-04-11 13:38:02,747] {processor.py:652} INFO - DAG(s) dict_keys(['example_short_circuit_operator']) retrieved from /home/airflow/.local/lib/python3.7/site-packages/airflow/example_dags/example_short_circuit_operator.py
[2022-04-11 13:38:02,778] {logging_mixin.py:109} INFO - [2022-04-11 13:38:02,778] {dag.py:2398} INFO - Sync 1 DAGs
[2022-04-11 13:38:02,800] {logging_mixin.py:109} INFO - [2022-04-11 13:38:02,800] {dag.py:2937} INFO - Setting next_dagrun for example_short_circuit_operator to 2022-04-10T13:38:02.800273+00:00
[2022-04-11 13:38:02,814] {processor.py:171} INFO - Processing /home/airflow/.local/lib/python3.7/site-packages/airflow/example_dags/example_short_circuit_operator.py took 0.096 seconds
[2022-04-11 13:38:33,209] {processor.py:163} INFO - Started process (PID=1536) to work on /home/airflow/.local/lib/python3.7/site-packages/airflow/example_dags/example_short_circuit_operator.py
[2022-04-11 13:38:33,211] {processor.py:642} INFO - Processing file /home/airflow/.local/lib/python3.7/site-packages/airflow/example_dags/example_short_circuit_operator.py for tasks to queue
[2022-04-11 13:38:33,212] {logging_mixin.py:109} INFO - [2022-04-11 13:38:33,212] {dagbag.py:500} INFO - Filling up the DagBag from /home/airflow/.local/lib/python3.7/site-packages/airflow/example_dags/example_short_circuit_operator.py
[2022-04-11 13:38:33,232] {processor.py:652} INFO - DAG(s) dict_keys(['example_short_circuit_operator']) retrieved from /home/airflow/.local/lib/python3.7/site-packages/airflow/example_dags/example_short_circuit_operator.py
[2022-04-11 13:38:33,265] {logging_mixin.py:109} INFO - [2022-04-11 13:38:33,264] {dag.py:2398} INFO - Sync 1 DAGs
[2022-04-11 13:38:33,298] {logging_mixin.py:109} INFO - [2022-04-11 13:38:33,297] {dag.py:2937} INFO - Setting next_dagrun for example_short_circuit_operator to 2022-04-10T13:38:33.297554+00:00
[2022-04-11 13:38:33,312] {processor.py:171} INFO - Processing /home/airflow/.local/lib/python3.7/site-packages/airflow/example_dags/example_short_circuit_operator.py took 0.108 seconds
[2022-04-11 13:39:04,005] {processor.py:163} INFO - Started process (PID=1588) to work on /home/airflow/.local/lib/python3.7/site-packages/airflow/example_dags/example_short_circuit_operator.py
[2022-04-11 13:39:04,010] {processor.py:642} INFO - Processing file /home/airflow/.local/lib/python3.7/site-packages/airflow/example_dags/example_short_circuit_operator.py for tasks to queue
[2022-04-11 13:39:04,013] {logging_mixin.py:109} INFO - [2022-04-11 13:39:04,013] {dagbag.py:500} INFO - Filling up the DagBag from /home/airflow/.local/lib/python3.7/site-packages/airflow/example_dags/example_short_circuit_operator.py
[2022-04-11 13:39:04,046] {processor.py:652} INFO - DAG(s) dict_keys(['example_short_circuit_operator']) retrieved from /home/airflow/.local/lib/python3.7/site-packages/airflow/example_dags/example_short_circuit_operator.py
[2022-04-11 13:39:04,097] {logging_mixin.py:109} INFO - [2022-04-11 13:39:04,097] {dag.py:2398} INFO - Sync 1 DAGs
[2022-04-11 13:39:04,140] {logging_mixin.py:109} INFO - [2022-04-11 13:39:04,139] {dag.py:2937} INFO - Setting next_dagrun for example_short_circuit_operator to 2022-04-10T13:39:04.138032+00:00
[2022-04-11 13:39:04,165] {processor.py:171} INFO - Processing /home/airflow/.local/lib/python3.7/site-packages/airflow/example_dags/example_short_circuit_operator.py took 0.167 seconds
[2022-04-11 13:39:34,361] {processor.py:163} INFO - Started process (PID=1649) to work on /home/airflow/.local/lib/python3.7/site-packages/airflow/example_dags/example_short_circuit_operator.py
[2022-04-11 13:39:34,365] {processor.py:642} INFO - Processing file /home/airflow/.local/lib/python3.7/site-packages/airflow/example_dags/example_short_circuit_operator.py for tasks to queue
[2022-04-11 13:39:34,367] {logging_mixin.py:109} INFO - [2022-04-11 13:39:34,367] {dagbag.py:500} INFO - Filling up the DagBag from /home/airflow/.local/lib/python3.7/site-packages/airflow/example_dags/example_short_circuit_operator.py
[2022-04-11 13:39:34,389] {processor.py:652} INFO - DAG(s) dict_keys(['example_short_circuit_operator']) retrieved from /home/airflow/.local/lib/python3.7/site-packages/airflow/example_dags/example_short_circuit_operator.py
[2022-04-11 13:39:34,415] {logging_mixin.py:109} INFO - [2022-04-11 13:39:34,415] {dag.py:2398} INFO - Sync 1 DAGs
[2022-04-11 13:39:34,436] {logging_mixin.py:109} INFO - [2022-04-11 13:39:34,436] {dag.py:2937} INFO - Setting next_dagrun for example_short_circuit_operator to 2022-04-10T13:39:34.436030+00:00
[2022-04-11 13:39:34,449] {processor.py:171} INFO - Processing /home/airflow/.local/lib/python3.7/site-packages/airflow/example_dags/example_short_circuit_operator.py took 0.093 seconds
[2022-04-11 13:40:04,491] {processor.py:163} INFO - Started process (PID=1699) to work on /home/airflow/.local/lib/python3.7/site-packages/airflow/example_dags/example_short_circuit_operator.py
[2022-04-11 13:40:04,493] {processor.py:642} INFO - Processing file /home/airflow/.local/lib/python3.7/site-packages/airflow/example_dags/example_short_circuit_operator.py for tasks to queue
[2022-04-11 13:40:04,494] {logging_mixin.py:109} INFO - [2022-04-11 13:40:04,494] {dagbag.py:500} INFO - Filling up the DagBag from /home/airflow/.local/lib/python3.7/site-packages/airflow/example_dags/example_short_circuit_operator.py
[2022-04-11 13:40:04,518] {processor.py:652} INFO - DAG(s) dict_keys(['example_short_circuit_operator']) retrieved from /home/airflow/.local/lib/python3.7/site-packages/airflow/example_dags/example_short_circuit_operator.py
[2022-04-11 13:40:04,548] {logging_mixin.py:109} INFO - [2022-04-11 13:40:04,548] {dag.py:2398} INFO - Sync 1 DAGs
[2022-04-11 13:40:04,569] {logging_mixin.py:109} INFO - [2022-04-11 13:40:04,569] {dag.py:2937} INFO - Setting next_dagrun for example_short_circuit_operator to 2022-04-10T13:40:04.568891+00:00
[2022-04-11 13:40:04,581] {processor.py:171} INFO - Processing /home/airflow/.local/lib/python3.7/site-packages/airflow/example_dags/example_short_circuit_operator.py took 0.101 seconds
[2022-04-11 13:40:34,925] {processor.py:163} INFO - Started process (PID=1754) to work on /home/airflow/.local/lib/python3.7/site-packages/airflow/example_dags/example_short_circuit_operator.py
[2022-04-11 13:40:34,929] {processor.py:642} INFO - Processing file /home/airflow/.local/lib/python3.7/site-packages/airflow/example_dags/example_short_circuit_operator.py for tasks to queue
[2022-04-11 13:40:34,930] {logging_mixin.py:109} INFO - [2022-04-11 13:40:34,930] {dagbag.py:500} INFO - Filling up the DagBag from /home/airflow/.local/lib/python3.7/site-packages/airflow/example_dags/example_short_circuit_operator.py
[2022-04-11 13:40:34,953] {processor.py:652} INFO - DAG(s) dict_keys(['example_short_circuit_operator']) retrieved from /home/airflow/.local/lib/python3.7/site-packages/airflow/example_dags/example_short_circuit_operator.py
[2022-04-11 13:40:34,978] {logging_mixin.py:109} INFO - [2022-04-11 13:40:34,977] {dag.py:2398} INFO - Sync 1 DAGs
[2022-04-11 13:40:34,999] {logging_mixin.py:109} INFO - [2022-04-11 13:40:34,999] {dag.py:2937} INFO - Setting next_dagrun for example_short_circuit_operator to 2022-04-10T13:40:34.998804+00:00
[2022-04-11 13:40:35,009] {processor.py:171} INFO - Processing /home/airflow/.local/lib/python3.7/site-packages/airflow/example_dags/example_short_circuit_operator.py took 0.092 seconds
[2022-04-11 13:41:05,621] {processor.py:163} INFO - Started process (PID=1818) to work on /home/airflow/.local/lib/python3.7/site-packages/airflow/example_dags/example_short_circuit_operator.py
[2022-04-11 13:41:05,623] {processor.py:642} INFO - Processing file /home/airflow/.local/lib/python3.7/site-packages/airflow/example_dags/example_short_circuit_operator.py for tasks to queue
[2022-04-11 13:41:05,624] {logging_mixin.py:109} INFO - [2022-04-11 13:41:05,624] {dagbag.py:500} INFO - Filling up the DagBag from /home/airflow/.local/lib/python3.7/site-packages/airflow/example_dags/example_short_circuit_operator.py
[2022-04-11 13:41:05,652] {processor.py:652} INFO - DAG(s) dict_keys(['example_short_circuit_operator']) retrieved from /home/airflow/.local/lib/python3.7/site-packages/airflow/example_dags/example_short_circuit_operator.py
[2022-04-11 13:41:05,680] {logging_mixin.py:109} INFO - [2022-04-11 13:41:05,680] {dag.py:2398} INFO - Sync 1 DAGs
[2022-04-11 13:41:05,713] {logging_mixin.py:109} INFO - [2022-04-11 13:41:05,712] {dag.py:2937} INFO - Setting next_dagrun for example_short_circuit_operator to 2022-04-10T13:41:05.712575+00:00
[2022-04-11 13:41:05,725] {processor.py:171} INFO - Processing /home/airflow/.local/lib/python3.7/site-packages/airflow/example_dags/example_short_circuit_operator.py took 0.111 seconds
[2022-04-11 13:41:36,200] {processor.py:163} INFO - Started process (PID=1871) to work on /home/airflow/.local/lib/python3.7/site-packages/airflow/example_dags/example_short_circuit_operator.py
[2022-04-11 13:41:36,202] {processor.py:642} INFO - Processing file /home/airflow/.local/lib/python3.7/site-packages/airflow/example_dags/example_short_circuit_operator.py for tasks to queue
[2022-04-11 13:41:36,203] {logging_mixin.py:109} INFO - [2022-04-11 13:41:36,203] {dagbag.py:500} INFO - Filling up the DagBag from /home/airflow/.local/lib/python3.7/site-packages/airflow/example_dags/example_short_circuit_operator.py
[2022-04-11 13:41:36,226] {processor.py:652} INFO - DAG(s) dict_keys(['example_short_circuit_operator']) retrieved from /home/airflow/.local/lib/python3.7/site-packages/airflow/example_dags/example_short_circuit_operator.py
[2022-04-11 13:41:36,253] {logging_mixin.py:109} INFO - [2022-04-11 13:41:36,253] {dag.py:2398} INFO - Sync 1 DAGs
[2022-04-11 13:41:36,276] {logging_mixin.py:109} INFO - [2022-04-11 13:41:36,275] {dag.py:2937} INFO - Setting next_dagrun for example_short_circuit_operator to 2022-04-10T13:41:36.275593+00:00
[2022-04-11 13:41:36,289] {processor.py:171} INFO - Processing /home/airflow/.local/lib/python3.7/site-packages/airflow/example_dags/example_short_circuit_operator.py took 0.093 seconds
[2022-04-11 13:42:06,860] {processor.py:163} INFO - Started process (PID=1933) to work on /home/airflow/.local/lib/python3.7/site-packages/airflow/example_dags/example_short_circuit_operator.py
[2022-04-11 13:42:06,862] {processor.py:642} INFO - Processing file /home/airflow/.local/lib/python3.7/site-packages/airflow/example_dags/example_short_circuit_operator.py for tasks to queue
[2022-04-11 13:42:06,864] {logging_mixin.py:109} INFO - [2022-04-11 13:42:06,864] {dagbag.py:500} INFO - Filling up the DagBag from /home/airflow/.local/lib/python3.7/site-packages/airflow/example_dags/example_short_circuit_operator.py
[2022-04-11 13:42:06,885] {processor.py:652} INFO - DAG(s) dict_keys(['example_short_circuit_operator']) retrieved from /home/airflow/.local/lib/python3.7/site-packages/airflow/example_dags/example_short_circuit_operator.py
[2022-04-11 13:42:06,911] {logging_mixin.py:109} INFO - [2022-04-11 13:42:06,911] {dag.py:2398} INFO - Sync 1 DAGs
[2022-04-11 13:42:06,933] {logging_mixin.py:109} INFO - [2022-04-11 13:42:06,933] {dag.py:2937} INFO - Setting next_dagrun for example_short_circuit_operator to 2022-04-10T13:42:06.933065+00:00
[2022-04-11 13:42:06,948] {processor.py:171} INFO - Processing /home/airflow/.local/lib/python3.7/site-packages/airflow/example_dags/example_short_circuit_operator.py took 0.092 seconds
[2022-04-11 13:42:37,857] {processor.py:163} INFO - Started process (PID=1985) to work on /home/airflow/.local/lib/python3.7/site-packages/airflow/example_dags/example_short_circuit_operator.py
[2022-04-11 13:42:37,859] {processor.py:642} INFO - Processing file /home/airflow/.local/lib/python3.7/site-packages/airflow/example_dags/example_short_circuit_operator.py for tasks to queue
[2022-04-11 13:42:37,861] {logging_mixin.py:109} INFO - [2022-04-11 13:42:37,861] {dagbag.py:500} INFO - Filling up the DagBag from /home/airflow/.local/lib/python3.7/site-packages/airflow/example_dags/example_short_circuit_operator.py
[2022-04-11 13:42:37,881] {processor.py:652} INFO - DAG(s) dict_keys(['example_short_circuit_operator']) retrieved from /home/airflow/.local/lib/python3.7/site-packages/airflow/example_dags/example_short_circuit_operator.py
[2022-04-11 13:42:37,911] {logging_mixin.py:109} INFO - [2022-04-11 13:42:37,911] {dag.py:2398} INFO - Sync 1 DAGs
[2022-04-11 13:42:37,933] {logging_mixin.py:109} INFO - [2022-04-11 13:42:37,932] {dag.py:2937} INFO - Setting next_dagrun for example_short_circuit_operator to 2022-04-10T13:42:37.932247+00:00
[2022-04-11 13:42:37,946] {processor.py:171} INFO - Processing /home/airflow/.local/lib/python3.7/site-packages/airflow/example_dags/example_short_circuit_operator.py took 0.094 seconds
[2022-04-11 13:43:08,015] {processor.py:163} INFO - Started process (PID=2038) to work on /home/airflow/.local/lib/python3.7/site-packages/airflow/example_dags/example_short_circuit_operator.py
[2022-04-11 13:43:08,023] {processor.py:642} INFO - Processing file /home/airflow/.local/lib/python3.7/site-packages/airflow/example_dags/example_short_circuit_operator.py for tasks to queue
[2022-04-11 13:43:08,028] {logging_mixin.py:109} INFO - [2022-04-11 13:43:08,028] {dagbag.py:500} INFO - Filling up the DagBag from /home/airflow/.local/lib/python3.7/site-packages/airflow/example_dags/example_short_circuit_operator.py
[2022-04-11 13:43:08,072] {processor.py:652} INFO - DAG(s) dict_keys(['example_short_circuit_operator']) retrieved from /home/airflow/.local/lib/python3.7/site-packages/airflow/example_dags/example_short_circuit_operator.py
[2022-04-11 13:43:08,109] {logging_mixin.py:109} INFO - [2022-04-11 13:43:08,109] {dag.py:2398} INFO - Sync 1 DAGs
[2022-04-11 13:43:08,135] {logging_mixin.py:109} INFO - [2022-04-11 13:43:08,134] {dag.py:2937} INFO - Setting next_dagrun for example_short_circuit_operator to 2022-04-10T13:43:08.134523+00:00
[2022-04-11 13:43:08,149] {processor.py:171} INFO - Processing /home/airflow/.local/lib/python3.7/site-packages/airflow/example_dags/example_short_circuit_operator.py took 0.140 seconds
[2022-04-11 13:43:38,210] {processor.py:163} INFO - Started process (PID=2101) to work on /home/airflow/.local/lib/python3.7/site-packages/airflow/example_dags/example_short_circuit_operator.py
[2022-04-11 13:43:38,212] {processor.py:642} INFO - Processing file /home/airflow/.local/lib/python3.7/site-packages/airflow/example_dags/example_short_circuit_operator.py for tasks to queue
[2022-04-11 13:43:38,213] {logging_mixin.py:109} INFO - [2022-04-11 13:43:38,213] {dagbag.py:500} INFO - Filling up the DagBag from /home/airflow/.local/lib/python3.7/site-packages/airflow/example_dags/example_short_circuit_operator.py
[2022-04-11 13:43:38,233] {processor.py:652} INFO - DAG(s) dict_keys(['example_short_circuit_operator']) retrieved from /home/airflow/.local/lib/python3.7/site-packages/airflow/example_dags/example_short_circuit_operator.py
[2022-04-11 13:43:38,257] {logging_mixin.py:109} INFO - [2022-04-11 13:43:38,257] {dag.py:2398} INFO - Sync 1 DAGs
[2022-04-11 13:43:38,277] {logging_mixin.py:109} INFO - [2022-04-11 13:43:38,277] {dag.py:2937} INFO - Setting next_dagrun for example_short_circuit_operator to 2022-04-10T13:43:38.277292+00:00
[2022-04-11 13:43:38,290] {processor.py:171} INFO - Processing /home/airflow/.local/lib/python3.7/site-packages/airflow/example_dags/example_short_circuit_operator.py took 0.084 seconds
[2022-04-11 13:44:08,944] {processor.py:163} INFO - Started process (PID=2154) to work on /home/airflow/.local/lib/python3.7/site-packages/airflow/example_dags/example_short_circuit_operator.py
[2022-04-11 13:44:08,946] {processor.py:642} INFO - Processing file /home/airflow/.local/lib/python3.7/site-packages/airflow/example_dags/example_short_circuit_operator.py for tasks to queue
[2022-04-11 13:44:08,947] {logging_mixin.py:109} INFO - [2022-04-11 13:44:08,947] {dagbag.py:500} INFO - Filling up the DagBag from /home/airflow/.local/lib/python3.7/site-packages/airflow/example_dags/example_short_circuit_operator.py
[2022-04-11 13:44:08,970] {processor.py:652} INFO - DAG(s) dict_keys(['example_short_circuit_operator']) retrieved from /home/airflow/.local/lib/python3.7/site-packages/airflow/example_dags/example_short_circuit_operator.py
[2022-04-11 13:44:08,996] {logging_mixin.py:109} INFO - [2022-04-11 13:44:08,996] {dag.py:2398} INFO - Sync 1 DAGs
[2022-04-11 13:44:09,017] {logging_mixin.py:109} INFO - [2022-04-11 13:44:09,016] {dag.py:2937} INFO - Setting next_dagrun for example_short_circuit_operator to 2022-04-10T13:44:09.016449+00:00
[2022-04-11 13:44:09,029] {processor.py:171} INFO - Processing /home/airflow/.local/lib/python3.7/site-packages/airflow/example_dags/example_short_circuit_operator.py took 0.089 seconds
[2022-04-11 13:44:39,171] {processor.py:163} INFO - Started process (PID=2215) to work on /home/airflow/.local/lib/python3.7/site-packages/airflow/example_dags/example_short_circuit_operator.py
[2022-04-11 13:44:39,175] {processor.py:642} INFO - Processing file /home/airflow/.local/lib/python3.7/site-packages/airflow/example_dags/example_short_circuit_operator.py for tasks to queue
[2022-04-11 13:44:39,178] {logging_mixin.py:109} INFO - [2022-04-11 13:44:39,178] {dagbag.py:500} INFO - Filling up the DagBag from /home/airflow/.local/lib/python3.7/site-packages/airflow/example_dags/example_short_circuit_operator.py
[2022-04-11 13:44:39,212] {processor.py:652} INFO - DAG(s) dict_keys(['example_short_circuit_operator']) retrieved from /home/airflow/.local/lib/python3.7/site-packages/airflow/example_dags/example_short_circuit_operator.py
[2022-04-11 13:44:39,240] {logging_mixin.py:109} INFO - [2022-04-11 13:44:39,240] {dag.py:2398} INFO - Sync 1 DAGs
[2022-04-11 13:44:39,263] {logging_mixin.py:109} INFO - [2022-04-11 13:44:39,263] {dag.py:2937} INFO - Setting next_dagrun for example_short_circuit_operator to 2022-04-10T13:44:39.263024+00:00
[2022-04-11 13:44:39,277] {processor.py:171} INFO - Processing /home/airflow/.local/lib/python3.7/site-packages/airflow/example_dags/example_short_circuit_operator.py took 0.113 seconds
[2022-04-11 13:45:09,449] {processor.py:163} INFO - Started process (PID=2266) to work on /home/airflow/.local/lib/python3.7/site-packages/airflow/example_dags/example_short_circuit_operator.py
[2022-04-11 13:45:09,452] {processor.py:642} INFO - Processing file /home/airflow/.local/lib/python3.7/site-packages/airflow/example_dags/example_short_circuit_operator.py for tasks to queue
[2022-04-11 13:45:09,456] {logging_mixin.py:109} INFO - [2022-04-11 13:45:09,456] {dagbag.py:500} INFO - Filling up the DagBag from /home/airflow/.local/lib/python3.7/site-packages/airflow/example_dags/example_short_circuit_operator.py
[2022-04-11 13:45:09,513] {processor.py:652} INFO - DAG(s) dict_keys(['example_short_circuit_operator']) retrieved from /home/airflow/.local/lib/python3.7/site-packages/airflow/example_dags/example_short_circuit_operator.py
[2022-04-11 13:45:09,569] {logging_mixin.py:109} INFO - [2022-04-11 13:45:09,569] {dag.py:2398} INFO - Sync 1 DAGs
[2022-04-11 13:45:09,608] {logging_mixin.py:109} INFO - [2022-04-11 13:45:09,608] {dag.py:2937} INFO - Setting next_dagrun for example_short_circuit_operator to 2022-04-10T13:45:09.607619+00:00
[2022-04-11 13:45:09,628] {processor.py:171} INFO - Processing /home/airflow/.local/lib/python3.7/site-packages/airflow/example_dags/example_short_circuit_operator.py took 0.187 seconds
[2022-04-11 13:45:40,301] {processor.py:163} INFO - Started process (PID=2317) to work on /home/airflow/.local/lib/python3.7/site-packages/airflow/example_dags/example_short_circuit_operator.py
[2022-04-11 13:45:40,305] {processor.py:642} INFO - Processing file /home/airflow/.local/lib/python3.7/site-packages/airflow/example_dags/example_short_circuit_operator.py for tasks to queue
[2022-04-11 13:45:40,309] {logging_mixin.py:109} INFO - [2022-04-11 13:45:40,309] {dagbag.py:500} INFO - Filling up the DagBag from /home/airflow/.local/lib/python3.7/site-packages/airflow/example_dags/example_short_circuit_operator.py
[2022-04-11 13:45:40,342] {processor.py:652} INFO - DAG(s) dict_keys(['example_short_circuit_operator']) retrieved from /home/airflow/.local/lib/python3.7/site-packages/airflow/example_dags/example_short_circuit_operator.py
[2022-04-11 13:45:40,373] {logging_mixin.py:109} INFO - [2022-04-11 13:45:40,373] {dag.py:2398} INFO - Sync 1 DAGs
[2022-04-11 13:45:40,394] {logging_mixin.py:109} INFO - [2022-04-11 13:45:40,394] {dag.py:2937} INFO - Setting next_dagrun for example_short_circuit_operator to 2022-04-10T13:45:40.394281+00:00
[2022-04-11 13:45:40,408] {processor.py:171} INFO - Processing /home/airflow/.local/lib/python3.7/site-packages/airflow/example_dags/example_short_circuit_operator.py took 0.119 seconds
[2022-04-11 13:46:10,701] {processor.py:163} INFO - Started process (PID=2379) to work on /home/airflow/.local/lib/python3.7/site-packages/airflow/example_dags/example_short_circuit_operator.py
[2022-04-11 13:46:10,703] {processor.py:642} INFO - Processing file /home/airflow/.local/lib/python3.7/site-packages/airflow/example_dags/example_short_circuit_operator.py for tasks to queue
[2022-04-11 13:46:10,704] {logging_mixin.py:109} INFO - [2022-04-11 13:46:10,704] {dagbag.py:500} INFO - Filling up the DagBag from /home/airflow/.local/lib/python3.7/site-packages/airflow/example_dags/example_short_circuit_operator.py
[2022-04-11 13:46:10,726] {processor.py:652} INFO - DAG(s) dict_keys(['example_short_circuit_operator']) retrieved from /home/airflow/.local/lib/python3.7/site-packages/airflow/example_dags/example_short_circuit_operator.py
[2022-04-11 13:46:10,753] {logging_mixin.py:109} INFO - [2022-04-11 13:46:10,753] {dag.py:2398} INFO - Sync 1 DAGs
[2022-04-11 13:46:10,775] {logging_mixin.py:109} INFO - [2022-04-11 13:46:10,775] {dag.py:2937} INFO - Setting next_dagrun for example_short_circuit_operator to 2022-04-10T13:46:10.774824+00:00
[2022-04-11 13:46:10,789] {processor.py:171} INFO - Processing /home/airflow/.local/lib/python3.7/site-packages/airflow/example_dags/example_short_circuit_operator.py took 0.093 seconds
[2022-04-11 13:46:40,936] {processor.py:163} INFO - Started process (PID=2431) to work on /home/airflow/.local/lib/python3.7/site-packages/airflow/example_dags/example_short_circuit_operator.py
[2022-04-11 13:46:40,943] {processor.py:642} INFO - Processing file /home/airflow/.local/lib/python3.7/site-packages/airflow/example_dags/example_short_circuit_operator.py for tasks to queue
[2022-04-11 13:46:40,945] {logging_mixin.py:109} INFO - [2022-04-11 13:46:40,945] {dagbag.py:500} INFO - Filling up the DagBag from /home/airflow/.local/lib/python3.7/site-packages/airflow/example_dags/example_short_circuit_operator.py
[2022-04-11 13:46:40,989] {processor.py:652} INFO - DAG(s) dict_keys(['example_short_circuit_operator']) retrieved from /home/airflow/.local/lib/python3.7/site-packages/airflow/example_dags/example_short_circuit_operator.py
[2022-04-11 13:46:41,058] {logging_mixin.py:109} INFO - [2022-04-11 13:46:41,058] {dag.py:2398} INFO - Sync 1 DAGs
[2022-04-11 13:46:41,114] {logging_mixin.py:109} INFO - [2022-04-11 13:46:41,113] {dag.py:2937} INFO - Setting next_dagrun for example_short_circuit_operator to 2022-04-10T13:46:41.113264+00:00
[2022-04-11 13:46:41,147] {processor.py:171} INFO - Processing /home/airflow/.local/lib/python3.7/site-packages/airflow/example_dags/example_short_circuit_operator.py took 0.218 seconds
[2022-04-11 13:47:12,090] {processor.py:163} INFO - Started process (PID=2496) to work on /home/airflow/.local/lib/python3.7/site-packages/airflow/example_dags/example_short_circuit_operator.py
[2022-04-11 13:47:12,093] {processor.py:642} INFO - Processing file /home/airflow/.local/lib/python3.7/site-packages/airflow/example_dags/example_short_circuit_operator.py for tasks to queue
[2022-04-11 13:47:12,099] {logging_mixin.py:109} INFO - [2022-04-11 13:47:12,099] {dagbag.py:500} INFO - Filling up the DagBag from /home/airflow/.local/lib/python3.7/site-packages/airflow/example_dags/example_short_circuit_operator.py
[2022-04-11 13:47:12,130] {processor.py:652} INFO - DAG(s) dict_keys(['example_short_circuit_operator']) retrieved from /home/airflow/.local/lib/python3.7/site-packages/airflow/example_dags/example_short_circuit_operator.py
[2022-04-11 13:47:12,180] {logging_mixin.py:109} INFO - [2022-04-11 13:47:12,179] {dag.py:2398} INFO - Sync 1 DAGs
[2022-04-11 13:47:12,212] {logging_mixin.py:109} INFO - [2022-04-11 13:47:12,212] {dag.py:2937} INFO - Setting next_dagrun for example_short_circuit_operator to 2022-04-10T13:47:12.211744+00:00
[2022-04-11 13:47:12,234] {processor.py:171} INFO - Processing /home/airflow/.local/lib/python3.7/site-packages/airflow/example_dags/example_short_circuit_operator.py took 0.149 seconds
[2022-04-11 13:47:42,603] {processor.py:163} INFO - Started process (PID=2548) to work on /home/airflow/.local/lib/python3.7/site-packages/airflow/example_dags/example_short_circuit_operator.py
[2022-04-11 13:47:42,604] {processor.py:642} INFO - Processing file /home/airflow/.local/lib/python3.7/site-packages/airflow/example_dags/example_short_circuit_operator.py for tasks to queue
[2022-04-11 13:47:42,605] {logging_mixin.py:109} INFO - [2022-04-11 13:47:42,605] {dagbag.py:500} INFO - Filling up the DagBag from /home/airflow/.local/lib/python3.7/site-packages/airflow/example_dags/example_short_circuit_operator.py
[2022-04-11 13:47:42,623] {processor.py:652} INFO - DAG(s) dict_keys(['example_short_circuit_operator']) retrieved from /home/airflow/.local/lib/python3.7/site-packages/airflow/example_dags/example_short_circuit_operator.py
[2022-04-11 13:47:42,644] {logging_mixin.py:109} INFO - [2022-04-11 13:47:42,644] {dag.py:2398} INFO - Sync 1 DAGs
[2022-04-11 13:47:42,661] {logging_mixin.py:109} INFO - [2022-04-11 13:47:42,661] {dag.py:2937} INFO - Setting next_dagrun for example_short_circuit_operator to 2022-04-10T13:47:42.661140+00:00
[2022-04-11 13:47:42,671] {processor.py:171} INFO - Processing /home/airflow/.local/lib/python3.7/site-packages/airflow/example_dags/example_short_circuit_operator.py took 0.072 seconds
[2022-04-11 13:48:13,288] {processor.py:163} INFO - Started process (PID=2603) to work on /home/airflow/.local/lib/python3.7/site-packages/airflow/example_dags/example_short_circuit_operator.py
[2022-04-11 13:48:13,290] {processor.py:642} INFO - Processing file /home/airflow/.local/lib/python3.7/site-packages/airflow/example_dags/example_short_circuit_operator.py for tasks to queue
[2022-04-11 13:48:13,291] {logging_mixin.py:109} INFO - [2022-04-11 13:48:13,291] {dagbag.py:500} INFO - Filling up the DagBag from /home/airflow/.local/lib/python3.7/site-packages/airflow/example_dags/example_short_circuit_operator.py
[2022-04-11 13:48:13,313] {processor.py:652} INFO - DAG(s) dict_keys(['example_short_circuit_operator']) retrieved from /home/airflow/.local/lib/python3.7/site-packages/airflow/example_dags/example_short_circuit_operator.py
[2022-04-11 13:48:13,342] {logging_mixin.py:109} INFO - [2022-04-11 13:48:13,341] {dag.py:2398} INFO - Sync 1 DAGs
[2022-04-11 13:48:13,366] {logging_mixin.py:109} INFO - [2022-04-11 13:48:13,366] {dag.py:2937} INFO - Setting next_dagrun for example_short_circuit_operator to 2022-04-10T13:48:13.365744+00:00
[2022-04-11 13:48:13,387] {processor.py:171} INFO - Processing /home/airflow/.local/lib/python3.7/site-packages/airflow/example_dags/example_short_circuit_operator.py took 0.103 seconds
[2022-04-11 13:48:44,079] {processor.py:163} INFO - Started process (PID=2664) to work on /home/airflow/.local/lib/python3.7/site-packages/airflow/example_dags/example_short_circuit_operator.py
[2022-04-11 13:48:44,081] {processor.py:642} INFO - Processing file /home/airflow/.local/lib/python3.7/site-packages/airflow/example_dags/example_short_circuit_operator.py for tasks to queue
[2022-04-11 13:48:44,082] {logging_mixin.py:109} INFO - [2022-04-11 13:48:44,082] {dagbag.py:500} INFO - Filling up the DagBag from /home/airflow/.local/lib/python3.7/site-packages/airflow/example_dags/example_short_circuit_operator.py
[2022-04-11 13:48:44,107] {processor.py:652} INFO - DAG(s) dict_keys(['example_short_circuit_operator']) retrieved from /home/airflow/.local/lib/python3.7/site-packages/airflow/example_dags/example_short_circuit_operator.py
[2022-04-11 13:48:44,132] {logging_mixin.py:109} INFO - [2022-04-11 13:48:44,132] {dag.py:2398} INFO - Sync 1 DAGs
[2022-04-11 13:48:44,155] {logging_mixin.py:109} INFO - [2022-04-11 13:48:44,155] {dag.py:2937} INFO - Setting next_dagrun for example_short_circuit_operator to 2022-04-10T13:48:44.155143+00:00
[2022-04-11 13:48:44,168] {processor.py:171} INFO - Processing /home/airflow/.local/lib/python3.7/site-packages/airflow/example_dags/example_short_circuit_operator.py took 0.093 seconds
[2022-04-11 13:49:14,811] {processor.py:163} INFO - Started process (PID=2725) to work on /home/airflow/.local/lib/python3.7/site-packages/airflow/example_dags/example_short_circuit_operator.py
[2022-04-11 13:49:14,813] {processor.py:642} INFO - Processing file /home/airflow/.local/lib/python3.7/site-packages/airflow/example_dags/example_short_circuit_operator.py for tasks to queue
[2022-04-11 13:49:14,815] {logging_mixin.py:109} INFO - [2022-04-11 13:49:14,815] {dagbag.py:500} INFO - Filling up the DagBag from /home/airflow/.local/lib/python3.7/site-packages/airflow/example_dags/example_short_circuit_operator.py
[2022-04-11 13:49:14,839] {processor.py:652} INFO - DAG(s) dict_keys(['example_short_circuit_operator']) retrieved from /home/airflow/.local/lib/python3.7/site-packages/airflow/example_dags/example_short_circuit_operator.py
[2022-04-11 13:49:14,865] {logging_mixin.py:109} INFO - [2022-04-11 13:49:14,865] {dag.py:2398} INFO - Sync 1 DAGs
[2022-04-11 13:49:14,889] {logging_mixin.py:109} INFO - [2022-04-11 13:49:14,888] {dag.py:2937} INFO - Setting next_dagrun for example_short_circuit_operator to 2022-04-10T13:49:14.888545+00:00
[2022-04-11 13:49:14,901] {processor.py:171} INFO - Processing /home/airflow/.local/lib/python3.7/site-packages/airflow/example_dags/example_short_circuit_operator.py took 0.096 seconds
