[2022-04-11 13:27:04,483] {processor.py:163} INFO - Started process (PID=160) to work on /home/airflow/.local/lib/python3.7/site-packages/airflow/example_dags/example_sla_dag.py
[2022-04-11 13:27:04,485] {processor.py:642} INFO - Processing file /home/airflow/.local/lib/python3.7/site-packages/airflow/example_dags/example_sla_dag.py for tasks to queue
[2022-04-11 13:27:04,487] {logging_mixin.py:109} INFO - [2022-04-11 13:27:04,487] {dagbag.py:500} INFO - Filling up the DagBag from /home/airflow/.local/lib/python3.7/site-packages/airflow/example_dags/example_sla_dag.py
[2022-04-11 13:27:04,514] {processor.py:652} INFO - DAG(s) dict_keys(['example_sla_dag']) retrieved from /home/airflow/.local/lib/python3.7/site-packages/airflow/example_dags/example_sla_dag.py
[2022-04-11 13:27:06,384] {logging_mixin.py:109} INFO - [2022-04-11 13:27:06,383] {manager.py:496} INFO - Created Permission View: can read on DAG:example_sla_dag
[2022-04-11 13:27:06,396] {logging_mixin.py:109} INFO - [2022-04-11 13:27:06,396] {manager.py:496} INFO - Created Permission View: can edit on DAG:example_sla_dag
[2022-04-11 13:27:06,397] {logging_mixin.py:109} INFO - [2022-04-11 13:27:06,397] {dag.py:2398} INFO - Sync 1 DAGs
[2022-04-11 13:27:06,406] {logging_mixin.py:109} INFO - [2022-04-11 13:27:06,406] {dag.py:2417} INFO - Creating ORM DAG for example_sla_dag
[2022-04-11 13:27:06,421] {logging_mixin.py:109} INFO - [2022-04-11 13:27:06,420] {dag.py:2937} INFO - Setting next_dagrun for example_sla_dag to 2022-04-11T13:24:00+00:00
[2022-04-11 13:27:06,431] {processor.py:171} INFO - Processing /home/airflow/.local/lib/python3.7/site-packages/airflow/example_dags/example_sla_dag.py took 1.952 seconds
[2022-04-11 13:27:37,195] {processor.py:163} INFO - Started process (PID=307) to work on /home/airflow/.local/lib/python3.7/site-packages/airflow/example_dags/example_sla_dag.py
[2022-04-11 13:27:37,197] {processor.py:642} INFO - Processing file /home/airflow/.local/lib/python3.7/site-packages/airflow/example_dags/example_sla_dag.py for tasks to queue
[2022-04-11 13:27:37,198] {logging_mixin.py:109} INFO - [2022-04-11 13:27:37,198] {dagbag.py:500} INFO - Filling up the DagBag from /home/airflow/.local/lib/python3.7/site-packages/airflow/example_dags/example_sla_dag.py
[2022-04-11 13:27:37,226] {processor.py:652} INFO - DAG(s) dict_keys(['example_sla_dag']) retrieved from /home/airflow/.local/lib/python3.7/site-packages/airflow/example_dags/example_sla_dag.py
[2022-04-11 13:27:37,248] {logging_mixin.py:109} INFO - [2022-04-11 13:27:37,248] {dag.py:2398} INFO - Sync 1 DAGs
[2022-04-11 13:27:37,275] {logging_mixin.py:109} INFO - [2022-04-11 13:27:37,274] {dag.py:2937} INFO - Setting next_dagrun for example_sla_dag to 2022-04-11T13:24:00+00:00
[2022-04-11 13:27:37,286] {processor.py:171} INFO - Processing /home/airflow/.local/lib/python3.7/site-packages/airflow/example_dags/example_sla_dag.py took 0.096 seconds
[2022-04-11 13:28:07,362] {processor.py:163} INFO - Started process (PID=358) to work on /home/airflow/.local/lib/python3.7/site-packages/airflow/example_dags/example_sla_dag.py
[2022-04-11 13:28:07,365] {processor.py:642} INFO - Processing file /home/airflow/.local/lib/python3.7/site-packages/airflow/example_dags/example_sla_dag.py for tasks to queue
[2022-04-11 13:28:07,367] {logging_mixin.py:109} INFO - [2022-04-11 13:28:07,367] {dagbag.py:500} INFO - Filling up the DagBag from /home/airflow/.local/lib/python3.7/site-packages/airflow/example_dags/example_sla_dag.py
[2022-04-11 13:28:07,398] {processor.py:652} INFO - DAG(s) dict_keys(['example_sla_dag']) retrieved from /home/airflow/.local/lib/python3.7/site-packages/airflow/example_dags/example_sla_dag.py
[2022-04-11 13:28:07,426] {logging_mixin.py:109} INFO - [2022-04-11 13:28:07,426] {dag.py:2398} INFO - Sync 1 DAGs
[2022-04-11 13:28:07,457] {logging_mixin.py:109} INFO - [2022-04-11 13:28:07,457] {dag.py:2937} INFO - Setting next_dagrun for example_sla_dag to 2022-04-11T13:26:00+00:00
[2022-04-11 13:28:07,470] {processor.py:171} INFO - Processing /home/airflow/.local/lib/python3.7/site-packages/airflow/example_dags/example_sla_dag.py took 0.113 seconds
[2022-04-11 13:28:37,573] {processor.py:163} INFO - Started process (PID=419) to work on /home/airflow/.local/lib/python3.7/site-packages/airflow/example_dags/example_sla_dag.py
[2022-04-11 13:28:37,576] {processor.py:642} INFO - Processing file /home/airflow/.local/lib/python3.7/site-packages/airflow/example_dags/example_sla_dag.py for tasks to queue
[2022-04-11 13:28:37,577] {logging_mixin.py:109} INFO - [2022-04-11 13:28:37,577] {dagbag.py:500} INFO - Filling up the DagBag from /home/airflow/.local/lib/python3.7/site-packages/airflow/example_dags/example_sla_dag.py
[2022-04-11 13:28:37,607] {processor.py:652} INFO - DAG(s) dict_keys(['example_sla_dag']) retrieved from /home/airflow/.local/lib/python3.7/site-packages/airflow/example_dags/example_sla_dag.py
[2022-04-11 13:28:37,633] {logging_mixin.py:109} INFO - [2022-04-11 13:28:37,633] {dag.py:2398} INFO - Sync 1 DAGs
[2022-04-11 13:28:37,662] {logging_mixin.py:109} INFO - [2022-04-11 13:28:37,662] {dag.py:2937} INFO - Setting next_dagrun for example_sla_dag to 2022-04-11T13:26:00+00:00
[2022-04-11 13:28:37,675] {processor.py:171} INFO - Processing /home/airflow/.local/lib/python3.7/site-packages/airflow/example_dags/example_sla_dag.py took 0.107 seconds
[2022-04-11 13:29:07,809] {processor.py:163} INFO - Started process (PID=471) to work on /home/airflow/.local/lib/python3.7/site-packages/airflow/example_dags/example_sla_dag.py
[2022-04-11 13:29:07,813] {processor.py:642} INFO - Processing file /home/airflow/.local/lib/python3.7/site-packages/airflow/example_dags/example_sla_dag.py for tasks to queue
[2022-04-11 13:29:07,814] {logging_mixin.py:109} INFO - [2022-04-11 13:29:07,814] {dagbag.py:500} INFO - Filling up the DagBag from /home/airflow/.local/lib/python3.7/site-packages/airflow/example_dags/example_sla_dag.py
[2022-04-11 13:29:07,842] {processor.py:652} INFO - DAG(s) dict_keys(['example_sla_dag']) retrieved from /home/airflow/.local/lib/python3.7/site-packages/airflow/example_dags/example_sla_dag.py
[2022-04-11 13:29:07,867] {logging_mixin.py:109} INFO - [2022-04-11 13:29:07,867] {dag.py:2398} INFO - Sync 1 DAGs
[2022-04-11 13:29:07,898] {logging_mixin.py:109} INFO - [2022-04-11 13:29:07,898] {dag.py:2937} INFO - Setting next_dagrun for example_sla_dag to 2022-04-11T13:26:00+00:00
[2022-04-11 13:29:07,909] {processor.py:171} INFO - Processing /home/airflow/.local/lib/python3.7/site-packages/airflow/example_dags/example_sla_dag.py took 0.105 seconds
[2022-04-11 13:29:38,447] {processor.py:163} INFO - Started process (PID=533) to work on /home/airflow/.local/lib/python3.7/site-packages/airflow/example_dags/example_sla_dag.py
[2022-04-11 13:29:38,450] {processor.py:642} INFO - Processing file /home/airflow/.local/lib/python3.7/site-packages/airflow/example_dags/example_sla_dag.py for tasks to queue
[2022-04-11 13:29:38,451] {logging_mixin.py:109} INFO - [2022-04-11 13:29:38,451] {dagbag.py:500} INFO - Filling up the DagBag from /home/airflow/.local/lib/python3.7/site-packages/airflow/example_dags/example_sla_dag.py
[2022-04-11 13:29:38,473] {processor.py:652} INFO - DAG(s) dict_keys(['example_sla_dag']) retrieved from /home/airflow/.local/lib/python3.7/site-packages/airflow/example_dags/example_sla_dag.py
[2022-04-11 13:29:38,497] {logging_mixin.py:109} INFO - [2022-04-11 13:29:38,497] {dag.py:2398} INFO - Sync 1 DAGs
[2022-04-11 13:29:38,521] {logging_mixin.py:109} INFO - [2022-04-11 13:29:38,521] {dag.py:2937} INFO - Setting next_dagrun for example_sla_dag to 2022-04-11T13:26:00+00:00
[2022-04-11 13:29:38,531] {processor.py:171} INFO - Processing /home/airflow/.local/lib/python3.7/site-packages/airflow/example_dags/example_sla_dag.py took 0.088 seconds
[2022-04-11 13:30:08,953] {processor.py:163} INFO - Started process (PID=584) to work on /home/airflow/.local/lib/python3.7/site-packages/airflow/example_dags/example_sla_dag.py
[2022-04-11 13:30:08,955] {processor.py:642} INFO - Processing file /home/airflow/.local/lib/python3.7/site-packages/airflow/example_dags/example_sla_dag.py for tasks to queue
[2022-04-11 13:30:08,956] {logging_mixin.py:109} INFO - [2022-04-11 13:30:08,956] {dagbag.py:500} INFO - Filling up the DagBag from /home/airflow/.local/lib/python3.7/site-packages/airflow/example_dags/example_sla_dag.py
[2022-04-11 13:30:08,981] {processor.py:652} INFO - DAG(s) dict_keys(['example_sla_dag']) retrieved from /home/airflow/.local/lib/python3.7/site-packages/airflow/example_dags/example_sla_dag.py
[2022-04-11 13:30:09,009] {logging_mixin.py:109} INFO - [2022-04-11 13:30:09,009] {dag.py:2398} INFO - Sync 1 DAGs
[2022-04-11 13:30:09,033] {logging_mixin.py:109} INFO - [2022-04-11 13:30:09,033] {dag.py:2937} INFO - Setting next_dagrun for example_sla_dag to 2022-04-11T13:28:00+00:00
[2022-04-11 13:30:09,044] {processor.py:171} INFO - Processing /home/airflow/.local/lib/python3.7/site-packages/airflow/example_dags/example_sla_dag.py took 0.095 seconds
[2022-04-11 13:30:39,544] {processor.py:163} INFO - Started process (PID=644) to work on /home/airflow/.local/lib/python3.7/site-packages/airflow/example_dags/example_sla_dag.py
[2022-04-11 13:30:39,546] {processor.py:642} INFO - Processing file /home/airflow/.local/lib/python3.7/site-packages/airflow/example_dags/example_sla_dag.py for tasks to queue
[2022-04-11 13:30:39,548] {logging_mixin.py:109} INFO - [2022-04-11 13:30:39,548] {dagbag.py:500} INFO - Filling up the DagBag from /home/airflow/.local/lib/python3.7/site-packages/airflow/example_dags/example_sla_dag.py
[2022-04-11 13:30:39,576] {processor.py:652} INFO - DAG(s) dict_keys(['example_sla_dag']) retrieved from /home/airflow/.local/lib/python3.7/site-packages/airflow/example_dags/example_sla_dag.py
[2022-04-11 13:30:39,606] {logging_mixin.py:109} INFO - [2022-04-11 13:30:39,606] {dag.py:2398} INFO - Sync 1 DAGs
[2022-04-11 13:30:39,634] {logging_mixin.py:109} INFO - [2022-04-11 13:30:39,634] {dag.py:2937} INFO - Setting next_dagrun for example_sla_dag to 2022-04-11T13:28:00+00:00
[2022-04-11 13:30:39,646] {processor.py:171} INFO - Processing /home/airflow/.local/lib/python3.7/site-packages/airflow/example_dags/example_sla_dag.py took 0.107 seconds
[2022-04-11 13:31:10,211] {processor.py:163} INFO - Started process (PID=696) to work on /home/airflow/.local/lib/python3.7/site-packages/airflow/example_dags/example_sla_dag.py
[2022-04-11 13:31:10,213] {processor.py:642} INFO - Processing file /home/airflow/.local/lib/python3.7/site-packages/airflow/example_dags/example_sla_dag.py for tasks to queue
[2022-04-11 13:31:10,216] {logging_mixin.py:109} INFO - [2022-04-11 13:31:10,216] {dagbag.py:500} INFO - Filling up the DagBag from /home/airflow/.local/lib/python3.7/site-packages/airflow/example_dags/example_sla_dag.py
[2022-04-11 13:31:10,247] {processor.py:652} INFO - DAG(s) dict_keys(['example_sla_dag']) retrieved from /home/airflow/.local/lib/python3.7/site-packages/airflow/example_dags/example_sla_dag.py
[2022-04-11 13:31:10,283] {logging_mixin.py:109} INFO - [2022-04-11 13:31:10,283] {dag.py:2398} INFO - Sync 1 DAGs
[2022-04-11 13:31:10,319] {logging_mixin.py:109} INFO - [2022-04-11 13:31:10,319] {dag.py:2937} INFO - Setting next_dagrun for example_sla_dag to 2022-04-11T13:28:00+00:00
[2022-04-11 13:31:10,337] {processor.py:171} INFO - Processing /home/airflow/.local/lib/python3.7/site-packages/airflow/example_dags/example_sla_dag.py took 0.134 seconds
[2022-04-11 13:31:40,734] {processor.py:163} INFO - Started process (PID=768) to work on /home/airflow/.local/lib/python3.7/site-packages/airflow/example_dags/example_sla_dag.py
[2022-04-11 13:31:40,736] {processor.py:642} INFO - Processing file /home/airflow/.local/lib/python3.7/site-packages/airflow/example_dags/example_sla_dag.py for tasks to queue
[2022-04-11 13:31:40,737] {logging_mixin.py:109} INFO - [2022-04-11 13:31:40,737] {dagbag.py:500} INFO - Filling up the DagBag from /home/airflow/.local/lib/python3.7/site-packages/airflow/example_dags/example_sla_dag.py
[2022-04-11 13:31:40,758] {processor.py:652} INFO - DAG(s) dict_keys(['example_sla_dag']) retrieved from /home/airflow/.local/lib/python3.7/site-packages/airflow/example_dags/example_sla_dag.py
[2022-04-11 13:31:40,784] {logging_mixin.py:109} INFO - [2022-04-11 13:31:40,784] {dag.py:2398} INFO - Sync 1 DAGs
[2022-04-11 13:31:40,807] {logging_mixin.py:109} INFO - [2022-04-11 13:31:40,807] {dag.py:2937} INFO - Setting next_dagrun for example_sla_dag to 2022-04-11T13:28:00+00:00
[2022-04-11 13:31:40,818] {processor.py:171} INFO - Processing /home/airflow/.local/lib/python3.7/site-packages/airflow/example_dags/example_sla_dag.py took 0.090 seconds
[2022-04-11 13:32:11,766] {processor.py:163} INFO - Started process (PID=820) to work on /home/airflow/.local/lib/python3.7/site-packages/airflow/example_dags/example_sla_dag.py
[2022-04-11 13:32:11,769] {processor.py:642} INFO - Processing file /home/airflow/.local/lib/python3.7/site-packages/airflow/example_dags/example_sla_dag.py for tasks to queue
[2022-04-11 13:32:11,770] {logging_mixin.py:109} INFO - [2022-04-11 13:32:11,770] {dagbag.py:500} INFO - Filling up the DagBag from /home/airflow/.local/lib/python3.7/site-packages/airflow/example_dags/example_sla_dag.py
[2022-04-11 13:32:11,793] {processor.py:652} INFO - DAG(s) dict_keys(['example_sla_dag']) retrieved from /home/airflow/.local/lib/python3.7/site-packages/airflow/example_dags/example_sla_dag.py
[2022-04-11 13:32:11,818] {logging_mixin.py:109} INFO - [2022-04-11 13:32:11,818] {dag.py:2398} INFO - Sync 1 DAGs
[2022-04-11 13:32:11,849] {logging_mixin.py:109} INFO - [2022-04-11 13:32:11,849] {dag.py:2937} INFO - Setting next_dagrun for example_sla_dag to 2022-04-11T13:30:00+00:00
[2022-04-11 13:32:11,868] {processor.py:171} INFO - Processing /home/airflow/.local/lib/python3.7/site-packages/airflow/example_dags/example_sla_dag.py took 0.105 seconds
[2022-04-11 13:32:42,531] {processor.py:163} INFO - Started process (PID=882) to work on /home/airflow/.local/lib/python3.7/site-packages/airflow/example_dags/example_sla_dag.py
[2022-04-11 13:32:42,533] {processor.py:642} INFO - Processing file /home/airflow/.local/lib/python3.7/site-packages/airflow/example_dags/example_sla_dag.py for tasks to queue
[2022-04-11 13:32:42,535] {logging_mixin.py:109} INFO - [2022-04-11 13:32:42,535] {dagbag.py:500} INFO - Filling up the DagBag from /home/airflow/.local/lib/python3.7/site-packages/airflow/example_dags/example_sla_dag.py
[2022-04-11 13:32:42,562] {processor.py:652} INFO - DAG(s) dict_keys(['example_sla_dag']) retrieved from /home/airflow/.local/lib/python3.7/site-packages/airflow/example_dags/example_sla_dag.py
[2022-04-11 13:32:42,598] {logging_mixin.py:109} INFO - [2022-04-11 13:32:42,598] {dag.py:2398} INFO - Sync 1 DAGs
[2022-04-11 13:32:42,631] {logging_mixin.py:109} INFO - [2022-04-11 13:32:42,631] {dag.py:2937} INFO - Setting next_dagrun for example_sla_dag to 2022-04-11T13:30:00+00:00
[2022-04-11 13:32:42,645] {processor.py:171} INFO - Processing /home/airflow/.local/lib/python3.7/site-packages/airflow/example_dags/example_sla_dag.py took 0.119 seconds
[2022-04-11 13:33:13,076] {processor.py:163} INFO - Started process (PID=934) to work on /home/airflow/.local/lib/python3.7/site-packages/airflow/example_dags/example_sla_dag.py
[2022-04-11 13:33:13,078] {processor.py:642} INFO - Processing file /home/airflow/.local/lib/python3.7/site-packages/airflow/example_dags/example_sla_dag.py for tasks to queue
[2022-04-11 13:33:13,079] {logging_mixin.py:109} INFO - [2022-04-11 13:33:13,079] {dagbag.py:500} INFO - Filling up the DagBag from /home/airflow/.local/lib/python3.7/site-packages/airflow/example_dags/example_sla_dag.py
[2022-04-11 13:33:13,102] {processor.py:652} INFO - DAG(s) dict_keys(['example_sla_dag']) retrieved from /home/airflow/.local/lib/python3.7/site-packages/airflow/example_dags/example_sla_dag.py
[2022-04-11 13:33:13,126] {logging_mixin.py:109} INFO - [2022-04-11 13:33:13,126] {dag.py:2398} INFO - Sync 1 DAGs
[2022-04-11 13:33:13,151] {logging_mixin.py:109} INFO - [2022-04-11 13:33:13,150] {dag.py:2937} INFO - Setting next_dagrun for example_sla_dag to 2022-04-11T13:30:00+00:00
[2022-04-11 13:33:13,161] {processor.py:171} INFO - Processing /home/airflow/.local/lib/python3.7/site-packages/airflow/example_dags/example_sla_dag.py took 0.089 seconds
[2022-04-11 13:33:44,070] {processor.py:163} INFO - Started process (PID=994) to work on /home/airflow/.local/lib/python3.7/site-packages/airflow/example_dags/example_sla_dag.py
[2022-04-11 13:33:44,076] {processor.py:642} INFO - Processing file /home/airflow/.local/lib/python3.7/site-packages/airflow/example_dags/example_sla_dag.py for tasks to queue
[2022-04-11 13:33:44,078] {logging_mixin.py:109} INFO - [2022-04-11 13:33:44,078] {dagbag.py:500} INFO - Filling up the DagBag from /home/airflow/.local/lib/python3.7/site-packages/airflow/example_dags/example_sla_dag.py
[2022-04-11 13:33:44,119] {processor.py:652} INFO - DAG(s) dict_keys(['example_sla_dag']) retrieved from /home/airflow/.local/lib/python3.7/site-packages/airflow/example_dags/example_sla_dag.py
[2022-04-11 13:33:44,170] {logging_mixin.py:109} INFO - [2022-04-11 13:33:44,170] {dag.py:2398} INFO - Sync 1 DAGs
[2022-04-11 13:33:44,235] {logging_mixin.py:109} INFO - [2022-04-11 13:33:44,235] {dag.py:2937} INFO - Setting next_dagrun for example_sla_dag to 2022-04-11T13:30:00+00:00
[2022-04-11 13:33:44,271] {processor.py:171} INFO - Processing /home/airflow/.local/lib/python3.7/site-packages/airflow/example_dags/example_sla_dag.py took 0.209 seconds
[2022-04-11 13:34:14,895] {processor.py:163} INFO - Started process (PID=1046) to work on /home/airflow/.local/lib/python3.7/site-packages/airflow/example_dags/example_sla_dag.py
[2022-04-11 13:34:14,897] {processor.py:642} INFO - Processing file /home/airflow/.local/lib/python3.7/site-packages/airflow/example_dags/example_sla_dag.py for tasks to queue
[2022-04-11 13:34:14,899] {logging_mixin.py:109} INFO - [2022-04-11 13:34:14,899] {dagbag.py:500} INFO - Filling up the DagBag from /home/airflow/.local/lib/python3.7/site-packages/airflow/example_dags/example_sla_dag.py
[2022-04-11 13:34:14,923] {processor.py:652} INFO - DAG(s) dict_keys(['example_sla_dag']) retrieved from /home/airflow/.local/lib/python3.7/site-packages/airflow/example_dags/example_sla_dag.py
[2022-04-11 13:34:14,952] {logging_mixin.py:109} INFO - [2022-04-11 13:34:14,952] {dag.py:2398} INFO - Sync 1 DAGs
[2022-04-11 13:34:14,985] {logging_mixin.py:109} INFO - [2022-04-11 13:34:14,985] {dag.py:2937} INFO - Setting next_dagrun for example_sla_dag to 2022-04-11T13:32:00+00:00
[2022-04-11 13:34:15,001] {processor.py:171} INFO - Processing /home/airflow/.local/lib/python3.7/site-packages/airflow/example_dags/example_sla_dag.py took 0.110 seconds
[2022-04-11 13:34:45,488] {processor.py:163} INFO - Started process (PID=1099) to work on /home/airflow/.local/lib/python3.7/site-packages/airflow/example_dags/example_sla_dag.py
[2022-04-11 13:34:45,492] {processor.py:642} INFO - Processing file /home/airflow/.local/lib/python3.7/site-packages/airflow/example_dags/example_sla_dag.py for tasks to queue
[2022-04-11 13:34:45,495] {logging_mixin.py:109} INFO - [2022-04-11 13:34:45,494] {dagbag.py:500} INFO - Filling up the DagBag from /home/airflow/.local/lib/python3.7/site-packages/airflow/example_dags/example_sla_dag.py
[2022-04-11 13:34:45,546] {processor.py:652} INFO - DAG(s) dict_keys(['example_sla_dag']) retrieved from /home/airflow/.local/lib/python3.7/site-packages/airflow/example_dags/example_sla_dag.py
[2022-04-11 13:34:45,608] {logging_mixin.py:109} INFO - [2022-04-11 13:34:45,607] {dag.py:2398} INFO - Sync 1 DAGs
[2022-04-11 13:34:45,673] {logging_mixin.py:109} INFO - [2022-04-11 13:34:45,673] {dag.py:2937} INFO - Setting next_dagrun for example_sla_dag to 2022-04-11T13:32:00+00:00
[2022-04-11 13:34:45,694] {processor.py:171} INFO - Processing /home/airflow/.local/lib/python3.7/site-packages/airflow/example_dags/example_sla_dag.py took 0.215 seconds
[2022-04-11 13:35:16,600] {processor.py:163} INFO - Started process (PID=1160) to work on /home/airflow/.local/lib/python3.7/site-packages/airflow/example_dags/example_sla_dag.py
[2022-04-11 13:35:16,602] {processor.py:642} INFO - Processing file /home/airflow/.local/lib/python3.7/site-packages/airflow/example_dags/example_sla_dag.py for tasks to queue
[2022-04-11 13:35:16,603] {logging_mixin.py:109} INFO - [2022-04-11 13:35:16,603] {dagbag.py:500} INFO - Filling up the DagBag from /home/airflow/.local/lib/python3.7/site-packages/airflow/example_dags/example_sla_dag.py
[2022-04-11 13:35:16,626] {processor.py:652} INFO - DAG(s) dict_keys(['example_sla_dag']) retrieved from /home/airflow/.local/lib/python3.7/site-packages/airflow/example_dags/example_sla_dag.py
[2022-04-11 13:35:16,651] {logging_mixin.py:109} INFO - [2022-04-11 13:35:16,651] {dag.py:2398} INFO - Sync 1 DAGs
[2022-04-11 13:35:16,685] {logging_mixin.py:109} INFO - [2022-04-11 13:35:16,684] {dag.py:2937} INFO - Setting next_dagrun for example_sla_dag to 2022-04-11T13:32:00+00:00
[2022-04-11 13:35:16,700] {processor.py:171} INFO - Processing /home/airflow/.local/lib/python3.7/site-packages/airflow/example_dags/example_sla_dag.py took 0.104 seconds
[2022-04-11 13:35:47,057] {processor.py:163} INFO - Started process (PID=1212) to work on /home/airflow/.local/lib/python3.7/site-packages/airflow/example_dags/example_sla_dag.py
[2022-04-11 13:35:47,059] {processor.py:642} INFO - Processing file /home/airflow/.local/lib/python3.7/site-packages/airflow/example_dags/example_sla_dag.py for tasks to queue
[2022-04-11 13:35:47,061] {logging_mixin.py:109} INFO - [2022-04-11 13:35:47,060] {dagbag.py:500} INFO - Filling up the DagBag from /home/airflow/.local/lib/python3.7/site-packages/airflow/example_dags/example_sla_dag.py
[2022-04-11 13:35:47,087] {processor.py:652} INFO - DAG(s) dict_keys(['example_sla_dag']) retrieved from /home/airflow/.local/lib/python3.7/site-packages/airflow/example_dags/example_sla_dag.py
[2022-04-11 13:35:47,123] {logging_mixin.py:109} INFO - [2022-04-11 13:35:47,122] {dag.py:2398} INFO - Sync 1 DAGs
[2022-04-11 13:35:47,161] {logging_mixin.py:109} INFO - [2022-04-11 13:35:47,161] {dag.py:2937} INFO - Setting next_dagrun for example_sla_dag to 2022-04-11T13:32:00+00:00
[2022-04-11 13:35:47,181] {processor.py:171} INFO - Processing /home/airflow/.local/lib/python3.7/site-packages/airflow/example_dags/example_sla_dag.py took 0.129 seconds
[2022-04-11 13:36:17,453] {processor.py:163} INFO - Started process (PID=1274) to work on /home/airflow/.local/lib/python3.7/site-packages/airflow/example_dags/example_sla_dag.py
[2022-04-11 13:36:17,456] {processor.py:642} INFO - Processing file /home/airflow/.local/lib/python3.7/site-packages/airflow/example_dags/example_sla_dag.py for tasks to queue
[2022-04-11 13:36:17,457] {logging_mixin.py:109} INFO - [2022-04-11 13:36:17,457] {dagbag.py:500} INFO - Filling up the DagBag from /home/airflow/.local/lib/python3.7/site-packages/airflow/example_dags/example_sla_dag.py
[2022-04-11 13:36:17,483] {processor.py:652} INFO - DAG(s) dict_keys(['example_sla_dag']) retrieved from /home/airflow/.local/lib/python3.7/site-packages/airflow/example_dags/example_sla_dag.py
[2022-04-11 13:36:17,510] {logging_mixin.py:109} INFO - [2022-04-11 13:36:17,509] {dag.py:2398} INFO - Sync 1 DAGs
[2022-04-11 13:36:17,545] {logging_mixin.py:109} INFO - [2022-04-11 13:36:17,545] {dag.py:2937} INFO - Setting next_dagrun for example_sla_dag to 2022-04-11T13:34:00+00:00
[2022-04-11 13:36:17,560] {processor.py:171} INFO - Processing /home/airflow/.local/lib/python3.7/site-packages/airflow/example_dags/example_sla_dag.py took 0.112 seconds
[2022-04-11 13:36:47,901] {processor.py:163} INFO - Started process (PID=1331) to work on /home/airflow/.local/lib/python3.7/site-packages/airflow/example_dags/example_sla_dag.py
[2022-04-11 13:36:47,903] {processor.py:642} INFO - Processing file /home/airflow/.local/lib/python3.7/site-packages/airflow/example_dags/example_sla_dag.py for tasks to queue
[2022-04-11 13:36:47,904] {logging_mixin.py:109} INFO - [2022-04-11 13:36:47,904] {dagbag.py:500} INFO - Filling up the DagBag from /home/airflow/.local/lib/python3.7/site-packages/airflow/example_dags/example_sla_dag.py
[2022-04-11 13:36:47,932] {processor.py:652} INFO - DAG(s) dict_keys(['example_sla_dag']) retrieved from /home/airflow/.local/lib/python3.7/site-packages/airflow/example_dags/example_sla_dag.py
[2022-04-11 13:36:47,955] {logging_mixin.py:109} INFO - [2022-04-11 13:36:47,955] {dag.py:2398} INFO - Sync 1 DAGs
[2022-04-11 13:36:47,980] {logging_mixin.py:109} INFO - [2022-04-11 13:36:47,980] {dag.py:2937} INFO - Setting next_dagrun for example_sla_dag to 2022-04-11T13:34:00+00:00
[2022-04-11 13:36:47,992] {processor.py:171} INFO - Processing /home/airflow/.local/lib/python3.7/site-packages/airflow/example_dags/example_sla_dag.py took 0.096 seconds
[2022-04-11 13:37:18,546] {processor.py:163} INFO - Started process (PID=1392) to work on /home/airflow/.local/lib/python3.7/site-packages/airflow/example_dags/example_sla_dag.py
[2022-04-11 13:37:18,548] {processor.py:642} INFO - Processing file /home/airflow/.local/lib/python3.7/site-packages/airflow/example_dags/example_sla_dag.py for tasks to queue
[2022-04-11 13:37:18,549] {logging_mixin.py:109} INFO - [2022-04-11 13:37:18,549] {dagbag.py:500} INFO - Filling up the DagBag from /home/airflow/.local/lib/python3.7/site-packages/airflow/example_dags/example_sla_dag.py
[2022-04-11 13:37:18,574] {processor.py:652} INFO - DAG(s) dict_keys(['example_sla_dag']) retrieved from /home/airflow/.local/lib/python3.7/site-packages/airflow/example_dags/example_sla_dag.py
[2022-04-11 13:37:18,600] {logging_mixin.py:109} INFO - [2022-04-11 13:37:18,600] {dag.py:2398} INFO - Sync 1 DAGs
[2022-04-11 13:37:18,625] {logging_mixin.py:109} INFO - [2022-04-11 13:37:18,625] {dag.py:2937} INFO - Setting next_dagrun for example_sla_dag to 2022-04-11T13:34:00+00:00
[2022-04-11 13:37:18,652] {processor.py:171} INFO - Processing /home/airflow/.local/lib/python3.7/site-packages/airflow/example_dags/example_sla_dag.py took 0.112 seconds
[2022-04-11 13:37:49,505] {processor.py:163} INFO - Started process (PID=1445) to work on /home/airflow/.local/lib/python3.7/site-packages/airflow/example_dags/example_sla_dag.py
[2022-04-11 13:37:49,507] {processor.py:642} INFO - Processing file /home/airflow/.local/lib/python3.7/site-packages/airflow/example_dags/example_sla_dag.py for tasks to queue
[2022-04-11 13:37:49,509] {logging_mixin.py:109} INFO - [2022-04-11 13:37:49,508] {dagbag.py:500} INFO - Filling up the DagBag from /home/airflow/.local/lib/python3.7/site-packages/airflow/example_dags/example_sla_dag.py
[2022-04-11 13:37:49,535] {processor.py:652} INFO - DAG(s) dict_keys(['example_sla_dag']) retrieved from /home/airflow/.local/lib/python3.7/site-packages/airflow/example_dags/example_sla_dag.py
[2022-04-11 13:37:49,559] {logging_mixin.py:109} INFO - [2022-04-11 13:37:49,558] {dag.py:2398} INFO - Sync 1 DAGs
[2022-04-11 13:37:49,584] {logging_mixin.py:109} INFO - [2022-04-11 13:37:49,584] {dag.py:2937} INFO - Setting next_dagrun for example_sla_dag to 2022-04-11T13:34:00+00:00
[2022-04-11 13:37:49,594] {processor.py:171} INFO - Processing /home/airflow/.local/lib/python3.7/site-packages/airflow/example_dags/example_sla_dag.py took 0.093 seconds
[2022-04-11 13:38:20,172] {processor.py:163} INFO - Started process (PID=1507) to work on /home/airflow/.local/lib/python3.7/site-packages/airflow/example_dags/example_sla_dag.py
[2022-04-11 13:38:20,173] {processor.py:642} INFO - Processing file /home/airflow/.local/lib/python3.7/site-packages/airflow/example_dags/example_sla_dag.py for tasks to queue
[2022-04-11 13:38:20,175] {logging_mixin.py:109} INFO - [2022-04-11 13:38:20,175] {dagbag.py:500} INFO - Filling up the DagBag from /home/airflow/.local/lib/python3.7/site-packages/airflow/example_dags/example_sla_dag.py
[2022-04-11 13:38:20,200] {processor.py:652} INFO - DAG(s) dict_keys(['example_sla_dag']) retrieved from /home/airflow/.local/lib/python3.7/site-packages/airflow/example_dags/example_sla_dag.py
[2022-04-11 13:38:20,224] {logging_mixin.py:109} INFO - [2022-04-11 13:38:20,224] {dag.py:2398} INFO - Sync 1 DAGs
[2022-04-11 13:38:20,253] {logging_mixin.py:109} INFO - [2022-04-11 13:38:20,253] {dag.py:2937} INFO - Setting next_dagrun for example_sla_dag to 2022-04-11T13:36:00+00:00
[2022-04-11 13:38:20,265] {processor.py:171} INFO - Processing /home/airflow/.local/lib/python3.7/site-packages/airflow/example_dags/example_sla_dag.py took 0.097 seconds
[2022-04-11 13:38:50,711] {processor.py:163} INFO - Started process (PID=1559) to work on /home/airflow/.local/lib/python3.7/site-packages/airflow/example_dags/example_sla_dag.py
[2022-04-11 13:38:50,713] {processor.py:642} INFO - Processing file /home/airflow/.local/lib/python3.7/site-packages/airflow/example_dags/example_sla_dag.py for tasks to queue
[2022-04-11 13:38:50,714] {logging_mixin.py:109} INFO - [2022-04-11 13:38:50,714] {dagbag.py:500} INFO - Filling up the DagBag from /home/airflow/.local/lib/python3.7/site-packages/airflow/example_dags/example_sla_dag.py
[2022-04-11 13:38:50,743] {processor.py:652} INFO - DAG(s) dict_keys(['example_sla_dag']) retrieved from /home/airflow/.local/lib/python3.7/site-packages/airflow/example_dags/example_sla_dag.py
[2022-04-11 13:38:50,770] {logging_mixin.py:109} INFO - [2022-04-11 13:38:50,770] {dag.py:2398} INFO - Sync 1 DAGs
[2022-04-11 13:38:50,797] {logging_mixin.py:109} INFO - [2022-04-11 13:38:50,797] {dag.py:2937} INFO - Setting next_dagrun for example_sla_dag to 2022-04-11T13:36:00+00:00
[2022-04-11 13:38:50,810] {processor.py:171} INFO - Processing /home/airflow/.local/lib/python3.7/site-packages/airflow/example_dags/example_sla_dag.py took 0.104 seconds
[2022-04-11 13:39:21,932] {processor.py:163} INFO - Started process (PID=1621) to work on /home/airflow/.local/lib/python3.7/site-packages/airflow/example_dags/example_sla_dag.py
[2022-04-11 13:39:21,937] {processor.py:642} INFO - Processing file /home/airflow/.local/lib/python3.7/site-packages/airflow/example_dags/example_sla_dag.py for tasks to queue
[2022-04-11 13:39:21,945] {logging_mixin.py:109} INFO - [2022-04-11 13:39:21,943] {dagbag.py:500} INFO - Filling up the DagBag from /home/airflow/.local/lib/python3.7/site-packages/airflow/example_dags/example_sla_dag.py
[2022-04-11 13:39:22,044] {processor.py:652} INFO - DAG(s) dict_keys(['example_sla_dag']) retrieved from /home/airflow/.local/lib/python3.7/site-packages/airflow/example_dags/example_sla_dag.py
[2022-04-11 13:39:22,101] {logging_mixin.py:109} INFO - [2022-04-11 13:39:22,100] {dag.py:2398} INFO - Sync 1 DAGs
[2022-04-11 13:39:22,135] {logging_mixin.py:109} INFO - [2022-04-11 13:39:22,134] {dag.py:2937} INFO - Setting next_dagrun for example_sla_dag to 2022-04-11T13:36:00+00:00
[2022-04-11 13:39:22,150] {processor.py:171} INFO - Processing /home/airflow/.local/lib/python3.7/site-packages/airflow/example_dags/example_sla_dag.py took 0.226 seconds
[2022-04-11 13:39:52,380] {processor.py:163} INFO - Started process (PID=1672) to work on /home/airflow/.local/lib/python3.7/site-packages/airflow/example_dags/example_sla_dag.py
[2022-04-11 13:39:52,382] {processor.py:642} INFO - Processing file /home/airflow/.local/lib/python3.7/site-packages/airflow/example_dags/example_sla_dag.py for tasks to queue
[2022-04-11 13:39:52,383] {logging_mixin.py:109} INFO - [2022-04-11 13:39:52,383] {dagbag.py:500} INFO - Filling up the DagBag from /home/airflow/.local/lib/python3.7/site-packages/airflow/example_dags/example_sla_dag.py
[2022-04-11 13:39:52,409] {processor.py:652} INFO - DAG(s) dict_keys(['example_sla_dag']) retrieved from /home/airflow/.local/lib/python3.7/site-packages/airflow/example_dags/example_sla_dag.py
[2022-04-11 13:39:52,438] {logging_mixin.py:109} INFO - [2022-04-11 13:39:52,438] {dag.py:2398} INFO - Sync 1 DAGs
[2022-04-11 13:39:52,465] {logging_mixin.py:109} INFO - [2022-04-11 13:39:52,465] {dag.py:2937} INFO - Setting next_dagrun for example_sla_dag to 2022-04-11T13:36:00+00:00
[2022-04-11 13:39:52,477] {processor.py:171} INFO - Processing /home/airflow/.local/lib/python3.7/site-packages/airflow/example_dags/example_sla_dag.py took 0.101 seconds
[2022-04-11 13:40:22,692] {processor.py:163} INFO - Started process (PID=1724) to work on /home/airflow/.local/lib/python3.7/site-packages/airflow/example_dags/example_sla_dag.py
[2022-04-11 13:40:22,694] {processor.py:642} INFO - Processing file /home/airflow/.local/lib/python3.7/site-packages/airflow/example_dags/example_sla_dag.py for tasks to queue
[2022-04-11 13:40:22,695] {logging_mixin.py:109} INFO - [2022-04-11 13:40:22,695] {dagbag.py:500} INFO - Filling up the DagBag from /home/airflow/.local/lib/python3.7/site-packages/airflow/example_dags/example_sla_dag.py
[2022-04-11 13:40:22,720] {processor.py:652} INFO - DAG(s) dict_keys(['example_sla_dag']) retrieved from /home/airflow/.local/lib/python3.7/site-packages/airflow/example_dags/example_sla_dag.py
[2022-04-11 13:40:22,744] {logging_mixin.py:109} INFO - [2022-04-11 13:40:22,744] {dag.py:2398} INFO - Sync 1 DAGs
[2022-04-11 13:40:22,769] {logging_mixin.py:109} INFO - [2022-04-11 13:40:22,769] {dag.py:2937} INFO - Setting next_dagrun for example_sla_dag to 2022-04-11T13:38:00+00:00
[2022-04-11 13:40:22,781] {processor.py:171} INFO - Processing /home/airflow/.local/lib/python3.7/site-packages/airflow/example_dags/example_sla_dag.py took 0.093 seconds
[2022-04-11 13:40:52,993] {processor.py:163} INFO - Started process (PID=1787) to work on /home/airflow/.local/lib/python3.7/site-packages/airflow/example_dags/example_sla_dag.py
[2022-04-11 13:40:52,996] {processor.py:642} INFO - Processing file /home/airflow/.local/lib/python3.7/site-packages/airflow/example_dags/example_sla_dag.py for tasks to queue
[2022-04-11 13:40:52,997] {logging_mixin.py:109} INFO - [2022-04-11 13:40:52,997] {dagbag.py:500} INFO - Filling up the DagBag from /home/airflow/.local/lib/python3.7/site-packages/airflow/example_dags/example_sla_dag.py
[2022-04-11 13:40:53,035] {processor.py:652} INFO - DAG(s) dict_keys(['example_sla_dag']) retrieved from /home/airflow/.local/lib/python3.7/site-packages/airflow/example_dags/example_sla_dag.py
[2022-04-11 13:40:53,076] {logging_mixin.py:109} INFO - [2022-04-11 13:40:53,076] {dag.py:2398} INFO - Sync 1 DAGs
[2022-04-11 13:40:53,107] {logging_mixin.py:109} INFO - [2022-04-11 13:40:53,107] {dag.py:2937} INFO - Setting next_dagrun for example_sla_dag to 2022-04-11T13:38:00+00:00
[2022-04-11 13:40:53,131] {processor.py:171} INFO - Processing /home/airflow/.local/lib/python3.7/site-packages/airflow/example_dags/example_sla_dag.py took 0.142 seconds
[2022-04-11 13:41:23,746] {processor.py:163} INFO - Started process (PID=1840) to work on /home/airflow/.local/lib/python3.7/site-packages/airflow/example_dags/example_sla_dag.py
[2022-04-11 13:41:23,749] {processor.py:642} INFO - Processing file /home/airflow/.local/lib/python3.7/site-packages/airflow/example_dags/example_sla_dag.py for tasks to queue
[2022-04-11 13:41:23,751] {logging_mixin.py:109} INFO - [2022-04-11 13:41:23,750] {dagbag.py:500} INFO - Filling up the DagBag from /home/airflow/.local/lib/python3.7/site-packages/airflow/example_dags/example_sla_dag.py
[2022-04-11 13:41:23,790] {processor.py:652} INFO - DAG(s) dict_keys(['example_sla_dag']) retrieved from /home/airflow/.local/lib/python3.7/site-packages/airflow/example_dags/example_sla_dag.py
[2022-04-11 13:41:23,821] {logging_mixin.py:109} INFO - [2022-04-11 13:41:23,821] {dag.py:2398} INFO - Sync 1 DAGs
[2022-04-11 13:41:23,859] {logging_mixin.py:109} INFO - [2022-04-11 13:41:23,859] {dag.py:2937} INFO - Setting next_dagrun for example_sla_dag to 2022-04-11T13:38:00+00:00
[2022-04-11 13:41:23,872] {processor.py:171} INFO - Processing /home/airflow/.local/lib/python3.7/site-packages/airflow/example_dags/example_sla_dag.py took 0.132 seconds
[2022-04-11 13:41:54,248] {processor.py:163} INFO - Started process (PID=1903) to work on /home/airflow/.local/lib/python3.7/site-packages/airflow/example_dags/example_sla_dag.py
[2022-04-11 13:41:54,250] {processor.py:642} INFO - Processing file /home/airflow/.local/lib/python3.7/site-packages/airflow/example_dags/example_sla_dag.py for tasks to queue
[2022-04-11 13:41:54,252] {logging_mixin.py:109} INFO - [2022-04-11 13:41:54,252] {dagbag.py:500} INFO - Filling up the DagBag from /home/airflow/.local/lib/python3.7/site-packages/airflow/example_dags/example_sla_dag.py
[2022-04-11 13:41:54,279] {processor.py:652} INFO - DAG(s) dict_keys(['example_sla_dag']) retrieved from /home/airflow/.local/lib/python3.7/site-packages/airflow/example_dags/example_sla_dag.py
[2022-04-11 13:41:54,307] {logging_mixin.py:109} INFO - [2022-04-11 13:41:54,307] {dag.py:2398} INFO - Sync 1 DAGs
[2022-04-11 13:41:54,335] {logging_mixin.py:109} INFO - [2022-04-11 13:41:54,335] {dag.py:2937} INFO - Setting next_dagrun for example_sla_dag to 2022-04-11T13:38:00+00:00
[2022-04-11 13:41:54,348] {processor.py:171} INFO - Processing /home/airflow/.local/lib/python3.7/site-packages/airflow/example_dags/example_sla_dag.py took 0.105 seconds
[2022-04-11 13:42:24,424] {processor.py:163} INFO - Started process (PID=1954) to work on /home/airflow/.local/lib/python3.7/site-packages/airflow/example_dags/example_sla_dag.py
[2022-04-11 13:42:24,426] {processor.py:642} INFO - Processing file /home/airflow/.local/lib/python3.7/site-packages/airflow/example_dags/example_sla_dag.py for tasks to queue
[2022-04-11 13:42:24,427] {logging_mixin.py:109} INFO - [2022-04-11 13:42:24,427] {dagbag.py:500} INFO - Filling up the DagBag from /home/airflow/.local/lib/python3.7/site-packages/airflow/example_dags/example_sla_dag.py
[2022-04-11 13:42:24,458] {processor.py:652} INFO - DAG(s) dict_keys(['example_sla_dag']) retrieved from /home/airflow/.local/lib/python3.7/site-packages/airflow/example_dags/example_sla_dag.py
[2022-04-11 13:42:24,489] {logging_mixin.py:109} INFO - [2022-04-11 13:42:24,489] {dag.py:2398} INFO - Sync 1 DAGs
[2022-04-11 13:42:24,526] {logging_mixin.py:109} INFO - [2022-04-11 13:42:24,526] {dag.py:2937} INFO - Setting next_dagrun for example_sla_dag to 2022-04-11T13:40:00+00:00
[2022-04-11 13:42:24,544] {processor.py:171} INFO - Processing /home/airflow/.local/lib/python3.7/site-packages/airflow/example_dags/example_sla_dag.py took 0.125 seconds
[2022-04-11 13:42:55,496] {processor.py:163} INFO - Started process (PID=2017) to work on /home/airflow/.local/lib/python3.7/site-packages/airflow/example_dags/example_sla_dag.py
[2022-04-11 13:42:55,499] {processor.py:642} INFO - Processing file /home/airflow/.local/lib/python3.7/site-packages/airflow/example_dags/example_sla_dag.py for tasks to queue
[2022-04-11 13:42:55,501] {logging_mixin.py:109} INFO - [2022-04-11 13:42:55,501] {dagbag.py:500} INFO - Filling up the DagBag from /home/airflow/.local/lib/python3.7/site-packages/airflow/example_dags/example_sla_dag.py
[2022-04-11 13:42:55,530] {processor.py:652} INFO - DAG(s) dict_keys(['example_sla_dag']) retrieved from /home/airflow/.local/lib/python3.7/site-packages/airflow/example_dags/example_sla_dag.py
[2022-04-11 13:42:55,559] {logging_mixin.py:109} INFO - [2022-04-11 13:42:55,559] {dag.py:2398} INFO - Sync 1 DAGs
[2022-04-11 13:42:55,588] {logging_mixin.py:109} INFO - [2022-04-11 13:42:55,588] {dag.py:2937} INFO - Setting next_dagrun for example_sla_dag to 2022-04-11T13:40:00+00:00
[2022-04-11 13:42:55,601] {processor.py:171} INFO - Processing /home/airflow/.local/lib/python3.7/site-packages/airflow/example_dags/example_sla_dag.py took 0.112 seconds
[2022-04-11 13:43:25,969] {processor.py:163} INFO - Started process (PID=2069) to work on /home/airflow/.local/lib/python3.7/site-packages/airflow/example_dags/example_sla_dag.py
[2022-04-11 13:43:25,970] {processor.py:642} INFO - Processing file /home/airflow/.local/lib/python3.7/site-packages/airflow/example_dags/example_sla_dag.py for tasks to queue
[2022-04-11 13:43:25,971] {logging_mixin.py:109} INFO - [2022-04-11 13:43:25,971] {dagbag.py:500} INFO - Filling up the DagBag from /home/airflow/.local/lib/python3.7/site-packages/airflow/example_dags/example_sla_dag.py
[2022-04-11 13:43:25,993] {processor.py:652} INFO - DAG(s) dict_keys(['example_sla_dag']) retrieved from /home/airflow/.local/lib/python3.7/site-packages/airflow/example_dags/example_sla_dag.py
[2022-04-11 13:43:26,015] {logging_mixin.py:109} INFO - [2022-04-11 13:43:26,015] {dag.py:2398} INFO - Sync 1 DAGs
[2022-04-11 13:43:26,038] {logging_mixin.py:109} INFO - [2022-04-11 13:43:26,038] {dag.py:2937} INFO - Setting next_dagrun for example_sla_dag to 2022-04-11T13:40:00+00:00
[2022-04-11 13:43:26,048] {processor.py:171} INFO - Processing /home/airflow/.local/lib/python3.7/site-packages/airflow/example_dags/example_sla_dag.py took 0.083 seconds
[2022-04-11 13:43:56,493] {processor.py:163} INFO - Started process (PID=2123) to work on /home/airflow/.local/lib/python3.7/site-packages/airflow/example_dags/example_sla_dag.py
[2022-04-11 13:43:56,495] {processor.py:642} INFO - Processing file /home/airflow/.local/lib/python3.7/site-packages/airflow/example_dags/example_sla_dag.py for tasks to queue
[2022-04-11 13:43:56,496] {logging_mixin.py:109} INFO - [2022-04-11 13:43:56,496] {dagbag.py:500} INFO - Filling up the DagBag from /home/airflow/.local/lib/python3.7/site-packages/airflow/example_dags/example_sla_dag.py
[2022-04-11 13:43:56,520] {processor.py:652} INFO - DAG(s) dict_keys(['example_sla_dag']) retrieved from /home/airflow/.local/lib/python3.7/site-packages/airflow/example_dags/example_sla_dag.py
[2022-04-11 13:43:56,570] {logging_mixin.py:109} INFO - [2022-04-11 13:43:56,570] {dag.py:2398} INFO - Sync 1 DAGs
[2022-04-11 13:43:56,601] {logging_mixin.py:109} INFO - [2022-04-11 13:43:56,601] {dag.py:2937} INFO - Setting next_dagrun for example_sla_dag to 2022-04-11T13:40:00+00:00
[2022-04-11 13:43:56,614] {processor.py:171} INFO - Processing /home/airflow/.local/lib/python3.7/site-packages/airflow/example_dags/example_sla_dag.py took 0.126 seconds
[2022-04-11 13:44:27,243] {processor.py:163} INFO - Started process (PID=2185) to work on /home/airflow/.local/lib/python3.7/site-packages/airflow/example_dags/example_sla_dag.py
[2022-04-11 13:44:27,246] {processor.py:642} INFO - Processing file /home/airflow/.local/lib/python3.7/site-packages/airflow/example_dags/example_sla_dag.py for tasks to queue
[2022-04-11 13:44:27,248] {logging_mixin.py:109} INFO - [2022-04-11 13:44:27,248] {dagbag.py:500} INFO - Filling up the DagBag from /home/airflow/.local/lib/python3.7/site-packages/airflow/example_dags/example_sla_dag.py
[2022-04-11 13:44:27,293] {processor.py:652} INFO - DAG(s) dict_keys(['example_sla_dag']) retrieved from /home/airflow/.local/lib/python3.7/site-packages/airflow/example_dags/example_sla_dag.py
[2022-04-11 13:44:27,336] {logging_mixin.py:109} INFO - [2022-04-11 13:44:27,335] {dag.py:2398} INFO - Sync 1 DAGs
[2022-04-11 13:44:27,373] {logging_mixin.py:109} INFO - [2022-04-11 13:44:27,373] {dag.py:2937} INFO - Setting next_dagrun for example_sla_dag to 2022-04-11T13:42:00+00:00
[2022-04-11 13:44:27,394] {processor.py:171} INFO - Processing /home/airflow/.local/lib/python3.7/site-packages/airflow/example_dags/example_sla_dag.py took 0.160 seconds
[2022-04-11 13:44:57,535] {processor.py:163} INFO - Started process (PID=2237) to work on /home/airflow/.local/lib/python3.7/site-packages/airflow/example_dags/example_sla_dag.py
[2022-04-11 13:44:57,538] {processor.py:642} INFO - Processing file /home/airflow/.local/lib/python3.7/site-packages/airflow/example_dags/example_sla_dag.py for tasks to queue
[2022-04-11 13:44:57,539] {logging_mixin.py:109} INFO - [2022-04-11 13:44:57,539] {dagbag.py:500} INFO - Filling up the DagBag from /home/airflow/.local/lib/python3.7/site-packages/airflow/example_dags/example_sla_dag.py
[2022-04-11 13:44:57,563] {processor.py:652} INFO - DAG(s) dict_keys(['example_sla_dag']) retrieved from /home/airflow/.local/lib/python3.7/site-packages/airflow/example_dags/example_sla_dag.py
[2022-04-11 13:44:57,586] {logging_mixin.py:109} INFO - [2022-04-11 13:44:57,586] {dag.py:2398} INFO - Sync 1 DAGs
[2022-04-11 13:44:57,612] {logging_mixin.py:109} INFO - [2022-04-11 13:44:57,612] {dag.py:2937} INFO - Setting next_dagrun for example_sla_dag to 2022-04-11T13:42:00+00:00
[2022-04-11 13:44:57,624] {processor.py:171} INFO - Processing /home/airflow/.local/lib/python3.7/site-packages/airflow/example_dags/example_sla_dag.py took 0.093 seconds
[2022-04-11 13:45:27,761] {processor.py:163} INFO - Started process (PID=2296) to work on /home/airflow/.local/lib/python3.7/site-packages/airflow/example_dags/example_sla_dag.py
[2022-04-11 13:45:27,763] {processor.py:642} INFO - Processing file /home/airflow/.local/lib/python3.7/site-packages/airflow/example_dags/example_sla_dag.py for tasks to queue
[2022-04-11 13:45:27,765] {logging_mixin.py:109} INFO - [2022-04-11 13:45:27,765] {dagbag.py:500} INFO - Filling up the DagBag from /home/airflow/.local/lib/python3.7/site-packages/airflow/example_dags/example_sla_dag.py
[2022-04-11 13:45:27,792] {processor.py:652} INFO - DAG(s) dict_keys(['example_sla_dag']) retrieved from /home/airflow/.local/lib/python3.7/site-packages/airflow/example_dags/example_sla_dag.py
[2022-04-11 13:45:27,816] {logging_mixin.py:109} INFO - [2022-04-11 13:45:27,816] {dag.py:2398} INFO - Sync 1 DAGs
[2022-04-11 13:45:27,842] {logging_mixin.py:109} INFO - [2022-04-11 13:45:27,841] {dag.py:2937} INFO - Setting next_dagrun for example_sla_dag to 2022-04-11T13:42:00+00:00
[2022-04-11 13:45:27,857] {processor.py:171} INFO - Processing /home/airflow/.local/lib/python3.7/site-packages/airflow/example_dags/example_sla_dag.py took 0.100 seconds
[2022-04-11 13:45:57,930] {processor.py:163} INFO - Started process (PID=2347) to work on /home/airflow/.local/lib/python3.7/site-packages/airflow/example_dags/example_sla_dag.py
[2022-04-11 13:45:57,932] {processor.py:642} INFO - Processing file /home/airflow/.local/lib/python3.7/site-packages/airflow/example_dags/example_sla_dag.py for tasks to queue
[2022-04-11 13:45:57,933] {logging_mixin.py:109} INFO - [2022-04-11 13:45:57,933] {dagbag.py:500} INFO - Filling up the DagBag from /home/airflow/.local/lib/python3.7/site-packages/airflow/example_dags/example_sla_dag.py
[2022-04-11 13:45:57,964] {processor.py:652} INFO - DAG(s) dict_keys(['example_sla_dag']) retrieved from /home/airflow/.local/lib/python3.7/site-packages/airflow/example_dags/example_sla_dag.py
[2022-04-11 13:45:57,999] {logging_mixin.py:109} INFO - [2022-04-11 13:45:57,999] {dag.py:2398} INFO - Sync 1 DAGs
[2022-04-11 13:45:58,069] {logging_mixin.py:109} INFO - [2022-04-11 13:45:58,069] {dag.py:2937} INFO - Setting next_dagrun for example_sla_dag to 2022-04-11T13:42:00+00:00
[2022-04-11 13:45:58,106] {processor.py:171} INFO - Processing /home/airflow/.local/lib/python3.7/site-packages/airflow/example_dags/example_sla_dag.py took 0.181 seconds
[2022-04-11 13:46:28,779] {processor.py:163} INFO - Started process (PID=2400) to work on /home/airflow/.local/lib/python3.7/site-packages/airflow/example_dags/example_sla_dag.py
[2022-04-11 13:46:28,781] {processor.py:642} INFO - Processing file /home/airflow/.local/lib/python3.7/site-packages/airflow/example_dags/example_sla_dag.py for tasks to queue
[2022-04-11 13:46:28,783] {logging_mixin.py:109} INFO - [2022-04-11 13:46:28,783] {dagbag.py:500} INFO - Filling up the DagBag from /home/airflow/.local/lib/python3.7/site-packages/airflow/example_dags/example_sla_dag.py
[2022-04-11 13:46:28,813] {processor.py:652} INFO - DAG(s) dict_keys(['example_sla_dag']) retrieved from /home/airflow/.local/lib/python3.7/site-packages/airflow/example_dags/example_sla_dag.py
[2022-04-11 13:46:28,846] {logging_mixin.py:109} INFO - [2022-04-11 13:46:28,846] {dag.py:2398} INFO - Sync 1 DAGs
[2022-04-11 13:46:28,889] {logging_mixin.py:109} INFO - [2022-04-11 13:46:28,888] {dag.py:2937} INFO - Setting next_dagrun for example_sla_dag to 2022-04-11T13:44:00+00:00
[2022-04-11 13:46:28,913] {processor.py:171} INFO - Processing /home/airflow/.local/lib/python3.7/site-packages/airflow/example_dags/example_sla_dag.py took 0.139 seconds
[2022-04-11 13:46:59,863] {processor.py:163} INFO - Started process (PID=2463) to work on /home/airflow/.local/lib/python3.7/site-packages/airflow/example_dags/example_sla_dag.py
[2022-04-11 13:46:59,865] {processor.py:642} INFO - Processing file /home/airflow/.local/lib/python3.7/site-packages/airflow/example_dags/example_sla_dag.py for tasks to queue
[2022-04-11 13:46:59,866] {logging_mixin.py:109} INFO - [2022-04-11 13:46:59,866] {dagbag.py:500} INFO - Filling up the DagBag from /home/airflow/.local/lib/python3.7/site-packages/airflow/example_dags/example_sla_dag.py
[2022-04-11 13:46:59,902] {processor.py:652} INFO - DAG(s) dict_keys(['example_sla_dag']) retrieved from /home/airflow/.local/lib/python3.7/site-packages/airflow/example_dags/example_sla_dag.py
[2022-04-11 13:46:59,929] {logging_mixin.py:109} INFO - [2022-04-11 13:46:59,929] {dag.py:2398} INFO - Sync 1 DAGs
[2022-04-11 13:46:59,956] {logging_mixin.py:109} INFO - [2022-04-11 13:46:59,956] {dag.py:2937} INFO - Setting next_dagrun for example_sla_dag to 2022-04-11T13:44:00+00:00
[2022-04-11 13:46:59,980] {processor.py:171} INFO - Processing /home/airflow/.local/lib/python3.7/site-packages/airflow/example_dags/example_sla_dag.py took 0.121 seconds
[2022-04-11 13:47:30,282] {processor.py:163} INFO - Started process (PID=2515) to work on /home/airflow/.local/lib/python3.7/site-packages/airflow/example_dags/example_sla_dag.py
[2022-04-11 13:47:30,283] {processor.py:642} INFO - Processing file /home/airflow/.local/lib/python3.7/site-packages/airflow/example_dags/example_sla_dag.py for tasks to queue
[2022-04-11 13:47:30,285] {logging_mixin.py:109} INFO - [2022-04-11 13:47:30,285] {dagbag.py:500} INFO - Filling up the DagBag from /home/airflow/.local/lib/python3.7/site-packages/airflow/example_dags/example_sla_dag.py
[2022-04-11 13:47:30,313] {processor.py:652} INFO - DAG(s) dict_keys(['example_sla_dag']) retrieved from /home/airflow/.local/lib/python3.7/site-packages/airflow/example_dags/example_sla_dag.py
[2022-04-11 13:47:30,337] {logging_mixin.py:109} INFO - [2022-04-11 13:47:30,337] {dag.py:2398} INFO - Sync 1 DAGs
[2022-04-11 13:47:30,364] {logging_mixin.py:109} INFO - [2022-04-11 13:47:30,364] {dag.py:2937} INFO - Setting next_dagrun for example_sla_dag to 2022-04-11T13:44:00+00:00
[2022-04-11 13:47:30,376] {processor.py:171} INFO - Processing /home/airflow/.local/lib/python3.7/site-packages/airflow/example_dags/example_sla_dag.py took 0.099 seconds
[2022-04-11 13:48:00,505] {processor.py:163} INFO - Started process (PID=2568) to work on /home/airflow/.local/lib/python3.7/site-packages/airflow/example_dags/example_sla_dag.py
[2022-04-11 13:48:00,507] {processor.py:642} INFO - Processing file /home/airflow/.local/lib/python3.7/site-packages/airflow/example_dags/example_sla_dag.py for tasks to queue
[2022-04-11 13:48:00,508] {logging_mixin.py:109} INFO - [2022-04-11 13:48:00,508] {dagbag.py:500} INFO - Filling up the DagBag from /home/airflow/.local/lib/python3.7/site-packages/airflow/example_dags/example_sla_dag.py
[2022-04-11 13:48:00,529] {processor.py:652} INFO - DAG(s) dict_keys(['example_sla_dag']) retrieved from /home/airflow/.local/lib/python3.7/site-packages/airflow/example_dags/example_sla_dag.py
[2022-04-11 13:48:00,551] {logging_mixin.py:109} INFO - [2022-04-11 13:48:00,551] {dag.py:2398} INFO - Sync 1 DAGs
[2022-04-11 13:48:00,572] {logging_mixin.py:109} INFO - [2022-04-11 13:48:00,572] {dag.py:2937} INFO - Setting next_dagrun for example_sla_dag to 2022-04-11T13:46:00+00:00
[2022-04-11 13:48:00,582] {processor.py:171} INFO - Processing /home/airflow/.local/lib/python3.7/site-packages/airflow/example_dags/example_sla_dag.py took 0.080 seconds
[2022-04-11 13:48:31,151] {processor.py:163} INFO - Started process (PID=2630) to work on /home/airflow/.local/lib/python3.7/site-packages/airflow/example_dags/example_sla_dag.py
[2022-04-11 13:48:31,153] {processor.py:642} INFO - Processing file /home/airflow/.local/lib/python3.7/site-packages/airflow/example_dags/example_sla_dag.py for tasks to queue
[2022-04-11 13:48:31,154] {logging_mixin.py:109} INFO - [2022-04-11 13:48:31,154] {dagbag.py:500} INFO - Filling up the DagBag from /home/airflow/.local/lib/python3.7/site-packages/airflow/example_dags/example_sla_dag.py
[2022-04-11 13:48:31,179] {processor.py:652} INFO - DAG(s) dict_keys(['example_sla_dag']) retrieved from /home/airflow/.local/lib/python3.7/site-packages/airflow/example_dags/example_sla_dag.py
[2022-04-11 13:48:31,204] {logging_mixin.py:109} INFO - [2022-04-11 13:48:31,204] {dag.py:2398} INFO - Sync 1 DAGs
[2022-04-11 13:48:31,235] {logging_mixin.py:109} INFO - [2022-04-11 13:48:31,235] {dag.py:2937} INFO - Setting next_dagrun for example_sla_dag to 2022-04-11T13:46:00+00:00
[2022-04-11 13:48:31,250] {processor.py:171} INFO - Processing /home/airflow/.local/lib/python3.7/site-packages/airflow/example_dags/example_sla_dag.py took 0.104 seconds
[2022-04-11 13:49:01,857] {processor.py:163} INFO - Started process (PID=2691) to work on /home/airflow/.local/lib/python3.7/site-packages/airflow/example_dags/example_sla_dag.py
[2022-04-11 13:49:01,859] {processor.py:642} INFO - Processing file /home/airflow/.local/lib/python3.7/site-packages/airflow/example_dags/example_sla_dag.py for tasks to queue
[2022-04-11 13:49:01,861] {logging_mixin.py:109} INFO - [2022-04-11 13:49:01,861] {dagbag.py:500} INFO - Filling up the DagBag from /home/airflow/.local/lib/python3.7/site-packages/airflow/example_dags/example_sla_dag.py
[2022-04-11 13:49:01,892] {processor.py:652} INFO - DAG(s) dict_keys(['example_sla_dag']) retrieved from /home/airflow/.local/lib/python3.7/site-packages/airflow/example_dags/example_sla_dag.py
[2022-04-11 13:49:01,920] {logging_mixin.py:109} INFO - [2022-04-11 13:49:01,920] {dag.py:2398} INFO - Sync 1 DAGs
[2022-04-11 13:49:01,952] {logging_mixin.py:109} INFO - [2022-04-11 13:49:01,952] {dag.py:2937} INFO - Setting next_dagrun for example_sla_dag to 2022-04-11T13:46:00+00:00
[2022-04-11 13:49:01,965] {processor.py:171} INFO - Processing /home/airflow/.local/lib/python3.7/site-packages/airflow/example_dags/example_sla_dag.py took 0.115 seconds
