[2022-04-11 13:27:04,809] {processor.py:163} INFO - Started process (PID=161) to work on /home/airflow/.local/lib/python3.7/site-packages/airflow/example_dags/example_trigger_target_dag.py
[2022-04-11 13:27:04,811] {processor.py:642} INFO - Processing file /home/airflow/.local/lib/python3.7/site-packages/airflow/example_dags/example_trigger_target_dag.py for tasks to queue
[2022-04-11 13:27:04,813] {logging_mixin.py:109} INFO - [2022-04-11 13:27:04,813] {dagbag.py:500} INFO - Filling up the DagBag from /home/airflow/.local/lib/python3.7/site-packages/airflow/example_dags/example_trigger_target_dag.py
[2022-04-11 13:27:04,844] {processor.py:652} INFO - DAG(s) dict_keys(['example_trigger_target_dag']) retrieved from /home/airflow/.local/lib/python3.7/site-packages/airflow/example_dags/example_trigger_target_dag.py
[2022-04-11 13:27:06,722] {logging_mixin.py:109} INFO - [2022-04-11 13:27:06,722] {manager.py:496} INFO - Created Permission View: can read on DAG:example_trigger_target_dag
[2022-04-11 13:27:06,731] {logging_mixin.py:109} INFO - [2022-04-11 13:27:06,731] {manager.py:496} INFO - Created Permission View: can edit on DAG:example_trigger_target_dag
[2022-04-11 13:27:06,732] {logging_mixin.py:109} INFO - [2022-04-11 13:27:06,732] {dag.py:2398} INFO - Sync 1 DAGs
[2022-04-11 13:27:06,747] {logging_mixin.py:109} INFO - [2022-04-11 13:27:06,746] {dag.py:2417} INFO - Creating ORM DAG for example_trigger_target_dag
[2022-04-11 13:27:06,757] {logging_mixin.py:109} INFO - [2022-04-11 13:27:06,757] {dag.py:2937} INFO - Setting next_dagrun for example_trigger_target_dag to None
[2022-04-11 13:27:06,770] {processor.py:171} INFO - Processing /home/airflow/.local/lib/python3.7/site-packages/airflow/example_dags/example_trigger_target_dag.py took 1.966 seconds
[2022-04-11 13:27:37,200] {processor.py:163} INFO - Started process (PID=308) to work on /home/airflow/.local/lib/python3.7/site-packages/airflow/example_dags/example_trigger_target_dag.py
[2022-04-11 13:27:37,202] {processor.py:642} INFO - Processing file /home/airflow/.local/lib/python3.7/site-packages/airflow/example_dags/example_trigger_target_dag.py for tasks to queue
[2022-04-11 13:27:37,203] {logging_mixin.py:109} INFO - [2022-04-11 13:27:37,203] {dagbag.py:500} INFO - Filling up the DagBag from /home/airflow/.local/lib/python3.7/site-packages/airflow/example_dags/example_trigger_target_dag.py
[2022-04-11 13:27:37,229] {processor.py:652} INFO - DAG(s) dict_keys(['example_trigger_target_dag']) retrieved from /home/airflow/.local/lib/python3.7/site-packages/airflow/example_dags/example_trigger_target_dag.py
[2022-04-11 13:27:37,254] {logging_mixin.py:109} INFO - [2022-04-11 13:27:37,254] {dag.py:2398} INFO - Sync 1 DAGs
[2022-04-11 13:27:37,276] {logging_mixin.py:109} INFO - [2022-04-11 13:27:37,276] {dag.py:2937} INFO - Setting next_dagrun for example_trigger_target_dag to None
[2022-04-11 13:27:37,287] {processor.py:171} INFO - Processing /home/airflow/.local/lib/python3.7/site-packages/airflow/example_dags/example_trigger_target_dag.py took 0.091 seconds
[2022-04-11 13:28:07,366] {processor.py:163} INFO - Started process (PID=359) to work on /home/airflow/.local/lib/python3.7/site-packages/airflow/example_dags/example_trigger_target_dag.py
[2022-04-11 13:28:07,368] {processor.py:642} INFO - Processing file /home/airflow/.local/lib/python3.7/site-packages/airflow/example_dags/example_trigger_target_dag.py for tasks to queue
[2022-04-11 13:28:07,370] {logging_mixin.py:109} INFO - [2022-04-11 13:28:07,369] {dagbag.py:500} INFO - Filling up the DagBag from /home/airflow/.local/lib/python3.7/site-packages/airflow/example_dags/example_trigger_target_dag.py
[2022-04-11 13:28:07,401] {processor.py:652} INFO - DAG(s) dict_keys(['example_trigger_target_dag']) retrieved from /home/airflow/.local/lib/python3.7/site-packages/airflow/example_dags/example_trigger_target_dag.py
[2022-04-11 13:28:07,428] {logging_mixin.py:109} INFO - [2022-04-11 13:28:07,428] {dag.py:2398} INFO - Sync 1 DAGs
[2022-04-11 13:28:07,450] {logging_mixin.py:109} INFO - [2022-04-11 13:28:07,450] {dag.py:2937} INFO - Setting next_dagrun for example_trigger_target_dag to None
[2022-04-11 13:28:07,465] {processor.py:171} INFO - Processing /home/airflow/.local/lib/python3.7/site-packages/airflow/example_dags/example_trigger_target_dag.py took 0.104 seconds
[2022-04-11 13:28:37,576] {processor.py:163} INFO - Started process (PID=420) to work on /home/airflow/.local/lib/python3.7/site-packages/airflow/example_dags/example_trigger_target_dag.py
[2022-04-11 13:28:37,578] {processor.py:642} INFO - Processing file /home/airflow/.local/lib/python3.7/site-packages/airflow/example_dags/example_trigger_target_dag.py for tasks to queue
[2022-04-11 13:28:37,580] {logging_mixin.py:109} INFO - [2022-04-11 13:28:37,580] {dagbag.py:500} INFO - Filling up the DagBag from /home/airflow/.local/lib/python3.7/site-packages/airflow/example_dags/example_trigger_target_dag.py
[2022-04-11 13:28:37,608] {processor.py:652} INFO - DAG(s) dict_keys(['example_trigger_target_dag']) retrieved from /home/airflow/.local/lib/python3.7/site-packages/airflow/example_dags/example_trigger_target_dag.py
[2022-04-11 13:28:37,634] {logging_mixin.py:109} INFO - [2022-04-11 13:28:37,634] {dag.py:2398} INFO - Sync 1 DAGs
[2022-04-11 13:28:37,658] {logging_mixin.py:109} INFO - [2022-04-11 13:28:37,658] {dag.py:2937} INFO - Setting next_dagrun for example_trigger_target_dag to None
[2022-04-11 13:28:37,668] {processor.py:171} INFO - Processing /home/airflow/.local/lib/python3.7/site-packages/airflow/example_dags/example_trigger_target_dag.py took 0.098 seconds
[2022-04-11 13:29:07,817] {processor.py:163} INFO - Started process (PID=472) to work on /home/airflow/.local/lib/python3.7/site-packages/airflow/example_dags/example_trigger_target_dag.py
[2022-04-11 13:29:07,819] {processor.py:642} INFO - Processing file /home/airflow/.local/lib/python3.7/site-packages/airflow/example_dags/example_trigger_target_dag.py for tasks to queue
[2022-04-11 13:29:07,821] {logging_mixin.py:109} INFO - [2022-04-11 13:29:07,821] {dagbag.py:500} INFO - Filling up the DagBag from /home/airflow/.local/lib/python3.7/site-packages/airflow/example_dags/example_trigger_target_dag.py
[2022-04-11 13:29:07,852] {processor.py:652} INFO - DAG(s) dict_keys(['example_trigger_target_dag']) retrieved from /home/airflow/.local/lib/python3.7/site-packages/airflow/example_dags/example_trigger_target_dag.py
[2022-04-11 13:29:07,882] {logging_mixin.py:109} INFO - [2022-04-11 13:29:07,882] {dag.py:2398} INFO - Sync 1 DAGs
[2022-04-11 13:29:07,915] {logging_mixin.py:109} INFO - [2022-04-11 13:29:07,915] {dag.py:2937} INFO - Setting next_dagrun for example_trigger_target_dag to None
[2022-04-11 13:29:07,936] {processor.py:171} INFO - Processing /home/airflow/.local/lib/python3.7/site-packages/airflow/example_dags/example_trigger_target_dag.py took 0.125 seconds
[2022-04-11 13:29:38,451] {processor.py:163} INFO - Started process (PID=534) to work on /home/airflow/.local/lib/python3.7/site-packages/airflow/example_dags/example_trigger_target_dag.py
[2022-04-11 13:29:38,453] {processor.py:642} INFO - Processing file /home/airflow/.local/lib/python3.7/site-packages/airflow/example_dags/example_trigger_target_dag.py for tasks to queue
[2022-04-11 13:29:38,455] {logging_mixin.py:109} INFO - [2022-04-11 13:29:38,455] {dagbag.py:500} INFO - Filling up the DagBag from /home/airflow/.local/lib/python3.7/site-packages/airflow/example_dags/example_trigger_target_dag.py
[2022-04-11 13:29:38,476] {processor.py:652} INFO - DAG(s) dict_keys(['example_trigger_target_dag']) retrieved from /home/airflow/.local/lib/python3.7/site-packages/airflow/example_dags/example_trigger_target_dag.py
[2022-04-11 13:29:38,500] {logging_mixin.py:109} INFO - [2022-04-11 13:29:38,499] {dag.py:2398} INFO - Sync 1 DAGs
[2022-04-11 13:29:38,518] {logging_mixin.py:109} INFO - [2022-04-11 13:29:38,518] {dag.py:2937} INFO - Setting next_dagrun for example_trigger_target_dag to None
[2022-04-11 13:29:38,529] {processor.py:171} INFO - Processing /home/airflow/.local/lib/python3.7/site-packages/airflow/example_dags/example_trigger_target_dag.py took 0.082 seconds
[2022-04-11 13:30:08,956] {processor.py:163} INFO - Started process (PID=585) to work on /home/airflow/.local/lib/python3.7/site-packages/airflow/example_dags/example_trigger_target_dag.py
[2022-04-11 13:30:08,958] {processor.py:642} INFO - Processing file /home/airflow/.local/lib/python3.7/site-packages/airflow/example_dags/example_trigger_target_dag.py for tasks to queue
[2022-04-11 13:30:08,959] {logging_mixin.py:109} INFO - [2022-04-11 13:30:08,959] {dagbag.py:500} INFO - Filling up the DagBag from /home/airflow/.local/lib/python3.7/site-packages/airflow/example_dags/example_trigger_target_dag.py
[2022-04-11 13:30:08,982] {processor.py:652} INFO - DAG(s) dict_keys(['example_trigger_target_dag']) retrieved from /home/airflow/.local/lib/python3.7/site-packages/airflow/example_dags/example_trigger_target_dag.py
[2022-04-11 13:30:09,009] {logging_mixin.py:109} INFO - [2022-04-11 13:30:09,009] {dag.py:2398} INFO - Sync 1 DAGs
[2022-04-11 13:30:09,028] {logging_mixin.py:109} INFO - [2022-04-11 13:30:09,028] {dag.py:2937} INFO - Setting next_dagrun for example_trigger_target_dag to None
[2022-04-11 13:30:09,044] {processor.py:171} INFO - Processing /home/airflow/.local/lib/python3.7/site-packages/airflow/example_dags/example_trigger_target_dag.py took 0.091 seconds
[2022-04-11 13:30:39,547] {processor.py:163} INFO - Started process (PID=645) to work on /home/airflow/.local/lib/python3.7/site-packages/airflow/example_dags/example_trigger_target_dag.py
[2022-04-11 13:30:39,549] {processor.py:642} INFO - Processing file /home/airflow/.local/lib/python3.7/site-packages/airflow/example_dags/example_trigger_target_dag.py for tasks to queue
[2022-04-11 13:30:39,550] {logging_mixin.py:109} INFO - [2022-04-11 13:30:39,550] {dagbag.py:500} INFO - Filling up the DagBag from /home/airflow/.local/lib/python3.7/site-packages/airflow/example_dags/example_trigger_target_dag.py
[2022-04-11 13:30:39,572] {processor.py:652} INFO - DAG(s) dict_keys(['example_trigger_target_dag']) retrieved from /home/airflow/.local/lib/python3.7/site-packages/airflow/example_dags/example_trigger_target_dag.py
[2022-04-11 13:30:39,603] {logging_mixin.py:109} INFO - [2022-04-11 13:30:39,603] {dag.py:2398} INFO - Sync 1 DAGs
[2022-04-11 13:30:39,625] {logging_mixin.py:109} INFO - [2022-04-11 13:30:39,625] {dag.py:2937} INFO - Setting next_dagrun for example_trigger_target_dag to None
[2022-04-11 13:30:39,636] {processor.py:171} INFO - Processing /home/airflow/.local/lib/python3.7/site-packages/airflow/example_dags/example_trigger_target_dag.py took 0.094 seconds
[2022-04-11 13:31:10,221] {processor.py:163} INFO - Started process (PID=697) to work on /home/airflow/.local/lib/python3.7/site-packages/airflow/example_dags/example_trigger_target_dag.py
[2022-04-11 13:31:10,223] {processor.py:642} INFO - Processing file /home/airflow/.local/lib/python3.7/site-packages/airflow/example_dags/example_trigger_target_dag.py for tasks to queue
[2022-04-11 13:31:10,225] {logging_mixin.py:109} INFO - [2022-04-11 13:31:10,225] {dagbag.py:500} INFO - Filling up the DagBag from /home/airflow/.local/lib/python3.7/site-packages/airflow/example_dags/example_trigger_target_dag.py
[2022-04-11 13:31:10,258] {processor.py:652} INFO - DAG(s) dict_keys(['example_trigger_target_dag']) retrieved from /home/airflow/.local/lib/python3.7/site-packages/airflow/example_dags/example_trigger_target_dag.py
[2022-04-11 13:31:10,318] {logging_mixin.py:109} INFO - [2022-04-11 13:31:10,318] {dag.py:2398} INFO - Sync 1 DAGs
[2022-04-11 13:31:10,349] {logging_mixin.py:109} INFO - [2022-04-11 13:31:10,349] {dag.py:2937} INFO - Setting next_dagrun for example_trigger_target_dag to None
[2022-04-11 13:31:10,369] {processor.py:171} INFO - Processing /home/airflow/.local/lib/python3.7/site-packages/airflow/example_dags/example_trigger_target_dag.py took 0.158 seconds
[2022-04-11 13:31:40,736] {processor.py:163} INFO - Started process (PID=769) to work on /home/airflow/.local/lib/python3.7/site-packages/airflow/example_dags/example_trigger_target_dag.py
[2022-04-11 13:31:40,738] {processor.py:642} INFO - Processing file /home/airflow/.local/lib/python3.7/site-packages/airflow/example_dags/example_trigger_target_dag.py for tasks to queue
[2022-04-11 13:31:40,739] {logging_mixin.py:109} INFO - [2022-04-11 13:31:40,739] {dagbag.py:500} INFO - Filling up the DagBag from /home/airflow/.local/lib/python3.7/site-packages/airflow/example_dags/example_trigger_target_dag.py
[2022-04-11 13:31:40,761] {processor.py:652} INFO - DAG(s) dict_keys(['example_trigger_target_dag']) retrieved from /home/airflow/.local/lib/python3.7/site-packages/airflow/example_dags/example_trigger_target_dag.py
[2022-04-11 13:31:40,785] {logging_mixin.py:109} INFO - [2022-04-11 13:31:40,785] {dag.py:2398} INFO - Sync 1 DAGs
[2022-04-11 13:31:40,803] {logging_mixin.py:109} INFO - [2022-04-11 13:31:40,803] {dag.py:2937} INFO - Setting next_dagrun for example_trigger_target_dag to None
[2022-04-11 13:31:40,814] {processor.py:171} INFO - Processing /home/airflow/.local/lib/python3.7/site-packages/airflow/example_dags/example_trigger_target_dag.py took 0.083 seconds
[2022-04-11 13:32:11,772] {processor.py:163} INFO - Started process (PID=821) to work on /home/airflow/.local/lib/python3.7/site-packages/airflow/example_dags/example_trigger_target_dag.py
[2022-04-11 13:32:11,774] {processor.py:642} INFO - Processing file /home/airflow/.local/lib/python3.7/site-packages/airflow/example_dags/example_trigger_target_dag.py for tasks to queue
[2022-04-11 13:32:11,775] {logging_mixin.py:109} INFO - [2022-04-11 13:32:11,775] {dagbag.py:500} INFO - Filling up the DagBag from /home/airflow/.local/lib/python3.7/site-packages/airflow/example_dags/example_trigger_target_dag.py
[2022-04-11 13:32:11,798] {processor.py:652} INFO - DAG(s) dict_keys(['example_trigger_target_dag']) retrieved from /home/airflow/.local/lib/python3.7/site-packages/airflow/example_dags/example_trigger_target_dag.py
[2022-04-11 13:32:11,823] {logging_mixin.py:109} INFO - [2022-04-11 13:32:11,823] {dag.py:2398} INFO - Sync 1 DAGs
[2022-04-11 13:32:11,850] {logging_mixin.py:109} INFO - [2022-04-11 13:32:11,850] {dag.py:2937} INFO - Setting next_dagrun for example_trigger_target_dag to None
[2022-04-11 13:32:11,868] {processor.py:171} INFO - Processing /home/airflow/.local/lib/python3.7/site-packages/airflow/example_dags/example_trigger_target_dag.py took 0.099 seconds
[2022-04-11 13:32:42,537] {processor.py:163} INFO - Started process (PID=883) to work on /home/airflow/.local/lib/python3.7/site-packages/airflow/example_dags/example_trigger_target_dag.py
[2022-04-11 13:32:42,539] {processor.py:642} INFO - Processing file /home/airflow/.local/lib/python3.7/site-packages/airflow/example_dags/example_trigger_target_dag.py for tasks to queue
[2022-04-11 13:32:42,540] {logging_mixin.py:109} INFO - [2022-04-11 13:32:42,540] {dagbag.py:500} INFO - Filling up the DagBag from /home/airflow/.local/lib/python3.7/site-packages/airflow/example_dags/example_trigger_target_dag.py
[2022-04-11 13:32:42,566] {processor.py:652} INFO - DAG(s) dict_keys(['example_trigger_target_dag']) retrieved from /home/airflow/.local/lib/python3.7/site-packages/airflow/example_dags/example_trigger_target_dag.py
[2022-04-11 13:32:42,601] {logging_mixin.py:109} INFO - [2022-04-11 13:32:42,601] {dag.py:2398} INFO - Sync 1 DAGs
[2022-04-11 13:32:42,621] {logging_mixin.py:109} INFO - [2022-04-11 13:32:42,621] {dag.py:2937} INFO - Setting next_dagrun for example_trigger_target_dag to None
[2022-04-11 13:32:42,633] {processor.py:171} INFO - Processing /home/airflow/.local/lib/python3.7/site-packages/airflow/example_dags/example_trigger_target_dag.py took 0.101 seconds
[2022-04-11 13:33:13,080] {processor.py:163} INFO - Started process (PID=935) to work on /home/airflow/.local/lib/python3.7/site-packages/airflow/example_dags/example_trigger_target_dag.py
[2022-04-11 13:33:13,082] {processor.py:642} INFO - Processing file /home/airflow/.local/lib/python3.7/site-packages/airflow/example_dags/example_trigger_target_dag.py for tasks to queue
[2022-04-11 13:33:13,083] {logging_mixin.py:109} INFO - [2022-04-11 13:33:13,083] {dagbag.py:500} INFO - Filling up the DagBag from /home/airflow/.local/lib/python3.7/site-packages/airflow/example_dags/example_trigger_target_dag.py
[2022-04-11 13:33:13,106] {processor.py:652} INFO - DAG(s) dict_keys(['example_trigger_target_dag']) retrieved from /home/airflow/.local/lib/python3.7/site-packages/airflow/example_dags/example_trigger_target_dag.py
[2022-04-11 13:33:13,130] {logging_mixin.py:109} INFO - [2022-04-11 13:33:13,130] {dag.py:2398} INFO - Sync 1 DAGs
[2022-04-11 13:33:13,148] {logging_mixin.py:109} INFO - [2022-04-11 13:33:13,148] {dag.py:2937} INFO - Setting next_dagrun for example_trigger_target_dag to None
[2022-04-11 13:33:13,160] {processor.py:171} INFO - Processing /home/airflow/.local/lib/python3.7/site-packages/airflow/example_dags/example_trigger_target_dag.py took 0.084 seconds
[2022-04-11 13:33:44,082] {processor.py:163} INFO - Started process (PID=995) to work on /home/airflow/.local/lib/python3.7/site-packages/airflow/example_dags/example_trigger_target_dag.py
[2022-04-11 13:33:44,087] {processor.py:642} INFO - Processing file /home/airflow/.local/lib/python3.7/site-packages/airflow/example_dags/example_trigger_target_dag.py for tasks to queue
[2022-04-11 13:33:44,089] {logging_mixin.py:109} INFO - [2022-04-11 13:33:44,089] {dagbag.py:500} INFO - Filling up the DagBag from /home/airflow/.local/lib/python3.7/site-packages/airflow/example_dags/example_trigger_target_dag.py
[2022-04-11 13:33:44,138] {processor.py:652} INFO - DAG(s) dict_keys(['example_trigger_target_dag']) retrieved from /home/airflow/.local/lib/python3.7/site-packages/airflow/example_dags/example_trigger_target_dag.py
[2022-04-11 13:33:44,191] {logging_mixin.py:109} INFO - [2022-04-11 13:33:44,191] {dag.py:2398} INFO - Sync 1 DAGs
[2022-04-11 13:33:44,240] {logging_mixin.py:109} INFO - [2022-04-11 13:33:44,239] {dag.py:2937} INFO - Setting next_dagrun for example_trigger_target_dag to None
[2022-04-11 13:33:44,276] {processor.py:171} INFO - Processing /home/airflow/.local/lib/python3.7/site-packages/airflow/example_dags/example_trigger_target_dag.py took 0.201 seconds
[2022-04-11 13:34:14,900] {processor.py:163} INFO - Started process (PID=1047) to work on /home/airflow/.local/lib/python3.7/site-packages/airflow/example_dags/example_trigger_target_dag.py
[2022-04-11 13:34:14,902] {processor.py:642} INFO - Processing file /home/airflow/.local/lib/python3.7/site-packages/airflow/example_dags/example_trigger_target_dag.py for tasks to queue
[2022-04-11 13:34:14,903] {logging_mixin.py:109} INFO - [2022-04-11 13:34:14,903] {dagbag.py:500} INFO - Filling up the DagBag from /home/airflow/.local/lib/python3.7/site-packages/airflow/example_dags/example_trigger_target_dag.py
[2022-04-11 13:34:14,927] {processor.py:652} INFO - DAG(s) dict_keys(['example_trigger_target_dag']) retrieved from /home/airflow/.local/lib/python3.7/site-packages/airflow/example_dags/example_trigger_target_dag.py
[2022-04-11 13:34:14,952] {logging_mixin.py:109} INFO - [2022-04-11 13:34:14,952] {dag.py:2398} INFO - Sync 1 DAGs
[2022-04-11 13:34:14,974] {logging_mixin.py:109} INFO - [2022-04-11 13:34:14,973] {dag.py:2937} INFO - Setting next_dagrun for example_trigger_target_dag to None
[2022-04-11 13:34:14,986] {processor.py:171} INFO - Processing /home/airflow/.local/lib/python3.7/site-packages/airflow/example_dags/example_trigger_target_dag.py took 0.091 seconds
[2022-04-11 13:34:45,499] {processor.py:163} INFO - Started process (PID=1100) to work on /home/airflow/.local/lib/python3.7/site-packages/airflow/example_dags/example_trigger_target_dag.py
[2022-04-11 13:34:45,504] {processor.py:642} INFO - Processing file /home/airflow/.local/lib/python3.7/site-packages/airflow/example_dags/example_trigger_target_dag.py for tasks to queue
[2022-04-11 13:34:45,507] {logging_mixin.py:109} INFO - [2022-04-11 13:34:45,507] {dagbag.py:500} INFO - Filling up the DagBag from /home/airflow/.local/lib/python3.7/site-packages/airflow/example_dags/example_trigger_target_dag.py
[2022-04-11 13:34:45,559] {processor.py:652} INFO - DAG(s) dict_keys(['example_trigger_target_dag']) retrieved from /home/airflow/.local/lib/python3.7/site-packages/airflow/example_dags/example_trigger_target_dag.py
[2022-04-11 13:34:45,623] {logging_mixin.py:109} INFO - [2022-04-11 13:34:45,623] {dag.py:2398} INFO - Sync 1 DAGs
[2022-04-11 13:34:45,671] {logging_mixin.py:109} INFO - [2022-04-11 13:34:45,671] {dag.py:2937} INFO - Setting next_dagrun for example_trigger_target_dag to None
[2022-04-11 13:34:45,693] {processor.py:171} INFO - Processing /home/airflow/.local/lib/python3.7/site-packages/airflow/example_dags/example_trigger_target_dag.py took 0.203 seconds
[2022-04-11 13:35:16,606] {processor.py:163} INFO - Started process (PID=1161) to work on /home/airflow/.local/lib/python3.7/site-packages/airflow/example_dags/example_trigger_target_dag.py
[2022-04-11 13:35:16,608] {processor.py:642} INFO - Processing file /home/airflow/.local/lib/python3.7/site-packages/airflow/example_dags/example_trigger_target_dag.py for tasks to queue
[2022-04-11 13:35:16,609] {logging_mixin.py:109} INFO - [2022-04-11 13:35:16,609] {dagbag.py:500} INFO - Filling up the DagBag from /home/airflow/.local/lib/python3.7/site-packages/airflow/example_dags/example_trigger_target_dag.py
[2022-04-11 13:35:16,632] {processor.py:652} INFO - DAG(s) dict_keys(['example_trigger_target_dag']) retrieved from /home/airflow/.local/lib/python3.7/site-packages/airflow/example_dags/example_trigger_target_dag.py
[2022-04-11 13:35:16,656] {logging_mixin.py:109} INFO - [2022-04-11 13:35:16,656] {dag.py:2398} INFO - Sync 1 DAGs
[2022-04-11 13:35:16,676] {logging_mixin.py:109} INFO - [2022-04-11 13:35:16,676] {dag.py:2937} INFO - Setting next_dagrun for example_trigger_target_dag to None
[2022-04-11 13:35:16,690] {processor.py:171} INFO - Processing /home/airflow/.local/lib/python3.7/site-packages/airflow/example_dags/example_trigger_target_dag.py took 0.088 seconds
[2022-04-11 13:35:47,060] {processor.py:163} INFO - Started process (PID=1213) to work on /home/airflow/.local/lib/python3.7/site-packages/airflow/example_dags/example_trigger_target_dag.py
[2022-04-11 13:35:47,062] {processor.py:642} INFO - Processing file /home/airflow/.local/lib/python3.7/site-packages/airflow/example_dags/example_trigger_target_dag.py for tasks to queue
[2022-04-11 13:35:47,064] {logging_mixin.py:109} INFO - [2022-04-11 13:35:47,064] {dagbag.py:500} INFO - Filling up the DagBag from /home/airflow/.local/lib/python3.7/site-packages/airflow/example_dags/example_trigger_target_dag.py
[2022-04-11 13:35:47,091] {processor.py:652} INFO - DAG(s) dict_keys(['example_trigger_target_dag']) retrieved from /home/airflow/.local/lib/python3.7/site-packages/airflow/example_dags/example_trigger_target_dag.py
[2022-04-11 13:35:47,130] {logging_mixin.py:109} INFO - [2022-04-11 13:35:47,130] {dag.py:2398} INFO - Sync 1 DAGs
[2022-04-11 13:35:47,160] {logging_mixin.py:109} INFO - [2022-04-11 13:35:47,160] {dag.py:2937} INFO - Setting next_dagrun for example_trigger_target_dag to None
[2022-04-11 13:35:47,178] {processor.py:171} INFO - Processing /home/airflow/.local/lib/python3.7/site-packages/airflow/example_dags/example_trigger_target_dag.py took 0.125 seconds
[2022-04-11 13:36:17,468] {processor.py:163} INFO - Started process (PID=1275) to work on /home/airflow/.local/lib/python3.7/site-packages/airflow/example_dags/example_trigger_target_dag.py
[2022-04-11 13:36:17,471] {processor.py:642} INFO - Processing file /home/airflow/.local/lib/python3.7/site-packages/airflow/example_dags/example_trigger_target_dag.py for tasks to queue
[2022-04-11 13:36:17,472] {logging_mixin.py:109} INFO - [2022-04-11 13:36:17,472] {dagbag.py:500} INFO - Filling up the DagBag from /home/airflow/.local/lib/python3.7/site-packages/airflow/example_dags/example_trigger_target_dag.py
[2022-04-11 13:36:17,497] {processor.py:652} INFO - DAG(s) dict_keys(['example_trigger_target_dag']) retrieved from /home/airflow/.local/lib/python3.7/site-packages/airflow/example_dags/example_trigger_target_dag.py
[2022-04-11 13:36:17,528] {logging_mixin.py:109} INFO - [2022-04-11 13:36:17,528] {dag.py:2398} INFO - Sync 1 DAGs
[2022-04-11 13:36:17,556] {logging_mixin.py:109} INFO - [2022-04-11 13:36:17,555] {dag.py:2937} INFO - Setting next_dagrun for example_trigger_target_dag to None
[2022-04-11 13:36:17,570] {processor.py:171} INFO - Processing /home/airflow/.local/lib/python3.7/site-packages/airflow/example_dags/example_trigger_target_dag.py took 0.106 seconds
[2022-04-11 13:36:47,906] {processor.py:163} INFO - Started process (PID=1332) to work on /home/airflow/.local/lib/python3.7/site-packages/airflow/example_dags/example_trigger_target_dag.py
[2022-04-11 13:36:47,908] {processor.py:642} INFO - Processing file /home/airflow/.local/lib/python3.7/site-packages/airflow/example_dags/example_trigger_target_dag.py for tasks to queue
[2022-04-11 13:36:47,909] {logging_mixin.py:109} INFO - [2022-04-11 13:36:47,909] {dagbag.py:500} INFO - Filling up the DagBag from /home/airflow/.local/lib/python3.7/site-packages/airflow/example_dags/example_trigger_target_dag.py
[2022-04-11 13:36:47,933] {processor.py:652} INFO - DAG(s) dict_keys(['example_trigger_target_dag']) retrieved from /home/airflow/.local/lib/python3.7/site-packages/airflow/example_dags/example_trigger_target_dag.py
[2022-04-11 13:36:47,955] {logging_mixin.py:109} INFO - [2022-04-11 13:36:47,954] {dag.py:2398} INFO - Sync 1 DAGs
[2022-04-11 13:36:47,974] {logging_mixin.py:109} INFO - [2022-04-11 13:36:47,974] {dag.py:2937} INFO - Setting next_dagrun for example_trigger_target_dag to None
[2022-04-11 13:36:47,986] {processor.py:171} INFO - Processing /home/airflow/.local/lib/python3.7/site-packages/airflow/example_dags/example_trigger_target_dag.py took 0.085 seconds
[2022-04-11 13:37:18,564] {processor.py:163} INFO - Started process (PID=1393) to work on /home/airflow/.local/lib/python3.7/site-packages/airflow/example_dags/example_trigger_target_dag.py
[2022-04-11 13:37:18,566] {processor.py:642} INFO - Processing file /home/airflow/.local/lib/python3.7/site-packages/airflow/example_dags/example_trigger_target_dag.py for tasks to queue
[2022-04-11 13:37:18,567] {logging_mixin.py:109} INFO - [2022-04-11 13:37:18,567] {dagbag.py:500} INFO - Filling up the DagBag from /home/airflow/.local/lib/python3.7/site-packages/airflow/example_dags/example_trigger_target_dag.py
[2022-04-11 13:37:18,594] {processor.py:652} INFO - DAG(s) dict_keys(['example_trigger_target_dag']) retrieved from /home/airflow/.local/lib/python3.7/site-packages/airflow/example_dags/example_trigger_target_dag.py
[2022-04-11 13:37:18,619] {logging_mixin.py:109} INFO - [2022-04-11 13:37:18,619] {dag.py:2398} INFO - Sync 1 DAGs
[2022-04-11 13:37:18,650] {logging_mixin.py:109} INFO - [2022-04-11 13:37:18,650] {dag.py:2937} INFO - Setting next_dagrun for example_trigger_target_dag to None
[2022-04-11 13:37:18,664] {processor.py:171} INFO - Processing /home/airflow/.local/lib/python3.7/site-packages/airflow/example_dags/example_trigger_target_dag.py took 0.104 seconds
[2022-04-11 13:37:49,617] {processor.py:163} INFO - Started process (PID=1446) to work on /home/airflow/.local/lib/python3.7/site-packages/airflow/example_dags/example_trigger_target_dag.py
[2022-04-11 13:37:49,619] {processor.py:642} INFO - Processing file /home/airflow/.local/lib/python3.7/site-packages/airflow/example_dags/example_trigger_target_dag.py for tasks to queue
[2022-04-11 13:37:49,620] {logging_mixin.py:109} INFO - [2022-04-11 13:37:49,620] {dagbag.py:500} INFO - Filling up the DagBag from /home/airflow/.local/lib/python3.7/site-packages/airflow/example_dags/example_trigger_target_dag.py
[2022-04-11 13:37:49,644] {processor.py:652} INFO - DAG(s) dict_keys(['example_trigger_target_dag']) retrieved from /home/airflow/.local/lib/python3.7/site-packages/airflow/example_dags/example_trigger_target_dag.py
[2022-04-11 13:37:49,668] {logging_mixin.py:109} INFO - [2022-04-11 13:37:49,667] {dag.py:2398} INFO - Sync 1 DAGs
[2022-04-11 13:37:49,686] {logging_mixin.py:109} INFO - [2022-04-11 13:37:49,686] {dag.py:2937} INFO - Setting next_dagrun for example_trigger_target_dag to None
[2022-04-11 13:37:49,698] {processor.py:171} INFO - Processing /home/airflow/.local/lib/python3.7/site-packages/airflow/example_dags/example_trigger_target_dag.py took 0.085 seconds
[2022-04-11 13:38:20,291] {processor.py:163} INFO - Started process (PID=1508) to work on /home/airflow/.local/lib/python3.7/site-packages/airflow/example_dags/example_trigger_target_dag.py
[2022-04-11 13:38:20,292] {processor.py:642} INFO - Processing file /home/airflow/.local/lib/python3.7/site-packages/airflow/example_dags/example_trigger_target_dag.py for tasks to queue
[2022-04-11 13:38:20,294] {logging_mixin.py:109} INFO - [2022-04-11 13:38:20,294] {dagbag.py:500} INFO - Filling up the DagBag from /home/airflow/.local/lib/python3.7/site-packages/airflow/example_dags/example_trigger_target_dag.py
[2022-04-11 13:38:20,318] {processor.py:652} INFO - DAG(s) dict_keys(['example_trigger_target_dag']) retrieved from /home/airflow/.local/lib/python3.7/site-packages/airflow/example_dags/example_trigger_target_dag.py
[2022-04-11 13:38:20,345] {logging_mixin.py:109} INFO - [2022-04-11 13:38:20,345] {dag.py:2398} INFO - Sync 1 DAGs
[2022-04-11 13:38:20,367] {logging_mixin.py:109} INFO - [2022-04-11 13:38:20,367] {dag.py:2937} INFO - Setting next_dagrun for example_trigger_target_dag to None
[2022-04-11 13:38:20,380] {processor.py:171} INFO - Processing /home/airflow/.local/lib/python3.7/site-packages/airflow/example_dags/example_trigger_target_dag.py took 0.094 seconds
[2022-04-11 13:38:50,835] {processor.py:163} INFO - Started process (PID=1560) to work on /home/airflow/.local/lib/python3.7/site-packages/airflow/example_dags/example_trigger_target_dag.py
[2022-04-11 13:38:50,837] {processor.py:642} INFO - Processing file /home/airflow/.local/lib/python3.7/site-packages/airflow/example_dags/example_trigger_target_dag.py for tasks to queue
[2022-04-11 13:38:50,839] {logging_mixin.py:109} INFO - [2022-04-11 13:38:50,839] {dagbag.py:500} INFO - Filling up the DagBag from /home/airflow/.local/lib/python3.7/site-packages/airflow/example_dags/example_trigger_target_dag.py
[2022-04-11 13:38:50,886] {processor.py:652} INFO - DAG(s) dict_keys(['example_trigger_target_dag']) retrieved from /home/airflow/.local/lib/python3.7/site-packages/airflow/example_dags/example_trigger_target_dag.py
[2022-04-11 13:38:50,913] {logging_mixin.py:109} INFO - [2022-04-11 13:38:50,913] {dag.py:2398} INFO - Sync 1 DAGs
[2022-04-11 13:38:50,939] {logging_mixin.py:109} INFO - [2022-04-11 13:38:50,939] {dag.py:2937} INFO - Setting next_dagrun for example_trigger_target_dag to None
[2022-04-11 13:38:50,952] {processor.py:171} INFO - Processing /home/airflow/.local/lib/python3.7/site-packages/airflow/example_dags/example_trigger_target_dag.py took 0.122 seconds
[2022-04-11 13:39:21,965] {processor.py:163} INFO - Started process (PID=1622) to work on /home/airflow/.local/lib/python3.7/site-packages/airflow/example_dags/example_trigger_target_dag.py
[2022-04-11 13:39:21,973] {processor.py:642} INFO - Processing file /home/airflow/.local/lib/python3.7/site-packages/airflow/example_dags/example_trigger_target_dag.py for tasks to queue
[2022-04-11 13:39:21,981] {logging_mixin.py:109} INFO - [2022-04-11 13:39:21,981] {dagbag.py:500} INFO - Filling up the DagBag from /home/airflow/.local/lib/python3.7/site-packages/airflow/example_dags/example_trigger_target_dag.py
[2022-04-11 13:39:22,063] {processor.py:652} INFO - DAG(s) dict_keys(['example_trigger_target_dag']) retrieved from /home/airflow/.local/lib/python3.7/site-packages/airflow/example_dags/example_trigger_target_dag.py
[2022-04-11 13:39:22,113] {logging_mixin.py:109} INFO - [2022-04-11 13:39:22,113] {dag.py:2398} INFO - Sync 1 DAGs
[2022-04-11 13:39:22,139] {logging_mixin.py:109} INFO - [2022-04-11 13:39:22,139] {dag.py:2937} INFO - Setting next_dagrun for example_trigger_target_dag to None
[2022-04-11 13:39:22,175] {processor.py:171} INFO - Processing /home/airflow/.local/lib/python3.7/site-packages/airflow/example_dags/example_trigger_target_dag.py took 0.225 seconds
[2022-04-11 13:39:52,503] {processor.py:163} INFO - Started process (PID=1673) to work on /home/airflow/.local/lib/python3.7/site-packages/airflow/example_dags/example_trigger_target_dag.py
[2022-04-11 13:39:52,505] {processor.py:642} INFO - Processing file /home/airflow/.local/lib/python3.7/site-packages/airflow/example_dags/example_trigger_target_dag.py for tasks to queue
[2022-04-11 13:39:52,507] {logging_mixin.py:109} INFO - [2022-04-11 13:39:52,506] {dagbag.py:500} INFO - Filling up the DagBag from /home/airflow/.local/lib/python3.7/site-packages/airflow/example_dags/example_trigger_target_dag.py
[2022-04-11 13:39:52,534] {processor.py:652} INFO - DAG(s) dict_keys(['example_trigger_target_dag']) retrieved from /home/airflow/.local/lib/python3.7/site-packages/airflow/example_dags/example_trigger_target_dag.py
[2022-04-11 13:39:52,558] {logging_mixin.py:109} INFO - [2022-04-11 13:39:52,558] {dag.py:2398} INFO - Sync 1 DAGs
[2022-04-11 13:39:52,578] {logging_mixin.py:109} INFO - [2022-04-11 13:39:52,578] {dag.py:2937} INFO - Setting next_dagrun for example_trigger_target_dag to None
[2022-04-11 13:39:52,589] {processor.py:171} INFO - Processing /home/airflow/.local/lib/python3.7/site-packages/airflow/example_dags/example_trigger_target_dag.py took 0.091 seconds
[2022-04-11 13:40:22,811] {processor.py:163} INFO - Started process (PID=1725) to work on /home/airflow/.local/lib/python3.7/site-packages/airflow/example_dags/example_trigger_target_dag.py
[2022-04-11 13:40:22,813] {processor.py:642} INFO - Processing file /home/airflow/.local/lib/python3.7/site-packages/airflow/example_dags/example_trigger_target_dag.py for tasks to queue
[2022-04-11 13:40:22,814] {logging_mixin.py:109} INFO - [2022-04-11 13:40:22,814] {dagbag.py:500} INFO - Filling up the DagBag from /home/airflow/.local/lib/python3.7/site-packages/airflow/example_dags/example_trigger_target_dag.py
[2022-04-11 13:40:22,838] {processor.py:652} INFO - DAG(s) dict_keys(['example_trigger_target_dag']) retrieved from /home/airflow/.local/lib/python3.7/site-packages/airflow/example_dags/example_trigger_target_dag.py
[2022-04-11 13:40:22,864] {logging_mixin.py:109} INFO - [2022-04-11 13:40:22,864] {dag.py:2398} INFO - Sync 1 DAGs
[2022-04-11 13:40:22,886] {logging_mixin.py:109} INFO - [2022-04-11 13:40:22,886] {dag.py:2937} INFO - Setting next_dagrun for example_trigger_target_dag to None
[2022-04-11 13:40:22,900] {processor.py:171} INFO - Processing /home/airflow/.local/lib/python3.7/site-packages/airflow/example_dags/example_trigger_target_dag.py took 0.093 seconds
[2022-04-11 13:40:53,000] {processor.py:163} INFO - Started process (PID=1788) to work on /home/airflow/.local/lib/python3.7/site-packages/airflow/example_dags/example_trigger_target_dag.py
[2022-04-11 13:40:53,001] {processor.py:642} INFO - Processing file /home/airflow/.local/lib/python3.7/site-packages/airflow/example_dags/example_trigger_target_dag.py for tasks to queue
[2022-04-11 13:40:53,003] {logging_mixin.py:109} INFO - [2022-04-11 13:40:53,002] {dagbag.py:500} INFO - Filling up the DagBag from /home/airflow/.local/lib/python3.7/site-packages/airflow/example_dags/example_trigger_target_dag.py
[2022-04-11 13:40:53,026] {processor.py:652} INFO - DAG(s) dict_keys(['example_trigger_target_dag']) retrieved from /home/airflow/.local/lib/python3.7/site-packages/airflow/example_dags/example_trigger_target_dag.py
[2022-04-11 13:40:53,066] {logging_mixin.py:109} INFO - [2022-04-11 13:40:53,065] {dag.py:2398} INFO - Sync 1 DAGs
[2022-04-11 13:40:53,088] {logging_mixin.py:109} INFO - [2022-04-11 13:40:53,088] {dag.py:2937} INFO - Setting next_dagrun for example_trigger_target_dag to None
[2022-04-11 13:40:53,100] {processor.py:171} INFO - Processing /home/airflow/.local/lib/python3.7/site-packages/airflow/example_dags/example_trigger_target_dag.py took 0.104 seconds
[2022-04-11 13:41:23,900] {processor.py:163} INFO - Started process (PID=1841) to work on /home/airflow/.local/lib/python3.7/site-packages/airflow/example_dags/example_trigger_target_dag.py
[2022-04-11 13:41:23,903] {processor.py:642} INFO - Processing file /home/airflow/.local/lib/python3.7/site-packages/airflow/example_dags/example_trigger_target_dag.py for tasks to queue
[2022-04-11 13:41:23,904] {logging_mixin.py:109} INFO - [2022-04-11 13:41:23,904] {dagbag.py:500} INFO - Filling up the DagBag from /home/airflow/.local/lib/python3.7/site-packages/airflow/example_dags/example_trigger_target_dag.py
[2022-04-11 13:41:23,932] {processor.py:652} INFO - DAG(s) dict_keys(['example_trigger_target_dag']) retrieved from /home/airflow/.local/lib/python3.7/site-packages/airflow/example_dags/example_trigger_target_dag.py
[2022-04-11 13:41:23,961] {logging_mixin.py:109} INFO - [2022-04-11 13:41:23,961] {dag.py:2398} INFO - Sync 1 DAGs
[2022-04-11 13:41:23,983] {logging_mixin.py:109} INFO - [2022-04-11 13:41:23,983] {dag.py:2937} INFO - Setting next_dagrun for example_trigger_target_dag to None
[2022-04-11 13:41:23,996] {processor.py:171} INFO - Processing /home/airflow/.local/lib/python3.7/site-packages/airflow/example_dags/example_trigger_target_dag.py took 0.100 seconds
[2022-04-11 13:41:54,382] {processor.py:163} INFO - Started process (PID=1904) to work on /home/airflow/.local/lib/python3.7/site-packages/airflow/example_dags/example_trigger_target_dag.py
[2022-04-11 13:41:54,385] {processor.py:642} INFO - Processing file /home/airflow/.local/lib/python3.7/site-packages/airflow/example_dags/example_trigger_target_dag.py for tasks to queue
[2022-04-11 13:41:54,387] {logging_mixin.py:109} INFO - [2022-04-11 13:41:54,387] {dagbag.py:500} INFO - Filling up the DagBag from /home/airflow/.local/lib/python3.7/site-packages/airflow/example_dags/example_trigger_target_dag.py
[2022-04-11 13:41:54,417] {processor.py:652} INFO - DAG(s) dict_keys(['example_trigger_target_dag']) retrieved from /home/airflow/.local/lib/python3.7/site-packages/airflow/example_dags/example_trigger_target_dag.py
[2022-04-11 13:41:54,460] {logging_mixin.py:109} INFO - [2022-04-11 13:41:54,460] {dag.py:2398} INFO - Sync 1 DAGs
[2022-04-11 13:41:54,486] {logging_mixin.py:109} INFO - [2022-04-11 13:41:54,486] {dag.py:2937} INFO - Setting next_dagrun for example_trigger_target_dag to None
[2022-04-11 13:41:54,507] {processor.py:171} INFO - Processing /home/airflow/.local/lib/python3.7/site-packages/airflow/example_dags/example_trigger_target_dag.py took 0.130 seconds
[2022-04-11 13:42:24,581] {processor.py:163} INFO - Started process (PID=1955) to work on /home/airflow/.local/lib/python3.7/site-packages/airflow/example_dags/example_trigger_target_dag.py
[2022-04-11 13:42:24,586] {processor.py:642} INFO - Processing file /home/airflow/.local/lib/python3.7/site-packages/airflow/example_dags/example_trigger_target_dag.py for tasks to queue
[2022-04-11 13:42:24,588] {logging_mixin.py:109} INFO - [2022-04-11 13:42:24,588] {dagbag.py:500} INFO - Filling up the DagBag from /home/airflow/.local/lib/python3.7/site-packages/airflow/example_dags/example_trigger_target_dag.py
[2022-04-11 13:42:24,621] {processor.py:652} INFO - DAG(s) dict_keys(['example_trigger_target_dag']) retrieved from /home/airflow/.local/lib/python3.7/site-packages/airflow/example_dags/example_trigger_target_dag.py
[2022-04-11 13:42:24,653] {logging_mixin.py:109} INFO - [2022-04-11 13:42:24,653] {dag.py:2398} INFO - Sync 1 DAGs
[2022-04-11 13:42:24,694] {logging_mixin.py:109} INFO - [2022-04-11 13:42:24,693] {dag.py:2937} INFO - Setting next_dagrun for example_trigger_target_dag to None
[2022-04-11 13:42:24,708] {processor.py:171} INFO - Processing /home/airflow/.local/lib/python3.7/site-packages/airflow/example_dags/example_trigger_target_dag.py took 0.133 seconds
[2022-04-11 13:42:55,499] {processor.py:163} INFO - Started process (PID=2018) to work on /home/airflow/.local/lib/python3.7/site-packages/airflow/example_dags/example_trigger_target_dag.py
[2022-04-11 13:42:55,502] {processor.py:642} INFO - Processing file /home/airflow/.local/lib/python3.7/site-packages/airflow/example_dags/example_trigger_target_dag.py for tasks to queue
[2022-04-11 13:42:55,503] {logging_mixin.py:109} INFO - [2022-04-11 13:42:55,503] {dagbag.py:500} INFO - Filling up the DagBag from /home/airflow/.local/lib/python3.7/site-packages/airflow/example_dags/example_trigger_target_dag.py
[2022-04-11 13:42:55,531] {processor.py:652} INFO - DAG(s) dict_keys(['example_trigger_target_dag']) retrieved from /home/airflow/.local/lib/python3.7/site-packages/airflow/example_dags/example_trigger_target_dag.py
[2022-04-11 13:42:55,561] {logging_mixin.py:109} INFO - [2022-04-11 13:42:55,561] {dag.py:2398} INFO - Sync 1 DAGs
[2022-04-11 13:42:55,583] {logging_mixin.py:109} INFO - [2022-04-11 13:42:55,583] {dag.py:2937} INFO - Setting next_dagrun for example_trigger_target_dag to None
[2022-04-11 13:42:55,598] {processor.py:171} INFO - Processing /home/airflow/.local/lib/python3.7/site-packages/airflow/example_dags/example_trigger_target_dag.py took 0.103 seconds
[2022-04-11 13:43:25,972] {processor.py:163} INFO - Started process (PID=2070) to work on /home/airflow/.local/lib/python3.7/site-packages/airflow/example_dags/example_trigger_target_dag.py
[2022-04-11 13:43:25,974] {processor.py:642} INFO - Processing file /home/airflow/.local/lib/python3.7/site-packages/airflow/example_dags/example_trigger_target_dag.py for tasks to queue
[2022-04-11 13:43:25,975] {logging_mixin.py:109} INFO - [2022-04-11 13:43:25,975] {dagbag.py:500} INFO - Filling up the DagBag from /home/airflow/.local/lib/python3.7/site-packages/airflow/example_dags/example_trigger_target_dag.py
[2022-04-11 13:43:25,996] {processor.py:652} INFO - DAG(s) dict_keys(['example_trigger_target_dag']) retrieved from /home/airflow/.local/lib/python3.7/site-packages/airflow/example_dags/example_trigger_target_dag.py
[2022-04-11 13:43:26,019] {logging_mixin.py:109} INFO - [2022-04-11 13:43:26,019] {dag.py:2398} INFO - Sync 1 DAGs
[2022-04-11 13:43:26,037] {logging_mixin.py:109} INFO - [2022-04-11 13:43:26,037] {dag.py:2937} INFO - Setting next_dagrun for example_trigger_target_dag to None
[2022-04-11 13:43:26,048] {processor.py:171} INFO - Processing /home/airflow/.local/lib/python3.7/site-packages/airflow/example_dags/example_trigger_target_dag.py took 0.080 seconds
[2022-04-11 13:43:56,499] {processor.py:163} INFO - Started process (PID=2124) to work on /home/airflow/.local/lib/python3.7/site-packages/airflow/example_dags/example_trigger_target_dag.py
[2022-04-11 13:43:56,501] {processor.py:642} INFO - Processing file /home/airflow/.local/lib/python3.7/site-packages/airflow/example_dags/example_trigger_target_dag.py for tasks to queue
[2022-04-11 13:43:56,502] {logging_mixin.py:109} INFO - [2022-04-11 13:43:56,502] {dagbag.py:500} INFO - Filling up the DagBag from /home/airflow/.local/lib/python3.7/site-packages/airflow/example_dags/example_trigger_target_dag.py
[2022-04-11 13:43:56,525] {processor.py:652} INFO - DAG(s) dict_keys(['example_trigger_target_dag']) retrieved from /home/airflow/.local/lib/python3.7/site-packages/airflow/example_dags/example_trigger_target_dag.py
[2022-04-11 13:43:56,558] {logging_mixin.py:109} INFO - [2022-04-11 13:43:56,558] {dag.py:2398} INFO - Sync 1 DAGs
[2022-04-11 13:43:56,583] {logging_mixin.py:109} INFO - [2022-04-11 13:43:56,583] {dag.py:2937} INFO - Setting next_dagrun for example_trigger_target_dag to None
[2022-04-11 13:43:56,599] {processor.py:171} INFO - Processing /home/airflow/.local/lib/python3.7/site-packages/airflow/example_dags/example_trigger_target_dag.py took 0.105 seconds
[2022-04-11 13:44:27,247] {processor.py:163} INFO - Started process (PID=2186) to work on /home/airflow/.local/lib/python3.7/site-packages/airflow/example_dags/example_trigger_target_dag.py
[2022-04-11 13:44:27,249] {processor.py:642} INFO - Processing file /home/airflow/.local/lib/python3.7/site-packages/airflow/example_dags/example_trigger_target_dag.py for tasks to queue
[2022-04-11 13:44:27,251] {logging_mixin.py:109} INFO - [2022-04-11 13:44:27,251] {dagbag.py:500} INFO - Filling up the DagBag from /home/airflow/.local/lib/python3.7/site-packages/airflow/example_dags/example_trigger_target_dag.py
[2022-04-11 13:44:27,293] {processor.py:652} INFO - DAG(s) dict_keys(['example_trigger_target_dag']) retrieved from /home/airflow/.local/lib/python3.7/site-packages/airflow/example_dags/example_trigger_target_dag.py
[2022-04-11 13:44:27,330] {logging_mixin.py:109} INFO - [2022-04-11 13:44:27,330] {dag.py:2398} INFO - Sync 1 DAGs
[2022-04-11 13:44:27,362] {logging_mixin.py:109} INFO - [2022-04-11 13:44:27,362] {dag.py:2937} INFO - Setting next_dagrun for example_trigger_target_dag to None
[2022-04-11 13:44:27,378] {processor.py:171} INFO - Processing /home/airflow/.local/lib/python3.7/site-packages/airflow/example_dags/example_trigger_target_dag.py took 0.137 seconds
[2022-04-11 13:44:57,408] {processor.py:163} INFO - Started process (PID=2236) to work on /home/airflow/.local/lib/python3.7/site-packages/airflow/example_dags/example_trigger_target_dag.py
[2022-04-11 13:44:57,410] {processor.py:642} INFO - Processing file /home/airflow/.local/lib/python3.7/site-packages/airflow/example_dags/example_trigger_target_dag.py for tasks to queue
[2022-04-11 13:44:57,415] {logging_mixin.py:109} INFO - [2022-04-11 13:44:57,415] {dagbag.py:500} INFO - Filling up the DagBag from /home/airflow/.local/lib/python3.7/site-packages/airflow/example_dags/example_trigger_target_dag.py
[2022-04-11 13:44:57,442] {processor.py:652} INFO - DAG(s) dict_keys(['example_trigger_target_dag']) retrieved from /home/airflow/.local/lib/python3.7/site-packages/airflow/example_dags/example_trigger_target_dag.py
[2022-04-11 13:44:57,467] {logging_mixin.py:109} INFO - [2022-04-11 13:44:57,467] {dag.py:2398} INFO - Sync 1 DAGs
[2022-04-11 13:44:57,487] {logging_mixin.py:109} INFO - [2022-04-11 13:44:57,487] {dag.py:2937} INFO - Setting next_dagrun for example_trigger_target_dag to None
[2022-04-11 13:44:57,498] {processor.py:171} INFO - Processing /home/airflow/.local/lib/python3.7/site-packages/airflow/example_dags/example_trigger_target_dag.py took 0.095 seconds
[2022-04-11 13:45:27,923] {processor.py:163} INFO - Started process (PID=2297) to work on /home/airflow/.local/lib/python3.7/site-packages/airflow/example_dags/example_trigger_target_dag.py
[2022-04-11 13:45:27,927] {processor.py:642} INFO - Processing file /home/airflow/.local/lib/python3.7/site-packages/airflow/example_dags/example_trigger_target_dag.py for tasks to queue
[2022-04-11 13:45:27,929] {logging_mixin.py:109} INFO - [2022-04-11 13:45:27,928] {dagbag.py:500} INFO - Filling up the DagBag from /home/airflow/.local/lib/python3.7/site-packages/airflow/example_dags/example_trigger_target_dag.py
[2022-04-11 13:45:27,962] {processor.py:652} INFO - DAG(s) dict_keys(['example_trigger_target_dag']) retrieved from /home/airflow/.local/lib/python3.7/site-packages/airflow/example_dags/example_trigger_target_dag.py
[2022-04-11 13:45:28,000] {logging_mixin.py:109} INFO - [2022-04-11 13:45:27,999] {dag.py:2398} INFO - Sync 1 DAGs
[2022-04-11 13:45:28,041] {logging_mixin.py:109} INFO - [2022-04-11 13:45:28,040] {dag.py:2937} INFO - Setting next_dagrun for example_trigger_target_dag to None
[2022-04-11 13:45:28,057] {processor.py:171} INFO - Processing /home/airflow/.local/lib/python3.7/site-packages/airflow/example_dags/example_trigger_target_dag.py took 0.139 seconds
[2022-04-11 13:45:58,155] {processor.py:163} INFO - Started process (PID=2348) to work on /home/airflow/.local/lib/python3.7/site-packages/airflow/example_dags/example_trigger_target_dag.py
[2022-04-11 13:45:58,158] {processor.py:642} INFO - Processing file /home/airflow/.local/lib/python3.7/site-packages/airflow/example_dags/example_trigger_target_dag.py for tasks to queue
[2022-04-11 13:45:58,160] {logging_mixin.py:109} INFO - [2022-04-11 13:45:58,160] {dagbag.py:500} INFO - Filling up the DagBag from /home/airflow/.local/lib/python3.7/site-packages/airflow/example_dags/example_trigger_target_dag.py
[2022-04-11 13:45:58,192] {processor.py:652} INFO - DAG(s) dict_keys(['example_trigger_target_dag']) retrieved from /home/airflow/.local/lib/python3.7/site-packages/airflow/example_dags/example_trigger_target_dag.py
[2022-04-11 13:45:58,224] {logging_mixin.py:109} INFO - [2022-04-11 13:45:58,224] {dag.py:2398} INFO - Sync 1 DAGs
[2022-04-11 13:45:58,263] {logging_mixin.py:109} INFO - [2022-04-11 13:45:58,263] {dag.py:2937} INFO - Setting next_dagrun for example_trigger_target_dag to None
[2022-04-11 13:45:58,285] {processor.py:171} INFO - Processing /home/airflow/.local/lib/python3.7/site-packages/airflow/example_dags/example_trigger_target_dag.py took 0.137 seconds
[2022-04-11 13:46:28,949] {processor.py:163} INFO - Started process (PID=2401) to work on /home/airflow/.local/lib/python3.7/site-packages/airflow/example_dags/example_trigger_target_dag.py
[2022-04-11 13:46:28,963] {processor.py:642} INFO - Processing file /home/airflow/.local/lib/python3.7/site-packages/airflow/example_dags/example_trigger_target_dag.py for tasks to queue
[2022-04-11 13:46:28,966] {logging_mixin.py:109} INFO - [2022-04-11 13:46:28,965] {dagbag.py:500} INFO - Filling up the DagBag from /home/airflow/.local/lib/python3.7/site-packages/airflow/example_dags/example_trigger_target_dag.py
[2022-04-11 13:46:29,006] {processor.py:652} INFO - DAG(s) dict_keys(['example_trigger_target_dag']) retrieved from /home/airflow/.local/lib/python3.7/site-packages/airflow/example_dags/example_trigger_target_dag.py
[2022-04-11 13:46:29,048] {logging_mixin.py:109} INFO - [2022-04-11 13:46:29,048] {dag.py:2398} INFO - Sync 1 DAGs
[2022-04-11 13:46:29,078] {logging_mixin.py:109} INFO - [2022-04-11 13:46:29,078] {dag.py:2937} INFO - Setting next_dagrun for example_trigger_target_dag to None
[2022-04-11 13:46:29,108] {processor.py:171} INFO - Processing /home/airflow/.local/lib/python3.7/site-packages/airflow/example_dags/example_trigger_target_dag.py took 0.165 seconds
[2022-04-11 13:47:00,024] {processor.py:163} INFO - Started process (PID=2464) to work on /home/airflow/.local/lib/python3.7/site-packages/airflow/example_dags/example_trigger_target_dag.py
[2022-04-11 13:47:00,027] {processor.py:642} INFO - Processing file /home/airflow/.local/lib/python3.7/site-packages/airflow/example_dags/example_trigger_target_dag.py for tasks to queue
[2022-04-11 13:47:00,028] {logging_mixin.py:109} INFO - [2022-04-11 13:47:00,028] {dagbag.py:500} INFO - Filling up the DagBag from /home/airflow/.local/lib/python3.7/site-packages/airflow/example_dags/example_trigger_target_dag.py
[2022-04-11 13:47:00,059] {processor.py:652} INFO - DAG(s) dict_keys(['example_trigger_target_dag']) retrieved from /home/airflow/.local/lib/python3.7/site-packages/airflow/example_dags/example_trigger_target_dag.py
[2022-04-11 13:47:00,090] {logging_mixin.py:109} INFO - [2022-04-11 13:47:00,090] {dag.py:2398} INFO - Sync 1 DAGs
[2022-04-11 13:47:00,115] {logging_mixin.py:109} INFO - [2022-04-11 13:47:00,115] {dag.py:2937} INFO - Setting next_dagrun for example_trigger_target_dag to None
[2022-04-11 13:47:00,129] {processor.py:171} INFO - Processing /home/airflow/.local/lib/python3.7/site-packages/airflow/example_dags/example_trigger_target_dag.py took 0.110 seconds
[2022-04-11 13:47:30,286] {processor.py:163} INFO - Started process (PID=2516) to work on /home/airflow/.local/lib/python3.7/site-packages/airflow/example_dags/example_trigger_target_dag.py
[2022-04-11 13:47:30,287] {processor.py:642} INFO - Processing file /home/airflow/.local/lib/python3.7/site-packages/airflow/example_dags/example_trigger_target_dag.py for tasks to queue
[2022-04-11 13:47:30,289] {logging_mixin.py:109} INFO - [2022-04-11 13:47:30,289] {dagbag.py:500} INFO - Filling up the DagBag from /home/airflow/.local/lib/python3.7/site-packages/airflow/example_dags/example_trigger_target_dag.py
[2022-04-11 13:47:30,315] {processor.py:652} INFO - DAG(s) dict_keys(['example_trigger_target_dag']) retrieved from /home/airflow/.local/lib/python3.7/site-packages/airflow/example_dags/example_trigger_target_dag.py
[2022-04-11 13:47:30,342] {logging_mixin.py:109} INFO - [2022-04-11 13:47:30,341] {dag.py:2398} INFO - Sync 1 DAGs
[2022-04-11 13:47:30,362] {logging_mixin.py:109} INFO - [2022-04-11 13:47:30,362] {dag.py:2937} INFO - Setting next_dagrun for example_trigger_target_dag to None
[2022-04-11 13:47:30,375] {processor.py:171} INFO - Processing /home/airflow/.local/lib/python3.7/site-packages/airflow/example_dags/example_trigger_target_dag.py took 0.094 seconds
[2022-04-11 13:48:00,402] {processor.py:163} INFO - Started process (PID=2567) to work on /home/airflow/.local/lib/python3.7/site-packages/airflow/example_dags/example_trigger_target_dag.py
[2022-04-11 13:48:00,405] {processor.py:642} INFO - Processing file /home/airflow/.local/lib/python3.7/site-packages/airflow/example_dags/example_trigger_target_dag.py for tasks to queue
[2022-04-11 13:48:00,406] {logging_mixin.py:109} INFO - [2022-04-11 13:48:00,406] {dagbag.py:500} INFO - Filling up the DagBag from /home/airflow/.local/lib/python3.7/site-packages/airflow/example_dags/example_trigger_target_dag.py
[2022-04-11 13:48:00,428] {processor.py:652} INFO - DAG(s) dict_keys(['example_trigger_target_dag']) retrieved from /home/airflow/.local/lib/python3.7/site-packages/airflow/example_dags/example_trigger_target_dag.py
[2022-04-11 13:48:00,454] {logging_mixin.py:109} INFO - [2022-04-11 13:48:00,453] {dag.py:2398} INFO - Sync 1 DAGs
[2022-04-11 13:48:00,473] {logging_mixin.py:109} INFO - [2022-04-11 13:48:00,473] {dag.py:2937} INFO - Setting next_dagrun for example_trigger_target_dag to None
[2022-04-11 13:48:00,483] {processor.py:171} INFO - Processing /home/airflow/.local/lib/python3.7/site-packages/airflow/example_dags/example_trigger_target_dag.py took 0.086 seconds
[2022-04-11 13:48:31,156] {processor.py:163} INFO - Started process (PID=2631) to work on /home/airflow/.local/lib/python3.7/site-packages/airflow/example_dags/example_trigger_target_dag.py
[2022-04-11 13:48:31,158] {processor.py:642} INFO - Processing file /home/airflow/.local/lib/python3.7/site-packages/airflow/example_dags/example_trigger_target_dag.py for tasks to queue
[2022-04-11 13:48:31,159] {logging_mixin.py:109} INFO - [2022-04-11 13:48:31,159] {dagbag.py:500} INFO - Filling up the DagBag from /home/airflow/.local/lib/python3.7/site-packages/airflow/example_dags/example_trigger_target_dag.py
[2022-04-11 13:48:31,184] {processor.py:652} INFO - DAG(s) dict_keys(['example_trigger_target_dag']) retrieved from /home/airflow/.local/lib/python3.7/site-packages/airflow/example_dags/example_trigger_target_dag.py
[2022-04-11 13:48:31,208] {logging_mixin.py:109} INFO - [2022-04-11 13:48:31,208] {dag.py:2398} INFO - Sync 1 DAGs
[2022-04-11 13:48:31,228] {logging_mixin.py:109} INFO - [2022-04-11 13:48:31,228] {dag.py:2937} INFO - Setting next_dagrun for example_trigger_target_dag to None
[2022-04-11 13:48:31,240] {processor.py:171} INFO - Processing /home/airflow/.local/lib/python3.7/site-packages/airflow/example_dags/example_trigger_target_dag.py took 0.089 seconds
[2022-04-11 13:49:01,860] {processor.py:163} INFO - Started process (PID=2692) to work on /home/airflow/.local/lib/python3.7/site-packages/airflow/example_dags/example_trigger_target_dag.py
[2022-04-11 13:49:01,863] {processor.py:642} INFO - Processing file /home/airflow/.local/lib/python3.7/site-packages/airflow/example_dags/example_trigger_target_dag.py for tasks to queue
[2022-04-11 13:49:01,865] {logging_mixin.py:109} INFO - [2022-04-11 13:49:01,864] {dagbag.py:500} INFO - Filling up the DagBag from /home/airflow/.local/lib/python3.7/site-packages/airflow/example_dags/example_trigger_target_dag.py
[2022-04-11 13:49:01,895] {processor.py:652} INFO - DAG(s) dict_keys(['example_trigger_target_dag']) retrieved from /home/airflow/.local/lib/python3.7/site-packages/airflow/example_dags/example_trigger_target_dag.py
[2022-04-11 13:49:01,925] {logging_mixin.py:109} INFO - [2022-04-11 13:49:01,925] {dag.py:2398} INFO - Sync 1 DAGs
[2022-04-11 13:49:01,953] {logging_mixin.py:109} INFO - [2022-04-11 13:49:01,953] {dag.py:2937} INFO - Setting next_dagrun for example_trigger_target_dag to None
[2022-04-11 13:49:01,970] {processor.py:171} INFO - Processing /home/airflow/.local/lib/python3.7/site-packages/airflow/example_dags/example_trigger_target_dag.py took 0.115 seconds
