[2022-04-11 13:26:49,797] {processor.py:163} INFO - Started process (PID=67) to work on /home/airflow/.local/lib/python3.7/site-packages/airflow/example_dags/example_branch_python_dop_operator_3.py
[2022-04-11 13:26:49,802] {processor.py:642} INFO - Processing file /home/airflow/.local/lib/python3.7/site-packages/airflow/example_dags/example_branch_python_dop_operator_3.py for tasks to queue
[2022-04-11 13:26:49,804] {logging_mixin.py:109} INFO - [2022-04-11 13:26:49,804] {dagbag.py:500} INFO - Filling up the DagBag from /home/airflow/.local/lib/python3.7/site-packages/airflow/example_dags/example_branch_python_dop_operator_3.py
[2022-04-11 13:26:49,837] {processor.py:652} INFO - DAG(s) dict_keys(['example_branch_dop_operator_v3']) retrieved from /home/airflow/.local/lib/python3.7/site-packages/airflow/example_dags/example_branch_python_dop_operator_3.py
[2022-04-11 13:26:53,130] {logging_mixin.py:109} INFO - [2022-04-11 13:26:53,130] {manager.py:496} INFO - Created Permission View: can read on DAG:example_branch_dop_operator_v3
[2022-04-11 13:26:53,149] {logging_mixin.py:109} INFO - [2022-04-11 13:26:53,149] {manager.py:496} INFO - Created Permission View: can edit on DAG:example_branch_dop_operator_v3
[2022-04-11 13:26:53,151] {logging_mixin.py:109} INFO - [2022-04-11 13:26:53,151] {dag.py:2398} INFO - Sync 1 DAGs
[2022-04-11 13:26:53,163] {logging_mixin.py:109} INFO - [2022-04-11 13:26:53,163] {dag.py:2417} INFO - Creating ORM DAG for example_branch_dop_operator_v3
[2022-04-11 13:26:53,201] {logging_mixin.py:109} INFO - [2022-04-11 13:26:53,201] {dag.py:2937} INFO - Setting next_dagrun for example_branch_dop_operator_v3 to 2022-04-11T13:25:00+00:00
[2022-04-11 13:26:53,215] {processor.py:171} INFO - Processing /home/airflow/.local/lib/python3.7/site-packages/airflow/example_dags/example_branch_python_dop_operator_3.py took 3.423 seconds
[2022-04-11 13:27:23,381] {processor.py:163} INFO - Started process (PID=286) to work on /home/airflow/.local/lib/python3.7/site-packages/airflow/example_dags/example_branch_python_dop_operator_3.py
[2022-04-11 13:27:23,383] {processor.py:642} INFO - Processing file /home/airflow/.local/lib/python3.7/site-packages/airflow/example_dags/example_branch_python_dop_operator_3.py for tasks to queue
[2022-04-11 13:27:23,384] {logging_mixin.py:109} INFO - [2022-04-11 13:27:23,384] {dagbag.py:500} INFO - Filling up the DagBag from /home/airflow/.local/lib/python3.7/site-packages/airflow/example_dags/example_branch_python_dop_operator_3.py
[2022-04-11 13:27:23,407] {processor.py:652} INFO - DAG(s) dict_keys(['example_branch_dop_operator_v3']) retrieved from /home/airflow/.local/lib/python3.7/site-packages/airflow/example_dags/example_branch_python_dop_operator_3.py
[2022-04-11 13:27:23,431] {logging_mixin.py:109} INFO - [2022-04-11 13:27:23,431] {dag.py:2398} INFO - Sync 1 DAGs
[2022-04-11 13:27:23,464] {logging_mixin.py:109} INFO - [2022-04-11 13:27:23,464] {dag.py:2937} INFO - Setting next_dagrun for example_branch_dop_operator_v3 to 2022-04-11T13:26:00+00:00
[2022-04-11 13:27:23,482] {processor.py:171} INFO - Processing /home/airflow/.local/lib/python3.7/site-packages/airflow/example_dags/example_branch_python_dop_operator_3.py took 0.105 seconds
[2022-04-11 13:27:53,727] {processor.py:163} INFO - Started process (PID=336) to work on /home/airflow/.local/lib/python3.7/site-packages/airflow/example_dags/example_branch_python_dop_operator_3.py
[2022-04-11 13:27:53,730] {processor.py:642} INFO - Processing file /home/airflow/.local/lib/python3.7/site-packages/airflow/example_dags/example_branch_python_dop_operator_3.py for tasks to queue
[2022-04-11 13:27:53,732] {logging_mixin.py:109} INFO - [2022-04-11 13:27:53,731] {dagbag.py:500} INFO - Filling up the DagBag from /home/airflow/.local/lib/python3.7/site-packages/airflow/example_dags/example_branch_python_dop_operator_3.py
[2022-04-11 13:27:53,768] {processor.py:652} INFO - DAG(s) dict_keys(['example_branch_dop_operator_v3']) retrieved from /home/airflow/.local/lib/python3.7/site-packages/airflow/example_dags/example_branch_python_dop_operator_3.py
[2022-04-11 13:27:53,806] {logging_mixin.py:109} INFO - [2022-04-11 13:27:53,806] {dag.py:2398} INFO - Sync 1 DAGs
[2022-04-11 13:27:53,841] {logging_mixin.py:109} INFO - [2022-04-11 13:27:53,841] {dag.py:2937} INFO - Setting next_dagrun for example_branch_dop_operator_v3 to 2022-04-11T13:26:00+00:00
[2022-04-11 13:27:53,855] {processor.py:171} INFO - Processing /home/airflow/.local/lib/python3.7/site-packages/airflow/example_dags/example_branch_python_dop_operator_3.py took 0.140 seconds
[2022-04-11 13:28:24,358] {processor.py:163} INFO - Started process (PID=398) to work on /home/airflow/.local/lib/python3.7/site-packages/airflow/example_dags/example_branch_python_dop_operator_3.py
[2022-04-11 13:28:24,361] {processor.py:642} INFO - Processing file /home/airflow/.local/lib/python3.7/site-packages/airflow/example_dags/example_branch_python_dop_operator_3.py for tasks to queue
[2022-04-11 13:28:24,363] {logging_mixin.py:109} INFO - [2022-04-11 13:28:24,363] {dagbag.py:500} INFO - Filling up the DagBag from /home/airflow/.local/lib/python3.7/site-packages/airflow/example_dags/example_branch_python_dop_operator_3.py
[2022-04-11 13:28:24,390] {processor.py:652} INFO - DAG(s) dict_keys(['example_branch_dop_operator_v3']) retrieved from /home/airflow/.local/lib/python3.7/site-packages/airflow/example_dags/example_branch_python_dop_operator_3.py
[2022-04-11 13:28:24,421] {logging_mixin.py:109} INFO - [2022-04-11 13:28:24,421] {dag.py:2398} INFO - Sync 1 DAGs
[2022-04-11 13:28:24,455] {logging_mixin.py:109} INFO - [2022-04-11 13:28:24,455] {dag.py:2937} INFO - Setting next_dagrun for example_branch_dop_operator_v3 to 2022-04-11T13:27:00+00:00
[2022-04-11 13:28:24,469] {processor.py:171} INFO - Processing /home/airflow/.local/lib/python3.7/site-packages/airflow/example_dags/example_branch_python_dop_operator_3.py took 0.117 seconds
[2022-04-11 13:28:54,667] {processor.py:163} INFO - Started process (PID=449) to work on /home/airflow/.local/lib/python3.7/site-packages/airflow/example_dags/example_branch_python_dop_operator_3.py
[2022-04-11 13:28:54,672] {processor.py:642} INFO - Processing file /home/airflow/.local/lib/python3.7/site-packages/airflow/example_dags/example_branch_python_dop_operator_3.py for tasks to queue
[2022-04-11 13:28:54,676] {logging_mixin.py:109} INFO - [2022-04-11 13:28:54,676] {dagbag.py:500} INFO - Filling up the DagBag from /home/airflow/.local/lib/python3.7/site-packages/airflow/example_dags/example_branch_python_dop_operator_3.py
[2022-04-11 13:28:54,726] {processor.py:652} INFO - DAG(s) dict_keys(['example_branch_dop_operator_v3']) retrieved from /home/airflow/.local/lib/python3.7/site-packages/airflow/example_dags/example_branch_python_dop_operator_3.py
[2022-04-11 13:28:54,774] {logging_mixin.py:109} INFO - [2022-04-11 13:28:54,773] {dag.py:2398} INFO - Sync 1 DAGs
[2022-04-11 13:28:54,819] {logging_mixin.py:109} INFO - [2022-04-11 13:28:54,819] {dag.py:2937} INFO - Setting next_dagrun for example_branch_dop_operator_v3 to 2022-04-11T13:27:00+00:00
[2022-04-11 13:28:54,847] {processor.py:171} INFO - Processing /home/airflow/.local/lib/python3.7/site-packages/airflow/example_dags/example_branch_python_dop_operator_3.py took 0.187 seconds
[2022-04-11 13:29:25,271] {processor.py:163} INFO - Started process (PID=511) to work on /home/airflow/.local/lib/python3.7/site-packages/airflow/example_dags/example_branch_python_dop_operator_3.py
[2022-04-11 13:29:25,274] {processor.py:642} INFO - Processing file /home/airflow/.local/lib/python3.7/site-packages/airflow/example_dags/example_branch_python_dop_operator_3.py for tasks to queue
[2022-04-11 13:29:25,275] {logging_mixin.py:109} INFO - [2022-04-11 13:29:25,275] {dagbag.py:500} INFO - Filling up the DagBag from /home/airflow/.local/lib/python3.7/site-packages/airflow/example_dags/example_branch_python_dop_operator_3.py
[2022-04-11 13:29:25,296] {processor.py:652} INFO - DAG(s) dict_keys(['example_branch_dop_operator_v3']) retrieved from /home/airflow/.local/lib/python3.7/site-packages/airflow/example_dags/example_branch_python_dop_operator_3.py
[2022-04-11 13:29:25,319] {logging_mixin.py:109} INFO - [2022-04-11 13:29:25,319] {dag.py:2398} INFO - Sync 1 DAGs
[2022-04-11 13:29:25,349] {logging_mixin.py:109} INFO - [2022-04-11 13:29:25,349] {dag.py:2937} INFO - Setting next_dagrun for example_branch_dop_operator_v3 to 2022-04-11T13:28:00+00:00
[2022-04-11 13:29:25,362] {processor.py:171} INFO - Processing /home/airflow/.local/lib/python3.7/site-packages/airflow/example_dags/example_branch_python_dop_operator_3.py took 0.095 seconds
[2022-04-11 13:29:55,730] {processor.py:163} INFO - Started process (PID=563) to work on /home/airflow/.local/lib/python3.7/site-packages/airflow/example_dags/example_branch_python_dop_operator_3.py
[2022-04-11 13:29:55,732] {processor.py:642} INFO - Processing file /home/airflow/.local/lib/python3.7/site-packages/airflow/example_dags/example_branch_python_dop_operator_3.py for tasks to queue
[2022-04-11 13:29:55,733] {logging_mixin.py:109} INFO - [2022-04-11 13:29:55,733] {dagbag.py:500} INFO - Filling up the DagBag from /home/airflow/.local/lib/python3.7/site-packages/airflow/example_dags/example_branch_python_dop_operator_3.py
[2022-04-11 13:29:55,753] {processor.py:652} INFO - DAG(s) dict_keys(['example_branch_dop_operator_v3']) retrieved from /home/airflow/.local/lib/python3.7/site-packages/airflow/example_dags/example_branch_python_dop_operator_3.py
[2022-04-11 13:29:55,775] {logging_mixin.py:109} INFO - [2022-04-11 13:29:55,775] {dag.py:2398} INFO - Sync 1 DAGs
[2022-04-11 13:29:55,803] {logging_mixin.py:109} INFO - [2022-04-11 13:29:55,803] {dag.py:2937} INFO - Setting next_dagrun for example_branch_dop_operator_v3 to 2022-04-11T13:28:00+00:00
[2022-04-11 13:29:55,815] {processor.py:171} INFO - Processing /home/airflow/.local/lib/python3.7/site-packages/airflow/example_dags/example_branch_python_dop_operator_3.py took 0.090 seconds
[2022-04-11 13:30:26,316] {processor.py:163} INFO - Started process (PID=623) to work on /home/airflow/.local/lib/python3.7/site-packages/airflow/example_dags/example_branch_python_dop_operator_3.py
[2022-04-11 13:30:26,319] {processor.py:642} INFO - Processing file /home/airflow/.local/lib/python3.7/site-packages/airflow/example_dags/example_branch_python_dop_operator_3.py for tasks to queue
[2022-04-11 13:30:26,321] {logging_mixin.py:109} INFO - [2022-04-11 13:30:26,321] {dagbag.py:500} INFO - Filling up the DagBag from /home/airflow/.local/lib/python3.7/site-packages/airflow/example_dags/example_branch_python_dop_operator_3.py
[2022-04-11 13:30:26,344] {processor.py:652} INFO - DAG(s) dict_keys(['example_branch_dop_operator_v3']) retrieved from /home/airflow/.local/lib/python3.7/site-packages/airflow/example_dags/example_branch_python_dop_operator_3.py
[2022-04-11 13:30:26,369] {logging_mixin.py:109} INFO - [2022-04-11 13:30:26,369] {dag.py:2398} INFO - Sync 1 DAGs
[2022-04-11 13:30:26,398] {logging_mixin.py:109} INFO - [2022-04-11 13:30:26,398] {dag.py:2937} INFO - Setting next_dagrun for example_branch_dop_operator_v3 to 2022-04-11T13:29:00+00:00
[2022-04-11 13:30:26,410] {processor.py:171} INFO - Processing /home/airflow/.local/lib/python3.7/site-packages/airflow/example_dags/example_branch_python_dop_operator_3.py took 0.100 seconds
[2022-04-11 13:30:56,642] {processor.py:163} INFO - Started process (PID=674) to work on /home/airflow/.local/lib/python3.7/site-packages/airflow/example_dags/example_branch_python_dop_operator_3.py
[2022-04-11 13:30:56,644] {processor.py:642} INFO - Processing file /home/airflow/.local/lib/python3.7/site-packages/airflow/example_dags/example_branch_python_dop_operator_3.py for tasks to queue
[2022-04-11 13:30:56,645] {logging_mixin.py:109} INFO - [2022-04-11 13:30:56,645] {dagbag.py:500} INFO - Filling up the DagBag from /home/airflow/.local/lib/python3.7/site-packages/airflow/example_dags/example_branch_python_dop_operator_3.py
[2022-04-11 13:30:56,665] {processor.py:652} INFO - DAG(s) dict_keys(['example_branch_dop_operator_v3']) retrieved from /home/airflow/.local/lib/python3.7/site-packages/airflow/example_dags/example_branch_python_dop_operator_3.py
[2022-04-11 13:30:56,687] {logging_mixin.py:109} INFO - [2022-04-11 13:30:56,687] {dag.py:2398} INFO - Sync 1 DAGs
[2022-04-11 13:30:56,720] {logging_mixin.py:109} INFO - [2022-04-11 13:30:56,720] {dag.py:2937} INFO - Setting next_dagrun for example_branch_dop_operator_v3 to 2022-04-11T13:29:00+00:00
[2022-04-11 13:30:56,732] {processor.py:171} INFO - Processing /home/airflow/.local/lib/python3.7/site-packages/airflow/example_dags/example_branch_python_dop_operator_3.py took 0.095 seconds
[2022-04-11 13:31:27,135] {processor.py:163} INFO - Started process (PID=736) to work on /home/airflow/.local/lib/python3.7/site-packages/airflow/example_dags/example_branch_python_dop_operator_3.py
[2022-04-11 13:31:27,138] {processor.py:642} INFO - Processing file /home/airflow/.local/lib/python3.7/site-packages/airflow/example_dags/example_branch_python_dop_operator_3.py for tasks to queue
[2022-04-11 13:31:27,141] {logging_mixin.py:109} INFO - [2022-04-11 13:31:27,141] {dagbag.py:500} INFO - Filling up the DagBag from /home/airflow/.local/lib/python3.7/site-packages/airflow/example_dags/example_branch_python_dop_operator_3.py
[2022-04-11 13:31:27,174] {processor.py:652} INFO - DAG(s) dict_keys(['example_branch_dop_operator_v3']) retrieved from /home/airflow/.local/lib/python3.7/site-packages/airflow/example_dags/example_branch_python_dop_operator_3.py
[2022-04-11 13:31:27,209] {logging_mixin.py:109} INFO - [2022-04-11 13:31:27,209] {dag.py:2398} INFO - Sync 1 DAGs
[2022-04-11 13:31:27,244] {logging_mixin.py:109} INFO - [2022-04-11 13:31:27,243] {dag.py:2937} INFO - Setting next_dagrun for example_branch_dop_operator_v3 to 2022-04-11T13:30:00+00:00
[2022-04-11 13:31:27,263] {processor.py:171} INFO - Processing /home/airflow/.local/lib/python3.7/site-packages/airflow/example_dags/example_branch_python_dop_operator_3.py took 0.141 seconds
[2022-04-11 13:31:57,765] {processor.py:163} INFO - Started process (PID=798) to work on /home/airflow/.local/lib/python3.7/site-packages/airflow/example_dags/example_branch_python_dop_operator_3.py
[2022-04-11 13:31:57,767] {processor.py:642} INFO - Processing file /home/airflow/.local/lib/python3.7/site-packages/airflow/example_dags/example_branch_python_dop_operator_3.py for tasks to queue
[2022-04-11 13:31:57,769] {logging_mixin.py:109} INFO - [2022-04-11 13:31:57,769] {dagbag.py:500} INFO - Filling up the DagBag from /home/airflow/.local/lib/python3.7/site-packages/airflow/example_dags/example_branch_python_dop_operator_3.py
[2022-04-11 13:31:57,790] {processor.py:652} INFO - DAG(s) dict_keys(['example_branch_dop_operator_v3']) retrieved from /home/airflow/.local/lib/python3.7/site-packages/airflow/example_dags/example_branch_python_dop_operator_3.py
[2022-04-11 13:31:57,813] {logging_mixin.py:109} INFO - [2022-04-11 13:31:57,813] {dag.py:2398} INFO - Sync 1 DAGs
[2022-04-11 13:31:57,841] {logging_mixin.py:109} INFO - [2022-04-11 13:31:57,841] {dag.py:2937} INFO - Setting next_dagrun for example_branch_dop_operator_v3 to 2022-04-11T13:30:00+00:00
[2022-04-11 13:31:57,852] {processor.py:171} INFO - Processing /home/airflow/.local/lib/python3.7/site-packages/airflow/example_dags/example_branch_python_dop_operator_3.py took 0.094 seconds
[2022-04-11 13:32:28,335] {processor.py:163} INFO - Started process (PID=850) to work on /home/airflow/.local/lib/python3.7/site-packages/airflow/example_dags/example_branch_python_dop_operator_3.py
[2022-04-11 13:32:28,341] {processor.py:642} INFO - Processing file /home/airflow/.local/lib/python3.7/site-packages/airflow/example_dags/example_branch_python_dop_operator_3.py for tasks to queue
[2022-04-11 13:32:28,345] {logging_mixin.py:109} INFO - [2022-04-11 13:32:28,345] {dagbag.py:500} INFO - Filling up the DagBag from /home/airflow/.local/lib/python3.7/site-packages/airflow/example_dags/example_branch_python_dop_operator_3.py
[2022-04-11 13:32:28,380] {processor.py:652} INFO - DAG(s) dict_keys(['example_branch_dop_operator_v3']) retrieved from /home/airflow/.local/lib/python3.7/site-packages/airflow/example_dags/example_branch_python_dop_operator_3.py
[2022-04-11 13:32:28,438] {logging_mixin.py:109} INFO - [2022-04-11 13:32:28,438] {dag.py:2398} INFO - Sync 1 DAGs
[2022-04-11 13:32:28,491] {logging_mixin.py:109} INFO - [2022-04-11 13:32:28,490] {dag.py:2937} INFO - Setting next_dagrun for example_branch_dop_operator_v3 to 2022-04-11T13:31:00+00:00
[2022-04-11 13:32:28,511] {processor.py:171} INFO - Processing /home/airflow/.local/lib/python3.7/site-packages/airflow/example_dags/example_branch_python_dop_operator_3.py took 0.183 seconds
[2022-04-11 13:32:58,951] {processor.py:163} INFO - Started process (PID=912) to work on /home/airflow/.local/lib/python3.7/site-packages/airflow/example_dags/example_branch_python_dop_operator_3.py
[2022-04-11 13:32:58,953] {processor.py:642} INFO - Processing file /home/airflow/.local/lib/python3.7/site-packages/airflow/example_dags/example_branch_python_dop_operator_3.py for tasks to queue
[2022-04-11 13:32:58,954] {logging_mixin.py:109} INFO - [2022-04-11 13:32:58,954] {dagbag.py:500} INFO - Filling up the DagBag from /home/airflow/.local/lib/python3.7/site-packages/airflow/example_dags/example_branch_python_dop_operator_3.py
[2022-04-11 13:32:58,976] {processor.py:652} INFO - DAG(s) dict_keys(['example_branch_dop_operator_v3']) retrieved from /home/airflow/.local/lib/python3.7/site-packages/airflow/example_dags/example_branch_python_dop_operator_3.py
[2022-04-11 13:32:59,004] {logging_mixin.py:109} INFO - [2022-04-11 13:32:59,004] {dag.py:2398} INFO - Sync 1 DAGs
[2022-04-11 13:32:59,034] {logging_mixin.py:109} INFO - [2022-04-11 13:32:59,033] {dag.py:2937} INFO - Setting next_dagrun for example_branch_dop_operator_v3 to 2022-04-11T13:31:00+00:00
[2022-04-11 13:32:59,047] {processor.py:171} INFO - Processing /home/airflow/.local/lib/python3.7/site-packages/airflow/example_dags/example_branch_python_dop_operator_3.py took 0.099 seconds
[2022-04-11 13:33:29,400] {processor.py:163} INFO - Started process (PID=963) to work on /home/airflow/.local/lib/python3.7/site-packages/airflow/example_dags/example_branch_python_dop_operator_3.py
[2022-04-11 13:33:29,402] {processor.py:642} INFO - Processing file /home/airflow/.local/lib/python3.7/site-packages/airflow/example_dags/example_branch_python_dop_operator_3.py for tasks to queue
[2022-04-11 13:33:29,403] {logging_mixin.py:109} INFO - [2022-04-11 13:33:29,403] {dagbag.py:500} INFO - Filling up the DagBag from /home/airflow/.local/lib/python3.7/site-packages/airflow/example_dags/example_branch_python_dop_operator_3.py
[2022-04-11 13:33:29,425] {processor.py:652} INFO - DAG(s) dict_keys(['example_branch_dop_operator_v3']) retrieved from /home/airflow/.local/lib/python3.7/site-packages/airflow/example_dags/example_branch_python_dop_operator_3.py
[2022-04-11 13:33:29,450] {logging_mixin.py:109} INFO - [2022-04-11 13:33:29,450] {dag.py:2398} INFO - Sync 1 DAGs
[2022-04-11 13:33:29,479] {logging_mixin.py:109} INFO - [2022-04-11 13:33:29,479] {dag.py:2937} INFO - Setting next_dagrun for example_branch_dop_operator_v3 to 2022-04-11T13:32:00+00:00
[2022-04-11 13:33:29,493] {processor.py:171} INFO - Processing /home/airflow/.local/lib/python3.7/site-packages/airflow/example_dags/example_branch_python_dop_operator_3.py took 0.097 seconds
[2022-04-11 13:33:59,547] {processor.py:163} INFO - Started process (PID=1025) to work on /home/airflow/.local/lib/python3.7/site-packages/airflow/example_dags/example_branch_python_dop_operator_3.py
[2022-04-11 13:33:59,549] {processor.py:642} INFO - Processing file /home/airflow/.local/lib/python3.7/site-packages/airflow/example_dags/example_branch_python_dop_operator_3.py for tasks to queue
[2022-04-11 13:33:59,551] {logging_mixin.py:109} INFO - [2022-04-11 13:33:59,551] {dagbag.py:500} INFO - Filling up the DagBag from /home/airflow/.local/lib/python3.7/site-packages/airflow/example_dags/example_branch_python_dop_operator_3.py
[2022-04-11 13:33:59,577] {processor.py:652} INFO - DAG(s) dict_keys(['example_branch_dop_operator_v3']) retrieved from /home/airflow/.local/lib/python3.7/site-packages/airflow/example_dags/example_branch_python_dop_operator_3.py
[2022-04-11 13:33:59,605] {logging_mixin.py:109} INFO - [2022-04-11 13:33:59,605] {dag.py:2398} INFO - Sync 1 DAGs
[2022-04-11 13:33:59,635] {logging_mixin.py:109} INFO - [2022-04-11 13:33:59,635] {dag.py:2937} INFO - Setting next_dagrun for example_branch_dop_operator_v3 to 2022-04-11T13:32:00+00:00
[2022-04-11 13:33:59,651] {processor.py:171} INFO - Processing /home/airflow/.local/lib/python3.7/site-packages/airflow/example_dags/example_branch_python_dop_operator_3.py took 0.111 seconds
[2022-04-11 13:34:29,723] {processor.py:163} INFO - Started process (PID=1076) to work on /home/airflow/.local/lib/python3.7/site-packages/airflow/example_dags/example_branch_python_dop_operator_3.py
[2022-04-11 13:34:29,726] {processor.py:642} INFO - Processing file /home/airflow/.local/lib/python3.7/site-packages/airflow/example_dags/example_branch_python_dop_operator_3.py for tasks to queue
[2022-04-11 13:34:29,727] {logging_mixin.py:109} INFO - [2022-04-11 13:34:29,727] {dagbag.py:500} INFO - Filling up the DagBag from /home/airflow/.local/lib/python3.7/site-packages/airflow/example_dags/example_branch_python_dop_operator_3.py
[2022-04-11 13:34:29,757] {processor.py:652} INFO - DAG(s) dict_keys(['example_branch_dop_operator_v3']) retrieved from /home/airflow/.local/lib/python3.7/site-packages/airflow/example_dags/example_branch_python_dop_operator_3.py
[2022-04-11 13:34:29,790] {logging_mixin.py:109} INFO - [2022-04-11 13:34:29,790] {dag.py:2398} INFO - Sync 1 DAGs
[2022-04-11 13:34:29,825] {logging_mixin.py:109} INFO - [2022-04-11 13:34:29,825] {dag.py:2937} INFO - Setting next_dagrun for example_branch_dop_operator_v3 to 2022-04-11T13:33:00+00:00
[2022-04-11 13:34:29,841] {processor.py:171} INFO - Processing /home/airflow/.local/lib/python3.7/site-packages/airflow/example_dags/example_branch_python_dop_operator_3.py took 0.122 seconds
[2022-04-11 13:35:00,503] {processor.py:163} INFO - Started process (PID=1138) to work on /home/airflow/.local/lib/python3.7/site-packages/airflow/example_dags/example_branch_python_dop_operator_3.py
[2022-04-11 13:35:00,505] {processor.py:642} INFO - Processing file /home/airflow/.local/lib/python3.7/site-packages/airflow/example_dags/example_branch_python_dop_operator_3.py for tasks to queue
[2022-04-11 13:35:00,507] {logging_mixin.py:109} INFO - [2022-04-11 13:35:00,507] {dagbag.py:500} INFO - Filling up the DagBag from /home/airflow/.local/lib/python3.7/site-packages/airflow/example_dags/example_branch_python_dop_operator_3.py
[2022-04-11 13:35:00,529] {processor.py:652} INFO - DAG(s) dict_keys(['example_branch_dop_operator_v3']) retrieved from /home/airflow/.local/lib/python3.7/site-packages/airflow/example_dags/example_branch_python_dop_operator_3.py
[2022-04-11 13:35:00,555] {logging_mixin.py:109} INFO - [2022-04-11 13:35:00,555] {dag.py:2398} INFO - Sync 1 DAGs
[2022-04-11 13:35:00,584] {logging_mixin.py:109} INFO - [2022-04-11 13:35:00,584] {dag.py:2937} INFO - Setting next_dagrun for example_branch_dop_operator_v3 to 2022-04-11T13:34:00+00:00
[2022-04-11 13:35:00,595] {processor.py:171} INFO - Processing /home/airflow/.local/lib/python3.7/site-packages/airflow/example_dags/example_branch_python_dop_operator_3.py took 0.097 seconds
[2022-04-11 13:35:30,755] {processor.py:163} INFO - Started process (PID=1189) to work on /home/airflow/.local/lib/python3.7/site-packages/airflow/example_dags/example_branch_python_dop_operator_3.py
[2022-04-11 13:35:30,756] {processor.py:642} INFO - Processing file /home/airflow/.local/lib/python3.7/site-packages/airflow/example_dags/example_branch_python_dop_operator_3.py for tasks to queue
[2022-04-11 13:35:30,757] {logging_mixin.py:109} INFO - [2022-04-11 13:35:30,757] {dagbag.py:500} INFO - Filling up the DagBag from /home/airflow/.local/lib/python3.7/site-packages/airflow/example_dags/example_branch_python_dop_operator_3.py
[2022-04-11 13:35:30,781] {processor.py:652} INFO - DAG(s) dict_keys(['example_branch_dop_operator_v3']) retrieved from /home/airflow/.local/lib/python3.7/site-packages/airflow/example_dags/example_branch_python_dop_operator_3.py
[2022-04-11 13:35:30,811] {logging_mixin.py:109} INFO - [2022-04-11 13:35:30,810] {dag.py:2398} INFO - Sync 1 DAGs
[2022-04-11 13:35:30,842] {logging_mixin.py:109} INFO - [2022-04-11 13:35:30,842] {dag.py:2937} INFO - Setting next_dagrun for example_branch_dop_operator_v3 to 2022-04-11T13:34:00+00:00
[2022-04-11 13:35:30,854] {processor.py:171} INFO - Processing /home/airflow/.local/lib/python3.7/site-packages/airflow/example_dags/example_branch_python_dop_operator_3.py took 0.103 seconds
[2022-04-11 13:36:01,135] {processor.py:163} INFO - Started process (PID=1250) to work on /home/airflow/.local/lib/python3.7/site-packages/airflow/example_dags/example_branch_python_dop_operator_3.py
[2022-04-11 13:36:01,137] {processor.py:642} INFO - Processing file /home/airflow/.local/lib/python3.7/site-packages/airflow/example_dags/example_branch_python_dop_operator_3.py for tasks to queue
[2022-04-11 13:36:01,138] {logging_mixin.py:109} INFO - [2022-04-11 13:36:01,138] {dagbag.py:500} INFO - Filling up the DagBag from /home/airflow/.local/lib/python3.7/site-packages/airflow/example_dags/example_branch_python_dop_operator_3.py
[2022-04-11 13:36:01,159] {processor.py:652} INFO - DAG(s) dict_keys(['example_branch_dop_operator_v3']) retrieved from /home/airflow/.local/lib/python3.7/site-packages/airflow/example_dags/example_branch_python_dop_operator_3.py
[2022-04-11 13:36:01,181] {logging_mixin.py:109} INFO - [2022-04-11 13:36:01,181] {dag.py:2398} INFO - Sync 1 DAGs
[2022-04-11 13:36:01,207] {logging_mixin.py:109} INFO - [2022-04-11 13:36:01,207] {dag.py:2937} INFO - Setting next_dagrun for example_branch_dop_operator_v3 to 2022-04-11T13:35:00+00:00
[2022-04-11 13:36:01,219] {processor.py:171} INFO - Processing /home/airflow/.local/lib/python3.7/site-packages/airflow/example_dags/example_branch_python_dop_operator_3.py took 0.088 seconds
[2022-04-11 13:36:31,495] {processor.py:163} INFO - Started process (PID=1301) to work on /home/airflow/.local/lib/python3.7/site-packages/airflow/example_dags/example_branch_python_dop_operator_3.py
[2022-04-11 13:36:31,498] {processor.py:642} INFO - Processing file /home/airflow/.local/lib/python3.7/site-packages/airflow/example_dags/example_branch_python_dop_operator_3.py for tasks to queue
[2022-04-11 13:36:31,499] {logging_mixin.py:109} INFO - [2022-04-11 13:36:31,499] {dagbag.py:500} INFO - Filling up the DagBag from /home/airflow/.local/lib/python3.7/site-packages/airflow/example_dags/example_branch_python_dop_operator_3.py
[2022-04-11 13:36:31,524] {processor.py:652} INFO - DAG(s) dict_keys(['example_branch_dop_operator_v3']) retrieved from /home/airflow/.local/lib/python3.7/site-packages/airflow/example_dags/example_branch_python_dop_operator_3.py
[2022-04-11 13:36:31,551] {logging_mixin.py:109} INFO - [2022-04-11 13:36:31,551] {dag.py:2398} INFO - Sync 1 DAGs
[2022-04-11 13:36:31,583] {logging_mixin.py:109} INFO - [2022-04-11 13:36:31,583] {dag.py:2937} INFO - Setting next_dagrun for example_branch_dop_operator_v3 to 2022-04-11T13:35:00+00:00
[2022-04-11 13:36:31,596] {processor.py:171} INFO - Processing /home/airflow/.local/lib/python3.7/site-packages/airflow/example_dags/example_branch_python_dop_operator_3.py took 0.105 seconds
[2022-04-11 13:37:01,925] {processor.py:163} INFO - Started process (PID=1358) to work on /home/airflow/.local/lib/python3.7/site-packages/airflow/example_dags/example_branch_python_dop_operator_3.py
[2022-04-11 13:37:01,928] {processor.py:642} INFO - Processing file /home/airflow/.local/lib/python3.7/site-packages/airflow/example_dags/example_branch_python_dop_operator_3.py for tasks to queue
[2022-04-11 13:37:01,932] {logging_mixin.py:109} INFO - [2022-04-11 13:37:01,932] {dagbag.py:500} INFO - Filling up the DagBag from /home/airflow/.local/lib/python3.7/site-packages/airflow/example_dags/example_branch_python_dop_operator_3.py
[2022-04-11 13:37:01,971] {processor.py:652} INFO - DAG(s) dict_keys(['example_branch_dop_operator_v3']) retrieved from /home/airflow/.local/lib/python3.7/site-packages/airflow/example_dags/example_branch_python_dop_operator_3.py
[2022-04-11 13:37:02,012] {logging_mixin.py:109} INFO - [2022-04-11 13:37:02,011] {dag.py:2398} INFO - Sync 1 DAGs
[2022-04-11 13:37:02,073] {logging_mixin.py:109} INFO - [2022-04-11 13:37:02,073] {dag.py:2937} INFO - Setting next_dagrun for example_branch_dop_operator_v3 to 2022-04-11T13:36:00+00:00
[2022-04-11 13:37:02,108] {processor.py:171} INFO - Processing /home/airflow/.local/lib/python3.7/site-packages/airflow/example_dags/example_branch_python_dop_operator_3.py took 0.190 seconds
[2022-04-11 13:37:32,540] {processor.py:163} INFO - Started process (PID=1420) to work on /home/airflow/.local/lib/python3.7/site-packages/airflow/example_dags/example_branch_python_dop_operator_3.py
[2022-04-11 13:37:32,543] {processor.py:642} INFO - Processing file /home/airflow/.local/lib/python3.7/site-packages/airflow/example_dags/example_branch_python_dop_operator_3.py for tasks to queue
[2022-04-11 13:37:32,544] {logging_mixin.py:109} INFO - [2022-04-11 13:37:32,544] {dagbag.py:500} INFO - Filling up the DagBag from /home/airflow/.local/lib/python3.7/site-packages/airflow/example_dags/example_branch_python_dop_operator_3.py
[2022-04-11 13:37:32,569] {processor.py:652} INFO - DAG(s) dict_keys(['example_branch_dop_operator_v3']) retrieved from /home/airflow/.local/lib/python3.7/site-packages/airflow/example_dags/example_branch_python_dop_operator_3.py
[2022-04-11 13:37:32,602] {logging_mixin.py:109} INFO - [2022-04-11 13:37:32,602] {dag.py:2398} INFO - Sync 1 DAGs
[2022-04-11 13:37:32,641] {logging_mixin.py:109} INFO - [2022-04-11 13:37:32,641] {dag.py:2937} INFO - Setting next_dagrun for example_branch_dop_operator_v3 to 2022-04-11T13:36:00+00:00
[2022-04-11 13:37:32,655] {processor.py:171} INFO - Processing /home/airflow/.local/lib/python3.7/site-packages/airflow/example_dags/example_branch_python_dop_operator_3.py took 0.120 seconds
[2022-04-11 13:38:02,699] {processor.py:163} INFO - Started process (PID=1473) to work on /home/airflow/.local/lib/python3.7/site-packages/airflow/example_dags/example_branch_python_dop_operator_3.py
[2022-04-11 13:38:02,701] {processor.py:642} INFO - Processing file /home/airflow/.local/lib/python3.7/site-packages/airflow/example_dags/example_branch_python_dop_operator_3.py for tasks to queue
[2022-04-11 13:38:02,703] {logging_mixin.py:109} INFO - [2022-04-11 13:38:02,703] {dagbag.py:500} INFO - Filling up the DagBag from /home/airflow/.local/lib/python3.7/site-packages/airflow/example_dags/example_branch_python_dop_operator_3.py
[2022-04-11 13:38:02,728] {processor.py:652} INFO - DAG(s) dict_keys(['example_branch_dop_operator_v3']) retrieved from /home/airflow/.local/lib/python3.7/site-packages/airflow/example_dags/example_branch_python_dop_operator_3.py
[2022-04-11 13:38:02,752] {logging_mixin.py:109} INFO - [2022-04-11 13:38:02,752] {dag.py:2398} INFO - Sync 1 DAGs
[2022-04-11 13:38:02,788] {logging_mixin.py:109} INFO - [2022-04-11 13:38:02,787] {dag.py:2937} INFO - Setting next_dagrun for example_branch_dop_operator_v3 to 2022-04-11T13:37:00+00:00
[2022-04-11 13:38:02,799] {processor.py:171} INFO - Processing /home/airflow/.local/lib/python3.7/site-packages/airflow/example_dags/example_branch_python_dop_operator_3.py took 0.105 seconds
[2022-04-11 13:38:33,204] {processor.py:163} INFO - Started process (PID=1535) to work on /home/airflow/.local/lib/python3.7/site-packages/airflow/example_dags/example_branch_python_dop_operator_3.py
[2022-04-11 13:38:33,206] {processor.py:642} INFO - Processing file /home/airflow/.local/lib/python3.7/site-packages/airflow/example_dags/example_branch_python_dop_operator_3.py for tasks to queue
[2022-04-11 13:38:33,208] {logging_mixin.py:109} INFO - [2022-04-11 13:38:33,208] {dagbag.py:500} INFO - Filling up the DagBag from /home/airflow/.local/lib/python3.7/site-packages/airflow/example_dags/example_branch_python_dop_operator_3.py
[2022-04-11 13:38:33,230] {processor.py:652} INFO - DAG(s) dict_keys(['example_branch_dop_operator_v3']) retrieved from /home/airflow/.local/lib/python3.7/site-packages/airflow/example_dags/example_branch_python_dop_operator_3.py
[2022-04-11 13:38:33,268] {logging_mixin.py:109} INFO - [2022-04-11 13:38:33,268] {dag.py:2398} INFO - Sync 1 DAGs
[2022-04-11 13:38:33,309] {logging_mixin.py:109} INFO - [2022-04-11 13:38:33,309] {dag.py:2937} INFO - Setting next_dagrun for example_branch_dop_operator_v3 to 2022-04-11T13:37:00+00:00
[2022-04-11 13:38:33,328] {processor.py:171} INFO - Processing /home/airflow/.local/lib/python3.7/site-packages/airflow/example_dags/example_branch_python_dop_operator_3.py took 0.128 seconds
[2022-04-11 13:39:04,001] {processor.py:163} INFO - Started process (PID=1587) to work on /home/airflow/.local/lib/python3.7/site-packages/airflow/example_dags/example_branch_python_dop_operator_3.py
[2022-04-11 13:39:04,005] {processor.py:642} INFO - Processing file /home/airflow/.local/lib/python3.7/site-packages/airflow/example_dags/example_branch_python_dop_operator_3.py for tasks to queue
[2022-04-11 13:39:04,009] {logging_mixin.py:109} INFO - [2022-04-11 13:39:04,009] {dagbag.py:500} INFO - Filling up the DagBag from /home/airflow/.local/lib/python3.7/site-packages/airflow/example_dags/example_branch_python_dop_operator_3.py
[2022-04-11 13:39:04,046] {processor.py:652} INFO - DAG(s) dict_keys(['example_branch_dop_operator_v3']) retrieved from /home/airflow/.local/lib/python3.7/site-packages/airflow/example_dags/example_branch_python_dop_operator_3.py
[2022-04-11 13:39:04,098] {logging_mixin.py:109} INFO - [2022-04-11 13:39:04,098] {dag.py:2398} INFO - Sync 1 DAGs
[2022-04-11 13:39:04,150] {logging_mixin.py:109} INFO - [2022-04-11 13:39:04,150] {dag.py:2937} INFO - Setting next_dagrun for example_branch_dop_operator_v3 to 2022-04-11T13:38:00+00:00
[2022-04-11 13:39:04,178] {processor.py:171} INFO - Processing /home/airflow/.local/lib/python3.7/site-packages/airflow/example_dags/example_branch_python_dop_operator_3.py took 0.185 seconds
[2022-04-11 13:39:34,359] {processor.py:163} INFO - Started process (PID=1648) to work on /home/airflow/.local/lib/python3.7/site-packages/airflow/example_dags/example_branch_python_dop_operator_3.py
[2022-04-11 13:39:34,362] {processor.py:642} INFO - Processing file /home/airflow/.local/lib/python3.7/site-packages/airflow/example_dags/example_branch_python_dop_operator_3.py for tasks to queue
[2022-04-11 13:39:34,364] {logging_mixin.py:109} INFO - [2022-04-11 13:39:34,364] {dagbag.py:500} INFO - Filling up the DagBag from /home/airflow/.local/lib/python3.7/site-packages/airflow/example_dags/example_branch_python_dop_operator_3.py
[2022-04-11 13:39:34,390] {processor.py:652} INFO - DAG(s) dict_keys(['example_branch_dop_operator_v3']) retrieved from /home/airflow/.local/lib/python3.7/site-packages/airflow/example_dags/example_branch_python_dop_operator_3.py
[2022-04-11 13:39:34,418] {logging_mixin.py:109} INFO - [2022-04-11 13:39:34,417] {dag.py:2398} INFO - Sync 1 DAGs
[2022-04-11 13:39:34,452] {logging_mixin.py:109} INFO - [2022-04-11 13:39:34,451] {dag.py:2937} INFO - Setting next_dagrun for example_branch_dop_operator_v3 to 2022-04-11T13:38:00+00:00
[2022-04-11 13:39:34,469] {processor.py:171} INFO - Processing /home/airflow/.local/lib/python3.7/site-packages/airflow/example_dags/example_branch_python_dop_operator_3.py took 0.114 seconds
[2022-04-11 13:40:04,586] {processor.py:163} INFO - Started process (PID=1700) to work on /home/airflow/.local/lib/python3.7/site-packages/airflow/example_dags/example_branch_python_dop_operator_3.py
[2022-04-11 13:40:04,588] {processor.py:642} INFO - Processing file /home/airflow/.local/lib/python3.7/site-packages/airflow/example_dags/example_branch_python_dop_operator_3.py for tasks to queue
[2022-04-11 13:40:04,590] {logging_mixin.py:109} INFO - [2022-04-11 13:40:04,590] {dagbag.py:500} INFO - Filling up the DagBag from /home/airflow/.local/lib/python3.7/site-packages/airflow/example_dags/example_branch_python_dop_operator_3.py
[2022-04-11 13:40:04,612] {processor.py:652} INFO - DAG(s) dict_keys(['example_branch_dop_operator_v3']) retrieved from /home/airflow/.local/lib/python3.7/site-packages/airflow/example_dags/example_branch_python_dop_operator_3.py
[2022-04-11 13:40:04,634] {logging_mixin.py:109} INFO - [2022-04-11 13:40:04,634] {dag.py:2398} INFO - Sync 1 DAGs
[2022-04-11 13:40:04,659] {logging_mixin.py:109} INFO - [2022-04-11 13:40:04,659] {dag.py:2937} INFO - Setting next_dagrun for example_branch_dop_operator_v3 to 2022-04-11T13:39:00+00:00
[2022-04-11 13:40:04,669] {processor.py:171} INFO - Processing /home/airflow/.local/lib/python3.7/site-packages/airflow/example_dags/example_branch_python_dop_operator_3.py took 0.087 seconds
[2022-04-11 13:40:34,917] {processor.py:163} INFO - Started process (PID=1753) to work on /home/airflow/.local/lib/python3.7/site-packages/airflow/example_dags/example_branch_python_dop_operator_3.py
[2022-04-11 13:40:34,919] {processor.py:642} INFO - Processing file /home/airflow/.local/lib/python3.7/site-packages/airflow/example_dags/example_branch_python_dop_operator_3.py for tasks to queue
[2022-04-11 13:40:34,920] {logging_mixin.py:109} INFO - [2022-04-11 13:40:34,920] {dagbag.py:500} INFO - Filling up the DagBag from /home/airflow/.local/lib/python3.7/site-packages/airflow/example_dags/example_branch_python_dop_operator_3.py
[2022-04-11 13:40:34,943] {processor.py:652} INFO - DAG(s) dict_keys(['example_branch_dop_operator_v3']) retrieved from /home/airflow/.local/lib/python3.7/site-packages/airflow/example_dags/example_branch_python_dop_operator_3.py
[2022-04-11 13:40:34,969] {logging_mixin.py:109} INFO - [2022-04-11 13:40:34,969] {dag.py:2398} INFO - Sync 1 DAGs
[2022-04-11 13:40:34,996] {logging_mixin.py:109} INFO - [2022-04-11 13:40:34,996] {dag.py:2937} INFO - Setting next_dagrun for example_branch_dop_operator_v3 to 2022-04-11T13:39:00+00:00
[2022-04-11 13:40:35,007] {processor.py:171} INFO - Processing /home/airflow/.local/lib/python3.7/site-packages/airflow/example_dags/example_branch_python_dop_operator_3.py took 0.094 seconds
[2022-04-11 13:41:05,616] {processor.py:163} INFO - Started process (PID=1817) to work on /home/airflow/.local/lib/python3.7/site-packages/airflow/example_dags/example_branch_python_dop_operator_3.py
[2022-04-11 13:41:05,618] {processor.py:642} INFO - Processing file /home/airflow/.local/lib/python3.7/site-packages/airflow/example_dags/example_branch_python_dop_operator_3.py for tasks to queue
[2022-04-11 13:41:05,620] {logging_mixin.py:109} INFO - [2022-04-11 13:41:05,620] {dagbag.py:500} INFO - Filling up the DagBag from /home/airflow/.local/lib/python3.7/site-packages/airflow/example_dags/example_branch_python_dop_operator_3.py
[2022-04-11 13:41:05,642] {processor.py:652} INFO - DAG(s) dict_keys(['example_branch_dop_operator_v3']) retrieved from /home/airflow/.local/lib/python3.7/site-packages/airflow/example_dags/example_branch_python_dop_operator_3.py
[2022-04-11 13:41:05,665] {logging_mixin.py:109} INFO - [2022-04-11 13:41:05,665] {dag.py:2398} INFO - Sync 1 DAGs
[2022-04-11 13:41:05,692] {logging_mixin.py:109} INFO - [2022-04-11 13:41:05,692] {dag.py:2937} INFO - Setting next_dagrun for example_branch_dop_operator_v3 to 2022-04-11T13:40:00+00:00
[2022-04-11 13:41:05,706] {processor.py:171} INFO - Processing /home/airflow/.local/lib/python3.7/site-packages/airflow/example_dags/example_branch_python_dop_operator_3.py took 0.094 seconds
[2022-04-11 13:41:36,194] {processor.py:163} INFO - Started process (PID=1870) to work on /home/airflow/.local/lib/python3.7/site-packages/airflow/example_dags/example_branch_python_dop_operator_3.py
[2022-04-11 13:41:36,197] {processor.py:642} INFO - Processing file /home/airflow/.local/lib/python3.7/site-packages/airflow/example_dags/example_branch_python_dop_operator_3.py for tasks to queue
[2022-04-11 13:41:36,198] {logging_mixin.py:109} INFO - [2022-04-11 13:41:36,198] {dagbag.py:500} INFO - Filling up the DagBag from /home/airflow/.local/lib/python3.7/site-packages/airflow/example_dags/example_branch_python_dop_operator_3.py
[2022-04-11 13:41:36,222] {processor.py:652} INFO - DAG(s) dict_keys(['example_branch_dop_operator_v3']) retrieved from /home/airflow/.local/lib/python3.7/site-packages/airflow/example_dags/example_branch_python_dop_operator_3.py
[2022-04-11 13:41:36,248] {logging_mixin.py:109} INFO - [2022-04-11 13:41:36,247] {dag.py:2398} INFO - Sync 1 DAGs
[2022-04-11 13:41:36,279] {logging_mixin.py:109} INFO - [2022-04-11 13:41:36,279] {dag.py:2937} INFO - Setting next_dagrun for example_branch_dop_operator_v3 to 2022-04-11T13:40:00+00:00
[2022-04-11 13:41:36,291] {processor.py:171} INFO - Processing /home/airflow/.local/lib/python3.7/site-packages/airflow/example_dags/example_branch_python_dop_operator_3.py took 0.102 seconds
[2022-04-11 13:42:06,857] {processor.py:163} INFO - Started process (PID=1932) to work on /home/airflow/.local/lib/python3.7/site-packages/airflow/example_dags/example_branch_python_dop_operator_3.py
[2022-04-11 13:42:06,859] {processor.py:642} INFO - Processing file /home/airflow/.local/lib/python3.7/site-packages/airflow/example_dags/example_branch_python_dop_operator_3.py for tasks to queue
[2022-04-11 13:42:06,860] {logging_mixin.py:109} INFO - [2022-04-11 13:42:06,860] {dagbag.py:500} INFO - Filling up the DagBag from /home/airflow/.local/lib/python3.7/site-packages/airflow/example_dags/example_branch_python_dop_operator_3.py
[2022-04-11 13:42:06,885] {processor.py:652} INFO - DAG(s) dict_keys(['example_branch_dop_operator_v3']) retrieved from /home/airflow/.local/lib/python3.7/site-packages/airflow/example_dags/example_branch_python_dop_operator_3.py
[2022-04-11 13:42:06,913] {logging_mixin.py:109} INFO - [2022-04-11 13:42:06,913] {dag.py:2398} INFO - Sync 1 DAGs
[2022-04-11 13:42:06,943] {logging_mixin.py:109} INFO - [2022-04-11 13:42:06,942] {dag.py:2937} INFO - Setting next_dagrun for example_branch_dop_operator_v3 to 2022-04-11T13:41:00+00:00
[2022-04-11 13:42:06,958] {processor.py:171} INFO - Processing /home/airflow/.local/lib/python3.7/site-packages/airflow/example_dags/example_branch_python_dop_operator_3.py took 0.106 seconds
[2022-04-11 13:42:37,852] {processor.py:163} INFO - Started process (PID=1984) to work on /home/airflow/.local/lib/python3.7/site-packages/airflow/example_dags/example_branch_python_dop_operator_3.py
[2022-04-11 13:42:37,855] {processor.py:642} INFO - Processing file /home/airflow/.local/lib/python3.7/site-packages/airflow/example_dags/example_branch_python_dop_operator_3.py for tasks to queue
[2022-04-11 13:42:37,857] {logging_mixin.py:109} INFO - [2022-04-11 13:42:37,857] {dagbag.py:500} INFO - Filling up the DagBag from /home/airflow/.local/lib/python3.7/site-packages/airflow/example_dags/example_branch_python_dop_operator_3.py
[2022-04-11 13:42:37,878] {processor.py:652} INFO - DAG(s) dict_keys(['example_branch_dop_operator_v3']) retrieved from /home/airflow/.local/lib/python3.7/site-packages/airflow/example_dags/example_branch_python_dop_operator_3.py
[2022-04-11 13:42:37,905] {logging_mixin.py:109} INFO - [2022-04-11 13:42:37,905] {dag.py:2398} INFO - Sync 1 DAGs
[2022-04-11 13:42:37,937] {logging_mixin.py:109} INFO - [2022-04-11 13:42:37,937] {dag.py:2937} INFO - Setting next_dagrun for example_branch_dop_operator_v3 to 2022-04-11T13:41:00+00:00
[2022-04-11 13:42:37,951] {processor.py:171} INFO - Processing /home/airflow/.local/lib/python3.7/site-packages/airflow/example_dags/example_branch_python_dop_operator_3.py took 0.103 seconds
[2022-04-11 13:43:08,014] {processor.py:163} INFO - Started process (PID=2037) to work on /home/airflow/.local/lib/python3.7/site-packages/airflow/example_dags/example_branch_python_dop_operator_3.py
[2022-04-11 13:43:08,019] {processor.py:642} INFO - Processing file /home/airflow/.local/lib/python3.7/site-packages/airflow/example_dags/example_branch_python_dop_operator_3.py for tasks to queue
[2022-04-11 13:43:08,022] {logging_mixin.py:109} INFO - [2022-04-11 13:43:08,022] {dagbag.py:500} INFO - Filling up the DagBag from /home/airflow/.local/lib/python3.7/site-packages/airflow/example_dags/example_branch_python_dop_operator_3.py
[2022-04-11 13:43:08,063] {processor.py:652} INFO - DAG(s) dict_keys(['example_branch_dop_operator_v3']) retrieved from /home/airflow/.local/lib/python3.7/site-packages/airflow/example_dags/example_branch_python_dop_operator_3.py
[2022-04-11 13:43:08,105] {logging_mixin.py:109} INFO - [2022-04-11 13:43:08,105] {dag.py:2398} INFO - Sync 1 DAGs
[2022-04-11 13:43:08,138] {logging_mixin.py:109} INFO - [2022-04-11 13:43:08,138] {dag.py:2937} INFO - Setting next_dagrun for example_branch_dop_operator_v3 to 2022-04-11T13:42:00+00:00
[2022-04-11 13:43:08,151] {processor.py:171} INFO - Processing /home/airflow/.local/lib/python3.7/site-packages/airflow/example_dags/example_branch_python_dop_operator_3.py took 0.142 seconds
[2022-04-11 13:43:38,207] {processor.py:163} INFO - Started process (PID=2100) to work on /home/airflow/.local/lib/python3.7/site-packages/airflow/example_dags/example_branch_python_dop_operator_3.py
[2022-04-11 13:43:38,209] {processor.py:642} INFO - Processing file /home/airflow/.local/lib/python3.7/site-packages/airflow/example_dags/example_branch_python_dop_operator_3.py for tasks to queue
[2022-04-11 13:43:38,210] {logging_mixin.py:109} INFO - [2022-04-11 13:43:38,210] {dagbag.py:500} INFO - Filling up the DagBag from /home/airflow/.local/lib/python3.7/site-packages/airflow/example_dags/example_branch_python_dop_operator_3.py
[2022-04-11 13:43:38,235] {processor.py:652} INFO - DAG(s) dict_keys(['example_branch_dop_operator_v3']) retrieved from /home/airflow/.local/lib/python3.7/site-packages/airflow/example_dags/example_branch_python_dop_operator_3.py
[2022-04-11 13:43:38,262] {logging_mixin.py:109} INFO - [2022-04-11 13:43:38,262] {dag.py:2398} INFO - Sync 1 DAGs
[2022-04-11 13:43:38,291] {logging_mixin.py:109} INFO - [2022-04-11 13:43:38,290] {dag.py:2937} INFO - Setting next_dagrun for example_branch_dop_operator_v3 to 2022-04-11T13:42:00+00:00
[2022-04-11 13:43:38,302] {processor.py:171} INFO - Processing /home/airflow/.local/lib/python3.7/site-packages/airflow/example_dags/example_branch_python_dop_operator_3.py took 0.101 seconds
[2022-04-11 13:44:08,938] {processor.py:163} INFO - Started process (PID=2153) to work on /home/airflow/.local/lib/python3.7/site-packages/airflow/example_dags/example_branch_python_dop_operator_3.py
[2022-04-11 13:44:08,941] {processor.py:642} INFO - Processing file /home/airflow/.local/lib/python3.7/site-packages/airflow/example_dags/example_branch_python_dop_operator_3.py for tasks to queue
[2022-04-11 13:44:08,942] {logging_mixin.py:109} INFO - [2022-04-11 13:44:08,942] {dagbag.py:500} INFO - Filling up the DagBag from /home/airflow/.local/lib/python3.7/site-packages/airflow/example_dags/example_branch_python_dop_operator_3.py
[2022-04-11 13:44:08,964] {processor.py:652} INFO - DAG(s) dict_keys(['example_branch_dop_operator_v3']) retrieved from /home/airflow/.local/lib/python3.7/site-packages/airflow/example_dags/example_branch_python_dop_operator_3.py
[2022-04-11 13:44:08,994] {logging_mixin.py:109} INFO - [2022-04-11 13:44:08,994] {dag.py:2398} INFO - Sync 1 DAGs
[2022-04-11 13:44:09,026] {logging_mixin.py:109} INFO - [2022-04-11 13:44:09,026] {dag.py:2937} INFO - Setting next_dagrun for example_branch_dop_operator_v3 to 2022-04-11T13:43:00+00:00
[2022-04-11 13:44:09,039] {processor.py:171} INFO - Processing /home/airflow/.local/lib/python3.7/site-packages/airflow/example_dags/example_branch_python_dop_operator_3.py took 0.105 seconds
[2022-04-11 13:44:39,163] {processor.py:163} INFO - Started process (PID=2214) to work on /home/airflow/.local/lib/python3.7/site-packages/airflow/example_dags/example_branch_python_dop_operator_3.py
[2022-04-11 13:44:39,166] {processor.py:642} INFO - Processing file /home/airflow/.local/lib/python3.7/site-packages/airflow/example_dags/example_branch_python_dop_operator_3.py for tasks to queue
[2022-04-11 13:44:39,169] {logging_mixin.py:109} INFO - [2022-04-11 13:44:39,168] {dagbag.py:500} INFO - Filling up the DagBag from /home/airflow/.local/lib/python3.7/site-packages/airflow/example_dags/example_branch_python_dop_operator_3.py
[2022-04-11 13:44:39,204] {processor.py:652} INFO - DAG(s) dict_keys(['example_branch_dop_operator_v3']) retrieved from /home/airflow/.local/lib/python3.7/site-packages/airflow/example_dags/example_branch_python_dop_operator_3.py
[2022-04-11 13:44:39,237] {logging_mixin.py:109} INFO - [2022-04-11 13:44:39,236] {dag.py:2398} INFO - Sync 1 DAGs
[2022-04-11 13:44:39,277] {logging_mixin.py:109} INFO - [2022-04-11 13:44:39,277] {dag.py:2937} INFO - Setting next_dagrun for example_branch_dop_operator_v3 to 2022-04-11T13:43:00+00:00
[2022-04-11 13:44:39,292] {processor.py:171} INFO - Processing /home/airflow/.local/lib/python3.7/site-packages/airflow/example_dags/example_branch_python_dop_operator_3.py took 0.137 seconds
[2022-04-11 13:45:09,440] {processor.py:163} INFO - Started process (PID=2265) to work on /home/airflow/.local/lib/python3.7/site-packages/airflow/example_dags/example_branch_python_dop_operator_3.py
[2022-04-11 13:45:09,445] {processor.py:642} INFO - Processing file /home/airflow/.local/lib/python3.7/site-packages/airflow/example_dags/example_branch_python_dop_operator_3.py for tasks to queue
[2022-04-11 13:45:09,447] {logging_mixin.py:109} INFO - [2022-04-11 13:45:09,447] {dagbag.py:500} INFO - Filling up the DagBag from /home/airflow/.local/lib/python3.7/site-packages/airflow/example_dags/example_branch_python_dop_operator_3.py
[2022-04-11 13:45:09,497] {processor.py:652} INFO - DAG(s) dict_keys(['example_branch_dop_operator_v3']) retrieved from /home/airflow/.local/lib/python3.7/site-packages/airflow/example_dags/example_branch_python_dop_operator_3.py
[2022-04-11 13:45:09,554] {logging_mixin.py:109} INFO - [2022-04-11 13:45:09,553] {dag.py:2398} INFO - Sync 1 DAGs
[2022-04-11 13:45:09,607] {logging_mixin.py:109} INFO - [2022-04-11 13:45:09,607] {dag.py:2937} INFO - Setting next_dagrun for example_branch_dop_operator_v3 to 2022-04-11T13:44:00+00:00
[2022-04-11 13:45:09,628] {processor.py:171} INFO - Processing /home/airflow/.local/lib/python3.7/site-packages/airflow/example_dags/example_branch_python_dop_operator_3.py took 0.195 seconds
[2022-04-11 13:45:40,291] {processor.py:163} INFO - Started process (PID=2316) to work on /home/airflow/.local/lib/python3.7/site-packages/airflow/example_dags/example_branch_python_dop_operator_3.py
[2022-04-11 13:45:40,294] {processor.py:642} INFO - Processing file /home/airflow/.local/lib/python3.7/site-packages/airflow/example_dags/example_branch_python_dop_operator_3.py for tasks to queue
[2022-04-11 13:45:40,297] {logging_mixin.py:109} INFO - [2022-04-11 13:45:40,297] {dagbag.py:500} INFO - Filling up the DagBag from /home/airflow/.local/lib/python3.7/site-packages/airflow/example_dags/example_branch_python_dop_operator_3.py
[2022-04-11 13:45:40,326] {processor.py:652} INFO - DAG(s) dict_keys(['example_branch_dop_operator_v3']) retrieved from /home/airflow/.local/lib/python3.7/site-packages/airflow/example_dags/example_branch_python_dop_operator_3.py
[2022-04-11 13:45:40,363] {logging_mixin.py:109} INFO - [2022-04-11 13:45:40,363] {dag.py:2398} INFO - Sync 1 DAGs
[2022-04-11 13:45:40,399] {logging_mixin.py:109} INFO - [2022-04-11 13:45:40,399] {dag.py:2937} INFO - Setting next_dagrun for example_branch_dop_operator_v3 to 2022-04-11T13:44:00+00:00
[2022-04-11 13:45:40,413] {processor.py:171} INFO - Processing /home/airflow/.local/lib/python3.7/site-packages/airflow/example_dags/example_branch_python_dop_operator_3.py took 0.127 seconds
[2022-04-11 13:46:10,699] {processor.py:163} INFO - Started process (PID=2378) to work on /home/airflow/.local/lib/python3.7/site-packages/airflow/example_dags/example_branch_python_dop_operator_3.py
[2022-04-11 13:46:10,701] {processor.py:642} INFO - Processing file /home/airflow/.local/lib/python3.7/site-packages/airflow/example_dags/example_branch_python_dop_operator_3.py for tasks to queue
[2022-04-11 13:46:10,702] {logging_mixin.py:109} INFO - [2022-04-11 13:46:10,702] {dagbag.py:500} INFO - Filling up the DagBag from /home/airflow/.local/lib/python3.7/site-packages/airflow/example_dags/example_branch_python_dop_operator_3.py
[2022-04-11 13:46:10,726] {processor.py:652} INFO - DAG(s) dict_keys(['example_branch_dop_operator_v3']) retrieved from /home/airflow/.local/lib/python3.7/site-packages/airflow/example_dags/example_branch_python_dop_operator_3.py
[2022-04-11 13:46:10,752] {logging_mixin.py:109} INFO - [2022-04-11 13:46:10,752] {dag.py:2398} INFO - Sync 1 DAGs
[2022-04-11 13:46:10,784] {logging_mixin.py:109} INFO - [2022-04-11 13:46:10,783] {dag.py:2937} INFO - Setting next_dagrun for example_branch_dop_operator_v3 to 2022-04-11T13:45:00+00:00
[2022-04-11 13:46:10,797] {processor.py:171} INFO - Processing /home/airflow/.local/lib/python3.7/site-packages/airflow/example_dags/example_branch_python_dop_operator_3.py took 0.104 seconds
[2022-04-11 13:46:40,905] {processor.py:163} INFO - Started process (PID=2430) to work on /home/airflow/.local/lib/python3.7/site-packages/airflow/example_dags/example_branch_python_dop_operator_3.py
[2022-04-11 13:46:40,911] {processor.py:642} INFO - Processing file /home/airflow/.local/lib/python3.7/site-packages/airflow/example_dags/example_branch_python_dop_operator_3.py for tasks to queue
[2022-04-11 13:46:40,915] {logging_mixin.py:109} INFO - [2022-04-11 13:46:40,915] {dagbag.py:500} INFO - Filling up the DagBag from /home/airflow/.local/lib/python3.7/site-packages/airflow/example_dags/example_branch_python_dop_operator_3.py
[2022-04-11 13:46:40,958] {processor.py:652} INFO - DAG(s) dict_keys(['example_branch_dop_operator_v3']) retrieved from /home/airflow/.local/lib/python3.7/site-packages/airflow/example_dags/example_branch_python_dop_operator_3.py
[2022-04-11 13:46:41,019] {logging_mixin.py:109} INFO - [2022-04-11 13:46:41,018] {dag.py:2398} INFO - Sync 1 DAGs
[2022-04-11 13:46:41,094] {logging_mixin.py:109} INFO - [2022-04-11 13:46:41,093] {dag.py:2937} INFO - Setting next_dagrun for example_branch_dop_operator_v3 to 2022-04-11T13:45:00+00:00
[2022-04-11 13:46:41,120] {processor.py:171} INFO - Processing /home/airflow/.local/lib/python3.7/site-packages/airflow/example_dags/example_branch_python_dop_operator_3.py took 0.227 seconds
[2022-04-11 13:47:12,084] {processor.py:163} INFO - Started process (PID=2495) to work on /home/airflow/.local/lib/python3.7/site-packages/airflow/example_dags/example_branch_python_dop_operator_3.py
[2022-04-11 13:47:12,086] {processor.py:642} INFO - Processing file /home/airflow/.local/lib/python3.7/site-packages/airflow/example_dags/example_branch_python_dop_operator_3.py for tasks to queue
[2022-04-11 13:47:12,088] {logging_mixin.py:109} INFO - [2022-04-11 13:47:12,088] {dagbag.py:500} INFO - Filling up the DagBag from /home/airflow/.local/lib/python3.7/site-packages/airflow/example_dags/example_branch_python_dop_operator_3.py
[2022-04-11 13:47:12,116] {processor.py:652} INFO - DAG(s) dict_keys(['example_branch_dop_operator_v3']) retrieved from /home/airflow/.local/lib/python3.7/site-packages/airflow/example_dags/example_branch_python_dop_operator_3.py
[2022-04-11 13:47:12,151] {logging_mixin.py:109} INFO - [2022-04-11 13:47:12,151] {dag.py:2398} INFO - Sync 1 DAGs
[2022-04-11 13:47:12,200] {logging_mixin.py:109} INFO - [2022-04-11 13:47:12,200] {dag.py:2937} INFO - Setting next_dagrun for example_branch_dop_operator_v3 to 2022-04-11T13:46:00+00:00
[2022-04-11 13:47:12,220] {processor.py:171} INFO - Processing /home/airflow/.local/lib/python3.7/site-packages/airflow/example_dags/example_branch_python_dop_operator_3.py took 0.142 seconds
[2022-04-11 13:47:42,601] {processor.py:163} INFO - Started process (PID=2547) to work on /home/airflow/.local/lib/python3.7/site-packages/airflow/example_dags/example_branch_python_dop_operator_3.py
[2022-04-11 13:47:42,603] {processor.py:642} INFO - Processing file /home/airflow/.local/lib/python3.7/site-packages/airflow/example_dags/example_branch_python_dop_operator_3.py for tasks to queue
[2022-04-11 13:47:42,604] {logging_mixin.py:109} INFO - [2022-04-11 13:47:42,604] {dagbag.py:500} INFO - Filling up the DagBag from /home/airflow/.local/lib/python3.7/site-packages/airflow/example_dags/example_branch_python_dop_operator_3.py
[2022-04-11 13:47:42,623] {processor.py:652} INFO - DAG(s) dict_keys(['example_branch_dop_operator_v3']) retrieved from /home/airflow/.local/lib/python3.7/site-packages/airflow/example_dags/example_branch_python_dop_operator_3.py
[2022-04-11 13:47:42,644] {logging_mixin.py:109} INFO - [2022-04-11 13:47:42,644] {dag.py:2398} INFO - Sync 1 DAGs
[2022-04-11 13:47:42,673] {logging_mixin.py:109} INFO - [2022-04-11 13:47:42,673] {dag.py:2937} INFO - Setting next_dagrun for example_branch_dop_operator_v3 to 2022-04-11T13:46:00+00:00
[2022-04-11 13:47:42,685] {processor.py:171} INFO - Processing /home/airflow/.local/lib/python3.7/site-packages/airflow/example_dags/example_branch_python_dop_operator_3.py took 0.088 seconds
[2022-04-11 13:48:13,276] {processor.py:163} INFO - Started process (PID=2600) to work on /home/airflow/.local/lib/python3.7/site-packages/airflow/example_dags/example_branch_python_dop_operator_3.py
[2022-04-11 13:48:13,278] {processor.py:642} INFO - Processing file /home/airflow/.local/lib/python3.7/site-packages/airflow/example_dags/example_branch_python_dop_operator_3.py for tasks to queue
[2022-04-11 13:48:13,280] {logging_mixin.py:109} INFO - [2022-04-11 13:48:13,280] {dagbag.py:500} INFO - Filling up the DagBag from /home/airflow/.local/lib/python3.7/site-packages/airflow/example_dags/example_branch_python_dop_operator_3.py
[2022-04-11 13:48:13,302] {processor.py:652} INFO - DAG(s) dict_keys(['example_branch_dop_operator_v3']) retrieved from /home/airflow/.local/lib/python3.7/site-packages/airflow/example_dags/example_branch_python_dop_operator_3.py
[2022-04-11 13:48:13,327] {logging_mixin.py:109} INFO - [2022-04-11 13:48:13,327] {dag.py:2398} INFO - Sync 1 DAGs
[2022-04-11 13:48:13,355] {logging_mixin.py:109} INFO - [2022-04-11 13:48:13,355] {dag.py:2937} INFO - Setting next_dagrun for example_branch_dop_operator_v3 to 2022-04-11T13:47:00+00:00
[2022-04-11 13:48:13,369] {processor.py:171} INFO - Processing /home/airflow/.local/lib/python3.7/site-packages/airflow/example_dags/example_branch_python_dop_operator_3.py took 0.097 seconds
[2022-04-11 13:48:44,076] {processor.py:163} INFO - Started process (PID=2663) to work on /home/airflow/.local/lib/python3.7/site-packages/airflow/example_dags/example_branch_python_dop_operator_3.py
[2022-04-11 13:48:44,078] {processor.py:642} INFO - Processing file /home/airflow/.local/lib/python3.7/site-packages/airflow/example_dags/example_branch_python_dop_operator_3.py for tasks to queue
[2022-04-11 13:48:44,079] {logging_mixin.py:109} INFO - [2022-04-11 13:48:44,079] {dagbag.py:500} INFO - Filling up the DagBag from /home/airflow/.local/lib/python3.7/site-packages/airflow/example_dags/example_branch_python_dop_operator_3.py
[2022-04-11 13:48:44,104] {processor.py:652} INFO - DAG(s) dict_keys(['example_branch_dop_operator_v3']) retrieved from /home/airflow/.local/lib/python3.7/site-packages/airflow/example_dags/example_branch_python_dop_operator_3.py
[2022-04-11 13:48:44,127] {logging_mixin.py:109} INFO - [2022-04-11 13:48:44,127] {dag.py:2398} INFO - Sync 1 DAGs
[2022-04-11 13:48:44,157] {logging_mixin.py:109} INFO - [2022-04-11 13:48:44,156] {dag.py:2937} INFO - Setting next_dagrun for example_branch_dop_operator_v3 to 2022-04-11T13:47:00+00:00
[2022-04-11 13:48:44,168] {processor.py:171} INFO - Processing /home/airflow/.local/lib/python3.7/site-packages/airflow/example_dags/example_branch_python_dop_operator_3.py took 0.097 seconds
[2022-04-11 13:49:14,805] {processor.py:163} INFO - Started process (PID=2724) to work on /home/airflow/.local/lib/python3.7/site-packages/airflow/example_dags/example_branch_python_dop_operator_3.py
[2022-04-11 13:49:14,808] {processor.py:642} INFO - Processing file /home/airflow/.local/lib/python3.7/site-packages/airflow/example_dags/example_branch_python_dop_operator_3.py for tasks to queue
[2022-04-11 13:49:14,811] {logging_mixin.py:109} INFO - [2022-04-11 13:49:14,811] {dagbag.py:500} INFO - Filling up the DagBag from /home/airflow/.local/lib/python3.7/site-packages/airflow/example_dags/example_branch_python_dop_operator_3.py
[2022-04-11 13:49:14,837] {processor.py:652} INFO - DAG(s) dict_keys(['example_branch_dop_operator_v3']) retrieved from /home/airflow/.local/lib/python3.7/site-packages/airflow/example_dags/example_branch_python_dop_operator_3.py
[2022-04-11 13:49:14,864] {logging_mixin.py:109} INFO - [2022-04-11 13:49:14,863] {dag.py:2398} INFO - Sync 1 DAGs
[2022-04-11 13:49:14,896] {logging_mixin.py:109} INFO - [2022-04-11 13:49:14,896] {dag.py:2937} INFO - Setting next_dagrun for example_branch_dop_operator_v3 to 2022-04-11T13:48:00+00:00
[2022-04-11 13:49:14,909] {processor.py:171} INFO - Processing /home/airflow/.local/lib/python3.7/site-packages/airflow/example_dags/example_branch_python_dop_operator_3.py took 0.111 seconds
