[2022-04-11 13:27:06,824] {processor.py:163} INFO - Started process (PID=186) to work on /home/airflow/.local/lib/python3.7/site-packages/airflow/example_dags/example_branch_day_of_week_operator.py
[2022-04-11 13:27:06,827] {processor.py:642} INFO - Processing file /home/airflow/.local/lib/python3.7/site-packages/airflow/example_dags/example_branch_day_of_week_operator.py for tasks to queue
[2022-04-11 13:27:06,828] {logging_mixin.py:109} INFO - [2022-04-11 13:27:06,828] {dagbag.py:500} INFO - Filling up the DagBag from /home/airflow/.local/lib/python3.7/site-packages/airflow/example_dags/example_branch_day_of_week_operator.py
[2022-04-11 13:27:06,856] {processor.py:652} INFO - DAG(s) dict_keys(['example_weekday_branch_operator']) retrieved from /home/airflow/.local/lib/python3.7/site-packages/airflow/example_dags/example_branch_day_of_week_operator.py
[2022-04-11 13:27:08,857] {logging_mixin.py:109} INFO - [2022-04-11 13:27:08,857] {manager.py:496} INFO - Created Permission View: can read on DAG:example_weekday_branch_operator
[2022-04-11 13:27:08,866] {logging_mixin.py:109} INFO - [2022-04-11 13:27:08,866] {manager.py:496} INFO - Created Permission View: can edit on DAG:example_weekday_branch_operator
[2022-04-11 13:27:08,867] {logging_mixin.py:109} INFO - [2022-04-11 13:27:08,867] {dag.py:2398} INFO - Sync 1 DAGs
[2022-04-11 13:27:08,875] {logging_mixin.py:109} INFO - [2022-04-11 13:27:08,875] {dag.py:2417} INFO - Creating ORM DAG for example_weekday_branch_operator
[2022-04-11 13:27:08,886] {logging_mixin.py:109} INFO - [2022-04-11 13:27:08,886] {dag.py:2937} INFO - Setting next_dagrun for example_weekday_branch_operator to 2022-04-10 00:00:00+00:00
[2022-04-11 13:27:08,898] {processor.py:171} INFO - Processing /home/airflow/.local/lib/python3.7/site-packages/airflow/example_dags/example_branch_day_of_week_operator.py took 2.079 seconds
[2022-04-11 13:27:39,326] {processor.py:163} INFO - Started process (PID=310) to work on /home/airflow/.local/lib/python3.7/site-packages/airflow/example_dags/example_branch_day_of_week_operator.py
[2022-04-11 13:27:39,328] {processor.py:642} INFO - Processing file /home/airflow/.local/lib/python3.7/site-packages/airflow/example_dags/example_branch_day_of_week_operator.py for tasks to queue
[2022-04-11 13:27:39,329] {logging_mixin.py:109} INFO - [2022-04-11 13:27:39,329] {dagbag.py:500} INFO - Filling up the DagBag from /home/airflow/.local/lib/python3.7/site-packages/airflow/example_dags/example_branch_day_of_week_operator.py
[2022-04-11 13:27:39,352] {processor.py:652} INFO - DAG(s) dict_keys(['example_weekday_branch_operator']) retrieved from /home/airflow/.local/lib/python3.7/site-packages/airflow/example_dags/example_branch_day_of_week_operator.py
[2022-04-11 13:27:39,378] {logging_mixin.py:109} INFO - [2022-04-11 13:27:39,378] {dag.py:2398} INFO - Sync 1 DAGs
[2022-04-11 13:27:39,400] {logging_mixin.py:109} INFO - [2022-04-11 13:27:39,400] {dag.py:2937} INFO - Setting next_dagrun for example_weekday_branch_operator to 2022-04-10 00:00:00+00:00
[2022-04-11 13:27:39,410] {processor.py:171} INFO - Processing /home/airflow/.local/lib/python3.7/site-packages/airflow/example_dags/example_branch_day_of_week_operator.py took 0.088 seconds
[2022-04-11 13:28:09,508] {processor.py:163} INFO - Started process (PID=371) to work on /home/airflow/.local/lib/python3.7/site-packages/airflow/example_dags/example_branch_day_of_week_operator.py
[2022-04-11 13:28:09,510] {processor.py:642} INFO - Processing file /home/airflow/.local/lib/python3.7/site-packages/airflow/example_dags/example_branch_day_of_week_operator.py for tasks to queue
[2022-04-11 13:28:09,512] {logging_mixin.py:109} INFO - [2022-04-11 13:28:09,512] {dagbag.py:500} INFO - Filling up the DagBag from /home/airflow/.local/lib/python3.7/site-packages/airflow/example_dags/example_branch_day_of_week_operator.py
[2022-04-11 13:28:09,536] {processor.py:652} INFO - DAG(s) dict_keys(['example_weekday_branch_operator']) retrieved from /home/airflow/.local/lib/python3.7/site-packages/airflow/example_dags/example_branch_day_of_week_operator.py
[2022-04-11 13:28:09,572] {logging_mixin.py:109} INFO - [2022-04-11 13:28:09,572] {dag.py:2398} INFO - Sync 1 DAGs
[2022-04-11 13:28:09,605] {logging_mixin.py:109} INFO - [2022-04-11 13:28:09,605] {dag.py:2937} INFO - Setting next_dagrun for example_weekday_branch_operator to 2022-04-10 00:00:00+00:00
[2022-04-11 13:28:09,619] {processor.py:171} INFO - Processing /home/airflow/.local/lib/python3.7/site-packages/airflow/example_dags/example_branch_day_of_week_operator.py took 0.116 seconds
[2022-04-11 13:28:39,745] {processor.py:163} INFO - Started process (PID=422) to work on /home/airflow/.local/lib/python3.7/site-packages/airflow/example_dags/example_branch_day_of_week_operator.py
[2022-04-11 13:28:39,751] {processor.py:642} INFO - Processing file /home/airflow/.local/lib/python3.7/site-packages/airflow/example_dags/example_branch_day_of_week_operator.py for tasks to queue
[2022-04-11 13:28:39,755] {logging_mixin.py:109} INFO - [2022-04-11 13:28:39,754] {dagbag.py:500} INFO - Filling up the DagBag from /home/airflow/.local/lib/python3.7/site-packages/airflow/example_dags/example_branch_day_of_week_operator.py
[2022-04-11 13:28:39,801] {processor.py:652} INFO - DAG(s) dict_keys(['example_weekday_branch_operator']) retrieved from /home/airflow/.local/lib/python3.7/site-packages/airflow/example_dags/example_branch_day_of_week_operator.py
[2022-04-11 13:28:39,862] {logging_mixin.py:109} INFO - [2022-04-11 13:28:39,862] {dag.py:2398} INFO - Sync 1 DAGs
[2022-04-11 13:28:39,909] {logging_mixin.py:109} INFO - [2022-04-11 13:28:39,909] {dag.py:2937} INFO - Setting next_dagrun for example_weekday_branch_operator to 2022-04-10 00:00:00+00:00
[2022-04-11 13:28:39,942] {processor.py:171} INFO - Processing /home/airflow/.local/lib/python3.7/site-packages/airflow/example_dags/example_branch_day_of_week_operator.py took 0.203 seconds
[2022-04-11 13:29:10,956] {processor.py:163} INFO - Started process (PID=483) to work on /home/airflow/.local/lib/python3.7/site-packages/airflow/example_dags/example_branch_day_of_week_operator.py
[2022-04-11 13:29:10,959] {processor.py:642} INFO - Processing file /home/airflow/.local/lib/python3.7/site-packages/airflow/example_dags/example_branch_day_of_week_operator.py for tasks to queue
[2022-04-11 13:29:10,960] {logging_mixin.py:109} INFO - [2022-04-11 13:29:10,960] {dagbag.py:500} INFO - Filling up the DagBag from /home/airflow/.local/lib/python3.7/site-packages/airflow/example_dags/example_branch_day_of_week_operator.py
[2022-04-11 13:29:10,980] {processor.py:652} INFO - DAG(s) dict_keys(['example_weekday_branch_operator']) retrieved from /home/airflow/.local/lib/python3.7/site-packages/airflow/example_dags/example_branch_day_of_week_operator.py
[2022-04-11 13:29:11,010] {logging_mixin.py:109} INFO - [2022-04-11 13:29:11,010] {dag.py:2398} INFO - Sync 1 DAGs
[2022-04-11 13:29:11,032] {logging_mixin.py:109} INFO - [2022-04-11 13:29:11,032] {dag.py:2937} INFO - Setting next_dagrun for example_weekday_branch_operator to 2022-04-10 00:00:00+00:00
[2022-04-11 13:29:11,043] {processor.py:171} INFO - Processing /home/airflow/.local/lib/python3.7/site-packages/airflow/example_dags/example_branch_day_of_week_operator.py took 0.092 seconds
[2022-04-11 13:29:41,474] {processor.py:163} INFO - Started process (PID=536) to work on /home/airflow/.local/lib/python3.7/site-packages/airflow/example_dags/example_branch_day_of_week_operator.py
[2022-04-11 13:29:41,476] {processor.py:642} INFO - Processing file /home/airflow/.local/lib/python3.7/site-packages/airflow/example_dags/example_branch_day_of_week_operator.py for tasks to queue
[2022-04-11 13:29:41,477] {logging_mixin.py:109} INFO - [2022-04-11 13:29:41,477] {dagbag.py:500} INFO - Filling up the DagBag from /home/airflow/.local/lib/python3.7/site-packages/airflow/example_dags/example_branch_day_of_week_operator.py
[2022-04-11 13:29:41,496] {processor.py:652} INFO - DAG(s) dict_keys(['example_weekday_branch_operator']) retrieved from /home/airflow/.local/lib/python3.7/site-packages/airflow/example_dags/example_branch_day_of_week_operator.py
[2022-04-11 13:29:41,523] {logging_mixin.py:109} INFO - [2022-04-11 13:29:41,523] {dag.py:2398} INFO - Sync 1 DAGs
[2022-04-11 13:29:41,544] {logging_mixin.py:109} INFO - [2022-04-11 13:29:41,544] {dag.py:2937} INFO - Setting next_dagrun for example_weekday_branch_operator to 2022-04-10 00:00:00+00:00
[2022-04-11 13:29:41,554] {processor.py:171} INFO - Processing /home/airflow/.local/lib/python3.7/site-packages/airflow/example_dags/example_branch_day_of_week_operator.py took 0.086 seconds
[2022-04-11 13:30:11,987] {processor.py:163} INFO - Started process (PID=596) to work on /home/airflow/.local/lib/python3.7/site-packages/airflow/example_dags/example_branch_day_of_week_operator.py
[2022-04-11 13:30:11,990] {processor.py:642} INFO - Processing file /home/airflow/.local/lib/python3.7/site-packages/airflow/example_dags/example_branch_day_of_week_operator.py for tasks to queue
[2022-04-11 13:30:11,992] {logging_mixin.py:109} INFO - [2022-04-11 13:30:11,991] {dagbag.py:500} INFO - Filling up the DagBag from /home/airflow/.local/lib/python3.7/site-packages/airflow/example_dags/example_branch_day_of_week_operator.py
[2022-04-11 13:30:12,015] {processor.py:652} INFO - DAG(s) dict_keys(['example_weekday_branch_operator']) retrieved from /home/airflow/.local/lib/python3.7/site-packages/airflow/example_dags/example_branch_day_of_week_operator.py
[2022-04-11 13:30:12,042] {logging_mixin.py:109} INFO - [2022-04-11 13:30:12,042] {dag.py:2398} INFO - Sync 1 DAGs
[2022-04-11 13:30:12,076] {logging_mixin.py:109} INFO - [2022-04-11 13:30:12,076] {dag.py:2937} INFO - Setting next_dagrun for example_weekday_branch_operator to 2022-04-10 00:00:00+00:00
[2022-04-11 13:30:12,088] {processor.py:171} INFO - Processing /home/airflow/.local/lib/python3.7/site-packages/airflow/example_dags/example_branch_day_of_week_operator.py took 0.108 seconds
[2022-04-11 13:30:42,687] {processor.py:163} INFO - Started process (PID=647) to work on /home/airflow/.local/lib/python3.7/site-packages/airflow/example_dags/example_branch_day_of_week_operator.py
[2022-04-11 13:30:42,692] {processor.py:642} INFO - Processing file /home/airflow/.local/lib/python3.7/site-packages/airflow/example_dags/example_branch_day_of_week_operator.py for tasks to queue
[2022-04-11 13:30:42,694] {logging_mixin.py:109} INFO - [2022-04-11 13:30:42,694] {dagbag.py:500} INFO - Filling up the DagBag from /home/airflow/.local/lib/python3.7/site-packages/airflow/example_dags/example_branch_day_of_week_operator.py
[2022-04-11 13:30:42,720] {processor.py:652} INFO - DAG(s) dict_keys(['example_weekday_branch_operator']) retrieved from /home/airflow/.local/lib/python3.7/site-packages/airflow/example_dags/example_branch_day_of_week_operator.py
[2022-04-11 13:30:42,749] {logging_mixin.py:109} INFO - [2022-04-11 13:30:42,748] {dag.py:2398} INFO - Sync 1 DAGs
[2022-04-11 13:30:42,774] {logging_mixin.py:109} INFO - [2022-04-11 13:30:42,774] {dag.py:2937} INFO - Setting next_dagrun for example_weekday_branch_operator to 2022-04-10 00:00:00+00:00
[2022-04-11 13:30:42,787] {processor.py:171} INFO - Processing /home/airflow/.local/lib/python3.7/site-packages/airflow/example_dags/example_branch_day_of_week_operator.py took 0.106 seconds
[2022-04-11 13:31:13,388] {processor.py:163} INFO - Started process (PID=707) to work on /home/airflow/.local/lib/python3.7/site-packages/airflow/example_dags/example_branch_day_of_week_operator.py
[2022-04-11 13:31:13,390] {processor.py:642} INFO - Processing file /home/airflow/.local/lib/python3.7/site-packages/airflow/example_dags/example_branch_day_of_week_operator.py for tasks to queue
[2022-04-11 13:31:13,393] {logging_mixin.py:109} INFO - [2022-04-11 13:31:13,393] {dagbag.py:500} INFO - Filling up the DagBag from /home/airflow/.local/lib/python3.7/site-packages/airflow/example_dags/example_branch_day_of_week_operator.py
[2022-04-11 13:31:13,424] {processor.py:652} INFO - DAG(s) dict_keys(['example_weekday_branch_operator']) retrieved from /home/airflow/.local/lib/python3.7/site-packages/airflow/example_dags/example_branch_day_of_week_operator.py
[2022-04-11 13:31:13,470] {logging_mixin.py:109} INFO - [2022-04-11 13:31:13,469] {dag.py:2398} INFO - Sync 1 DAGs
[2022-04-11 13:31:13,505] {logging_mixin.py:109} INFO - [2022-04-11 13:31:13,505] {dag.py:2937} INFO - Setting next_dagrun for example_weekday_branch_operator to 2022-04-10 00:00:00+00:00
[2022-04-11 13:31:13,523] {processor.py:171} INFO - Processing /home/airflow/.local/lib/python3.7/site-packages/airflow/example_dags/example_branch_day_of_week_operator.py took 0.140 seconds
[2022-04-11 13:31:43,858] {processor.py:163} INFO - Started process (PID=771) to work on /home/airflow/.local/lib/python3.7/site-packages/airflow/example_dags/example_branch_day_of_week_operator.py
[2022-04-11 13:31:43,860] {processor.py:642} INFO - Processing file /home/airflow/.local/lib/python3.7/site-packages/airflow/example_dags/example_branch_day_of_week_operator.py for tasks to queue
[2022-04-11 13:31:43,862] {logging_mixin.py:109} INFO - [2022-04-11 13:31:43,861] {dagbag.py:500} INFO - Filling up the DagBag from /home/airflow/.local/lib/python3.7/site-packages/airflow/example_dags/example_branch_day_of_week_operator.py
[2022-04-11 13:31:43,882] {processor.py:652} INFO - DAG(s) dict_keys(['example_weekday_branch_operator']) retrieved from /home/airflow/.local/lib/python3.7/site-packages/airflow/example_dags/example_branch_day_of_week_operator.py
[2022-04-11 13:31:43,908] {logging_mixin.py:109} INFO - [2022-04-11 13:31:43,908] {dag.py:2398} INFO - Sync 1 DAGs
[2022-04-11 13:31:43,930] {logging_mixin.py:109} INFO - [2022-04-11 13:31:43,930] {dag.py:2937} INFO - Setting next_dagrun for example_weekday_branch_operator to 2022-04-10 00:00:00+00:00
[2022-04-11 13:31:43,943] {processor.py:171} INFO - Processing /home/airflow/.local/lib/python3.7/site-packages/airflow/example_dags/example_branch_day_of_week_operator.py took 0.089 seconds
[2022-04-11 13:32:14,831] {processor.py:163} INFO - Started process (PID=823) to work on /home/airflow/.local/lib/python3.7/site-packages/airflow/example_dags/example_branch_day_of_week_operator.py
[2022-04-11 13:32:14,834] {processor.py:642} INFO - Processing file /home/airflow/.local/lib/python3.7/site-packages/airflow/example_dags/example_branch_day_of_week_operator.py for tasks to queue
[2022-04-11 13:32:14,841] {logging_mixin.py:109} INFO - [2022-04-11 13:32:14,841] {dagbag.py:500} INFO - Filling up the DagBag from /home/airflow/.local/lib/python3.7/site-packages/airflow/example_dags/example_branch_day_of_week_operator.py
[2022-04-11 13:32:14,872] {processor.py:652} INFO - DAG(s) dict_keys(['example_weekday_branch_operator']) retrieved from /home/airflow/.local/lib/python3.7/site-packages/airflow/example_dags/example_branch_day_of_week_operator.py
[2022-04-11 13:32:14,903] {logging_mixin.py:109} INFO - [2022-04-11 13:32:14,903] {dag.py:2398} INFO - Sync 1 DAGs
[2022-04-11 13:32:14,943] {logging_mixin.py:109} INFO - [2022-04-11 13:32:14,942] {dag.py:2937} INFO - Setting next_dagrun for example_weekday_branch_operator to 2022-04-10 00:00:00+00:00
[2022-04-11 13:32:14,961] {processor.py:171} INFO - Processing /home/airflow/.local/lib/python3.7/site-packages/airflow/example_dags/example_branch_day_of_week_operator.py took 0.136 seconds
[2022-04-11 13:32:45,687] {processor.py:163} INFO - Started process (PID=885) to work on /home/airflow/.local/lib/python3.7/site-packages/airflow/example_dags/example_branch_day_of_week_operator.py
[2022-04-11 13:32:45,688] {processor.py:642} INFO - Processing file /home/airflow/.local/lib/python3.7/site-packages/airflow/example_dags/example_branch_day_of_week_operator.py for tasks to queue
[2022-04-11 13:32:45,689] {logging_mixin.py:109} INFO - [2022-04-11 13:32:45,689] {dagbag.py:500} INFO - Filling up the DagBag from /home/airflow/.local/lib/python3.7/site-packages/airflow/example_dags/example_branch_day_of_week_operator.py
[2022-04-11 13:32:45,709] {processor.py:652} INFO - DAG(s) dict_keys(['example_weekday_branch_operator']) retrieved from /home/airflow/.local/lib/python3.7/site-packages/airflow/example_dags/example_branch_day_of_week_operator.py
[2022-04-11 13:32:45,731] {logging_mixin.py:109} INFO - [2022-04-11 13:32:45,731] {dag.py:2398} INFO - Sync 1 DAGs
[2022-04-11 13:32:45,754] {logging_mixin.py:109} INFO - [2022-04-11 13:32:45,754] {dag.py:2937} INFO - Setting next_dagrun for example_weekday_branch_operator to 2022-04-10 00:00:00+00:00
[2022-04-11 13:32:45,765] {processor.py:171} INFO - Processing /home/airflow/.local/lib/python3.7/site-packages/airflow/example_dags/example_branch_day_of_week_operator.py took 0.082 seconds
[2022-04-11 13:33:16,208] {processor.py:163} INFO - Started process (PID=937) to work on /home/airflow/.local/lib/python3.7/site-packages/airflow/example_dags/example_branch_day_of_week_operator.py
[2022-04-11 13:33:16,209] {processor.py:642} INFO - Processing file /home/airflow/.local/lib/python3.7/site-packages/airflow/example_dags/example_branch_day_of_week_operator.py for tasks to queue
[2022-04-11 13:33:16,210] {logging_mixin.py:109} INFO - [2022-04-11 13:33:16,210] {dagbag.py:500} INFO - Filling up the DagBag from /home/airflow/.local/lib/python3.7/site-packages/airflow/example_dags/example_branch_day_of_week_operator.py
[2022-04-11 13:33:16,230] {processor.py:652} INFO - DAG(s) dict_keys(['example_weekday_branch_operator']) retrieved from /home/airflow/.local/lib/python3.7/site-packages/airflow/example_dags/example_branch_day_of_week_operator.py
[2022-04-11 13:33:16,256] {logging_mixin.py:109} INFO - [2022-04-11 13:33:16,256] {dag.py:2398} INFO - Sync 1 DAGs
[2022-04-11 13:33:16,297] {logging_mixin.py:109} INFO - [2022-04-11 13:33:16,297] {dag.py:2937} INFO - Setting next_dagrun for example_weekday_branch_operator to 2022-04-10 00:00:00+00:00
[2022-04-11 13:33:16,314] {processor.py:171} INFO - Processing /home/airflow/.local/lib/python3.7/site-packages/airflow/example_dags/example_branch_day_of_week_operator.py took 0.110 seconds
[2022-04-11 13:33:47,135] {processor.py:163} INFO - Started process (PID=997) to work on /home/airflow/.local/lib/python3.7/site-packages/airflow/example_dags/example_branch_day_of_week_operator.py
[2022-04-11 13:33:47,139] {processor.py:642} INFO - Processing file /home/airflow/.local/lib/python3.7/site-packages/airflow/example_dags/example_branch_day_of_week_operator.py for tasks to queue
[2022-04-11 13:33:47,141] {logging_mixin.py:109} INFO - [2022-04-11 13:33:47,140] {dagbag.py:500} INFO - Filling up the DagBag from /home/airflow/.local/lib/python3.7/site-packages/airflow/example_dags/example_branch_day_of_week_operator.py
[2022-04-11 13:33:47,178] {processor.py:652} INFO - DAG(s) dict_keys(['example_weekday_branch_operator']) retrieved from /home/airflow/.local/lib/python3.7/site-packages/airflow/example_dags/example_branch_day_of_week_operator.py
[2022-04-11 13:33:47,218] {logging_mixin.py:109} INFO - [2022-04-11 13:33:47,218] {dag.py:2398} INFO - Sync 1 DAGs
[2022-04-11 13:33:47,259] {logging_mixin.py:109} INFO - [2022-04-11 13:33:47,258] {dag.py:2937} INFO - Setting next_dagrun for example_weekday_branch_operator to 2022-04-10 00:00:00+00:00
[2022-04-11 13:33:47,280] {processor.py:171} INFO - Processing /home/airflow/.local/lib/python3.7/site-packages/airflow/example_dags/example_branch_day_of_week_operator.py took 0.154 seconds
[2022-04-11 13:34:18,025] {processor.py:163} INFO - Started process (PID=1049) to work on /home/airflow/.local/lib/python3.7/site-packages/airflow/example_dags/example_branch_day_of_week_operator.py
[2022-04-11 13:34:18,027] {processor.py:642} INFO - Processing file /home/airflow/.local/lib/python3.7/site-packages/airflow/example_dags/example_branch_day_of_week_operator.py for tasks to queue
[2022-04-11 13:34:18,028] {logging_mixin.py:109} INFO - [2022-04-11 13:34:18,028] {dagbag.py:500} INFO - Filling up the DagBag from /home/airflow/.local/lib/python3.7/site-packages/airflow/example_dags/example_branch_day_of_week_operator.py
[2022-04-11 13:34:18,048] {processor.py:652} INFO - DAG(s) dict_keys(['example_weekday_branch_operator']) retrieved from /home/airflow/.local/lib/python3.7/site-packages/airflow/example_dags/example_branch_day_of_week_operator.py
[2022-04-11 13:34:18,076] {logging_mixin.py:109} INFO - [2022-04-11 13:34:18,076] {dag.py:2398} INFO - Sync 1 DAGs
[2022-04-11 13:34:18,101] {logging_mixin.py:109} INFO - [2022-04-11 13:34:18,101] {dag.py:2937} INFO - Setting next_dagrun for example_weekday_branch_operator to 2022-04-10 00:00:00+00:00
[2022-04-11 13:34:18,113] {processor.py:171} INFO - Processing /home/airflow/.local/lib/python3.7/site-packages/airflow/example_dags/example_branch_day_of_week_operator.py took 0.092 seconds
[2022-04-11 13:34:48,524] {processor.py:163} INFO - Started process (PID=1112) to work on /home/airflow/.local/lib/python3.7/site-packages/airflow/example_dags/example_branch_day_of_week_operator.py
[2022-04-11 13:34:48,526] {processor.py:642} INFO - Processing file /home/airflow/.local/lib/python3.7/site-packages/airflow/example_dags/example_branch_day_of_week_operator.py for tasks to queue
[2022-04-11 13:34:48,527] {logging_mixin.py:109} INFO - [2022-04-11 13:34:48,527] {dagbag.py:500} INFO - Filling up the DagBag from /home/airflow/.local/lib/python3.7/site-packages/airflow/example_dags/example_branch_day_of_week_operator.py
[2022-04-11 13:34:48,553] {processor.py:652} INFO - DAG(s) dict_keys(['example_weekday_branch_operator']) retrieved from /home/airflow/.local/lib/python3.7/site-packages/airflow/example_dags/example_branch_day_of_week_operator.py
[2022-04-11 13:34:48,579] {logging_mixin.py:109} INFO - [2022-04-11 13:34:48,579] {dag.py:2398} INFO - Sync 1 DAGs
[2022-04-11 13:34:48,605] {logging_mixin.py:109} INFO - [2022-04-11 13:34:48,605] {dag.py:2937} INFO - Setting next_dagrun for example_weekday_branch_operator to 2022-04-10 00:00:00+00:00
[2022-04-11 13:34:48,629] {processor.py:171} INFO - Processing /home/airflow/.local/lib/python3.7/site-packages/airflow/example_dags/example_branch_day_of_week_operator.py took 0.110 seconds
[2022-04-11 13:35:18,728] {processor.py:163} INFO - Started process (PID=1163) to work on /home/airflow/.local/lib/python3.7/site-packages/airflow/example_dags/example_branch_day_of_week_operator.py
[2022-04-11 13:35:18,730] {processor.py:642} INFO - Processing file /home/airflow/.local/lib/python3.7/site-packages/airflow/example_dags/example_branch_day_of_week_operator.py for tasks to queue
[2022-04-11 13:35:18,731] {logging_mixin.py:109} INFO - [2022-04-11 13:35:18,731] {dagbag.py:500} INFO - Filling up the DagBag from /home/airflow/.local/lib/python3.7/site-packages/airflow/example_dags/example_branch_day_of_week_operator.py
[2022-04-11 13:35:18,752] {processor.py:652} INFO - DAG(s) dict_keys(['example_weekday_branch_operator']) retrieved from /home/airflow/.local/lib/python3.7/site-packages/airflow/example_dags/example_branch_day_of_week_operator.py
[2022-04-11 13:35:18,776] {logging_mixin.py:109} INFO - [2022-04-11 13:35:18,776] {dag.py:2398} INFO - Sync 1 DAGs
[2022-04-11 13:35:18,801] {logging_mixin.py:109} INFO - [2022-04-11 13:35:18,801] {dag.py:2937} INFO - Setting next_dagrun for example_weekday_branch_operator to 2022-04-10 00:00:00+00:00
[2022-04-11 13:35:18,816] {processor.py:171} INFO - Processing /home/airflow/.local/lib/python3.7/site-packages/airflow/example_dags/example_branch_day_of_week_operator.py took 0.091 seconds
[2022-04-11 13:35:49,227] {processor.py:163} INFO - Started process (PID=1225) to work on /home/airflow/.local/lib/python3.7/site-packages/airflow/example_dags/example_branch_day_of_week_operator.py
[2022-04-11 13:35:49,230] {processor.py:642} INFO - Processing file /home/airflow/.local/lib/python3.7/site-packages/airflow/example_dags/example_branch_day_of_week_operator.py for tasks to queue
[2022-04-11 13:35:49,231] {logging_mixin.py:109} INFO - [2022-04-11 13:35:49,231] {dagbag.py:500} INFO - Filling up the DagBag from /home/airflow/.local/lib/python3.7/site-packages/airflow/example_dags/example_branch_day_of_week_operator.py
[2022-04-11 13:35:49,263] {processor.py:652} INFO - DAG(s) dict_keys(['example_weekday_branch_operator']) retrieved from /home/airflow/.local/lib/python3.7/site-packages/airflow/example_dags/example_branch_day_of_week_operator.py
[2022-04-11 13:35:49,299] {logging_mixin.py:109} INFO - [2022-04-11 13:35:49,299] {dag.py:2398} INFO - Sync 1 DAGs
[2022-04-11 13:35:49,327] {logging_mixin.py:109} INFO - [2022-04-11 13:35:49,327] {dag.py:2937} INFO - Setting next_dagrun for example_weekday_branch_operator to 2022-04-10 00:00:00+00:00
[2022-04-11 13:35:49,341] {processor.py:171} INFO - Processing /home/airflow/.local/lib/python3.7/site-packages/airflow/example_dags/example_branch_day_of_week_operator.py took 0.120 seconds
[2022-04-11 13:36:19,610] {processor.py:163} INFO - Started process (PID=1277) to work on /home/airflow/.local/lib/python3.7/site-packages/airflow/example_dags/example_branch_day_of_week_operator.py
[2022-04-11 13:36:19,612] {processor.py:642} INFO - Processing file /home/airflow/.local/lib/python3.7/site-packages/airflow/example_dags/example_branch_day_of_week_operator.py for tasks to queue
[2022-04-11 13:36:19,614] {logging_mixin.py:109} INFO - [2022-04-11 13:36:19,614] {dagbag.py:500} INFO - Filling up the DagBag from /home/airflow/.local/lib/python3.7/site-packages/airflow/example_dags/example_branch_day_of_week_operator.py
[2022-04-11 13:36:19,641] {processor.py:652} INFO - DAG(s) dict_keys(['example_weekday_branch_operator']) retrieved from /home/airflow/.local/lib/python3.7/site-packages/airflow/example_dags/example_branch_day_of_week_operator.py
[2022-04-11 13:36:19,671] {logging_mixin.py:109} INFO - [2022-04-11 13:36:19,670] {dag.py:2398} INFO - Sync 1 DAGs
[2022-04-11 13:36:19,695] {logging_mixin.py:109} INFO - [2022-04-11 13:36:19,694] {dag.py:2937} INFO - Setting next_dagrun for example_weekday_branch_operator to 2022-04-10 00:00:00+00:00
[2022-04-11 13:36:19,707] {processor.py:171} INFO - Processing /home/airflow/.local/lib/python3.7/site-packages/airflow/example_dags/example_branch_day_of_week_operator.py took 0.102 seconds
[2022-04-11 13:36:50,033] {processor.py:163} INFO - Started process (PID=1334) to work on /home/airflow/.local/lib/python3.7/site-packages/airflow/example_dags/example_branch_day_of_week_operator.py
[2022-04-11 13:36:50,035] {processor.py:642} INFO - Processing file /home/airflow/.local/lib/python3.7/site-packages/airflow/example_dags/example_branch_day_of_week_operator.py for tasks to queue
[2022-04-11 13:36:50,036] {logging_mixin.py:109} INFO - [2022-04-11 13:36:50,036] {dagbag.py:500} INFO - Filling up the DagBag from /home/airflow/.local/lib/python3.7/site-packages/airflow/example_dags/example_branch_day_of_week_operator.py
[2022-04-11 13:36:50,056] {processor.py:652} INFO - DAG(s) dict_keys(['example_weekday_branch_operator']) retrieved from /home/airflow/.local/lib/python3.7/site-packages/airflow/example_dags/example_branch_day_of_week_operator.py
[2022-04-11 13:36:50,080] {logging_mixin.py:109} INFO - [2022-04-11 13:36:50,080] {dag.py:2398} INFO - Sync 1 DAGs
[2022-04-11 13:36:50,101] {logging_mixin.py:109} INFO - [2022-04-11 13:36:50,101] {dag.py:2937} INFO - Setting next_dagrun for example_weekday_branch_operator to 2022-04-10 00:00:00+00:00
[2022-04-11 13:36:50,111] {processor.py:171} INFO - Processing /home/airflow/.local/lib/python3.7/site-packages/airflow/example_dags/example_branch_day_of_week_operator.py took 0.082 seconds
[2022-04-11 13:37:20,701] {processor.py:163} INFO - Started process (PID=1395) to work on /home/airflow/.local/lib/python3.7/site-packages/airflow/example_dags/example_branch_day_of_week_operator.py
[2022-04-11 13:37:20,703] {processor.py:642} INFO - Processing file /home/airflow/.local/lib/python3.7/site-packages/airflow/example_dags/example_branch_day_of_week_operator.py for tasks to queue
[2022-04-11 13:37:20,705] {logging_mixin.py:109} INFO - [2022-04-11 13:37:20,704] {dagbag.py:500} INFO - Filling up the DagBag from /home/airflow/.local/lib/python3.7/site-packages/airflow/example_dags/example_branch_day_of_week_operator.py
[2022-04-11 13:37:20,727] {processor.py:652} INFO - DAG(s) dict_keys(['example_weekday_branch_operator']) retrieved from /home/airflow/.local/lib/python3.7/site-packages/airflow/example_dags/example_branch_day_of_week_operator.py
[2022-04-11 13:37:20,756] {logging_mixin.py:109} INFO - [2022-04-11 13:37:20,756] {dag.py:2398} INFO - Sync 1 DAGs
[2022-04-11 13:37:20,785] {logging_mixin.py:109} INFO - [2022-04-11 13:37:20,785] {dag.py:2937} INFO - Setting next_dagrun for example_weekday_branch_operator to 2022-04-10 00:00:00+00:00
[2022-04-11 13:37:20,799] {processor.py:171} INFO - Processing /home/airflow/.local/lib/python3.7/site-packages/airflow/example_dags/example_branch_day_of_week_operator.py took 0.103 seconds
[2022-04-11 13:37:51,633] {processor.py:163} INFO - Started process (PID=1448) to work on /home/airflow/.local/lib/python3.7/site-packages/airflow/example_dags/example_branch_day_of_week_operator.py
[2022-04-11 13:37:51,635] {processor.py:642} INFO - Processing file /home/airflow/.local/lib/python3.7/site-packages/airflow/example_dags/example_branch_day_of_week_operator.py for tasks to queue
[2022-04-11 13:37:51,636] {logging_mixin.py:109} INFO - [2022-04-11 13:37:51,636] {dagbag.py:500} INFO - Filling up the DagBag from /home/airflow/.local/lib/python3.7/site-packages/airflow/example_dags/example_branch_day_of_week_operator.py
[2022-04-11 13:37:51,659] {processor.py:652} INFO - DAG(s) dict_keys(['example_weekday_branch_operator']) retrieved from /home/airflow/.local/lib/python3.7/site-packages/airflow/example_dags/example_branch_day_of_week_operator.py
[2022-04-11 13:37:51,691] {logging_mixin.py:109} INFO - [2022-04-11 13:37:51,690] {dag.py:2398} INFO - Sync 1 DAGs
[2022-04-11 13:37:51,715] {logging_mixin.py:109} INFO - [2022-04-11 13:37:51,715] {dag.py:2937} INFO - Setting next_dagrun for example_weekday_branch_operator to 2022-04-10 00:00:00+00:00
[2022-04-11 13:37:51,730] {processor.py:171} INFO - Processing /home/airflow/.local/lib/python3.7/site-packages/airflow/example_dags/example_branch_day_of_week_operator.py took 0.102 seconds
[2022-04-11 13:38:22,305] {processor.py:163} INFO - Started process (PID=1510) to work on /home/airflow/.local/lib/python3.7/site-packages/airflow/example_dags/example_branch_day_of_week_operator.py
[2022-04-11 13:38:22,306] {processor.py:642} INFO - Processing file /home/airflow/.local/lib/python3.7/site-packages/airflow/example_dags/example_branch_day_of_week_operator.py for tasks to queue
[2022-04-11 13:38:22,308] {logging_mixin.py:109} INFO - [2022-04-11 13:38:22,307] {dagbag.py:500} INFO - Filling up the DagBag from /home/airflow/.local/lib/python3.7/site-packages/airflow/example_dags/example_branch_day_of_week_operator.py
[2022-04-11 13:38:22,329] {processor.py:652} INFO - DAG(s) dict_keys(['example_weekday_branch_operator']) retrieved from /home/airflow/.local/lib/python3.7/site-packages/airflow/example_dags/example_branch_day_of_week_operator.py
[2022-04-11 13:38:22,353] {logging_mixin.py:109} INFO - [2022-04-11 13:38:22,352] {dag.py:2398} INFO - Sync 1 DAGs
[2022-04-11 13:38:22,377] {logging_mixin.py:109} INFO - [2022-04-11 13:38:22,377] {dag.py:2937} INFO - Setting next_dagrun for example_weekday_branch_operator to 2022-04-10 00:00:00+00:00
[2022-04-11 13:38:22,390] {processor.py:171} INFO - Processing /home/airflow/.local/lib/python3.7/site-packages/airflow/example_dags/example_branch_day_of_week_operator.py took 0.089 seconds
[2022-04-11 13:38:52,856] {processor.py:163} INFO - Started process (PID=1562) to work on /home/airflow/.local/lib/python3.7/site-packages/airflow/example_dags/example_branch_day_of_week_operator.py
[2022-04-11 13:38:52,859] {processor.py:642} INFO - Processing file /home/airflow/.local/lib/python3.7/site-packages/airflow/example_dags/example_branch_day_of_week_operator.py for tasks to queue
[2022-04-11 13:38:52,861] {logging_mixin.py:109} INFO - [2022-04-11 13:38:52,861] {dagbag.py:500} INFO - Filling up the DagBag from /home/airflow/.local/lib/python3.7/site-packages/airflow/example_dags/example_branch_day_of_week_operator.py
[2022-04-11 13:38:52,888] {processor.py:652} INFO - DAG(s) dict_keys(['example_weekday_branch_operator']) retrieved from /home/airflow/.local/lib/python3.7/site-packages/airflow/example_dags/example_branch_day_of_week_operator.py
[2022-04-11 13:38:52,934] {logging_mixin.py:109} INFO - [2022-04-11 13:38:52,934] {dag.py:2398} INFO - Sync 1 DAGs
[2022-04-11 13:38:52,965] {logging_mixin.py:109} INFO - [2022-04-11 13:38:52,965] {dag.py:2937} INFO - Setting next_dagrun for example_weekday_branch_operator to 2022-04-10 00:00:00+00:00
[2022-04-11 13:38:52,985] {processor.py:171} INFO - Processing /home/airflow/.local/lib/python3.7/site-packages/airflow/example_dags/example_branch_day_of_week_operator.py took 0.134 seconds
[2022-04-11 13:39:23,204] {processor.py:163} INFO - Started process (PID=1624) to work on /home/airflow/.local/lib/python3.7/site-packages/airflow/example_dags/example_branch_day_of_week_operator.py
[2022-04-11 13:39:23,207] {processor.py:642} INFO - Processing file /home/airflow/.local/lib/python3.7/site-packages/airflow/example_dags/example_branch_day_of_week_operator.py for tasks to queue
[2022-04-11 13:39:23,208] {logging_mixin.py:109} INFO - [2022-04-11 13:39:23,208] {dagbag.py:500} INFO - Filling up the DagBag from /home/airflow/.local/lib/python3.7/site-packages/airflow/example_dags/example_branch_day_of_week_operator.py
[2022-04-11 13:39:23,232] {processor.py:652} INFO - DAG(s) dict_keys(['example_weekday_branch_operator']) retrieved from /home/airflow/.local/lib/python3.7/site-packages/airflow/example_dags/example_branch_day_of_week_operator.py
[2022-04-11 13:39:23,259] {logging_mixin.py:109} INFO - [2022-04-11 13:39:23,259] {dag.py:2398} INFO - Sync 1 DAGs
[2022-04-11 13:39:23,291] {logging_mixin.py:109} INFO - [2022-04-11 13:39:23,291] {dag.py:2937} INFO - Setting next_dagrun for example_weekday_branch_operator to 2022-04-10 00:00:00+00:00
[2022-04-11 13:39:23,306] {processor.py:171} INFO - Processing /home/airflow/.local/lib/python3.7/site-packages/airflow/example_dags/example_branch_day_of_week_operator.py took 0.106 seconds
[2022-04-11 13:39:53,622] {processor.py:163} INFO - Started process (PID=1675) to work on /home/airflow/.local/lib/python3.7/site-packages/airflow/example_dags/example_branch_day_of_week_operator.py
[2022-04-11 13:39:53,624] {processor.py:642} INFO - Processing file /home/airflow/.local/lib/python3.7/site-packages/airflow/example_dags/example_branch_day_of_week_operator.py for tasks to queue
[2022-04-11 13:39:53,626] {logging_mixin.py:109} INFO - [2022-04-11 13:39:53,626] {dagbag.py:500} INFO - Filling up the DagBag from /home/airflow/.local/lib/python3.7/site-packages/airflow/example_dags/example_branch_day_of_week_operator.py
[2022-04-11 13:39:53,649] {processor.py:652} INFO - DAG(s) dict_keys(['example_weekday_branch_operator']) retrieved from /home/airflow/.local/lib/python3.7/site-packages/airflow/example_dags/example_branch_day_of_week_operator.py
[2022-04-11 13:39:53,674] {logging_mixin.py:109} INFO - [2022-04-11 13:39:53,674] {dag.py:2398} INFO - Sync 1 DAGs
[2022-04-11 13:39:53,697] {logging_mixin.py:109} INFO - [2022-04-11 13:39:53,697] {dag.py:2937} INFO - Setting next_dagrun for example_weekday_branch_operator to 2022-04-10 00:00:00+00:00
[2022-04-11 13:39:53,708] {processor.py:171} INFO - Processing /home/airflow/.local/lib/python3.7/site-packages/airflow/example_dags/example_branch_day_of_week_operator.py took 0.091 seconds
[2022-04-11 13:40:24,133] {processor.py:163} INFO - Started process (PID=1736) to work on /home/airflow/.local/lib/python3.7/site-packages/airflow/example_dags/example_branch_day_of_week_operator.py
[2022-04-11 13:40:24,136] {processor.py:642} INFO - Processing file /home/airflow/.local/lib/python3.7/site-packages/airflow/example_dags/example_branch_day_of_week_operator.py for tasks to queue
[2022-04-11 13:40:24,137] {logging_mixin.py:109} INFO - [2022-04-11 13:40:24,137] {dagbag.py:500} INFO - Filling up the DagBag from /home/airflow/.local/lib/python3.7/site-packages/airflow/example_dags/example_branch_day_of_week_operator.py
[2022-04-11 13:40:24,160] {processor.py:652} INFO - DAG(s) dict_keys(['example_weekday_branch_operator']) retrieved from /home/airflow/.local/lib/python3.7/site-packages/airflow/example_dags/example_branch_day_of_week_operator.py
[2022-04-11 13:40:24,192] {logging_mixin.py:109} INFO - [2022-04-11 13:40:24,192] {dag.py:2398} INFO - Sync 1 DAGs
[2022-04-11 13:40:24,219] {logging_mixin.py:109} INFO - [2022-04-11 13:40:24,219] {dag.py:2937} INFO - Setting next_dagrun for example_weekday_branch_operator to 2022-04-10 00:00:00+00:00
[2022-04-11 13:40:24,233] {processor.py:171} INFO - Processing /home/airflow/.local/lib/python3.7/site-packages/airflow/example_dags/example_branch_day_of_week_operator.py took 0.105 seconds
[2022-04-11 13:40:54,633] {processor.py:163} INFO - Started process (PID=1792) to work on /home/airflow/.local/lib/python3.7/site-packages/airflow/example_dags/example_branch_day_of_week_operator.py
[2022-04-11 13:40:54,636] {processor.py:642} INFO - Processing file /home/airflow/.local/lib/python3.7/site-packages/airflow/example_dags/example_branch_day_of_week_operator.py for tasks to queue
[2022-04-11 13:40:54,637] {logging_mixin.py:109} INFO - [2022-04-11 13:40:54,637] {dagbag.py:500} INFO - Filling up the DagBag from /home/airflow/.local/lib/python3.7/site-packages/airflow/example_dags/example_branch_day_of_week_operator.py
[2022-04-11 13:40:54,657] {processor.py:652} INFO - DAG(s) dict_keys(['example_weekday_branch_operator']) retrieved from /home/airflow/.local/lib/python3.7/site-packages/airflow/example_dags/example_branch_day_of_week_operator.py
[2022-04-11 13:40:54,680] {logging_mixin.py:109} INFO - [2022-04-11 13:40:54,680] {dag.py:2398} INFO - Sync 1 DAGs
[2022-04-11 13:40:54,701] {logging_mixin.py:109} INFO - [2022-04-11 13:40:54,701] {dag.py:2937} INFO - Setting next_dagrun for example_weekday_branch_operator to 2022-04-10 00:00:00+00:00
[2022-04-11 13:40:54,711] {processor.py:171} INFO - Processing /home/airflow/.local/lib/python3.7/site-packages/airflow/example_dags/example_branch_day_of_week_operator.py took 0.081 seconds
[2022-04-11 13:41:25,235] {processor.py:163} INFO - Started process (PID=1844) to work on /home/airflow/.local/lib/python3.7/site-packages/airflow/example_dags/example_branch_day_of_week_operator.py
[2022-04-11 13:41:25,236] {processor.py:642} INFO - Processing file /home/airflow/.local/lib/python3.7/site-packages/airflow/example_dags/example_branch_day_of_week_operator.py for tasks to queue
[2022-04-11 13:41:25,238] {logging_mixin.py:109} INFO - [2022-04-11 13:41:25,238] {dagbag.py:500} INFO - Filling up the DagBag from /home/airflow/.local/lib/python3.7/site-packages/airflow/example_dags/example_branch_day_of_week_operator.py
[2022-04-11 13:41:25,258] {processor.py:652} INFO - DAG(s) dict_keys(['example_weekday_branch_operator']) retrieved from /home/airflow/.local/lib/python3.7/site-packages/airflow/example_dags/example_branch_day_of_week_operator.py
[2022-04-11 13:41:25,283] {logging_mixin.py:109} INFO - [2022-04-11 13:41:25,282] {dag.py:2398} INFO - Sync 1 DAGs
[2022-04-11 13:41:25,305] {logging_mixin.py:109} INFO - [2022-04-11 13:41:25,305] {dag.py:2937} INFO - Setting next_dagrun for example_weekday_branch_operator to 2022-04-10 00:00:00+00:00
[2022-04-11 13:41:25,316] {processor.py:171} INFO - Processing /home/airflow/.local/lib/python3.7/site-packages/airflow/example_dags/example_branch_day_of_week_operator.py took 0.085 seconds
[2022-04-11 13:41:55,771] {processor.py:163} INFO - Started process (PID=1907) to work on /home/airflow/.local/lib/python3.7/site-packages/airflow/example_dags/example_branch_day_of_week_operator.py
[2022-04-11 13:41:55,773] {processor.py:642} INFO - Processing file /home/airflow/.local/lib/python3.7/site-packages/airflow/example_dags/example_branch_day_of_week_operator.py for tasks to queue
[2022-04-11 13:41:55,775] {logging_mixin.py:109} INFO - [2022-04-11 13:41:55,774] {dagbag.py:500} INFO - Filling up the DagBag from /home/airflow/.local/lib/python3.7/site-packages/airflow/example_dags/example_branch_day_of_week_operator.py
[2022-04-11 13:41:55,796] {processor.py:652} INFO - DAG(s) dict_keys(['example_weekday_branch_operator']) retrieved from /home/airflow/.local/lib/python3.7/site-packages/airflow/example_dags/example_branch_day_of_week_operator.py
[2022-04-11 13:41:55,821] {logging_mixin.py:109} INFO - [2022-04-11 13:41:55,821] {dag.py:2398} INFO - Sync 1 DAGs
[2022-04-11 13:41:55,848] {logging_mixin.py:109} INFO - [2022-04-11 13:41:55,847] {dag.py:2937} INFO - Setting next_dagrun for example_weekday_branch_operator to 2022-04-10 00:00:00+00:00
[2022-04-11 13:41:55,860] {processor.py:171} INFO - Processing /home/airflow/.local/lib/python3.7/site-packages/airflow/example_dags/example_branch_day_of_week_operator.py took 0.095 seconds
[2022-04-11 13:42:26,159] {processor.py:163} INFO - Started process (PID=1959) to work on /home/airflow/.local/lib/python3.7/site-packages/airflow/example_dags/example_branch_day_of_week_operator.py
[2022-04-11 13:42:26,161] {processor.py:642} INFO - Processing file /home/airflow/.local/lib/python3.7/site-packages/airflow/example_dags/example_branch_day_of_week_operator.py for tasks to queue
[2022-04-11 13:42:26,162] {logging_mixin.py:109} INFO - [2022-04-11 13:42:26,162] {dagbag.py:500} INFO - Filling up the DagBag from /home/airflow/.local/lib/python3.7/site-packages/airflow/example_dags/example_branch_day_of_week_operator.py
[2022-04-11 13:42:26,182] {processor.py:652} INFO - DAG(s) dict_keys(['example_weekday_branch_operator']) retrieved from /home/airflow/.local/lib/python3.7/site-packages/airflow/example_dags/example_branch_day_of_week_operator.py
[2022-04-11 13:42:26,203] {logging_mixin.py:109} INFO - [2022-04-11 13:42:26,203] {dag.py:2398} INFO - Sync 1 DAGs
[2022-04-11 13:42:26,222] {logging_mixin.py:109} INFO - [2022-04-11 13:42:26,222] {dag.py:2937} INFO - Setting next_dagrun for example_weekday_branch_operator to 2022-04-10 00:00:00+00:00
[2022-04-11 13:42:26,232] {processor.py:171} INFO - Processing /home/airflow/.local/lib/python3.7/site-packages/airflow/example_dags/example_branch_day_of_week_operator.py took 0.078 seconds
[2022-04-11 13:42:57,095] {processor.py:163} INFO - Started process (PID=2022) to work on /home/airflow/.local/lib/python3.7/site-packages/airflow/example_dags/example_branch_day_of_week_operator.py
[2022-04-11 13:42:57,097] {processor.py:642} INFO - Processing file /home/airflow/.local/lib/python3.7/site-packages/airflow/example_dags/example_branch_day_of_week_operator.py for tasks to queue
[2022-04-11 13:42:57,099] {logging_mixin.py:109} INFO - [2022-04-11 13:42:57,099] {dagbag.py:500} INFO - Filling up the DagBag from /home/airflow/.local/lib/python3.7/site-packages/airflow/example_dags/example_branch_day_of_week_operator.py
[2022-04-11 13:42:57,119] {processor.py:652} INFO - DAG(s) dict_keys(['example_weekday_branch_operator']) retrieved from /home/airflow/.local/lib/python3.7/site-packages/airflow/example_dags/example_branch_day_of_week_operator.py
[2022-04-11 13:42:57,145] {logging_mixin.py:109} INFO - [2022-04-11 13:42:57,145] {dag.py:2398} INFO - Sync 1 DAGs
[2022-04-11 13:42:57,169] {logging_mixin.py:109} INFO - [2022-04-11 13:42:57,168] {dag.py:2937} INFO - Setting next_dagrun for example_weekday_branch_operator to 2022-04-10 00:00:00+00:00
[2022-04-11 13:42:57,187] {processor.py:171} INFO - Processing /home/airflow/.local/lib/python3.7/site-packages/airflow/example_dags/example_branch_day_of_week_operator.py took 0.097 seconds
[2022-04-11 13:43:28,513] {processor.py:163} INFO - Started process (PID=2074) to work on /home/airflow/.local/lib/python3.7/site-packages/airflow/example_dags/example_branch_day_of_week_operator.py
[2022-04-11 13:43:28,515] {processor.py:642} INFO - Processing file /home/airflow/.local/lib/python3.7/site-packages/airflow/example_dags/example_branch_day_of_week_operator.py for tasks to queue
[2022-04-11 13:43:28,517] {logging_mixin.py:109} INFO - [2022-04-11 13:43:28,517] {dagbag.py:500} INFO - Filling up the DagBag from /home/airflow/.local/lib/python3.7/site-packages/airflow/example_dags/example_branch_day_of_week_operator.py
[2022-04-11 13:43:28,536] {processor.py:652} INFO - DAG(s) dict_keys(['example_weekday_branch_operator']) retrieved from /home/airflow/.local/lib/python3.7/site-packages/airflow/example_dags/example_branch_day_of_week_operator.py
[2022-04-11 13:43:28,560] {logging_mixin.py:109} INFO - [2022-04-11 13:43:28,560] {dag.py:2398} INFO - Sync 1 DAGs
[2022-04-11 13:43:28,582] {logging_mixin.py:109} INFO - [2022-04-11 13:43:28,582] {dag.py:2937} INFO - Setting next_dagrun for example_weekday_branch_operator to 2022-04-10 00:00:00+00:00
[2022-04-11 13:43:28,595] {processor.py:171} INFO - Processing /home/airflow/.local/lib/python3.7/site-packages/airflow/example_dags/example_branch_day_of_week_operator.py took 0.086 seconds
[2022-04-11 13:43:59,308] {processor.py:163} INFO - Started process (PID=2138) to work on /home/airflow/.local/lib/python3.7/site-packages/airflow/example_dags/example_branch_day_of_week_operator.py
[2022-04-11 13:43:59,310] {processor.py:642} INFO - Processing file /home/airflow/.local/lib/python3.7/site-packages/airflow/example_dags/example_branch_day_of_week_operator.py for tasks to queue
[2022-04-11 13:43:59,312] {logging_mixin.py:109} INFO - [2022-04-11 13:43:59,312] {dagbag.py:500} INFO - Filling up the DagBag from /home/airflow/.local/lib/python3.7/site-packages/airflow/example_dags/example_branch_day_of_week_operator.py
[2022-04-11 13:43:59,333] {processor.py:652} INFO - DAG(s) dict_keys(['example_weekday_branch_operator']) retrieved from /home/airflow/.local/lib/python3.7/site-packages/airflow/example_dags/example_branch_day_of_week_operator.py
[2022-04-11 13:43:59,357] {logging_mixin.py:109} INFO - [2022-04-11 13:43:59,357] {dag.py:2398} INFO - Sync 1 DAGs
[2022-04-11 13:43:59,381] {logging_mixin.py:109} INFO - [2022-04-11 13:43:59,380] {dag.py:2937} INFO - Setting next_dagrun for example_weekday_branch_operator to 2022-04-10 00:00:00+00:00
[2022-04-11 13:43:59,391] {processor.py:171} INFO - Processing /home/airflow/.local/lib/python3.7/site-packages/airflow/example_dags/example_branch_day_of_week_operator.py took 0.087 seconds
[2022-04-11 13:44:29,911] {processor.py:163} INFO - Started process (PID=2190) to work on /home/airflow/.local/lib/python3.7/site-packages/airflow/example_dags/example_branch_day_of_week_operator.py
[2022-04-11 13:44:29,913] {processor.py:642} INFO - Processing file /home/airflow/.local/lib/python3.7/site-packages/airflow/example_dags/example_branch_day_of_week_operator.py for tasks to queue
[2022-04-11 13:44:29,915] {logging_mixin.py:109} INFO - [2022-04-11 13:44:29,915] {dagbag.py:500} INFO - Filling up the DagBag from /home/airflow/.local/lib/python3.7/site-packages/airflow/example_dags/example_branch_day_of_week_operator.py
[2022-04-11 13:44:29,945] {processor.py:652} INFO - DAG(s) dict_keys(['example_weekday_branch_operator']) retrieved from /home/airflow/.local/lib/python3.7/site-packages/airflow/example_dags/example_branch_day_of_week_operator.py
[2022-04-11 13:44:29,976] {logging_mixin.py:109} INFO - [2022-04-11 13:44:29,976] {dag.py:2398} INFO - Sync 1 DAGs
[2022-04-11 13:44:30,015] {logging_mixin.py:109} INFO - [2022-04-11 13:44:30,015] {dag.py:2937} INFO - Setting next_dagrun for example_weekday_branch_operator to 2022-04-10 00:00:00+00:00
[2022-04-11 13:44:30,029] {processor.py:171} INFO - Processing /home/airflow/.local/lib/python3.7/site-packages/airflow/example_dags/example_branch_day_of_week_operator.py took 0.123 seconds
[2022-04-11 13:45:01,271] {processor.py:163} INFO - Started process (PID=2241) to work on /home/airflow/.local/lib/python3.7/site-packages/airflow/example_dags/example_branch_day_of_week_operator.py
[2022-04-11 13:45:01,274] {processor.py:642} INFO - Processing file /home/airflow/.local/lib/python3.7/site-packages/airflow/example_dags/example_branch_day_of_week_operator.py for tasks to queue
[2022-04-11 13:45:01,277] {logging_mixin.py:109} INFO - [2022-04-11 13:45:01,277] {dagbag.py:500} INFO - Filling up the DagBag from /home/airflow/.local/lib/python3.7/site-packages/airflow/example_dags/example_branch_day_of_week_operator.py
[2022-04-11 13:45:01,310] {processor.py:652} INFO - DAG(s) dict_keys(['example_weekday_branch_operator']) retrieved from /home/airflow/.local/lib/python3.7/site-packages/airflow/example_dags/example_branch_day_of_week_operator.py
[2022-04-11 13:45:01,352] {logging_mixin.py:109} INFO - [2022-04-11 13:45:01,352] {dag.py:2398} INFO - Sync 1 DAGs
[2022-04-11 13:45:01,410] {logging_mixin.py:109} INFO - [2022-04-11 13:45:01,410] {dag.py:2937} INFO - Setting next_dagrun for example_weekday_branch_operator to 2022-04-10 00:00:00+00:00
[2022-04-11 13:45:01,437] {processor.py:171} INFO - Processing /home/airflow/.local/lib/python3.7/site-packages/airflow/example_dags/example_branch_day_of_week_operator.py took 0.174 seconds
[2022-04-11 13:45:32,142] {processor.py:163} INFO - Started process (PID=2301) to work on /home/airflow/.local/lib/python3.7/site-packages/airflow/example_dags/example_branch_day_of_week_operator.py
[2022-04-11 13:45:32,145] {processor.py:642} INFO - Processing file /home/airflow/.local/lib/python3.7/site-packages/airflow/example_dags/example_branch_day_of_week_operator.py for tasks to queue
[2022-04-11 13:45:32,147] {logging_mixin.py:109} INFO - [2022-04-11 13:45:32,147] {dagbag.py:500} INFO - Filling up the DagBag from /home/airflow/.local/lib/python3.7/site-packages/airflow/example_dags/example_branch_day_of_week_operator.py
[2022-04-11 13:45:32,190] {processor.py:652} INFO - DAG(s) dict_keys(['example_weekday_branch_operator']) retrieved from /home/airflow/.local/lib/python3.7/site-packages/airflow/example_dags/example_branch_day_of_week_operator.py
[2022-04-11 13:45:32,229] {logging_mixin.py:109} INFO - [2022-04-11 13:45:32,229] {dag.py:2398} INFO - Sync 1 DAGs
[2022-04-11 13:45:32,265] {logging_mixin.py:109} INFO - [2022-04-11 13:45:32,265] {dag.py:2937} INFO - Setting next_dagrun for example_weekday_branch_operator to 2022-04-10 00:00:00+00:00
[2022-04-11 13:45:32,283] {processor.py:171} INFO - Processing /home/airflow/.local/lib/python3.7/site-packages/airflow/example_dags/example_branch_day_of_week_operator.py took 0.145 seconds
[2022-04-11 13:46:02,848] {processor.py:163} INFO - Started process (PID=2353) to work on /home/airflow/.local/lib/python3.7/site-packages/airflow/example_dags/example_branch_day_of_week_operator.py
[2022-04-11 13:46:02,850] {processor.py:642} INFO - Processing file /home/airflow/.local/lib/python3.7/site-packages/airflow/example_dags/example_branch_day_of_week_operator.py for tasks to queue
[2022-04-11 13:46:02,852] {logging_mixin.py:109} INFO - [2022-04-11 13:46:02,851] {dagbag.py:500} INFO - Filling up the DagBag from /home/airflow/.local/lib/python3.7/site-packages/airflow/example_dags/example_branch_day_of_week_operator.py
[2022-04-11 13:46:02,880] {processor.py:652} INFO - DAG(s) dict_keys(['example_weekday_branch_operator']) retrieved from /home/airflow/.local/lib/python3.7/site-packages/airflow/example_dags/example_branch_day_of_week_operator.py
[2022-04-11 13:46:02,918] {logging_mixin.py:109} INFO - [2022-04-11 13:46:02,918] {dag.py:2398} INFO - Sync 1 DAGs
[2022-04-11 13:46:02,948] {logging_mixin.py:109} INFO - [2022-04-11 13:46:02,948] {dag.py:2937} INFO - Setting next_dagrun for example_weekday_branch_operator to 2022-04-10 00:00:00+00:00
[2022-04-11 13:46:02,965] {processor.py:171} INFO - Processing /home/airflow/.local/lib/python3.7/site-packages/airflow/example_dags/example_branch_day_of_week_operator.py took 0.124 seconds
[2022-04-11 13:46:34,288] {processor.py:163} INFO - Started process (PID=2415) to work on /home/airflow/.local/lib/python3.7/site-packages/airflow/example_dags/example_branch_day_of_week_operator.py
[2022-04-11 13:46:34,290] {processor.py:642} INFO - Processing file /home/airflow/.local/lib/python3.7/site-packages/airflow/example_dags/example_branch_day_of_week_operator.py for tasks to queue
[2022-04-11 13:46:34,292] {logging_mixin.py:109} INFO - [2022-04-11 13:46:34,291] {dagbag.py:500} INFO - Filling up the DagBag from /home/airflow/.local/lib/python3.7/site-packages/airflow/example_dags/example_branch_day_of_week_operator.py
[2022-04-11 13:46:34,327] {processor.py:652} INFO - DAG(s) dict_keys(['example_weekday_branch_operator']) retrieved from /home/airflow/.local/lib/python3.7/site-packages/airflow/example_dags/example_branch_day_of_week_operator.py
[2022-04-11 13:46:34,367] {logging_mixin.py:109} INFO - [2022-04-11 13:46:34,366] {dag.py:2398} INFO - Sync 1 DAGs
[2022-04-11 13:46:34,399] {logging_mixin.py:109} INFO - [2022-04-11 13:46:34,399] {dag.py:2937} INFO - Setting next_dagrun for example_weekday_branch_operator to 2022-04-10 00:00:00+00:00
[2022-04-11 13:46:34,418] {processor.py:171} INFO - Processing /home/airflow/.local/lib/python3.7/site-packages/airflow/example_dags/example_branch_day_of_week_operator.py took 0.136 seconds
[2022-04-11 13:47:04,773] {processor.py:163} INFO - Started process (PID=2469) to work on /home/airflow/.local/lib/python3.7/site-packages/airflow/example_dags/example_branch_day_of_week_operator.py
[2022-04-11 13:47:04,775] {processor.py:642} INFO - Processing file /home/airflow/.local/lib/python3.7/site-packages/airflow/example_dags/example_branch_day_of_week_operator.py for tasks to queue
[2022-04-11 13:47:04,777] {logging_mixin.py:109} INFO - [2022-04-11 13:47:04,777] {dagbag.py:500} INFO - Filling up the DagBag from /home/airflow/.local/lib/python3.7/site-packages/airflow/example_dags/example_branch_day_of_week_operator.py
[2022-04-11 13:47:04,804] {processor.py:652} INFO - DAG(s) dict_keys(['example_weekday_branch_operator']) retrieved from /home/airflow/.local/lib/python3.7/site-packages/airflow/example_dags/example_branch_day_of_week_operator.py
[2022-04-11 13:47:04,834] {logging_mixin.py:109} INFO - [2022-04-11 13:47:04,834] {dag.py:2398} INFO - Sync 1 DAGs
[2022-04-11 13:47:04,876] {logging_mixin.py:109} INFO - [2022-04-11 13:47:04,876] {dag.py:2937} INFO - Setting next_dagrun for example_weekday_branch_operator to 2022-04-10 00:00:00+00:00
[2022-04-11 13:47:04,895] {processor.py:171} INFO - Processing /home/airflow/.local/lib/python3.7/site-packages/airflow/example_dags/example_branch_day_of_week_operator.py took 0.128 seconds
[2022-04-11 13:47:35,647] {processor.py:163} INFO - Started process (PID=2522) to work on /home/airflow/.local/lib/python3.7/site-packages/airflow/example_dags/example_branch_day_of_week_operator.py
[2022-04-11 13:47:35,649] {processor.py:642} INFO - Processing file /home/airflow/.local/lib/python3.7/site-packages/airflow/example_dags/example_branch_day_of_week_operator.py for tasks to queue
[2022-04-11 13:47:35,650] {logging_mixin.py:109} INFO - [2022-04-11 13:47:35,650] {dagbag.py:500} INFO - Filling up the DagBag from /home/airflow/.local/lib/python3.7/site-packages/airflow/example_dags/example_branch_day_of_week_operator.py
[2022-04-11 13:47:35,674] {processor.py:652} INFO - DAG(s) dict_keys(['example_weekday_branch_operator']) retrieved from /home/airflow/.local/lib/python3.7/site-packages/airflow/example_dags/example_branch_day_of_week_operator.py
[2022-04-11 13:47:35,701] {logging_mixin.py:109} INFO - [2022-04-11 13:47:35,701] {dag.py:2398} INFO - Sync 1 DAGs
[2022-04-11 13:47:35,731] {logging_mixin.py:109} INFO - [2022-04-11 13:47:35,730] {dag.py:2937} INFO - Setting next_dagrun for example_weekday_branch_operator to 2022-04-10 00:00:00+00:00
[2022-04-11 13:47:35,742] {processor.py:171} INFO - Processing /home/airflow/.local/lib/python3.7/site-packages/airflow/example_dags/example_branch_day_of_week_operator.py took 0.099 seconds
[2022-04-11 13:48:06,492] {processor.py:163} INFO - Started process (PID=2585) to work on /home/airflow/.local/lib/python3.7/site-packages/airflow/example_dags/example_branch_day_of_week_operator.py
[2022-04-11 13:48:06,494] {processor.py:642} INFO - Processing file /home/airflow/.local/lib/python3.7/site-packages/airflow/example_dags/example_branch_day_of_week_operator.py for tasks to queue
[2022-04-11 13:48:06,499] {logging_mixin.py:109} INFO - [2022-04-11 13:48:06,497] {dagbag.py:500} INFO - Filling up the DagBag from /home/airflow/.local/lib/python3.7/site-packages/airflow/example_dags/example_branch_day_of_week_operator.py
[2022-04-11 13:48:06,521] {processor.py:652} INFO - DAG(s) dict_keys(['example_weekday_branch_operator']) retrieved from /home/airflow/.local/lib/python3.7/site-packages/airflow/example_dags/example_branch_day_of_week_operator.py
[2022-04-11 13:48:06,548] {logging_mixin.py:109} INFO - [2022-04-11 13:48:06,548] {dag.py:2398} INFO - Sync 1 DAGs
[2022-04-11 13:48:06,576] {logging_mixin.py:109} INFO - [2022-04-11 13:48:06,576] {dag.py:2937} INFO - Setting next_dagrun for example_weekday_branch_operator to 2022-04-10 00:00:00+00:00
[2022-04-11 13:48:06,589] {processor.py:171} INFO - Processing /home/airflow/.local/lib/python3.7/site-packages/airflow/example_dags/example_branch_day_of_week_operator.py took 0.102 seconds
[2022-04-11 13:48:37,136] {processor.py:163} INFO - Started process (PID=2637) to work on /home/airflow/.local/lib/python3.7/site-packages/airflow/example_dags/example_branch_day_of_week_operator.py
[2022-04-11 13:48:37,145] {processor.py:642} INFO - Processing file /home/airflow/.local/lib/python3.7/site-packages/airflow/example_dags/example_branch_day_of_week_operator.py for tasks to queue
[2022-04-11 13:48:37,164] {logging_mixin.py:109} INFO - [2022-04-11 13:48:37,164] {dagbag.py:500} INFO - Filling up the DagBag from /home/airflow/.local/lib/python3.7/site-packages/airflow/example_dags/example_branch_day_of_week_operator.py
[2022-04-11 13:48:37,203] {processor.py:652} INFO - DAG(s) dict_keys(['example_weekday_branch_operator']) retrieved from /home/airflow/.local/lib/python3.7/site-packages/airflow/example_dags/example_branch_day_of_week_operator.py
[2022-04-11 13:48:37,229] {logging_mixin.py:109} INFO - [2022-04-11 13:48:37,229] {dag.py:2398} INFO - Sync 1 DAGs
[2022-04-11 13:48:37,251] {logging_mixin.py:109} INFO - [2022-04-11 13:48:37,251] {dag.py:2937} INFO - Setting next_dagrun for example_weekday_branch_operator to 2022-04-10 00:00:00+00:00
[2022-04-11 13:48:37,268] {processor.py:171} INFO - Processing /home/airflow/.local/lib/python3.7/site-packages/airflow/example_dags/example_branch_day_of_week_operator.py took 0.135 seconds
[2022-04-11 13:49:07,879] {processor.py:163} INFO - Started process (PID=2700) to work on /home/airflow/.local/lib/python3.7/site-packages/airflow/example_dags/example_branch_day_of_week_operator.py
[2022-04-11 13:49:07,881] {processor.py:642} INFO - Processing file /home/airflow/.local/lib/python3.7/site-packages/airflow/example_dags/example_branch_day_of_week_operator.py for tasks to queue
[2022-04-11 13:49:07,882] {logging_mixin.py:109} INFO - [2022-04-11 13:49:07,882] {dagbag.py:500} INFO - Filling up the DagBag from /home/airflow/.local/lib/python3.7/site-packages/airflow/example_dags/example_branch_day_of_week_operator.py
[2022-04-11 13:49:07,901] {processor.py:652} INFO - DAG(s) dict_keys(['example_weekday_branch_operator']) retrieved from /home/airflow/.local/lib/python3.7/site-packages/airflow/example_dags/example_branch_day_of_week_operator.py
[2022-04-11 13:49:07,924] {logging_mixin.py:109} INFO - [2022-04-11 13:49:07,924] {dag.py:2398} INFO - Sync 1 DAGs
[2022-04-11 13:49:07,950] {logging_mixin.py:109} INFO - [2022-04-11 13:49:07,950] {dag.py:2937} INFO - Setting next_dagrun for example_weekday_branch_operator to 2022-04-10 00:00:00+00:00
[2022-04-11 13:49:07,962] {processor.py:171} INFO - Processing /home/airflow/.local/lib/python3.7/site-packages/airflow/example_dags/example_branch_day_of_week_operator.py took 0.088 seconds
