[2022-04-11 13:26:47,272] {processor.py:163} INFO - Started process (PID=54) to work on /home/airflow/.local/lib/python3.7/site-packages/airflow/example_dags/example_trigger_controller_dag.py
[2022-04-11 13:26:47,274] {processor.py:642} INFO - Processing file /home/airflow/.local/lib/python3.7/site-packages/airflow/example_dags/example_trigger_controller_dag.py for tasks to queue
[2022-04-11 13:26:47,275] {logging_mixin.py:109} INFO - [2022-04-11 13:26:47,275] {dagbag.py:500} INFO - Filling up the DagBag from /home/airflow/.local/lib/python3.7/site-packages/airflow/example_dags/example_trigger_controller_dag.py
[2022-04-11 13:26:47,302] {processor.py:652} INFO - DAG(s) dict_keys(['example_trigger_controller_dag']) retrieved from /home/airflow/.local/lib/python3.7/site-packages/airflow/example_dags/example_trigger_controller_dag.py
[2022-04-11 13:26:49,652] {logging_mixin.py:109} INFO - [2022-04-11 13:26:49,652] {manager.py:496} INFO - Created Permission View: can read on DAG:example_trigger_controller_dag
[2022-04-11 13:26:49,663] {logging_mixin.py:109} INFO - [2022-04-11 13:26:49,663] {manager.py:496} INFO - Created Permission View: can edit on DAG:example_trigger_controller_dag
[2022-04-11 13:26:49,664] {logging_mixin.py:109} INFO - [2022-04-11 13:26:49,664] {dag.py:2398} INFO - Sync 1 DAGs
[2022-04-11 13:26:49,675] {logging_mixin.py:109} INFO - [2022-04-11 13:26:49,674] {dag.py:2417} INFO - Creating ORM DAG for example_trigger_controller_dag
[2022-04-11 13:26:49,687] {logging_mixin.py:109} INFO - [2022-04-11 13:26:49,687] {dag.py:2937} INFO - Setting next_dagrun for example_trigger_controller_dag to 2021-01-01T00:00:00+00:00
[2022-04-11 13:26:49,700] {processor.py:171} INFO - Processing /home/airflow/.local/lib/python3.7/site-packages/airflow/example_dags/example_trigger_controller_dag.py took 2.433 seconds
[2022-04-11 13:27:20,141] {processor.py:163} INFO - Started process (PID=284) to work on /home/airflow/.local/lib/python3.7/site-packages/airflow/example_dags/example_trigger_controller_dag.py
[2022-04-11 13:27:20,144] {processor.py:642} INFO - Processing file /home/airflow/.local/lib/python3.7/site-packages/airflow/example_dags/example_trigger_controller_dag.py for tasks to queue
[2022-04-11 13:27:20,145] {logging_mixin.py:109} INFO - [2022-04-11 13:27:20,145] {dagbag.py:500} INFO - Filling up the DagBag from /home/airflow/.local/lib/python3.7/site-packages/airflow/example_dags/example_trigger_controller_dag.py
[2022-04-11 13:27:20,165] {processor.py:652} INFO - DAG(s) dict_keys(['example_trigger_controller_dag']) retrieved from /home/airflow/.local/lib/python3.7/site-packages/airflow/example_dags/example_trigger_controller_dag.py
[2022-04-11 13:27:20,195] {logging_mixin.py:109} INFO - [2022-04-11 13:27:20,195] {dag.py:2398} INFO - Sync 1 DAGs
[2022-04-11 13:27:20,219] {logging_mixin.py:109} INFO - [2022-04-11 13:27:20,219] {dag.py:2937} INFO - Setting next_dagrun for example_trigger_controller_dag to 2021-01-01T00:00:00+00:00
[2022-04-11 13:27:20,237] {processor.py:171} INFO - Processing /home/airflow/.local/lib/python3.7/site-packages/airflow/example_dags/example_trigger_controller_dag.py took 0.103 seconds
[2022-04-11 13:27:50,577] {processor.py:163} INFO - Started process (PID=335) to work on /home/airflow/.local/lib/python3.7/site-packages/airflow/example_dags/example_trigger_controller_dag.py
[2022-04-11 13:27:50,579] {processor.py:642} INFO - Processing file /home/airflow/.local/lib/python3.7/site-packages/airflow/example_dags/example_trigger_controller_dag.py for tasks to queue
[2022-04-11 13:27:50,581] {logging_mixin.py:109} INFO - [2022-04-11 13:27:50,580] {dagbag.py:500} INFO - Filling up the DagBag from /home/airflow/.local/lib/python3.7/site-packages/airflow/example_dags/example_trigger_controller_dag.py
[2022-04-11 13:27:50,602] {processor.py:652} INFO - DAG(s) dict_keys(['example_trigger_controller_dag']) retrieved from /home/airflow/.local/lib/python3.7/site-packages/airflow/example_dags/example_trigger_controller_dag.py
[2022-04-11 13:27:50,628] {logging_mixin.py:109} INFO - [2022-04-11 13:27:50,628] {dag.py:2398} INFO - Sync 1 DAGs
[2022-04-11 13:27:50,651] {logging_mixin.py:109} INFO - [2022-04-11 13:27:50,651] {dag.py:2937} INFO - Setting next_dagrun for example_trigger_controller_dag to 2021-01-01T00:00:00+00:00
[2022-04-11 13:27:50,664] {processor.py:171} INFO - Processing /home/airflow/.local/lib/python3.7/site-packages/airflow/example_dags/example_trigger_controller_dag.py took 0.092 seconds
[2022-04-11 13:28:20,742] {processor.py:163} INFO - Started process (PID=396) to work on /home/airflow/.local/lib/python3.7/site-packages/airflow/example_dags/example_trigger_controller_dag.py
[2022-04-11 13:28:20,745] {processor.py:642} INFO - Processing file /home/airflow/.local/lib/python3.7/site-packages/airflow/example_dags/example_trigger_controller_dag.py for tasks to queue
[2022-04-11 13:28:20,746] {logging_mixin.py:109} INFO - [2022-04-11 13:28:20,746] {dagbag.py:500} INFO - Filling up the DagBag from /home/airflow/.local/lib/python3.7/site-packages/airflow/example_dags/example_trigger_controller_dag.py
[2022-04-11 13:28:20,765] {processor.py:652} INFO - DAG(s) dict_keys(['example_trigger_controller_dag']) retrieved from /home/airflow/.local/lib/python3.7/site-packages/airflow/example_dags/example_trigger_controller_dag.py
[2022-04-11 13:28:20,792] {logging_mixin.py:109} INFO - [2022-04-11 13:28:20,792] {dag.py:2398} INFO - Sync 1 DAGs
[2022-04-11 13:28:20,816] {logging_mixin.py:109} INFO - [2022-04-11 13:28:20,815] {dag.py:2937} INFO - Setting next_dagrun for example_trigger_controller_dag to 2021-01-01T00:00:00+00:00
[2022-04-11 13:28:20,834] {processor.py:171} INFO - Processing /home/airflow/.local/lib/python3.7/site-packages/airflow/example_dags/example_trigger_controller_dag.py took 0.096 seconds
[2022-04-11 13:28:50,899] {processor.py:163} INFO - Started process (PID=447) to work on /home/airflow/.local/lib/python3.7/site-packages/airflow/example_dags/example_trigger_controller_dag.py
[2022-04-11 13:28:50,904] {processor.py:642} INFO - Processing file /home/airflow/.local/lib/python3.7/site-packages/airflow/example_dags/example_trigger_controller_dag.py for tasks to queue
[2022-04-11 13:28:50,907] {logging_mixin.py:109} INFO - [2022-04-11 13:28:50,907] {dagbag.py:500} INFO - Filling up the DagBag from /home/airflow/.local/lib/python3.7/site-packages/airflow/example_dags/example_trigger_controller_dag.py
[2022-04-11 13:28:50,940] {processor.py:652} INFO - DAG(s) dict_keys(['example_trigger_controller_dag']) retrieved from /home/airflow/.local/lib/python3.7/site-packages/airflow/example_dags/example_trigger_controller_dag.py
[2022-04-11 13:28:50,978] {logging_mixin.py:109} INFO - [2022-04-11 13:28:50,978] {dag.py:2398} INFO - Sync 1 DAGs
[2022-04-11 13:28:51,007] {logging_mixin.py:109} INFO - [2022-04-11 13:28:51,007] {dag.py:2937} INFO - Setting next_dagrun for example_trigger_controller_dag to 2021-01-01T00:00:00+00:00
[2022-04-11 13:28:51,028] {processor.py:171} INFO - Processing /home/airflow/.local/lib/python3.7/site-packages/airflow/example_dags/example_trigger_controller_dag.py took 0.136 seconds
[2022-04-11 13:29:21,120] {processor.py:163} INFO - Started process (PID=507) to work on /home/airflow/.local/lib/python3.7/site-packages/airflow/example_dags/example_trigger_controller_dag.py
[2022-04-11 13:29:21,122] {processor.py:642} INFO - Processing file /home/airflow/.local/lib/python3.7/site-packages/airflow/example_dags/example_trigger_controller_dag.py for tasks to queue
[2022-04-11 13:29:21,124] {logging_mixin.py:109} INFO - [2022-04-11 13:29:21,124] {dagbag.py:500} INFO - Filling up the DagBag from /home/airflow/.local/lib/python3.7/site-packages/airflow/example_dags/example_trigger_controller_dag.py
[2022-04-11 13:29:21,142] {processor.py:652} INFO - DAG(s) dict_keys(['example_trigger_controller_dag']) retrieved from /home/airflow/.local/lib/python3.7/site-packages/airflow/example_dags/example_trigger_controller_dag.py
[2022-04-11 13:29:21,173] {logging_mixin.py:109} INFO - [2022-04-11 13:29:21,172] {dag.py:2398} INFO - Sync 1 DAGs
[2022-04-11 13:29:21,205] {logging_mixin.py:109} INFO - [2022-04-11 13:29:21,204] {dag.py:2937} INFO - Setting next_dagrun for example_trigger_controller_dag to 2021-01-01T00:00:00+00:00
[2022-04-11 13:29:21,218] {processor.py:171} INFO - Processing /home/airflow/.local/lib/python3.7/site-packages/airflow/example_dags/example_trigger_controller_dag.py took 0.103 seconds
[2022-04-11 13:29:51,451] {processor.py:163} INFO - Started process (PID=560) to work on /home/airflow/.local/lib/python3.7/site-packages/airflow/example_dags/example_trigger_controller_dag.py
[2022-04-11 13:29:51,453] {processor.py:642} INFO - Processing file /home/airflow/.local/lib/python3.7/site-packages/airflow/example_dags/example_trigger_controller_dag.py for tasks to queue
[2022-04-11 13:29:51,455] {logging_mixin.py:109} INFO - [2022-04-11 13:29:51,454] {dagbag.py:500} INFO - Filling up the DagBag from /home/airflow/.local/lib/python3.7/site-packages/airflow/example_dags/example_trigger_controller_dag.py
[2022-04-11 13:29:51,472] {processor.py:652} INFO - DAG(s) dict_keys(['example_trigger_controller_dag']) retrieved from /home/airflow/.local/lib/python3.7/site-packages/airflow/example_dags/example_trigger_controller_dag.py
[2022-04-11 13:29:51,499] {logging_mixin.py:109} INFO - [2022-04-11 13:29:51,499] {dag.py:2398} INFO - Sync 1 DAGs
[2022-04-11 13:29:51,520] {logging_mixin.py:109} INFO - [2022-04-11 13:29:51,520] {dag.py:2937} INFO - Setting next_dagrun for example_trigger_controller_dag to 2021-01-01T00:00:00+00:00
[2022-04-11 13:29:51,532] {processor.py:171} INFO - Processing /home/airflow/.local/lib/python3.7/site-packages/airflow/example_dags/example_trigger_controller_dag.py took 0.086 seconds
[2022-04-11 13:30:22,008] {processor.py:163} INFO - Started process (PID=610) to work on /home/airflow/.local/lib/python3.7/site-packages/airflow/example_dags/example_trigger_controller_dag.py
[2022-04-11 13:30:22,010] {processor.py:642} INFO - Processing file /home/airflow/.local/lib/python3.7/site-packages/airflow/example_dags/example_trigger_controller_dag.py for tasks to queue
[2022-04-11 13:30:22,012] {logging_mixin.py:109} INFO - [2022-04-11 13:30:22,012] {dagbag.py:500} INFO - Filling up the DagBag from /home/airflow/.local/lib/python3.7/site-packages/airflow/example_dags/example_trigger_controller_dag.py
[2022-04-11 13:30:22,029] {processor.py:652} INFO - DAG(s) dict_keys(['example_trigger_controller_dag']) retrieved from /home/airflow/.local/lib/python3.7/site-packages/airflow/example_dags/example_trigger_controller_dag.py
[2022-04-11 13:30:22,062] {logging_mixin.py:109} INFO - [2022-04-11 13:30:22,062] {dag.py:2398} INFO - Sync 1 DAGs
[2022-04-11 13:30:22,085] {logging_mixin.py:109} INFO - [2022-04-11 13:30:22,085] {dag.py:2937} INFO - Setting next_dagrun for example_trigger_controller_dag to 2021-01-01T00:00:00+00:00
[2022-04-11 13:30:22,097] {processor.py:171} INFO - Processing /home/airflow/.local/lib/python3.7/site-packages/airflow/example_dags/example_trigger_controller_dag.py took 0.093 seconds
[2022-04-11 13:30:52,557] {processor.py:163} INFO - Started process (PID=667) to work on /home/airflow/.local/lib/python3.7/site-packages/airflow/example_dags/example_trigger_controller_dag.py
[2022-04-11 13:30:52,559] {processor.py:642} INFO - Processing file /home/airflow/.local/lib/python3.7/site-packages/airflow/example_dags/example_trigger_controller_dag.py for tasks to queue
[2022-04-11 13:30:52,560] {logging_mixin.py:109} INFO - [2022-04-11 13:30:52,560] {dagbag.py:500} INFO - Filling up the DagBag from /home/airflow/.local/lib/python3.7/site-packages/airflow/example_dags/example_trigger_controller_dag.py
[2022-04-11 13:30:52,583] {processor.py:652} INFO - DAG(s) dict_keys(['example_trigger_controller_dag']) retrieved from /home/airflow/.local/lib/python3.7/site-packages/airflow/example_dags/example_trigger_controller_dag.py
[2022-04-11 13:30:52,609] {logging_mixin.py:109} INFO - [2022-04-11 13:30:52,609] {dag.py:2398} INFO - Sync 1 DAGs
[2022-04-11 13:30:52,629] {logging_mixin.py:109} INFO - [2022-04-11 13:30:52,629] {dag.py:2937} INFO - Setting next_dagrun for example_trigger_controller_dag to 2021-01-01T00:00:00+00:00
[2022-04-11 13:30:52,640] {processor.py:171} INFO - Processing /home/airflow/.local/lib/python3.7/site-packages/airflow/example_dags/example_trigger_controller_dag.py took 0.089 seconds
[2022-04-11 13:31:23,101] {processor.py:163} INFO - Started process (PID=719) to work on /home/airflow/.local/lib/python3.7/site-packages/airflow/example_dags/example_trigger_controller_dag.py
[2022-04-11 13:31:23,103] {processor.py:642} INFO - Processing file /home/airflow/.local/lib/python3.7/site-packages/airflow/example_dags/example_trigger_controller_dag.py for tasks to queue
[2022-04-11 13:31:23,105] {logging_mixin.py:109} INFO - [2022-04-11 13:31:23,105] {dagbag.py:500} INFO - Filling up the DagBag from /home/airflow/.local/lib/python3.7/site-packages/airflow/example_dags/example_trigger_controller_dag.py
[2022-04-11 13:31:23,122] {processor.py:652} INFO - DAG(s) dict_keys(['example_trigger_controller_dag']) retrieved from /home/airflow/.local/lib/python3.7/site-packages/airflow/example_dags/example_trigger_controller_dag.py
[2022-04-11 13:31:23,149] {logging_mixin.py:109} INFO - [2022-04-11 13:31:23,149] {dag.py:2398} INFO - Sync 1 DAGs
[2022-04-11 13:31:23,171] {logging_mixin.py:109} INFO - [2022-04-11 13:31:23,171] {dag.py:2937} INFO - Setting next_dagrun for example_trigger_controller_dag to 2021-01-01T00:00:00+00:00
[2022-04-11 13:31:23,181] {processor.py:171} INFO - Processing /home/airflow/.local/lib/python3.7/site-packages/airflow/example_dags/example_trigger_controller_dag.py took 0.085 seconds
[2022-04-11 13:31:53,416] {processor.py:163} INFO - Started process (PID=791) to work on /home/airflow/.local/lib/python3.7/site-packages/airflow/example_dags/example_trigger_controller_dag.py
[2022-04-11 13:31:53,419] {processor.py:642} INFO - Processing file /home/airflow/.local/lib/python3.7/site-packages/airflow/example_dags/example_trigger_controller_dag.py for tasks to queue
[2022-04-11 13:31:53,422] {logging_mixin.py:109} INFO - [2022-04-11 13:31:53,422] {dagbag.py:500} INFO - Filling up the DagBag from /home/airflow/.local/lib/python3.7/site-packages/airflow/example_dags/example_trigger_controller_dag.py
[2022-04-11 13:31:53,448] {processor.py:652} INFO - DAG(s) dict_keys(['example_trigger_controller_dag']) retrieved from /home/airflow/.local/lib/python3.7/site-packages/airflow/example_dags/example_trigger_controller_dag.py
[2022-04-11 13:31:53,482] {logging_mixin.py:109} INFO - [2022-04-11 13:31:53,482] {dag.py:2398} INFO - Sync 1 DAGs
[2022-04-11 13:31:53,510] {logging_mixin.py:109} INFO - [2022-04-11 13:31:53,509] {dag.py:2937} INFO - Setting next_dagrun for example_trigger_controller_dag to 2021-01-01T00:00:00+00:00
[2022-04-11 13:31:53,526] {processor.py:171} INFO - Processing /home/airflow/.local/lib/python3.7/site-packages/airflow/example_dags/example_trigger_controller_dag.py took 0.118 seconds
[2022-04-11 13:32:23,703] {processor.py:163} INFO - Started process (PID=843) to work on /home/airflow/.local/lib/python3.7/site-packages/airflow/example_dags/example_trigger_controller_dag.py
[2022-04-11 13:32:23,705] {processor.py:642} INFO - Processing file /home/airflow/.local/lib/python3.7/site-packages/airflow/example_dags/example_trigger_controller_dag.py for tasks to queue
[2022-04-11 13:32:23,707] {logging_mixin.py:109} INFO - [2022-04-11 13:32:23,706] {dagbag.py:500} INFO - Filling up the DagBag from /home/airflow/.local/lib/python3.7/site-packages/airflow/example_dags/example_trigger_controller_dag.py
[2022-04-11 13:32:23,726] {processor.py:652} INFO - DAG(s) dict_keys(['example_trigger_controller_dag']) retrieved from /home/airflow/.local/lib/python3.7/site-packages/airflow/example_dags/example_trigger_controller_dag.py
[2022-04-11 13:32:23,751] {logging_mixin.py:109} INFO - [2022-04-11 13:32:23,751] {dag.py:2398} INFO - Sync 1 DAGs
[2022-04-11 13:32:23,770] {logging_mixin.py:109} INFO - [2022-04-11 13:32:23,770] {dag.py:2937} INFO - Setting next_dagrun for example_trigger_controller_dag to 2021-01-01T00:00:00+00:00
[2022-04-11 13:32:23,783] {processor.py:171} INFO - Processing /home/airflow/.local/lib/python3.7/site-packages/airflow/example_dags/example_trigger_controller_dag.py took 0.085 seconds
[2022-04-11 13:32:54,240] {processor.py:163} INFO - Started process (PID=895) to work on /home/airflow/.local/lib/python3.7/site-packages/airflow/example_dags/example_trigger_controller_dag.py
[2022-04-11 13:32:54,242] {processor.py:642} INFO - Processing file /home/airflow/.local/lib/python3.7/site-packages/airflow/example_dags/example_trigger_controller_dag.py for tasks to queue
[2022-04-11 13:32:54,244] {logging_mixin.py:109} INFO - [2022-04-11 13:32:54,243] {dagbag.py:500} INFO - Filling up the DagBag from /home/airflow/.local/lib/python3.7/site-packages/airflow/example_dags/example_trigger_controller_dag.py
[2022-04-11 13:32:54,261] {processor.py:652} INFO - DAG(s) dict_keys(['example_trigger_controller_dag']) retrieved from /home/airflow/.local/lib/python3.7/site-packages/airflow/example_dags/example_trigger_controller_dag.py
[2022-04-11 13:32:54,287] {logging_mixin.py:109} INFO - [2022-04-11 13:32:54,287] {dag.py:2398} INFO - Sync 1 DAGs
[2022-04-11 13:32:54,307] {logging_mixin.py:109} INFO - [2022-04-11 13:32:54,307] {dag.py:2937} INFO - Setting next_dagrun for example_trigger_controller_dag to 2021-01-01T00:00:00+00:00
[2022-04-11 13:32:54,320] {processor.py:171} INFO - Processing /home/airflow/.local/lib/python3.7/site-packages/airflow/example_dags/example_trigger_controller_dag.py took 0.083 seconds
[2022-04-11 13:33:24,708] {processor.py:163} INFO - Started process (PID=956) to work on /home/airflow/.local/lib/python3.7/site-packages/airflow/example_dags/example_trigger_controller_dag.py
[2022-04-11 13:33:24,710] {processor.py:642} INFO - Processing file /home/airflow/.local/lib/python3.7/site-packages/airflow/example_dags/example_trigger_controller_dag.py for tasks to queue
[2022-04-11 13:33:24,711] {logging_mixin.py:109} INFO - [2022-04-11 13:33:24,711] {dagbag.py:500} INFO - Filling up the DagBag from /home/airflow/.local/lib/python3.7/site-packages/airflow/example_dags/example_trigger_controller_dag.py
[2022-04-11 13:33:24,734] {processor.py:652} INFO - DAG(s) dict_keys(['example_trigger_controller_dag']) retrieved from /home/airflow/.local/lib/python3.7/site-packages/airflow/example_dags/example_trigger_controller_dag.py
[2022-04-11 13:33:24,764] {logging_mixin.py:109} INFO - [2022-04-11 13:33:24,764] {dag.py:2398} INFO - Sync 1 DAGs
[2022-04-11 13:33:24,786] {logging_mixin.py:109} INFO - [2022-04-11 13:33:24,786] {dag.py:2937} INFO - Setting next_dagrun for example_trigger_controller_dag to 2021-01-01T00:00:00+00:00
[2022-04-11 13:33:24,799] {processor.py:171} INFO - Processing /home/airflow/.local/lib/python3.7/site-packages/airflow/example_dags/example_trigger_controller_dag.py took 0.096 seconds
[2022-04-11 13:33:55,787] {processor.py:163} INFO - Started process (PID=1007) to work on /home/airflow/.local/lib/python3.7/site-packages/airflow/example_dags/example_trigger_controller_dag.py
[2022-04-11 13:33:55,790] {processor.py:642} INFO - Processing file /home/airflow/.local/lib/python3.7/site-packages/airflow/example_dags/example_trigger_controller_dag.py for tasks to queue
[2022-04-11 13:33:55,792] {logging_mixin.py:109} INFO - [2022-04-11 13:33:55,792] {dagbag.py:500} INFO - Filling up the DagBag from /home/airflow/.local/lib/python3.7/site-packages/airflow/example_dags/example_trigger_controller_dag.py
[2022-04-11 13:33:55,812] {processor.py:652} INFO - DAG(s) dict_keys(['example_trigger_controller_dag']) retrieved from /home/airflow/.local/lib/python3.7/site-packages/airflow/example_dags/example_trigger_controller_dag.py
[2022-04-11 13:33:55,838] {logging_mixin.py:109} INFO - [2022-04-11 13:33:55,838] {dag.py:2398} INFO - Sync 1 DAGs
[2022-04-11 13:33:55,863] {logging_mixin.py:109} INFO - [2022-04-11 13:33:55,863] {dag.py:2937} INFO - Setting next_dagrun for example_trigger_controller_dag to 2021-01-01T00:00:00+00:00
[2022-04-11 13:33:55,877] {processor.py:171} INFO - Processing /home/airflow/.local/lib/python3.7/site-packages/airflow/example_dags/example_trigger_controller_dag.py took 0.095 seconds
[2022-04-11 13:34:26,441] {processor.py:163} INFO - Started process (PID=1069) to work on /home/airflow/.local/lib/python3.7/site-packages/airflow/example_dags/example_trigger_controller_dag.py
[2022-04-11 13:34:26,444] {processor.py:642} INFO - Processing file /home/airflow/.local/lib/python3.7/site-packages/airflow/example_dags/example_trigger_controller_dag.py for tasks to queue
[2022-04-11 13:34:26,445] {logging_mixin.py:109} INFO - [2022-04-11 13:34:26,445] {dagbag.py:500} INFO - Filling up the DagBag from /home/airflow/.local/lib/python3.7/site-packages/airflow/example_dags/example_trigger_controller_dag.py
[2022-04-11 13:34:26,464] {processor.py:652} INFO - DAG(s) dict_keys(['example_trigger_controller_dag']) retrieved from /home/airflow/.local/lib/python3.7/site-packages/airflow/example_dags/example_trigger_controller_dag.py
[2022-04-11 13:34:26,491] {logging_mixin.py:109} INFO - [2022-04-11 13:34:26,490] {dag.py:2398} INFO - Sync 1 DAGs
[2022-04-11 13:34:26,513] {logging_mixin.py:109} INFO - [2022-04-11 13:34:26,513] {dag.py:2937} INFO - Setting next_dagrun for example_trigger_controller_dag to 2021-01-01T00:00:00+00:00
[2022-04-11 13:34:26,525] {processor.py:171} INFO - Processing /home/airflow/.local/lib/python3.7/site-packages/airflow/example_dags/example_trigger_controller_dag.py took 0.087 seconds
[2022-04-11 13:34:57,109] {processor.py:163} INFO - Started process (PID=1122) to work on /home/airflow/.local/lib/python3.7/site-packages/airflow/example_dags/example_trigger_controller_dag.py
[2022-04-11 13:34:57,112] {processor.py:642} INFO - Processing file /home/airflow/.local/lib/python3.7/site-packages/airflow/example_dags/example_trigger_controller_dag.py for tasks to queue
[2022-04-11 13:34:57,114] {logging_mixin.py:109} INFO - [2022-04-11 13:34:57,113] {dagbag.py:500} INFO - Filling up the DagBag from /home/airflow/.local/lib/python3.7/site-packages/airflow/example_dags/example_trigger_controller_dag.py
[2022-04-11 13:34:57,135] {processor.py:652} INFO - DAG(s) dict_keys(['example_trigger_controller_dag']) retrieved from /home/airflow/.local/lib/python3.7/site-packages/airflow/example_dags/example_trigger_controller_dag.py
[2022-04-11 13:34:57,164] {logging_mixin.py:109} INFO - [2022-04-11 13:34:57,164] {dag.py:2398} INFO - Sync 1 DAGs
[2022-04-11 13:34:57,189] {logging_mixin.py:109} INFO - [2022-04-11 13:34:57,189] {dag.py:2937} INFO - Setting next_dagrun for example_trigger_controller_dag to 2021-01-01T00:00:00+00:00
[2022-04-11 13:34:57,204] {processor.py:171} INFO - Processing /home/airflow/.local/lib/python3.7/site-packages/airflow/example_dags/example_trigger_controller_dag.py took 0.099 seconds
[2022-04-11 13:35:27,485] {processor.py:163} INFO - Started process (PID=1183) to work on /home/airflow/.local/lib/python3.7/site-packages/airflow/example_dags/example_trigger_controller_dag.py
[2022-04-11 13:35:27,487] {processor.py:642} INFO - Processing file /home/airflow/.local/lib/python3.7/site-packages/airflow/example_dags/example_trigger_controller_dag.py for tasks to queue
[2022-04-11 13:35:27,488] {logging_mixin.py:109} INFO - [2022-04-11 13:35:27,488] {dagbag.py:500} INFO - Filling up the DagBag from /home/airflow/.local/lib/python3.7/site-packages/airflow/example_dags/example_trigger_controller_dag.py
[2022-04-11 13:35:27,508] {processor.py:652} INFO - DAG(s) dict_keys(['example_trigger_controller_dag']) retrieved from /home/airflow/.local/lib/python3.7/site-packages/airflow/example_dags/example_trigger_controller_dag.py
[2022-04-11 13:35:27,532] {logging_mixin.py:109} INFO - [2022-04-11 13:35:27,532] {dag.py:2398} INFO - Sync 1 DAGs
[2022-04-11 13:35:27,552] {logging_mixin.py:109} INFO - [2022-04-11 13:35:27,552] {dag.py:2937} INFO - Setting next_dagrun for example_trigger_controller_dag to 2021-01-01T00:00:00+00:00
[2022-04-11 13:35:27,563] {processor.py:171} INFO - Processing /home/airflow/.local/lib/python3.7/site-packages/airflow/example_dags/example_trigger_controller_dag.py took 0.082 seconds
[2022-04-11 13:35:57,814] {processor.py:163} INFO - Started process (PID=1235) to work on /home/airflow/.local/lib/python3.7/site-packages/airflow/example_dags/example_trigger_controller_dag.py
[2022-04-11 13:35:57,817] {processor.py:642} INFO - Processing file /home/airflow/.local/lib/python3.7/site-packages/airflow/example_dags/example_trigger_controller_dag.py for tasks to queue
[2022-04-11 13:35:57,819] {logging_mixin.py:109} INFO - [2022-04-11 13:35:57,819] {dagbag.py:500} INFO - Filling up the DagBag from /home/airflow/.local/lib/python3.7/site-packages/airflow/example_dags/example_trigger_controller_dag.py
[2022-04-11 13:35:57,839] {processor.py:652} INFO - DAG(s) dict_keys(['example_trigger_controller_dag']) retrieved from /home/airflow/.local/lib/python3.7/site-packages/airflow/example_dags/example_trigger_controller_dag.py
[2022-04-11 13:35:57,872] {logging_mixin.py:109} INFO - [2022-04-11 13:35:57,871] {dag.py:2398} INFO - Sync 1 DAGs
[2022-04-11 13:35:57,896] {logging_mixin.py:109} INFO - [2022-04-11 13:35:57,896] {dag.py:2937} INFO - Setting next_dagrun for example_trigger_controller_dag to 2021-01-01T00:00:00+00:00
[2022-04-11 13:35:57,911] {processor.py:171} INFO - Processing /home/airflow/.local/lib/python3.7/site-packages/airflow/example_dags/example_trigger_controller_dag.py took 0.101 seconds
[2022-04-11 13:36:28,273] {processor.py:163} INFO - Started process (PID=1296) to work on /home/airflow/.local/lib/python3.7/site-packages/airflow/example_dags/example_trigger_controller_dag.py
[2022-04-11 13:36:28,285] {processor.py:642} INFO - Processing file /home/airflow/.local/lib/python3.7/site-packages/airflow/example_dags/example_trigger_controller_dag.py for tasks to queue
[2022-04-11 13:36:28,286] {logging_mixin.py:109} INFO - [2022-04-11 13:36:28,286] {dagbag.py:500} INFO - Filling up the DagBag from /home/airflow/.local/lib/python3.7/site-packages/airflow/example_dags/example_trigger_controller_dag.py
[2022-04-11 13:36:28,314] {processor.py:652} INFO - DAG(s) dict_keys(['example_trigger_controller_dag']) retrieved from /home/airflow/.local/lib/python3.7/site-packages/airflow/example_dags/example_trigger_controller_dag.py
[2022-04-11 13:36:28,343] {logging_mixin.py:109} INFO - [2022-04-11 13:36:28,343] {dag.py:2398} INFO - Sync 1 DAGs
[2022-04-11 13:36:28,369] {logging_mixin.py:109} INFO - [2022-04-11 13:36:28,369] {dag.py:2937} INFO - Setting next_dagrun for example_trigger_controller_dag to 2021-01-01T00:00:00+00:00
[2022-04-11 13:36:28,381] {processor.py:171} INFO - Processing /home/airflow/.local/lib/python3.7/site-packages/airflow/example_dags/example_trigger_controller_dag.py took 0.113 seconds
[2022-04-11 13:36:58,696] {processor.py:163} INFO - Started process (PID=1353) to work on /home/airflow/.local/lib/python3.7/site-packages/airflow/example_dags/example_trigger_controller_dag.py
[2022-04-11 13:36:58,698] {processor.py:642} INFO - Processing file /home/airflow/.local/lib/python3.7/site-packages/airflow/example_dags/example_trigger_controller_dag.py for tasks to queue
[2022-04-11 13:36:58,700] {logging_mixin.py:109} INFO - [2022-04-11 13:36:58,700] {dagbag.py:500} INFO - Filling up the DagBag from /home/airflow/.local/lib/python3.7/site-packages/airflow/example_dags/example_trigger_controller_dag.py
[2022-04-11 13:36:58,719] {processor.py:652} INFO - DAG(s) dict_keys(['example_trigger_controller_dag']) retrieved from /home/airflow/.local/lib/python3.7/site-packages/airflow/example_dags/example_trigger_controller_dag.py
[2022-04-11 13:36:58,747] {logging_mixin.py:109} INFO - [2022-04-11 13:36:58,747] {dag.py:2398} INFO - Sync 1 DAGs
[2022-04-11 13:36:58,770] {logging_mixin.py:109} INFO - [2022-04-11 13:36:58,770] {dag.py:2937} INFO - Setting next_dagrun for example_trigger_controller_dag to 2021-01-01T00:00:00+00:00
[2022-04-11 13:36:58,784] {processor.py:171} INFO - Processing /home/airflow/.local/lib/python3.7/site-packages/airflow/example_dags/example_trigger_controller_dag.py took 0.092 seconds
[2022-04-11 13:37:29,212] {processor.py:163} INFO - Started process (PID=1415) to work on /home/airflow/.local/lib/python3.7/site-packages/airflow/example_dags/example_trigger_controller_dag.py
[2022-04-11 13:37:29,215] {processor.py:642} INFO - Processing file /home/airflow/.local/lib/python3.7/site-packages/airflow/example_dags/example_trigger_controller_dag.py for tasks to queue
[2022-04-11 13:37:29,216] {logging_mixin.py:109} INFO - [2022-04-11 13:37:29,216] {dagbag.py:500} INFO - Filling up the DagBag from /home/airflow/.local/lib/python3.7/site-packages/airflow/example_dags/example_trigger_controller_dag.py
[2022-04-11 13:37:29,242] {processor.py:652} INFO - DAG(s) dict_keys(['example_trigger_controller_dag']) retrieved from /home/airflow/.local/lib/python3.7/site-packages/airflow/example_dags/example_trigger_controller_dag.py
[2022-04-11 13:37:29,276] {logging_mixin.py:109} INFO - [2022-04-11 13:37:29,275] {dag.py:2398} INFO - Sync 1 DAGs
[2022-04-11 13:37:29,303] {logging_mixin.py:109} INFO - [2022-04-11 13:37:29,303] {dag.py:2937} INFO - Setting next_dagrun for example_trigger_controller_dag to 2021-01-01T00:00:00+00:00
[2022-04-11 13:37:29,325] {processor.py:171} INFO - Processing /home/airflow/.local/lib/python3.7/site-packages/airflow/example_dags/example_trigger_controller_dag.py took 0.116 seconds
[2022-04-11 13:37:59,388] {processor.py:163} INFO - Started process (PID=1468) to work on /home/airflow/.local/lib/python3.7/site-packages/airflow/example_dags/example_trigger_controller_dag.py
[2022-04-11 13:37:59,390] {processor.py:642} INFO - Processing file /home/airflow/.local/lib/python3.7/site-packages/airflow/example_dags/example_trigger_controller_dag.py for tasks to queue
[2022-04-11 13:37:59,391] {logging_mixin.py:109} INFO - [2022-04-11 13:37:59,391] {dagbag.py:500} INFO - Filling up the DagBag from /home/airflow/.local/lib/python3.7/site-packages/airflow/example_dags/example_trigger_controller_dag.py
[2022-04-11 13:37:59,408] {processor.py:652} INFO - DAG(s) dict_keys(['example_trigger_controller_dag']) retrieved from /home/airflow/.local/lib/python3.7/site-packages/airflow/example_dags/example_trigger_controller_dag.py
[2022-04-11 13:37:59,430] {logging_mixin.py:109} INFO - [2022-04-11 13:37:59,430] {dag.py:2398} INFO - Sync 1 DAGs
[2022-04-11 13:37:59,448] {logging_mixin.py:109} INFO - [2022-04-11 13:37:59,448] {dag.py:2937} INFO - Setting next_dagrun for example_trigger_controller_dag to 2021-01-01T00:00:00+00:00
[2022-04-11 13:37:59,460] {processor.py:171} INFO - Processing /home/airflow/.local/lib/python3.7/site-packages/airflow/example_dags/example_trigger_controller_dag.py took 0.076 seconds
[2022-04-11 13:38:29,885] {processor.py:163} INFO - Started process (PID=1528) to work on /home/airflow/.local/lib/python3.7/site-packages/airflow/example_dags/example_trigger_controller_dag.py
[2022-04-11 13:38:29,887] {processor.py:642} INFO - Processing file /home/airflow/.local/lib/python3.7/site-packages/airflow/example_dags/example_trigger_controller_dag.py for tasks to queue
[2022-04-11 13:38:29,888] {logging_mixin.py:109} INFO - [2022-04-11 13:38:29,888] {dagbag.py:500} INFO - Filling up the DagBag from /home/airflow/.local/lib/python3.7/site-packages/airflow/example_dags/example_trigger_controller_dag.py
[2022-04-11 13:38:29,909] {processor.py:652} INFO - DAG(s) dict_keys(['example_trigger_controller_dag']) retrieved from /home/airflow/.local/lib/python3.7/site-packages/airflow/example_dags/example_trigger_controller_dag.py
[2022-04-11 13:38:29,935] {logging_mixin.py:109} INFO - [2022-04-11 13:38:29,935] {dag.py:2398} INFO - Sync 1 DAGs
[2022-04-11 13:38:29,957] {logging_mixin.py:109} INFO - [2022-04-11 13:38:29,957] {dag.py:2937} INFO - Setting next_dagrun for example_trigger_controller_dag to 2021-01-01T00:00:00+00:00
[2022-04-11 13:38:29,970] {processor.py:171} INFO - Processing /home/airflow/.local/lib/python3.7/site-packages/airflow/example_dags/example_trigger_controller_dag.py took 0.089 seconds
[2022-04-11 13:39:00,713] {processor.py:163} INFO - Started process (PID=1582) to work on /home/airflow/.local/lib/python3.7/site-packages/airflow/example_dags/example_trigger_controller_dag.py
[2022-04-11 13:39:00,718] {processor.py:642} INFO - Processing file /home/airflow/.local/lib/python3.7/site-packages/airflow/example_dags/example_trigger_controller_dag.py for tasks to queue
[2022-04-11 13:39:00,721] {logging_mixin.py:109} INFO - [2022-04-11 13:39:00,721] {dagbag.py:500} INFO - Filling up the DagBag from /home/airflow/.local/lib/python3.7/site-packages/airflow/example_dags/example_trigger_controller_dag.py
[2022-04-11 13:39:00,744] {processor.py:652} INFO - DAG(s) dict_keys(['example_trigger_controller_dag']) retrieved from /home/airflow/.local/lib/python3.7/site-packages/airflow/example_dags/example_trigger_controller_dag.py
[2022-04-11 13:39:00,774] {logging_mixin.py:109} INFO - [2022-04-11 13:39:00,774] {dag.py:2398} INFO - Sync 1 DAGs
[2022-04-11 13:39:00,810] {logging_mixin.py:109} INFO - [2022-04-11 13:39:00,810] {dag.py:2937} INFO - Setting next_dagrun for example_trigger_controller_dag to 2021-01-01T00:00:00+00:00
[2022-04-11 13:39:00,825] {processor.py:171} INFO - Processing /home/airflow/.local/lib/python3.7/site-packages/airflow/example_dags/example_trigger_controller_dag.py took 0.117 seconds
[2022-04-11 13:39:30,863] {processor.py:163} INFO - Started process (PID=1634) to work on /home/airflow/.local/lib/python3.7/site-packages/airflow/example_dags/example_trigger_controller_dag.py
[2022-04-11 13:39:30,865] {processor.py:642} INFO - Processing file /home/airflow/.local/lib/python3.7/site-packages/airflow/example_dags/example_trigger_controller_dag.py for tasks to queue
[2022-04-11 13:39:30,867] {logging_mixin.py:109} INFO - [2022-04-11 13:39:30,867] {dagbag.py:500} INFO - Filling up the DagBag from /home/airflow/.local/lib/python3.7/site-packages/airflow/example_dags/example_trigger_controller_dag.py
[2022-04-11 13:39:30,890] {processor.py:652} INFO - DAG(s) dict_keys(['example_trigger_controller_dag']) retrieved from /home/airflow/.local/lib/python3.7/site-packages/airflow/example_dags/example_trigger_controller_dag.py
[2022-04-11 13:39:30,917] {logging_mixin.py:109} INFO - [2022-04-11 13:39:30,917] {dag.py:2398} INFO - Sync 1 DAGs
[2022-04-11 13:39:30,939] {logging_mixin.py:109} INFO - [2022-04-11 13:39:30,939] {dag.py:2937} INFO - Setting next_dagrun for example_trigger_controller_dag to 2021-01-01T00:00:00+00:00
[2022-04-11 13:39:30,953] {processor.py:171} INFO - Processing /home/airflow/.local/lib/python3.7/site-packages/airflow/example_dags/example_trigger_controller_dag.py took 0.095 seconds
[2022-04-11 13:40:01,288] {processor.py:163} INFO - Started process (PID=1694) to work on /home/airflow/.local/lib/python3.7/site-packages/airflow/example_dags/example_trigger_controller_dag.py
[2022-04-11 13:40:01,289] {processor.py:642} INFO - Processing file /home/airflow/.local/lib/python3.7/site-packages/airflow/example_dags/example_trigger_controller_dag.py for tasks to queue
[2022-04-11 13:40:01,290] {logging_mixin.py:109} INFO - [2022-04-11 13:40:01,290] {dagbag.py:500} INFO - Filling up the DagBag from /home/airflow/.local/lib/python3.7/site-packages/airflow/example_dags/example_trigger_controller_dag.py
[2022-04-11 13:40:01,309] {processor.py:652} INFO - DAG(s) dict_keys(['example_trigger_controller_dag']) retrieved from /home/airflow/.local/lib/python3.7/site-packages/airflow/example_dags/example_trigger_controller_dag.py
[2022-04-11 13:40:01,334] {logging_mixin.py:109} INFO - [2022-04-11 13:40:01,334] {dag.py:2398} INFO - Sync 1 DAGs
[2022-04-11 13:40:01,357] {logging_mixin.py:109} INFO - [2022-04-11 13:40:01,357] {dag.py:2937} INFO - Setting next_dagrun for example_trigger_controller_dag to 2021-01-01T00:00:00+00:00
[2022-04-11 13:40:01,368] {processor.py:171} INFO - Processing /home/airflow/.local/lib/python3.7/site-packages/airflow/example_dags/example_trigger_controller_dag.py took 0.085 seconds
[2022-04-11 13:40:31,688] {processor.py:163} INFO - Started process (PID=1748) to work on /home/airflow/.local/lib/python3.7/site-packages/airflow/example_dags/example_trigger_controller_dag.py
[2022-04-11 13:40:31,690] {processor.py:642} INFO - Processing file /home/airflow/.local/lib/python3.7/site-packages/airflow/example_dags/example_trigger_controller_dag.py for tasks to queue
[2022-04-11 13:40:31,692] {logging_mixin.py:109} INFO - [2022-04-11 13:40:31,692] {dagbag.py:500} INFO - Filling up the DagBag from /home/airflow/.local/lib/python3.7/site-packages/airflow/example_dags/example_trigger_controller_dag.py
[2022-04-11 13:40:31,710] {processor.py:652} INFO - DAG(s) dict_keys(['example_trigger_controller_dag']) retrieved from /home/airflow/.local/lib/python3.7/site-packages/airflow/example_dags/example_trigger_controller_dag.py
[2022-04-11 13:40:31,734] {logging_mixin.py:109} INFO - [2022-04-11 13:40:31,734] {dag.py:2398} INFO - Sync 1 DAGs
[2022-04-11 13:40:31,755] {logging_mixin.py:109} INFO - [2022-04-11 13:40:31,754] {dag.py:2937} INFO - Setting next_dagrun for example_trigger_controller_dag to 2021-01-01T00:00:00+00:00
[2022-04-11 13:40:31,765] {processor.py:171} INFO - Processing /home/airflow/.local/lib/python3.7/site-packages/airflow/example_dags/example_trigger_controller_dag.py took 0.081 seconds
[2022-04-11 13:41:02,315] {processor.py:163} INFO - Started process (PID=1810) to work on /home/airflow/.local/lib/python3.7/site-packages/airflow/example_dags/example_trigger_controller_dag.py
[2022-04-11 13:41:02,317] {processor.py:642} INFO - Processing file /home/airflow/.local/lib/python3.7/site-packages/airflow/example_dags/example_trigger_controller_dag.py for tasks to queue
[2022-04-11 13:41:02,319] {logging_mixin.py:109} INFO - [2022-04-11 13:41:02,319] {dagbag.py:500} INFO - Filling up the DagBag from /home/airflow/.local/lib/python3.7/site-packages/airflow/example_dags/example_trigger_controller_dag.py
[2022-04-11 13:41:02,342] {processor.py:652} INFO - DAG(s) dict_keys(['example_trigger_controller_dag']) retrieved from /home/airflow/.local/lib/python3.7/site-packages/airflow/example_dags/example_trigger_controller_dag.py
[2022-04-11 13:41:02,384] {logging_mixin.py:109} INFO - [2022-04-11 13:41:02,383] {dag.py:2398} INFO - Sync 1 DAGs
[2022-04-11 13:41:02,412] {logging_mixin.py:109} INFO - [2022-04-11 13:41:02,412] {dag.py:2937} INFO - Setting next_dagrun for example_trigger_controller_dag to 2021-01-01T00:00:00+00:00
[2022-04-11 13:41:02,429] {processor.py:171} INFO - Processing /home/airflow/.local/lib/python3.7/site-packages/airflow/example_dags/example_trigger_controller_dag.py took 0.118 seconds
[2022-04-11 13:41:32,917] {processor.py:163} INFO - Started process (PID=1865) to work on /home/airflow/.local/lib/python3.7/site-packages/airflow/example_dags/example_trigger_controller_dag.py
[2022-04-11 13:41:32,919] {processor.py:642} INFO - Processing file /home/airflow/.local/lib/python3.7/site-packages/airflow/example_dags/example_trigger_controller_dag.py for tasks to queue
[2022-04-11 13:41:32,920] {logging_mixin.py:109} INFO - [2022-04-11 13:41:32,920] {dagbag.py:500} INFO - Filling up the DagBag from /home/airflow/.local/lib/python3.7/site-packages/airflow/example_dags/example_trigger_controller_dag.py
[2022-04-11 13:41:32,942] {processor.py:652} INFO - DAG(s) dict_keys(['example_trigger_controller_dag']) retrieved from /home/airflow/.local/lib/python3.7/site-packages/airflow/example_dags/example_trigger_controller_dag.py
[2022-04-11 13:41:32,966] {logging_mixin.py:109} INFO - [2022-04-11 13:41:32,966] {dag.py:2398} INFO - Sync 1 DAGs
[2022-04-11 13:41:32,989] {logging_mixin.py:109} INFO - [2022-04-11 13:41:32,989] {dag.py:2937} INFO - Setting next_dagrun for example_trigger_controller_dag to 2021-01-01T00:00:00+00:00
[2022-04-11 13:41:33,000] {processor.py:171} INFO - Processing /home/airflow/.local/lib/python3.7/site-packages/airflow/example_dags/example_trigger_controller_dag.py took 0.088 seconds
[2022-04-11 13:42:03,608] {processor.py:163} INFO - Started process (PID=1917) to work on /home/airflow/.local/lib/python3.7/site-packages/airflow/example_dags/example_trigger_controller_dag.py
[2022-04-11 13:42:03,610] {processor.py:642} INFO - Processing file /home/airflow/.local/lib/python3.7/site-packages/airflow/example_dags/example_trigger_controller_dag.py for tasks to queue
[2022-04-11 13:42:03,611] {logging_mixin.py:109} INFO - [2022-04-11 13:42:03,611] {dagbag.py:500} INFO - Filling up the DagBag from /home/airflow/.local/lib/python3.7/site-packages/airflow/example_dags/example_trigger_controller_dag.py
[2022-04-11 13:42:03,632] {processor.py:652} INFO - DAG(s) dict_keys(['example_trigger_controller_dag']) retrieved from /home/airflow/.local/lib/python3.7/site-packages/airflow/example_dags/example_trigger_controller_dag.py
[2022-04-11 13:42:03,656] {logging_mixin.py:109} INFO - [2022-04-11 13:42:03,656] {dag.py:2398} INFO - Sync 1 DAGs
[2022-04-11 13:42:03,676] {logging_mixin.py:109} INFO - [2022-04-11 13:42:03,676] {dag.py:2937} INFO - Setting next_dagrun for example_trigger_controller_dag to 2021-01-01T00:00:00+00:00
[2022-04-11 13:42:03,686] {processor.py:171} INFO - Processing /home/airflow/.local/lib/python3.7/site-packages/airflow/example_dags/example_trigger_controller_dag.py took 0.083 seconds
[2022-04-11 13:42:34,624] {processor.py:163} INFO - Started process (PID=1979) to work on /home/airflow/.local/lib/python3.7/site-packages/airflow/example_dags/example_trigger_controller_dag.py
[2022-04-11 13:42:34,626] {processor.py:642} INFO - Processing file /home/airflow/.local/lib/python3.7/site-packages/airflow/example_dags/example_trigger_controller_dag.py for tasks to queue
[2022-04-11 13:42:34,627] {logging_mixin.py:109} INFO - [2022-04-11 13:42:34,627] {dagbag.py:500} INFO - Filling up the DagBag from /home/airflow/.local/lib/python3.7/site-packages/airflow/example_dags/example_trigger_controller_dag.py
[2022-04-11 13:42:34,650] {processor.py:652} INFO - DAG(s) dict_keys(['example_trigger_controller_dag']) retrieved from /home/airflow/.local/lib/python3.7/site-packages/airflow/example_dags/example_trigger_controller_dag.py
[2022-04-11 13:42:34,675] {logging_mixin.py:109} INFO - [2022-04-11 13:42:34,675] {dag.py:2398} INFO - Sync 1 DAGs
[2022-04-11 13:42:34,694] {logging_mixin.py:109} INFO - [2022-04-11 13:42:34,694] {dag.py:2937} INFO - Setting next_dagrun for example_trigger_controller_dag to 2021-01-01T00:00:00+00:00
[2022-04-11 13:42:34,705] {processor.py:171} INFO - Processing /home/airflow/.local/lib/python3.7/site-packages/airflow/example_dags/example_trigger_controller_dag.py took 0.085 seconds
[2022-04-11 13:43:05,661] {processor.py:163} INFO - Started process (PID=2032) to work on /home/airflow/.local/lib/python3.7/site-packages/airflow/example_dags/example_trigger_controller_dag.py
[2022-04-11 13:43:05,664] {processor.py:642} INFO - Processing file /home/airflow/.local/lib/python3.7/site-packages/airflow/example_dags/example_trigger_controller_dag.py for tasks to queue
[2022-04-11 13:43:05,666] {logging_mixin.py:109} INFO - [2022-04-11 13:43:05,666] {dagbag.py:500} INFO - Filling up the DagBag from /home/airflow/.local/lib/python3.7/site-packages/airflow/example_dags/example_trigger_controller_dag.py
[2022-04-11 13:43:05,698] {processor.py:652} INFO - DAG(s) dict_keys(['example_trigger_controller_dag']) retrieved from /home/airflow/.local/lib/python3.7/site-packages/airflow/example_dags/example_trigger_controller_dag.py
[2022-04-11 13:43:05,727] {logging_mixin.py:109} INFO - [2022-04-11 13:43:05,727] {dag.py:2398} INFO - Sync 1 DAGs
[2022-04-11 13:43:05,752] {logging_mixin.py:109} INFO - [2022-04-11 13:43:05,752] {dag.py:2937} INFO - Setting next_dagrun for example_trigger_controller_dag to 2021-01-01T00:00:00+00:00
[2022-04-11 13:43:05,765] {processor.py:171} INFO - Processing /home/airflow/.local/lib/python3.7/site-packages/airflow/example_dags/example_trigger_controller_dag.py took 0.108 seconds
[2022-04-11 13:43:35,896] {processor.py:163} INFO - Started process (PID=2095) to work on /home/airflow/.local/lib/python3.7/site-packages/airflow/example_dags/example_trigger_controller_dag.py
[2022-04-11 13:43:35,897] {processor.py:642} INFO - Processing file /home/airflow/.local/lib/python3.7/site-packages/airflow/example_dags/example_trigger_controller_dag.py for tasks to queue
[2022-04-11 13:43:35,898] {logging_mixin.py:109} INFO - [2022-04-11 13:43:35,898] {dagbag.py:500} INFO - Filling up the DagBag from /home/airflow/.local/lib/python3.7/site-packages/airflow/example_dags/example_trigger_controller_dag.py
[2022-04-11 13:43:35,918] {processor.py:652} INFO - DAG(s) dict_keys(['example_trigger_controller_dag']) retrieved from /home/airflow/.local/lib/python3.7/site-packages/airflow/example_dags/example_trigger_controller_dag.py
[2022-04-11 13:43:35,944] {logging_mixin.py:109} INFO - [2022-04-11 13:43:35,943] {dag.py:2398} INFO - Sync 1 DAGs
[2022-04-11 13:43:35,970] {logging_mixin.py:109} INFO - [2022-04-11 13:43:35,970] {dag.py:2937} INFO - Setting next_dagrun for example_trigger_controller_dag to 2021-01-01T00:00:00+00:00
[2022-04-11 13:43:35,984] {processor.py:171} INFO - Processing /home/airflow/.local/lib/python3.7/site-packages/airflow/example_dags/example_trigger_controller_dag.py took 0.093 seconds
[2022-04-11 13:44:06,708] {processor.py:163} INFO - Started process (PID=2148) to work on /home/airflow/.local/lib/python3.7/site-packages/airflow/example_dags/example_trigger_controller_dag.py
[2022-04-11 13:44:06,709] {processor.py:642} INFO - Processing file /home/airflow/.local/lib/python3.7/site-packages/airflow/example_dags/example_trigger_controller_dag.py for tasks to queue
[2022-04-11 13:44:06,711] {logging_mixin.py:109} INFO - [2022-04-11 13:44:06,711] {dagbag.py:500} INFO - Filling up the DagBag from /home/airflow/.local/lib/python3.7/site-packages/airflow/example_dags/example_trigger_controller_dag.py
[2022-04-11 13:44:06,729] {processor.py:652} INFO - DAG(s) dict_keys(['example_trigger_controller_dag']) retrieved from /home/airflow/.local/lib/python3.7/site-packages/airflow/example_dags/example_trigger_controller_dag.py
[2022-04-11 13:44:06,756] {logging_mixin.py:109} INFO - [2022-04-11 13:44:06,755] {dag.py:2398} INFO - Sync 1 DAGs
[2022-04-11 13:44:06,779] {logging_mixin.py:109} INFO - [2022-04-11 13:44:06,779] {dag.py:2937} INFO - Setting next_dagrun for example_trigger_controller_dag to 2021-01-01T00:00:00+00:00
[2022-04-11 13:44:06,791] {processor.py:171} INFO - Processing /home/airflow/.local/lib/python3.7/site-packages/airflow/example_dags/example_trigger_controller_dag.py took 0.090 seconds
[2022-04-11 13:44:37,746] {processor.py:163} INFO - Started process (PID=2209) to work on /home/airflow/.local/lib/python3.7/site-packages/airflow/example_dags/example_trigger_controller_dag.py
[2022-04-11 13:44:37,751] {processor.py:642} INFO - Processing file /home/airflow/.local/lib/python3.7/site-packages/airflow/example_dags/example_trigger_controller_dag.py for tasks to queue
[2022-04-11 13:44:37,758] {logging_mixin.py:109} INFO - [2022-04-11 13:44:37,758] {dagbag.py:500} INFO - Filling up the DagBag from /home/airflow/.local/lib/python3.7/site-packages/airflow/example_dags/example_trigger_controller_dag.py
[2022-04-11 13:44:37,798] {processor.py:652} INFO - DAG(s) dict_keys(['example_trigger_controller_dag']) retrieved from /home/airflow/.local/lib/python3.7/site-packages/airflow/example_dags/example_trigger_controller_dag.py
[2022-04-11 13:44:37,839] {logging_mixin.py:109} INFO - [2022-04-11 13:44:37,839] {dag.py:2398} INFO - Sync 1 DAGs
[2022-04-11 13:44:37,870] {logging_mixin.py:109} INFO - [2022-04-11 13:44:37,870] {dag.py:2937} INFO - Setting next_dagrun for example_trigger_controller_dag to 2021-01-01T00:00:00+00:00
[2022-04-11 13:44:37,900] {processor.py:171} INFO - Processing /home/airflow/.local/lib/python3.7/site-packages/airflow/example_dags/example_trigger_controller_dag.py took 0.162 seconds
[2022-04-11 13:45:07,944] {processor.py:163} INFO - Started process (PID=2260) to work on /home/airflow/.local/lib/python3.7/site-packages/airflow/example_dags/example_trigger_controller_dag.py
[2022-04-11 13:45:07,946] {processor.py:642} INFO - Processing file /home/airflow/.local/lib/python3.7/site-packages/airflow/example_dags/example_trigger_controller_dag.py for tasks to queue
[2022-04-11 13:45:07,947] {logging_mixin.py:109} INFO - [2022-04-11 13:45:07,947] {dagbag.py:500} INFO - Filling up the DagBag from /home/airflow/.local/lib/python3.7/site-packages/airflow/example_dags/example_trigger_controller_dag.py
[2022-04-11 13:45:07,969] {processor.py:652} INFO - DAG(s) dict_keys(['example_trigger_controller_dag']) retrieved from /home/airflow/.local/lib/python3.7/site-packages/airflow/example_dags/example_trigger_controller_dag.py
[2022-04-11 13:45:08,022] {logging_mixin.py:109} INFO - [2022-04-11 13:45:08,022] {dag.py:2398} INFO - Sync 1 DAGs
[2022-04-11 13:45:08,062] {logging_mixin.py:109} INFO - [2022-04-11 13:45:08,062] {dag.py:2937} INFO - Setting next_dagrun for example_trigger_controller_dag to 2021-01-01T00:00:00+00:00
[2022-04-11 13:45:08,090] {processor.py:171} INFO - Processing /home/airflow/.local/lib/python3.7/site-packages/airflow/example_dags/example_trigger_controller_dag.py took 0.151 seconds
[2022-04-11 13:45:38,916] {processor.py:163} INFO - Started process (PID=2311) to work on /home/airflow/.local/lib/python3.7/site-packages/airflow/example_dags/example_trigger_controller_dag.py
[2022-04-11 13:45:38,928] {processor.py:642} INFO - Processing file /home/airflow/.local/lib/python3.7/site-packages/airflow/example_dags/example_trigger_controller_dag.py for tasks to queue
[2022-04-11 13:45:38,934] {logging_mixin.py:109} INFO - [2022-04-11 13:45:38,933] {dagbag.py:500} INFO - Filling up the DagBag from /home/airflow/.local/lib/python3.7/site-packages/airflow/example_dags/example_trigger_controller_dag.py
[2022-04-11 13:45:38,971] {processor.py:652} INFO - DAG(s) dict_keys(['example_trigger_controller_dag']) retrieved from /home/airflow/.local/lib/python3.7/site-packages/airflow/example_dags/example_trigger_controller_dag.py
[2022-04-11 13:45:39,008] {logging_mixin.py:109} INFO - [2022-04-11 13:45:39,007] {dag.py:2398} INFO - Sync 1 DAGs
[2022-04-11 13:45:39,035] {logging_mixin.py:109} INFO - [2022-04-11 13:45:39,035] {dag.py:2937} INFO - Setting next_dagrun for example_trigger_controller_dag to 2021-01-01T00:00:00+00:00
[2022-04-11 13:45:39,056] {processor.py:171} INFO - Processing /home/airflow/.local/lib/python3.7/site-packages/airflow/example_dags/example_trigger_controller_dag.py took 0.149 seconds
[2022-04-11 13:46:09,449] {processor.py:163} INFO - Started process (PID=2373) to work on /home/airflow/.local/lib/python3.7/site-packages/airflow/example_dags/example_trigger_controller_dag.py
[2022-04-11 13:46:09,451] {processor.py:642} INFO - Processing file /home/airflow/.local/lib/python3.7/site-packages/airflow/example_dags/example_trigger_controller_dag.py for tasks to queue
[2022-04-11 13:46:09,452] {logging_mixin.py:109} INFO - [2022-04-11 13:46:09,452] {dagbag.py:500} INFO - Filling up the DagBag from /home/airflow/.local/lib/python3.7/site-packages/airflow/example_dags/example_trigger_controller_dag.py
[2022-04-11 13:46:09,485] {processor.py:652} INFO - DAG(s) dict_keys(['example_trigger_controller_dag']) retrieved from /home/airflow/.local/lib/python3.7/site-packages/airflow/example_dags/example_trigger_controller_dag.py
[2022-04-11 13:46:09,513] {logging_mixin.py:109} INFO - [2022-04-11 13:46:09,512] {dag.py:2398} INFO - Sync 1 DAGs
[2022-04-11 13:46:09,536] {logging_mixin.py:109} INFO - [2022-04-11 13:46:09,535] {dag.py:2937} INFO - Setting next_dagrun for example_trigger_controller_dag to 2021-01-01T00:00:00+00:00
[2022-04-11 13:46:09,548] {processor.py:171} INFO - Processing /home/airflow/.local/lib/python3.7/site-packages/airflow/example_dags/example_trigger_controller_dag.py took 0.103 seconds
[2022-04-11 13:46:40,293] {processor.py:163} INFO - Started process (PID=2425) to work on /home/airflow/.local/lib/python3.7/site-packages/airflow/example_dags/example_trigger_controller_dag.py
[2022-04-11 13:46:40,313] {processor.py:642} INFO - Processing file /home/airflow/.local/lib/python3.7/site-packages/airflow/example_dags/example_trigger_controller_dag.py for tasks to queue
[2022-04-11 13:46:40,321] {logging_mixin.py:109} INFO - [2022-04-11 13:46:40,321] {dagbag.py:500} INFO - Filling up the DagBag from /home/airflow/.local/lib/python3.7/site-packages/airflow/example_dags/example_trigger_controller_dag.py
[2022-04-11 13:46:40,414] {processor.py:652} INFO - DAG(s) dict_keys(['example_trigger_controller_dag']) retrieved from /home/airflow/.local/lib/python3.7/site-packages/airflow/example_dags/example_trigger_controller_dag.py
[2022-04-11 13:46:40,475] {logging_mixin.py:109} INFO - [2022-04-11 13:46:40,475] {dag.py:2398} INFO - Sync 1 DAGs
[2022-04-11 13:46:40,522] {logging_mixin.py:109} INFO - [2022-04-11 13:46:40,522] {dag.py:2937} INFO - Setting next_dagrun for example_trigger_controller_dag to 2021-01-01T00:00:00+00:00
[2022-04-11 13:46:40,548] {processor.py:171} INFO - Processing /home/airflow/.local/lib/python3.7/site-packages/airflow/example_dags/example_trigger_controller_dag.py took 0.261 seconds
[2022-04-11 13:47:10,766] {processor.py:163} INFO - Started process (PID=2479) to work on /home/airflow/.local/lib/python3.7/site-packages/airflow/example_dags/example_trigger_controller_dag.py
[2022-04-11 13:47:10,768] {processor.py:642} INFO - Processing file /home/airflow/.local/lib/python3.7/site-packages/airflow/example_dags/example_trigger_controller_dag.py for tasks to queue
[2022-04-11 13:47:10,770] {logging_mixin.py:109} INFO - [2022-04-11 13:47:10,770] {dagbag.py:500} INFO - Filling up the DagBag from /home/airflow/.local/lib/python3.7/site-packages/airflow/example_dags/example_trigger_controller_dag.py
[2022-04-11 13:47:10,794] {processor.py:652} INFO - DAG(s) dict_keys(['example_trigger_controller_dag']) retrieved from /home/airflow/.local/lib/python3.7/site-packages/airflow/example_dags/example_trigger_controller_dag.py
[2022-04-11 13:47:10,822] {logging_mixin.py:109} INFO - [2022-04-11 13:47:10,822] {dag.py:2398} INFO - Sync 1 DAGs
[2022-04-11 13:47:10,843] {logging_mixin.py:109} INFO - [2022-04-11 13:47:10,843] {dag.py:2937} INFO - Setting next_dagrun for example_trigger_controller_dag to 2021-01-01T00:00:00+00:00
[2022-04-11 13:47:10,859] {processor.py:171} INFO - Processing /home/airflow/.local/lib/python3.7/site-packages/airflow/example_dags/example_trigger_controller_dag.py took 0.098 seconds
[2022-04-11 13:47:41,339] {processor.py:163} INFO - Started process (PID=2542) to work on /home/airflow/.local/lib/python3.7/site-packages/airflow/example_dags/example_trigger_controller_dag.py
[2022-04-11 13:47:41,341] {processor.py:642} INFO - Processing file /home/airflow/.local/lib/python3.7/site-packages/airflow/example_dags/example_trigger_controller_dag.py for tasks to queue
[2022-04-11 13:47:41,343] {logging_mixin.py:109} INFO - [2022-04-11 13:47:41,343] {dagbag.py:500} INFO - Filling up the DagBag from /home/airflow/.local/lib/python3.7/site-packages/airflow/example_dags/example_trigger_controller_dag.py
[2022-04-11 13:47:41,366] {processor.py:652} INFO - DAG(s) dict_keys(['example_trigger_controller_dag']) retrieved from /home/airflow/.local/lib/python3.7/site-packages/airflow/example_dags/example_trigger_controller_dag.py
[2022-04-11 13:47:41,396] {logging_mixin.py:109} INFO - [2022-04-11 13:47:41,393] {dag.py:2398} INFO - Sync 1 DAGs
[2022-04-11 13:47:41,420] {logging_mixin.py:109} INFO - [2022-04-11 13:47:41,419] {dag.py:2937} INFO - Setting next_dagrun for example_trigger_controller_dag to 2021-01-01T00:00:00+00:00
[2022-04-11 13:47:41,431] {processor.py:171} INFO - Processing /home/airflow/.local/lib/python3.7/site-packages/airflow/example_dags/example_trigger_controller_dag.py took 0.096 seconds
[2022-04-11 13:48:12,015] {processor.py:163} INFO - Started process (PID=2595) to work on /home/airflow/.local/lib/python3.7/site-packages/airflow/example_dags/example_trigger_controller_dag.py
[2022-04-11 13:48:12,017] {processor.py:642} INFO - Processing file /home/airflow/.local/lib/python3.7/site-packages/airflow/example_dags/example_trigger_controller_dag.py for tasks to queue
[2022-04-11 13:48:12,019] {logging_mixin.py:109} INFO - [2022-04-11 13:48:12,019] {dagbag.py:500} INFO - Filling up the DagBag from /home/airflow/.local/lib/python3.7/site-packages/airflow/example_dags/example_trigger_controller_dag.py
[2022-04-11 13:48:12,038] {processor.py:652} INFO - DAG(s) dict_keys(['example_trigger_controller_dag']) retrieved from /home/airflow/.local/lib/python3.7/site-packages/airflow/example_dags/example_trigger_controller_dag.py
[2022-04-11 13:48:12,064] {logging_mixin.py:109} INFO - [2022-04-11 13:48:12,064] {dag.py:2398} INFO - Sync 1 DAGs
[2022-04-11 13:48:12,086] {logging_mixin.py:109} INFO - [2022-04-11 13:48:12,086] {dag.py:2937} INFO - Setting next_dagrun for example_trigger_controller_dag to 2021-01-01T00:00:00+00:00
[2022-04-11 13:48:12,101] {processor.py:171} INFO - Processing /home/airflow/.local/lib/python3.7/site-packages/airflow/example_dags/example_trigger_controller_dag.py took 0.090 seconds
[2022-04-11 13:48:42,763] {processor.py:163} INFO - Started process (PID=2658) to work on /home/airflow/.local/lib/python3.7/site-packages/airflow/example_dags/example_trigger_controller_dag.py
[2022-04-11 13:48:42,767] {processor.py:642} INFO - Processing file /home/airflow/.local/lib/python3.7/site-packages/airflow/example_dags/example_trigger_controller_dag.py for tasks to queue
[2022-04-11 13:48:42,773] {logging_mixin.py:109} INFO - [2022-04-11 13:48:42,773] {dagbag.py:500} INFO - Filling up the DagBag from /home/airflow/.local/lib/python3.7/site-packages/airflow/example_dags/example_trigger_controller_dag.py
[2022-04-11 13:48:42,807] {processor.py:652} INFO - DAG(s) dict_keys(['example_trigger_controller_dag']) retrieved from /home/airflow/.local/lib/python3.7/site-packages/airflow/example_dags/example_trigger_controller_dag.py
[2022-04-11 13:48:42,843] {logging_mixin.py:109} INFO - [2022-04-11 13:48:42,843] {dag.py:2398} INFO - Sync 1 DAGs
[2022-04-11 13:48:42,864] {logging_mixin.py:109} INFO - [2022-04-11 13:48:42,864] {dag.py:2937} INFO - Setting next_dagrun for example_trigger_controller_dag to 2021-01-01T00:00:00+00:00
[2022-04-11 13:48:42,876] {processor.py:171} INFO - Processing /home/airflow/.local/lib/python3.7/site-packages/airflow/example_dags/example_trigger_controller_dag.py took 0.119 seconds
[2022-04-11 13:49:13,491] {processor.py:163} INFO - Started process (PID=2710) to work on /home/airflow/.local/lib/python3.7/site-packages/airflow/example_dags/example_trigger_controller_dag.py
[2022-04-11 13:49:13,493] {processor.py:642} INFO - Processing file /home/airflow/.local/lib/python3.7/site-packages/airflow/example_dags/example_trigger_controller_dag.py for tasks to queue
[2022-04-11 13:49:13,494] {logging_mixin.py:109} INFO - [2022-04-11 13:49:13,494] {dagbag.py:500} INFO - Filling up the DagBag from /home/airflow/.local/lib/python3.7/site-packages/airflow/example_dags/example_trigger_controller_dag.py
[2022-04-11 13:49:13,518] {processor.py:652} INFO - DAG(s) dict_keys(['example_trigger_controller_dag']) retrieved from /home/airflow/.local/lib/python3.7/site-packages/airflow/example_dags/example_trigger_controller_dag.py
[2022-04-11 13:49:13,552] {logging_mixin.py:109} INFO - [2022-04-11 13:49:13,552] {dag.py:2398} INFO - Sync 1 DAGs
[2022-04-11 13:49:13,572] {logging_mixin.py:109} INFO - [2022-04-11 13:49:13,572] {dag.py:2937} INFO - Setting next_dagrun for example_trigger_controller_dag to 2021-01-01T00:00:00+00:00
[2022-04-11 13:49:13,584] {processor.py:171} INFO - Processing /home/airflow/.local/lib/python3.7/site-packages/airflow/example_dags/example_trigger_controller_dag.py took 0.097 seconds
