[2022-04-11 13:27:02,589] {processor.py:163} INFO - Started process (PID=146) to work on /home/airflow/.local/lib/python3.7/site-packages/airflow/example_dags/example_task_group.py
[2022-04-11 13:27:02,591] {processor.py:642} INFO - Processing file /home/airflow/.local/lib/python3.7/site-packages/airflow/example_dags/example_task_group.py for tasks to queue
[2022-04-11 13:27:02,592] {logging_mixin.py:109} INFO - [2022-04-11 13:27:02,592] {dagbag.py:500} INFO - Filling up the DagBag from /home/airflow/.local/lib/python3.7/site-packages/airflow/example_dags/example_task_group.py
[2022-04-11 13:27:02,615] {processor.py:652} INFO - DAG(s) dict_keys(['example_task_group']) retrieved from /home/airflow/.local/lib/python3.7/site-packages/airflow/example_dags/example_task_group.py
[2022-04-11 13:27:04,385] {logging_mixin.py:109} INFO - [2022-04-11 13:27:04,385] {manager.py:496} INFO - Created Permission View: can read on DAG:example_task_group
[2022-04-11 13:27:04,395] {logging_mixin.py:109} INFO - [2022-04-11 13:27:04,395] {manager.py:496} INFO - Created Permission View: can edit on DAG:example_task_group
[2022-04-11 13:27:04,396] {logging_mixin.py:109} INFO - [2022-04-11 13:27:04,395] {dag.py:2398} INFO - Sync 1 DAGs
[2022-04-11 13:27:04,406] {logging_mixin.py:109} INFO - [2022-04-11 13:27:04,405] {dag.py:2417} INFO - Creating ORM DAG for example_task_group
[2022-04-11 13:27:04,416] {logging_mixin.py:109} INFO - [2022-04-11 13:27:04,416] {dag.py:2937} INFO - Setting next_dagrun for example_task_group to 2022-04-10T13:27:04.416501+00:00
[2022-04-11 13:27:04,429] {processor.py:171} INFO - Processing /home/airflow/.local/lib/python3.7/site-packages/airflow/example_dags/example_task_group.py took 1.844 seconds
[2022-04-11 13:27:35,082] {processor.py:163} INFO - Started process (PID=305) to work on /home/airflow/.local/lib/python3.7/site-packages/airflow/example_dags/example_task_group.py
[2022-04-11 13:27:35,084] {processor.py:642} INFO - Processing file /home/airflow/.local/lib/python3.7/site-packages/airflow/example_dags/example_task_group.py for tasks to queue
[2022-04-11 13:27:35,085] {logging_mixin.py:109} INFO - [2022-04-11 13:27:35,085] {dagbag.py:500} INFO - Filling up the DagBag from /home/airflow/.local/lib/python3.7/site-packages/airflow/example_dags/example_task_group.py
[2022-04-11 13:27:35,108] {processor.py:652} INFO - DAG(s) dict_keys(['example_task_group']) retrieved from /home/airflow/.local/lib/python3.7/site-packages/airflow/example_dags/example_task_group.py
[2022-04-11 13:27:35,133] {logging_mixin.py:109} INFO - [2022-04-11 13:27:35,133] {dag.py:2398} INFO - Sync 1 DAGs
[2022-04-11 13:27:35,152] {logging_mixin.py:109} INFO - [2022-04-11 13:27:35,152] {dag.py:2937} INFO - Setting next_dagrun for example_task_group to 2022-04-10T13:27:35.152221+00:00
[2022-04-11 13:27:35,163] {processor.py:171} INFO - Processing /home/airflow/.local/lib/python3.7/site-packages/airflow/example_dags/example_task_group.py took 0.085 seconds
[2022-04-11 13:28:05,228] {processor.py:163} INFO - Started process (PID=356) to work on /home/airflow/.local/lib/python3.7/site-packages/airflow/example_dags/example_task_group.py
[2022-04-11 13:28:05,231] {processor.py:642} INFO - Processing file /home/airflow/.local/lib/python3.7/site-packages/airflow/example_dags/example_task_group.py for tasks to queue
[2022-04-11 13:28:05,232] {logging_mixin.py:109} INFO - [2022-04-11 13:28:05,232] {dagbag.py:500} INFO - Filling up the DagBag from /home/airflow/.local/lib/python3.7/site-packages/airflow/example_dags/example_task_group.py
[2022-04-11 13:28:05,255] {processor.py:652} INFO - DAG(s) dict_keys(['example_task_group']) retrieved from /home/airflow/.local/lib/python3.7/site-packages/airflow/example_dags/example_task_group.py
[2022-04-11 13:28:05,280] {logging_mixin.py:109} INFO - [2022-04-11 13:28:05,280] {dag.py:2398} INFO - Sync 1 DAGs
[2022-04-11 13:28:05,304] {logging_mixin.py:109} INFO - [2022-04-11 13:28:05,304] {dag.py:2937} INFO - Setting next_dagrun for example_task_group to 2022-04-10T13:28:05.303848+00:00
[2022-04-11 13:28:05,321] {processor.py:171} INFO - Processing /home/airflow/.local/lib/python3.7/site-packages/airflow/example_dags/example_task_group.py took 0.097 seconds
[2022-04-11 13:28:35,440] {processor.py:163} INFO - Started process (PID=417) to work on /home/airflow/.local/lib/python3.7/site-packages/airflow/example_dags/example_task_group.py
[2022-04-11 13:28:35,443] {processor.py:642} INFO - Processing file /home/airflow/.local/lib/python3.7/site-packages/airflow/example_dags/example_task_group.py for tasks to queue
[2022-04-11 13:28:35,444] {logging_mixin.py:109} INFO - [2022-04-11 13:28:35,444] {dagbag.py:500} INFO - Filling up the DagBag from /home/airflow/.local/lib/python3.7/site-packages/airflow/example_dags/example_task_group.py
[2022-04-11 13:28:35,465] {processor.py:652} INFO - DAG(s) dict_keys(['example_task_group']) retrieved from /home/airflow/.local/lib/python3.7/site-packages/airflow/example_dags/example_task_group.py
[2022-04-11 13:28:35,495] {logging_mixin.py:109} INFO - [2022-04-11 13:28:35,495] {dag.py:2398} INFO - Sync 1 DAGs
[2022-04-11 13:28:35,519] {logging_mixin.py:109} INFO - [2022-04-11 13:28:35,519] {dag.py:2937} INFO - Setting next_dagrun for example_task_group to 2022-04-10T13:28:35.518472+00:00
[2022-04-11 13:28:35,532] {processor.py:171} INFO - Processing /home/airflow/.local/lib/python3.7/site-packages/airflow/example_dags/example_task_group.py took 0.097 seconds
[2022-04-11 13:29:05,570] {processor.py:163} INFO - Started process (PID=469) to work on /home/airflow/.local/lib/python3.7/site-packages/airflow/example_dags/example_task_group.py
[2022-04-11 13:29:05,572] {processor.py:642} INFO - Processing file /home/airflow/.local/lib/python3.7/site-packages/airflow/example_dags/example_task_group.py for tasks to queue
[2022-04-11 13:29:05,574] {logging_mixin.py:109} INFO - [2022-04-11 13:29:05,574] {dagbag.py:500} INFO - Filling up the DagBag from /home/airflow/.local/lib/python3.7/site-packages/airflow/example_dags/example_task_group.py
[2022-04-11 13:29:05,593] {processor.py:652} INFO - DAG(s) dict_keys(['example_task_group']) retrieved from /home/airflow/.local/lib/python3.7/site-packages/airflow/example_dags/example_task_group.py
[2022-04-11 13:29:05,622] {logging_mixin.py:109} INFO - [2022-04-11 13:29:05,622] {dag.py:2398} INFO - Sync 1 DAGs
[2022-04-11 13:29:05,641] {logging_mixin.py:109} INFO - [2022-04-11 13:29:05,641] {dag.py:2937} INFO - Setting next_dagrun for example_task_group to 2022-04-10T13:29:05.640998+00:00
[2022-04-11 13:29:05,651] {processor.py:171} INFO - Processing /home/airflow/.local/lib/python3.7/site-packages/airflow/example_dags/example_task_group.py took 0.085 seconds
[2022-04-11 13:29:36,194] {processor.py:163} INFO - Started process (PID=531) to work on /home/airflow/.local/lib/python3.7/site-packages/airflow/example_dags/example_task_group.py
[2022-04-11 13:29:36,196] {processor.py:642} INFO - Processing file /home/airflow/.local/lib/python3.7/site-packages/airflow/example_dags/example_task_group.py for tasks to queue
[2022-04-11 13:29:36,197] {logging_mixin.py:109} INFO - [2022-04-11 13:29:36,197] {dagbag.py:500} INFO - Filling up the DagBag from /home/airflow/.local/lib/python3.7/site-packages/airflow/example_dags/example_task_group.py
[2022-04-11 13:29:36,216] {processor.py:652} INFO - DAG(s) dict_keys(['example_task_group']) retrieved from /home/airflow/.local/lib/python3.7/site-packages/airflow/example_dags/example_task_group.py
[2022-04-11 13:29:36,241] {logging_mixin.py:109} INFO - [2022-04-11 13:29:36,241] {dag.py:2398} INFO - Sync 1 DAGs
[2022-04-11 13:29:36,264] {logging_mixin.py:109} INFO - [2022-04-11 13:29:36,264] {dag.py:2937} INFO - Setting next_dagrun for example_task_group to 2022-04-10T13:29:36.263888+00:00
[2022-04-11 13:29:36,275] {processor.py:171} INFO - Processing /home/airflow/.local/lib/python3.7/site-packages/airflow/example_dags/example_task_group.py took 0.086 seconds
[2022-04-11 13:30:06,664] {processor.py:163} INFO - Started process (PID=582) to work on /home/airflow/.local/lib/python3.7/site-packages/airflow/example_dags/example_task_group.py
[2022-04-11 13:30:06,666] {processor.py:642} INFO - Processing file /home/airflow/.local/lib/python3.7/site-packages/airflow/example_dags/example_task_group.py for tasks to queue
[2022-04-11 13:30:06,668] {logging_mixin.py:109} INFO - [2022-04-11 13:30:06,668] {dagbag.py:500} INFO - Filling up the DagBag from /home/airflow/.local/lib/python3.7/site-packages/airflow/example_dags/example_task_group.py
[2022-04-11 13:30:06,693] {processor.py:652} INFO - DAG(s) dict_keys(['example_task_group']) retrieved from /home/airflow/.local/lib/python3.7/site-packages/airflow/example_dags/example_task_group.py
[2022-04-11 13:30:06,728] {logging_mixin.py:109} INFO - [2022-04-11 13:30:06,728] {dag.py:2398} INFO - Sync 1 DAGs
[2022-04-11 13:30:06,755] {logging_mixin.py:109} INFO - [2022-04-11 13:30:06,755] {dag.py:2937} INFO - Setting next_dagrun for example_task_group to 2022-04-10T13:30:06.755020+00:00
[2022-04-11 13:30:06,772] {processor.py:171} INFO - Processing /home/airflow/.local/lib/python3.7/site-packages/airflow/example_dags/example_task_group.py took 0.112 seconds
[2022-04-11 13:30:37,273] {processor.py:163} INFO - Started process (PID=642) to work on /home/airflow/.local/lib/python3.7/site-packages/airflow/example_dags/example_task_group.py
[2022-04-11 13:30:37,275] {processor.py:642} INFO - Processing file /home/airflow/.local/lib/python3.7/site-packages/airflow/example_dags/example_task_group.py for tasks to queue
[2022-04-11 13:30:37,276] {logging_mixin.py:109} INFO - [2022-04-11 13:30:37,276] {dagbag.py:500} INFO - Filling up the DagBag from /home/airflow/.local/lib/python3.7/site-packages/airflow/example_dags/example_task_group.py
[2022-04-11 13:30:37,297] {processor.py:652} INFO - DAG(s) dict_keys(['example_task_group']) retrieved from /home/airflow/.local/lib/python3.7/site-packages/airflow/example_dags/example_task_group.py
[2022-04-11 13:30:37,326] {logging_mixin.py:109} INFO - [2022-04-11 13:30:37,326] {dag.py:2398} INFO - Sync 1 DAGs
[2022-04-11 13:30:37,353] {logging_mixin.py:109} INFO - [2022-04-11 13:30:37,353] {dag.py:2937} INFO - Setting next_dagrun for example_task_group to 2022-04-10T13:30:37.353337+00:00
[2022-04-11 13:30:37,368] {processor.py:171} INFO - Processing /home/airflow/.local/lib/python3.7/site-packages/airflow/example_dags/example_task_group.py took 0.099 seconds
[2022-04-11 13:31:07,427] {processor.py:163} INFO - Started process (PID=693) to work on /home/airflow/.local/lib/python3.7/site-packages/airflow/example_dags/example_task_group.py
[2022-04-11 13:31:07,431] {processor.py:642} INFO - Processing file /home/airflow/.local/lib/python3.7/site-packages/airflow/example_dags/example_task_group.py for tasks to queue
[2022-04-11 13:31:07,433] {logging_mixin.py:109} INFO - [2022-04-11 13:31:07,433] {dagbag.py:500} INFO - Filling up the DagBag from /home/airflow/.local/lib/python3.7/site-packages/airflow/example_dags/example_task_group.py
[2022-04-11 13:31:07,476] {processor.py:652} INFO - DAG(s) dict_keys(['example_task_group']) retrieved from /home/airflow/.local/lib/python3.7/site-packages/airflow/example_dags/example_task_group.py
[2022-04-11 13:31:07,539] {logging_mixin.py:109} INFO - [2022-04-11 13:31:07,539] {dag.py:2398} INFO - Sync 1 DAGs
[2022-04-11 13:31:07,599] {logging_mixin.py:109} INFO - [2022-04-11 13:31:07,599] {dag.py:2937} INFO - Setting next_dagrun for example_task_group to 2022-04-10T13:31:07.598785+00:00
[2022-04-11 13:31:07,634] {processor.py:171} INFO - Processing /home/airflow/.local/lib/python3.7/site-packages/airflow/example_dags/example_task_group.py took 0.216 seconds
[2022-04-11 13:31:38,037] {processor.py:163} INFO - Started process (PID=754) to work on /home/airflow/.local/lib/python3.7/site-packages/airflow/example_dags/example_task_group.py
[2022-04-11 13:31:38,039] {processor.py:642} INFO - Processing file /home/airflow/.local/lib/python3.7/site-packages/airflow/example_dags/example_task_group.py for tasks to queue
[2022-04-11 13:31:38,040] {logging_mixin.py:109} INFO - [2022-04-11 13:31:38,040] {dagbag.py:500} INFO - Filling up the DagBag from /home/airflow/.local/lib/python3.7/site-packages/airflow/example_dags/example_task_group.py
[2022-04-11 13:31:38,063] {processor.py:652} INFO - DAG(s) dict_keys(['example_task_group']) retrieved from /home/airflow/.local/lib/python3.7/site-packages/airflow/example_dags/example_task_group.py
[2022-04-11 13:31:38,093] {logging_mixin.py:109} INFO - [2022-04-11 13:31:38,092] {dag.py:2398} INFO - Sync 1 DAGs
[2022-04-11 13:31:38,117] {logging_mixin.py:109} INFO - [2022-04-11 13:31:38,117] {dag.py:2937} INFO - Setting next_dagrun for example_task_group to 2022-04-10T13:31:38.116817+00:00
[2022-04-11 13:31:38,139] {processor.py:171} INFO - Processing /home/airflow/.local/lib/python3.7/site-packages/airflow/example_dags/example_task_group.py took 0.106 seconds
[2022-04-11 13:32:08,244] {processor.py:163} INFO - Started process (PID=816) to work on /home/airflow/.local/lib/python3.7/site-packages/airflow/example_dags/example_task_group.py
[2022-04-11 13:32:08,246] {processor.py:642} INFO - Processing file /home/airflow/.local/lib/python3.7/site-packages/airflow/example_dags/example_task_group.py for tasks to queue
[2022-04-11 13:32:08,247] {logging_mixin.py:109} INFO - [2022-04-11 13:32:08,247] {dagbag.py:500} INFO - Filling up the DagBag from /home/airflow/.local/lib/python3.7/site-packages/airflow/example_dags/example_task_group.py
[2022-04-11 13:32:08,272] {processor.py:652} INFO - DAG(s) dict_keys(['example_task_group']) retrieved from /home/airflow/.local/lib/python3.7/site-packages/airflow/example_dags/example_task_group.py
[2022-04-11 13:32:08,299] {logging_mixin.py:109} INFO - [2022-04-11 13:32:08,299] {dag.py:2398} INFO - Sync 1 DAGs
[2022-04-11 13:32:08,320] {logging_mixin.py:109} INFO - [2022-04-11 13:32:08,320] {dag.py:2937} INFO - Setting next_dagrun for example_task_group to 2022-04-10T13:32:08.320178+00:00
[2022-04-11 13:32:08,336] {processor.py:171} INFO - Processing /home/airflow/.local/lib/python3.7/site-packages/airflow/example_dags/example_task_group.py took 0.095 seconds
[2022-04-11 13:32:38,963] {processor.py:163} INFO - Started process (PID=867) to work on /home/airflow/.local/lib/python3.7/site-packages/airflow/example_dags/example_task_group.py
[2022-04-11 13:32:38,965] {processor.py:642} INFO - Processing file /home/airflow/.local/lib/python3.7/site-packages/airflow/example_dags/example_task_group.py for tasks to queue
[2022-04-11 13:32:38,966] {logging_mixin.py:109} INFO - [2022-04-11 13:32:38,966] {dagbag.py:500} INFO - Filling up the DagBag from /home/airflow/.local/lib/python3.7/site-packages/airflow/example_dags/example_task_group.py
[2022-04-11 13:32:38,988] {processor.py:652} INFO - DAG(s) dict_keys(['example_task_group']) retrieved from /home/airflow/.local/lib/python3.7/site-packages/airflow/example_dags/example_task_group.py
[2022-04-11 13:32:39,016] {logging_mixin.py:109} INFO - [2022-04-11 13:32:39,016] {dag.py:2398} INFO - Sync 1 DAGs
[2022-04-11 13:32:39,036] {logging_mixin.py:109} INFO - [2022-04-11 13:32:39,036] {dag.py:2937} INFO - Setting next_dagrun for example_task_group to 2022-04-10T13:32:39.035739+00:00
[2022-04-11 13:32:39,047] {processor.py:171} INFO - Processing /home/airflow/.local/lib/python3.7/site-packages/airflow/example_dags/example_task_group.py took 0.088 seconds
[2022-04-11 13:33:09,549] {processor.py:163} INFO - Started process (PID=930) to work on /home/airflow/.local/lib/python3.7/site-packages/airflow/example_dags/example_task_group.py
[2022-04-11 13:33:09,550] {processor.py:642} INFO - Processing file /home/airflow/.local/lib/python3.7/site-packages/airflow/example_dags/example_task_group.py for tasks to queue
[2022-04-11 13:33:09,552] {logging_mixin.py:109} INFO - [2022-04-11 13:33:09,552] {dagbag.py:500} INFO - Filling up the DagBag from /home/airflow/.local/lib/python3.7/site-packages/airflow/example_dags/example_task_group.py
[2022-04-11 13:33:09,573] {processor.py:652} INFO - DAG(s) dict_keys(['example_task_group']) retrieved from /home/airflow/.local/lib/python3.7/site-packages/airflow/example_dags/example_task_group.py
[2022-04-11 13:33:09,600] {logging_mixin.py:109} INFO - [2022-04-11 13:33:09,600] {dag.py:2398} INFO - Sync 1 DAGs
[2022-04-11 13:33:09,623] {logging_mixin.py:109} INFO - [2022-04-11 13:33:09,623] {dag.py:2937} INFO - Setting next_dagrun for example_task_group to 2022-04-10T13:33:09.622704+00:00
[2022-04-11 13:33:09,636] {processor.py:171} INFO - Processing /home/airflow/.local/lib/python3.7/site-packages/airflow/example_dags/example_task_group.py took 0.091 seconds
[2022-04-11 13:33:40,204] {processor.py:163} INFO - Started process (PID=980) to work on /home/airflow/.local/lib/python3.7/site-packages/airflow/example_dags/example_task_group.py
[2022-04-11 13:33:40,208] {processor.py:642} INFO - Processing file /home/airflow/.local/lib/python3.7/site-packages/airflow/example_dags/example_task_group.py for tasks to queue
[2022-04-11 13:33:40,211] {logging_mixin.py:109} INFO - [2022-04-11 13:33:40,210] {dagbag.py:500} INFO - Filling up the DagBag from /home/airflow/.local/lib/python3.7/site-packages/airflow/example_dags/example_task_group.py
[2022-04-11 13:33:40,263] {processor.py:652} INFO - DAG(s) dict_keys(['example_task_group']) retrieved from /home/airflow/.local/lib/python3.7/site-packages/airflow/example_dags/example_task_group.py
[2022-04-11 13:33:40,343] {logging_mixin.py:109} INFO - [2022-04-11 13:33:40,343] {dag.py:2398} INFO - Sync 1 DAGs
[2022-04-11 13:33:40,418] {logging_mixin.py:109} INFO - [2022-04-11 13:33:40,418] {dag.py:2937} INFO - Setting next_dagrun for example_task_group to 2022-04-10T13:33:40.417221+00:00
[2022-04-11 13:33:40,457] {processor.py:171} INFO - Processing /home/airflow/.local/lib/python3.7/site-packages/airflow/example_dags/example_task_group.py took 0.264 seconds
[2022-04-11 13:34:11,269] {processor.py:163} INFO - Started process (PID=1042) to work on /home/airflow/.local/lib/python3.7/site-packages/airflow/example_dags/example_task_group.py
[2022-04-11 13:34:11,271] {processor.py:642} INFO - Processing file /home/airflow/.local/lib/python3.7/site-packages/airflow/example_dags/example_task_group.py for tasks to queue
[2022-04-11 13:34:11,273] {logging_mixin.py:109} INFO - [2022-04-11 13:34:11,273] {dagbag.py:500} INFO - Filling up the DagBag from /home/airflow/.local/lib/python3.7/site-packages/airflow/example_dags/example_task_group.py
[2022-04-11 13:34:11,296] {processor.py:652} INFO - DAG(s) dict_keys(['example_task_group']) retrieved from /home/airflow/.local/lib/python3.7/site-packages/airflow/example_dags/example_task_group.py
[2022-04-11 13:34:11,327] {logging_mixin.py:109} INFO - [2022-04-11 13:34:11,327] {dag.py:2398} INFO - Sync 1 DAGs
[2022-04-11 13:34:11,350] {logging_mixin.py:109} INFO - [2022-04-11 13:34:11,350] {dag.py:2937} INFO - Setting next_dagrun for example_task_group to 2022-04-10T13:34:11.350412+00:00
[2022-04-11 13:34:11,366] {processor.py:171} INFO - Processing /home/airflow/.local/lib/python3.7/site-packages/airflow/example_dags/example_task_group.py took 0.102 seconds
[2022-04-11 13:34:41,843] {processor.py:163} INFO - Started process (PID=1095) to work on /home/airflow/.local/lib/python3.7/site-packages/airflow/example_dags/example_task_group.py
[2022-04-11 13:34:41,846] {processor.py:642} INFO - Processing file /home/airflow/.local/lib/python3.7/site-packages/airflow/example_dags/example_task_group.py for tasks to queue
[2022-04-11 13:34:41,847] {logging_mixin.py:109} INFO - [2022-04-11 13:34:41,847] {dagbag.py:500} INFO - Filling up the DagBag from /home/airflow/.local/lib/python3.7/site-packages/airflow/example_dags/example_task_group.py
[2022-04-11 13:34:41,868] {processor.py:652} INFO - DAG(s) dict_keys(['example_task_group']) retrieved from /home/airflow/.local/lib/python3.7/site-packages/airflow/example_dags/example_task_group.py
[2022-04-11 13:34:41,893] {logging_mixin.py:109} INFO - [2022-04-11 13:34:41,893] {dag.py:2398} INFO - Sync 1 DAGs
[2022-04-11 13:34:41,911] {logging_mixin.py:109} INFO - [2022-04-11 13:34:41,911] {dag.py:2937} INFO - Setting next_dagrun for example_task_group to 2022-04-10T13:34:41.911610+00:00
[2022-04-11 13:34:41,922] {processor.py:171} INFO - Processing /home/airflow/.local/lib/python3.7/site-packages/airflow/example_dags/example_task_group.py took 0.083 seconds
[2022-04-11 13:35:12,092] {processor.py:163} INFO - Started process (PID=1156) to work on /home/airflow/.local/lib/python3.7/site-packages/airflow/example_dags/example_task_group.py
[2022-04-11 13:35:12,094] {processor.py:642} INFO - Processing file /home/airflow/.local/lib/python3.7/site-packages/airflow/example_dags/example_task_group.py for tasks to queue
[2022-04-11 13:35:12,096] {logging_mixin.py:109} INFO - [2022-04-11 13:35:12,096] {dagbag.py:500} INFO - Filling up the DagBag from /home/airflow/.local/lib/python3.7/site-packages/airflow/example_dags/example_task_group.py
[2022-04-11 13:35:12,119] {processor.py:652} INFO - DAG(s) dict_keys(['example_task_group']) retrieved from /home/airflow/.local/lib/python3.7/site-packages/airflow/example_dags/example_task_group.py
[2022-04-11 13:35:12,144] {logging_mixin.py:109} INFO - [2022-04-11 13:35:12,144] {dag.py:2398} INFO - Sync 1 DAGs
[2022-04-11 13:35:12,165] {logging_mixin.py:109} INFO - [2022-04-11 13:35:12,164] {dag.py:2937} INFO - Setting next_dagrun for example_task_group to 2022-04-10T13:35:12.164678+00:00
[2022-04-11 13:35:12,175] {processor.py:171} INFO - Processing /home/airflow/.local/lib/python3.7/site-packages/airflow/example_dags/example_task_group.py took 0.088 seconds
[2022-04-11 13:35:42,331] {processor.py:163} INFO - Started process (PID=1208) to work on /home/airflow/.local/lib/python3.7/site-packages/airflow/example_dags/example_task_group.py
[2022-04-11 13:35:42,333] {processor.py:642} INFO - Processing file /home/airflow/.local/lib/python3.7/site-packages/airflow/example_dags/example_task_group.py for tasks to queue
[2022-04-11 13:35:42,334] {logging_mixin.py:109} INFO - [2022-04-11 13:35:42,334] {dagbag.py:500} INFO - Filling up the DagBag from /home/airflow/.local/lib/python3.7/site-packages/airflow/example_dags/example_task_group.py
[2022-04-11 13:35:42,358] {processor.py:652} INFO - DAG(s) dict_keys(['example_task_group']) retrieved from /home/airflow/.local/lib/python3.7/site-packages/airflow/example_dags/example_task_group.py
[2022-04-11 13:35:42,392] {logging_mixin.py:109} INFO - [2022-04-11 13:35:42,392] {dag.py:2398} INFO - Sync 1 DAGs
[2022-04-11 13:35:42,416] {logging_mixin.py:109} INFO - [2022-04-11 13:35:42,415] {dag.py:2937} INFO - Setting next_dagrun for example_task_group to 2022-04-10T13:35:42.415588+00:00
[2022-04-11 13:35:42,429] {processor.py:171} INFO - Processing /home/airflow/.local/lib/python3.7/site-packages/airflow/example_dags/example_task_group.py took 0.103 seconds
[2022-04-11 13:36:12,831] {processor.py:163} INFO - Started process (PID=1260) to work on /home/airflow/.local/lib/python3.7/site-packages/airflow/example_dags/example_task_group.py
[2022-04-11 13:36:12,835] {processor.py:642} INFO - Processing file /home/airflow/.local/lib/python3.7/site-packages/airflow/example_dags/example_task_group.py for tasks to queue
[2022-04-11 13:36:12,836] {logging_mixin.py:109} INFO - [2022-04-11 13:36:12,836] {dagbag.py:500} INFO - Filling up the DagBag from /home/airflow/.local/lib/python3.7/site-packages/airflow/example_dags/example_task_group.py
[2022-04-11 13:36:12,860] {processor.py:652} INFO - DAG(s) dict_keys(['example_task_group']) retrieved from /home/airflow/.local/lib/python3.7/site-packages/airflow/example_dags/example_task_group.py
[2022-04-11 13:36:12,892] {logging_mixin.py:109} INFO - [2022-04-11 13:36:12,891] {dag.py:2398} INFO - Sync 1 DAGs
[2022-04-11 13:36:12,922] {logging_mixin.py:109} INFO - [2022-04-11 13:36:12,922] {dag.py:2937} INFO - Setting next_dagrun for example_task_group to 2022-04-10T13:36:12.921990+00:00
[2022-04-11 13:36:12,938] {processor.py:171} INFO - Processing /home/airflow/.local/lib/python3.7/site-packages/airflow/example_dags/example_task_group.py took 0.112 seconds
[2022-04-11 13:36:43,245] {processor.py:163} INFO - Started process (PID=1327) to work on /home/airflow/.local/lib/python3.7/site-packages/airflow/example_dags/example_task_group.py
[2022-04-11 13:36:43,247] {processor.py:642} INFO - Processing file /home/airflow/.local/lib/python3.7/site-packages/airflow/example_dags/example_task_group.py for tasks to queue
[2022-04-11 13:36:43,249] {logging_mixin.py:109} INFO - [2022-04-11 13:36:43,249] {dagbag.py:500} INFO - Filling up the DagBag from /home/airflow/.local/lib/python3.7/site-packages/airflow/example_dags/example_task_group.py
[2022-04-11 13:36:43,274] {processor.py:652} INFO - DAG(s) dict_keys(['example_task_group']) retrieved from /home/airflow/.local/lib/python3.7/site-packages/airflow/example_dags/example_task_group.py
[2022-04-11 13:36:43,302] {logging_mixin.py:109} INFO - [2022-04-11 13:36:43,302] {dag.py:2398} INFO - Sync 1 DAGs
[2022-04-11 13:36:43,329] {logging_mixin.py:109} INFO - [2022-04-11 13:36:43,329] {dag.py:2937} INFO - Setting next_dagrun for example_task_group to 2022-04-10T13:36:43.328511+00:00
[2022-04-11 13:36:43,343] {processor.py:171} INFO - Processing /home/airflow/.local/lib/python3.7/site-packages/airflow/example_dags/example_task_group.py took 0.103 seconds
[2022-04-11 13:37:13,457] {processor.py:163} INFO - Started process (PID=1378) to work on /home/airflow/.local/lib/python3.7/site-packages/airflow/example_dags/example_task_group.py
[2022-04-11 13:37:13,460] {processor.py:642} INFO - Processing file /home/airflow/.local/lib/python3.7/site-packages/airflow/example_dags/example_task_group.py for tasks to queue
[2022-04-11 13:37:13,461] {logging_mixin.py:109} INFO - [2022-04-11 13:37:13,461] {dagbag.py:500} INFO - Filling up the DagBag from /home/airflow/.local/lib/python3.7/site-packages/airflow/example_dags/example_task_group.py
[2022-04-11 13:37:13,483] {processor.py:652} INFO - DAG(s) dict_keys(['example_task_group']) retrieved from /home/airflow/.local/lib/python3.7/site-packages/airflow/example_dags/example_task_group.py
[2022-04-11 13:37:13,510] {logging_mixin.py:109} INFO - [2022-04-11 13:37:13,510] {dag.py:2398} INFO - Sync 1 DAGs
[2022-04-11 13:37:13,532] {logging_mixin.py:109} INFO - [2022-04-11 13:37:13,531] {dag.py:2937} INFO - Setting next_dagrun for example_task_group to 2022-04-10T13:37:13.531631+00:00
[2022-04-11 13:37:13,547] {processor.py:171} INFO - Processing /home/airflow/.local/lib/python3.7/site-packages/airflow/example_dags/example_task_group.py took 0.094 seconds
[2022-04-11 13:37:44,191] {processor.py:163} INFO - Started process (PID=1440) to work on /home/airflow/.local/lib/python3.7/site-packages/airflow/example_dags/example_task_group.py
[2022-04-11 13:37:44,194] {processor.py:642} INFO - Processing file /home/airflow/.local/lib/python3.7/site-packages/airflow/example_dags/example_task_group.py for tasks to queue
[2022-04-11 13:37:44,197] {logging_mixin.py:109} INFO - [2022-04-11 13:37:44,196] {dagbag.py:500} INFO - Filling up the DagBag from /home/airflow/.local/lib/python3.7/site-packages/airflow/example_dags/example_task_group.py
[2022-04-11 13:37:44,253] {processor.py:652} INFO - DAG(s) dict_keys(['example_task_group']) retrieved from /home/airflow/.local/lib/python3.7/site-packages/airflow/example_dags/example_task_group.py
[2022-04-11 13:37:44,301] {logging_mixin.py:109} INFO - [2022-04-11 13:37:44,301] {dag.py:2398} INFO - Sync 1 DAGs
[2022-04-11 13:37:44,339] {logging_mixin.py:109} INFO - [2022-04-11 13:37:44,339] {dag.py:2937} INFO - Setting next_dagrun for example_task_group to 2022-04-10T13:37:44.339112+00:00
[2022-04-11 13:37:44,355] {processor.py:171} INFO - Processing /home/airflow/.local/lib/python3.7/site-packages/airflow/example_dags/example_task_group.py took 0.170 seconds
[2022-04-11 13:38:15,243] {processor.py:163} INFO - Started process (PID=1492) to work on /home/airflow/.local/lib/python3.7/site-packages/airflow/example_dags/example_task_group.py
[2022-04-11 13:38:15,247] {processor.py:642} INFO - Processing file /home/airflow/.local/lib/python3.7/site-packages/airflow/example_dags/example_task_group.py for tasks to queue
[2022-04-11 13:38:15,248] {logging_mixin.py:109} INFO - [2022-04-11 13:38:15,248] {dagbag.py:500} INFO - Filling up the DagBag from /home/airflow/.local/lib/python3.7/site-packages/airflow/example_dags/example_task_group.py
[2022-04-11 13:38:15,275] {processor.py:652} INFO - DAG(s) dict_keys(['example_task_group']) retrieved from /home/airflow/.local/lib/python3.7/site-packages/airflow/example_dags/example_task_group.py
[2022-04-11 13:38:15,308] {logging_mixin.py:109} INFO - [2022-04-11 13:38:15,308] {dag.py:2398} INFO - Sync 1 DAGs
[2022-04-11 13:38:15,333] {logging_mixin.py:109} INFO - [2022-04-11 13:38:15,333] {dag.py:2937} INFO - Setting next_dagrun for example_task_group to 2022-04-10T13:38:15.333340+00:00
[2022-04-11 13:38:15,349] {processor.py:171} INFO - Processing /home/airflow/.local/lib/python3.7/site-packages/airflow/example_dags/example_task_group.py took 0.110 seconds
[2022-04-11 13:38:45,717] {processor.py:163} INFO - Started process (PID=1554) to work on /home/airflow/.local/lib/python3.7/site-packages/airflow/example_dags/example_task_group.py
[2022-04-11 13:38:45,719] {processor.py:642} INFO - Processing file /home/airflow/.local/lib/python3.7/site-packages/airflow/example_dags/example_task_group.py for tasks to queue
[2022-04-11 13:38:45,720] {logging_mixin.py:109} INFO - [2022-04-11 13:38:45,720] {dagbag.py:500} INFO - Filling up the DagBag from /home/airflow/.local/lib/python3.7/site-packages/airflow/example_dags/example_task_group.py
[2022-04-11 13:38:45,742] {processor.py:652} INFO - DAG(s) dict_keys(['example_task_group']) retrieved from /home/airflow/.local/lib/python3.7/site-packages/airflow/example_dags/example_task_group.py
[2022-04-11 13:38:45,772] {logging_mixin.py:109} INFO - [2022-04-11 13:38:45,771] {dag.py:2398} INFO - Sync 1 DAGs
[2022-04-11 13:38:45,796] {logging_mixin.py:109} INFO - [2022-04-11 13:38:45,796] {dag.py:2937} INFO - Setting next_dagrun for example_task_group to 2022-04-10T13:38:45.795698+00:00
[2022-04-11 13:38:45,809] {processor.py:171} INFO - Processing /home/airflow/.local/lib/python3.7/site-packages/airflow/example_dags/example_task_group.py took 0.096 seconds
[2022-04-11 13:39:16,159] {processor.py:163} INFO - Started process (PID=1606) to work on /home/airflow/.local/lib/python3.7/site-packages/airflow/example_dags/example_task_group.py
[2022-04-11 13:39:16,161] {processor.py:642} INFO - Processing file /home/airflow/.local/lib/python3.7/site-packages/airflow/example_dags/example_task_group.py for tasks to queue
[2022-04-11 13:39:16,167] {logging_mixin.py:109} INFO - [2022-04-11 13:39:16,166] {dagbag.py:500} INFO - Filling up the DagBag from /home/airflow/.local/lib/python3.7/site-packages/airflow/example_dags/example_task_group.py
[2022-04-11 13:39:16,189] {processor.py:652} INFO - DAG(s) dict_keys(['example_task_group']) retrieved from /home/airflow/.local/lib/python3.7/site-packages/airflow/example_dags/example_task_group.py
[2022-04-11 13:39:16,214] {logging_mixin.py:109} INFO - [2022-04-11 13:39:16,214] {dag.py:2398} INFO - Sync 1 DAGs
[2022-04-11 13:39:16,237] {logging_mixin.py:109} INFO - [2022-04-11 13:39:16,237] {dag.py:2937} INFO - Setting next_dagrun for example_task_group to 2022-04-10T13:39:16.236774+00:00
[2022-04-11 13:39:16,251] {processor.py:171} INFO - Processing /home/airflow/.local/lib/python3.7/site-packages/airflow/example_dags/example_task_group.py took 0.096 seconds
[2022-04-11 13:39:46,305] {processor.py:163} INFO - Started process (PID=1664) to work on /home/airflow/.local/lib/python3.7/site-packages/airflow/example_dags/example_task_group.py
[2022-04-11 13:39:46,307] {processor.py:642} INFO - Processing file /home/airflow/.local/lib/python3.7/site-packages/airflow/example_dags/example_task_group.py for tasks to queue
[2022-04-11 13:39:46,309] {logging_mixin.py:109} INFO - [2022-04-11 13:39:46,308] {dagbag.py:500} INFO - Filling up the DagBag from /home/airflow/.local/lib/python3.7/site-packages/airflow/example_dags/example_task_group.py
[2022-04-11 13:39:46,338] {processor.py:652} INFO - DAG(s) dict_keys(['example_task_group']) retrieved from /home/airflow/.local/lib/python3.7/site-packages/airflow/example_dags/example_task_group.py
[2022-04-11 13:39:46,372] {logging_mixin.py:109} INFO - [2022-04-11 13:39:46,371] {dag.py:2398} INFO - Sync 1 DAGs
[2022-04-11 13:39:46,396] {logging_mixin.py:109} INFO - [2022-04-11 13:39:46,396] {dag.py:2937} INFO - Setting next_dagrun for example_task_group to 2022-04-10T13:39:46.395678+00:00
[2022-04-11 13:39:46,414] {processor.py:171} INFO - Processing /home/airflow/.local/lib/python3.7/site-packages/airflow/example_dags/example_task_group.py took 0.114 seconds
[2022-04-11 13:40:16,664] {processor.py:163} INFO - Started process (PID=1719) to work on /home/airflow/.local/lib/python3.7/site-packages/airflow/example_dags/example_task_group.py
[2022-04-11 13:40:16,665] {processor.py:642} INFO - Processing file /home/airflow/.local/lib/python3.7/site-packages/airflow/example_dags/example_task_group.py for tasks to queue
[2022-04-11 13:40:16,667] {logging_mixin.py:109} INFO - [2022-04-11 13:40:16,666] {dagbag.py:500} INFO - Filling up the DagBag from /home/airflow/.local/lib/python3.7/site-packages/airflow/example_dags/example_task_group.py
[2022-04-11 13:40:16,688] {processor.py:652} INFO - DAG(s) dict_keys(['example_task_group']) retrieved from /home/airflow/.local/lib/python3.7/site-packages/airflow/example_dags/example_task_group.py
[2022-04-11 13:40:16,716] {logging_mixin.py:109} INFO - [2022-04-11 13:40:16,716] {dag.py:2398} INFO - Sync 1 DAGs
[2022-04-11 13:40:16,740] {logging_mixin.py:109} INFO - [2022-04-11 13:40:16,740] {dag.py:2937} INFO - Setting next_dagrun for example_task_group to 2022-04-10T13:40:16.740540+00:00
[2022-04-11 13:40:16,758] {processor.py:171} INFO - Processing /home/airflow/.local/lib/python3.7/site-packages/airflow/example_dags/example_task_group.py took 0.098 seconds
[2022-04-11 13:40:46,833] {processor.py:163} INFO - Started process (PID=1772) to work on /home/airflow/.local/lib/python3.7/site-packages/airflow/example_dags/example_task_group.py
[2022-04-11 13:40:46,837] {processor.py:642} INFO - Processing file /home/airflow/.local/lib/python3.7/site-packages/airflow/example_dags/example_task_group.py for tasks to queue
[2022-04-11 13:40:46,839] {logging_mixin.py:109} INFO - [2022-04-11 13:40:46,839] {dagbag.py:500} INFO - Filling up the DagBag from /home/airflow/.local/lib/python3.7/site-packages/airflow/example_dags/example_task_group.py
[2022-04-11 13:40:46,895] {processor.py:652} INFO - DAG(s) dict_keys(['example_task_group']) retrieved from /home/airflow/.local/lib/python3.7/site-packages/airflow/example_dags/example_task_group.py
[2022-04-11 13:40:46,940] {logging_mixin.py:109} INFO - [2022-04-11 13:40:46,940] {dag.py:2398} INFO - Sync 1 DAGs
[2022-04-11 13:40:46,993] {logging_mixin.py:109} INFO - [2022-04-11 13:40:46,993] {dag.py:2937} INFO - Setting next_dagrun for example_task_group to 2022-04-10T13:40:46.993142+00:00
[2022-04-11 13:40:47,039] {processor.py:171} INFO - Processing /home/airflow/.local/lib/python3.7/site-packages/airflow/example_dags/example_task_group.py took 0.212 seconds
[2022-04-11 13:41:17,121] {processor.py:163} INFO - Started process (PID=1835) to work on /home/airflow/.local/lib/python3.7/site-packages/airflow/example_dags/example_task_group.py
[2022-04-11 13:41:17,123] {processor.py:642} INFO - Processing file /home/airflow/.local/lib/python3.7/site-packages/airflow/example_dags/example_task_group.py for tasks to queue
[2022-04-11 13:41:17,124] {logging_mixin.py:109} INFO - [2022-04-11 13:41:17,124] {dagbag.py:500} INFO - Filling up the DagBag from /home/airflow/.local/lib/python3.7/site-packages/airflow/example_dags/example_task_group.py
[2022-04-11 13:41:17,148] {processor.py:652} INFO - DAG(s) dict_keys(['example_task_group']) retrieved from /home/airflow/.local/lib/python3.7/site-packages/airflow/example_dags/example_task_group.py
[2022-04-11 13:41:17,177] {logging_mixin.py:109} INFO - [2022-04-11 13:41:17,177] {dag.py:2398} INFO - Sync 1 DAGs
[2022-04-11 13:41:17,198] {logging_mixin.py:109} INFO - [2022-04-11 13:41:17,197] {dag.py:2937} INFO - Setting next_dagrun for example_task_group to 2022-04-10T13:41:17.197687+00:00
[2022-04-11 13:41:17,210] {processor.py:171} INFO - Processing /home/airflow/.local/lib/python3.7/site-packages/airflow/example_dags/example_task_group.py took 0.094 seconds
[2022-04-11 13:41:47,609] {processor.py:163} INFO - Started process (PID=1888) to work on /home/airflow/.local/lib/python3.7/site-packages/airflow/example_dags/example_task_group.py
[2022-04-11 13:41:47,612] {processor.py:642} INFO - Processing file /home/airflow/.local/lib/python3.7/site-packages/airflow/example_dags/example_task_group.py for tasks to queue
[2022-04-11 13:41:47,613] {logging_mixin.py:109} INFO - [2022-04-11 13:41:47,613] {dagbag.py:500} INFO - Filling up the DagBag from /home/airflow/.local/lib/python3.7/site-packages/airflow/example_dags/example_task_group.py
[2022-04-11 13:41:47,639] {processor.py:652} INFO - DAG(s) dict_keys(['example_task_group']) retrieved from /home/airflow/.local/lib/python3.7/site-packages/airflow/example_dags/example_task_group.py
[2022-04-11 13:41:47,667] {logging_mixin.py:109} INFO - [2022-04-11 13:41:47,667] {dag.py:2398} INFO - Sync 1 DAGs
[2022-04-11 13:41:47,690] {logging_mixin.py:109} INFO - [2022-04-11 13:41:47,690] {dag.py:2937} INFO - Setting next_dagrun for example_task_group to 2022-04-10T13:41:47.690499+00:00
[2022-04-11 13:41:47,703] {processor.py:171} INFO - Processing /home/airflow/.local/lib/python3.7/site-packages/airflow/example_dags/example_task_group.py took 0.099 seconds
[2022-04-11 13:42:17,756] {processor.py:163} INFO - Started process (PID=1948) to work on /home/airflow/.local/lib/python3.7/site-packages/airflow/example_dags/example_task_group.py
[2022-04-11 13:42:17,759] {processor.py:642} INFO - Processing file /home/airflow/.local/lib/python3.7/site-packages/airflow/example_dags/example_task_group.py for tasks to queue
[2022-04-11 13:42:17,762] {logging_mixin.py:109} INFO - [2022-04-11 13:42:17,761] {dagbag.py:500} INFO - Filling up the DagBag from /home/airflow/.local/lib/python3.7/site-packages/airflow/example_dags/example_task_group.py
[2022-04-11 13:42:17,787] {processor.py:652} INFO - DAG(s) dict_keys(['example_task_group']) retrieved from /home/airflow/.local/lib/python3.7/site-packages/airflow/example_dags/example_task_group.py
[2022-04-11 13:42:17,819] {logging_mixin.py:109} INFO - [2022-04-11 13:42:17,818] {dag.py:2398} INFO - Sync 1 DAGs
[2022-04-11 13:42:17,844] {logging_mixin.py:109} INFO - [2022-04-11 13:42:17,843] {dag.py:2937} INFO - Setting next_dagrun for example_task_group to 2022-04-10T13:42:17.843547+00:00
[2022-04-11 13:42:17,857] {processor.py:171} INFO - Processing /home/airflow/.local/lib/python3.7/site-packages/airflow/example_dags/example_task_group.py took 0.105 seconds
[2022-04-11 13:42:47,905] {processor.py:163} INFO - Started process (PID=2003) to work on /home/airflow/.local/lib/python3.7/site-packages/airflow/example_dags/example_task_group.py
[2022-04-11 13:42:47,908] {processor.py:642} INFO - Processing file /home/airflow/.local/lib/python3.7/site-packages/airflow/example_dags/example_task_group.py for tasks to queue
[2022-04-11 13:42:47,909] {logging_mixin.py:109} INFO - [2022-04-11 13:42:47,909] {dagbag.py:500} INFO - Filling up the DagBag from /home/airflow/.local/lib/python3.7/site-packages/airflow/example_dags/example_task_group.py
[2022-04-11 13:42:47,931] {processor.py:652} INFO - DAG(s) dict_keys(['example_task_group']) retrieved from /home/airflow/.local/lib/python3.7/site-packages/airflow/example_dags/example_task_group.py
[2022-04-11 13:42:47,955] {logging_mixin.py:109} INFO - [2022-04-11 13:42:47,955] {dag.py:2398} INFO - Sync 1 DAGs
[2022-04-11 13:42:47,975] {logging_mixin.py:109} INFO - [2022-04-11 13:42:47,974] {dag.py:2937} INFO - Setting next_dagrun for example_task_group to 2022-04-10T13:42:47.974675+00:00
[2022-04-11 13:42:47,985] {processor.py:171} INFO - Processing /home/airflow/.local/lib/python3.7/site-packages/airflow/example_dags/example_task_group.py took 0.084 seconds
[2022-04-11 13:43:18,715] {processor.py:163} INFO - Started process (PID=2056) to work on /home/airflow/.local/lib/python3.7/site-packages/airflow/example_dags/example_task_group.py
[2022-04-11 13:43:18,717] {processor.py:642} INFO - Processing file /home/airflow/.local/lib/python3.7/site-packages/airflow/example_dags/example_task_group.py for tasks to queue
[2022-04-11 13:43:18,718] {logging_mixin.py:109} INFO - [2022-04-11 13:43:18,718] {dagbag.py:500} INFO - Filling up the DagBag from /home/airflow/.local/lib/python3.7/site-packages/airflow/example_dags/example_task_group.py
[2022-04-11 13:43:18,738] {processor.py:652} INFO - DAG(s) dict_keys(['example_task_group']) retrieved from /home/airflow/.local/lib/python3.7/site-packages/airflow/example_dags/example_task_group.py
[2022-04-11 13:43:18,762] {logging_mixin.py:109} INFO - [2022-04-11 13:43:18,762] {dag.py:2398} INFO - Sync 1 DAGs
[2022-04-11 13:43:18,783] {logging_mixin.py:109} INFO - [2022-04-11 13:43:18,783] {dag.py:2937} INFO - Setting next_dagrun for example_task_group to 2022-04-10T13:43:18.783086+00:00
[2022-04-11 13:43:18,795] {processor.py:171} INFO - Processing /home/airflow/.local/lib/python3.7/site-packages/airflow/example_dags/example_task_group.py took 0.083 seconds
[2022-04-11 13:43:49,042] {processor.py:163} INFO - Started process (PID=2119) to work on /home/airflow/.local/lib/python3.7/site-packages/airflow/example_dags/example_task_group.py
[2022-04-11 13:43:49,045] {processor.py:642} INFO - Processing file /home/airflow/.local/lib/python3.7/site-packages/airflow/example_dags/example_task_group.py for tasks to queue
[2022-04-11 13:43:49,046] {logging_mixin.py:109} INFO - [2022-04-11 13:43:49,046] {dagbag.py:500} INFO - Filling up the DagBag from /home/airflow/.local/lib/python3.7/site-packages/airflow/example_dags/example_task_group.py
[2022-04-11 13:43:49,069] {processor.py:652} INFO - DAG(s) dict_keys(['example_task_group']) retrieved from /home/airflow/.local/lib/python3.7/site-packages/airflow/example_dags/example_task_group.py
[2022-04-11 13:43:49,095] {logging_mixin.py:109} INFO - [2022-04-11 13:43:49,095] {dag.py:2398} INFO - Sync 1 DAGs
[2022-04-11 13:43:49,116] {logging_mixin.py:109} INFO - [2022-04-11 13:43:49,116] {dag.py:2937} INFO - Setting next_dagrun for example_task_group to 2022-04-10T13:43:49.116183+00:00
[2022-04-11 13:43:49,129] {processor.py:171} INFO - Processing /home/airflow/.local/lib/python3.7/site-packages/airflow/example_dags/example_task_group.py took 0.091 seconds
[2022-04-11 13:44:20,036] {processor.py:163} INFO - Started process (PID=2172) to work on /home/airflow/.local/lib/python3.7/site-packages/airflow/example_dags/example_task_group.py
[2022-04-11 13:44:20,038] {processor.py:642} INFO - Processing file /home/airflow/.local/lib/python3.7/site-packages/airflow/example_dags/example_task_group.py for tasks to queue
[2022-04-11 13:44:20,040] {logging_mixin.py:109} INFO - [2022-04-11 13:44:20,040] {dagbag.py:500} INFO - Filling up the DagBag from /home/airflow/.local/lib/python3.7/site-packages/airflow/example_dags/example_task_group.py
[2022-04-11 13:44:20,075] {processor.py:652} INFO - DAG(s) dict_keys(['example_task_group']) retrieved from /home/airflow/.local/lib/python3.7/site-packages/airflow/example_dags/example_task_group.py
[2022-04-11 13:44:20,121] {logging_mixin.py:109} INFO - [2022-04-11 13:44:20,121] {dag.py:2398} INFO - Sync 1 DAGs
[2022-04-11 13:44:20,155] {logging_mixin.py:109} INFO - [2022-04-11 13:44:20,155] {dag.py:2937} INFO - Setting next_dagrun for example_task_group to 2022-04-10T13:44:20.155083+00:00
[2022-04-11 13:44:20,183] {processor.py:171} INFO - Processing /home/airflow/.local/lib/python3.7/site-packages/airflow/example_dags/example_task_group.py took 0.157 seconds
[2022-04-11 13:44:51,102] {processor.py:163} INFO - Started process (PID=2232) to work on /home/airflow/.local/lib/python3.7/site-packages/airflow/example_dags/example_task_group.py
[2022-04-11 13:44:51,105] {processor.py:642} INFO - Processing file /home/airflow/.local/lib/python3.7/site-packages/airflow/example_dags/example_task_group.py for tasks to queue
[2022-04-11 13:44:51,107] {logging_mixin.py:109} INFO - [2022-04-11 13:44:51,107] {dagbag.py:500} INFO - Filling up the DagBag from /home/airflow/.local/lib/python3.7/site-packages/airflow/example_dags/example_task_group.py
[2022-04-11 13:44:51,138] {processor.py:652} INFO - DAG(s) dict_keys(['example_task_group']) retrieved from /home/airflow/.local/lib/python3.7/site-packages/airflow/example_dags/example_task_group.py
[2022-04-11 13:44:51,174] {logging_mixin.py:109} INFO - [2022-04-11 13:44:51,174] {dag.py:2398} INFO - Sync 1 DAGs
[2022-04-11 13:44:51,208] {logging_mixin.py:109} INFO - [2022-04-11 13:44:51,208] {dag.py:2937} INFO - Setting next_dagrun for example_task_group to 2022-04-10T13:44:51.207998+00:00
[2022-04-11 13:44:51,231] {processor.py:171} INFO - Processing /home/airflow/.local/lib/python3.7/site-packages/airflow/example_dags/example_task_group.py took 0.138 seconds
[2022-04-11 13:45:21,568] {processor.py:163} INFO - Started process (PID=2283) to work on /home/airflow/.local/lib/python3.7/site-packages/airflow/example_dags/example_task_group.py
[2022-04-11 13:45:21,571] {processor.py:642} INFO - Processing file /home/airflow/.local/lib/python3.7/site-packages/airflow/example_dags/example_task_group.py for tasks to queue
[2022-04-11 13:45:21,573] {logging_mixin.py:109} INFO - [2022-04-11 13:45:21,572] {dagbag.py:500} INFO - Filling up the DagBag from /home/airflow/.local/lib/python3.7/site-packages/airflow/example_dags/example_task_group.py
[2022-04-11 13:45:21,601] {processor.py:652} INFO - DAG(s) dict_keys(['example_task_group']) retrieved from /home/airflow/.local/lib/python3.7/site-packages/airflow/example_dags/example_task_group.py
[2022-04-11 13:45:21,638] {logging_mixin.py:109} INFO - [2022-04-11 13:45:21,638] {dag.py:2398} INFO - Sync 1 DAGs
[2022-04-11 13:45:21,677] {logging_mixin.py:109} INFO - [2022-04-11 13:45:21,677] {dag.py:2937} INFO - Setting next_dagrun for example_task_group to 2022-04-10T13:45:21.676923+00:00
[2022-04-11 13:45:21,694] {processor.py:171} INFO - Processing /home/airflow/.local/lib/python3.7/site-packages/airflow/example_dags/example_task_group.py took 0.132 seconds
[2022-04-11 13:45:52,231] {processor.py:163} INFO - Started process (PID=2334) to work on /home/airflow/.local/lib/python3.7/site-packages/airflow/example_dags/example_task_group.py
[2022-04-11 13:45:52,233] {processor.py:642} INFO - Processing file /home/airflow/.local/lib/python3.7/site-packages/airflow/example_dags/example_task_group.py for tasks to queue
[2022-04-11 13:45:52,234] {logging_mixin.py:109} INFO - [2022-04-11 13:45:52,234] {dagbag.py:500} INFO - Filling up the DagBag from /home/airflow/.local/lib/python3.7/site-packages/airflow/example_dags/example_task_group.py
[2022-04-11 13:45:52,266] {processor.py:652} INFO - DAG(s) dict_keys(['example_task_group']) retrieved from /home/airflow/.local/lib/python3.7/site-packages/airflow/example_dags/example_task_group.py
[2022-04-11 13:45:52,310] {logging_mixin.py:109} INFO - [2022-04-11 13:45:52,309] {dag.py:2398} INFO - Sync 1 DAGs
[2022-04-11 13:45:52,339] {logging_mixin.py:109} INFO - [2022-04-11 13:45:52,338] {dag.py:2937} INFO - Setting next_dagrun for example_task_group to 2022-04-10T13:45:52.338131+00:00
[2022-04-11 13:45:52,358] {processor.py:171} INFO - Processing /home/airflow/.local/lib/python3.7/site-packages/airflow/example_dags/example_task_group.py took 0.133 seconds
[2022-04-11 13:46:22,615] {processor.py:163} INFO - Started process (PID=2397) to work on /home/airflow/.local/lib/python3.7/site-packages/airflow/example_dags/example_task_group.py
[2022-04-11 13:46:22,617] {processor.py:642} INFO - Processing file /home/airflow/.local/lib/python3.7/site-packages/airflow/example_dags/example_task_group.py for tasks to queue
[2022-04-11 13:46:22,618] {logging_mixin.py:109} INFO - [2022-04-11 13:46:22,618] {dagbag.py:500} INFO - Filling up the DagBag from /home/airflow/.local/lib/python3.7/site-packages/airflow/example_dags/example_task_group.py
[2022-04-11 13:46:22,643] {processor.py:652} INFO - DAG(s) dict_keys(['example_task_group']) retrieved from /home/airflow/.local/lib/python3.7/site-packages/airflow/example_dags/example_task_group.py
[2022-04-11 13:46:22,671] {logging_mixin.py:109} INFO - [2022-04-11 13:46:22,671] {dag.py:2398} INFO - Sync 1 DAGs
[2022-04-11 13:46:22,695] {logging_mixin.py:109} INFO - [2022-04-11 13:46:22,695] {dag.py:2937} INFO - Setting next_dagrun for example_task_group to 2022-04-10T13:46:22.695152+00:00
[2022-04-11 13:46:22,714] {processor.py:171} INFO - Processing /home/airflow/.local/lib/python3.7/site-packages/airflow/example_dags/example_task_group.py took 0.104 seconds
[2022-04-11 13:46:53,691] {processor.py:163} INFO - Started process (PID=2450) to work on /home/airflow/.local/lib/python3.7/site-packages/airflow/example_dags/example_task_group.py
[2022-04-11 13:46:53,693] {processor.py:642} INFO - Processing file /home/airflow/.local/lib/python3.7/site-packages/airflow/example_dags/example_task_group.py for tasks to queue
[2022-04-11 13:46:53,695] {logging_mixin.py:109} INFO - [2022-04-11 13:46:53,695] {dagbag.py:500} INFO - Filling up the DagBag from /home/airflow/.local/lib/python3.7/site-packages/airflow/example_dags/example_task_group.py
[2022-04-11 13:46:53,719] {processor.py:652} INFO - DAG(s) dict_keys(['example_task_group']) retrieved from /home/airflow/.local/lib/python3.7/site-packages/airflow/example_dags/example_task_group.py
[2022-04-11 13:46:53,756] {logging_mixin.py:109} INFO - [2022-04-11 13:46:53,756] {dag.py:2398} INFO - Sync 1 DAGs
[2022-04-11 13:46:53,785] {logging_mixin.py:109} INFO - [2022-04-11 13:46:53,785] {dag.py:2937} INFO - Setting next_dagrun for example_task_group to 2022-04-10T13:46:53.784935+00:00
[2022-04-11 13:46:53,801] {processor.py:171} INFO - Processing /home/airflow/.local/lib/python3.7/site-packages/airflow/example_dags/example_task_group.py took 0.115 seconds
[2022-04-11 13:47:23,967] {processor.py:163} INFO - Started process (PID=2504) to work on /home/airflow/.local/lib/python3.7/site-packages/airflow/example_dags/example_task_group.py
[2022-04-11 13:47:23,970] {processor.py:642} INFO - Processing file /home/airflow/.local/lib/python3.7/site-packages/airflow/example_dags/example_task_group.py for tasks to queue
[2022-04-11 13:47:23,971] {logging_mixin.py:109} INFO - [2022-04-11 13:47:23,971] {dagbag.py:500} INFO - Filling up the DagBag from /home/airflow/.local/lib/python3.7/site-packages/airflow/example_dags/example_task_group.py
[2022-04-11 13:47:24,002] {processor.py:652} INFO - DAG(s) dict_keys(['example_task_group']) retrieved from /home/airflow/.local/lib/python3.7/site-packages/airflow/example_dags/example_task_group.py
[2022-04-11 13:47:24,051] {logging_mixin.py:109} INFO - [2022-04-11 13:47:24,051] {dag.py:2398} INFO - Sync 1 DAGs
[2022-04-11 13:47:24,079] {logging_mixin.py:109} INFO - [2022-04-11 13:47:24,079] {dag.py:2937} INFO - Setting next_dagrun for example_task_group to 2022-04-10T13:47:24.078929+00:00
[2022-04-11 13:47:24,094] {processor.py:171} INFO - Processing /home/airflow/.local/lib/python3.7/site-packages/airflow/example_dags/example_task_group.py took 0.132 seconds
[2022-04-11 13:47:54,954] {processor.py:163} INFO - Started process (PID=2564) to work on /home/airflow/.local/lib/python3.7/site-packages/airflow/example_dags/example_task_group.py
[2022-04-11 13:47:54,955] {processor.py:642} INFO - Processing file /home/airflow/.local/lib/python3.7/site-packages/airflow/example_dags/example_task_group.py for tasks to queue
[2022-04-11 13:47:54,957] {logging_mixin.py:109} INFO - [2022-04-11 13:47:54,956] {dagbag.py:500} INFO - Filling up the DagBag from /home/airflow/.local/lib/python3.7/site-packages/airflow/example_dags/example_task_group.py
[2022-04-11 13:47:54,978] {processor.py:652} INFO - DAG(s) dict_keys(['example_task_group']) retrieved from /home/airflow/.local/lib/python3.7/site-packages/airflow/example_dags/example_task_group.py
[2022-04-11 13:47:55,002] {logging_mixin.py:109} INFO - [2022-04-11 13:47:55,002] {dag.py:2398} INFO - Sync 1 DAGs
[2022-04-11 13:47:55,023] {logging_mixin.py:109} INFO - [2022-04-11 13:47:55,023] {dag.py:2937} INFO - Setting next_dagrun for example_task_group to 2022-04-10T13:47:55.022670+00:00
[2022-04-11 13:47:55,034] {processor.py:171} INFO - Processing /home/airflow/.local/lib/python3.7/site-packages/airflow/example_dags/example_task_group.py took 0.084 seconds
[2022-04-11 13:48:25,689] {processor.py:163} INFO - Started process (PID=2627) to work on /home/airflow/.local/lib/python3.7/site-packages/airflow/example_dags/example_task_group.py
[2022-04-11 13:48:25,692] {processor.py:642} INFO - Processing file /home/airflow/.local/lib/python3.7/site-packages/airflow/example_dags/example_task_group.py for tasks to queue
[2022-04-11 13:48:25,693] {logging_mixin.py:109} INFO - [2022-04-11 13:48:25,693] {dagbag.py:500} INFO - Filling up the DagBag from /home/airflow/.local/lib/python3.7/site-packages/airflow/example_dags/example_task_group.py
[2022-04-11 13:48:25,721] {processor.py:652} INFO - DAG(s) dict_keys(['example_task_group']) retrieved from /home/airflow/.local/lib/python3.7/site-packages/airflow/example_dags/example_task_group.py
[2022-04-11 13:48:25,750] {logging_mixin.py:109} INFO - [2022-04-11 13:48:25,750] {dag.py:2398} INFO - Sync 1 DAGs
[2022-04-11 13:48:25,774] {logging_mixin.py:109} INFO - [2022-04-11 13:48:25,773] {dag.py:2937} INFO - Setting next_dagrun for example_task_group to 2022-04-10T13:48:25.772984+00:00
[2022-04-11 13:48:25,784] {processor.py:171} INFO - Processing /home/airflow/.local/lib/python3.7/site-packages/airflow/example_dags/example_task_group.py took 0.100 seconds
[2022-04-11 13:48:56,356] {processor.py:163} INFO - Started process (PID=2681) to work on /home/airflow/.local/lib/python3.7/site-packages/airflow/example_dags/example_task_group.py
[2022-04-11 13:48:56,359] {processor.py:642} INFO - Processing file /home/airflow/.local/lib/python3.7/site-packages/airflow/example_dags/example_task_group.py for tasks to queue
[2022-04-11 13:48:56,360] {logging_mixin.py:109} INFO - [2022-04-11 13:48:56,360] {dagbag.py:500} INFO - Filling up the DagBag from /home/airflow/.local/lib/python3.7/site-packages/airflow/example_dags/example_task_group.py
[2022-04-11 13:48:56,393] {processor.py:652} INFO - DAG(s) dict_keys(['example_task_group']) retrieved from /home/airflow/.local/lib/python3.7/site-packages/airflow/example_dags/example_task_group.py
[2022-04-11 13:48:56,431] {logging_mixin.py:109} INFO - [2022-04-11 13:48:56,430] {dag.py:2398} INFO - Sync 1 DAGs
[2022-04-11 13:48:56,461] {logging_mixin.py:109} INFO - [2022-04-11 13:48:56,461] {dag.py:2937} INFO - Setting next_dagrun for example_task_group to 2022-04-10T13:48:56.461218+00:00
[2022-04-11 13:48:56,478] {processor.py:171} INFO - Processing /home/airflow/.local/lib/python3.7/site-packages/airflow/example_dags/example_task_group.py took 0.129 seconds
