[2022-04-11 13:27:10,955] {processor.py:163} INFO - Started process (PID=214) to work on /home/airflow/.local/lib/python3.7/site-packages/airflow/example_dags/example_external_task_marker_dag.py
[2022-04-11 13:27:10,958] {processor.py:642} INFO - Processing file /home/airflow/.local/lib/python3.7/site-packages/airflow/example_dags/example_external_task_marker_dag.py for tasks to queue
[2022-04-11 13:27:10,959] {logging_mixin.py:109} INFO - [2022-04-11 13:27:10,959] {dagbag.py:500} INFO - Filling up the DagBag from /home/airflow/.local/lib/python3.7/site-packages/airflow/example_dags/example_external_task_marker_dag.py
[2022-04-11 13:27:10,989] {processor.py:652} INFO - DAG(s) dict_keys(['example_external_task_marker_parent', 'example_external_task_marker_child']) retrieved from /home/airflow/.local/lib/python3.7/site-packages/airflow/example_dags/example_external_task_marker_dag.py
[2022-04-11 13:27:12,863] {logging_mixin.py:109} INFO - [2022-04-11 13:27:12,863] {manager.py:496} INFO - Created Permission View: can read on DAG:example_external_task_marker_parent
[2022-04-11 13:27:12,876] {logging_mixin.py:109} INFO - [2022-04-11 13:27:12,876] {manager.py:496} INFO - Created Permission View: can edit on DAG:example_external_task_marker_parent
[2022-04-11 13:27:12,901] {logging_mixin.py:109} INFO - [2022-04-11 13:27:12,901] {manager.py:496} INFO - Created Permission View: can read on DAG:example_external_task_marker_child
[2022-04-11 13:27:12,915] {logging_mixin.py:109} INFO - [2022-04-11 13:27:12,915] {manager.py:496} INFO - Created Permission View: can edit on DAG:example_external_task_marker_child
[2022-04-11 13:27:12,916] {logging_mixin.py:109} INFO - [2022-04-11 13:27:12,916] {dag.py:2398} INFO - Sync 2 DAGs
[2022-04-11 13:27:12,925] {logging_mixin.py:109} INFO - [2022-04-11 13:27:12,925] {dag.py:2417} INFO - Creating ORM DAG for example_external_task_marker_parent
[2022-04-11 13:27:12,927] {logging_mixin.py:109} INFO - [2022-04-11 13:27:12,927] {dag.py:2417} INFO - Creating ORM DAG for example_external_task_marker_child
[2022-04-11 13:27:12,935] {logging_mixin.py:109} INFO - [2022-04-11 13:27:12,935] {dag.py:2937} INFO - Setting next_dagrun for example_external_task_marker_child to None
[2022-04-11 13:27:12,936] {logging_mixin.py:109} INFO - [2022-04-11 13:27:12,936] {dag.py:2937} INFO - Setting next_dagrun for example_external_task_marker_parent to None
[2022-04-11 13:27:12,950] {processor.py:171} INFO - Processing /home/airflow/.local/lib/python3.7/site-packages/airflow/example_dags/example_external_task_marker_dag.py took 1.999 seconds
[2022-04-11 13:27:43,567] {processor.py:163} INFO - Started process (PID=323) to work on /home/airflow/.local/lib/python3.7/site-packages/airflow/example_dags/example_external_task_marker_dag.py
[2022-04-11 13:27:43,568] {processor.py:642} INFO - Processing file /home/airflow/.local/lib/python3.7/site-packages/airflow/example_dags/example_external_task_marker_dag.py for tasks to queue
[2022-04-11 13:27:43,569] {logging_mixin.py:109} INFO - [2022-04-11 13:27:43,569] {dagbag.py:500} INFO - Filling up the DagBag from /home/airflow/.local/lib/python3.7/site-packages/airflow/example_dags/example_external_task_marker_dag.py
[2022-04-11 13:27:43,589] {processor.py:652} INFO - DAG(s) dict_keys(['example_external_task_marker_parent', 'example_external_task_marker_child']) retrieved from /home/airflow/.local/lib/python3.7/site-packages/airflow/example_dags/example_external_task_marker_dag.py
[2022-04-11 13:27:43,619] {logging_mixin.py:109} INFO - [2022-04-11 13:27:43,619] {dag.py:2398} INFO - Sync 2 DAGs
[2022-04-11 13:27:43,641] {logging_mixin.py:109} INFO - [2022-04-11 13:27:43,641] {dag.py:2937} INFO - Setting next_dagrun for example_external_task_marker_child to None
[2022-04-11 13:27:43,643] {logging_mixin.py:109} INFO - [2022-04-11 13:27:43,642] {dag.py:2937} INFO - Setting next_dagrun for example_external_task_marker_parent to None
[2022-04-11 13:27:43,656] {processor.py:171} INFO - Processing /home/airflow/.local/lib/python3.7/site-packages/airflow/example_dags/example_external_task_marker_dag.py took 0.092 seconds
[2022-04-11 13:28:13,788] {processor.py:163} INFO - Started process (PID=375) to work on /home/airflow/.local/lib/python3.7/site-packages/airflow/example_dags/example_external_task_marker_dag.py
[2022-04-11 13:28:13,790] {processor.py:642} INFO - Processing file /home/airflow/.local/lib/python3.7/site-packages/airflow/example_dags/example_external_task_marker_dag.py for tasks to queue
[2022-04-11 13:28:13,791] {logging_mixin.py:109} INFO - [2022-04-11 13:28:13,791] {dagbag.py:500} INFO - Filling up the DagBag from /home/airflow/.local/lib/python3.7/site-packages/airflow/example_dags/example_external_task_marker_dag.py
[2022-04-11 13:28:13,815] {processor.py:652} INFO - DAG(s) dict_keys(['example_external_task_marker_parent', 'example_external_task_marker_child']) retrieved from /home/airflow/.local/lib/python3.7/site-packages/airflow/example_dags/example_external_task_marker_dag.py
[2022-04-11 13:28:13,848] {logging_mixin.py:109} INFO - [2022-04-11 13:28:13,847] {dag.py:2398} INFO - Sync 2 DAGs
[2022-04-11 13:28:13,869] {logging_mixin.py:109} INFO - [2022-04-11 13:28:13,869] {dag.py:2937} INFO - Setting next_dagrun for example_external_task_marker_child to None
[2022-04-11 13:28:13,871] {logging_mixin.py:109} INFO - [2022-04-11 13:28:13,871] {dag.py:2937} INFO - Setting next_dagrun for example_external_task_marker_parent to None
[2022-04-11 13:28:13,883] {processor.py:171} INFO - Processing /home/airflow/.local/lib/python3.7/site-packages/airflow/example_dags/example_external_task_marker_dag.py took 0.100 seconds
[2022-04-11 13:28:44,180] {processor.py:163} INFO - Started process (PID=426) to work on /home/airflow/.local/lib/python3.7/site-packages/airflow/example_dags/example_external_task_marker_dag.py
[2022-04-11 13:28:44,187] {processor.py:642} INFO - Processing file /home/airflow/.local/lib/python3.7/site-packages/airflow/example_dags/example_external_task_marker_dag.py for tasks to queue
[2022-04-11 13:28:44,189] {logging_mixin.py:109} INFO - [2022-04-11 13:28:44,189] {dagbag.py:500} INFO - Filling up the DagBag from /home/airflow/.local/lib/python3.7/site-packages/airflow/example_dags/example_external_task_marker_dag.py
[2022-04-11 13:28:44,214] {processor.py:652} INFO - DAG(s) dict_keys(['example_external_task_marker_parent', 'example_external_task_marker_child']) retrieved from /home/airflow/.local/lib/python3.7/site-packages/airflow/example_dags/example_external_task_marker_dag.py
[2022-04-11 13:28:44,271] {logging_mixin.py:109} INFO - [2022-04-11 13:28:44,270] {dag.py:2398} INFO - Sync 2 DAGs
[2022-04-11 13:28:44,308] {logging_mixin.py:109} INFO - [2022-04-11 13:28:44,308] {dag.py:2937} INFO - Setting next_dagrun for example_external_task_marker_child to None
[2022-04-11 13:28:44,311] {logging_mixin.py:109} INFO - [2022-04-11 13:28:44,311] {dag.py:2937} INFO - Setting next_dagrun for example_external_task_marker_parent to None
[2022-04-11 13:28:44,338] {processor.py:171} INFO - Processing /home/airflow/.local/lib/python3.7/site-packages/airflow/example_dags/example_external_task_marker_dag.py took 0.182 seconds
[2022-04-11 13:29:15,217] {processor.py:163} INFO - Started process (PID=487) to work on /home/airflow/.local/lib/python3.7/site-packages/airflow/example_dags/example_external_task_marker_dag.py
[2022-04-11 13:29:15,220] {processor.py:642} INFO - Processing file /home/airflow/.local/lib/python3.7/site-packages/airflow/example_dags/example_external_task_marker_dag.py for tasks to queue
[2022-04-11 13:29:15,221] {logging_mixin.py:109} INFO - [2022-04-11 13:29:15,221] {dagbag.py:500} INFO - Filling up the DagBag from /home/airflow/.local/lib/python3.7/site-packages/airflow/example_dags/example_external_task_marker_dag.py
[2022-04-11 13:29:15,238] {processor.py:652} INFO - DAG(s) dict_keys(['example_external_task_marker_parent', 'example_external_task_marker_child']) retrieved from /home/airflow/.local/lib/python3.7/site-packages/airflow/example_dags/example_external_task_marker_dag.py
[2022-04-11 13:29:15,265] {logging_mixin.py:109} INFO - [2022-04-11 13:29:15,265] {dag.py:2398} INFO - Sync 2 DAGs
[2022-04-11 13:29:15,286] {logging_mixin.py:109} INFO - [2022-04-11 13:29:15,285] {dag.py:2937} INFO - Setting next_dagrun for example_external_task_marker_child to None
[2022-04-11 13:29:15,288] {logging_mixin.py:109} INFO - [2022-04-11 13:29:15,288] {dag.py:2937} INFO - Setting next_dagrun for example_external_task_marker_parent to None
[2022-04-11 13:29:15,300] {processor.py:171} INFO - Processing /home/airflow/.local/lib/python3.7/site-packages/airflow/example_dags/example_external_task_marker_dag.py took 0.087 seconds
[2022-04-11 13:29:45,724] {processor.py:163} INFO - Started process (PID=540) to work on /home/airflow/.local/lib/python3.7/site-packages/airflow/example_dags/example_external_task_marker_dag.py
[2022-04-11 13:29:45,726] {processor.py:642} INFO - Processing file /home/airflow/.local/lib/python3.7/site-packages/airflow/example_dags/example_external_task_marker_dag.py for tasks to queue
[2022-04-11 13:29:45,728] {logging_mixin.py:109} INFO - [2022-04-11 13:29:45,727] {dagbag.py:500} INFO - Filling up the DagBag from /home/airflow/.local/lib/python3.7/site-packages/airflow/example_dags/example_external_task_marker_dag.py
[2022-04-11 13:29:45,745] {processor.py:652} INFO - DAG(s) dict_keys(['example_external_task_marker_parent', 'example_external_task_marker_child']) retrieved from /home/airflow/.local/lib/python3.7/site-packages/airflow/example_dags/example_external_task_marker_dag.py
[2022-04-11 13:29:45,779] {logging_mixin.py:109} INFO - [2022-04-11 13:29:45,779] {dag.py:2398} INFO - Sync 2 DAGs
[2022-04-11 13:29:45,803] {logging_mixin.py:109} INFO - [2022-04-11 13:29:45,803] {dag.py:2937} INFO - Setting next_dagrun for example_external_task_marker_child to None
[2022-04-11 13:29:45,804] {logging_mixin.py:109} INFO - [2022-04-11 13:29:45,804] {dag.py:2937} INFO - Setting next_dagrun for example_external_task_marker_parent to None
[2022-04-11 13:29:45,822] {processor.py:171} INFO - Processing /home/airflow/.local/lib/python3.7/site-packages/airflow/example_dags/example_external_task_marker_dag.py took 0.103 seconds
[2022-04-11 13:30:16,274] {processor.py:163} INFO - Started process (PID=600) to work on /home/airflow/.local/lib/python3.7/site-packages/airflow/example_dags/example_external_task_marker_dag.py
[2022-04-11 13:30:16,276] {processor.py:642} INFO - Processing file /home/airflow/.local/lib/python3.7/site-packages/airflow/example_dags/example_external_task_marker_dag.py for tasks to queue
[2022-04-11 13:30:16,277] {logging_mixin.py:109} INFO - [2022-04-11 13:30:16,277] {dagbag.py:500} INFO - Filling up the DagBag from /home/airflow/.local/lib/python3.7/site-packages/airflow/example_dags/example_external_task_marker_dag.py
[2022-04-11 13:30:16,299] {processor.py:652} INFO - DAG(s) dict_keys(['example_external_task_marker_parent', 'example_external_task_marker_child']) retrieved from /home/airflow/.local/lib/python3.7/site-packages/airflow/example_dags/example_external_task_marker_dag.py
[2022-04-11 13:30:16,330] {logging_mixin.py:109} INFO - [2022-04-11 13:30:16,329] {dag.py:2398} INFO - Sync 2 DAGs
[2022-04-11 13:30:16,356] {logging_mixin.py:109} INFO - [2022-04-11 13:30:16,356] {dag.py:2937} INFO - Setting next_dagrun for example_external_task_marker_child to None
[2022-04-11 13:30:16,357] {logging_mixin.py:109} INFO - [2022-04-11 13:30:16,357] {dag.py:2937} INFO - Setting next_dagrun for example_external_task_marker_parent to None
[2022-04-11 13:30:16,373] {processor.py:171} INFO - Processing /home/airflow/.local/lib/python3.7/site-packages/airflow/example_dags/example_external_task_marker_dag.py took 0.103 seconds
[2022-04-11 13:30:46,952] {processor.py:163} INFO - Started process (PID=651) to work on /home/airflow/.local/lib/python3.7/site-packages/airflow/example_dags/example_external_task_marker_dag.py
[2022-04-11 13:30:46,954] {processor.py:642} INFO - Processing file /home/airflow/.local/lib/python3.7/site-packages/airflow/example_dags/example_external_task_marker_dag.py for tasks to queue
[2022-04-11 13:30:46,957] {logging_mixin.py:109} INFO - [2022-04-11 13:30:46,956] {dagbag.py:500} INFO - Filling up the DagBag from /home/airflow/.local/lib/python3.7/site-packages/airflow/example_dags/example_external_task_marker_dag.py
[2022-04-11 13:30:46,993] {processor.py:652} INFO - DAG(s) dict_keys(['example_external_task_marker_parent', 'example_external_task_marker_child']) retrieved from /home/airflow/.local/lib/python3.7/site-packages/airflow/example_dags/example_external_task_marker_dag.py
[2022-04-11 13:30:47,052] {logging_mixin.py:109} INFO - [2022-04-11 13:30:47,052] {dag.py:2398} INFO - Sync 2 DAGs
[2022-04-11 13:30:47,088] {logging_mixin.py:109} INFO - [2022-04-11 13:30:47,088] {dag.py:2937} INFO - Setting next_dagrun for example_external_task_marker_child to None
[2022-04-11 13:30:47,128] {logging_mixin.py:109} INFO - [2022-04-11 13:30:47,127] {dag.py:2937} INFO - Setting next_dagrun for example_external_task_marker_parent to None
[2022-04-11 13:30:47,243] {processor.py:171} INFO - Processing /home/airflow/.local/lib/python3.7/site-packages/airflow/example_dags/example_external_task_marker_dag.py took 0.299 seconds
[2022-04-11 13:31:17,719] {processor.py:163} INFO - Started process (PID=713) to work on /home/airflow/.local/lib/python3.7/site-packages/airflow/example_dags/example_external_task_marker_dag.py
[2022-04-11 13:31:17,722] {processor.py:642} INFO - Processing file /home/airflow/.local/lib/python3.7/site-packages/airflow/example_dags/example_external_task_marker_dag.py for tasks to queue
[2022-04-11 13:31:17,724] {logging_mixin.py:109} INFO - [2022-04-11 13:31:17,724] {dagbag.py:500} INFO - Filling up the DagBag from /home/airflow/.local/lib/python3.7/site-packages/airflow/example_dags/example_external_task_marker_dag.py
[2022-04-11 13:31:17,751] {processor.py:652} INFO - DAG(s) dict_keys(['example_external_task_marker_parent', 'example_external_task_marker_child']) retrieved from /home/airflow/.local/lib/python3.7/site-packages/airflow/example_dags/example_external_task_marker_dag.py
[2022-04-11 13:31:17,795] {logging_mixin.py:109} INFO - [2022-04-11 13:31:17,795] {dag.py:2398} INFO - Sync 2 DAGs
[2022-04-11 13:31:17,826] {logging_mixin.py:109} INFO - [2022-04-11 13:31:17,825] {dag.py:2937} INFO - Setting next_dagrun for example_external_task_marker_child to None
[2022-04-11 13:31:17,829] {logging_mixin.py:109} INFO - [2022-04-11 13:31:17,828] {dag.py:2937} INFO - Setting next_dagrun for example_external_task_marker_parent to None
[2022-04-11 13:31:17,870] {processor.py:171} INFO - Processing /home/airflow/.local/lib/python3.7/site-packages/airflow/example_dags/example_external_task_marker_dag.py took 0.156 seconds
[2022-04-11 13:31:48,001] {processor.py:163} INFO - Started process (PID=775) to work on /home/airflow/.local/lib/python3.7/site-packages/airflow/example_dags/example_external_task_marker_dag.py
[2022-04-11 13:31:48,003] {processor.py:642} INFO - Processing file /home/airflow/.local/lib/python3.7/site-packages/airflow/example_dags/example_external_task_marker_dag.py for tasks to queue
[2022-04-11 13:31:48,005] {logging_mixin.py:109} INFO - [2022-04-11 13:31:48,004] {dagbag.py:500} INFO - Filling up the DagBag from /home/airflow/.local/lib/python3.7/site-packages/airflow/example_dags/example_external_task_marker_dag.py
[2022-04-11 13:31:48,026] {processor.py:652} INFO - DAG(s) dict_keys(['example_external_task_marker_parent', 'example_external_task_marker_child']) retrieved from /home/airflow/.local/lib/python3.7/site-packages/airflow/example_dags/example_external_task_marker_dag.py
[2022-04-11 13:31:48,064] {logging_mixin.py:109} INFO - [2022-04-11 13:31:48,064] {dag.py:2398} INFO - Sync 2 DAGs
[2022-04-11 13:31:48,086] {logging_mixin.py:109} INFO - [2022-04-11 13:31:48,086] {dag.py:2937} INFO - Setting next_dagrun for example_external_task_marker_child to None
[2022-04-11 13:31:48,087] {logging_mixin.py:109} INFO - [2022-04-11 13:31:48,087] {dag.py:2937} INFO - Setting next_dagrun for example_external_task_marker_parent to None
[2022-04-11 13:31:48,098] {processor.py:171} INFO - Processing /home/airflow/.local/lib/python3.7/site-packages/airflow/example_dags/example_external_task_marker_dag.py took 0.103 seconds
[2022-04-11 13:32:18,175] {processor.py:163} INFO - Started process (PID=837) to work on /home/airflow/.local/lib/python3.7/site-packages/airflow/example_dags/example_external_task_marker_dag.py
[2022-04-11 13:32:18,179] {processor.py:642} INFO - Processing file /home/airflow/.local/lib/python3.7/site-packages/airflow/example_dags/example_external_task_marker_dag.py for tasks to queue
[2022-04-11 13:32:18,183] {logging_mixin.py:109} INFO - [2022-04-11 13:32:18,183] {dagbag.py:500} INFO - Filling up the DagBag from /home/airflow/.local/lib/python3.7/site-packages/airflow/example_dags/example_external_task_marker_dag.py
[2022-04-11 13:32:18,222] {processor.py:652} INFO - DAG(s) dict_keys(['example_external_task_marker_parent', 'example_external_task_marker_child']) retrieved from /home/airflow/.local/lib/python3.7/site-packages/airflow/example_dags/example_external_task_marker_dag.py
[2022-04-11 13:32:18,271] {logging_mixin.py:109} INFO - [2022-04-11 13:32:18,271] {dag.py:2398} INFO - Sync 2 DAGs
[2022-04-11 13:32:18,324] {logging_mixin.py:109} INFO - [2022-04-11 13:32:18,324] {dag.py:2937} INFO - Setting next_dagrun for example_external_task_marker_child to None
[2022-04-11 13:32:18,326] {logging_mixin.py:109} INFO - [2022-04-11 13:32:18,326] {dag.py:2937} INFO - Setting next_dagrun for example_external_task_marker_parent to None
[2022-04-11 13:32:18,360] {processor.py:171} INFO - Processing /home/airflow/.local/lib/python3.7/site-packages/airflow/example_dags/example_external_task_marker_dag.py took 0.192 seconds
[2022-04-11 13:32:48,899] {processor.py:163} INFO - Started process (PID=889) to work on /home/airflow/.local/lib/python3.7/site-packages/airflow/example_dags/example_external_task_marker_dag.py
[2022-04-11 13:32:48,900] {processor.py:642} INFO - Processing file /home/airflow/.local/lib/python3.7/site-packages/airflow/example_dags/example_external_task_marker_dag.py for tasks to queue
[2022-04-11 13:32:48,902] {logging_mixin.py:109} INFO - [2022-04-11 13:32:48,902] {dagbag.py:500} INFO - Filling up the DagBag from /home/airflow/.local/lib/python3.7/site-packages/airflow/example_dags/example_external_task_marker_dag.py
[2022-04-11 13:32:48,921] {processor.py:652} INFO - DAG(s) dict_keys(['example_external_task_marker_parent', 'example_external_task_marker_child']) retrieved from /home/airflow/.local/lib/python3.7/site-packages/airflow/example_dags/example_external_task_marker_dag.py
[2022-04-11 13:32:48,953] {logging_mixin.py:109} INFO - [2022-04-11 13:32:48,953] {dag.py:2398} INFO - Sync 2 DAGs
[2022-04-11 13:32:48,975] {logging_mixin.py:109} INFO - [2022-04-11 13:32:48,975] {dag.py:2937} INFO - Setting next_dagrun for example_external_task_marker_child to None
[2022-04-11 13:32:48,976] {logging_mixin.py:109} INFO - [2022-04-11 13:32:48,976] {dag.py:2937} INFO - Setting next_dagrun for example_external_task_marker_parent to None
[2022-04-11 13:32:48,989] {processor.py:171} INFO - Processing /home/airflow/.local/lib/python3.7/site-packages/airflow/example_dags/example_external_task_marker_dag.py took 0.095 seconds
[2022-04-11 13:33:19,433] {processor.py:163} INFO - Started process (PID=950) to work on /home/airflow/.local/lib/python3.7/site-packages/airflow/example_dags/example_external_task_marker_dag.py
[2022-04-11 13:33:19,434] {processor.py:642} INFO - Processing file /home/airflow/.local/lib/python3.7/site-packages/airflow/example_dags/example_external_task_marker_dag.py for tasks to queue
[2022-04-11 13:33:19,436] {logging_mixin.py:109} INFO - [2022-04-11 13:33:19,435] {dagbag.py:500} INFO - Filling up the DagBag from /home/airflow/.local/lib/python3.7/site-packages/airflow/example_dags/example_external_task_marker_dag.py
[2022-04-11 13:33:19,454] {processor.py:652} INFO - DAG(s) dict_keys(['example_external_task_marker_parent', 'example_external_task_marker_child']) retrieved from /home/airflow/.local/lib/python3.7/site-packages/airflow/example_dags/example_external_task_marker_dag.py
[2022-04-11 13:33:19,496] {logging_mixin.py:109} INFO - [2022-04-11 13:33:19,493] {dag.py:2398} INFO - Sync 2 DAGs
[2022-04-11 13:33:19,521] {logging_mixin.py:109} INFO - [2022-04-11 13:33:19,521] {dag.py:2937} INFO - Setting next_dagrun for example_external_task_marker_child to None
[2022-04-11 13:33:19,522] {logging_mixin.py:109} INFO - [2022-04-11 13:33:19,522] {dag.py:2937} INFO - Setting next_dagrun for example_external_task_marker_parent to None
[2022-04-11 13:33:19,534] {processor.py:171} INFO - Processing /home/airflow/.local/lib/python3.7/site-packages/airflow/example_dags/example_external_task_marker_dag.py took 0.105 seconds
[2022-04-11 13:33:50,348] {processor.py:163} INFO - Started process (PID=1001) to work on /home/airflow/.local/lib/python3.7/site-packages/airflow/example_dags/example_external_task_marker_dag.py
[2022-04-11 13:33:50,350] {processor.py:642} INFO - Processing file /home/airflow/.local/lib/python3.7/site-packages/airflow/example_dags/example_external_task_marker_dag.py for tasks to queue
[2022-04-11 13:33:50,352] {logging_mixin.py:109} INFO - [2022-04-11 13:33:50,352] {dagbag.py:500} INFO - Filling up the DagBag from /home/airflow/.local/lib/python3.7/site-packages/airflow/example_dags/example_external_task_marker_dag.py
[2022-04-11 13:33:50,372] {processor.py:652} INFO - DAG(s) dict_keys(['example_external_task_marker_parent', 'example_external_task_marker_child']) retrieved from /home/airflow/.local/lib/python3.7/site-packages/airflow/example_dags/example_external_task_marker_dag.py
[2022-04-11 13:33:50,403] {logging_mixin.py:109} INFO - [2022-04-11 13:33:50,403] {dag.py:2398} INFO - Sync 2 DAGs
[2022-04-11 13:33:50,423] {logging_mixin.py:109} INFO - [2022-04-11 13:33:50,423] {dag.py:2937} INFO - Setting next_dagrun for example_external_task_marker_child to None
[2022-04-11 13:33:50,424] {logging_mixin.py:109} INFO - [2022-04-11 13:33:50,424] {dag.py:2937} INFO - Setting next_dagrun for example_external_task_marker_parent to None
[2022-04-11 13:33:50,437] {processor.py:171} INFO - Processing /home/airflow/.local/lib/python3.7/site-packages/airflow/example_dags/example_external_task_marker_dag.py took 0.094 seconds
[2022-04-11 13:34:21,297] {processor.py:163} INFO - Started process (PID=1061) to work on /home/airflow/.local/lib/python3.7/site-packages/airflow/example_dags/example_external_task_marker_dag.py
[2022-04-11 13:34:21,301] {processor.py:642} INFO - Processing file /home/airflow/.local/lib/python3.7/site-packages/airflow/example_dags/example_external_task_marker_dag.py for tasks to queue
[2022-04-11 13:34:21,304] {logging_mixin.py:109} INFO - [2022-04-11 13:34:21,304] {dagbag.py:500} INFO - Filling up the DagBag from /home/airflow/.local/lib/python3.7/site-packages/airflow/example_dags/example_external_task_marker_dag.py
[2022-04-11 13:34:21,348] {processor.py:652} INFO - DAG(s) dict_keys(['example_external_task_marker_parent', 'example_external_task_marker_child']) retrieved from /home/airflow/.local/lib/python3.7/site-packages/airflow/example_dags/example_external_task_marker_dag.py
[2022-04-11 13:34:21,418] {logging_mixin.py:109} INFO - [2022-04-11 13:34:21,418] {dag.py:2398} INFO - Sync 2 DAGs
[2022-04-11 13:34:21,467] {logging_mixin.py:109} INFO - [2022-04-11 13:34:21,467] {dag.py:2937} INFO - Setting next_dagrun for example_external_task_marker_child to None
[2022-04-11 13:34:21,468] {logging_mixin.py:109} INFO - [2022-04-11 13:34:21,468] {dag.py:2937} INFO - Setting next_dagrun for example_external_task_marker_parent to None
[2022-04-11 13:34:21,513] {processor.py:171} INFO - Processing /home/airflow/.local/lib/python3.7/site-packages/airflow/example_dags/example_external_task_marker_dag.py took 0.223 seconds
[2022-04-11 13:34:51,668] {processor.py:163} INFO - Started process (PID=1116) to work on /home/airflow/.local/lib/python3.7/site-packages/airflow/example_dags/example_external_task_marker_dag.py
[2022-04-11 13:34:51,670] {processor.py:642} INFO - Processing file /home/airflow/.local/lib/python3.7/site-packages/airflow/example_dags/example_external_task_marker_dag.py for tasks to queue
[2022-04-11 13:34:51,672] {logging_mixin.py:109} INFO - [2022-04-11 13:34:51,672] {dagbag.py:500} INFO - Filling up the DagBag from /home/airflow/.local/lib/python3.7/site-packages/airflow/example_dags/example_external_task_marker_dag.py
[2022-04-11 13:34:51,694] {processor.py:652} INFO - DAG(s) dict_keys(['example_external_task_marker_parent', 'example_external_task_marker_child']) retrieved from /home/airflow/.local/lib/python3.7/site-packages/airflow/example_dags/example_external_task_marker_dag.py
[2022-04-11 13:34:51,727] {logging_mixin.py:109} INFO - [2022-04-11 13:34:51,726] {dag.py:2398} INFO - Sync 2 DAGs
[2022-04-11 13:34:51,748] {logging_mixin.py:109} INFO - [2022-04-11 13:34:51,748] {dag.py:2937} INFO - Setting next_dagrun for example_external_task_marker_child to None
[2022-04-11 13:34:51,749] {logging_mixin.py:109} INFO - [2022-04-11 13:34:51,749] {dag.py:2937} INFO - Setting next_dagrun for example_external_task_marker_parent to None
[2022-04-11 13:34:51,761] {processor.py:171} INFO - Processing /home/airflow/.local/lib/python3.7/site-packages/airflow/example_dags/example_external_task_marker_dag.py took 0.099 seconds
[2022-04-11 13:35:22,007] {processor.py:163} INFO - Started process (PID=1167) to work on /home/airflow/.local/lib/python3.7/site-packages/airflow/example_dags/example_external_task_marker_dag.py
[2022-04-11 13:35:22,009] {processor.py:642} INFO - Processing file /home/airflow/.local/lib/python3.7/site-packages/airflow/example_dags/example_external_task_marker_dag.py for tasks to queue
[2022-04-11 13:35:22,010] {logging_mixin.py:109} INFO - [2022-04-11 13:35:22,010] {dagbag.py:500} INFO - Filling up the DagBag from /home/airflow/.local/lib/python3.7/site-packages/airflow/example_dags/example_external_task_marker_dag.py
[2022-04-11 13:35:22,031] {processor.py:652} INFO - DAG(s) dict_keys(['example_external_task_marker_parent', 'example_external_task_marker_child']) retrieved from /home/airflow/.local/lib/python3.7/site-packages/airflow/example_dags/example_external_task_marker_dag.py
[2022-04-11 13:35:22,072] {logging_mixin.py:109} INFO - [2022-04-11 13:35:22,071] {dag.py:2398} INFO - Sync 2 DAGs
[2022-04-11 13:35:22,095] {logging_mixin.py:109} INFO - [2022-04-11 13:35:22,095] {dag.py:2937} INFO - Setting next_dagrun for example_external_task_marker_child to None
[2022-04-11 13:35:22,096] {logging_mixin.py:109} INFO - [2022-04-11 13:35:22,096] {dag.py:2937} INFO - Setting next_dagrun for example_external_task_marker_parent to None
[2022-04-11 13:35:22,111] {processor.py:171} INFO - Processing /home/airflow/.local/lib/python3.7/site-packages/airflow/example_dags/example_external_task_marker_dag.py took 0.109 seconds
[2022-04-11 13:35:52,516] {processor.py:163} INFO - Started process (PID=1229) to work on /home/airflow/.local/lib/python3.7/site-packages/airflow/example_dags/example_external_task_marker_dag.py
[2022-04-11 13:35:52,518] {processor.py:642} INFO - Processing file /home/airflow/.local/lib/python3.7/site-packages/airflow/example_dags/example_external_task_marker_dag.py for tasks to queue
[2022-04-11 13:35:52,519] {logging_mixin.py:109} INFO - [2022-04-11 13:35:52,519] {dagbag.py:500} INFO - Filling up the DagBag from /home/airflow/.local/lib/python3.7/site-packages/airflow/example_dags/example_external_task_marker_dag.py
[2022-04-11 13:35:52,548] {processor.py:652} INFO - DAG(s) dict_keys(['example_external_task_marker_parent', 'example_external_task_marker_child']) retrieved from /home/airflow/.local/lib/python3.7/site-packages/airflow/example_dags/example_external_task_marker_dag.py
[2022-04-11 13:35:52,591] {logging_mixin.py:109} INFO - [2022-04-11 13:35:52,591] {dag.py:2398} INFO - Sync 2 DAGs
[2022-04-11 13:35:52,637] {logging_mixin.py:109} INFO - [2022-04-11 13:35:52,637] {dag.py:2937} INFO - Setting next_dagrun for example_external_task_marker_child to None
[2022-04-11 13:35:52,639] {logging_mixin.py:109} INFO - [2022-04-11 13:35:52,639] {dag.py:2937} INFO - Setting next_dagrun for example_external_task_marker_parent to None
[2022-04-11 13:35:52,658] {processor.py:171} INFO - Processing /home/airflow/.local/lib/python3.7/site-packages/airflow/example_dags/example_external_task_marker_dag.py took 0.147 seconds
[2022-04-11 13:36:22,906] {processor.py:163} INFO - Started process (PID=1281) to work on /home/airflow/.local/lib/python3.7/site-packages/airflow/example_dags/example_external_task_marker_dag.py
[2022-04-11 13:36:22,908] {processor.py:642} INFO - Processing file /home/airflow/.local/lib/python3.7/site-packages/airflow/example_dags/example_external_task_marker_dag.py for tasks to queue
[2022-04-11 13:36:22,909] {logging_mixin.py:109} INFO - [2022-04-11 13:36:22,909] {dagbag.py:500} INFO - Filling up the DagBag from /home/airflow/.local/lib/python3.7/site-packages/airflow/example_dags/example_external_task_marker_dag.py
[2022-04-11 13:36:22,930] {processor.py:652} INFO - DAG(s) dict_keys(['example_external_task_marker_parent', 'example_external_task_marker_child']) retrieved from /home/airflow/.local/lib/python3.7/site-packages/airflow/example_dags/example_external_task_marker_dag.py
[2022-04-11 13:36:22,961] {logging_mixin.py:109} INFO - [2022-04-11 13:36:22,961] {dag.py:2398} INFO - Sync 2 DAGs
[2022-04-11 13:36:22,986] {logging_mixin.py:109} INFO - [2022-04-11 13:36:22,986] {dag.py:2937} INFO - Setting next_dagrun for example_external_task_marker_child to None
[2022-04-11 13:36:22,987] {logging_mixin.py:109} INFO - [2022-04-11 13:36:22,987] {dag.py:2937} INFO - Setting next_dagrun for example_external_task_marker_parent to None
[2022-04-11 13:36:22,999] {processor.py:171} INFO - Processing /home/airflow/.local/lib/python3.7/site-packages/airflow/example_dags/example_external_task_marker_dag.py took 0.097 seconds
[2022-04-11 13:36:53,272] {processor.py:163} INFO - Started process (PID=1347) to work on /home/airflow/.local/lib/python3.7/site-packages/airflow/example_dags/example_external_task_marker_dag.py
[2022-04-11 13:36:53,274] {processor.py:642} INFO - Processing file /home/airflow/.local/lib/python3.7/site-packages/airflow/example_dags/example_external_task_marker_dag.py for tasks to queue
[2022-04-11 13:36:53,276] {logging_mixin.py:109} INFO - [2022-04-11 13:36:53,275] {dagbag.py:500} INFO - Filling up the DagBag from /home/airflow/.local/lib/python3.7/site-packages/airflow/example_dags/example_external_task_marker_dag.py
[2022-04-11 13:36:53,295] {processor.py:652} INFO - DAG(s) dict_keys(['example_external_task_marker_parent', 'example_external_task_marker_child']) retrieved from /home/airflow/.local/lib/python3.7/site-packages/airflow/example_dags/example_external_task_marker_dag.py
[2022-04-11 13:36:53,328] {logging_mixin.py:109} INFO - [2022-04-11 13:36:53,328] {dag.py:2398} INFO - Sync 2 DAGs
[2022-04-11 13:36:53,350] {logging_mixin.py:109} INFO - [2022-04-11 13:36:53,350] {dag.py:2937} INFO - Setting next_dagrun for example_external_task_marker_child to None
[2022-04-11 13:36:53,351] {logging_mixin.py:109} INFO - [2022-04-11 13:36:53,351] {dag.py:2937} INFO - Setting next_dagrun for example_external_task_marker_parent to None
[2022-04-11 13:36:53,363] {processor.py:171} INFO - Processing /home/airflow/.local/lib/python3.7/site-packages/airflow/example_dags/example_external_task_marker_dag.py took 0.096 seconds
[2022-04-11 13:37:23,972] {processor.py:163} INFO - Started process (PID=1399) to work on /home/airflow/.local/lib/python3.7/site-packages/airflow/example_dags/example_external_task_marker_dag.py
[2022-04-11 13:37:23,974] {processor.py:642} INFO - Processing file /home/airflow/.local/lib/python3.7/site-packages/airflow/example_dags/example_external_task_marker_dag.py for tasks to queue
[2022-04-11 13:37:23,975] {logging_mixin.py:109} INFO - [2022-04-11 13:37:23,975] {dagbag.py:500} INFO - Filling up the DagBag from /home/airflow/.local/lib/python3.7/site-packages/airflow/example_dags/example_external_task_marker_dag.py
[2022-04-11 13:37:23,995] {processor.py:652} INFO - DAG(s) dict_keys(['example_external_task_marker_parent', 'example_external_task_marker_child']) retrieved from /home/airflow/.local/lib/python3.7/site-packages/airflow/example_dags/example_external_task_marker_dag.py
[2022-04-11 13:37:24,024] {logging_mixin.py:109} INFO - [2022-04-11 13:37:24,024] {dag.py:2398} INFO - Sync 2 DAGs
[2022-04-11 13:37:24,049] {logging_mixin.py:109} INFO - [2022-04-11 13:37:24,049] {dag.py:2937} INFO - Setting next_dagrun for example_external_task_marker_child to None
[2022-04-11 13:37:24,050] {logging_mixin.py:109} INFO - [2022-04-11 13:37:24,050] {dag.py:2937} INFO - Setting next_dagrun for example_external_task_marker_parent to None
[2022-04-11 13:37:24,063] {processor.py:171} INFO - Processing /home/airflow/.local/lib/python3.7/site-packages/airflow/example_dags/example_external_task_marker_dag.py took 0.095 seconds
[2022-04-11 13:37:54,912] {processor.py:163} INFO - Started process (PID=1462) to work on /home/airflow/.local/lib/python3.7/site-packages/airflow/example_dags/example_external_task_marker_dag.py
[2022-04-11 13:37:54,914] {processor.py:642} INFO - Processing file /home/airflow/.local/lib/python3.7/site-packages/airflow/example_dags/example_external_task_marker_dag.py for tasks to queue
[2022-04-11 13:37:54,915] {logging_mixin.py:109} INFO - [2022-04-11 13:37:54,915] {dagbag.py:500} INFO - Filling up the DagBag from /home/airflow/.local/lib/python3.7/site-packages/airflow/example_dags/example_external_task_marker_dag.py
[2022-04-11 13:37:54,936] {processor.py:652} INFO - DAG(s) dict_keys(['example_external_task_marker_parent', 'example_external_task_marker_child']) retrieved from /home/airflow/.local/lib/python3.7/site-packages/airflow/example_dags/example_external_task_marker_dag.py
[2022-04-11 13:37:54,981] {logging_mixin.py:109} INFO - [2022-04-11 13:37:54,981] {dag.py:2398} INFO - Sync 2 DAGs
[2022-04-11 13:37:55,004] {logging_mixin.py:109} INFO - [2022-04-11 13:37:55,004] {dag.py:2937} INFO - Setting next_dagrun for example_external_task_marker_child to None
[2022-04-11 13:37:55,005] {logging_mixin.py:109} INFO - [2022-04-11 13:37:55,005] {dag.py:2937} INFO - Setting next_dagrun for example_external_task_marker_parent to None
[2022-04-11 13:37:55,017] {processor.py:171} INFO - Processing /home/airflow/.local/lib/python3.7/site-packages/airflow/example_dags/example_external_task_marker_dag.py took 0.109 seconds
[2022-04-11 13:38:25,545] {processor.py:163} INFO - Started process (PID=1514) to work on /home/airflow/.local/lib/python3.7/site-packages/airflow/example_dags/example_external_task_marker_dag.py
[2022-04-11 13:38:25,547] {processor.py:642} INFO - Processing file /home/airflow/.local/lib/python3.7/site-packages/airflow/example_dags/example_external_task_marker_dag.py for tasks to queue
[2022-04-11 13:38:25,549] {logging_mixin.py:109} INFO - [2022-04-11 13:38:25,549] {dagbag.py:500} INFO - Filling up the DagBag from /home/airflow/.local/lib/python3.7/site-packages/airflow/example_dags/example_external_task_marker_dag.py
[2022-04-11 13:38:25,566] {processor.py:652} INFO - DAG(s) dict_keys(['example_external_task_marker_parent', 'example_external_task_marker_child']) retrieved from /home/airflow/.local/lib/python3.7/site-packages/airflow/example_dags/example_external_task_marker_dag.py
[2022-04-11 13:38:25,598] {logging_mixin.py:109} INFO - [2022-04-11 13:38:25,598] {dag.py:2398} INFO - Sync 2 DAGs
[2022-04-11 13:38:25,619] {logging_mixin.py:109} INFO - [2022-04-11 13:38:25,619] {dag.py:2937} INFO - Setting next_dagrun for example_external_task_marker_child to None
[2022-04-11 13:38:25,620] {logging_mixin.py:109} INFO - [2022-04-11 13:38:25,619] {dag.py:2937} INFO - Setting next_dagrun for example_external_task_marker_parent to None
[2022-04-11 13:38:25,633] {processor.py:171} INFO - Processing /home/airflow/.local/lib/python3.7/site-packages/airflow/example_dags/example_external_task_marker_dag.py took 0.092 seconds
[2022-04-11 13:38:56,223] {processor.py:163} INFO - Started process (PID=1576) to work on /home/airflow/.local/lib/python3.7/site-packages/airflow/example_dags/example_external_task_marker_dag.py
[2022-04-11 13:38:56,226] {processor.py:642} INFO - Processing file /home/airflow/.local/lib/python3.7/site-packages/airflow/example_dags/example_external_task_marker_dag.py for tasks to queue
[2022-04-11 13:38:56,227] {logging_mixin.py:109} INFO - [2022-04-11 13:38:56,227] {dagbag.py:500} INFO - Filling up the DagBag from /home/airflow/.local/lib/python3.7/site-packages/airflow/example_dags/example_external_task_marker_dag.py
[2022-04-11 13:38:56,249] {processor.py:652} INFO - DAG(s) dict_keys(['example_external_task_marker_parent', 'example_external_task_marker_child']) retrieved from /home/airflow/.local/lib/python3.7/site-packages/airflow/example_dags/example_external_task_marker_dag.py
[2022-04-11 13:38:56,281] {logging_mixin.py:109} INFO - [2022-04-11 13:38:56,281] {dag.py:2398} INFO - Sync 2 DAGs
[2022-04-11 13:38:56,308] {logging_mixin.py:109} INFO - [2022-04-11 13:38:56,308] {dag.py:2937} INFO - Setting next_dagrun for example_external_task_marker_child to None
[2022-04-11 13:38:56,309] {logging_mixin.py:109} INFO - [2022-04-11 13:38:56,309] {dag.py:2937} INFO - Setting next_dagrun for example_external_task_marker_parent to None
[2022-04-11 13:38:56,323] {processor.py:171} INFO - Processing /home/airflow/.local/lib/python3.7/site-packages/airflow/example_dags/example_external_task_marker_dag.py took 0.104 seconds
[2022-04-11 13:39:26,497] {processor.py:163} INFO - Started process (PID=1628) to work on /home/airflow/.local/lib/python3.7/site-packages/airflow/example_dags/example_external_task_marker_dag.py
[2022-04-11 13:39:26,500] {processor.py:642} INFO - Processing file /home/airflow/.local/lib/python3.7/site-packages/airflow/example_dags/example_external_task_marker_dag.py for tasks to queue
[2022-04-11 13:39:26,501] {logging_mixin.py:109} INFO - [2022-04-11 13:39:26,501] {dagbag.py:500} INFO - Filling up the DagBag from /home/airflow/.local/lib/python3.7/site-packages/airflow/example_dags/example_external_task_marker_dag.py
[2022-04-11 13:39:26,523] {processor.py:652} INFO - DAG(s) dict_keys(['example_external_task_marker_parent', 'example_external_task_marker_child']) retrieved from /home/airflow/.local/lib/python3.7/site-packages/airflow/example_dags/example_external_task_marker_dag.py
[2022-04-11 13:39:26,558] {logging_mixin.py:109} INFO - [2022-04-11 13:39:26,558] {dag.py:2398} INFO - Sync 2 DAGs
[2022-04-11 13:39:26,580] {logging_mixin.py:109} INFO - [2022-04-11 13:39:26,580] {dag.py:2937} INFO - Setting next_dagrun for example_external_task_marker_child to None
[2022-04-11 13:39:26,582] {logging_mixin.py:109} INFO - [2022-04-11 13:39:26,582] {dag.py:2937} INFO - Setting next_dagrun for example_external_task_marker_parent to None
[2022-04-11 13:39:26,593] {processor.py:171} INFO - Processing /home/airflow/.local/lib/python3.7/site-packages/airflow/example_dags/example_external_task_marker_dag.py took 0.100 seconds
[2022-04-11 13:39:56,889] {processor.py:163} INFO - Started process (PID=1679) to work on /home/airflow/.local/lib/python3.7/site-packages/airflow/example_dags/example_external_task_marker_dag.py
[2022-04-11 13:39:56,891] {processor.py:642} INFO - Processing file /home/airflow/.local/lib/python3.7/site-packages/airflow/example_dags/example_external_task_marker_dag.py for tasks to queue
[2022-04-11 13:39:56,892] {logging_mixin.py:109} INFO - [2022-04-11 13:39:56,892] {dagbag.py:500} INFO - Filling up the DagBag from /home/airflow/.local/lib/python3.7/site-packages/airflow/example_dags/example_external_task_marker_dag.py
[2022-04-11 13:39:56,925] {processor.py:652} INFO - DAG(s) dict_keys(['example_external_task_marker_parent', 'example_external_task_marker_child']) retrieved from /home/airflow/.local/lib/python3.7/site-packages/airflow/example_dags/example_external_task_marker_dag.py
[2022-04-11 13:39:56,963] {logging_mixin.py:109} INFO - [2022-04-11 13:39:56,963] {dag.py:2398} INFO - Sync 2 DAGs
[2022-04-11 13:39:57,005] {logging_mixin.py:109} INFO - [2022-04-11 13:39:57,005] {dag.py:2937} INFO - Setting next_dagrun for example_external_task_marker_child to None
[2022-04-11 13:39:57,006] {logging_mixin.py:109} INFO - [2022-04-11 13:39:57,006] {dag.py:2937} INFO - Setting next_dagrun for example_external_task_marker_parent to None
[2022-04-11 13:39:57,024] {processor.py:171} INFO - Processing /home/airflow/.local/lib/python3.7/site-packages/airflow/example_dags/example_external_task_marker_dag.py took 0.141 seconds
[2022-04-11 13:40:27,423] {processor.py:163} INFO - Started process (PID=1742) to work on /home/airflow/.local/lib/python3.7/site-packages/airflow/example_dags/example_external_task_marker_dag.py
[2022-04-11 13:40:27,425] {processor.py:642} INFO - Processing file /home/airflow/.local/lib/python3.7/site-packages/airflow/example_dags/example_external_task_marker_dag.py for tasks to queue
[2022-04-11 13:40:27,427] {logging_mixin.py:109} INFO - [2022-04-11 13:40:27,427] {dagbag.py:500} INFO - Filling up the DagBag from /home/airflow/.local/lib/python3.7/site-packages/airflow/example_dags/example_external_task_marker_dag.py
[2022-04-11 13:40:27,448] {processor.py:652} INFO - DAG(s) dict_keys(['example_external_task_marker_parent', 'example_external_task_marker_child']) retrieved from /home/airflow/.local/lib/python3.7/site-packages/airflow/example_dags/example_external_task_marker_dag.py
[2022-04-11 13:40:27,487] {logging_mixin.py:109} INFO - [2022-04-11 13:40:27,487] {dag.py:2398} INFO - Sync 2 DAGs
[2022-04-11 13:40:27,512] {logging_mixin.py:109} INFO - [2022-04-11 13:40:27,512] {dag.py:2937} INFO - Setting next_dagrun for example_external_task_marker_child to None
[2022-04-11 13:40:27,514] {logging_mixin.py:109} INFO - [2022-04-11 13:40:27,513] {dag.py:2937} INFO - Setting next_dagrun for example_external_task_marker_parent to None
[2022-04-11 13:40:27,531] {processor.py:171} INFO - Processing /home/airflow/.local/lib/python3.7/site-packages/airflow/example_dags/example_external_task_marker_dag.py took 0.113 seconds
[2022-04-11 13:40:57,885] {processor.py:163} INFO - Started process (PID=1796) to work on /home/airflow/.local/lib/python3.7/site-packages/airflow/example_dags/example_external_task_marker_dag.py
[2022-04-11 13:40:57,887] {processor.py:642} INFO - Processing file /home/airflow/.local/lib/python3.7/site-packages/airflow/example_dags/example_external_task_marker_dag.py for tasks to queue
[2022-04-11 13:40:57,888] {logging_mixin.py:109} INFO - [2022-04-11 13:40:57,888] {dagbag.py:500} INFO - Filling up the DagBag from /home/airflow/.local/lib/python3.7/site-packages/airflow/example_dags/example_external_task_marker_dag.py
[2022-04-11 13:40:57,907] {processor.py:652} INFO - DAG(s) dict_keys(['example_external_task_marker_parent', 'example_external_task_marker_child']) retrieved from /home/airflow/.local/lib/python3.7/site-packages/airflow/example_dags/example_external_task_marker_dag.py
[2022-04-11 13:40:57,934] {logging_mixin.py:109} INFO - [2022-04-11 13:40:57,934] {dag.py:2398} INFO - Sync 2 DAGs
[2022-04-11 13:40:57,953] {logging_mixin.py:109} INFO - [2022-04-11 13:40:57,953] {dag.py:2937} INFO - Setting next_dagrun for example_external_task_marker_child to None
[2022-04-11 13:40:57,954] {logging_mixin.py:109} INFO - [2022-04-11 13:40:57,954] {dag.py:2937} INFO - Setting next_dagrun for example_external_task_marker_parent to None
[2022-04-11 13:40:57,965] {processor.py:171} INFO - Processing /home/airflow/.local/lib/python3.7/site-packages/airflow/example_dags/example_external_task_marker_dag.py took 0.084 seconds
[2022-04-11 13:41:28,516] {processor.py:163} INFO - Started process (PID=1859) to work on /home/airflow/.local/lib/python3.7/site-packages/airflow/example_dags/example_external_task_marker_dag.py
[2022-04-11 13:41:28,518] {processor.py:642} INFO - Processing file /home/airflow/.local/lib/python3.7/site-packages/airflow/example_dags/example_external_task_marker_dag.py for tasks to queue
[2022-04-11 13:41:28,520] {logging_mixin.py:109} INFO - [2022-04-11 13:41:28,520] {dagbag.py:500} INFO - Filling up the DagBag from /home/airflow/.local/lib/python3.7/site-packages/airflow/example_dags/example_external_task_marker_dag.py
[2022-04-11 13:41:28,544] {processor.py:652} INFO - DAG(s) dict_keys(['example_external_task_marker_parent', 'example_external_task_marker_child']) retrieved from /home/airflow/.local/lib/python3.7/site-packages/airflow/example_dags/example_external_task_marker_dag.py
[2022-04-11 13:41:28,584] {logging_mixin.py:109} INFO - [2022-04-11 13:41:28,583] {dag.py:2398} INFO - Sync 2 DAGs
[2022-04-11 13:41:28,606] {logging_mixin.py:109} INFO - [2022-04-11 13:41:28,606] {dag.py:2937} INFO - Setting next_dagrun for example_external_task_marker_child to None
[2022-04-11 13:41:28,607] {logging_mixin.py:109} INFO - [2022-04-11 13:41:28,607] {dag.py:2937} INFO - Setting next_dagrun for example_external_task_marker_parent to None
[2022-04-11 13:41:28,632] {processor.py:171} INFO - Processing /home/airflow/.local/lib/python3.7/site-packages/airflow/example_dags/example_external_task_marker_dag.py took 0.122 seconds
[2022-04-11 13:41:59,133] {processor.py:163} INFO - Started process (PID=1911) to work on /home/airflow/.local/lib/python3.7/site-packages/airflow/example_dags/example_external_task_marker_dag.py
[2022-04-11 13:41:59,136] {processor.py:642} INFO - Processing file /home/airflow/.local/lib/python3.7/site-packages/airflow/example_dags/example_external_task_marker_dag.py for tasks to queue
[2022-04-11 13:41:59,138] {logging_mixin.py:109} INFO - [2022-04-11 13:41:59,137] {dagbag.py:500} INFO - Filling up the DagBag from /home/airflow/.local/lib/python3.7/site-packages/airflow/example_dags/example_external_task_marker_dag.py
[2022-04-11 13:41:59,173] {processor.py:652} INFO - DAG(s) dict_keys(['example_external_task_marker_parent', 'example_external_task_marker_child']) retrieved from /home/airflow/.local/lib/python3.7/site-packages/airflow/example_dags/example_external_task_marker_dag.py
[2022-04-11 13:41:59,212] {logging_mixin.py:109} INFO - [2022-04-11 13:41:59,212] {dag.py:2398} INFO - Sync 2 DAGs
[2022-04-11 13:41:59,241] {logging_mixin.py:109} INFO - [2022-04-11 13:41:59,241] {dag.py:2937} INFO - Setting next_dagrun for example_external_task_marker_child to None
[2022-04-11 13:41:59,243] {logging_mixin.py:109} INFO - [2022-04-11 13:41:59,242] {dag.py:2937} INFO - Setting next_dagrun for example_external_task_marker_parent to None
[2022-04-11 13:41:59,269] {processor.py:171} INFO - Processing /home/airflow/.local/lib/python3.7/site-packages/airflow/example_dags/example_external_task_marker_dag.py took 0.141 seconds
[2022-04-11 13:42:29,307] {processor.py:163} INFO - Started process (PID=1963) to work on /home/airflow/.local/lib/python3.7/site-packages/airflow/example_dags/example_external_task_marker_dag.py
[2022-04-11 13:42:29,309] {processor.py:642} INFO - Processing file /home/airflow/.local/lib/python3.7/site-packages/airflow/example_dags/example_external_task_marker_dag.py for tasks to queue
[2022-04-11 13:42:29,310] {logging_mixin.py:109} INFO - [2022-04-11 13:42:29,310] {dagbag.py:500} INFO - Filling up the DagBag from /home/airflow/.local/lib/python3.7/site-packages/airflow/example_dags/example_external_task_marker_dag.py
[2022-04-11 13:42:29,332] {processor.py:652} INFO - DAG(s) dict_keys(['example_external_task_marker_parent', 'example_external_task_marker_child']) retrieved from /home/airflow/.local/lib/python3.7/site-packages/airflow/example_dags/example_external_task_marker_dag.py
[2022-04-11 13:42:29,364] {logging_mixin.py:109} INFO - [2022-04-11 13:42:29,364] {dag.py:2398} INFO - Sync 2 DAGs
[2022-04-11 13:42:29,386] {logging_mixin.py:109} INFO - [2022-04-11 13:42:29,386] {dag.py:2937} INFO - Setting next_dagrun for example_external_task_marker_child to None
[2022-04-11 13:42:29,387] {logging_mixin.py:109} INFO - [2022-04-11 13:42:29,387] {dag.py:2937} INFO - Setting next_dagrun for example_external_task_marker_parent to None
[2022-04-11 13:42:29,400] {processor.py:171} INFO - Processing /home/airflow/.local/lib/python3.7/site-packages/airflow/example_dags/example_external_task_marker_dag.py took 0.098 seconds
[2022-04-11 13:43:00,220] {processor.py:163} INFO - Started process (PID=2026) to work on /home/airflow/.local/lib/python3.7/site-packages/airflow/example_dags/example_external_task_marker_dag.py
[2022-04-11 13:43:00,222] {processor.py:642} INFO - Processing file /home/airflow/.local/lib/python3.7/site-packages/airflow/example_dags/example_external_task_marker_dag.py for tasks to queue
[2022-04-11 13:43:00,224] {logging_mixin.py:109} INFO - [2022-04-11 13:43:00,224] {dagbag.py:500} INFO - Filling up the DagBag from /home/airflow/.local/lib/python3.7/site-packages/airflow/example_dags/example_external_task_marker_dag.py
[2022-04-11 13:43:00,242] {processor.py:652} INFO - DAG(s) dict_keys(['example_external_task_marker_parent', 'example_external_task_marker_child']) retrieved from /home/airflow/.local/lib/python3.7/site-packages/airflow/example_dags/example_external_task_marker_dag.py
[2022-04-11 13:43:00,269] {logging_mixin.py:109} INFO - [2022-04-11 13:43:00,269] {dag.py:2398} INFO - Sync 2 DAGs
[2022-04-11 13:43:00,290] {logging_mixin.py:109} INFO - [2022-04-11 13:43:00,290] {dag.py:2937} INFO - Setting next_dagrun for example_external_task_marker_child to None
[2022-04-11 13:43:00,292] {logging_mixin.py:109} INFO - [2022-04-11 13:43:00,291] {dag.py:2937} INFO - Setting next_dagrun for example_external_task_marker_parent to None
[2022-04-11 13:43:00,304] {processor.py:171} INFO - Processing /home/airflow/.local/lib/python3.7/site-packages/airflow/example_dags/example_external_task_marker_dag.py took 0.090 seconds
[2022-04-11 13:43:30,634] {processor.py:163} INFO - Started process (PID=2078) to work on /home/airflow/.local/lib/python3.7/site-packages/airflow/example_dags/example_external_task_marker_dag.py
[2022-04-11 13:43:30,636] {processor.py:642} INFO - Processing file /home/airflow/.local/lib/python3.7/site-packages/airflow/example_dags/example_external_task_marker_dag.py for tasks to queue
[2022-04-11 13:43:30,638] {logging_mixin.py:109} INFO - [2022-04-11 13:43:30,638] {dagbag.py:500} INFO - Filling up the DagBag from /home/airflow/.local/lib/python3.7/site-packages/airflow/example_dags/example_external_task_marker_dag.py
[2022-04-11 13:43:30,657] {processor.py:652} INFO - DAG(s) dict_keys(['example_external_task_marker_parent', 'example_external_task_marker_child']) retrieved from /home/airflow/.local/lib/python3.7/site-packages/airflow/example_dags/example_external_task_marker_dag.py
[2022-04-11 13:43:30,684] {logging_mixin.py:109} INFO - [2022-04-11 13:43:30,684] {dag.py:2398} INFO - Sync 2 DAGs
[2022-04-11 13:43:30,703] {logging_mixin.py:109} INFO - [2022-04-11 13:43:30,703] {dag.py:2937} INFO - Setting next_dagrun for example_external_task_marker_child to None
[2022-04-11 13:43:30,704] {logging_mixin.py:109} INFO - [2022-04-11 13:43:30,704] {dag.py:2937} INFO - Setting next_dagrun for example_external_task_marker_parent to None
[2022-04-11 13:43:30,715] {processor.py:171} INFO - Processing /home/airflow/.local/lib/python3.7/site-packages/airflow/example_dags/example_external_task_marker_dag.py took 0.084 seconds
[2022-04-11 13:44:01,437] {processor.py:163} INFO - Started process (PID=2142) to work on /home/airflow/.local/lib/python3.7/site-packages/airflow/example_dags/example_external_task_marker_dag.py
[2022-04-11 13:44:01,439] {processor.py:642} INFO - Processing file /home/airflow/.local/lib/python3.7/site-packages/airflow/example_dags/example_external_task_marker_dag.py for tasks to queue
[2022-04-11 13:44:01,440] {logging_mixin.py:109} INFO - [2022-04-11 13:44:01,440] {dagbag.py:500} INFO - Filling up the DagBag from /home/airflow/.local/lib/python3.7/site-packages/airflow/example_dags/example_external_task_marker_dag.py
[2022-04-11 13:44:01,463] {processor.py:652} INFO - DAG(s) dict_keys(['example_external_task_marker_parent', 'example_external_task_marker_child']) retrieved from /home/airflow/.local/lib/python3.7/site-packages/airflow/example_dags/example_external_task_marker_dag.py
[2022-04-11 13:44:01,493] {logging_mixin.py:109} INFO - [2022-04-11 13:44:01,492] {dag.py:2398} INFO - Sync 2 DAGs
[2022-04-11 13:44:01,511] {logging_mixin.py:109} INFO - [2022-04-11 13:44:01,511] {dag.py:2937} INFO - Setting next_dagrun for example_external_task_marker_child to None
[2022-04-11 13:44:01,512] {logging_mixin.py:109} INFO - [2022-04-11 13:44:01,512] {dag.py:2937} INFO - Setting next_dagrun for example_external_task_marker_parent to None
[2022-04-11 13:44:01,523] {processor.py:171} INFO - Processing /home/airflow/.local/lib/python3.7/site-packages/airflow/example_dags/example_external_task_marker_dag.py took 0.089 seconds
[2022-04-11 13:44:32,096] {processor.py:163} INFO - Started process (PID=2194) to work on /home/airflow/.local/lib/python3.7/site-packages/airflow/example_dags/example_external_task_marker_dag.py
[2022-04-11 13:44:32,098] {processor.py:642} INFO - Processing file /home/airflow/.local/lib/python3.7/site-packages/airflow/example_dags/example_external_task_marker_dag.py for tasks to queue
[2022-04-11 13:44:32,100] {logging_mixin.py:109} INFO - [2022-04-11 13:44:32,100] {dagbag.py:500} INFO - Filling up the DagBag from /home/airflow/.local/lib/python3.7/site-packages/airflow/example_dags/example_external_task_marker_dag.py
[2022-04-11 13:44:32,133] {processor.py:652} INFO - DAG(s) dict_keys(['example_external_task_marker_parent', 'example_external_task_marker_child']) retrieved from /home/airflow/.local/lib/python3.7/site-packages/airflow/example_dags/example_external_task_marker_dag.py
[2022-04-11 13:44:32,192] {logging_mixin.py:109} INFO - [2022-04-11 13:44:32,192] {dag.py:2398} INFO - Sync 2 DAGs
[2022-04-11 13:44:32,232] {logging_mixin.py:109} INFO - [2022-04-11 13:44:32,232] {dag.py:2937} INFO - Setting next_dagrun for example_external_task_marker_child to None
[2022-04-11 13:44:32,234] {logging_mixin.py:109} INFO - [2022-04-11 13:44:32,234] {dag.py:2937} INFO - Setting next_dagrun for example_external_task_marker_parent to None
[2022-04-11 13:44:32,256] {processor.py:171} INFO - Processing /home/airflow/.local/lib/python3.7/site-packages/airflow/example_dags/example_external_task_marker_dag.py took 0.166 seconds
[2022-04-11 13:45:02,650] {processor.py:163} INFO - Started process (PID=2254) to work on /home/airflow/.local/lib/python3.7/site-packages/airflow/example_dags/example_external_task_marker_dag.py
[2022-04-11 13:45:02,654] {processor.py:642} INFO - Processing file /home/airflow/.local/lib/python3.7/site-packages/airflow/example_dags/example_external_task_marker_dag.py for tasks to queue
[2022-04-11 13:45:02,656] {logging_mixin.py:109} INFO - [2022-04-11 13:45:02,656] {dagbag.py:500} INFO - Filling up the DagBag from /home/airflow/.local/lib/python3.7/site-packages/airflow/example_dags/example_external_task_marker_dag.py
[2022-04-11 13:45:02,693] {processor.py:652} INFO - DAG(s) dict_keys(['example_external_task_marker_parent', 'example_external_task_marker_child']) retrieved from /home/airflow/.local/lib/python3.7/site-packages/airflow/example_dags/example_external_task_marker_dag.py
[2022-04-11 13:45:02,748] {logging_mixin.py:109} INFO - [2022-04-11 13:45:02,748] {dag.py:2398} INFO - Sync 2 DAGs
[2022-04-11 13:45:02,792] {logging_mixin.py:109} INFO - [2022-04-11 13:45:02,792] {dag.py:2937} INFO - Setting next_dagrun for example_external_task_marker_child to None
[2022-04-11 13:45:02,793] {logging_mixin.py:109} INFO - [2022-04-11 13:45:02,793] {dag.py:2937} INFO - Setting next_dagrun for example_external_task_marker_parent to None
[2022-04-11 13:45:02,814] {processor.py:171} INFO - Processing /home/airflow/.local/lib/python3.7/site-packages/airflow/example_dags/example_external_task_marker_dag.py took 0.170 seconds
[2022-04-11 13:45:33,466] {processor.py:163} INFO - Started process (PID=2305) to work on /home/airflow/.local/lib/python3.7/site-packages/airflow/example_dags/example_external_task_marker_dag.py
[2022-04-11 13:45:33,468] {processor.py:642} INFO - Processing file /home/airflow/.local/lib/python3.7/site-packages/airflow/example_dags/example_external_task_marker_dag.py for tasks to queue
[2022-04-11 13:45:33,469] {logging_mixin.py:109} INFO - [2022-04-11 13:45:33,469] {dagbag.py:500} INFO - Filling up the DagBag from /home/airflow/.local/lib/python3.7/site-packages/airflow/example_dags/example_external_task_marker_dag.py
[2022-04-11 13:45:33,487] {processor.py:652} INFO - DAG(s) dict_keys(['example_external_task_marker_parent', 'example_external_task_marker_child']) retrieved from /home/airflow/.local/lib/python3.7/site-packages/airflow/example_dags/example_external_task_marker_dag.py
[2022-04-11 13:45:33,520] {logging_mixin.py:109} INFO - [2022-04-11 13:45:33,520] {dag.py:2398} INFO - Sync 2 DAGs
[2022-04-11 13:45:33,545] {logging_mixin.py:109} INFO - [2022-04-11 13:45:33,545] {dag.py:2937} INFO - Setting next_dagrun for example_external_task_marker_child to None
[2022-04-11 13:45:33,546] {logging_mixin.py:109} INFO - [2022-04-11 13:45:33,546] {dag.py:2937} INFO - Setting next_dagrun for example_external_task_marker_parent to None
[2022-04-11 13:45:33,560] {processor.py:171} INFO - Processing /home/airflow/.local/lib/python3.7/site-packages/airflow/example_dags/example_external_task_marker_dag.py took 0.098 seconds
[2022-04-11 13:46:04,008] {processor.py:163} INFO - Started process (PID=2357) to work on /home/airflow/.local/lib/python3.7/site-packages/airflow/example_dags/example_external_task_marker_dag.py
[2022-04-11 13:46:04,013] {processor.py:642} INFO - Processing file /home/airflow/.local/lib/python3.7/site-packages/airflow/example_dags/example_external_task_marker_dag.py for tasks to queue
[2022-04-11 13:46:04,014] {logging_mixin.py:109} INFO - [2022-04-11 13:46:04,014] {dagbag.py:500} INFO - Filling up the DagBag from /home/airflow/.local/lib/python3.7/site-packages/airflow/example_dags/example_external_task_marker_dag.py
[2022-04-11 13:46:04,039] {processor.py:652} INFO - DAG(s) dict_keys(['example_external_task_marker_parent', 'example_external_task_marker_child']) retrieved from /home/airflow/.local/lib/python3.7/site-packages/airflow/example_dags/example_external_task_marker_dag.py
[2022-04-11 13:46:04,086] {logging_mixin.py:109} INFO - [2022-04-11 13:46:04,086] {dag.py:2398} INFO - Sync 2 DAGs
[2022-04-11 13:46:04,112] {logging_mixin.py:109} INFO - [2022-04-11 13:46:04,112] {dag.py:2937} INFO - Setting next_dagrun for example_external_task_marker_child to None
[2022-04-11 13:46:04,114] {logging_mixin.py:109} INFO - [2022-04-11 13:46:04,114] {dag.py:2937} INFO - Setting next_dagrun for example_external_task_marker_parent to None
[2022-04-11 13:46:04,126] {processor.py:171} INFO - Processing /home/airflow/.local/lib/python3.7/site-packages/airflow/example_dags/example_external_task_marker_dag.py took 0.122 seconds
[2022-04-11 13:46:34,850] {processor.py:163} INFO - Started process (PID=2419) to work on /home/airflow/.local/lib/python3.7/site-packages/airflow/example_dags/example_external_task_marker_dag.py
[2022-04-11 13:46:34,855] {processor.py:642} INFO - Processing file /home/airflow/.local/lib/python3.7/site-packages/airflow/example_dags/example_external_task_marker_dag.py for tasks to queue
[2022-04-11 13:46:34,858] {logging_mixin.py:109} INFO - [2022-04-11 13:46:34,857] {dagbag.py:500} INFO - Filling up the DagBag from /home/airflow/.local/lib/python3.7/site-packages/airflow/example_dags/example_external_task_marker_dag.py
[2022-04-11 13:46:34,896] {processor.py:652} INFO - DAG(s) dict_keys(['example_external_task_marker_parent', 'example_external_task_marker_child']) retrieved from /home/airflow/.local/lib/python3.7/site-packages/airflow/example_dags/example_external_task_marker_dag.py
[2022-04-11 13:46:34,944] {logging_mixin.py:109} INFO - [2022-04-11 13:46:34,944] {dag.py:2398} INFO - Sync 2 DAGs
[2022-04-11 13:46:34,995] {logging_mixin.py:109} INFO - [2022-04-11 13:46:34,995] {dag.py:2937} INFO - Setting next_dagrun for example_external_task_marker_child to None
[2022-04-11 13:46:35,003] {logging_mixin.py:109} INFO - [2022-04-11 13:46:35,003] {dag.py:2937} INFO - Setting next_dagrun for example_external_task_marker_parent to None
[2022-04-11 13:46:35,031] {processor.py:171} INFO - Processing /home/airflow/.local/lib/python3.7/site-packages/airflow/example_dags/example_external_task_marker_dag.py took 0.188 seconds
[2022-04-11 13:47:05,423] {processor.py:163} INFO - Started process (PID=2473) to work on /home/airflow/.local/lib/python3.7/site-packages/airflow/example_dags/example_external_task_marker_dag.py
[2022-04-11 13:47:05,426] {processor.py:642} INFO - Processing file /home/airflow/.local/lib/python3.7/site-packages/airflow/example_dags/example_external_task_marker_dag.py for tasks to queue
[2022-04-11 13:47:05,428] {logging_mixin.py:109} INFO - [2022-04-11 13:47:05,428] {dagbag.py:500} INFO - Filling up the DagBag from /home/airflow/.local/lib/python3.7/site-packages/airflow/example_dags/example_external_task_marker_dag.py
[2022-04-11 13:47:05,451] {processor.py:652} INFO - DAG(s) dict_keys(['example_external_task_marker_parent', 'example_external_task_marker_child']) retrieved from /home/airflow/.local/lib/python3.7/site-packages/airflow/example_dags/example_external_task_marker_dag.py
[2022-04-11 13:47:05,484] {logging_mixin.py:109} INFO - [2022-04-11 13:47:05,483] {dag.py:2398} INFO - Sync 2 DAGs
[2022-04-11 13:47:05,504] {logging_mixin.py:109} INFO - [2022-04-11 13:47:05,504] {dag.py:2937} INFO - Setting next_dagrun for example_external_task_marker_child to None
[2022-04-11 13:47:05,505] {logging_mixin.py:109} INFO - [2022-04-11 13:47:05,505] {dag.py:2937} INFO - Setting next_dagrun for example_external_task_marker_parent to None
[2022-04-11 13:47:05,517] {processor.py:171} INFO - Processing /home/airflow/.local/lib/python3.7/site-packages/airflow/example_dags/example_external_task_marker_dag.py took 0.098 seconds
[2022-04-11 13:47:35,957] {processor.py:163} INFO - Started process (PID=2526) to work on /home/airflow/.local/lib/python3.7/site-packages/airflow/example_dags/example_external_task_marker_dag.py
[2022-04-11 13:47:35,960] {processor.py:642} INFO - Processing file /home/airflow/.local/lib/python3.7/site-packages/airflow/example_dags/example_external_task_marker_dag.py for tasks to queue
[2022-04-11 13:47:35,963] {logging_mixin.py:109} INFO - [2022-04-11 13:47:35,963] {dagbag.py:500} INFO - Filling up the DagBag from /home/airflow/.local/lib/python3.7/site-packages/airflow/example_dags/example_external_task_marker_dag.py
[2022-04-11 13:47:35,989] {processor.py:652} INFO - DAG(s) dict_keys(['example_external_task_marker_parent', 'example_external_task_marker_child']) retrieved from /home/airflow/.local/lib/python3.7/site-packages/airflow/example_dags/example_external_task_marker_dag.py
[2022-04-11 13:47:36,039] {logging_mixin.py:109} INFO - [2022-04-11 13:47:36,039] {dag.py:2398} INFO - Sync 2 DAGs
[2022-04-11 13:47:36,073] {logging_mixin.py:109} INFO - [2022-04-11 13:47:36,073] {dag.py:2937} INFO - Setting next_dagrun for example_external_task_marker_child to None
[2022-04-11 13:47:36,074] {logging_mixin.py:109} INFO - [2022-04-11 13:47:36,074] {dag.py:2937} INFO - Setting next_dagrun for example_external_task_marker_parent to None
[2022-04-11 13:47:36,087] {processor.py:171} INFO - Processing /home/airflow/.local/lib/python3.7/site-packages/airflow/example_dags/example_external_task_marker_dag.py took 0.137 seconds
[2022-04-11 13:48:06,728] {processor.py:163} INFO - Started process (PID=2589) to work on /home/airflow/.local/lib/python3.7/site-packages/airflow/example_dags/example_external_task_marker_dag.py
[2022-04-11 13:48:06,731] {processor.py:642} INFO - Processing file /home/airflow/.local/lib/python3.7/site-packages/airflow/example_dags/example_external_task_marker_dag.py for tasks to queue
[2022-04-11 13:48:06,732] {logging_mixin.py:109} INFO - [2022-04-11 13:48:06,732] {dagbag.py:500} INFO - Filling up the DagBag from /home/airflow/.local/lib/python3.7/site-packages/airflow/example_dags/example_external_task_marker_dag.py
[2022-04-11 13:48:06,753] {processor.py:652} INFO - DAG(s) dict_keys(['example_external_task_marker_parent', 'example_external_task_marker_child']) retrieved from /home/airflow/.local/lib/python3.7/site-packages/airflow/example_dags/example_external_task_marker_dag.py
[2022-04-11 13:48:06,781] {logging_mixin.py:109} INFO - [2022-04-11 13:48:06,781] {dag.py:2398} INFO - Sync 2 DAGs
[2022-04-11 13:48:06,803] {logging_mixin.py:109} INFO - [2022-04-11 13:48:06,803] {dag.py:2937} INFO - Setting next_dagrun for example_external_task_marker_child to None
[2022-04-11 13:48:06,804] {logging_mixin.py:109} INFO - [2022-04-11 13:48:06,804] {dag.py:2937} INFO - Setting next_dagrun for example_external_task_marker_parent to None
[2022-04-11 13:48:06,817] {processor.py:171} INFO - Processing /home/airflow/.local/lib/python3.7/site-packages/airflow/example_dags/example_external_task_marker_dag.py took 0.093 seconds
[2022-04-11 13:48:37,465] {processor.py:163} INFO - Started process (PID=2641) to work on /home/airflow/.local/lib/python3.7/site-packages/airflow/example_dags/example_external_task_marker_dag.py
[2022-04-11 13:48:37,467] {processor.py:642} INFO - Processing file /home/airflow/.local/lib/python3.7/site-packages/airflow/example_dags/example_external_task_marker_dag.py for tasks to queue
[2022-04-11 13:48:37,468] {logging_mixin.py:109} INFO - [2022-04-11 13:48:37,468] {dagbag.py:500} INFO - Filling up the DagBag from /home/airflow/.local/lib/python3.7/site-packages/airflow/example_dags/example_external_task_marker_dag.py
[2022-04-11 13:48:37,491] {processor.py:652} INFO - DAG(s) dict_keys(['example_external_task_marker_parent', 'example_external_task_marker_child']) retrieved from /home/airflow/.local/lib/python3.7/site-packages/airflow/example_dags/example_external_task_marker_dag.py
[2022-04-11 13:48:37,527] {logging_mixin.py:109} INFO - [2022-04-11 13:48:37,527] {dag.py:2398} INFO - Sync 2 DAGs
[2022-04-11 13:48:37,551] {logging_mixin.py:109} INFO - [2022-04-11 13:48:37,551] {dag.py:2937} INFO - Setting next_dagrun for example_external_task_marker_child to None
[2022-04-11 13:48:37,553] {logging_mixin.py:109} INFO - [2022-04-11 13:48:37,553] {dag.py:2937} INFO - Setting next_dagrun for example_external_task_marker_parent to None
[2022-04-11 13:48:37,564] {processor.py:171} INFO - Processing /home/airflow/.local/lib/python3.7/site-packages/airflow/example_dags/example_external_task_marker_dag.py took 0.104 seconds
[2022-04-11 13:49:08,095] {processor.py:163} INFO - Started process (PID=2704) to work on /home/airflow/.local/lib/python3.7/site-packages/airflow/example_dags/example_external_task_marker_dag.py
[2022-04-11 13:49:08,097] {processor.py:642} INFO - Processing file /home/airflow/.local/lib/python3.7/site-packages/airflow/example_dags/example_external_task_marker_dag.py for tasks to queue
[2022-04-11 13:49:08,098] {logging_mixin.py:109} INFO - [2022-04-11 13:49:08,098] {dagbag.py:500} INFO - Filling up the DagBag from /home/airflow/.local/lib/python3.7/site-packages/airflow/example_dags/example_external_task_marker_dag.py
[2022-04-11 13:49:08,116] {processor.py:652} INFO - DAG(s) dict_keys(['example_external_task_marker_parent', 'example_external_task_marker_child']) retrieved from /home/airflow/.local/lib/python3.7/site-packages/airflow/example_dags/example_external_task_marker_dag.py
[2022-04-11 13:49:08,142] {logging_mixin.py:109} INFO - [2022-04-11 13:49:08,141] {dag.py:2398} INFO - Sync 2 DAGs
[2022-04-11 13:49:08,161] {logging_mixin.py:109} INFO - [2022-04-11 13:49:08,161] {dag.py:2937} INFO - Setting next_dagrun for example_external_task_marker_child to None
[2022-04-11 13:49:08,161] {logging_mixin.py:109} INFO - [2022-04-11 13:49:08,161] {dag.py:2937} INFO - Setting next_dagrun for example_external_task_marker_parent to None
[2022-04-11 13:49:08,171] {processor.py:171} INFO - Processing /home/airflow/.local/lib/python3.7/site-packages/airflow/example_dags/example_external_task_marker_dag.py took 0.080 seconds
