[2022-04-11 13:27:10,596] {processor.py:163} INFO - Started process (PID=213) to work on /home/airflow/.local/lib/python3.7/site-packages/airflow/example_dags/example_bash_operator.py
[2022-04-11 13:27:10,599] {processor.py:642} INFO - Processing file /home/airflow/.local/lib/python3.7/site-packages/airflow/example_dags/example_bash_operator.py for tasks to queue
[2022-04-11 13:27:10,600] {logging_mixin.py:109} INFO - [2022-04-11 13:27:10,600] {dagbag.py:500} INFO - Filling up the DagBag from /home/airflow/.local/lib/python3.7/site-packages/airflow/example_dags/example_bash_operator.py
[2022-04-11 13:27:10,628] {processor.py:652} INFO - DAG(s) dict_keys(['example_bash_operator']) retrieved from /home/airflow/.local/lib/python3.7/site-packages/airflow/example_dags/example_bash_operator.py
[2022-04-11 13:27:12,521] {logging_mixin.py:109} INFO - [2022-04-11 13:27:12,521] {manager.py:496} INFO - Created Permission View: can read on DAG:example_bash_operator
[2022-04-11 13:27:12,530] {logging_mixin.py:109} INFO - [2022-04-11 13:27:12,530] {manager.py:496} INFO - Created Permission View: can edit on DAG:example_bash_operator
[2022-04-11 13:27:12,531] {logging_mixin.py:109} INFO - [2022-04-11 13:27:12,531] {dag.py:2398} INFO - Sync 1 DAGs
[2022-04-11 13:27:12,540] {logging_mixin.py:109} INFO - [2022-04-11 13:27:12,539] {dag.py:2417} INFO - Creating ORM DAG for example_bash_operator
[2022-04-11 13:27:12,550] {logging_mixin.py:109} INFO - [2022-04-11 13:27:12,550] {dag.py:2937} INFO - Setting next_dagrun for example_bash_operator to 2022-04-10 00:00:00+00:00
[2022-04-11 13:27:12,565] {processor.py:171} INFO - Processing /home/airflow/.local/lib/python3.7/site-packages/airflow/example_dags/example_bash_operator.py took 1.975 seconds
[2022-04-11 13:27:43,564] {processor.py:163} INFO - Started process (PID=322) to work on /home/airflow/.local/lib/python3.7/site-packages/airflow/example_dags/example_bash_operator.py
[2022-04-11 13:27:43,566] {processor.py:642} INFO - Processing file /home/airflow/.local/lib/python3.7/site-packages/airflow/example_dags/example_bash_operator.py for tasks to queue
[2022-04-11 13:27:43,567] {logging_mixin.py:109} INFO - [2022-04-11 13:27:43,567] {dagbag.py:500} INFO - Filling up the DagBag from /home/airflow/.local/lib/python3.7/site-packages/airflow/example_dags/example_bash_operator.py
[2022-04-11 13:27:43,591] {processor.py:652} INFO - DAG(s) dict_keys(['example_bash_operator']) retrieved from /home/airflow/.local/lib/python3.7/site-packages/airflow/example_dags/example_bash_operator.py
[2022-04-11 13:27:43,619] {logging_mixin.py:109} INFO - [2022-04-11 13:27:43,619] {dag.py:2398} INFO - Sync 1 DAGs
[2022-04-11 13:27:43,644] {logging_mixin.py:109} INFO - [2022-04-11 13:27:43,643] {dag.py:2937} INFO - Setting next_dagrun for example_bash_operator to 2022-04-10 00:00:00+00:00
[2022-04-11 13:27:43,657] {processor.py:171} INFO - Processing /home/airflow/.local/lib/python3.7/site-packages/airflow/example_dags/example_bash_operator.py took 0.097 seconds
[2022-04-11 13:28:13,786] {processor.py:163} INFO - Started process (PID=374) to work on /home/airflow/.local/lib/python3.7/site-packages/airflow/example_dags/example_bash_operator.py
[2022-04-11 13:28:13,789] {processor.py:642} INFO - Processing file /home/airflow/.local/lib/python3.7/site-packages/airflow/example_dags/example_bash_operator.py for tasks to queue
[2022-04-11 13:28:13,791] {logging_mixin.py:109} INFO - [2022-04-11 13:28:13,790] {dagbag.py:500} INFO - Filling up the DagBag from /home/airflow/.local/lib/python3.7/site-packages/airflow/example_dags/example_bash_operator.py
[2022-04-11 13:28:13,826] {processor.py:652} INFO - DAG(s) dict_keys(['example_bash_operator']) retrieved from /home/airflow/.local/lib/python3.7/site-packages/airflow/example_dags/example_bash_operator.py
[2022-04-11 13:28:13,859] {logging_mixin.py:109} INFO - [2022-04-11 13:28:13,859] {dag.py:2398} INFO - Sync 1 DAGs
[2022-04-11 13:28:13,893] {logging_mixin.py:109} INFO - [2022-04-11 13:28:13,892] {dag.py:2937} INFO - Setting next_dagrun for example_bash_operator to 2022-04-10 00:00:00+00:00
[2022-04-11 13:28:13,906] {processor.py:171} INFO - Processing /home/airflow/.local/lib/python3.7/site-packages/airflow/example_dags/example_bash_operator.py took 0.126 seconds
[2022-04-11 13:28:44,164] {processor.py:163} INFO - Started process (PID=425) to work on /home/airflow/.local/lib/python3.7/site-packages/airflow/example_dags/example_bash_operator.py
[2022-04-11 13:28:44,181] {processor.py:642} INFO - Processing file /home/airflow/.local/lib/python3.7/site-packages/airflow/example_dags/example_bash_operator.py for tasks to queue
[2022-04-11 13:28:44,186] {logging_mixin.py:109} INFO - [2022-04-11 13:28:44,185] {dagbag.py:500} INFO - Filling up the DagBag from /home/airflow/.local/lib/python3.7/site-packages/airflow/example_dags/example_bash_operator.py
[2022-04-11 13:28:44,219] {processor.py:652} INFO - DAG(s) dict_keys(['example_bash_operator']) retrieved from /home/airflow/.local/lib/python3.7/site-packages/airflow/example_dags/example_bash_operator.py
[2022-04-11 13:28:44,271] {logging_mixin.py:109} INFO - [2022-04-11 13:28:44,271] {dag.py:2398} INFO - Sync 1 DAGs
[2022-04-11 13:28:44,322] {logging_mixin.py:109} INFO - [2022-04-11 13:28:44,321] {dag.py:2937} INFO - Setting next_dagrun for example_bash_operator to 2022-04-10 00:00:00+00:00
[2022-04-11 13:28:44,340] {processor.py:171} INFO - Processing /home/airflow/.local/lib/python3.7/site-packages/airflow/example_dags/example_bash_operator.py took 0.195 seconds
[2022-04-11 13:29:15,213] {processor.py:163} INFO - Started process (PID=486) to work on /home/airflow/.local/lib/python3.7/site-packages/airflow/example_dags/example_bash_operator.py
[2022-04-11 13:29:15,216] {processor.py:642} INFO - Processing file /home/airflow/.local/lib/python3.7/site-packages/airflow/example_dags/example_bash_operator.py for tasks to queue
[2022-04-11 13:29:15,217] {logging_mixin.py:109} INFO - [2022-04-11 13:29:15,217] {dagbag.py:500} INFO - Filling up the DagBag from /home/airflow/.local/lib/python3.7/site-packages/airflow/example_dags/example_bash_operator.py
[2022-04-11 13:29:15,240] {processor.py:652} INFO - DAG(s) dict_keys(['example_bash_operator']) retrieved from /home/airflow/.local/lib/python3.7/site-packages/airflow/example_dags/example_bash_operator.py
[2022-04-11 13:29:15,263] {logging_mixin.py:109} INFO - [2022-04-11 13:29:15,263] {dag.py:2398} INFO - Sync 1 DAGs
[2022-04-11 13:29:15,284] {logging_mixin.py:109} INFO - [2022-04-11 13:29:15,284] {dag.py:2937} INFO - Setting next_dagrun for example_bash_operator to 2022-04-10 00:00:00+00:00
[2022-04-11 13:29:15,297] {processor.py:171} INFO - Processing /home/airflow/.local/lib/python3.7/site-packages/airflow/example_dags/example_bash_operator.py took 0.088 seconds
[2022-04-11 13:29:45,720] {processor.py:163} INFO - Started process (PID=539) to work on /home/airflow/.local/lib/python3.7/site-packages/airflow/example_dags/example_bash_operator.py
[2022-04-11 13:29:45,723] {processor.py:642} INFO - Processing file /home/airflow/.local/lib/python3.7/site-packages/airflow/example_dags/example_bash_operator.py for tasks to queue
[2022-04-11 13:29:45,724] {logging_mixin.py:109} INFO - [2022-04-11 13:29:45,724] {dagbag.py:500} INFO - Filling up the DagBag from /home/airflow/.local/lib/python3.7/site-packages/airflow/example_dags/example_bash_operator.py
[2022-04-11 13:29:45,748] {processor.py:652} INFO - DAG(s) dict_keys(['example_bash_operator']) retrieved from /home/airflow/.local/lib/python3.7/site-packages/airflow/example_dags/example_bash_operator.py
[2022-04-11 13:29:45,772] {logging_mixin.py:109} INFO - [2022-04-11 13:29:45,772] {dag.py:2398} INFO - Sync 1 DAGs
[2022-04-11 13:29:45,794] {logging_mixin.py:109} INFO - [2022-04-11 13:29:45,794] {dag.py:2937} INFO - Setting next_dagrun for example_bash_operator to 2022-04-10 00:00:00+00:00
[2022-04-11 13:29:45,806] {processor.py:171} INFO - Processing /home/airflow/.local/lib/python3.7/site-packages/airflow/example_dags/example_bash_operator.py took 0.091 seconds
[2022-04-11 13:30:16,264] {processor.py:163} INFO - Started process (PID=599) to work on /home/airflow/.local/lib/python3.7/site-packages/airflow/example_dags/example_bash_operator.py
[2022-04-11 13:30:16,269] {processor.py:642} INFO - Processing file /home/airflow/.local/lib/python3.7/site-packages/airflow/example_dags/example_bash_operator.py for tasks to queue
[2022-04-11 13:30:16,271] {logging_mixin.py:109} INFO - [2022-04-11 13:30:16,270] {dagbag.py:500} INFO - Filling up the DagBag from /home/airflow/.local/lib/python3.7/site-packages/airflow/example_dags/example_bash_operator.py
[2022-04-11 13:30:16,299] {processor.py:652} INFO - DAG(s) dict_keys(['example_bash_operator']) retrieved from /home/airflow/.local/lib/python3.7/site-packages/airflow/example_dags/example_bash_operator.py
[2022-04-11 13:30:16,326] {logging_mixin.py:109} INFO - [2022-04-11 13:30:16,326] {dag.py:2398} INFO - Sync 1 DAGs
[2022-04-11 13:30:16,353] {logging_mixin.py:109} INFO - [2022-04-11 13:30:16,353] {dag.py:2937} INFO - Setting next_dagrun for example_bash_operator to 2022-04-10 00:00:00+00:00
[2022-04-11 13:30:16,368] {processor.py:171} INFO - Processing /home/airflow/.local/lib/python3.7/site-packages/airflow/example_dags/example_bash_operator.py took 0.108 seconds
[2022-04-11 13:30:46,943] {processor.py:163} INFO - Started process (PID=650) to work on /home/airflow/.local/lib/python3.7/site-packages/airflow/example_dags/example_bash_operator.py
[2022-04-11 13:30:46,945] {processor.py:642} INFO - Processing file /home/airflow/.local/lib/python3.7/site-packages/airflow/example_dags/example_bash_operator.py for tasks to queue
[2022-04-11 13:30:46,947] {logging_mixin.py:109} INFO - [2022-04-11 13:30:46,947] {dagbag.py:500} INFO - Filling up the DagBag from /home/airflow/.local/lib/python3.7/site-packages/airflow/example_dags/example_bash_operator.py
[2022-04-11 13:30:46,991] {processor.py:652} INFO - DAG(s) dict_keys(['example_bash_operator']) retrieved from /home/airflow/.local/lib/python3.7/site-packages/airflow/example_dags/example_bash_operator.py
[2022-04-11 13:30:47,039] {logging_mixin.py:109} INFO - [2022-04-11 13:30:47,039] {dag.py:2398} INFO - Sync 1 DAGs
[2022-04-11 13:30:47,079] {logging_mixin.py:109} INFO - [2022-04-11 13:30:47,079] {dag.py:2937} INFO - Setting next_dagrun for example_bash_operator to 2022-04-10 00:00:00+00:00
[2022-04-11 13:30:47,184] {processor.py:171} INFO - Processing /home/airflow/.local/lib/python3.7/site-packages/airflow/example_dags/example_bash_operator.py took 0.249 seconds
[2022-04-11 13:31:17,717] {processor.py:163} INFO - Started process (PID=712) to work on /home/airflow/.local/lib/python3.7/site-packages/airflow/example_dags/example_bash_operator.py
[2022-04-11 13:31:17,719] {processor.py:642} INFO - Processing file /home/airflow/.local/lib/python3.7/site-packages/airflow/example_dags/example_bash_operator.py for tasks to queue
[2022-04-11 13:31:17,722] {logging_mixin.py:109} INFO - [2022-04-11 13:31:17,722] {dagbag.py:500} INFO - Filling up the DagBag from /home/airflow/.local/lib/python3.7/site-packages/airflow/example_dags/example_bash_operator.py
[2022-04-11 13:31:17,756] {processor.py:652} INFO - DAG(s) dict_keys(['example_bash_operator']) retrieved from /home/airflow/.local/lib/python3.7/site-packages/airflow/example_dags/example_bash_operator.py
[2022-04-11 13:31:17,791] {logging_mixin.py:109} INFO - [2022-04-11 13:31:17,791] {dag.py:2398} INFO - Sync 1 DAGs
[2022-04-11 13:31:17,822] {logging_mixin.py:109} INFO - [2022-04-11 13:31:17,822] {dag.py:2937} INFO - Setting next_dagrun for example_bash_operator to 2022-04-10 00:00:00+00:00
[2022-04-11 13:31:17,848] {processor.py:171} INFO - Processing /home/airflow/.local/lib/python3.7/site-packages/airflow/example_dags/example_bash_operator.py took 0.137 seconds
[2022-04-11 13:31:48,000] {processor.py:163} INFO - Started process (PID=774) to work on /home/airflow/.local/lib/python3.7/site-packages/airflow/example_dags/example_bash_operator.py
[2022-04-11 13:31:48,003] {processor.py:642} INFO - Processing file /home/airflow/.local/lib/python3.7/site-packages/airflow/example_dags/example_bash_operator.py for tasks to queue
[2022-04-11 13:31:48,005] {logging_mixin.py:109} INFO - [2022-04-11 13:31:48,005] {dagbag.py:500} INFO - Filling up the DagBag from /home/airflow/.local/lib/python3.7/site-packages/airflow/example_dags/example_bash_operator.py
[2022-04-11 13:31:48,038] {processor.py:652} INFO - DAG(s) dict_keys(['example_bash_operator']) retrieved from /home/airflow/.local/lib/python3.7/site-packages/airflow/example_dags/example_bash_operator.py
[2022-04-11 13:31:48,073] {logging_mixin.py:109} INFO - [2022-04-11 13:31:48,072] {dag.py:2398} INFO - Sync 1 DAGs
[2022-04-11 13:31:48,097] {logging_mixin.py:109} INFO - [2022-04-11 13:31:48,097] {dag.py:2937} INFO - Setting next_dagrun for example_bash_operator to 2022-04-10 00:00:00+00:00
[2022-04-11 13:31:48,110] {processor.py:171} INFO - Processing /home/airflow/.local/lib/python3.7/site-packages/airflow/example_dags/example_bash_operator.py took 0.122 seconds
[2022-04-11 13:32:18,166] {processor.py:163} INFO - Started process (PID=836) to work on /home/airflow/.local/lib/python3.7/site-packages/airflow/example_dags/example_bash_operator.py
[2022-04-11 13:32:18,171] {processor.py:642} INFO - Processing file /home/airflow/.local/lib/python3.7/site-packages/airflow/example_dags/example_bash_operator.py for tasks to queue
[2022-04-11 13:32:18,173] {logging_mixin.py:109} INFO - [2022-04-11 13:32:18,173] {dagbag.py:500} INFO - Filling up the DagBag from /home/airflow/.local/lib/python3.7/site-packages/airflow/example_dags/example_bash_operator.py
[2022-04-11 13:32:18,221] {processor.py:652} INFO - DAG(s) dict_keys(['example_bash_operator']) retrieved from /home/airflow/.local/lib/python3.7/site-packages/airflow/example_dags/example_bash_operator.py
[2022-04-11 13:32:18,265] {logging_mixin.py:109} INFO - [2022-04-11 13:32:18,265] {dag.py:2398} INFO - Sync 1 DAGs
[2022-04-11 13:32:18,298] {logging_mixin.py:109} INFO - [2022-04-11 13:32:18,298] {dag.py:2937} INFO - Setting next_dagrun for example_bash_operator to 2022-04-10 00:00:00+00:00
[2022-04-11 13:32:18,340] {processor.py:171} INFO - Processing /home/airflow/.local/lib/python3.7/site-packages/airflow/example_dags/example_bash_operator.py took 0.183 seconds
[2022-04-11 13:32:48,896] {processor.py:163} INFO - Started process (PID=888) to work on /home/airflow/.local/lib/python3.7/site-packages/airflow/example_dags/example_bash_operator.py
[2022-04-11 13:32:48,898] {processor.py:642} INFO - Processing file /home/airflow/.local/lib/python3.7/site-packages/airflow/example_dags/example_bash_operator.py for tasks to queue
[2022-04-11 13:32:48,899] {logging_mixin.py:109} INFO - [2022-04-11 13:32:48,899] {dagbag.py:500} INFO - Filling up the DagBag from /home/airflow/.local/lib/python3.7/site-packages/airflow/example_dags/example_bash_operator.py
[2022-04-11 13:32:48,924] {processor.py:652} INFO - DAG(s) dict_keys(['example_bash_operator']) retrieved from /home/airflow/.local/lib/python3.7/site-packages/airflow/example_dags/example_bash_operator.py
[2022-04-11 13:32:48,948] {logging_mixin.py:109} INFO - [2022-04-11 13:32:48,948] {dag.py:2398} INFO - Sync 1 DAGs
[2022-04-11 13:32:48,969] {logging_mixin.py:109} INFO - [2022-04-11 13:32:48,969] {dag.py:2937} INFO - Setting next_dagrun for example_bash_operator to 2022-04-10 00:00:00+00:00
[2022-04-11 13:32:48,979] {processor.py:171} INFO - Processing /home/airflow/.local/lib/python3.7/site-packages/airflow/example_dags/example_bash_operator.py took 0.088 seconds
[2022-04-11 13:33:19,428] {processor.py:163} INFO - Started process (PID=949) to work on /home/airflow/.local/lib/python3.7/site-packages/airflow/example_dags/example_bash_operator.py
[2022-04-11 13:33:19,430] {processor.py:642} INFO - Processing file /home/airflow/.local/lib/python3.7/site-packages/airflow/example_dags/example_bash_operator.py for tasks to queue
[2022-04-11 13:33:19,431] {logging_mixin.py:109} INFO - [2022-04-11 13:33:19,431] {dagbag.py:500} INFO - Filling up the DagBag from /home/airflow/.local/lib/python3.7/site-packages/airflow/example_dags/example_bash_operator.py
[2022-04-11 13:33:19,455] {processor.py:652} INFO - DAG(s) dict_keys(['example_bash_operator']) retrieved from /home/airflow/.local/lib/python3.7/site-packages/airflow/example_dags/example_bash_operator.py
[2022-04-11 13:33:19,490] {logging_mixin.py:109} INFO - [2022-04-11 13:33:19,488] {dag.py:2398} INFO - Sync 1 DAGs
[2022-04-11 13:33:19,518] {logging_mixin.py:109} INFO - [2022-04-11 13:33:19,517] {dag.py:2937} INFO - Setting next_dagrun for example_bash_operator to 2022-04-10 00:00:00+00:00
[2022-04-11 13:33:19,530] {processor.py:171} INFO - Processing /home/airflow/.local/lib/python3.7/site-packages/airflow/example_dags/example_bash_operator.py took 0.107 seconds
[2022-04-11 13:33:50,343] {processor.py:163} INFO - Started process (PID=1000) to work on /home/airflow/.local/lib/python3.7/site-packages/airflow/example_dags/example_bash_operator.py
[2022-04-11 13:33:50,346] {processor.py:642} INFO - Processing file /home/airflow/.local/lib/python3.7/site-packages/airflow/example_dags/example_bash_operator.py for tasks to queue
[2022-04-11 13:33:50,347] {logging_mixin.py:109} INFO - [2022-04-11 13:33:50,347] {dagbag.py:500} INFO - Filling up the DagBag from /home/airflow/.local/lib/python3.7/site-packages/airflow/example_dags/example_bash_operator.py
[2022-04-11 13:33:50,373] {processor.py:652} INFO - DAG(s) dict_keys(['example_bash_operator']) retrieved from /home/airflow/.local/lib/python3.7/site-packages/airflow/example_dags/example_bash_operator.py
[2022-04-11 13:33:50,399] {logging_mixin.py:109} INFO - [2022-04-11 13:33:50,399] {dag.py:2398} INFO - Sync 1 DAGs
[2022-04-11 13:33:50,422] {logging_mixin.py:109} INFO - [2022-04-11 13:33:50,422] {dag.py:2937} INFO - Setting next_dagrun for example_bash_operator to 2022-04-10 00:00:00+00:00
[2022-04-11 13:33:50,435] {processor.py:171} INFO - Processing /home/airflow/.local/lib/python3.7/site-packages/airflow/example_dags/example_bash_operator.py took 0.096 seconds
[2022-04-11 13:34:21,285] {processor.py:163} INFO - Started process (PID=1060) to work on /home/airflow/.local/lib/python3.7/site-packages/airflow/example_dags/example_bash_operator.py
[2022-04-11 13:34:21,289] {processor.py:642} INFO - Processing file /home/airflow/.local/lib/python3.7/site-packages/airflow/example_dags/example_bash_operator.py for tasks to queue
[2022-04-11 13:34:21,291] {logging_mixin.py:109} INFO - [2022-04-11 13:34:21,291] {dagbag.py:500} INFO - Filling up the DagBag from /home/airflow/.local/lib/python3.7/site-packages/airflow/example_dags/example_bash_operator.py
[2022-04-11 13:34:21,345] {processor.py:652} INFO - DAG(s) dict_keys(['example_bash_operator']) retrieved from /home/airflow/.local/lib/python3.7/site-packages/airflow/example_dags/example_bash_operator.py
[2022-04-11 13:34:21,407] {logging_mixin.py:109} INFO - [2022-04-11 13:34:21,407] {dag.py:2398} INFO - Sync 1 DAGs
[2022-04-11 13:34:21,464] {logging_mixin.py:109} INFO - [2022-04-11 13:34:21,464] {dag.py:2937} INFO - Setting next_dagrun for example_bash_operator to 2022-04-10 00:00:00+00:00
[2022-04-11 13:34:21,498] {processor.py:171} INFO - Processing /home/airflow/.local/lib/python3.7/site-packages/airflow/example_dags/example_bash_operator.py took 0.221 seconds
[2022-04-11 13:34:51,668] {processor.py:163} INFO - Started process (PID=1115) to work on /home/airflow/.local/lib/python3.7/site-packages/airflow/example_dags/example_bash_operator.py
[2022-04-11 13:34:51,670] {processor.py:642} INFO - Processing file /home/airflow/.local/lib/python3.7/site-packages/airflow/example_dags/example_bash_operator.py for tasks to queue
[2022-04-11 13:34:51,672] {logging_mixin.py:109} INFO - [2022-04-11 13:34:51,672] {dagbag.py:500} INFO - Filling up the DagBag from /home/airflow/.local/lib/python3.7/site-packages/airflow/example_dags/example_bash_operator.py
[2022-04-11 13:34:51,697] {processor.py:652} INFO - DAG(s) dict_keys(['example_bash_operator']) retrieved from /home/airflow/.local/lib/python3.7/site-packages/airflow/example_dags/example_bash_operator.py
[2022-04-11 13:34:51,727] {logging_mixin.py:109} INFO - [2022-04-11 13:34:51,726] {dag.py:2398} INFO - Sync 1 DAGs
[2022-04-11 13:34:51,749] {logging_mixin.py:109} INFO - [2022-04-11 13:34:51,749] {dag.py:2937} INFO - Setting next_dagrun for example_bash_operator to 2022-04-10 00:00:00+00:00
[2022-04-11 13:34:51,761] {processor.py:171} INFO - Processing /home/airflow/.local/lib/python3.7/site-packages/airflow/example_dags/example_bash_operator.py took 0.099 seconds
[2022-04-11 13:35:22,004] {processor.py:163} INFO - Started process (PID=1166) to work on /home/airflow/.local/lib/python3.7/site-packages/airflow/example_dags/example_bash_operator.py
[2022-04-11 13:35:22,006] {processor.py:642} INFO - Processing file /home/airflow/.local/lib/python3.7/site-packages/airflow/example_dags/example_bash_operator.py for tasks to queue
[2022-04-11 13:35:22,008] {logging_mixin.py:109} INFO - [2022-04-11 13:35:22,008] {dagbag.py:500} INFO - Filling up the DagBag from /home/airflow/.local/lib/python3.7/site-packages/airflow/example_dags/example_bash_operator.py
[2022-04-11 13:35:22,037] {processor.py:652} INFO - DAG(s) dict_keys(['example_bash_operator']) retrieved from /home/airflow/.local/lib/python3.7/site-packages/airflow/example_dags/example_bash_operator.py
[2022-04-11 13:35:22,071] {logging_mixin.py:109} INFO - [2022-04-11 13:35:22,071] {dag.py:2398} INFO - Sync 1 DAGs
[2022-04-11 13:35:22,102] {logging_mixin.py:109} INFO - [2022-04-11 13:35:22,102] {dag.py:2937} INFO - Setting next_dagrun for example_bash_operator to 2022-04-10 00:00:00+00:00
[2022-04-11 13:35:22,121] {processor.py:171} INFO - Processing /home/airflow/.local/lib/python3.7/site-packages/airflow/example_dags/example_bash_operator.py took 0.124 seconds
[2022-04-11 13:35:52,511] {processor.py:163} INFO - Started process (PID=1228) to work on /home/airflow/.local/lib/python3.7/site-packages/airflow/example_dags/example_bash_operator.py
[2022-04-11 13:35:52,514] {processor.py:642} INFO - Processing file /home/airflow/.local/lib/python3.7/site-packages/airflow/example_dags/example_bash_operator.py for tasks to queue
[2022-04-11 13:35:52,515] {logging_mixin.py:109} INFO - [2022-04-11 13:35:52,515] {dagbag.py:500} INFO - Filling up the DagBag from /home/airflow/.local/lib/python3.7/site-packages/airflow/example_dags/example_bash_operator.py
[2022-04-11 13:35:52,549] {processor.py:652} INFO - DAG(s) dict_keys(['example_bash_operator']) retrieved from /home/airflow/.local/lib/python3.7/site-packages/airflow/example_dags/example_bash_operator.py
[2022-04-11 13:35:52,593] {logging_mixin.py:109} INFO - [2022-04-11 13:35:52,592] {dag.py:2398} INFO - Sync 1 DAGs
[2022-04-11 13:35:52,636] {logging_mixin.py:109} INFO - [2022-04-11 13:35:52,636] {dag.py:2937} INFO - Setting next_dagrun for example_bash_operator to 2022-04-10 00:00:00+00:00
[2022-04-11 13:35:52,658] {processor.py:171} INFO - Processing /home/airflow/.local/lib/python3.7/site-packages/airflow/example_dags/example_bash_operator.py took 0.153 seconds
[2022-04-11 13:36:22,902] {processor.py:163} INFO - Started process (PID=1280) to work on /home/airflow/.local/lib/python3.7/site-packages/airflow/example_dags/example_bash_operator.py
[2022-04-11 13:36:22,905] {processor.py:642} INFO - Processing file /home/airflow/.local/lib/python3.7/site-packages/airflow/example_dags/example_bash_operator.py for tasks to queue
[2022-04-11 13:36:22,906] {logging_mixin.py:109} INFO - [2022-04-11 13:36:22,906] {dagbag.py:500} INFO - Filling up the DagBag from /home/airflow/.local/lib/python3.7/site-packages/airflow/example_dags/example_bash_operator.py
[2022-04-11 13:36:22,933] {processor.py:652} INFO - DAG(s) dict_keys(['example_bash_operator']) retrieved from /home/airflow/.local/lib/python3.7/site-packages/airflow/example_dags/example_bash_operator.py
[2022-04-11 13:36:22,960] {logging_mixin.py:109} INFO - [2022-04-11 13:36:22,960] {dag.py:2398} INFO - Sync 1 DAGs
[2022-04-11 13:36:22,985] {logging_mixin.py:109} INFO - [2022-04-11 13:36:22,985] {dag.py:2937} INFO - Setting next_dagrun for example_bash_operator to 2022-04-10 00:00:00+00:00
[2022-04-11 13:36:22,999] {processor.py:171} INFO - Processing /home/airflow/.local/lib/python3.7/site-packages/airflow/example_dags/example_bash_operator.py took 0.101 seconds
[2022-04-11 13:36:53,262] {processor.py:163} INFO - Started process (PID=1346) to work on /home/airflow/.local/lib/python3.7/site-packages/airflow/example_dags/example_bash_operator.py
[2022-04-11 13:36:53,265] {processor.py:642} INFO - Processing file /home/airflow/.local/lib/python3.7/site-packages/airflow/example_dags/example_bash_operator.py for tasks to queue
[2022-04-11 13:36:53,267] {logging_mixin.py:109} INFO - [2022-04-11 13:36:53,267] {dagbag.py:500} INFO - Filling up the DagBag from /home/airflow/.local/lib/python3.7/site-packages/airflow/example_dags/example_bash_operator.py
[2022-04-11 13:36:53,294] {processor.py:652} INFO - DAG(s) dict_keys(['example_bash_operator']) retrieved from /home/airflow/.local/lib/python3.7/site-packages/airflow/example_dags/example_bash_operator.py
[2022-04-11 13:36:53,321] {logging_mixin.py:109} INFO - [2022-04-11 13:36:53,321] {dag.py:2398} INFO - Sync 1 DAGs
[2022-04-11 13:36:53,344] {logging_mixin.py:109} INFO - [2022-04-11 13:36:53,344] {dag.py:2937} INFO - Setting next_dagrun for example_bash_operator to 2022-04-10 00:00:00+00:00
[2022-04-11 13:36:53,355] {processor.py:171} INFO - Processing /home/airflow/.local/lib/python3.7/site-packages/airflow/example_dags/example_bash_operator.py took 0.100 seconds
[2022-04-11 13:37:23,969] {processor.py:163} INFO - Started process (PID=1398) to work on /home/airflow/.local/lib/python3.7/site-packages/airflow/example_dags/example_bash_operator.py
[2022-04-11 13:37:23,972] {processor.py:642} INFO - Processing file /home/airflow/.local/lib/python3.7/site-packages/airflow/example_dags/example_bash_operator.py for tasks to queue
[2022-04-11 13:37:23,973] {logging_mixin.py:109} INFO - [2022-04-11 13:37:23,973] {dagbag.py:500} INFO - Filling up the DagBag from /home/airflow/.local/lib/python3.7/site-packages/airflow/example_dags/example_bash_operator.py
[2022-04-11 13:37:23,997] {processor.py:652} INFO - DAG(s) dict_keys(['example_bash_operator']) retrieved from /home/airflow/.local/lib/python3.7/site-packages/airflow/example_dags/example_bash_operator.py
[2022-04-11 13:37:24,022] {logging_mixin.py:109} INFO - [2022-04-11 13:37:24,022] {dag.py:2398} INFO - Sync 1 DAGs
[2022-04-11 13:37:24,047] {logging_mixin.py:109} INFO - [2022-04-11 13:37:24,046] {dag.py:2937} INFO - Setting next_dagrun for example_bash_operator to 2022-04-10 00:00:00+00:00
[2022-04-11 13:37:24,061] {processor.py:171} INFO - Processing /home/airflow/.local/lib/python3.7/site-packages/airflow/example_dags/example_bash_operator.py took 0.096 seconds
[2022-04-11 13:37:54,907] {processor.py:163} INFO - Started process (PID=1461) to work on /home/airflow/.local/lib/python3.7/site-packages/airflow/example_dags/example_bash_operator.py
[2022-04-11 13:37:54,909] {processor.py:642} INFO - Processing file /home/airflow/.local/lib/python3.7/site-packages/airflow/example_dags/example_bash_operator.py for tasks to queue
[2022-04-11 13:37:54,910] {logging_mixin.py:109} INFO - [2022-04-11 13:37:54,910] {dagbag.py:500} INFO - Filling up the DagBag from /home/airflow/.local/lib/python3.7/site-packages/airflow/example_dags/example_bash_operator.py
[2022-04-11 13:37:54,940] {processor.py:652} INFO - DAG(s) dict_keys(['example_bash_operator']) retrieved from /home/airflow/.local/lib/python3.7/site-packages/airflow/example_dags/example_bash_operator.py
[2022-04-11 13:37:54,983] {logging_mixin.py:109} INFO - [2022-04-11 13:37:54,983] {dag.py:2398} INFO - Sync 1 DAGs
[2022-04-11 13:37:55,007] {logging_mixin.py:109} INFO - [2022-04-11 13:37:55,007] {dag.py:2937} INFO - Setting next_dagrun for example_bash_operator to 2022-04-10 00:00:00+00:00
[2022-04-11 13:37:55,019] {processor.py:171} INFO - Processing /home/airflow/.local/lib/python3.7/site-packages/airflow/example_dags/example_bash_operator.py took 0.116 seconds
[2022-04-11 13:38:25,537] {processor.py:163} INFO - Started process (PID=1513) to work on /home/airflow/.local/lib/python3.7/site-packages/airflow/example_dags/example_bash_operator.py
[2022-04-11 13:38:25,539] {processor.py:642} INFO - Processing file /home/airflow/.local/lib/python3.7/site-packages/airflow/example_dags/example_bash_operator.py for tasks to queue
[2022-04-11 13:38:25,541] {logging_mixin.py:109} INFO - [2022-04-11 13:38:25,540] {dagbag.py:500} INFO - Filling up the DagBag from /home/airflow/.local/lib/python3.7/site-packages/airflow/example_dags/example_bash_operator.py
[2022-04-11 13:38:25,564] {processor.py:652} INFO - DAG(s) dict_keys(['example_bash_operator']) retrieved from /home/airflow/.local/lib/python3.7/site-packages/airflow/example_dags/example_bash_operator.py
[2022-04-11 13:38:25,589] {logging_mixin.py:109} INFO - [2022-04-11 13:38:25,589] {dag.py:2398} INFO - Sync 1 DAGs
[2022-04-11 13:38:25,611] {logging_mixin.py:109} INFO - [2022-04-11 13:38:25,611] {dag.py:2937} INFO - Setting next_dagrun for example_bash_operator to 2022-04-10 00:00:00+00:00
[2022-04-11 13:38:25,622] {processor.py:171} INFO - Processing /home/airflow/.local/lib/python3.7/site-packages/airflow/example_dags/example_bash_operator.py took 0.091 seconds
[2022-04-11 13:38:56,220] {processor.py:163} INFO - Started process (PID=1575) to work on /home/airflow/.local/lib/python3.7/site-packages/airflow/example_dags/example_bash_operator.py
[2022-04-11 13:38:56,223] {processor.py:642} INFO - Processing file /home/airflow/.local/lib/python3.7/site-packages/airflow/example_dags/example_bash_operator.py for tasks to queue
[2022-04-11 13:38:56,225] {logging_mixin.py:109} INFO - [2022-04-11 13:38:56,225] {dagbag.py:500} INFO - Filling up the DagBag from /home/airflow/.local/lib/python3.7/site-packages/airflow/example_dags/example_bash_operator.py
[2022-04-11 13:38:56,254] {processor.py:652} INFO - DAG(s) dict_keys(['example_bash_operator']) retrieved from /home/airflow/.local/lib/python3.7/site-packages/airflow/example_dags/example_bash_operator.py
[2022-04-11 13:38:56,287] {logging_mixin.py:109} INFO - [2022-04-11 13:38:56,286] {dag.py:2398} INFO - Sync 1 DAGs
[2022-04-11 13:38:56,315] {logging_mixin.py:109} INFO - [2022-04-11 13:38:56,315] {dag.py:2937} INFO - Setting next_dagrun for example_bash_operator to 2022-04-10 00:00:00+00:00
[2022-04-11 13:38:56,329] {processor.py:171} INFO - Processing /home/airflow/.local/lib/python3.7/site-packages/airflow/example_dags/example_bash_operator.py took 0.115 seconds
[2022-04-11 13:39:26,495] {processor.py:163} INFO - Started process (PID=1627) to work on /home/airflow/.local/lib/python3.7/site-packages/airflow/example_dags/example_bash_operator.py
[2022-04-11 13:39:26,497] {processor.py:642} INFO - Processing file /home/airflow/.local/lib/python3.7/site-packages/airflow/example_dags/example_bash_operator.py for tasks to queue
[2022-04-11 13:39:26,499] {logging_mixin.py:109} INFO - [2022-04-11 13:39:26,498] {dagbag.py:500} INFO - Filling up the DagBag from /home/airflow/.local/lib/python3.7/site-packages/airflow/example_dags/example_bash_operator.py
[2022-04-11 13:39:26,526] {processor.py:652} INFO - DAG(s) dict_keys(['example_bash_operator']) retrieved from /home/airflow/.local/lib/python3.7/site-packages/airflow/example_dags/example_bash_operator.py
[2022-04-11 13:39:26,557] {logging_mixin.py:109} INFO - [2022-04-11 13:39:26,556] {dag.py:2398} INFO - Sync 1 DAGs
[2022-04-11 13:39:26,582] {logging_mixin.py:109} INFO - [2022-04-11 13:39:26,582] {dag.py:2937} INFO - Setting next_dagrun for example_bash_operator to 2022-04-10 00:00:00+00:00
[2022-04-11 13:39:26,593] {processor.py:171} INFO - Processing /home/airflow/.local/lib/python3.7/site-packages/airflow/example_dags/example_bash_operator.py took 0.102 seconds
[2022-04-11 13:39:56,884] {processor.py:163} INFO - Started process (PID=1678) to work on /home/airflow/.local/lib/python3.7/site-packages/airflow/example_dags/example_bash_operator.py
[2022-04-11 13:39:56,886] {processor.py:642} INFO - Processing file /home/airflow/.local/lib/python3.7/site-packages/airflow/example_dags/example_bash_operator.py for tasks to queue
[2022-04-11 13:39:56,888] {logging_mixin.py:109} INFO - [2022-04-11 13:39:56,887] {dagbag.py:500} INFO - Filling up the DagBag from /home/airflow/.local/lib/python3.7/site-packages/airflow/example_dags/example_bash_operator.py
[2022-04-11 13:39:56,932] {processor.py:652} INFO - DAG(s) dict_keys(['example_bash_operator']) retrieved from /home/airflow/.local/lib/python3.7/site-packages/airflow/example_dags/example_bash_operator.py
[2022-04-11 13:39:56,997] {logging_mixin.py:109} INFO - [2022-04-11 13:39:56,997] {dag.py:2398} INFO - Sync 1 DAGs
[2022-04-11 13:39:57,037] {logging_mixin.py:109} INFO - [2022-04-11 13:39:57,036] {dag.py:2937} INFO - Setting next_dagrun for example_bash_operator to 2022-04-10 00:00:00+00:00
[2022-04-11 13:39:57,054] {processor.py:171} INFO - Processing /home/airflow/.local/lib/python3.7/site-packages/airflow/example_dags/example_bash_operator.py took 0.178 seconds
[2022-04-11 13:40:27,421] {processor.py:163} INFO - Started process (PID=1741) to work on /home/airflow/.local/lib/python3.7/site-packages/airflow/example_dags/example_bash_operator.py
[2022-04-11 13:40:27,424] {processor.py:642} INFO - Processing file /home/airflow/.local/lib/python3.7/site-packages/airflow/example_dags/example_bash_operator.py for tasks to queue
[2022-04-11 13:40:27,425] {logging_mixin.py:109} INFO - [2022-04-11 13:40:27,425] {dagbag.py:500} INFO - Filling up the DagBag from /home/airflow/.local/lib/python3.7/site-packages/airflow/example_dags/example_bash_operator.py
[2022-04-11 13:40:27,451] {processor.py:652} INFO - DAG(s) dict_keys(['example_bash_operator']) retrieved from /home/airflow/.local/lib/python3.7/site-packages/airflow/example_dags/example_bash_operator.py
[2022-04-11 13:40:27,489] {logging_mixin.py:109} INFO - [2022-04-11 13:40:27,488] {dag.py:2398} INFO - Sync 1 DAGs
[2022-04-11 13:40:27,516] {logging_mixin.py:109} INFO - [2022-04-11 13:40:27,516] {dag.py:2937} INFO - Setting next_dagrun for example_bash_operator to 2022-04-10 00:00:00+00:00
[2022-04-11 13:40:27,532] {processor.py:171} INFO - Processing /home/airflow/.local/lib/python3.7/site-packages/airflow/example_dags/example_bash_operator.py took 0.117 seconds
[2022-04-11 13:40:57,881] {processor.py:163} INFO - Started process (PID=1795) to work on /home/airflow/.local/lib/python3.7/site-packages/airflow/example_dags/example_bash_operator.py
[2022-04-11 13:40:57,882] {processor.py:642} INFO - Processing file /home/airflow/.local/lib/python3.7/site-packages/airflow/example_dags/example_bash_operator.py for tasks to queue
[2022-04-11 13:40:57,884] {logging_mixin.py:109} INFO - [2022-04-11 13:40:57,883] {dagbag.py:500} INFO - Filling up the DagBag from /home/airflow/.local/lib/python3.7/site-packages/airflow/example_dags/example_bash_operator.py
[2022-04-11 13:40:57,907] {processor.py:652} INFO - DAG(s) dict_keys(['example_bash_operator']) retrieved from /home/airflow/.local/lib/python3.7/site-packages/airflow/example_dags/example_bash_operator.py
[2022-04-11 13:40:57,931] {logging_mixin.py:109} INFO - [2022-04-11 13:40:57,930] {dag.py:2398} INFO - Sync 1 DAGs
[2022-04-11 13:40:57,951] {logging_mixin.py:109} INFO - [2022-04-11 13:40:57,951] {dag.py:2937} INFO - Setting next_dagrun for example_bash_operator to 2022-04-10 00:00:00+00:00
[2022-04-11 13:40:57,963] {processor.py:171} INFO - Processing /home/airflow/.local/lib/python3.7/site-packages/airflow/example_dags/example_bash_operator.py took 0.086 seconds
[2022-04-11 13:41:28,509] {processor.py:163} INFO - Started process (PID=1858) to work on /home/airflow/.local/lib/python3.7/site-packages/airflow/example_dags/example_bash_operator.py
[2022-04-11 13:41:28,511] {processor.py:642} INFO - Processing file /home/airflow/.local/lib/python3.7/site-packages/airflow/example_dags/example_bash_operator.py for tasks to queue
[2022-04-11 13:41:28,513] {logging_mixin.py:109} INFO - [2022-04-11 13:41:28,512] {dagbag.py:500} INFO - Filling up the DagBag from /home/airflow/.local/lib/python3.7/site-packages/airflow/example_dags/example_bash_operator.py
[2022-04-11 13:41:28,540] {processor.py:652} INFO - DAG(s) dict_keys(['example_bash_operator']) retrieved from /home/airflow/.local/lib/python3.7/site-packages/airflow/example_dags/example_bash_operator.py
[2022-04-11 13:41:28,568] {logging_mixin.py:109} INFO - [2022-04-11 13:41:28,568] {dag.py:2398} INFO - Sync 1 DAGs
[2022-04-11 13:41:28,591] {logging_mixin.py:109} INFO - [2022-04-11 13:41:28,591] {dag.py:2937} INFO - Setting next_dagrun for example_bash_operator to 2022-04-10 00:00:00+00:00
[2022-04-11 13:41:28,604] {processor.py:171} INFO - Processing /home/airflow/.local/lib/python3.7/site-packages/airflow/example_dags/example_bash_operator.py took 0.099 seconds
[2022-04-11 13:41:59,130] {processor.py:163} INFO - Started process (PID=1910) to work on /home/airflow/.local/lib/python3.7/site-packages/airflow/example_dags/example_bash_operator.py
[2022-04-11 13:41:59,133] {processor.py:642} INFO - Processing file /home/airflow/.local/lib/python3.7/site-packages/airflow/example_dags/example_bash_operator.py for tasks to queue
[2022-04-11 13:41:59,135] {logging_mixin.py:109} INFO - [2022-04-11 13:41:59,135] {dagbag.py:500} INFO - Filling up the DagBag from /home/airflow/.local/lib/python3.7/site-packages/airflow/example_dags/example_bash_operator.py
[2022-04-11 13:41:59,173] {processor.py:652} INFO - DAG(s) dict_keys(['example_bash_operator']) retrieved from /home/airflow/.local/lib/python3.7/site-packages/airflow/example_dags/example_bash_operator.py
[2022-04-11 13:41:59,207] {logging_mixin.py:109} INFO - [2022-04-11 13:41:59,207] {dag.py:2398} INFO - Sync 1 DAGs
[2022-04-11 13:41:59,236] {logging_mixin.py:109} INFO - [2022-04-11 13:41:59,235] {dag.py:2937} INFO - Setting next_dagrun for example_bash_operator to 2022-04-10 00:00:00+00:00
[2022-04-11 13:41:59,265] {processor.py:171} INFO - Processing /home/airflow/.local/lib/python3.7/site-packages/airflow/example_dags/example_bash_operator.py took 0.143 seconds
[2022-04-11 13:42:29,304] {processor.py:163} INFO - Started process (PID=1962) to work on /home/airflow/.local/lib/python3.7/site-packages/airflow/example_dags/example_bash_operator.py
[2022-04-11 13:42:29,306] {processor.py:642} INFO - Processing file /home/airflow/.local/lib/python3.7/site-packages/airflow/example_dags/example_bash_operator.py for tasks to queue
[2022-04-11 13:42:29,307] {logging_mixin.py:109} INFO - [2022-04-11 13:42:29,307] {dagbag.py:500} INFO - Filling up the DagBag from /home/airflow/.local/lib/python3.7/site-packages/airflow/example_dags/example_bash_operator.py
[2022-04-11 13:42:29,334] {processor.py:652} INFO - DAG(s) dict_keys(['example_bash_operator']) retrieved from /home/airflow/.local/lib/python3.7/site-packages/airflow/example_dags/example_bash_operator.py
[2022-04-11 13:42:29,363] {logging_mixin.py:109} INFO - [2022-04-11 13:42:29,363] {dag.py:2398} INFO - Sync 1 DAGs
[2022-04-11 13:42:29,388] {logging_mixin.py:109} INFO - [2022-04-11 13:42:29,388] {dag.py:2937} INFO - Setting next_dagrun for example_bash_operator to 2022-04-10 00:00:00+00:00
[2022-04-11 13:42:29,400] {processor.py:171} INFO - Processing /home/airflow/.local/lib/python3.7/site-packages/airflow/example_dags/example_bash_operator.py took 0.101 seconds
[2022-04-11 13:43:00,214] {processor.py:163} INFO - Started process (PID=2025) to work on /home/airflow/.local/lib/python3.7/site-packages/airflow/example_dags/example_bash_operator.py
[2022-04-11 13:43:00,216] {processor.py:642} INFO - Processing file /home/airflow/.local/lib/python3.7/site-packages/airflow/example_dags/example_bash_operator.py for tasks to queue
[2022-04-11 13:43:00,217] {logging_mixin.py:109} INFO - [2022-04-11 13:43:00,217] {dagbag.py:500} INFO - Filling up the DagBag from /home/airflow/.local/lib/python3.7/site-packages/airflow/example_dags/example_bash_operator.py
[2022-04-11 13:43:00,243] {processor.py:652} INFO - DAG(s) dict_keys(['example_bash_operator']) retrieved from /home/airflow/.local/lib/python3.7/site-packages/airflow/example_dags/example_bash_operator.py
[2022-04-11 13:43:00,270] {logging_mixin.py:109} INFO - [2022-04-11 13:43:00,270] {dag.py:2398} INFO - Sync 1 DAGs
[2022-04-11 13:43:00,293] {logging_mixin.py:109} INFO - [2022-04-11 13:43:00,293] {dag.py:2937} INFO - Setting next_dagrun for example_bash_operator to 2022-04-10 00:00:00+00:00
[2022-04-11 13:43:00,303] {processor.py:171} INFO - Processing /home/airflow/.local/lib/python3.7/site-packages/airflow/example_dags/example_bash_operator.py took 0.094 seconds
[2022-04-11 13:43:30,631] {processor.py:163} INFO - Started process (PID=2077) to work on /home/airflow/.local/lib/python3.7/site-packages/airflow/example_dags/example_bash_operator.py
[2022-04-11 13:43:30,633] {processor.py:642} INFO - Processing file /home/airflow/.local/lib/python3.7/site-packages/airflow/example_dags/example_bash_operator.py for tasks to queue
[2022-04-11 13:43:30,635] {logging_mixin.py:109} INFO - [2022-04-11 13:43:30,635] {dagbag.py:500} INFO - Filling up the DagBag from /home/airflow/.local/lib/python3.7/site-packages/airflow/example_dags/example_bash_operator.py
[2022-04-11 13:43:30,660] {processor.py:652} INFO - DAG(s) dict_keys(['example_bash_operator']) retrieved from /home/airflow/.local/lib/python3.7/site-packages/airflow/example_dags/example_bash_operator.py
[2022-04-11 13:43:30,684] {logging_mixin.py:109} INFO - [2022-04-11 13:43:30,684] {dag.py:2398} INFO - Sync 1 DAGs
[2022-04-11 13:43:30,706] {logging_mixin.py:109} INFO - [2022-04-11 13:43:30,705] {dag.py:2937} INFO - Setting next_dagrun for example_bash_operator to 2022-04-10 00:00:00+00:00
[2022-04-11 13:43:30,716] {processor.py:171} INFO - Processing /home/airflow/.local/lib/python3.7/site-packages/airflow/example_dags/example_bash_operator.py took 0.090 seconds
[2022-04-11 13:44:01,436] {processor.py:163} INFO - Started process (PID=2141) to work on /home/airflow/.local/lib/python3.7/site-packages/airflow/example_dags/example_bash_operator.py
[2022-04-11 13:44:01,438] {processor.py:642} INFO - Processing file /home/airflow/.local/lib/python3.7/site-packages/airflow/example_dags/example_bash_operator.py for tasks to queue
[2022-04-11 13:44:01,439] {logging_mixin.py:109} INFO - [2022-04-11 13:44:01,439] {dagbag.py:500} INFO - Filling up the DagBag from /home/airflow/.local/lib/python3.7/site-packages/airflow/example_dags/example_bash_operator.py
[2022-04-11 13:44:01,465] {processor.py:652} INFO - DAG(s) dict_keys(['example_bash_operator']) retrieved from /home/airflow/.local/lib/python3.7/site-packages/airflow/example_dags/example_bash_operator.py
[2022-04-11 13:44:01,491] {logging_mixin.py:109} INFO - [2022-04-11 13:44:01,491] {dag.py:2398} INFO - Sync 1 DAGs
[2022-04-11 13:44:01,512] {logging_mixin.py:109} INFO - [2022-04-11 13:44:01,512] {dag.py:2937} INFO - Setting next_dagrun for example_bash_operator to 2022-04-10 00:00:00+00:00
[2022-04-11 13:44:01,523] {processor.py:171} INFO - Processing /home/airflow/.local/lib/python3.7/site-packages/airflow/example_dags/example_bash_operator.py took 0.091 seconds
[2022-04-11 13:44:32,088] {processor.py:163} INFO - Started process (PID=2193) to work on /home/airflow/.local/lib/python3.7/site-packages/airflow/example_dags/example_bash_operator.py
[2022-04-11 13:44:32,092] {processor.py:642} INFO - Processing file /home/airflow/.local/lib/python3.7/site-packages/airflow/example_dags/example_bash_operator.py for tasks to queue
[2022-04-11 13:44:32,094] {logging_mixin.py:109} INFO - [2022-04-11 13:44:32,094] {dagbag.py:500} INFO - Filling up the DagBag from /home/airflow/.local/lib/python3.7/site-packages/airflow/example_dags/example_bash_operator.py
[2022-04-11 13:44:32,135] {processor.py:652} INFO - DAG(s) dict_keys(['example_bash_operator']) retrieved from /home/airflow/.local/lib/python3.7/site-packages/airflow/example_dags/example_bash_operator.py
[2022-04-11 13:44:32,187] {logging_mixin.py:109} INFO - [2022-04-11 13:44:32,187] {dag.py:2398} INFO - Sync 1 DAGs
[2022-04-11 13:44:32,231] {logging_mixin.py:109} INFO - [2022-04-11 13:44:32,231] {dag.py:2937} INFO - Setting next_dagrun for example_bash_operator to 2022-04-10 00:00:00+00:00
[2022-04-11 13:44:32,252] {processor.py:171} INFO - Processing /home/airflow/.local/lib/python3.7/site-packages/airflow/example_dags/example_bash_operator.py took 0.171 seconds
[2022-04-11 13:45:02,627] {processor.py:163} INFO - Started process (PID=2253) to work on /home/airflow/.local/lib/python3.7/site-packages/airflow/example_dags/example_bash_operator.py
[2022-04-11 13:45:02,637] {processor.py:642} INFO - Processing file /home/airflow/.local/lib/python3.7/site-packages/airflow/example_dags/example_bash_operator.py for tasks to queue
[2022-04-11 13:45:02,644] {logging_mixin.py:109} INFO - [2022-04-11 13:45:02,643] {dagbag.py:500} INFO - Filling up the DagBag from /home/airflow/.local/lib/python3.7/site-packages/airflow/example_dags/example_bash_operator.py
[2022-04-11 13:45:02,701] {processor.py:652} INFO - DAG(s) dict_keys(['example_bash_operator']) retrieved from /home/airflow/.local/lib/python3.7/site-packages/airflow/example_dags/example_bash_operator.py
[2022-04-11 13:45:02,752] {logging_mixin.py:109} INFO - [2022-04-11 13:45:02,752] {dag.py:2398} INFO - Sync 1 DAGs
[2022-04-11 13:45:02,795] {logging_mixin.py:109} INFO - [2022-04-11 13:45:02,795] {dag.py:2937} INFO - Setting next_dagrun for example_bash_operator to 2022-04-10 00:00:00+00:00
[2022-04-11 13:45:02,814] {processor.py:171} INFO - Processing /home/airflow/.local/lib/python3.7/site-packages/airflow/example_dags/example_bash_operator.py took 0.198 seconds
[2022-04-11 13:45:33,458] {processor.py:163} INFO - Started process (PID=2304) to work on /home/airflow/.local/lib/python3.7/site-packages/airflow/example_dags/example_bash_operator.py
[2022-04-11 13:45:33,461] {processor.py:642} INFO - Processing file /home/airflow/.local/lib/python3.7/site-packages/airflow/example_dags/example_bash_operator.py for tasks to queue
[2022-04-11 13:45:33,462] {logging_mixin.py:109} INFO - [2022-04-11 13:45:33,462] {dagbag.py:500} INFO - Filling up the DagBag from /home/airflow/.local/lib/python3.7/site-packages/airflow/example_dags/example_bash_operator.py
[2022-04-11 13:45:33,484] {processor.py:652} INFO - DAG(s) dict_keys(['example_bash_operator']) retrieved from /home/airflow/.local/lib/python3.7/site-packages/airflow/example_dags/example_bash_operator.py
[2022-04-11 13:45:33,506] {logging_mixin.py:109} INFO - [2022-04-11 13:45:33,506] {dag.py:2398} INFO - Sync 1 DAGs
[2022-04-11 13:45:33,532] {logging_mixin.py:109} INFO - [2022-04-11 13:45:33,531] {dag.py:2937} INFO - Setting next_dagrun for example_bash_operator to 2022-04-10 00:00:00+00:00
[2022-04-11 13:45:33,543] {processor.py:171} INFO - Processing /home/airflow/.local/lib/python3.7/site-packages/airflow/example_dags/example_bash_operator.py took 0.089 seconds
[2022-04-11 13:46:04,006] {processor.py:163} INFO - Started process (PID=2356) to work on /home/airflow/.local/lib/python3.7/site-packages/airflow/example_dags/example_bash_operator.py
[2022-04-11 13:46:04,011] {processor.py:642} INFO - Processing file /home/airflow/.local/lib/python3.7/site-packages/airflow/example_dags/example_bash_operator.py for tasks to queue
[2022-04-11 13:46:04,012] {logging_mixin.py:109} INFO - [2022-04-11 13:46:04,012] {dagbag.py:500} INFO - Filling up the DagBag from /home/airflow/.local/lib/python3.7/site-packages/airflow/example_dags/example_bash_operator.py
[2022-04-11 13:46:04,045] {processor.py:652} INFO - DAG(s) dict_keys(['example_bash_operator']) retrieved from /home/airflow/.local/lib/python3.7/site-packages/airflow/example_dags/example_bash_operator.py
[2022-04-11 13:46:04,078] {logging_mixin.py:109} INFO - [2022-04-11 13:46:04,078] {dag.py:2398} INFO - Sync 1 DAGs
[2022-04-11 13:46:04,105] {logging_mixin.py:109} INFO - [2022-04-11 13:46:04,105] {dag.py:2937} INFO - Setting next_dagrun for example_bash_operator to 2022-04-10 00:00:00+00:00
[2022-04-11 13:46:04,124] {processor.py:171} INFO - Processing /home/airflow/.local/lib/python3.7/site-packages/airflow/example_dags/example_bash_operator.py took 0.121 seconds
[2022-04-11 13:46:34,663] {processor.py:163} INFO - Started process (PID=2418) to work on /home/airflow/.local/lib/python3.7/site-packages/airflow/example_dags/example_bash_operator.py
[2022-04-11 13:46:34,666] {processor.py:642} INFO - Processing file /home/airflow/.local/lib/python3.7/site-packages/airflow/example_dags/example_bash_operator.py for tasks to queue
[2022-04-11 13:46:34,669] {logging_mixin.py:109} INFO - [2022-04-11 13:46:34,668] {dagbag.py:500} INFO - Filling up the DagBag from /home/airflow/.local/lib/python3.7/site-packages/airflow/example_dags/example_bash_operator.py
[2022-04-11 13:46:34,701] {processor.py:652} INFO - DAG(s) dict_keys(['example_bash_operator']) retrieved from /home/airflow/.local/lib/python3.7/site-packages/airflow/example_dags/example_bash_operator.py
[2022-04-11 13:46:34,753] {logging_mixin.py:109} INFO - [2022-04-11 13:46:34,753] {dag.py:2398} INFO - Sync 1 DAGs
[2022-04-11 13:46:34,786] {logging_mixin.py:109} INFO - [2022-04-11 13:46:34,786] {dag.py:2937} INFO - Setting next_dagrun for example_bash_operator to 2022-04-10 00:00:00+00:00
[2022-04-11 13:46:34,806] {processor.py:171} INFO - Processing /home/airflow/.local/lib/python3.7/site-packages/airflow/example_dags/example_bash_operator.py took 0.149 seconds
[2022-04-11 13:47:05,165] {processor.py:163} INFO - Started process (PID=2472) to work on /home/airflow/.local/lib/python3.7/site-packages/airflow/example_dags/example_bash_operator.py
[2022-04-11 13:47:05,170] {processor.py:642} INFO - Processing file /home/airflow/.local/lib/python3.7/site-packages/airflow/example_dags/example_bash_operator.py for tasks to queue
[2022-04-11 13:47:05,173] {logging_mixin.py:109} INFO - [2022-04-11 13:47:05,172] {dagbag.py:500} INFO - Filling up the DagBag from /home/airflow/.local/lib/python3.7/site-packages/airflow/example_dags/example_bash_operator.py
[2022-04-11 13:47:05,246] {processor.py:652} INFO - DAG(s) dict_keys(['example_bash_operator']) retrieved from /home/airflow/.local/lib/python3.7/site-packages/airflow/example_dags/example_bash_operator.py
[2022-04-11 13:47:05,295] {logging_mixin.py:109} INFO - [2022-04-11 13:47:05,295] {dag.py:2398} INFO - Sync 1 DAGs
[2022-04-11 13:47:05,346] {logging_mixin.py:109} INFO - [2022-04-11 13:47:05,346] {dag.py:2937} INFO - Setting next_dagrun for example_bash_operator to 2022-04-10 00:00:00+00:00
[2022-04-11 13:47:05,389] {processor.py:171} INFO - Processing /home/airflow/.local/lib/python3.7/site-packages/airflow/example_dags/example_bash_operator.py took 0.231 seconds
[2022-04-11 13:47:35,928] {processor.py:163} INFO - Started process (PID=2525) to work on /home/airflow/.local/lib/python3.7/site-packages/airflow/example_dags/example_bash_operator.py
[2022-04-11 13:47:35,931] {processor.py:642} INFO - Processing file /home/airflow/.local/lib/python3.7/site-packages/airflow/example_dags/example_bash_operator.py for tasks to queue
[2022-04-11 13:47:35,933] {logging_mixin.py:109} INFO - [2022-04-11 13:47:35,933] {dagbag.py:500} INFO - Filling up the DagBag from /home/airflow/.local/lib/python3.7/site-packages/airflow/example_dags/example_bash_operator.py
[2022-04-11 13:47:35,977] {processor.py:652} INFO - DAG(s) dict_keys(['example_bash_operator']) retrieved from /home/airflow/.local/lib/python3.7/site-packages/airflow/example_dags/example_bash_operator.py
[2022-04-11 13:47:36,015] {logging_mixin.py:109} INFO - [2022-04-11 13:47:36,015] {dag.py:2398} INFO - Sync 1 DAGs
[2022-04-11 13:47:36,051] {logging_mixin.py:109} INFO - [2022-04-11 13:47:36,051] {dag.py:2937} INFO - Setting next_dagrun for example_bash_operator to 2022-04-10 00:00:00+00:00
[2022-04-11 13:47:36,066] {processor.py:171} INFO - Processing /home/airflow/.local/lib/python3.7/site-packages/airflow/example_dags/example_bash_operator.py took 0.143 seconds
[2022-04-11 13:48:06,642] {processor.py:163} INFO - Started process (PID=2588) to work on /home/airflow/.local/lib/python3.7/site-packages/airflow/example_dags/example_bash_operator.py
[2022-04-11 13:48:06,644] {processor.py:642} INFO - Processing file /home/airflow/.local/lib/python3.7/site-packages/airflow/example_dags/example_bash_operator.py for tasks to queue
[2022-04-11 13:48:06,645] {logging_mixin.py:109} INFO - [2022-04-11 13:48:06,645] {dagbag.py:500} INFO - Filling up the DagBag from /home/airflow/.local/lib/python3.7/site-packages/airflow/example_dags/example_bash_operator.py
[2022-04-11 13:48:06,672] {processor.py:652} INFO - DAG(s) dict_keys(['example_bash_operator']) retrieved from /home/airflow/.local/lib/python3.7/site-packages/airflow/example_dags/example_bash_operator.py
[2022-04-11 13:48:06,703] {logging_mixin.py:109} INFO - [2022-04-11 13:48:06,703] {dag.py:2398} INFO - Sync 1 DAGs
[2022-04-11 13:48:06,733] {logging_mixin.py:109} INFO - [2022-04-11 13:48:06,733] {dag.py:2937} INFO - Setting next_dagrun for example_bash_operator to 2022-04-10 00:00:00+00:00
[2022-04-11 13:48:06,745] {processor.py:171} INFO - Processing /home/airflow/.local/lib/python3.7/site-packages/airflow/example_dags/example_bash_operator.py took 0.107 seconds
[2022-04-11 13:48:37,339] {processor.py:163} INFO - Started process (PID=2640) to work on /home/airflow/.local/lib/python3.7/site-packages/airflow/example_dags/example_bash_operator.py
[2022-04-11 13:48:37,341] {processor.py:642} INFO - Processing file /home/airflow/.local/lib/python3.7/site-packages/airflow/example_dags/example_bash_operator.py for tasks to queue
[2022-04-11 13:48:37,343] {logging_mixin.py:109} INFO - [2022-04-11 13:48:37,342] {dagbag.py:500} INFO - Filling up the DagBag from /home/airflow/.local/lib/python3.7/site-packages/airflow/example_dags/example_bash_operator.py
[2022-04-11 13:48:37,368] {processor.py:652} INFO - DAG(s) dict_keys(['example_bash_operator']) retrieved from /home/airflow/.local/lib/python3.7/site-packages/airflow/example_dags/example_bash_operator.py
[2022-04-11 13:48:37,423] {logging_mixin.py:109} INFO - [2022-04-11 13:48:37,422] {dag.py:2398} INFO - Sync 1 DAGs
[2022-04-11 13:48:37,447] {logging_mixin.py:109} INFO - [2022-04-11 13:48:37,447] {dag.py:2937} INFO - Setting next_dagrun for example_bash_operator to 2022-04-10 00:00:00+00:00
[2022-04-11 13:48:37,461] {processor.py:171} INFO - Processing /home/airflow/.local/lib/python3.7/site-packages/airflow/example_dags/example_bash_operator.py took 0.126 seconds
[2022-04-11 13:49:08,081] {processor.py:163} INFO - Started process (PID=2703) to work on /home/airflow/.local/lib/python3.7/site-packages/airflow/example_dags/example_bash_operator.py
[2022-04-11 13:49:08,083] {processor.py:642} INFO - Processing file /home/airflow/.local/lib/python3.7/site-packages/airflow/example_dags/example_bash_operator.py for tasks to queue
[2022-04-11 13:49:08,084] {logging_mixin.py:109} INFO - [2022-04-11 13:49:08,084] {dagbag.py:500} INFO - Filling up the DagBag from /home/airflow/.local/lib/python3.7/site-packages/airflow/example_dags/example_bash_operator.py
[2022-04-11 13:49:08,107] {processor.py:652} INFO - DAG(s) dict_keys(['example_bash_operator']) retrieved from /home/airflow/.local/lib/python3.7/site-packages/airflow/example_dags/example_bash_operator.py
[2022-04-11 13:49:08,132] {logging_mixin.py:109} INFO - [2022-04-11 13:49:08,132] {dag.py:2398} INFO - Sync 1 DAGs
[2022-04-11 13:49:08,159] {logging_mixin.py:109} INFO - [2022-04-11 13:49:08,158] {dag.py:2937} INFO - Setting next_dagrun for example_bash_operator to 2022-04-10 00:00:00+00:00
[2022-04-11 13:49:08,176] {processor.py:171} INFO - Processing /home/airflow/.local/lib/python3.7/site-packages/airflow/example_dags/example_bash_operator.py took 0.099 seconds
