[2022-04-11 13:27:16,554] {processor.py:163} INFO - Started process (PID=255) to work on /home/airflow/.local/lib/python3.7/site-packages/airflow/example_dags/example_branch_datetime_operator.py
[2022-04-11 13:27:16,556] {processor.py:642} INFO - Processing file /home/airflow/.local/lib/python3.7/site-packages/airflow/example_dags/example_branch_datetime_operator.py for tasks to queue
[2022-04-11 13:27:16,557] {logging_mixin.py:109} INFO - [2022-04-11 13:27:16,557] {dagbag.py:500} INFO - Filling up the DagBag from /home/airflow/.local/lib/python3.7/site-packages/airflow/example_dags/example_branch_datetime_operator.py
[2022-04-11 13:27:16,581] {processor.py:652} INFO - DAG(s) dict_keys(['example_branch_datetime_operator_2']) retrieved from /home/airflow/.local/lib/python3.7/site-packages/airflow/example_dags/example_branch_datetime_operator.py
[2022-04-11 13:27:18,612] {logging_mixin.py:109} INFO - [2022-04-11 13:27:18,612] {manager.py:496} INFO - Created Permission View: can read on DAG:example_branch_datetime_operator_2
[2022-04-11 13:27:18,621] {logging_mixin.py:109} INFO - [2022-04-11 13:27:18,621] {manager.py:496} INFO - Created Permission View: can edit on DAG:example_branch_datetime_operator_2
[2022-04-11 13:27:18,622] {logging_mixin.py:109} INFO - [2022-04-11 13:27:18,622] {dag.py:2398} INFO - Sync 1 DAGs
[2022-04-11 13:27:18,630] {logging_mixin.py:109} INFO - [2022-04-11 13:27:18,630] {dag.py:2417} INFO - Creating ORM DAG for example_branch_datetime_operator_2
[2022-04-11 13:27:18,643] {logging_mixin.py:109} INFO - [2022-04-11 13:27:18,643] {dag.py:2937} INFO - Setting next_dagrun for example_branch_datetime_operator_2 to 2022-04-10 00:00:00+00:00
[2022-04-11 13:27:18,656] {processor.py:171} INFO - Processing /home/airflow/.local/lib/python3.7/site-packages/airflow/example_dags/example_branch_datetime_operator.py took 2.106 seconds
[2022-04-11 13:27:48,840] {processor.py:163} INFO - Started process (PID=328) to work on /home/airflow/.local/lib/python3.7/site-packages/airflow/example_dags/example_branch_datetime_operator.py
[2022-04-11 13:27:48,843] {processor.py:642} INFO - Processing file /home/airflow/.local/lib/python3.7/site-packages/airflow/example_dags/example_branch_datetime_operator.py for tasks to queue
[2022-04-11 13:27:48,844] {logging_mixin.py:109} INFO - [2022-04-11 13:27:48,844] {dagbag.py:500} INFO - Filling up the DagBag from /home/airflow/.local/lib/python3.7/site-packages/airflow/example_dags/example_branch_datetime_operator.py
[2022-04-11 13:27:48,873] {processor.py:652} INFO - DAG(s) dict_keys(['example_branch_datetime_operator_2']) retrieved from /home/airflow/.local/lib/python3.7/site-packages/airflow/example_dags/example_branch_datetime_operator.py
[2022-04-11 13:27:48,903] {logging_mixin.py:109} INFO - [2022-04-11 13:27:48,902] {dag.py:2398} INFO - Sync 1 DAGs
[2022-04-11 13:27:48,931] {logging_mixin.py:109} INFO - [2022-04-11 13:27:48,931] {dag.py:2937} INFO - Setting next_dagrun for example_branch_datetime_operator_2 to 2022-04-10 00:00:00+00:00
[2022-04-11 13:27:48,944] {processor.py:171} INFO - Processing /home/airflow/.local/lib/python3.7/site-packages/airflow/example_dags/example_branch_datetime_operator.py took 0.109 seconds
[2022-04-11 13:28:19,269] {processor.py:163} INFO - Started process (PID=381) to work on /home/airflow/.local/lib/python3.7/site-packages/airflow/example_dags/example_branch_datetime_operator.py
[2022-04-11 13:28:19,271] {processor.py:642} INFO - Processing file /home/airflow/.local/lib/python3.7/site-packages/airflow/example_dags/example_branch_datetime_operator.py for tasks to queue
[2022-04-11 13:28:19,272] {logging_mixin.py:109} INFO - [2022-04-11 13:28:19,272] {dagbag.py:500} INFO - Filling up the DagBag from /home/airflow/.local/lib/python3.7/site-packages/airflow/example_dags/example_branch_datetime_operator.py
[2022-04-11 13:28:19,291] {processor.py:652} INFO - DAG(s) dict_keys(['example_branch_datetime_operator_2']) retrieved from /home/airflow/.local/lib/python3.7/site-packages/airflow/example_dags/example_branch_datetime_operator.py
[2022-04-11 13:28:19,315] {logging_mixin.py:109} INFO - [2022-04-11 13:28:19,315] {dag.py:2398} INFO - Sync 1 DAGs
[2022-04-11 13:28:19,337] {logging_mixin.py:109} INFO - [2022-04-11 13:28:19,337] {dag.py:2937} INFO - Setting next_dagrun for example_branch_datetime_operator_2 to 2022-04-10 00:00:00+00:00
[2022-04-11 13:28:19,352] {processor.py:171} INFO - Processing /home/airflow/.local/lib/python3.7/site-packages/airflow/example_dags/example_branch_datetime_operator.py took 0.088 seconds
[2022-04-11 13:28:49,507] {processor.py:163} INFO - Started process (PID=441) to work on /home/airflow/.local/lib/python3.7/site-packages/airflow/example_dags/example_branch_datetime_operator.py
[2022-04-11 13:28:49,510] {processor.py:642} INFO - Processing file /home/airflow/.local/lib/python3.7/site-packages/airflow/example_dags/example_branch_datetime_operator.py for tasks to queue
[2022-04-11 13:28:49,513] {logging_mixin.py:109} INFO - [2022-04-11 13:28:49,512] {dagbag.py:500} INFO - Filling up the DagBag from /home/airflow/.local/lib/python3.7/site-packages/airflow/example_dags/example_branch_datetime_operator.py
[2022-04-11 13:28:49,538] {processor.py:652} INFO - DAG(s) dict_keys(['example_branch_datetime_operator_2']) retrieved from /home/airflow/.local/lib/python3.7/site-packages/airflow/example_dags/example_branch_datetime_operator.py
[2022-04-11 13:28:49,566] {logging_mixin.py:109} INFO - [2022-04-11 13:28:49,566] {dag.py:2398} INFO - Sync 1 DAGs
[2022-04-11 13:28:49,593] {logging_mixin.py:109} INFO - [2022-04-11 13:28:49,593] {dag.py:2937} INFO - Setting next_dagrun for example_branch_datetime_operator_2 to 2022-04-10 00:00:00+00:00
[2022-04-11 13:28:49,608] {processor.py:171} INFO - Processing /home/airflow/.local/lib/python3.7/site-packages/airflow/example_dags/example_branch_datetime_operator.py took 0.107 seconds
[2022-04-11 13:29:20,543] {processor.py:163} INFO - Started process (PID=493) to work on /home/airflow/.local/lib/python3.7/site-packages/airflow/example_dags/example_branch_datetime_operator.py
[2022-04-11 13:29:20,545] {processor.py:642} INFO - Processing file /home/airflow/.local/lib/python3.7/site-packages/airflow/example_dags/example_branch_datetime_operator.py for tasks to queue
[2022-04-11 13:29:20,547] {logging_mixin.py:109} INFO - [2022-04-11 13:29:20,547] {dagbag.py:500} INFO - Filling up the DagBag from /home/airflow/.local/lib/python3.7/site-packages/airflow/example_dags/example_branch_datetime_operator.py
[2022-04-11 13:29:20,571] {processor.py:652} INFO - DAG(s) dict_keys(['example_branch_datetime_operator_2']) retrieved from /home/airflow/.local/lib/python3.7/site-packages/airflow/example_dags/example_branch_datetime_operator.py
[2022-04-11 13:29:20,597] {logging_mixin.py:109} INFO - [2022-04-11 13:29:20,596] {dag.py:2398} INFO - Sync 1 DAGs
[2022-04-11 13:29:20,619] {logging_mixin.py:109} INFO - [2022-04-11 13:29:20,619] {dag.py:2937} INFO - Setting next_dagrun for example_branch_datetime_operator_2 to 2022-04-10 00:00:00+00:00
[2022-04-11 13:29:20,630] {processor.py:171} INFO - Processing /home/airflow/.local/lib/python3.7/site-packages/airflow/example_dags/example_branch_datetime_operator.py took 0.091 seconds
[2022-04-11 13:29:51,121] {processor.py:163} INFO - Started process (PID=556) to work on /home/airflow/.local/lib/python3.7/site-packages/airflow/example_dags/example_branch_datetime_operator.py
[2022-04-11 13:29:51,123] {processor.py:642} INFO - Processing file /home/airflow/.local/lib/python3.7/site-packages/airflow/example_dags/example_branch_datetime_operator.py for tasks to queue
[2022-04-11 13:29:51,124] {logging_mixin.py:109} INFO - [2022-04-11 13:29:51,124] {dagbag.py:500} INFO - Filling up the DagBag from /home/airflow/.local/lib/python3.7/site-packages/airflow/example_dags/example_branch_datetime_operator.py
[2022-04-11 13:29:51,142] {processor.py:652} INFO - DAG(s) dict_keys(['example_branch_datetime_operator_2']) retrieved from /home/airflow/.local/lib/python3.7/site-packages/airflow/example_dags/example_branch_datetime_operator.py
[2022-04-11 13:29:51,162] {logging_mixin.py:109} INFO - [2022-04-11 13:29:51,162] {dag.py:2398} INFO - Sync 1 DAGs
[2022-04-11 13:29:51,185] {logging_mixin.py:109} INFO - [2022-04-11 13:29:51,184] {dag.py:2937} INFO - Setting next_dagrun for example_branch_datetime_operator_2 to 2022-04-10 00:00:00+00:00
[2022-04-11 13:29:51,197] {processor.py:171} INFO - Processing /home/airflow/.local/lib/python3.7/site-packages/airflow/example_dags/example_branch_datetime_operator.py took 0.080 seconds
[2022-04-11 13:30:21,739] {processor.py:163} INFO - Started process (PID=607) to work on /home/airflow/.local/lib/python3.7/site-packages/airflow/example_dags/example_branch_datetime_operator.py
[2022-04-11 13:30:21,741] {processor.py:642} INFO - Processing file /home/airflow/.local/lib/python3.7/site-packages/airflow/example_dags/example_branch_datetime_operator.py for tasks to queue
[2022-04-11 13:30:21,743] {logging_mixin.py:109} INFO - [2022-04-11 13:30:21,743] {dagbag.py:500} INFO - Filling up the DagBag from /home/airflow/.local/lib/python3.7/site-packages/airflow/example_dags/example_branch_datetime_operator.py
[2022-04-11 13:30:21,767] {processor.py:652} INFO - DAG(s) dict_keys(['example_branch_datetime_operator_2']) retrieved from /home/airflow/.local/lib/python3.7/site-packages/airflow/example_dags/example_branch_datetime_operator.py
[2022-04-11 13:30:21,803] {logging_mixin.py:109} INFO - [2022-04-11 13:30:21,803] {dag.py:2398} INFO - Sync 1 DAGs
[2022-04-11 13:30:21,831] {logging_mixin.py:109} INFO - [2022-04-11 13:30:21,831] {dag.py:2937} INFO - Setting next_dagrun for example_branch_datetime_operator_2 to 2022-04-10 00:00:00+00:00
[2022-04-11 13:30:21,849] {processor.py:171} INFO - Processing /home/airflow/.local/lib/python3.7/site-packages/airflow/example_dags/example_branch_datetime_operator.py took 0.114 seconds
[2022-04-11 13:30:52,663] {processor.py:163} INFO - Started process (PID=669) to work on /home/airflow/.local/lib/python3.7/site-packages/airflow/example_dags/example_branch_datetime_operator.py
[2022-04-11 13:30:52,665] {processor.py:642} INFO - Processing file /home/airflow/.local/lib/python3.7/site-packages/airflow/example_dags/example_branch_datetime_operator.py for tasks to queue
[2022-04-11 13:30:52,666] {logging_mixin.py:109} INFO - [2022-04-11 13:30:52,666] {dagbag.py:500} INFO - Filling up the DagBag from /home/airflow/.local/lib/python3.7/site-packages/airflow/example_dags/example_branch_datetime_operator.py
[2022-04-11 13:30:52,685] {processor.py:652} INFO - DAG(s) dict_keys(['example_branch_datetime_operator_2']) retrieved from /home/airflow/.local/lib/python3.7/site-packages/airflow/example_dags/example_branch_datetime_operator.py
[2022-04-11 13:30:52,707] {logging_mixin.py:109} INFO - [2022-04-11 13:30:52,707] {dag.py:2398} INFO - Sync 1 DAGs
[2022-04-11 13:30:52,733] {logging_mixin.py:109} INFO - [2022-04-11 13:30:52,733] {dag.py:2937} INFO - Setting next_dagrun for example_branch_datetime_operator_2 to 2022-04-10 00:00:00+00:00
[2022-04-11 13:30:52,746] {processor.py:171} INFO - Processing /home/airflow/.local/lib/python3.7/site-packages/airflow/example_dags/example_branch_datetime_operator.py took 0.087 seconds
[2022-04-11 13:31:23,119] {processor.py:163} INFO - Started process (PID=720) to work on /home/airflow/.local/lib/python3.7/site-packages/airflow/example_dags/example_branch_datetime_operator.py
[2022-04-11 13:31:23,121] {processor.py:642} INFO - Processing file /home/airflow/.local/lib/python3.7/site-packages/airflow/example_dags/example_branch_datetime_operator.py for tasks to queue
[2022-04-11 13:31:23,123] {logging_mixin.py:109} INFO - [2022-04-11 13:31:23,122] {dagbag.py:500} INFO - Filling up the DagBag from /home/airflow/.local/lib/python3.7/site-packages/airflow/example_dags/example_branch_datetime_operator.py
[2022-04-11 13:31:23,151] {processor.py:652} INFO - DAG(s) dict_keys(['example_branch_datetime_operator_2']) retrieved from /home/airflow/.local/lib/python3.7/site-packages/airflow/example_dags/example_branch_datetime_operator.py
[2022-04-11 13:31:23,180] {logging_mixin.py:109} INFO - [2022-04-11 13:31:23,180] {dag.py:2398} INFO - Sync 1 DAGs
[2022-04-11 13:31:23,207] {logging_mixin.py:109} INFO - [2022-04-11 13:31:23,207] {dag.py:2937} INFO - Setting next_dagrun for example_branch_datetime_operator_2 to 2022-04-10 00:00:00+00:00
[2022-04-11 13:31:23,220] {processor.py:171} INFO - Processing /home/airflow/.local/lib/python3.7/site-packages/airflow/example_dags/example_branch_datetime_operator.py took 0.104 seconds
[2022-04-11 13:31:53,432] {processor.py:163} INFO - Started process (PID=792) to work on /home/airflow/.local/lib/python3.7/site-packages/airflow/example_dags/example_branch_datetime_operator.py
[2022-04-11 13:31:53,434] {processor.py:642} INFO - Processing file /home/airflow/.local/lib/python3.7/site-packages/airflow/example_dags/example_branch_datetime_operator.py for tasks to queue
[2022-04-11 13:31:53,436] {logging_mixin.py:109} INFO - [2022-04-11 13:31:53,436] {dagbag.py:500} INFO - Filling up the DagBag from /home/airflow/.local/lib/python3.7/site-packages/airflow/example_dags/example_branch_datetime_operator.py
[2022-04-11 13:31:53,465] {processor.py:652} INFO - DAG(s) dict_keys(['example_branch_datetime_operator_2']) retrieved from /home/airflow/.local/lib/python3.7/site-packages/airflow/example_dags/example_branch_datetime_operator.py
[2022-04-11 13:31:53,500] {logging_mixin.py:109} INFO - [2022-04-11 13:31:53,499] {dag.py:2398} INFO - Sync 1 DAGs
[2022-04-11 13:31:53,533] {logging_mixin.py:109} INFO - [2022-04-11 13:31:53,533] {dag.py:2937} INFO - Setting next_dagrun for example_branch_datetime_operator_2 to 2022-04-10 00:00:00+00:00
[2022-04-11 13:31:53,548] {processor.py:171} INFO - Processing /home/airflow/.local/lib/python3.7/site-packages/airflow/example_dags/example_branch_datetime_operator.py took 0.121 seconds
[2022-04-11 13:32:23,722] {processor.py:163} INFO - Started process (PID=844) to work on /home/airflow/.local/lib/python3.7/site-packages/airflow/example_dags/example_branch_datetime_operator.py
[2022-04-11 13:32:23,724] {processor.py:642} INFO - Processing file /home/airflow/.local/lib/python3.7/site-packages/airflow/example_dags/example_branch_datetime_operator.py for tasks to queue
[2022-04-11 13:32:23,726] {logging_mixin.py:109} INFO - [2022-04-11 13:32:23,726] {dagbag.py:500} INFO - Filling up the DagBag from /home/airflow/.local/lib/python3.7/site-packages/airflow/example_dags/example_branch_datetime_operator.py
[2022-04-11 13:32:23,747] {processor.py:652} INFO - DAG(s) dict_keys(['example_branch_datetime_operator_2']) retrieved from /home/airflow/.local/lib/python3.7/site-packages/airflow/example_dags/example_branch_datetime_operator.py
[2022-04-11 13:32:23,773] {logging_mixin.py:109} INFO - [2022-04-11 13:32:23,773] {dag.py:2398} INFO - Sync 1 DAGs
[2022-04-11 13:32:23,799] {logging_mixin.py:109} INFO - [2022-04-11 13:32:23,799] {dag.py:2937} INFO - Setting next_dagrun for example_branch_datetime_operator_2 to 2022-04-10 00:00:00+00:00
[2022-04-11 13:32:23,813] {processor.py:171} INFO - Processing /home/airflow/.local/lib/python3.7/site-packages/airflow/example_dags/example_branch_datetime_operator.py took 0.095 seconds
[2022-04-11 13:32:54,251] {processor.py:163} INFO - Started process (PID=896) to work on /home/airflow/.local/lib/python3.7/site-packages/airflow/example_dags/example_branch_datetime_operator.py
[2022-04-11 13:32:54,253] {processor.py:642} INFO - Processing file /home/airflow/.local/lib/python3.7/site-packages/airflow/example_dags/example_branch_datetime_operator.py for tasks to queue
[2022-04-11 13:32:54,254] {logging_mixin.py:109} INFO - [2022-04-11 13:32:54,254] {dagbag.py:500} INFO - Filling up the DagBag from /home/airflow/.local/lib/python3.7/site-packages/airflow/example_dags/example_branch_datetime_operator.py
[2022-04-11 13:32:54,275] {processor.py:652} INFO - DAG(s) dict_keys(['example_branch_datetime_operator_2']) retrieved from /home/airflow/.local/lib/python3.7/site-packages/airflow/example_dags/example_branch_datetime_operator.py
[2022-04-11 13:32:54,301] {logging_mixin.py:109} INFO - [2022-04-11 13:32:54,301] {dag.py:2398} INFO - Sync 1 DAGs
[2022-04-11 13:32:54,335] {logging_mixin.py:109} INFO - [2022-04-11 13:32:54,335] {dag.py:2937} INFO - Setting next_dagrun for example_branch_datetime_operator_2 to 2022-04-10 00:00:00+00:00
[2022-04-11 13:32:54,354] {processor.py:171} INFO - Processing /home/airflow/.local/lib/python3.7/site-packages/airflow/example_dags/example_branch_datetime_operator.py took 0.107 seconds
[2022-04-11 13:33:24,730] {processor.py:163} INFO - Started process (PID=957) to work on /home/airflow/.local/lib/python3.7/site-packages/airflow/example_dags/example_branch_datetime_operator.py
[2022-04-11 13:33:24,732] {processor.py:642} INFO - Processing file /home/airflow/.local/lib/python3.7/site-packages/airflow/example_dags/example_branch_datetime_operator.py for tasks to queue
[2022-04-11 13:33:24,734] {logging_mixin.py:109} INFO - [2022-04-11 13:33:24,734] {dagbag.py:500} INFO - Filling up the DagBag from /home/airflow/.local/lib/python3.7/site-packages/airflow/example_dags/example_branch_datetime_operator.py
[2022-04-11 13:33:24,756] {processor.py:652} INFO - DAG(s) dict_keys(['example_branch_datetime_operator_2']) retrieved from /home/airflow/.local/lib/python3.7/site-packages/airflow/example_dags/example_branch_datetime_operator.py
[2022-04-11 13:33:24,783] {logging_mixin.py:109} INFO - [2022-04-11 13:33:24,783] {dag.py:2398} INFO - Sync 1 DAGs
[2022-04-11 13:33:24,811] {logging_mixin.py:109} INFO - [2022-04-11 13:33:24,810] {dag.py:2937} INFO - Setting next_dagrun for example_branch_datetime_operator_2 to 2022-04-10 00:00:00+00:00
[2022-04-11 13:33:24,826] {processor.py:171} INFO - Processing /home/airflow/.local/lib/python3.7/site-packages/airflow/example_dags/example_branch_datetime_operator.py took 0.102 seconds
[2022-04-11 13:33:55,797] {processor.py:163} INFO - Started process (PID=1008) to work on /home/airflow/.local/lib/python3.7/site-packages/airflow/example_dags/example_branch_datetime_operator.py
[2022-04-11 13:33:55,800] {processor.py:642} INFO - Processing file /home/airflow/.local/lib/python3.7/site-packages/airflow/example_dags/example_branch_datetime_operator.py for tasks to queue
[2022-04-11 13:33:55,801] {logging_mixin.py:109} INFO - [2022-04-11 13:33:55,801] {dagbag.py:500} INFO - Filling up the DagBag from /home/airflow/.local/lib/python3.7/site-packages/airflow/example_dags/example_branch_datetime_operator.py
[2022-04-11 13:33:55,825] {processor.py:652} INFO - DAG(s) dict_keys(['example_branch_datetime_operator_2']) retrieved from /home/airflow/.local/lib/python3.7/site-packages/airflow/example_dags/example_branch_datetime_operator.py
[2022-04-11 13:33:55,853] {logging_mixin.py:109} INFO - [2022-04-11 13:33:55,853] {dag.py:2398} INFO - Sync 1 DAGs
[2022-04-11 13:33:55,879] {logging_mixin.py:109} INFO - [2022-04-11 13:33:55,878] {dag.py:2937} INFO - Setting next_dagrun for example_branch_datetime_operator_2 to 2022-04-10 00:00:00+00:00
[2022-04-11 13:33:55,893] {processor.py:171} INFO - Processing /home/airflow/.local/lib/python3.7/site-packages/airflow/example_dags/example_branch_datetime_operator.py took 0.100 seconds
[2022-04-11 13:34:26,452] {processor.py:163} INFO - Started process (PID=1070) to work on /home/airflow/.local/lib/python3.7/site-packages/airflow/example_dags/example_branch_datetime_operator.py
[2022-04-11 13:34:26,454] {processor.py:642} INFO - Processing file /home/airflow/.local/lib/python3.7/site-packages/airflow/example_dags/example_branch_datetime_operator.py for tasks to queue
[2022-04-11 13:34:26,456] {logging_mixin.py:109} INFO - [2022-04-11 13:34:26,455] {dagbag.py:500} INFO - Filling up the DagBag from /home/airflow/.local/lib/python3.7/site-packages/airflow/example_dags/example_branch_datetime_operator.py
[2022-04-11 13:34:26,476] {processor.py:652} INFO - DAG(s) dict_keys(['example_branch_datetime_operator_2']) retrieved from /home/airflow/.local/lib/python3.7/site-packages/airflow/example_dags/example_branch_datetime_operator.py
[2022-04-11 13:34:26,502] {logging_mixin.py:109} INFO - [2022-04-11 13:34:26,502] {dag.py:2398} INFO - Sync 1 DAGs
[2022-04-11 13:34:26,525] {logging_mixin.py:109} INFO - [2022-04-11 13:34:26,525] {dag.py:2937} INFO - Setting next_dagrun for example_branch_datetime_operator_2 to 2022-04-10 00:00:00+00:00
[2022-04-11 13:34:26,542] {processor.py:171} INFO - Processing /home/airflow/.local/lib/python3.7/site-packages/airflow/example_dags/example_branch_datetime_operator.py took 0.094 seconds
[2022-04-11 13:34:57,230] {processor.py:163} INFO - Started process (PID=1123) to work on /home/airflow/.local/lib/python3.7/site-packages/airflow/example_dags/example_branch_datetime_operator.py
[2022-04-11 13:34:57,233] {processor.py:642} INFO - Processing file /home/airflow/.local/lib/python3.7/site-packages/airflow/example_dags/example_branch_datetime_operator.py for tasks to queue
[2022-04-11 13:34:57,235] {logging_mixin.py:109} INFO - [2022-04-11 13:34:57,234] {dagbag.py:500} INFO - Filling up the DagBag from /home/airflow/.local/lib/python3.7/site-packages/airflow/example_dags/example_branch_datetime_operator.py
[2022-04-11 13:34:57,258] {processor.py:652} INFO - DAG(s) dict_keys(['example_branch_datetime_operator_2']) retrieved from /home/airflow/.local/lib/python3.7/site-packages/airflow/example_dags/example_branch_datetime_operator.py
[2022-04-11 13:34:57,285] {logging_mixin.py:109} INFO - [2022-04-11 13:34:57,285] {dag.py:2398} INFO - Sync 1 DAGs
[2022-04-11 13:34:57,312] {logging_mixin.py:109} INFO - [2022-04-11 13:34:57,312] {dag.py:2937} INFO - Setting next_dagrun for example_branch_datetime_operator_2 to 2022-04-10 00:00:00+00:00
[2022-04-11 13:34:57,326] {processor.py:171} INFO - Processing /home/airflow/.local/lib/python3.7/site-packages/airflow/example_dags/example_branch_datetime_operator.py took 0.101 seconds
[2022-04-11 13:35:27,500] {processor.py:163} INFO - Started process (PID=1184) to work on /home/airflow/.local/lib/python3.7/site-packages/airflow/example_dags/example_branch_datetime_operator.py
[2022-04-11 13:35:27,502] {processor.py:642} INFO - Processing file /home/airflow/.local/lib/python3.7/site-packages/airflow/example_dags/example_branch_datetime_operator.py for tasks to queue
[2022-04-11 13:35:27,503] {logging_mixin.py:109} INFO - [2022-04-11 13:35:27,503] {dagbag.py:500} INFO - Filling up the DagBag from /home/airflow/.local/lib/python3.7/site-packages/airflow/example_dags/example_branch_datetime_operator.py
[2022-04-11 13:35:27,524] {processor.py:652} INFO - DAG(s) dict_keys(['example_branch_datetime_operator_2']) retrieved from /home/airflow/.local/lib/python3.7/site-packages/airflow/example_dags/example_branch_datetime_operator.py
[2022-04-11 13:35:27,548] {logging_mixin.py:109} INFO - [2022-04-11 13:35:27,548] {dag.py:2398} INFO - Sync 1 DAGs
[2022-04-11 13:35:27,571] {logging_mixin.py:109} INFO - [2022-04-11 13:35:27,571] {dag.py:2937} INFO - Setting next_dagrun for example_branch_datetime_operator_2 to 2022-04-10 00:00:00+00:00
[2022-04-11 13:35:27,584] {processor.py:171} INFO - Processing /home/airflow/.local/lib/python3.7/site-packages/airflow/example_dags/example_branch_datetime_operator.py took 0.088 seconds
[2022-04-11 13:35:57,827] {processor.py:163} INFO - Started process (PID=1236) to work on /home/airflow/.local/lib/python3.7/site-packages/airflow/example_dags/example_branch_datetime_operator.py
[2022-04-11 13:35:57,829] {processor.py:642} INFO - Processing file /home/airflow/.local/lib/python3.7/site-packages/airflow/example_dags/example_branch_datetime_operator.py for tasks to queue
[2022-04-11 13:35:57,831] {logging_mixin.py:109} INFO - [2022-04-11 13:35:57,831] {dagbag.py:500} INFO - Filling up the DagBag from /home/airflow/.local/lib/python3.7/site-packages/airflow/example_dags/example_branch_datetime_operator.py
[2022-04-11 13:35:57,854] {processor.py:652} INFO - DAG(s) dict_keys(['example_branch_datetime_operator_2']) retrieved from /home/airflow/.local/lib/python3.7/site-packages/airflow/example_dags/example_branch_datetime_operator.py
[2022-04-11 13:35:57,884] {logging_mixin.py:109} INFO - [2022-04-11 13:35:57,884] {dag.py:2398} INFO - Sync 1 DAGs
[2022-04-11 13:35:57,909] {logging_mixin.py:109} INFO - [2022-04-11 13:35:57,908] {dag.py:2937} INFO - Setting next_dagrun for example_branch_datetime_operator_2 to 2022-04-10 00:00:00+00:00
[2022-04-11 13:35:57,931] {processor.py:171} INFO - Processing /home/airflow/.local/lib/python3.7/site-packages/airflow/example_dags/example_branch_datetime_operator.py took 0.109 seconds
[2022-04-11 13:36:28,297] {processor.py:163} INFO - Started process (PID=1297) to work on /home/airflow/.local/lib/python3.7/site-packages/airflow/example_dags/example_branch_datetime_operator.py
[2022-04-11 13:36:28,303] {processor.py:642} INFO - Processing file /home/airflow/.local/lib/python3.7/site-packages/airflow/example_dags/example_branch_datetime_operator.py for tasks to queue
[2022-04-11 13:36:28,307] {logging_mixin.py:109} INFO - [2022-04-11 13:36:28,307] {dagbag.py:500} INFO - Filling up the DagBag from /home/airflow/.local/lib/python3.7/site-packages/airflow/example_dags/example_branch_datetime_operator.py
[2022-04-11 13:36:28,334] {processor.py:652} INFO - DAG(s) dict_keys(['example_branch_datetime_operator_2']) retrieved from /home/airflow/.local/lib/python3.7/site-packages/airflow/example_dags/example_branch_datetime_operator.py
[2022-04-11 13:36:28,368] {logging_mixin.py:109} INFO - [2022-04-11 13:36:28,368] {dag.py:2398} INFO - Sync 1 DAGs
[2022-04-11 13:36:28,392] {logging_mixin.py:109} INFO - [2022-04-11 13:36:28,392] {dag.py:2937} INFO - Setting next_dagrun for example_branch_datetime_operator_2 to 2022-04-10 00:00:00+00:00
[2022-04-11 13:36:28,405] {processor.py:171} INFO - Processing /home/airflow/.local/lib/python3.7/site-packages/airflow/example_dags/example_branch_datetime_operator.py took 0.114 seconds
[2022-04-11 13:36:58,710] {processor.py:163} INFO - Started process (PID=1354) to work on /home/airflow/.local/lib/python3.7/site-packages/airflow/example_dags/example_branch_datetime_operator.py
[2022-04-11 13:36:58,713] {processor.py:642} INFO - Processing file /home/airflow/.local/lib/python3.7/site-packages/airflow/example_dags/example_branch_datetime_operator.py for tasks to queue
[2022-04-11 13:36:58,714] {logging_mixin.py:109} INFO - [2022-04-11 13:36:58,714] {dagbag.py:500} INFO - Filling up the DagBag from /home/airflow/.local/lib/python3.7/site-packages/airflow/example_dags/example_branch_datetime_operator.py
[2022-04-11 13:36:58,740] {processor.py:652} INFO - DAG(s) dict_keys(['example_branch_datetime_operator_2']) retrieved from /home/airflow/.local/lib/python3.7/site-packages/airflow/example_dags/example_branch_datetime_operator.py
[2022-04-11 13:36:58,766] {logging_mixin.py:109} INFO - [2022-04-11 13:36:58,766] {dag.py:2398} INFO - Sync 1 DAGs
[2022-04-11 13:36:58,797] {logging_mixin.py:109} INFO - [2022-04-11 13:36:58,797] {dag.py:2937} INFO - Setting next_dagrun for example_branch_datetime_operator_2 to 2022-04-10 00:00:00+00:00
[2022-04-11 13:36:58,815] {processor.py:171} INFO - Processing /home/airflow/.local/lib/python3.7/site-packages/airflow/example_dags/example_branch_datetime_operator.py took 0.109 seconds
[2022-04-11 13:37:29,256] {processor.py:163} INFO - Started process (PID=1416) to work on /home/airflow/.local/lib/python3.7/site-packages/airflow/example_dags/example_branch_datetime_operator.py
[2022-04-11 13:37:29,259] {processor.py:642} INFO - Processing file /home/airflow/.local/lib/python3.7/site-packages/airflow/example_dags/example_branch_datetime_operator.py for tasks to queue
[2022-04-11 13:37:29,260] {logging_mixin.py:109} INFO - [2022-04-11 13:37:29,260] {dagbag.py:500} INFO - Filling up the DagBag from /home/airflow/.local/lib/python3.7/site-packages/airflow/example_dags/example_branch_datetime_operator.py
[2022-04-11 13:37:29,292] {processor.py:652} INFO - DAG(s) dict_keys(['example_branch_datetime_operator_2']) retrieved from /home/airflow/.local/lib/python3.7/site-packages/airflow/example_dags/example_branch_datetime_operator.py
[2022-04-11 13:37:29,336] {logging_mixin.py:109} INFO - [2022-04-11 13:37:29,336] {dag.py:2398} INFO - Sync 1 DAGs
[2022-04-11 13:37:29,367] {logging_mixin.py:109} INFO - [2022-04-11 13:37:29,367] {dag.py:2937} INFO - Setting next_dagrun for example_branch_datetime_operator_2 to 2022-04-10 00:00:00+00:00
[2022-04-11 13:37:29,381] {processor.py:171} INFO - Processing /home/airflow/.local/lib/python3.7/site-packages/airflow/example_dags/example_branch_datetime_operator.py took 0.130 seconds
[2022-04-11 13:37:59,492] {processor.py:163} INFO - Started process (PID=1469) to work on /home/airflow/.local/lib/python3.7/site-packages/airflow/example_dags/example_branch_datetime_operator.py
[2022-04-11 13:37:59,494] {processor.py:642} INFO - Processing file /home/airflow/.local/lib/python3.7/site-packages/airflow/example_dags/example_branch_datetime_operator.py for tasks to queue
[2022-04-11 13:37:59,495] {logging_mixin.py:109} INFO - [2022-04-11 13:37:59,495] {dagbag.py:500} INFO - Filling up the DagBag from /home/airflow/.local/lib/python3.7/site-packages/airflow/example_dags/example_branch_datetime_operator.py
[2022-04-11 13:37:59,519] {processor.py:652} INFO - DAG(s) dict_keys(['example_branch_datetime_operator_2']) retrieved from /home/airflow/.local/lib/python3.7/site-packages/airflow/example_dags/example_branch_datetime_operator.py
[2022-04-11 13:37:59,569] {logging_mixin.py:109} INFO - [2022-04-11 13:37:59,569] {dag.py:2398} INFO - Sync 1 DAGs
[2022-04-11 13:37:59,595] {logging_mixin.py:109} INFO - [2022-04-11 13:37:59,595] {dag.py:2937} INFO - Setting next_dagrun for example_branch_datetime_operator_2 to 2022-04-10 00:00:00+00:00
[2022-04-11 13:37:59,610] {processor.py:171} INFO - Processing /home/airflow/.local/lib/python3.7/site-packages/airflow/example_dags/example_branch_datetime_operator.py took 0.123 seconds
[2022-04-11 13:38:29,905] {processor.py:163} INFO - Started process (PID=1529) to work on /home/airflow/.local/lib/python3.7/site-packages/airflow/example_dags/example_branch_datetime_operator.py
[2022-04-11 13:38:29,911] {processor.py:642} INFO - Processing file /home/airflow/.local/lib/python3.7/site-packages/airflow/example_dags/example_branch_datetime_operator.py for tasks to queue
[2022-04-11 13:38:29,912] {logging_mixin.py:109} INFO - [2022-04-11 13:38:29,912] {dagbag.py:500} INFO - Filling up the DagBag from /home/airflow/.local/lib/python3.7/site-packages/airflow/example_dags/example_branch_datetime_operator.py
[2022-04-11 13:38:29,934] {processor.py:652} INFO - DAG(s) dict_keys(['example_branch_datetime_operator_2']) retrieved from /home/airflow/.local/lib/python3.7/site-packages/airflow/example_dags/example_branch_datetime_operator.py
[2022-04-11 13:38:29,962] {logging_mixin.py:109} INFO - [2022-04-11 13:38:29,962] {dag.py:2398} INFO - Sync 1 DAGs
[2022-04-11 13:38:29,992] {logging_mixin.py:109} INFO - [2022-04-11 13:38:29,992] {dag.py:2937} INFO - Setting next_dagrun for example_branch_datetime_operator_2 to 2022-04-10 00:00:00+00:00
[2022-04-11 13:38:30,005] {processor.py:171} INFO - Processing /home/airflow/.local/lib/python3.7/site-packages/airflow/example_dags/example_branch_datetime_operator.py took 0.115 seconds
[2022-04-11 13:39:00,738] {processor.py:163} INFO - Started process (PID=1583) to work on /home/airflow/.local/lib/python3.7/site-packages/airflow/example_dags/example_branch_datetime_operator.py
[2022-04-11 13:39:00,740] {processor.py:642} INFO - Processing file /home/airflow/.local/lib/python3.7/site-packages/airflow/example_dags/example_branch_datetime_operator.py for tasks to queue
[2022-04-11 13:39:00,742] {logging_mixin.py:109} INFO - [2022-04-11 13:39:00,742] {dagbag.py:500} INFO - Filling up the DagBag from /home/airflow/.local/lib/python3.7/site-packages/airflow/example_dags/example_branch_datetime_operator.py
[2022-04-11 13:39:00,766] {processor.py:652} INFO - DAG(s) dict_keys(['example_branch_datetime_operator_2']) retrieved from /home/airflow/.local/lib/python3.7/site-packages/airflow/example_dags/example_branch_datetime_operator.py
[2022-04-11 13:39:00,808] {logging_mixin.py:109} INFO - [2022-04-11 13:39:00,808] {dag.py:2398} INFO - Sync 1 DAGs
[2022-04-11 13:39:00,835] {logging_mixin.py:109} INFO - [2022-04-11 13:39:00,834] {dag.py:2937} INFO - Setting next_dagrun for example_branch_datetime_operator_2 to 2022-04-10 00:00:00+00:00
[2022-04-11 13:39:00,847] {processor.py:171} INFO - Processing /home/airflow/.local/lib/python3.7/site-packages/airflow/example_dags/example_branch_datetime_operator.py took 0.115 seconds
[2022-04-11 13:39:30,982] {processor.py:163} INFO - Started process (PID=1635) to work on /home/airflow/.local/lib/python3.7/site-packages/airflow/example_dags/example_branch_datetime_operator.py
[2022-04-11 13:39:30,984] {processor.py:642} INFO - Processing file /home/airflow/.local/lib/python3.7/site-packages/airflow/example_dags/example_branch_datetime_operator.py for tasks to queue
[2022-04-11 13:39:30,986] {logging_mixin.py:109} INFO - [2022-04-11 13:39:30,985] {dagbag.py:500} INFO - Filling up the DagBag from /home/airflow/.local/lib/python3.7/site-packages/airflow/example_dags/example_branch_datetime_operator.py
[2022-04-11 13:39:31,024] {processor.py:652} INFO - DAG(s) dict_keys(['example_branch_datetime_operator_2']) retrieved from /home/airflow/.local/lib/python3.7/site-packages/airflow/example_dags/example_branch_datetime_operator.py
[2022-04-11 13:39:31,080] {logging_mixin.py:109} INFO - [2022-04-11 13:39:31,080] {dag.py:2398} INFO - Sync 1 DAGs
[2022-04-11 13:39:31,116] {logging_mixin.py:109} INFO - [2022-04-11 13:39:31,115] {dag.py:2937} INFO - Setting next_dagrun for example_branch_datetime_operator_2 to 2022-04-10 00:00:00+00:00
[2022-04-11 13:39:31,135] {processor.py:171} INFO - Processing /home/airflow/.local/lib/python3.7/site-packages/airflow/example_dags/example_branch_datetime_operator.py took 0.159 seconds
[2022-04-11 13:40:01,303] {processor.py:163} INFO - Started process (PID=1695) to work on /home/airflow/.local/lib/python3.7/site-packages/airflow/example_dags/example_branch_datetime_operator.py
[2022-04-11 13:40:01,305] {processor.py:642} INFO - Processing file /home/airflow/.local/lib/python3.7/site-packages/airflow/example_dags/example_branch_datetime_operator.py for tasks to queue
[2022-04-11 13:40:01,306] {logging_mixin.py:109} INFO - [2022-04-11 13:40:01,306] {dagbag.py:500} INFO - Filling up the DagBag from /home/airflow/.local/lib/python3.7/site-packages/airflow/example_dags/example_branch_datetime_operator.py
[2022-04-11 13:40:01,330] {processor.py:652} INFO - DAG(s) dict_keys(['example_branch_datetime_operator_2']) retrieved from /home/airflow/.local/lib/python3.7/site-packages/airflow/example_dags/example_branch_datetime_operator.py
[2022-04-11 13:40:01,356] {logging_mixin.py:109} INFO - [2022-04-11 13:40:01,355] {dag.py:2398} INFO - Sync 1 DAGs
[2022-04-11 13:40:01,379] {logging_mixin.py:109} INFO - [2022-04-11 13:40:01,379] {dag.py:2937} INFO - Setting next_dagrun for example_branch_datetime_operator_2 to 2022-04-10 00:00:00+00:00
[2022-04-11 13:40:01,392] {processor.py:171} INFO - Processing /home/airflow/.local/lib/python3.7/site-packages/airflow/example_dags/example_branch_datetime_operator.py took 0.093 seconds
[2022-04-11 13:40:31,700] {processor.py:163} INFO - Started process (PID=1749) to work on /home/airflow/.local/lib/python3.7/site-packages/airflow/example_dags/example_branch_datetime_operator.py
[2022-04-11 13:40:31,702] {processor.py:642} INFO - Processing file /home/airflow/.local/lib/python3.7/site-packages/airflow/example_dags/example_branch_datetime_operator.py for tasks to queue
[2022-04-11 13:40:31,703] {logging_mixin.py:109} INFO - [2022-04-11 13:40:31,703] {dagbag.py:500} INFO - Filling up the DagBag from /home/airflow/.local/lib/python3.7/site-packages/airflow/example_dags/example_branch_datetime_operator.py
[2022-04-11 13:40:31,724] {processor.py:652} INFO - DAG(s) dict_keys(['example_branch_datetime_operator_2']) retrieved from /home/airflow/.local/lib/python3.7/site-packages/airflow/example_dags/example_branch_datetime_operator.py
[2022-04-11 13:40:31,747] {logging_mixin.py:109} INFO - [2022-04-11 13:40:31,747] {dag.py:2398} INFO - Sync 1 DAGs
[2022-04-11 13:40:31,769] {logging_mixin.py:109} INFO - [2022-04-11 13:40:31,769] {dag.py:2937} INFO - Setting next_dagrun for example_branch_datetime_operator_2 to 2022-04-10 00:00:00+00:00
[2022-04-11 13:40:31,782] {processor.py:171} INFO - Processing /home/airflow/.local/lib/python3.7/site-packages/airflow/example_dags/example_branch_datetime_operator.py took 0.086 seconds
[2022-04-11 13:41:02,323] {processor.py:163} INFO - Started process (PID=1811) to work on /home/airflow/.local/lib/python3.7/site-packages/airflow/example_dags/example_branch_datetime_operator.py
[2022-04-11 13:41:02,326] {processor.py:642} INFO - Processing file /home/airflow/.local/lib/python3.7/site-packages/airflow/example_dags/example_branch_datetime_operator.py for tasks to queue
[2022-04-11 13:41:02,327] {logging_mixin.py:109} INFO - [2022-04-11 13:41:02,327] {dagbag.py:500} INFO - Filling up the DagBag from /home/airflow/.local/lib/python3.7/site-packages/airflow/example_dags/example_branch_datetime_operator.py
[2022-04-11 13:41:02,355] {processor.py:652} INFO - DAG(s) dict_keys(['example_branch_datetime_operator_2']) retrieved from /home/airflow/.local/lib/python3.7/site-packages/airflow/example_dags/example_branch_datetime_operator.py
[2022-04-11 13:41:02,390] {logging_mixin.py:109} INFO - [2022-04-11 13:41:02,390] {dag.py:2398} INFO - Sync 1 DAGs
[2022-04-11 13:41:02,421] {logging_mixin.py:109} INFO - [2022-04-11 13:41:02,421] {dag.py:2937} INFO - Setting next_dagrun for example_branch_datetime_operator_2 to 2022-04-10 00:00:00+00:00
[2022-04-11 13:41:02,441] {processor.py:171} INFO - Processing /home/airflow/.local/lib/python3.7/site-packages/airflow/example_dags/example_branch_datetime_operator.py took 0.123 seconds
[2022-04-11 13:41:32,936] {processor.py:163} INFO - Started process (PID=1866) to work on /home/airflow/.local/lib/python3.7/site-packages/airflow/example_dags/example_branch_datetime_operator.py
[2022-04-11 13:41:32,937] {processor.py:642} INFO - Processing file /home/airflow/.local/lib/python3.7/site-packages/airflow/example_dags/example_branch_datetime_operator.py for tasks to queue
[2022-04-11 13:41:32,939] {logging_mixin.py:109} INFO - [2022-04-11 13:41:32,939] {dagbag.py:500} INFO - Filling up the DagBag from /home/airflow/.local/lib/python3.7/site-packages/airflow/example_dags/example_branch_datetime_operator.py
[2022-04-11 13:41:32,960] {processor.py:652} INFO - DAG(s) dict_keys(['example_branch_datetime_operator_2']) retrieved from /home/airflow/.local/lib/python3.7/site-packages/airflow/example_dags/example_branch_datetime_operator.py
[2022-04-11 13:41:32,989] {logging_mixin.py:109} INFO - [2022-04-11 13:41:32,989] {dag.py:2398} INFO - Sync 1 DAGs
[2022-04-11 13:41:33,011] {logging_mixin.py:109} INFO - [2022-04-11 13:41:33,011] {dag.py:2937} INFO - Setting next_dagrun for example_branch_datetime_operator_2 to 2022-04-10 00:00:00+00:00
[2022-04-11 13:41:33,025] {processor.py:171} INFO - Processing /home/airflow/.local/lib/python3.7/site-packages/airflow/example_dags/example_branch_datetime_operator.py took 0.093 seconds
[2022-04-11 13:42:03,635] {processor.py:163} INFO - Started process (PID=1918) to work on /home/airflow/.local/lib/python3.7/site-packages/airflow/example_dags/example_branch_datetime_operator.py
[2022-04-11 13:42:03,637] {processor.py:642} INFO - Processing file /home/airflow/.local/lib/python3.7/site-packages/airflow/example_dags/example_branch_datetime_operator.py for tasks to queue
[2022-04-11 13:42:03,638] {logging_mixin.py:109} INFO - [2022-04-11 13:42:03,638] {dagbag.py:500} INFO - Filling up the DagBag from /home/airflow/.local/lib/python3.7/site-packages/airflow/example_dags/example_branch_datetime_operator.py
[2022-04-11 13:42:03,659] {processor.py:652} INFO - DAG(s) dict_keys(['example_branch_datetime_operator_2']) retrieved from /home/airflow/.local/lib/python3.7/site-packages/airflow/example_dags/example_branch_datetime_operator.py
[2022-04-11 13:42:03,683] {logging_mixin.py:109} INFO - [2022-04-11 13:42:03,683] {dag.py:2398} INFO - Sync 1 DAGs
[2022-04-11 13:42:03,705] {logging_mixin.py:109} INFO - [2022-04-11 13:42:03,705] {dag.py:2937} INFO - Setting next_dagrun for example_branch_datetime_operator_2 to 2022-04-10 00:00:00+00:00
[2022-04-11 13:42:03,716] {processor.py:171} INFO - Processing /home/airflow/.local/lib/python3.7/site-packages/airflow/example_dags/example_branch_datetime_operator.py took 0.086 seconds
[2022-04-11 13:42:34,637] {processor.py:163} INFO - Started process (PID=1980) to work on /home/airflow/.local/lib/python3.7/site-packages/airflow/example_dags/example_branch_datetime_operator.py
[2022-04-11 13:42:34,639] {processor.py:642} INFO - Processing file /home/airflow/.local/lib/python3.7/site-packages/airflow/example_dags/example_branch_datetime_operator.py for tasks to queue
[2022-04-11 13:42:34,640] {logging_mixin.py:109} INFO - [2022-04-11 13:42:34,640] {dagbag.py:500} INFO - Filling up the DagBag from /home/airflow/.local/lib/python3.7/site-packages/airflow/example_dags/example_branch_datetime_operator.py
[2022-04-11 13:42:34,662] {processor.py:652} INFO - DAG(s) dict_keys(['example_branch_datetime_operator_2']) retrieved from /home/airflow/.local/lib/python3.7/site-packages/airflow/example_dags/example_branch_datetime_operator.py
[2022-04-11 13:42:34,686] {logging_mixin.py:109} INFO - [2022-04-11 13:42:34,686] {dag.py:2398} INFO - Sync 1 DAGs
[2022-04-11 13:42:34,707] {logging_mixin.py:109} INFO - [2022-04-11 13:42:34,707] {dag.py:2937} INFO - Setting next_dagrun for example_branch_datetime_operator_2 to 2022-04-10 00:00:00+00:00
[2022-04-11 13:42:34,719] {processor.py:171} INFO - Processing /home/airflow/.local/lib/python3.7/site-packages/airflow/example_dags/example_branch_datetime_operator.py took 0.086 seconds
[2022-04-11 13:43:05,671] {processor.py:163} INFO - Started process (PID=2033) to work on /home/airflow/.local/lib/python3.7/site-packages/airflow/example_dags/example_branch_datetime_operator.py
[2022-04-11 13:43:05,676] {processor.py:642} INFO - Processing file /home/airflow/.local/lib/python3.7/site-packages/airflow/example_dags/example_branch_datetime_operator.py for tasks to queue
[2022-04-11 13:43:05,679] {logging_mixin.py:109} INFO - [2022-04-11 13:43:05,679] {dagbag.py:500} INFO - Filling up the DagBag from /home/airflow/.local/lib/python3.7/site-packages/airflow/example_dags/example_branch_datetime_operator.py
[2022-04-11 13:43:05,709] {processor.py:652} INFO - DAG(s) dict_keys(['example_branch_datetime_operator_2']) retrieved from /home/airflow/.local/lib/python3.7/site-packages/airflow/example_dags/example_branch_datetime_operator.py
[2022-04-11 13:43:05,739] {logging_mixin.py:109} INFO - [2022-04-11 13:43:05,739] {dag.py:2398} INFO - Sync 1 DAGs
[2022-04-11 13:43:05,767] {logging_mixin.py:109} INFO - [2022-04-11 13:43:05,767] {dag.py:2937} INFO - Setting next_dagrun for example_branch_datetime_operator_2 to 2022-04-10 00:00:00+00:00
[2022-04-11 13:43:05,785] {processor.py:171} INFO - Processing /home/airflow/.local/lib/python3.7/site-packages/airflow/example_dags/example_branch_datetime_operator.py took 0.120 seconds
[2022-04-11 13:43:35,926] {processor.py:163} INFO - Started process (PID=2096) to work on /home/airflow/.local/lib/python3.7/site-packages/airflow/example_dags/example_branch_datetime_operator.py
[2022-04-11 13:43:35,928] {processor.py:642} INFO - Processing file /home/airflow/.local/lib/python3.7/site-packages/airflow/example_dags/example_branch_datetime_operator.py for tasks to queue
[2022-04-11 13:43:35,930] {logging_mixin.py:109} INFO - [2022-04-11 13:43:35,929] {dagbag.py:500} INFO - Filling up the DagBag from /home/airflow/.local/lib/python3.7/site-packages/airflow/example_dags/example_branch_datetime_operator.py
[2022-04-11 13:43:35,950] {processor.py:652} INFO - DAG(s) dict_keys(['example_branch_datetime_operator_2']) retrieved from /home/airflow/.local/lib/python3.7/site-packages/airflow/example_dags/example_branch_datetime_operator.py
[2022-04-11 13:43:35,973] {logging_mixin.py:109} INFO - [2022-04-11 13:43:35,973] {dag.py:2398} INFO - Sync 1 DAGs
[2022-04-11 13:43:36,000] {logging_mixin.py:109} INFO - [2022-04-11 13:43:36,000] {dag.py:2937} INFO - Setting next_dagrun for example_branch_datetime_operator_2 to 2022-04-10 00:00:00+00:00
[2022-04-11 13:43:36,014] {processor.py:171} INFO - Processing /home/airflow/.local/lib/python3.7/site-packages/airflow/example_dags/example_branch_datetime_operator.py took 0.091 seconds
[2022-04-11 13:44:06,718] {processor.py:163} INFO - Started process (PID=2149) to work on /home/airflow/.local/lib/python3.7/site-packages/airflow/example_dags/example_branch_datetime_operator.py
[2022-04-11 13:44:06,720] {processor.py:642} INFO - Processing file /home/airflow/.local/lib/python3.7/site-packages/airflow/example_dags/example_branch_datetime_operator.py for tasks to queue
[2022-04-11 13:44:06,721] {logging_mixin.py:109} INFO - [2022-04-11 13:44:06,721] {dagbag.py:500} INFO - Filling up the DagBag from /home/airflow/.local/lib/python3.7/site-packages/airflow/example_dags/example_branch_datetime_operator.py
[2022-04-11 13:44:06,742] {processor.py:652} INFO - DAG(s) dict_keys(['example_branch_datetime_operator_2']) retrieved from /home/airflow/.local/lib/python3.7/site-packages/airflow/example_dags/example_branch_datetime_operator.py
[2022-04-11 13:44:06,768] {logging_mixin.py:109} INFO - [2022-04-11 13:44:06,768] {dag.py:2398} INFO - Sync 1 DAGs
[2022-04-11 13:44:06,793] {logging_mixin.py:109} INFO - [2022-04-11 13:44:06,793] {dag.py:2937} INFO - Setting next_dagrun for example_branch_datetime_operator_2 to 2022-04-10 00:00:00+00:00
[2022-04-11 13:44:06,806] {processor.py:171} INFO - Processing /home/airflow/.local/lib/python3.7/site-packages/airflow/example_dags/example_branch_datetime_operator.py took 0.092 seconds
[2022-04-11 13:44:37,767] {processor.py:163} INFO - Started process (PID=2210) to work on /home/airflow/.local/lib/python3.7/site-packages/airflow/example_dags/example_branch_datetime_operator.py
[2022-04-11 13:44:37,773] {processor.py:642} INFO - Processing file /home/airflow/.local/lib/python3.7/site-packages/airflow/example_dags/example_branch_datetime_operator.py for tasks to queue
[2022-04-11 13:44:37,775] {logging_mixin.py:109} INFO - [2022-04-11 13:44:37,774] {dagbag.py:500} INFO - Filling up the DagBag from /home/airflow/.local/lib/python3.7/site-packages/airflow/example_dags/example_branch_datetime_operator.py
[2022-04-11 13:44:37,807] {processor.py:652} INFO - DAG(s) dict_keys(['example_branch_datetime_operator_2']) retrieved from /home/airflow/.local/lib/python3.7/site-packages/airflow/example_dags/example_branch_datetime_operator.py
[2022-04-11 13:44:37,850] {logging_mixin.py:109} INFO - [2022-04-11 13:44:37,850] {dag.py:2398} INFO - Sync 1 DAGs
[2022-04-11 13:44:37,881] {logging_mixin.py:109} INFO - [2022-04-11 13:44:37,881] {dag.py:2937} INFO - Setting next_dagrun for example_branch_datetime_operator_2 to 2022-04-10 00:00:00+00:00
[2022-04-11 13:44:37,897] {processor.py:171} INFO - Processing /home/airflow/.local/lib/python3.7/site-packages/airflow/example_dags/example_branch_datetime_operator.py took 0.151 seconds
[2022-04-11 13:45:07,947] {processor.py:163} INFO - Started process (PID=2261) to work on /home/airflow/.local/lib/python3.7/site-packages/airflow/example_dags/example_branch_datetime_operator.py
[2022-04-11 13:45:07,949] {processor.py:642} INFO - Processing file /home/airflow/.local/lib/python3.7/site-packages/airflow/example_dags/example_branch_datetime_operator.py for tasks to queue
[2022-04-11 13:45:07,950] {logging_mixin.py:109} INFO - [2022-04-11 13:45:07,950] {dagbag.py:500} INFO - Filling up the DagBag from /home/airflow/.local/lib/python3.7/site-packages/airflow/example_dags/example_branch_datetime_operator.py
[2022-04-11 13:45:07,978] {processor.py:652} INFO - DAG(s) dict_keys(['example_branch_datetime_operator_2']) retrieved from /home/airflow/.local/lib/python3.7/site-packages/airflow/example_dags/example_branch_datetime_operator.py
[2022-04-11 13:45:08,031] {logging_mixin.py:109} INFO - [2022-04-11 13:45:08,031] {dag.py:2398} INFO - Sync 1 DAGs
[2022-04-11 13:45:08,082] {logging_mixin.py:109} INFO - [2022-04-11 13:45:08,081] {dag.py:2937} INFO - Setting next_dagrun for example_branch_datetime_operator_2 to 2022-04-10 00:00:00+00:00
[2022-04-11 13:45:08,109] {processor.py:171} INFO - Processing /home/airflow/.local/lib/python3.7/site-packages/airflow/example_dags/example_branch_datetime_operator.py took 0.166 seconds
[2022-04-11 13:45:38,959] {processor.py:163} INFO - Started process (PID=2312) to work on /home/airflow/.local/lib/python3.7/site-packages/airflow/example_dags/example_branch_datetime_operator.py
[2022-04-11 13:45:38,964] {processor.py:642} INFO - Processing file /home/airflow/.local/lib/python3.7/site-packages/airflow/example_dags/example_branch_datetime_operator.py for tasks to queue
[2022-04-11 13:45:38,967] {logging_mixin.py:109} INFO - [2022-04-11 13:45:38,967] {dagbag.py:500} INFO - Filling up the DagBag from /home/airflow/.local/lib/python3.7/site-packages/airflow/example_dags/example_branch_datetime_operator.py
[2022-04-11 13:45:38,999] {processor.py:652} INFO - DAG(s) dict_keys(['example_branch_datetime_operator_2']) retrieved from /home/airflow/.local/lib/python3.7/site-packages/airflow/example_dags/example_branch_datetime_operator.py
[2022-04-11 13:45:39,037] {logging_mixin.py:109} INFO - [2022-04-11 13:45:39,037] {dag.py:2398} INFO - Sync 1 DAGs
[2022-04-11 13:45:39,075] {logging_mixin.py:109} INFO - [2022-04-11 13:45:39,075] {dag.py:2937} INFO - Setting next_dagrun for example_branch_datetime_operator_2 to 2022-04-10 00:00:00+00:00
[2022-04-11 13:45:39,100] {processor.py:171} INFO - Processing /home/airflow/.local/lib/python3.7/site-packages/airflow/example_dags/example_branch_datetime_operator.py took 0.154 seconds
[2022-04-11 13:46:09,469] {processor.py:163} INFO - Started process (PID=2374) to work on /home/airflow/.local/lib/python3.7/site-packages/airflow/example_dags/example_branch_datetime_operator.py
[2022-04-11 13:46:09,473] {processor.py:642} INFO - Processing file /home/airflow/.local/lib/python3.7/site-packages/airflow/example_dags/example_branch_datetime_operator.py for tasks to queue
[2022-04-11 13:46:09,474] {logging_mixin.py:109} INFO - [2022-04-11 13:46:09,474] {dagbag.py:500} INFO - Filling up the DagBag from /home/airflow/.local/lib/python3.7/site-packages/airflow/example_dags/example_branch_datetime_operator.py
[2022-04-11 13:46:09,499] {processor.py:652} INFO - DAG(s) dict_keys(['example_branch_datetime_operator_2']) retrieved from /home/airflow/.local/lib/python3.7/site-packages/airflow/example_dags/example_branch_datetime_operator.py
[2022-04-11 13:46:09,525] {logging_mixin.py:109} INFO - [2022-04-11 13:46:09,525] {dag.py:2398} INFO - Sync 1 DAGs
[2022-04-11 13:46:09,550] {logging_mixin.py:109} INFO - [2022-04-11 13:46:09,550] {dag.py:2937} INFO - Setting next_dagrun for example_branch_datetime_operator_2 to 2022-04-10 00:00:00+00:00
[2022-04-11 13:46:09,565] {processor.py:171} INFO - Processing /home/airflow/.local/lib/python3.7/site-packages/airflow/example_dags/example_branch_datetime_operator.py took 0.103 seconds
[2022-04-11 13:46:40,408] {processor.py:163} INFO - Started process (PID=2426) to work on /home/airflow/.local/lib/python3.7/site-packages/airflow/example_dags/example_branch_datetime_operator.py
[2022-04-11 13:46:40,412] {processor.py:642} INFO - Processing file /home/airflow/.local/lib/python3.7/site-packages/airflow/example_dags/example_branch_datetime_operator.py for tasks to queue
[2022-04-11 13:46:40,415] {logging_mixin.py:109} INFO - [2022-04-11 13:46:40,414] {dagbag.py:500} INFO - Filling up the DagBag from /home/airflow/.local/lib/python3.7/site-packages/airflow/example_dags/example_branch_datetime_operator.py
[2022-04-11 13:46:40,470] {processor.py:652} INFO - DAG(s) dict_keys(['example_branch_datetime_operator_2']) retrieved from /home/airflow/.local/lib/python3.7/site-packages/airflow/example_dags/example_branch_datetime_operator.py
[2022-04-11 13:46:40,524] {logging_mixin.py:109} INFO - [2022-04-11 13:46:40,523] {dag.py:2398} INFO - Sync 1 DAGs
[2022-04-11 13:46:40,587] {logging_mixin.py:109} INFO - [2022-04-11 13:46:40,587] {dag.py:2937} INFO - Setting next_dagrun for example_branch_datetime_operator_2 to 2022-04-10 00:00:00+00:00
[2022-04-11 13:46:40,610] {processor.py:171} INFO - Processing /home/airflow/.local/lib/python3.7/site-packages/airflow/example_dags/example_branch_datetime_operator.py took 0.209 seconds
[2022-04-11 13:47:10,881] {processor.py:163} INFO - Started process (PID=2480) to work on /home/airflow/.local/lib/python3.7/site-packages/airflow/example_dags/example_branch_datetime_operator.py
[2022-04-11 13:47:10,884] {processor.py:642} INFO - Processing file /home/airflow/.local/lib/python3.7/site-packages/airflow/example_dags/example_branch_datetime_operator.py for tasks to queue
[2022-04-11 13:47:10,885] {logging_mixin.py:109} INFO - [2022-04-11 13:47:10,885] {dagbag.py:500} INFO - Filling up the DagBag from /home/airflow/.local/lib/python3.7/site-packages/airflow/example_dags/example_branch_datetime_operator.py
[2022-04-11 13:47:10,904] {processor.py:652} INFO - DAG(s) dict_keys(['example_branch_datetime_operator_2']) retrieved from /home/airflow/.local/lib/python3.7/site-packages/airflow/example_dags/example_branch_datetime_operator.py
[2022-04-11 13:47:10,937] {logging_mixin.py:109} INFO - [2022-04-11 13:47:10,937] {dag.py:2398} INFO - Sync 1 DAGs
[2022-04-11 13:47:10,965] {logging_mixin.py:109} INFO - [2022-04-11 13:47:10,964] {dag.py:2937} INFO - Setting next_dagrun for example_branch_datetime_operator_2 to 2022-04-10 00:00:00+00:00
[2022-04-11 13:47:10,979] {processor.py:171} INFO - Processing /home/airflow/.local/lib/python3.7/site-packages/airflow/example_dags/example_branch_datetime_operator.py took 0.102 seconds
[2022-04-11 13:47:41,357] {processor.py:163} INFO - Started process (PID=2543) to work on /home/airflow/.local/lib/python3.7/site-packages/airflow/example_dags/example_branch_datetime_operator.py
[2022-04-11 13:47:41,359] {processor.py:642} INFO - Processing file /home/airflow/.local/lib/python3.7/site-packages/airflow/example_dags/example_branch_datetime_operator.py for tasks to queue
[2022-04-11 13:47:41,361] {logging_mixin.py:109} INFO - [2022-04-11 13:47:41,361] {dagbag.py:500} INFO - Filling up the DagBag from /home/airflow/.local/lib/python3.7/site-packages/airflow/example_dags/example_branch_datetime_operator.py
[2022-04-11 13:47:41,384] {processor.py:652} INFO - DAG(s) dict_keys(['example_branch_datetime_operator_2']) retrieved from /home/airflow/.local/lib/python3.7/site-packages/airflow/example_dags/example_branch_datetime_operator.py
[2022-04-11 13:47:41,412] {logging_mixin.py:109} INFO - [2022-04-11 13:47:41,412] {dag.py:2398} INFO - Sync 1 DAGs
[2022-04-11 13:47:41,438] {logging_mixin.py:109} INFO - [2022-04-11 13:47:41,438] {dag.py:2937} INFO - Setting next_dagrun for example_branch_datetime_operator_2 to 2022-04-10 00:00:00+00:00
[2022-04-11 13:47:41,450] {processor.py:171} INFO - Processing /home/airflow/.local/lib/python3.7/site-packages/airflow/example_dags/example_branch_datetime_operator.py took 0.098 seconds
[2022-04-11 13:48:12,032] {processor.py:163} INFO - Started process (PID=2596) to work on /home/airflow/.local/lib/python3.7/site-packages/airflow/example_dags/example_branch_datetime_operator.py
[2022-04-11 13:48:12,034] {processor.py:642} INFO - Processing file /home/airflow/.local/lib/python3.7/site-packages/airflow/example_dags/example_branch_datetime_operator.py for tasks to queue
[2022-04-11 13:48:12,036] {logging_mixin.py:109} INFO - [2022-04-11 13:48:12,035] {dagbag.py:500} INFO - Filling up the DagBag from /home/airflow/.local/lib/python3.7/site-packages/airflow/example_dags/example_branch_datetime_operator.py
[2022-04-11 13:48:12,058] {processor.py:652} INFO - DAG(s) dict_keys(['example_branch_datetime_operator_2']) retrieved from /home/airflow/.local/lib/python3.7/site-packages/airflow/example_dags/example_branch_datetime_operator.py
[2022-04-11 13:48:12,084] {logging_mixin.py:109} INFO - [2022-04-11 13:48:12,084] {dag.py:2398} INFO - Sync 1 DAGs
[2022-04-11 13:48:12,111] {logging_mixin.py:109} INFO - [2022-04-11 13:48:12,111] {dag.py:2937} INFO - Setting next_dagrun for example_branch_datetime_operator_2 to 2022-04-10 00:00:00+00:00
[2022-04-11 13:48:12,125] {processor.py:171} INFO - Processing /home/airflow/.local/lib/python3.7/site-packages/airflow/example_dags/example_branch_datetime_operator.py took 0.096 seconds
[2022-04-11 13:48:42,828] {processor.py:163} INFO - Started process (PID=2659) to work on /home/airflow/.local/lib/python3.7/site-packages/airflow/example_dags/example_branch_datetime_operator.py
[2022-04-11 13:48:42,830] {processor.py:642} INFO - Processing file /home/airflow/.local/lib/python3.7/site-packages/airflow/example_dags/example_branch_datetime_operator.py for tasks to queue
[2022-04-11 13:48:42,832] {logging_mixin.py:109} INFO - [2022-04-11 13:48:42,832] {dagbag.py:500} INFO - Filling up the DagBag from /home/airflow/.local/lib/python3.7/site-packages/airflow/example_dags/example_branch_datetime_operator.py
[2022-04-11 13:48:42,855] {processor.py:652} INFO - DAG(s) dict_keys(['example_branch_datetime_operator_2']) retrieved from /home/airflow/.local/lib/python3.7/site-packages/airflow/example_dags/example_branch_datetime_operator.py
[2022-04-11 13:48:42,894] {logging_mixin.py:109} INFO - [2022-04-11 13:48:42,894] {dag.py:2398} INFO - Sync 1 DAGs
[2022-04-11 13:48:42,920] {logging_mixin.py:109} INFO - [2022-04-11 13:48:42,920] {dag.py:2937} INFO - Setting next_dagrun for example_branch_datetime_operator_2 to 2022-04-10 00:00:00+00:00
[2022-04-11 13:48:42,931] {processor.py:171} INFO - Processing /home/airflow/.local/lib/python3.7/site-packages/airflow/example_dags/example_branch_datetime_operator.py took 0.112 seconds
[2022-04-11 13:49:13,609] {processor.py:163} INFO - Started process (PID=2711) to work on /home/airflow/.local/lib/python3.7/site-packages/airflow/example_dags/example_branch_datetime_operator.py
[2022-04-11 13:49:13,611] {processor.py:642} INFO - Processing file /home/airflow/.local/lib/python3.7/site-packages/airflow/example_dags/example_branch_datetime_operator.py for tasks to queue
[2022-04-11 13:49:13,613] {logging_mixin.py:109} INFO - [2022-04-11 13:49:13,612] {dagbag.py:500} INFO - Filling up the DagBag from /home/airflow/.local/lib/python3.7/site-packages/airflow/example_dags/example_branch_datetime_operator.py
[2022-04-11 13:49:13,633] {processor.py:652} INFO - DAG(s) dict_keys(['example_branch_datetime_operator_2']) retrieved from /home/airflow/.local/lib/python3.7/site-packages/airflow/example_dags/example_branch_datetime_operator.py
[2022-04-11 13:49:13,658] {logging_mixin.py:109} INFO - [2022-04-11 13:49:13,658] {dag.py:2398} INFO - Sync 1 DAGs
[2022-04-11 13:49:13,681] {logging_mixin.py:109} INFO - [2022-04-11 13:49:13,681] {dag.py:2937} INFO - Setting next_dagrun for example_branch_datetime_operator_2 to 2022-04-10 00:00:00+00:00
[2022-04-11 13:49:13,692] {processor.py:171} INFO - Processing /home/airflow/.local/lib/python3.7/site-packages/airflow/example_dags/example_branch_datetime_operator.py took 0.086 seconds
