[2022-04-11 13:26:58,758] {processor.py:163} INFO - Started process (PID=118) to work on /home/airflow/.local/lib/python3.7/site-packages/airflow/example_dags/example_skip_dag.py
[2022-04-11 13:26:58,759] {processor.py:642} INFO - Processing file /home/airflow/.local/lib/python3.7/site-packages/airflow/example_dags/example_skip_dag.py for tasks to queue
[2022-04-11 13:26:58,761] {logging_mixin.py:109} INFO - [2022-04-11 13:26:58,761] {dagbag.py:500} INFO - Filling up the DagBag from /home/airflow/.local/lib/python3.7/site-packages/airflow/example_dags/example_skip_dag.py
[2022-04-11 13:26:58,783] {processor.py:652} INFO - DAG(s) dict_keys(['example_skip_dag']) retrieved from /home/airflow/.local/lib/python3.7/site-packages/airflow/example_dags/example_skip_dag.py
[2022-04-11 13:27:00,615] {logging_mixin.py:109} INFO - [2022-04-11 13:27:00,615] {manager.py:496} INFO - Created Permission View: can read on DAG:example_skip_dag
[2022-04-11 13:27:00,623] {logging_mixin.py:109} INFO - [2022-04-11 13:27:00,623] {manager.py:496} INFO - Created Permission View: can edit on DAG:example_skip_dag
[2022-04-11 13:27:00,624] {logging_mixin.py:109} INFO - [2022-04-11 13:27:00,624] {dag.py:2398} INFO - Sync 1 DAGs
[2022-04-11 13:27:00,633] {logging_mixin.py:109} INFO - [2022-04-11 13:27:00,632] {dag.py:2417} INFO - Creating ORM DAG for example_skip_dag
[2022-04-11 13:27:00,642] {logging_mixin.py:109} INFO - [2022-04-11 13:27:00,642] {dag.py:2937} INFO - Setting next_dagrun for example_skip_dag to 2022-04-10T13:27:00.642242+00:00
[2022-04-11 13:27:00,654] {processor.py:171} INFO - Processing /home/airflow/.local/lib/python3.7/site-packages/airflow/example_dags/example_skip_dag.py took 1.900 seconds
[2022-04-11 13:27:30,836] {processor.py:163} INFO - Started process (PID=301) to work on /home/airflow/.local/lib/python3.7/site-packages/airflow/example_dags/example_skip_dag.py
[2022-04-11 13:27:30,838] {processor.py:642} INFO - Processing file /home/airflow/.local/lib/python3.7/site-packages/airflow/example_dags/example_skip_dag.py for tasks to queue
[2022-04-11 13:27:30,839] {logging_mixin.py:109} INFO - [2022-04-11 13:27:30,839] {dagbag.py:500} INFO - Filling up the DagBag from /home/airflow/.local/lib/python3.7/site-packages/airflow/example_dags/example_skip_dag.py
[2022-04-11 13:27:30,858] {processor.py:652} INFO - DAG(s) dict_keys(['example_skip_dag']) retrieved from /home/airflow/.local/lib/python3.7/site-packages/airflow/example_dags/example_skip_dag.py
[2022-04-11 13:27:30,883] {logging_mixin.py:109} INFO - [2022-04-11 13:27:30,883] {dag.py:2398} INFO - Sync 1 DAGs
[2022-04-11 13:27:30,902] {logging_mixin.py:109} INFO - [2022-04-11 13:27:30,902] {dag.py:2937} INFO - Setting next_dagrun for example_skip_dag to 2022-04-10T13:27:30.901937+00:00
[2022-04-11 13:27:30,912] {processor.py:171} INFO - Processing /home/airflow/.local/lib/python3.7/site-packages/airflow/example_dags/example_skip_dag.py took 0.080 seconds
[2022-04-11 13:28:01,594] {processor.py:163} INFO - Started process (PID=352) to work on /home/airflow/.local/lib/python3.7/site-packages/airflow/example_dags/example_skip_dag.py
[2022-04-11 13:28:01,596] {processor.py:642} INFO - Processing file /home/airflow/.local/lib/python3.7/site-packages/airflow/example_dags/example_skip_dag.py for tasks to queue
[2022-04-11 13:28:01,597] {logging_mixin.py:109} INFO - [2022-04-11 13:28:01,597] {dagbag.py:500} INFO - Filling up the DagBag from /home/airflow/.local/lib/python3.7/site-packages/airflow/example_dags/example_skip_dag.py
[2022-04-11 13:28:01,613] {processor.py:652} INFO - DAG(s) dict_keys(['example_skip_dag']) retrieved from /home/airflow/.local/lib/python3.7/site-packages/airflow/example_dags/example_skip_dag.py
[2022-04-11 13:28:01,633] {logging_mixin.py:109} INFO - [2022-04-11 13:28:01,632] {dag.py:2398} INFO - Sync 1 DAGs
[2022-04-11 13:28:01,652] {logging_mixin.py:109} INFO - [2022-04-11 13:28:01,652] {dag.py:2937} INFO - Setting next_dagrun for example_skip_dag to 2022-04-10T13:28:01.651822+00:00
[2022-04-11 13:28:01,663] {processor.py:171} INFO - Processing /home/airflow/.local/lib/python3.7/site-packages/airflow/example_dags/example_skip_dag.py took 0.071 seconds
[2022-04-11 13:28:31,919] {processor.py:163} INFO - Started process (PID=404) to work on /home/airflow/.local/lib/python3.7/site-packages/airflow/example_dags/example_skip_dag.py
[2022-04-11 13:28:31,921] {processor.py:642} INFO - Processing file /home/airflow/.local/lib/python3.7/site-packages/airflow/example_dags/example_skip_dag.py for tasks to queue
[2022-04-11 13:28:31,923] {logging_mixin.py:109} INFO - [2022-04-11 13:28:31,923] {dagbag.py:500} INFO - Filling up the DagBag from /home/airflow/.local/lib/python3.7/site-packages/airflow/example_dags/example_skip_dag.py
[2022-04-11 13:28:31,941] {processor.py:652} INFO - DAG(s) dict_keys(['example_skip_dag']) retrieved from /home/airflow/.local/lib/python3.7/site-packages/airflow/example_dags/example_skip_dag.py
[2022-04-11 13:28:31,966] {logging_mixin.py:109} INFO - [2022-04-11 13:28:31,965] {dag.py:2398} INFO - Sync 1 DAGs
[2022-04-11 13:28:31,984] {logging_mixin.py:109} INFO - [2022-04-11 13:28:31,984] {dag.py:2937} INFO - Setting next_dagrun for example_skip_dag to 2022-04-10T13:28:31.984534+00:00
[2022-04-11 13:28:31,995] {processor.py:171} INFO - Processing /home/airflow/.local/lib/python3.7/site-packages/airflow/example_dags/example_skip_dag.py took 0.080 seconds
[2022-04-11 13:29:02,337] {processor.py:163} INFO - Started process (PID=465) to work on /home/airflow/.local/lib/python3.7/site-packages/airflow/example_dags/example_skip_dag.py
[2022-04-11 13:29:02,340] {processor.py:642} INFO - Processing file /home/airflow/.local/lib/python3.7/site-packages/airflow/example_dags/example_skip_dag.py for tasks to queue
[2022-04-11 13:29:02,341] {logging_mixin.py:109} INFO - [2022-04-11 13:29:02,341] {dagbag.py:500} INFO - Filling up the DagBag from /home/airflow/.local/lib/python3.7/site-packages/airflow/example_dags/example_skip_dag.py
[2022-04-11 13:29:02,360] {processor.py:652} INFO - DAG(s) dict_keys(['example_skip_dag']) retrieved from /home/airflow/.local/lib/python3.7/site-packages/airflow/example_dags/example_skip_dag.py
[2022-04-11 13:29:02,391] {logging_mixin.py:109} INFO - [2022-04-11 13:29:02,390] {dag.py:2398} INFO - Sync 1 DAGs
[2022-04-11 13:29:02,412] {logging_mixin.py:109} INFO - [2022-04-11 13:29:02,412] {dag.py:2937} INFO - Setting next_dagrun for example_skip_dag to 2022-04-10T13:29:02.412109+00:00
[2022-04-11 13:29:02,426] {processor.py:171} INFO - Processing /home/airflow/.local/lib/python3.7/site-packages/airflow/example_dags/example_skip_dag.py took 0.093 seconds
[2022-04-11 13:29:32,897] {processor.py:163} INFO - Started process (PID=517) to work on /home/airflow/.local/lib/python3.7/site-packages/airflow/example_dags/example_skip_dag.py
[2022-04-11 13:29:32,900] {processor.py:642} INFO - Processing file /home/airflow/.local/lib/python3.7/site-packages/airflow/example_dags/example_skip_dag.py for tasks to queue
[2022-04-11 13:29:32,902] {logging_mixin.py:109} INFO - [2022-04-11 13:29:32,902] {dagbag.py:500} INFO - Filling up the DagBag from /home/airflow/.local/lib/python3.7/site-packages/airflow/example_dags/example_skip_dag.py
[2022-04-11 13:29:32,923] {processor.py:652} INFO - DAG(s) dict_keys(['example_skip_dag']) retrieved from /home/airflow/.local/lib/python3.7/site-packages/airflow/example_dags/example_skip_dag.py
[2022-04-11 13:29:32,953] {logging_mixin.py:109} INFO - [2022-04-11 13:29:32,953] {dag.py:2398} INFO - Sync 1 DAGs
[2022-04-11 13:29:32,979] {logging_mixin.py:109} INFO - [2022-04-11 13:29:32,979] {dag.py:2937} INFO - Setting next_dagrun for example_skip_dag to 2022-04-10T13:29:32.979161+00:00
[2022-04-11 13:29:32,997] {processor.py:171} INFO - Processing /home/airflow/.local/lib/python3.7/site-packages/airflow/example_dags/example_skip_dag.py took 0.105 seconds
[2022-04-11 13:30:03,431] {processor.py:163} INFO - Started process (PID=578) to work on /home/airflow/.local/lib/python3.7/site-packages/airflow/example_dags/example_skip_dag.py
[2022-04-11 13:30:03,433] {processor.py:642} INFO - Processing file /home/airflow/.local/lib/python3.7/site-packages/airflow/example_dags/example_skip_dag.py for tasks to queue
[2022-04-11 13:30:03,435] {logging_mixin.py:109} INFO - [2022-04-11 13:30:03,435] {dagbag.py:500} INFO - Filling up the DagBag from /home/airflow/.local/lib/python3.7/site-packages/airflow/example_dags/example_skip_dag.py
[2022-04-11 13:30:03,450] {processor.py:652} INFO - DAG(s) dict_keys(['example_skip_dag']) retrieved from /home/airflow/.local/lib/python3.7/site-packages/airflow/example_dags/example_skip_dag.py
[2022-04-11 13:30:03,477] {logging_mixin.py:109} INFO - [2022-04-11 13:30:03,476] {dag.py:2398} INFO - Sync 1 DAGs
[2022-04-11 13:30:03,497] {logging_mixin.py:109} INFO - [2022-04-11 13:30:03,496] {dag.py:2937} INFO - Setting next_dagrun for example_skip_dag to 2022-04-10T13:30:03.496673+00:00
[2022-04-11 13:30:03,507] {processor.py:171} INFO - Processing /home/airflow/.local/lib/python3.7/site-packages/airflow/example_dags/example_skip_dag.py took 0.080 seconds
[2022-04-11 13:30:33,605] {processor.py:163} INFO - Started process (PID=628) to work on /home/airflow/.local/lib/python3.7/site-packages/airflow/example_dags/example_skip_dag.py
[2022-04-11 13:30:33,610] {processor.py:642} INFO - Processing file /home/airflow/.local/lib/python3.7/site-packages/airflow/example_dags/example_skip_dag.py for tasks to queue
[2022-04-11 13:30:33,614] {logging_mixin.py:109} INFO - [2022-04-11 13:30:33,613] {dagbag.py:500} INFO - Filling up the DagBag from /home/airflow/.local/lib/python3.7/site-packages/airflow/example_dags/example_skip_dag.py
[2022-04-11 13:30:33,664] {processor.py:652} INFO - DAG(s) dict_keys(['example_skip_dag']) retrieved from /home/airflow/.local/lib/python3.7/site-packages/airflow/example_dags/example_skip_dag.py
[2022-04-11 13:30:33,706] {logging_mixin.py:109} INFO - [2022-04-11 13:30:33,706] {dag.py:2398} INFO - Sync 1 DAGs
[2022-04-11 13:30:33,758] {logging_mixin.py:109} INFO - [2022-04-11 13:30:33,758] {dag.py:2937} INFO - Setting next_dagrun for example_skip_dag to 2022-04-10T13:30:33.757958+00:00
[2022-04-11 13:30:33,783] {processor.py:171} INFO - Processing /home/airflow/.local/lib/python3.7/site-packages/airflow/example_dags/example_skip_dag.py took 0.185 seconds
[2022-04-11 13:31:03,832] {processor.py:163} INFO - Started process (PID=688) to work on /home/airflow/.local/lib/python3.7/site-packages/airflow/example_dags/example_skip_dag.py
[2022-04-11 13:31:03,835] {processor.py:642} INFO - Processing file /home/airflow/.local/lib/python3.7/site-packages/airflow/example_dags/example_skip_dag.py for tasks to queue
[2022-04-11 13:31:03,836] {logging_mixin.py:109} INFO - [2022-04-11 13:31:03,836] {dagbag.py:500} INFO - Filling up the DagBag from /home/airflow/.local/lib/python3.7/site-packages/airflow/example_dags/example_skip_dag.py
[2022-04-11 13:31:03,853] {processor.py:652} INFO - DAG(s) dict_keys(['example_skip_dag']) retrieved from /home/airflow/.local/lib/python3.7/site-packages/airflow/example_dags/example_skip_dag.py
[2022-04-11 13:31:03,878] {logging_mixin.py:109} INFO - [2022-04-11 13:31:03,878] {dag.py:2398} INFO - Sync 1 DAGs
[2022-04-11 13:31:03,898] {logging_mixin.py:109} INFO - [2022-04-11 13:31:03,898] {dag.py:2937} INFO - Setting next_dagrun for example_skip_dag to 2022-04-10T13:31:03.897875+00:00
[2022-04-11 13:31:03,908] {processor.py:171} INFO - Processing /home/airflow/.local/lib/python3.7/site-packages/airflow/example_dags/example_skip_dag.py took 0.079 seconds
[2022-04-11 13:31:34,342] {processor.py:163} INFO - Started process (PID=750) to work on /home/airflow/.local/lib/python3.7/site-packages/airflow/example_dags/example_skip_dag.py
[2022-04-11 13:31:34,344] {processor.py:642} INFO - Processing file /home/airflow/.local/lib/python3.7/site-packages/airflow/example_dags/example_skip_dag.py for tasks to queue
[2022-04-11 13:31:34,346] {logging_mixin.py:109} INFO - [2022-04-11 13:31:34,346] {dagbag.py:500} INFO - Filling up the DagBag from /home/airflow/.local/lib/python3.7/site-packages/airflow/example_dags/example_skip_dag.py
[2022-04-11 13:31:34,362] {processor.py:652} INFO - DAG(s) dict_keys(['example_skip_dag']) retrieved from /home/airflow/.local/lib/python3.7/site-packages/airflow/example_dags/example_skip_dag.py
[2022-04-11 13:31:34,385] {logging_mixin.py:109} INFO - [2022-04-11 13:31:34,385] {dag.py:2398} INFO - Sync 1 DAGs
[2022-04-11 13:31:34,404] {logging_mixin.py:109} INFO - [2022-04-11 13:31:34,404] {dag.py:2937} INFO - Setting next_dagrun for example_skip_dag to 2022-04-10T13:31:34.404482+00:00
[2022-04-11 13:31:34,415] {processor.py:171} INFO - Processing /home/airflow/.local/lib/python3.7/site-packages/airflow/example_dags/example_skip_dag.py took 0.077 seconds
[2022-04-11 13:32:05,027] {processor.py:163} INFO - Started process (PID=812) to work on /home/airflow/.local/lib/python3.7/site-packages/airflow/example_dags/example_skip_dag.py
[2022-04-11 13:32:05,029] {processor.py:642} INFO - Processing file /home/airflow/.local/lib/python3.7/site-packages/airflow/example_dags/example_skip_dag.py for tasks to queue
[2022-04-11 13:32:05,031] {logging_mixin.py:109} INFO - [2022-04-11 13:32:05,030] {dagbag.py:500} INFO - Filling up the DagBag from /home/airflow/.local/lib/python3.7/site-packages/airflow/example_dags/example_skip_dag.py
[2022-04-11 13:32:05,049] {processor.py:652} INFO - DAG(s) dict_keys(['example_skip_dag']) retrieved from /home/airflow/.local/lib/python3.7/site-packages/airflow/example_dags/example_skip_dag.py
[2022-04-11 13:32:05,073] {logging_mixin.py:109} INFO - [2022-04-11 13:32:05,073] {dag.py:2398} INFO - Sync 1 DAGs
[2022-04-11 13:32:05,097] {logging_mixin.py:109} INFO - [2022-04-11 13:32:05,097] {dag.py:2937} INFO - Setting next_dagrun for example_skip_dag to 2022-04-10T13:32:05.097504+00:00
[2022-04-11 13:32:05,111] {processor.py:171} INFO - Processing /home/airflow/.local/lib/python3.7/site-packages/airflow/example_dags/example_skip_dag.py took 0.088 seconds
[2022-04-11 13:32:35,494] {processor.py:163} INFO - Started process (PID=863) to work on /home/airflow/.local/lib/python3.7/site-packages/airflow/example_dags/example_skip_dag.py
[2022-04-11 13:32:35,497] {processor.py:642} INFO - Processing file /home/airflow/.local/lib/python3.7/site-packages/airflow/example_dags/example_skip_dag.py for tasks to queue
[2022-04-11 13:32:35,498] {logging_mixin.py:109} INFO - [2022-04-11 13:32:35,498] {dagbag.py:500} INFO - Filling up the DagBag from /home/airflow/.local/lib/python3.7/site-packages/airflow/example_dags/example_skip_dag.py
[2022-04-11 13:32:35,518] {processor.py:652} INFO - DAG(s) dict_keys(['example_skip_dag']) retrieved from /home/airflow/.local/lib/python3.7/site-packages/airflow/example_dags/example_skip_dag.py
[2022-04-11 13:32:35,543] {logging_mixin.py:109} INFO - [2022-04-11 13:32:35,543] {dag.py:2398} INFO - Sync 1 DAGs
[2022-04-11 13:32:35,563] {logging_mixin.py:109} INFO - [2022-04-11 13:32:35,563] {dag.py:2937} INFO - Setting next_dagrun for example_skip_dag to 2022-04-10T13:32:35.563579+00:00
[2022-04-11 13:32:35,580] {processor.py:171} INFO - Processing /home/airflow/.local/lib/python3.7/site-packages/airflow/example_dags/example_skip_dag.py took 0.089 seconds
[2022-04-11 13:33:06,008] {processor.py:163} INFO - Started process (PID=916) to work on /home/airflow/.local/lib/python3.7/site-packages/airflow/example_dags/example_skip_dag.py
[2022-04-11 13:33:06,010] {processor.py:642} INFO - Processing file /home/airflow/.local/lib/python3.7/site-packages/airflow/example_dags/example_skip_dag.py for tasks to queue
[2022-04-11 13:33:06,011] {logging_mixin.py:109} INFO - [2022-04-11 13:33:06,011] {dagbag.py:500} INFO - Filling up the DagBag from /home/airflow/.local/lib/python3.7/site-packages/airflow/example_dags/example_skip_dag.py
[2022-04-11 13:33:06,029] {processor.py:652} INFO - DAG(s) dict_keys(['example_skip_dag']) retrieved from /home/airflow/.local/lib/python3.7/site-packages/airflow/example_dags/example_skip_dag.py
[2022-04-11 13:33:06,054] {logging_mixin.py:109} INFO - [2022-04-11 13:33:06,053] {dag.py:2398} INFO - Sync 1 DAGs
[2022-04-11 13:33:06,072] {logging_mixin.py:109} INFO - [2022-04-11 13:33:06,072] {dag.py:2937} INFO - Setting next_dagrun for example_skip_dag to 2022-04-10T13:33:06.072398+00:00
[2022-04-11 13:33:06,084] {processor.py:171} INFO - Processing /home/airflow/.local/lib/python3.7/site-packages/airflow/example_dags/example_skip_dag.py took 0.080 seconds
[2022-04-11 13:33:36,584] {processor.py:163} INFO - Started process (PID=976) to work on /home/airflow/.local/lib/python3.7/site-packages/airflow/example_dags/example_skip_dag.py
[2022-04-11 13:33:36,587] {processor.py:642} INFO - Processing file /home/airflow/.local/lib/python3.7/site-packages/airflow/example_dags/example_skip_dag.py for tasks to queue
[2022-04-11 13:33:36,588] {logging_mixin.py:109} INFO - [2022-04-11 13:33:36,588] {dagbag.py:500} INFO - Filling up the DagBag from /home/airflow/.local/lib/python3.7/site-packages/airflow/example_dags/example_skip_dag.py
[2022-04-11 13:33:36,608] {processor.py:652} INFO - DAG(s) dict_keys(['example_skip_dag']) retrieved from /home/airflow/.local/lib/python3.7/site-packages/airflow/example_dags/example_skip_dag.py
[2022-04-11 13:33:36,635] {logging_mixin.py:109} INFO - [2022-04-11 13:33:36,635] {dag.py:2398} INFO - Sync 1 DAGs
[2022-04-11 13:33:36,660] {logging_mixin.py:109} INFO - [2022-04-11 13:33:36,658] {dag.py:2937} INFO - Setting next_dagrun for example_skip_dag to 2022-04-10T13:33:36.658242+00:00
[2022-04-11 13:33:36,671] {processor.py:171} INFO - Processing /home/airflow/.local/lib/python3.7/site-packages/airflow/example_dags/example_skip_dag.py took 0.092 seconds
[2022-04-11 13:34:06,708] {processor.py:163} INFO - Started process (PID=1029) to work on /home/airflow/.local/lib/python3.7/site-packages/airflow/example_dags/example_skip_dag.py
[2022-04-11 13:34:06,713] {processor.py:642} INFO - Processing file /home/airflow/.local/lib/python3.7/site-packages/airflow/example_dags/example_skip_dag.py for tasks to queue
[2022-04-11 13:34:06,714] {logging_mixin.py:109} INFO - [2022-04-11 13:34:06,714] {dagbag.py:500} INFO - Filling up the DagBag from /home/airflow/.local/lib/python3.7/site-packages/airflow/example_dags/example_skip_dag.py
[2022-04-11 13:34:06,740] {processor.py:652} INFO - DAG(s) dict_keys(['example_skip_dag']) retrieved from /home/airflow/.local/lib/python3.7/site-packages/airflow/example_dags/example_skip_dag.py
[2022-04-11 13:34:06,772] {logging_mixin.py:109} INFO - [2022-04-11 13:34:06,772] {dag.py:2398} INFO - Sync 1 DAGs
[2022-04-11 13:34:06,795] {logging_mixin.py:109} INFO - [2022-04-11 13:34:06,795] {dag.py:2937} INFO - Setting next_dagrun for example_skip_dag to 2022-04-10T13:34:06.794814+00:00
[2022-04-11 13:34:06,807] {processor.py:171} INFO - Processing /home/airflow/.local/lib/python3.7/site-packages/airflow/example_dags/example_skip_dag.py took 0.106 seconds
[2022-04-11 13:34:37,097] {processor.py:163} INFO - Started process (PID=1091) to work on /home/airflow/.local/lib/python3.7/site-packages/airflow/example_dags/example_skip_dag.py
[2022-04-11 13:34:37,102] {processor.py:642} INFO - Processing file /home/airflow/.local/lib/python3.7/site-packages/airflow/example_dags/example_skip_dag.py for tasks to queue
[2022-04-11 13:34:37,105] {logging_mixin.py:109} INFO - [2022-04-11 13:34:37,105] {dagbag.py:500} INFO - Filling up the DagBag from /home/airflow/.local/lib/python3.7/site-packages/airflow/example_dags/example_skip_dag.py
[2022-04-11 13:34:37,134] {processor.py:652} INFO - DAG(s) dict_keys(['example_skip_dag']) retrieved from /home/airflow/.local/lib/python3.7/site-packages/airflow/example_dags/example_skip_dag.py
[2022-04-11 13:34:37,166] {logging_mixin.py:109} INFO - [2022-04-11 13:34:37,166] {dag.py:2398} INFO - Sync 1 DAGs
[2022-04-11 13:34:37,318] {logging_mixin.py:109} INFO - [2022-04-11 13:34:37,317] {dag.py:2937} INFO - Setting next_dagrun for example_skip_dag to 2022-04-10T13:34:37.313195+00:00
[2022-04-11 13:34:37,417] {processor.py:171} INFO - Processing /home/airflow/.local/lib/python3.7/site-packages/airflow/example_dags/example_skip_dag.py took 0.328 seconds
[2022-04-11 13:35:07,766] {processor.py:163} INFO - Started process (PID=1142) to work on /home/airflow/.local/lib/python3.7/site-packages/airflow/example_dags/example_skip_dag.py
[2022-04-11 13:35:07,769] {processor.py:642} INFO - Processing file /home/airflow/.local/lib/python3.7/site-packages/airflow/example_dags/example_skip_dag.py for tasks to queue
[2022-04-11 13:35:07,770] {logging_mixin.py:109} INFO - [2022-04-11 13:35:07,770] {dagbag.py:500} INFO - Filling up the DagBag from /home/airflow/.local/lib/python3.7/site-packages/airflow/example_dags/example_skip_dag.py
[2022-04-11 13:35:07,788] {processor.py:652} INFO - DAG(s) dict_keys(['example_skip_dag']) retrieved from /home/airflow/.local/lib/python3.7/site-packages/airflow/example_dags/example_skip_dag.py
[2022-04-11 13:35:07,817] {logging_mixin.py:109} INFO - [2022-04-11 13:35:07,817] {dag.py:2398} INFO - Sync 1 DAGs
[2022-04-11 13:35:07,838] {logging_mixin.py:109} INFO - [2022-04-11 13:35:07,838] {dag.py:2937} INFO - Setting next_dagrun for example_skip_dag to 2022-04-10T13:35:07.837820+00:00
[2022-04-11 13:35:07,850] {processor.py:171} INFO - Processing /home/airflow/.local/lib/python3.7/site-packages/airflow/example_dags/example_skip_dag.py took 0.089 seconds
[2022-04-11 13:35:37,930] {processor.py:163} INFO - Started process (PID=1204) to work on /home/airflow/.local/lib/python3.7/site-packages/airflow/example_dags/example_skip_dag.py
[2022-04-11 13:35:37,933] {processor.py:642} INFO - Processing file /home/airflow/.local/lib/python3.7/site-packages/airflow/example_dags/example_skip_dag.py for tasks to queue
[2022-04-11 13:35:37,934] {logging_mixin.py:109} INFO - [2022-04-11 13:35:37,934] {dagbag.py:500} INFO - Filling up the DagBag from /home/airflow/.local/lib/python3.7/site-packages/airflow/example_dags/example_skip_dag.py
[2022-04-11 13:35:37,956] {processor.py:652} INFO - DAG(s) dict_keys(['example_skip_dag']) retrieved from /home/airflow/.local/lib/python3.7/site-packages/airflow/example_dags/example_skip_dag.py
[2022-04-11 13:35:37,985] {logging_mixin.py:109} INFO - [2022-04-11 13:35:37,985] {dag.py:2398} INFO - Sync 1 DAGs
[2022-04-11 13:35:38,020] {logging_mixin.py:109} INFO - [2022-04-11 13:35:38,020] {dag.py:2937} INFO - Setting next_dagrun for example_skip_dag to 2022-04-10T13:35:38.019747+00:00
[2022-04-11 13:35:38,033] {processor.py:171} INFO - Processing /home/airflow/.local/lib/python3.7/site-packages/airflow/example_dags/example_skip_dag.py took 0.108 seconds
[2022-04-11 13:36:08,127] {processor.py:163} INFO - Started process (PID=1256) to work on /home/airflow/.local/lib/python3.7/site-packages/airflow/example_dags/example_skip_dag.py
[2022-04-11 13:36:08,129] {processor.py:642} INFO - Processing file /home/airflow/.local/lib/python3.7/site-packages/airflow/example_dags/example_skip_dag.py for tasks to queue
[2022-04-11 13:36:08,131] {logging_mixin.py:109} INFO - [2022-04-11 13:36:08,131] {dagbag.py:500} INFO - Filling up the DagBag from /home/airflow/.local/lib/python3.7/site-packages/airflow/example_dags/example_skip_dag.py
[2022-04-11 13:36:08,149] {processor.py:652} INFO - DAG(s) dict_keys(['example_skip_dag']) retrieved from /home/airflow/.local/lib/python3.7/site-packages/airflow/example_dags/example_skip_dag.py
[2022-04-11 13:36:08,174] {logging_mixin.py:109} INFO - [2022-04-11 13:36:08,174] {dag.py:2398} INFO - Sync 1 DAGs
[2022-04-11 13:36:08,195] {logging_mixin.py:109} INFO - [2022-04-11 13:36:08,195] {dag.py:2937} INFO - Setting next_dagrun for example_skip_dag to 2022-04-10T13:36:08.195009+00:00
[2022-04-11 13:36:08,214] {processor.py:171} INFO - Processing /home/airflow/.local/lib/python3.7/site-packages/airflow/example_dags/example_skip_dag.py took 0.090 seconds
[2022-04-11 13:36:38,661] {processor.py:163} INFO - Started process (PID=1316) to work on /home/airflow/.local/lib/python3.7/site-packages/airflow/example_dags/example_skip_dag.py
[2022-04-11 13:36:38,663] {processor.py:642} INFO - Processing file /home/airflow/.local/lib/python3.7/site-packages/airflow/example_dags/example_skip_dag.py for tasks to queue
[2022-04-11 13:36:38,664] {logging_mixin.py:109} INFO - [2022-04-11 13:36:38,664] {dagbag.py:500} INFO - Filling up the DagBag from /home/airflow/.local/lib/python3.7/site-packages/airflow/example_dags/example_skip_dag.py
[2022-04-11 13:36:38,680] {processor.py:652} INFO - DAG(s) dict_keys(['example_skip_dag']) retrieved from /home/airflow/.local/lib/python3.7/site-packages/airflow/example_dags/example_skip_dag.py
[2022-04-11 13:36:38,705] {logging_mixin.py:109} INFO - [2022-04-11 13:36:38,705] {dag.py:2398} INFO - Sync 1 DAGs
[2022-04-11 13:36:38,725] {logging_mixin.py:109} INFO - [2022-04-11 13:36:38,725] {dag.py:2937} INFO - Setting next_dagrun for example_skip_dag to 2022-04-10T13:36:38.725031+00:00
[2022-04-11 13:36:38,739] {processor.py:171} INFO - Processing /home/airflow/.local/lib/python3.7/site-packages/airflow/example_dags/example_skip_dag.py took 0.082 seconds
[2022-04-11 13:37:09,176] {processor.py:163} INFO - Started process (PID=1374) to work on /home/airflow/.local/lib/python3.7/site-packages/airflow/example_dags/example_skip_dag.py
[2022-04-11 13:37:09,178] {processor.py:642} INFO - Processing file /home/airflow/.local/lib/python3.7/site-packages/airflow/example_dags/example_skip_dag.py for tasks to queue
[2022-04-11 13:37:09,179] {logging_mixin.py:109} INFO - [2022-04-11 13:37:09,179] {dagbag.py:500} INFO - Filling up the DagBag from /home/airflow/.local/lib/python3.7/site-packages/airflow/example_dags/example_skip_dag.py
[2022-04-11 13:37:09,197] {processor.py:652} INFO - DAG(s) dict_keys(['example_skip_dag']) retrieved from /home/airflow/.local/lib/python3.7/site-packages/airflow/example_dags/example_skip_dag.py
[2022-04-11 13:37:09,221] {logging_mixin.py:109} INFO - [2022-04-11 13:37:09,221] {dag.py:2398} INFO - Sync 1 DAGs
[2022-04-11 13:37:09,239] {logging_mixin.py:109} INFO - [2022-04-11 13:37:09,239] {dag.py:2937} INFO - Setting next_dagrun for example_skip_dag to 2022-04-10T13:37:09.239252+00:00
[2022-04-11 13:37:09,249] {processor.py:171} INFO - Processing /home/airflow/.local/lib/python3.7/site-packages/airflow/example_dags/example_skip_dag.py took 0.079 seconds
[2022-04-11 13:37:39,749] {processor.py:163} INFO - Started process (PID=1426) to work on /home/airflow/.local/lib/python3.7/site-packages/airflow/example_dags/example_skip_dag.py
[2022-04-11 13:37:39,751] {processor.py:642} INFO - Processing file /home/airflow/.local/lib/python3.7/site-packages/airflow/example_dags/example_skip_dag.py for tasks to queue
[2022-04-11 13:37:39,753] {logging_mixin.py:109} INFO - [2022-04-11 13:37:39,753] {dagbag.py:500} INFO - Filling up the DagBag from /home/airflow/.local/lib/python3.7/site-packages/airflow/example_dags/example_skip_dag.py
[2022-04-11 13:37:39,775] {processor.py:652} INFO - DAG(s) dict_keys(['example_skip_dag']) retrieved from /home/airflow/.local/lib/python3.7/site-packages/airflow/example_dags/example_skip_dag.py
[2022-04-11 13:37:39,807] {logging_mixin.py:109} INFO - [2022-04-11 13:37:39,807] {dag.py:2398} INFO - Sync 1 DAGs
[2022-04-11 13:37:39,838] {logging_mixin.py:109} INFO - [2022-04-11 13:37:39,838] {dag.py:2937} INFO - Setting next_dagrun for example_skip_dag to 2022-04-10T13:37:39.837783+00:00
[2022-04-11 13:37:39,853] {processor.py:171} INFO - Processing /home/airflow/.local/lib/python3.7/site-packages/airflow/example_dags/example_skip_dag.py took 0.109 seconds
[2022-04-11 13:38:10,068] {processor.py:163} INFO - Started process (PID=1488) to work on /home/airflow/.local/lib/python3.7/site-packages/airflow/example_dags/example_skip_dag.py
[2022-04-11 13:38:10,070] {processor.py:642} INFO - Processing file /home/airflow/.local/lib/python3.7/site-packages/airflow/example_dags/example_skip_dag.py for tasks to queue
[2022-04-11 13:38:10,071] {logging_mixin.py:109} INFO - [2022-04-11 13:38:10,071] {dagbag.py:500} INFO - Filling up the DagBag from /home/airflow/.local/lib/python3.7/site-packages/airflow/example_dags/example_skip_dag.py
[2022-04-11 13:38:10,090] {processor.py:652} INFO - DAG(s) dict_keys(['example_skip_dag']) retrieved from /home/airflow/.local/lib/python3.7/site-packages/airflow/example_dags/example_skip_dag.py
[2022-04-11 13:38:10,116] {logging_mixin.py:109} INFO - [2022-04-11 13:38:10,116] {dag.py:2398} INFO - Sync 1 DAGs
[2022-04-11 13:38:10,137] {logging_mixin.py:109} INFO - [2022-04-11 13:38:10,137] {dag.py:2937} INFO - Setting next_dagrun for example_skip_dag to 2022-04-10T13:38:10.137360+00:00
[2022-04-11 13:38:10,149] {processor.py:171} INFO - Processing /home/airflow/.local/lib/python3.7/site-packages/airflow/example_dags/example_skip_dag.py took 0.086 seconds
[2022-04-11 13:38:40,540] {processor.py:163} INFO - Started process (PID=1541) to work on /home/airflow/.local/lib/python3.7/site-packages/airflow/example_dags/example_skip_dag.py
[2022-04-11 13:38:40,543] {processor.py:642} INFO - Processing file /home/airflow/.local/lib/python3.7/site-packages/airflow/example_dags/example_skip_dag.py for tasks to queue
[2022-04-11 13:38:40,544] {logging_mixin.py:109} INFO - [2022-04-11 13:38:40,544] {dagbag.py:500} INFO - Filling up the DagBag from /home/airflow/.local/lib/python3.7/site-packages/airflow/example_dags/example_skip_dag.py
[2022-04-11 13:38:40,564] {processor.py:652} INFO - DAG(s) dict_keys(['example_skip_dag']) retrieved from /home/airflow/.local/lib/python3.7/site-packages/airflow/example_dags/example_skip_dag.py
[2022-04-11 13:38:40,588] {logging_mixin.py:109} INFO - [2022-04-11 13:38:40,588] {dag.py:2398} INFO - Sync 1 DAGs
[2022-04-11 13:38:40,609] {logging_mixin.py:109} INFO - [2022-04-11 13:38:40,609] {dag.py:2937} INFO - Setting next_dagrun for example_skip_dag to 2022-04-10T13:38:40.609212+00:00
[2022-04-11 13:38:40,620] {processor.py:171} INFO - Processing /home/airflow/.local/lib/python3.7/site-packages/airflow/example_dags/example_skip_dag.py took 0.084 seconds
[2022-04-11 13:39:10,902] {processor.py:163} INFO - Started process (PID=1603) to work on /home/airflow/.local/lib/python3.7/site-packages/airflow/example_dags/example_skip_dag.py
[2022-04-11 13:39:10,907] {processor.py:642} INFO - Processing file /home/airflow/.local/lib/python3.7/site-packages/airflow/example_dags/example_skip_dag.py for tasks to queue
[2022-04-11 13:39:10,909] {logging_mixin.py:109} INFO - [2022-04-11 13:39:10,909] {dagbag.py:500} INFO - Filling up the DagBag from /home/airflow/.local/lib/python3.7/site-packages/airflow/example_dags/example_skip_dag.py
[2022-04-11 13:39:10,937] {processor.py:652} INFO - DAG(s) dict_keys(['example_skip_dag']) retrieved from /home/airflow/.local/lib/python3.7/site-packages/airflow/example_dags/example_skip_dag.py
[2022-04-11 13:39:10,980] {logging_mixin.py:109} INFO - [2022-04-11 13:39:10,980] {dag.py:2398} INFO - Sync 1 DAGs
[2022-04-11 13:39:11,026] {logging_mixin.py:109} INFO - [2022-04-11 13:39:11,025] {dag.py:2937} INFO - Setting next_dagrun for example_skip_dag to 2022-04-10T13:39:11.025213+00:00
[2022-04-11 13:39:11,042] {processor.py:171} INFO - Processing /home/airflow/.local/lib/python3.7/site-packages/airflow/example_dags/example_skip_dag.py took 0.145 seconds
[2022-04-11 13:39:41,099] {processor.py:163} INFO - Started process (PID=1654) to work on /home/airflow/.local/lib/python3.7/site-packages/airflow/example_dags/example_skip_dag.py
[2022-04-11 13:39:41,101] {processor.py:642} INFO - Processing file /home/airflow/.local/lib/python3.7/site-packages/airflow/example_dags/example_skip_dag.py for tasks to queue
[2022-04-11 13:39:41,102] {logging_mixin.py:109} INFO - [2022-04-11 13:39:41,102] {dagbag.py:500} INFO - Filling up the DagBag from /home/airflow/.local/lib/python3.7/site-packages/airflow/example_dags/example_skip_dag.py
[2022-04-11 13:39:41,121] {processor.py:652} INFO - DAG(s) dict_keys(['example_skip_dag']) retrieved from /home/airflow/.local/lib/python3.7/site-packages/airflow/example_dags/example_skip_dag.py
[2022-04-11 13:39:41,145] {logging_mixin.py:109} INFO - [2022-04-11 13:39:41,145] {dag.py:2398} INFO - Sync 1 DAGs
[2022-04-11 13:39:41,166] {logging_mixin.py:109} INFO - [2022-04-11 13:39:41,166] {dag.py:2937} INFO - Setting next_dagrun for example_skip_dag to 2022-04-10T13:39:41.166479+00:00
[2022-04-11 13:39:41,179] {processor.py:171} INFO - Processing /home/airflow/.local/lib/python3.7/site-packages/airflow/example_dags/example_skip_dag.py took 0.084 seconds
[2022-04-11 13:40:11,290] {processor.py:163} INFO - Started process (PID=1714) to work on /home/airflow/.local/lib/python3.7/site-packages/airflow/example_dags/example_skip_dag.py
[2022-04-11 13:40:11,301] {processor.py:642} INFO - Processing file /home/airflow/.local/lib/python3.7/site-packages/airflow/example_dags/example_skip_dag.py for tasks to queue
[2022-04-11 13:40:11,306] {logging_mixin.py:109} INFO - [2022-04-11 13:40:11,305] {dagbag.py:500} INFO - Filling up the DagBag from /home/airflow/.local/lib/python3.7/site-packages/airflow/example_dags/example_skip_dag.py
[2022-04-11 13:40:11,376] {processor.py:652} INFO - DAG(s) dict_keys(['example_skip_dag']) retrieved from /home/airflow/.local/lib/python3.7/site-packages/airflow/example_dags/example_skip_dag.py
[2022-04-11 13:40:11,433] {logging_mixin.py:109} INFO - [2022-04-11 13:40:11,433] {dag.py:2398} INFO - Sync 1 DAGs
[2022-04-11 13:40:11,483] {logging_mixin.py:109} INFO - [2022-04-11 13:40:11,483] {dag.py:2937} INFO - Setting next_dagrun for example_skip_dag to 2022-04-10T13:40:11.482559+00:00
[2022-04-11 13:40:11,499] {processor.py:171} INFO - Processing /home/airflow/.local/lib/python3.7/site-packages/airflow/example_dags/example_skip_dag.py took 0.220 seconds
[2022-04-11 13:40:41,588] {processor.py:163} INFO - Started process (PID=1769) to work on /home/airflow/.local/lib/python3.7/site-packages/airflow/example_dags/example_skip_dag.py
[2022-04-11 13:40:41,590] {processor.py:642} INFO - Processing file /home/airflow/.local/lib/python3.7/site-packages/airflow/example_dags/example_skip_dag.py for tasks to queue
[2022-04-11 13:40:41,591] {logging_mixin.py:109} INFO - [2022-04-11 13:40:41,591] {dagbag.py:500} INFO - Filling up the DagBag from /home/airflow/.local/lib/python3.7/site-packages/airflow/example_dags/example_skip_dag.py
[2022-04-11 13:40:41,615] {processor.py:652} INFO - DAG(s) dict_keys(['example_skip_dag']) retrieved from /home/airflow/.local/lib/python3.7/site-packages/airflow/example_dags/example_skip_dag.py
[2022-04-11 13:40:41,645] {logging_mixin.py:109} INFO - [2022-04-11 13:40:41,644] {dag.py:2398} INFO - Sync 1 DAGs
[2022-04-11 13:40:41,667] {logging_mixin.py:109} INFO - [2022-04-11 13:40:41,666] {dag.py:2937} INFO - Setting next_dagrun for example_skip_dag to 2022-04-10T13:40:41.666669+00:00
[2022-04-11 13:40:41,680] {processor.py:171} INFO - Processing /home/airflow/.local/lib/python3.7/site-packages/airflow/example_dags/example_skip_dag.py took 0.097 seconds
[2022-04-11 13:41:11,936] {processor.py:163} INFO - Started process (PID=1823) to work on /home/airflow/.local/lib/python3.7/site-packages/airflow/example_dags/example_skip_dag.py
[2022-04-11 13:41:11,940] {processor.py:642} INFO - Processing file /home/airflow/.local/lib/python3.7/site-packages/airflow/example_dags/example_skip_dag.py for tasks to queue
[2022-04-11 13:41:11,942] {logging_mixin.py:109} INFO - [2022-04-11 13:41:11,942] {dagbag.py:500} INFO - Filling up the DagBag from /home/airflow/.local/lib/python3.7/site-packages/airflow/example_dags/example_skip_dag.py
[2022-04-11 13:41:11,971] {processor.py:652} INFO - DAG(s) dict_keys(['example_skip_dag']) retrieved from /home/airflow/.local/lib/python3.7/site-packages/airflow/example_dags/example_skip_dag.py
[2022-04-11 13:41:12,003] {logging_mixin.py:109} INFO - [2022-04-11 13:41:12,003] {dag.py:2398} INFO - Sync 1 DAGs
[2022-04-11 13:41:12,031] {logging_mixin.py:109} INFO - [2022-04-11 13:41:12,031] {dag.py:2937} INFO - Setting next_dagrun for example_skip_dag to 2022-04-10T13:41:12.031220+00:00
[2022-04-11 13:41:12,053] {processor.py:171} INFO - Processing /home/airflow/.local/lib/python3.7/site-packages/airflow/example_dags/example_skip_dag.py took 0.122 seconds
[2022-04-11 13:41:42,481] {processor.py:163} INFO - Started process (PID=1885) to work on /home/airflow/.local/lib/python3.7/site-packages/airflow/example_dags/example_skip_dag.py
[2022-04-11 13:41:42,486] {processor.py:642} INFO - Processing file /home/airflow/.local/lib/python3.7/site-packages/airflow/example_dags/example_skip_dag.py for tasks to queue
[2022-04-11 13:41:42,491] {logging_mixin.py:109} INFO - [2022-04-11 13:41:42,490] {dagbag.py:500} INFO - Filling up the DagBag from /home/airflow/.local/lib/python3.7/site-packages/airflow/example_dags/example_skip_dag.py
[2022-04-11 13:41:42,513] {processor.py:652} INFO - DAG(s) dict_keys(['example_skip_dag']) retrieved from /home/airflow/.local/lib/python3.7/site-packages/airflow/example_dags/example_skip_dag.py
[2022-04-11 13:41:42,541] {logging_mixin.py:109} INFO - [2022-04-11 13:41:42,541] {dag.py:2398} INFO - Sync 1 DAGs
[2022-04-11 13:41:42,570] {logging_mixin.py:109} INFO - [2022-04-11 13:41:42,569] {dag.py:2937} INFO - Setting next_dagrun for example_skip_dag to 2022-04-10T13:41:42.569693+00:00
[2022-04-11 13:41:42,579] {processor.py:171} INFO - Processing /home/airflow/.local/lib/python3.7/site-packages/airflow/example_dags/example_skip_dag.py took 0.106 seconds
[2022-04-11 13:42:13,540] {processor.py:163} INFO - Started process (PID=1938) to work on /home/airflow/.local/lib/python3.7/site-packages/airflow/example_dags/example_skip_dag.py
[2022-04-11 13:42:13,542] {processor.py:642} INFO - Processing file /home/airflow/.local/lib/python3.7/site-packages/airflow/example_dags/example_skip_dag.py for tasks to queue
[2022-04-11 13:42:13,543] {logging_mixin.py:109} INFO - [2022-04-11 13:42:13,543] {dagbag.py:500} INFO - Filling up the DagBag from /home/airflow/.local/lib/python3.7/site-packages/airflow/example_dags/example_skip_dag.py
[2022-04-11 13:42:13,563] {processor.py:652} INFO - DAG(s) dict_keys(['example_skip_dag']) retrieved from /home/airflow/.local/lib/python3.7/site-packages/airflow/example_dags/example_skip_dag.py
[2022-04-11 13:42:13,592] {logging_mixin.py:109} INFO - [2022-04-11 13:42:13,591] {dag.py:2398} INFO - Sync 1 DAGs
[2022-04-11 13:42:13,613] {logging_mixin.py:109} INFO - [2022-04-11 13:42:13,612] {dag.py:2937} INFO - Setting next_dagrun for example_skip_dag to 2022-04-10T13:42:13.612606+00:00
[2022-04-11 13:42:13,626] {processor.py:171} INFO - Processing /home/airflow/.local/lib/python3.7/site-packages/airflow/example_dags/example_skip_dag.py took 0.091 seconds
[2022-04-11 13:42:43,679] {processor.py:163} INFO - Started process (PID=2000) to work on /home/airflow/.local/lib/python3.7/site-packages/airflow/example_dags/example_skip_dag.py
[2022-04-11 13:42:43,682] {processor.py:642} INFO - Processing file /home/airflow/.local/lib/python3.7/site-packages/airflow/example_dags/example_skip_dag.py for tasks to queue
[2022-04-11 13:42:43,683] {logging_mixin.py:109} INFO - [2022-04-11 13:42:43,683] {dagbag.py:500} INFO - Filling up the DagBag from /home/airflow/.local/lib/python3.7/site-packages/airflow/example_dags/example_skip_dag.py
[2022-04-11 13:42:43,705] {processor.py:652} INFO - DAG(s) dict_keys(['example_skip_dag']) retrieved from /home/airflow/.local/lib/python3.7/site-packages/airflow/example_dags/example_skip_dag.py
[2022-04-11 13:42:43,732] {logging_mixin.py:109} INFO - [2022-04-11 13:42:43,732] {dag.py:2398} INFO - Sync 1 DAGs
[2022-04-11 13:42:43,757] {logging_mixin.py:109} INFO - [2022-04-11 13:42:43,757] {dag.py:2937} INFO - Setting next_dagrun for example_skip_dag to 2022-04-10T13:42:43.757212+00:00
[2022-04-11 13:42:43,770] {processor.py:171} INFO - Processing /home/airflow/.local/lib/python3.7/site-packages/airflow/example_dags/example_skip_dag.py took 0.095 seconds
[2022-04-11 13:43:14,312] {processor.py:163} INFO - Started process (PID=2052) to work on /home/airflow/.local/lib/python3.7/site-packages/airflow/example_dags/example_skip_dag.py
[2022-04-11 13:43:14,314] {processor.py:642} INFO - Processing file /home/airflow/.local/lib/python3.7/site-packages/airflow/example_dags/example_skip_dag.py for tasks to queue
[2022-04-11 13:43:14,315] {logging_mixin.py:109} INFO - [2022-04-11 13:43:14,315] {dagbag.py:500} INFO - Filling up the DagBag from /home/airflow/.local/lib/python3.7/site-packages/airflow/example_dags/example_skip_dag.py
[2022-04-11 13:43:14,335] {processor.py:652} INFO - DAG(s) dict_keys(['example_skip_dag']) retrieved from /home/airflow/.local/lib/python3.7/site-packages/airflow/example_dags/example_skip_dag.py
[2022-04-11 13:43:14,361] {logging_mixin.py:109} INFO - [2022-04-11 13:43:14,361] {dag.py:2398} INFO - Sync 1 DAGs
[2022-04-11 13:43:14,380] {logging_mixin.py:109} INFO - [2022-04-11 13:43:14,380] {dag.py:2937} INFO - Setting next_dagrun for example_skip_dag to 2022-04-10T13:43:14.380534+00:00
[2022-04-11 13:43:14,391] {processor.py:171} INFO - Processing /home/airflow/.local/lib/python3.7/site-packages/airflow/example_dags/example_skip_dag.py took 0.084 seconds
[2022-04-11 13:43:44,440] {processor.py:163} INFO - Started process (PID=2104) to work on /home/airflow/.local/lib/python3.7/site-packages/airflow/example_dags/example_skip_dag.py
[2022-04-11 13:43:44,441] {processor.py:642} INFO - Processing file /home/airflow/.local/lib/python3.7/site-packages/airflow/example_dags/example_skip_dag.py for tasks to queue
[2022-04-11 13:43:44,442] {logging_mixin.py:109} INFO - [2022-04-11 13:43:44,442] {dagbag.py:500} INFO - Filling up the DagBag from /home/airflow/.local/lib/python3.7/site-packages/airflow/example_dags/example_skip_dag.py
[2022-04-11 13:43:44,457] {processor.py:652} INFO - DAG(s) dict_keys(['example_skip_dag']) retrieved from /home/airflow/.local/lib/python3.7/site-packages/airflow/example_dags/example_skip_dag.py
[2022-04-11 13:43:44,479] {logging_mixin.py:109} INFO - [2022-04-11 13:43:44,479] {dag.py:2398} INFO - Sync 1 DAGs
[2022-04-11 13:43:44,497] {logging_mixin.py:109} INFO - [2022-04-11 13:43:44,497] {dag.py:2937} INFO - Setting next_dagrun for example_skip_dag to 2022-04-10T13:43:44.497025+00:00
[2022-04-11 13:43:44,507] {processor.py:171} INFO - Processing /home/airflow/.local/lib/python3.7/site-packages/airflow/example_dags/example_skip_dag.py took 0.071 seconds
[2022-04-11 13:44:15,276] {processor.py:163} INFO - Started process (PID=2167) to work on /home/airflow/.local/lib/python3.7/site-packages/airflow/example_dags/example_skip_dag.py
[2022-04-11 13:44:15,279] {processor.py:642} INFO - Processing file /home/airflow/.local/lib/python3.7/site-packages/airflow/example_dags/example_skip_dag.py for tasks to queue
[2022-04-11 13:44:15,280] {logging_mixin.py:109} INFO - [2022-04-11 13:44:15,280] {dagbag.py:500} INFO - Filling up the DagBag from /home/airflow/.local/lib/python3.7/site-packages/airflow/example_dags/example_skip_dag.py
[2022-04-11 13:44:15,301] {processor.py:652} INFO - DAG(s) dict_keys(['example_skip_dag']) retrieved from /home/airflow/.local/lib/python3.7/site-packages/airflow/example_dags/example_skip_dag.py
[2022-04-11 13:44:15,326] {logging_mixin.py:109} INFO - [2022-04-11 13:44:15,325] {dag.py:2398} INFO - Sync 1 DAGs
[2022-04-11 13:44:15,348] {logging_mixin.py:109} INFO - [2022-04-11 13:44:15,348] {dag.py:2937} INFO - Setting next_dagrun for example_skip_dag to 2022-04-10T13:44:15.347775+00:00
[2022-04-11 13:44:15,360] {processor.py:171} INFO - Processing /home/airflow/.local/lib/python3.7/site-packages/airflow/example_dags/example_skip_dag.py took 0.088 seconds
[2022-04-11 13:44:45,512] {processor.py:163} INFO - Started process (PID=2218) to work on /home/airflow/.local/lib/python3.7/site-packages/airflow/example_dags/example_skip_dag.py
[2022-04-11 13:44:45,515] {processor.py:642} INFO - Processing file /home/airflow/.local/lib/python3.7/site-packages/airflow/example_dags/example_skip_dag.py for tasks to queue
[2022-04-11 13:44:45,517] {logging_mixin.py:109} INFO - [2022-04-11 13:44:45,517] {dagbag.py:500} INFO - Filling up the DagBag from /home/airflow/.local/lib/python3.7/site-packages/airflow/example_dags/example_skip_dag.py
[2022-04-11 13:44:45,548] {processor.py:652} INFO - DAG(s) dict_keys(['example_skip_dag']) retrieved from /home/airflow/.local/lib/python3.7/site-packages/airflow/example_dags/example_skip_dag.py
[2022-04-11 13:44:45,581] {logging_mixin.py:109} INFO - [2022-04-11 13:44:45,581] {dag.py:2398} INFO - Sync 1 DAGs
[2022-04-11 13:44:45,616] {logging_mixin.py:109} INFO - [2022-04-11 13:44:45,615] {dag.py:2937} INFO - Setting next_dagrun for example_skip_dag to 2022-04-10T13:44:45.615112+00:00
[2022-04-11 13:44:45,631] {processor.py:171} INFO - Processing /home/airflow/.local/lib/python3.7/site-packages/airflow/example_dags/example_skip_dag.py took 0.124 seconds
[2022-04-11 13:45:15,738] {processor.py:163} INFO - Started process (PID=2278) to work on /home/airflow/.local/lib/python3.7/site-packages/airflow/example_dags/example_skip_dag.py
[2022-04-11 13:45:15,741] {processor.py:642} INFO - Processing file /home/airflow/.local/lib/python3.7/site-packages/airflow/example_dags/example_skip_dag.py for tasks to queue
[2022-04-11 13:45:15,743] {logging_mixin.py:109} INFO - [2022-04-11 13:45:15,742] {dagbag.py:500} INFO - Filling up the DagBag from /home/airflow/.local/lib/python3.7/site-packages/airflow/example_dags/example_skip_dag.py
[2022-04-11 13:45:15,765] {processor.py:652} INFO - DAG(s) dict_keys(['example_skip_dag']) retrieved from /home/airflow/.local/lib/python3.7/site-packages/airflow/example_dags/example_skip_dag.py
[2022-04-11 13:45:15,797] {logging_mixin.py:109} INFO - [2022-04-11 13:45:15,796] {dag.py:2398} INFO - Sync 1 DAGs
[2022-04-11 13:45:15,799] {logging_mixin.py:109} INFO - [2022-04-11 13:45:15,799] {dag.py:2937} INFO - Setting next_dagrun for example_skip_dag to 2022-04-10T13:45:15.799208+00:00
[2022-04-11 13:45:15,816] {processor.py:171} INFO - Processing /home/airflow/.local/lib/python3.7/site-packages/airflow/example_dags/example_skip_dag.py took 0.107 seconds
[2022-04-11 13:45:46,591] {processor.py:163} INFO - Started process (PID=2329) to work on /home/airflow/.local/lib/python3.7/site-packages/airflow/example_dags/example_skip_dag.py
[2022-04-11 13:45:46,595] {processor.py:642} INFO - Processing file /home/airflow/.local/lib/python3.7/site-packages/airflow/example_dags/example_skip_dag.py for tasks to queue
[2022-04-11 13:45:46,597] {logging_mixin.py:109} INFO - [2022-04-11 13:45:46,597] {dagbag.py:500} INFO - Filling up the DagBag from /home/airflow/.local/lib/python3.7/site-packages/airflow/example_dags/example_skip_dag.py
[2022-04-11 13:45:46,630] {processor.py:652} INFO - DAG(s) dict_keys(['example_skip_dag']) retrieved from /home/airflow/.local/lib/python3.7/site-packages/airflow/example_dags/example_skip_dag.py
[2022-04-11 13:45:46,666] {logging_mixin.py:109} INFO - [2022-04-11 13:45:46,666] {dag.py:2398} INFO - Sync 1 DAGs
[2022-04-11 13:45:46,694] {logging_mixin.py:109} INFO - [2022-04-11 13:45:46,694] {dag.py:2937} INFO - Setting next_dagrun for example_skip_dag to 2022-04-10T13:45:46.694074+00:00
[2022-04-11 13:45:46,711] {processor.py:171} INFO - Processing /home/airflow/.local/lib/python3.7/site-packages/airflow/example_dags/example_skip_dag.py took 0.130 seconds
[2022-04-11 13:46:16,934] {processor.py:163} INFO - Started process (PID=2382) to work on /home/airflow/.local/lib/python3.7/site-packages/airflow/example_dags/example_skip_dag.py
[2022-04-11 13:46:16,936] {processor.py:642} INFO - Processing file /home/airflow/.local/lib/python3.7/site-packages/airflow/example_dags/example_skip_dag.py for tasks to queue
[2022-04-11 13:46:16,937] {logging_mixin.py:109} INFO - [2022-04-11 13:46:16,937] {dagbag.py:500} INFO - Filling up the DagBag from /home/airflow/.local/lib/python3.7/site-packages/airflow/example_dags/example_skip_dag.py
[2022-04-11 13:46:16,956] {processor.py:652} INFO - DAG(s) dict_keys(['example_skip_dag']) retrieved from /home/airflow/.local/lib/python3.7/site-packages/airflow/example_dags/example_skip_dag.py
[2022-04-11 13:46:16,980] {logging_mixin.py:109} INFO - [2022-04-11 13:46:16,979] {dag.py:2398} INFO - Sync 1 DAGs
[2022-04-11 13:46:16,998] {logging_mixin.py:109} INFO - [2022-04-11 13:46:16,998] {dag.py:2937} INFO - Setting next_dagrun for example_skip_dag to 2022-04-10T13:46:16.998142+00:00
[2022-04-11 13:46:17,009] {processor.py:171} INFO - Processing /home/airflow/.local/lib/python3.7/site-packages/airflow/example_dags/example_skip_dag.py took 0.079 seconds
[2022-04-11 13:46:47,403] {processor.py:163} INFO - Started process (PID=2445) to work on /home/airflow/.local/lib/python3.7/site-packages/airflow/example_dags/example_skip_dag.py
[2022-04-11 13:46:47,407] {processor.py:642} INFO - Processing file /home/airflow/.local/lib/python3.7/site-packages/airflow/example_dags/example_skip_dag.py for tasks to queue
[2022-04-11 13:46:47,410] {logging_mixin.py:109} INFO - [2022-04-11 13:46:47,410] {dagbag.py:500} INFO - Filling up the DagBag from /home/airflow/.local/lib/python3.7/site-packages/airflow/example_dags/example_skip_dag.py
[2022-04-11 13:46:47,436] {processor.py:652} INFO - DAG(s) dict_keys(['example_skip_dag']) retrieved from /home/airflow/.local/lib/python3.7/site-packages/airflow/example_dags/example_skip_dag.py
[2022-04-11 13:46:47,478] {logging_mixin.py:109} INFO - [2022-04-11 13:46:47,478] {dag.py:2398} INFO - Sync 1 DAGs
[2022-04-11 13:46:47,509] {logging_mixin.py:109} INFO - [2022-04-11 13:46:47,508] {dag.py:2937} INFO - Setting next_dagrun for example_skip_dag to 2022-04-10T13:46:47.508517+00:00
[2022-04-11 13:46:47,528] {processor.py:171} INFO - Processing /home/airflow/.local/lib/python3.7/site-packages/airflow/example_dags/example_skip_dag.py took 0.130 seconds
[2022-04-11 13:47:18,268] {processor.py:163} INFO - Started process (PID=2499) to work on /home/airflow/.local/lib/python3.7/site-packages/airflow/example_dags/example_skip_dag.py
[2022-04-11 13:47:18,270] {processor.py:642} INFO - Processing file /home/airflow/.local/lib/python3.7/site-packages/airflow/example_dags/example_skip_dag.py for tasks to queue
[2022-04-11 13:47:18,271] {logging_mixin.py:109} INFO - [2022-04-11 13:47:18,271] {dagbag.py:500} INFO - Filling up the DagBag from /home/airflow/.local/lib/python3.7/site-packages/airflow/example_dags/example_skip_dag.py
[2022-04-11 13:47:18,292] {processor.py:652} INFO - DAG(s) dict_keys(['example_skip_dag']) retrieved from /home/airflow/.local/lib/python3.7/site-packages/airflow/example_dags/example_skip_dag.py
[2022-04-11 13:47:18,318] {logging_mixin.py:109} INFO - [2022-04-11 13:47:18,318] {dag.py:2398} INFO - Sync 1 DAGs
[2022-04-11 13:47:18,341] {logging_mixin.py:109} INFO - [2022-04-11 13:47:18,341] {dag.py:2937} INFO - Setting next_dagrun for example_skip_dag to 2022-04-10T13:47:18.340872+00:00
[2022-04-11 13:47:18,353] {processor.py:171} INFO - Processing /home/airflow/.local/lib/python3.7/site-packages/airflow/example_dags/example_skip_dag.py took 0.090 seconds
[2022-04-11 13:47:48,710] {processor.py:163} INFO - Started process (PID=2551) to work on /home/airflow/.local/lib/python3.7/site-packages/airflow/example_dags/example_skip_dag.py
[2022-04-11 13:47:48,712] {processor.py:642} INFO - Processing file /home/airflow/.local/lib/python3.7/site-packages/airflow/example_dags/example_skip_dag.py for tasks to queue
[2022-04-11 13:47:48,713] {logging_mixin.py:109} INFO - [2022-04-11 13:47:48,713] {dagbag.py:500} INFO - Filling up the DagBag from /home/airflow/.local/lib/python3.7/site-packages/airflow/example_dags/example_skip_dag.py
[2022-04-11 13:47:48,730] {processor.py:652} INFO - DAG(s) dict_keys(['example_skip_dag']) retrieved from /home/airflow/.local/lib/python3.7/site-packages/airflow/example_dags/example_skip_dag.py
[2022-04-11 13:47:48,760] {logging_mixin.py:109} INFO - [2022-04-11 13:47:48,760] {dag.py:2398} INFO - Sync 1 DAGs
[2022-04-11 13:47:48,778] {logging_mixin.py:109} INFO - [2022-04-11 13:47:48,778] {dag.py:2937} INFO - Setting next_dagrun for example_skip_dag to 2022-04-10T13:47:48.778556+00:00
[2022-04-11 13:47:48,795] {processor.py:171} INFO - Processing /home/airflow/.local/lib/python3.7/site-packages/airflow/example_dags/example_skip_dag.py took 0.089 seconds
[2022-04-11 13:48:19,512] {processor.py:163} INFO - Started process (PID=2613) to work on /home/airflow/.local/lib/python3.7/site-packages/airflow/example_dags/example_skip_dag.py
[2022-04-11 13:48:19,514] {processor.py:642} INFO - Processing file /home/airflow/.local/lib/python3.7/site-packages/airflow/example_dags/example_skip_dag.py for tasks to queue
[2022-04-11 13:48:19,515] {logging_mixin.py:109} INFO - [2022-04-11 13:48:19,515] {dagbag.py:500} INFO - Filling up the DagBag from /home/airflow/.local/lib/python3.7/site-packages/airflow/example_dags/example_skip_dag.py
[2022-04-11 13:48:19,532] {processor.py:652} INFO - DAG(s) dict_keys(['example_skip_dag']) retrieved from /home/airflow/.local/lib/python3.7/site-packages/airflow/example_dags/example_skip_dag.py
[2022-04-11 13:48:19,555] {logging_mixin.py:109} INFO - [2022-04-11 13:48:19,555] {dag.py:2398} INFO - Sync 1 DAGs
[2022-04-11 13:48:19,575] {logging_mixin.py:109} INFO - [2022-04-11 13:48:19,575] {dag.py:2937} INFO - Setting next_dagrun for example_skip_dag to 2022-04-10T13:48:19.574783+00:00
[2022-04-11 13:48:19,585] {processor.py:171} INFO - Processing /home/airflow/.local/lib/python3.7/site-packages/airflow/example_dags/example_skip_dag.py took 0.076 seconds
[2022-04-11 13:48:50,198] {processor.py:163} INFO - Started process (PID=2677) to work on /home/airflow/.local/lib/python3.7/site-packages/airflow/example_dags/example_skip_dag.py
[2022-04-11 13:48:50,200] {processor.py:642} INFO - Processing file /home/airflow/.local/lib/python3.7/site-packages/airflow/example_dags/example_skip_dag.py for tasks to queue
[2022-04-11 13:48:50,201] {logging_mixin.py:109} INFO - [2022-04-11 13:48:50,201] {dagbag.py:500} INFO - Filling up the DagBag from /home/airflow/.local/lib/python3.7/site-packages/airflow/example_dags/example_skip_dag.py
[2022-04-11 13:48:50,222] {processor.py:652} INFO - DAG(s) dict_keys(['example_skip_dag']) retrieved from /home/airflow/.local/lib/python3.7/site-packages/airflow/example_dags/example_skip_dag.py
[2022-04-11 13:48:50,261] {logging_mixin.py:109} INFO - [2022-04-11 13:48:50,261] {dag.py:2398} INFO - Sync 1 DAGs
[2022-04-11 13:48:50,286] {logging_mixin.py:109} INFO - [2022-04-11 13:48:50,286] {dag.py:2937} INFO - Setting next_dagrun for example_skip_dag to 2022-04-10T13:48:50.285858+00:00
[2022-04-11 13:48:50,297] {processor.py:171} INFO - Processing /home/airflow/.local/lib/python3.7/site-packages/airflow/example_dags/example_skip_dag.py took 0.104 seconds
