[2022-04-11 13:27:14,585] {processor.py:163} INFO - Started process (PID=241) to work on /home/airflow/.local/lib/python3.7/site-packages/airflow/example_dags/example_python_operator.py
[2022-04-11 13:27:14,587] {processor.py:642} INFO - Processing file /home/airflow/.local/lib/python3.7/site-packages/airflow/example_dags/example_python_operator.py for tasks to queue
[2022-04-11 13:27:14,588] {logging_mixin.py:109} INFO - [2022-04-11 13:27:14,588] {dagbag.py:500} INFO - Filling up the DagBag from /home/airflow/.local/lib/python3.7/site-packages/airflow/example_dags/example_python_operator.py
[2022-04-11 13:27:14,617] {processor.py:652} INFO - DAG(s) dict_keys(['example_python_operator']) retrieved from /home/airflow/.local/lib/python3.7/site-packages/airflow/example_dags/example_python_operator.py
[2022-04-11 13:27:16,482] {logging_mixin.py:109} INFO - [2022-04-11 13:27:16,482] {manager.py:496} INFO - Created Permission View: can read on DAG:example_python_operator
[2022-04-11 13:27:16,491] {logging_mixin.py:109} INFO - [2022-04-11 13:27:16,491] {manager.py:496} INFO - Created Permission View: can edit on DAG:example_python_operator
[2022-04-11 13:27:16,492] {logging_mixin.py:109} INFO - [2022-04-11 13:27:16,492] {dag.py:2398} INFO - Sync 1 DAGs
[2022-04-11 13:27:16,501] {logging_mixin.py:109} INFO - [2022-04-11 13:27:16,501] {dag.py:2417} INFO - Creating ORM DAG for example_python_operator
[2022-04-11 13:27:16,511] {logging_mixin.py:109} INFO - [2022-04-11 13:27:16,511] {dag.py:2937} INFO - Setting next_dagrun for example_python_operator to None
[2022-04-11 13:27:16,523] {processor.py:171} INFO - Processing /home/airflow/.local/lib/python3.7/site-packages/airflow/example_dags/example_python_operator.py took 1.942 seconds
[2022-04-11 13:27:46,708] {processor.py:163} INFO - Started process (PID=326) to work on /home/airflow/.local/lib/python3.7/site-packages/airflow/example_dags/example_python_operator.py
[2022-04-11 13:27:46,711] {processor.py:642} INFO - Processing file /home/airflow/.local/lib/python3.7/site-packages/airflow/example_dags/example_python_operator.py for tasks to queue
[2022-04-11 13:27:46,712] {logging_mixin.py:109} INFO - [2022-04-11 13:27:46,712] {dagbag.py:500} INFO - Filling up the DagBag from /home/airflow/.local/lib/python3.7/site-packages/airflow/example_dags/example_python_operator.py
[2022-04-11 13:27:46,742] {processor.py:652} INFO - DAG(s) dict_keys(['example_python_operator']) retrieved from /home/airflow/.local/lib/python3.7/site-packages/airflow/example_dags/example_python_operator.py
[2022-04-11 13:27:46,769] {logging_mixin.py:109} INFO - [2022-04-11 13:27:46,769] {dag.py:2398} INFO - Sync 1 DAGs
[2022-04-11 13:27:46,791] {logging_mixin.py:109} INFO - [2022-04-11 13:27:46,791] {dag.py:2937} INFO - Setting next_dagrun for example_python_operator to None
[2022-04-11 13:27:46,804] {processor.py:171} INFO - Processing /home/airflow/.local/lib/python3.7/site-packages/airflow/example_dags/example_python_operator.py took 0.100 seconds
[2022-04-11 13:28:17,056] {processor.py:163} INFO - Started process (PID=378) to work on /home/airflow/.local/lib/python3.7/site-packages/airflow/example_dags/example_python_operator.py
[2022-04-11 13:28:17,060] {processor.py:642} INFO - Processing file /home/airflow/.local/lib/python3.7/site-packages/airflow/example_dags/example_python_operator.py for tasks to queue
[2022-04-11 13:28:17,062] {logging_mixin.py:109} INFO - [2022-04-11 13:28:17,061] {dagbag.py:500} INFO - Filling up the DagBag from /home/airflow/.local/lib/python3.7/site-packages/airflow/example_dags/example_python_operator.py
[2022-04-11 13:28:17,094] {processor.py:652} INFO - DAG(s) dict_keys(['example_python_operator']) retrieved from /home/airflow/.local/lib/python3.7/site-packages/airflow/example_dags/example_python_operator.py
[2022-04-11 13:28:17,124] {logging_mixin.py:109} INFO - [2022-04-11 13:28:17,124] {dag.py:2398} INFO - Sync 1 DAGs
[2022-04-11 13:28:17,149] {logging_mixin.py:109} INFO - [2022-04-11 13:28:17,148] {dag.py:2937} INFO - Setting next_dagrun for example_python_operator to None
[2022-04-11 13:28:17,163] {processor.py:171} INFO - Processing /home/airflow/.local/lib/python3.7/site-packages/airflow/example_dags/example_python_operator.py took 0.113 seconds
[2022-04-11 13:28:47,484] {processor.py:163} INFO - Started process (PID=439) to work on /home/airflow/.local/lib/python3.7/site-packages/airflow/example_dags/example_python_operator.py
[2022-04-11 13:28:47,487] {processor.py:642} INFO - Processing file /home/airflow/.local/lib/python3.7/site-packages/airflow/example_dags/example_python_operator.py for tasks to queue
[2022-04-11 13:28:47,489] {logging_mixin.py:109} INFO - [2022-04-11 13:28:47,489] {dagbag.py:500} INFO - Filling up the DagBag from /home/airflow/.local/lib/python3.7/site-packages/airflow/example_dags/example_python_operator.py
[2022-04-11 13:28:47,516] {processor.py:652} INFO - DAG(s) dict_keys(['example_python_operator']) retrieved from /home/airflow/.local/lib/python3.7/site-packages/airflow/example_dags/example_python_operator.py
[2022-04-11 13:28:47,544] {logging_mixin.py:109} INFO - [2022-04-11 13:28:47,544] {dag.py:2398} INFO - Sync 1 DAGs
[2022-04-11 13:28:47,570] {logging_mixin.py:109} INFO - [2022-04-11 13:28:47,570] {dag.py:2937} INFO - Setting next_dagrun for example_python_operator to None
[2022-04-11 13:28:47,628] {processor.py:171} INFO - Processing /home/airflow/.local/lib/python3.7/site-packages/airflow/example_dags/example_python_operator.py took 0.148 seconds
[2022-04-11 13:29:18,336] {processor.py:163} INFO - Started process (PID=490) to work on /home/airflow/.local/lib/python3.7/site-packages/airflow/example_dags/example_python_operator.py
[2022-04-11 13:29:18,339] {processor.py:642} INFO - Processing file /home/airflow/.local/lib/python3.7/site-packages/airflow/example_dags/example_python_operator.py for tasks to queue
[2022-04-11 13:29:18,340] {logging_mixin.py:109} INFO - [2022-04-11 13:29:18,340] {dagbag.py:500} INFO - Filling up the DagBag from /home/airflow/.local/lib/python3.7/site-packages/airflow/example_dags/example_python_operator.py
[2022-04-11 13:29:18,364] {processor.py:652} INFO - DAG(s) dict_keys(['example_python_operator']) retrieved from /home/airflow/.local/lib/python3.7/site-packages/airflow/example_dags/example_python_operator.py
[2022-04-11 13:29:18,389] {logging_mixin.py:109} INFO - [2022-04-11 13:29:18,389] {dag.py:2398} INFO - Sync 1 DAGs
[2022-04-11 13:29:18,409] {logging_mixin.py:109} INFO - [2022-04-11 13:29:18,409] {dag.py:2937} INFO - Setting next_dagrun for example_python_operator to None
[2022-04-11 13:29:18,419] {processor.py:171} INFO - Processing /home/airflow/.local/lib/python3.7/site-packages/airflow/example_dags/example_python_operator.py took 0.087 seconds
[2022-04-11 13:29:48,945] {processor.py:163} INFO - Started process (PID=553) to work on /home/airflow/.local/lib/python3.7/site-packages/airflow/example_dags/example_python_operator.py
[2022-04-11 13:29:48,947] {processor.py:642} INFO - Processing file /home/airflow/.local/lib/python3.7/site-packages/airflow/example_dags/example_python_operator.py for tasks to queue
[2022-04-11 13:29:48,948] {logging_mixin.py:109} INFO - [2022-04-11 13:29:48,948] {dagbag.py:500} INFO - Filling up the DagBag from /home/airflow/.local/lib/python3.7/site-packages/airflow/example_dags/example_python_operator.py
[2022-04-11 13:29:48,968] {processor.py:652} INFO - DAG(s) dict_keys(['example_python_operator']) retrieved from /home/airflow/.local/lib/python3.7/site-packages/airflow/example_dags/example_python_operator.py
[2022-04-11 13:29:48,992] {logging_mixin.py:109} INFO - [2022-04-11 13:29:48,992] {dag.py:2398} INFO - Sync 1 DAGs
[2022-04-11 13:29:49,009] {logging_mixin.py:109} INFO - [2022-04-11 13:29:49,009] {dag.py:2937} INFO - Setting next_dagrun for example_python_operator to None
[2022-04-11 13:29:49,019] {processor.py:171} INFO - Processing /home/airflow/.local/lib/python3.7/site-packages/airflow/example_dags/example_python_operator.py took 0.077 seconds
[2022-04-11 13:30:19,420] {processor.py:163} INFO - Started process (PID=603) to work on /home/airflow/.local/lib/python3.7/site-packages/airflow/example_dags/example_python_operator.py
[2022-04-11 13:30:19,423] {processor.py:642} INFO - Processing file /home/airflow/.local/lib/python3.7/site-packages/airflow/example_dags/example_python_operator.py for tasks to queue
[2022-04-11 13:30:19,424] {logging_mixin.py:109} INFO - [2022-04-11 13:30:19,424] {dagbag.py:500} INFO - Filling up the DagBag from /home/airflow/.local/lib/python3.7/site-packages/airflow/example_dags/example_python_operator.py
[2022-04-11 13:30:19,456] {processor.py:652} INFO - DAG(s) dict_keys(['example_python_operator']) retrieved from /home/airflow/.local/lib/python3.7/site-packages/airflow/example_dags/example_python_operator.py
[2022-04-11 13:30:19,486] {logging_mixin.py:109} INFO - [2022-04-11 13:30:19,486] {dag.py:2398} INFO - Sync 1 DAGs
[2022-04-11 13:30:19,514] {logging_mixin.py:109} INFO - [2022-04-11 13:30:19,514] {dag.py:2937} INFO - Setting next_dagrun for example_python_operator to None
[2022-04-11 13:30:19,530] {processor.py:171} INFO - Processing /home/airflow/.local/lib/python3.7/site-packages/airflow/example_dags/example_python_operator.py took 0.113 seconds
[2022-04-11 13:30:50,346] {processor.py:163} INFO - Started process (PID=664) to work on /home/airflow/.local/lib/python3.7/site-packages/airflow/example_dags/example_python_operator.py
[2022-04-11 13:30:50,350] {processor.py:642} INFO - Processing file /home/airflow/.local/lib/python3.7/site-packages/airflow/example_dags/example_python_operator.py for tasks to queue
[2022-04-11 13:30:50,353] {logging_mixin.py:109} INFO - [2022-04-11 13:30:50,353] {dagbag.py:500} INFO - Filling up the DagBag from /home/airflow/.local/lib/python3.7/site-packages/airflow/example_dags/example_python_operator.py
[2022-04-11 13:30:50,387] {processor.py:652} INFO - DAG(s) dict_keys(['example_python_operator']) retrieved from /home/airflow/.local/lib/python3.7/site-packages/airflow/example_dags/example_python_operator.py
[2022-04-11 13:30:50,425] {logging_mixin.py:109} INFO - [2022-04-11 13:30:50,425] {dag.py:2398} INFO - Sync 1 DAGs
[2022-04-11 13:30:50,460] {logging_mixin.py:109} INFO - [2022-04-11 13:30:50,459] {dag.py:2937} INFO - Setting next_dagrun for example_python_operator to None
[2022-04-11 13:30:50,486] {processor.py:171} INFO - Processing /home/airflow/.local/lib/python3.7/site-packages/airflow/example_dags/example_python_operator.py took 0.149 seconds
[2022-04-11 13:31:20,991] {processor.py:163} INFO - Started process (PID=716) to work on /home/airflow/.local/lib/python3.7/site-packages/airflow/example_dags/example_python_operator.py
[2022-04-11 13:31:20,993] {processor.py:642} INFO - Processing file /home/airflow/.local/lib/python3.7/site-packages/airflow/example_dags/example_python_operator.py for tasks to queue
[2022-04-11 13:31:20,994] {logging_mixin.py:109} INFO - [2022-04-11 13:31:20,994] {dagbag.py:500} INFO - Filling up the DagBag from /home/airflow/.local/lib/python3.7/site-packages/airflow/example_dags/example_python_operator.py
[2022-04-11 13:31:21,021] {processor.py:652} INFO - DAG(s) dict_keys(['example_python_operator']) retrieved from /home/airflow/.local/lib/python3.7/site-packages/airflow/example_dags/example_python_operator.py
[2022-04-11 13:31:21,046] {logging_mixin.py:109} INFO - [2022-04-11 13:31:21,045] {dag.py:2398} INFO - Sync 1 DAGs
[2022-04-11 13:31:21,065] {logging_mixin.py:109} INFO - [2022-04-11 13:31:21,065] {dag.py:2937} INFO - Setting next_dagrun for example_python_operator to None
[2022-04-11 13:31:21,076] {processor.py:171} INFO - Processing /home/airflow/.local/lib/python3.7/site-packages/airflow/example_dags/example_python_operator.py took 0.089 seconds
[2022-04-11 13:31:51,253] {processor.py:163} INFO - Started process (PID=788) to work on /home/airflow/.local/lib/python3.7/site-packages/airflow/example_dags/example_python_operator.py
[2022-04-11 13:31:51,256] {processor.py:642} INFO - Processing file /home/airflow/.local/lib/python3.7/site-packages/airflow/example_dags/example_python_operator.py for tasks to queue
[2022-04-11 13:31:51,257] {logging_mixin.py:109} INFO - [2022-04-11 13:31:51,257] {dagbag.py:500} INFO - Filling up the DagBag from /home/airflow/.local/lib/python3.7/site-packages/airflow/example_dags/example_python_operator.py
[2022-04-11 13:31:51,288] {processor.py:652} INFO - DAG(s) dict_keys(['example_python_operator']) retrieved from /home/airflow/.local/lib/python3.7/site-packages/airflow/example_dags/example_python_operator.py
[2022-04-11 13:31:51,318] {logging_mixin.py:109} INFO - [2022-04-11 13:31:51,317] {dag.py:2398} INFO - Sync 1 DAGs
[2022-04-11 13:31:51,341] {logging_mixin.py:109} INFO - [2022-04-11 13:31:51,341] {dag.py:2937} INFO - Setting next_dagrun for example_python_operator to None
[2022-04-11 13:31:51,362] {processor.py:171} INFO - Processing /home/airflow/.local/lib/python3.7/site-packages/airflow/example_dags/example_python_operator.py took 0.113 seconds
[2022-04-11 13:32:21,421] {processor.py:163} INFO - Started process (PID=840) to work on /home/airflow/.local/lib/python3.7/site-packages/airflow/example_dags/example_python_operator.py
[2022-04-11 13:32:21,424] {processor.py:642} INFO - Processing file /home/airflow/.local/lib/python3.7/site-packages/airflow/example_dags/example_python_operator.py for tasks to queue
[2022-04-11 13:32:21,427] {logging_mixin.py:109} INFO - [2022-04-11 13:32:21,427] {dagbag.py:500} INFO - Filling up the DagBag from /home/airflow/.local/lib/python3.7/site-packages/airflow/example_dags/example_python_operator.py
[2022-04-11 13:32:21,484] {processor.py:652} INFO - DAG(s) dict_keys(['example_python_operator']) retrieved from /home/airflow/.local/lib/python3.7/site-packages/airflow/example_dags/example_python_operator.py
[2022-04-11 13:32:21,529] {logging_mixin.py:109} INFO - [2022-04-11 13:32:21,529] {dag.py:2398} INFO - Sync 1 DAGs
[2022-04-11 13:32:21,568] {logging_mixin.py:109} INFO - [2022-04-11 13:32:21,568] {dag.py:2937} INFO - Setting next_dagrun for example_python_operator to None
[2022-04-11 13:32:21,593] {processor.py:171} INFO - Processing /home/airflow/.local/lib/python3.7/site-packages/airflow/example_dags/example_python_operator.py took 0.178 seconds
[2022-04-11 13:32:52,112] {processor.py:163} INFO - Started process (PID=892) to work on /home/airflow/.local/lib/python3.7/site-packages/airflow/example_dags/example_python_operator.py
[2022-04-11 13:32:52,113] {processor.py:642} INFO - Processing file /home/airflow/.local/lib/python3.7/site-packages/airflow/example_dags/example_python_operator.py for tasks to queue
[2022-04-11 13:32:52,114] {logging_mixin.py:109} INFO - [2022-04-11 13:32:52,114] {dagbag.py:500} INFO - Filling up the DagBag from /home/airflow/.local/lib/python3.7/site-packages/airflow/example_dags/example_python_operator.py
[2022-04-11 13:32:52,143] {processor.py:652} INFO - DAG(s) dict_keys(['example_python_operator']) retrieved from /home/airflow/.local/lib/python3.7/site-packages/airflow/example_dags/example_python_operator.py
[2022-04-11 13:32:52,168] {logging_mixin.py:109} INFO - [2022-04-11 13:32:52,168] {dag.py:2398} INFO - Sync 1 DAGs
[2022-04-11 13:32:52,187] {logging_mixin.py:109} INFO - [2022-04-11 13:32:52,187] {dag.py:2937} INFO - Setting next_dagrun for example_python_operator to None
[2022-04-11 13:32:52,197] {processor.py:171} INFO - Processing /home/airflow/.local/lib/python3.7/site-packages/airflow/example_dags/example_python_operator.py took 0.088 seconds
[2022-04-11 13:33:22,560] {processor.py:163} INFO - Started process (PID=953) to work on /home/airflow/.local/lib/python3.7/site-packages/airflow/example_dags/example_python_operator.py
[2022-04-11 13:33:22,562] {processor.py:642} INFO - Processing file /home/airflow/.local/lib/python3.7/site-packages/airflow/example_dags/example_python_operator.py for tasks to queue
[2022-04-11 13:33:22,563] {logging_mixin.py:109} INFO - [2022-04-11 13:33:22,563] {dagbag.py:500} INFO - Filling up the DagBag from /home/airflow/.local/lib/python3.7/site-packages/airflow/example_dags/example_python_operator.py
[2022-04-11 13:33:22,585] {processor.py:652} INFO - DAG(s) dict_keys(['example_python_operator']) retrieved from /home/airflow/.local/lib/python3.7/site-packages/airflow/example_dags/example_python_operator.py
[2022-04-11 13:33:22,606] {logging_mixin.py:109} INFO - [2022-04-11 13:33:22,606] {dag.py:2398} INFO - Sync 1 DAGs
[2022-04-11 13:33:22,622] {logging_mixin.py:109} INFO - [2022-04-11 13:33:22,622] {dag.py:2937} INFO - Setting next_dagrun for example_python_operator to None
[2022-04-11 13:33:22,631] {processor.py:171} INFO - Processing /home/airflow/.local/lib/python3.7/site-packages/airflow/example_dags/example_python_operator.py took 0.075 seconds
[2022-04-11 13:33:53,573] {processor.py:163} INFO - Started process (PID=1004) to work on /home/airflow/.local/lib/python3.7/site-packages/airflow/example_dags/example_python_operator.py
[2022-04-11 13:33:53,576] {processor.py:642} INFO - Processing file /home/airflow/.local/lib/python3.7/site-packages/airflow/example_dags/example_python_operator.py for tasks to queue
[2022-04-11 13:33:53,577] {logging_mixin.py:109} INFO - [2022-04-11 13:33:53,577] {dagbag.py:500} INFO - Filling up the DagBag from /home/airflow/.local/lib/python3.7/site-packages/airflow/example_dags/example_python_operator.py
[2022-04-11 13:33:53,605] {processor.py:652} INFO - DAG(s) dict_keys(['example_python_operator']) retrieved from /home/airflow/.local/lib/python3.7/site-packages/airflow/example_dags/example_python_operator.py
[2022-04-11 13:33:53,631] {logging_mixin.py:109} INFO - [2022-04-11 13:33:53,631] {dag.py:2398} INFO - Sync 1 DAGs
[2022-04-11 13:33:53,651] {logging_mixin.py:109} INFO - [2022-04-11 13:33:53,651] {dag.py:2937} INFO - Setting next_dagrun for example_python_operator to None
[2022-04-11 13:33:53,661] {processor.py:171} INFO - Processing /home/airflow/.local/lib/python3.7/site-packages/airflow/example_dags/example_python_operator.py took 0.091 seconds
[2022-04-11 13:34:24,318] {processor.py:163} INFO - Started process (PID=1066) to work on /home/airflow/.local/lib/python3.7/site-packages/airflow/example_dags/example_python_operator.py
[2022-04-11 13:34:24,320] {processor.py:642} INFO - Processing file /home/airflow/.local/lib/python3.7/site-packages/airflow/example_dags/example_python_operator.py for tasks to queue
[2022-04-11 13:34:24,322] {logging_mixin.py:109} INFO - [2022-04-11 13:34:24,322] {dagbag.py:500} INFO - Filling up the DagBag from /home/airflow/.local/lib/python3.7/site-packages/airflow/example_dags/example_python_operator.py
[2022-04-11 13:34:24,351] {processor.py:652} INFO - DAG(s) dict_keys(['example_python_operator']) retrieved from /home/airflow/.local/lib/python3.7/site-packages/airflow/example_dags/example_python_operator.py
[2022-04-11 13:34:24,377] {logging_mixin.py:109} INFO - [2022-04-11 13:34:24,377] {dag.py:2398} INFO - Sync 1 DAGs
[2022-04-11 13:34:24,400] {logging_mixin.py:109} INFO - [2022-04-11 13:34:24,400] {dag.py:2937} INFO - Setting next_dagrun for example_python_operator to None
[2022-04-11 13:34:24,414] {processor.py:171} INFO - Processing /home/airflow/.local/lib/python3.7/site-packages/airflow/example_dags/example_python_operator.py took 0.101 seconds
[2022-04-11 13:34:54,849] {processor.py:163} INFO - Started process (PID=1119) to work on /home/airflow/.local/lib/python3.7/site-packages/airflow/example_dags/example_python_operator.py
[2022-04-11 13:34:54,852] {processor.py:642} INFO - Processing file /home/airflow/.local/lib/python3.7/site-packages/airflow/example_dags/example_python_operator.py for tasks to queue
[2022-04-11 13:34:54,853] {logging_mixin.py:109} INFO - [2022-04-11 13:34:54,853] {dagbag.py:500} INFO - Filling up the DagBag from /home/airflow/.local/lib/python3.7/site-packages/airflow/example_dags/example_python_operator.py
[2022-04-11 13:34:54,880] {processor.py:652} INFO - DAG(s) dict_keys(['example_python_operator']) retrieved from /home/airflow/.local/lib/python3.7/site-packages/airflow/example_dags/example_python_operator.py
[2022-04-11 13:34:54,912] {logging_mixin.py:109} INFO - [2022-04-11 13:34:54,912] {dag.py:2398} INFO - Sync 1 DAGs
[2022-04-11 13:34:54,931] {logging_mixin.py:109} INFO - [2022-04-11 13:34:54,931] {dag.py:2937} INFO - Setting next_dagrun for example_python_operator to None
[2022-04-11 13:34:54,945] {processor.py:171} INFO - Processing /home/airflow/.local/lib/python3.7/site-packages/airflow/example_dags/example_python_operator.py took 0.102 seconds
[2022-04-11 13:35:25,271] {processor.py:163} INFO - Started process (PID=1180) to work on /home/airflow/.local/lib/python3.7/site-packages/airflow/example_dags/example_python_operator.py
[2022-04-11 13:35:25,274] {processor.py:642} INFO - Processing file /home/airflow/.local/lib/python3.7/site-packages/airflow/example_dags/example_python_operator.py for tasks to queue
[2022-04-11 13:35:25,276] {logging_mixin.py:109} INFO - [2022-04-11 13:35:25,276] {dagbag.py:500} INFO - Filling up the DagBag from /home/airflow/.local/lib/python3.7/site-packages/airflow/example_dags/example_python_operator.py
[2022-04-11 13:35:25,306] {processor.py:652} INFO - DAG(s) dict_keys(['example_python_operator']) retrieved from /home/airflow/.local/lib/python3.7/site-packages/airflow/example_dags/example_python_operator.py
[2022-04-11 13:35:25,336] {logging_mixin.py:109} INFO - [2022-04-11 13:35:25,336] {dag.py:2398} INFO - Sync 1 DAGs
[2022-04-11 13:35:25,358] {logging_mixin.py:109} INFO - [2022-04-11 13:35:25,358] {dag.py:2937} INFO - Setting next_dagrun for example_python_operator to None
[2022-04-11 13:35:25,372] {processor.py:171} INFO - Processing /home/airflow/.local/lib/python3.7/site-packages/airflow/example_dags/example_python_operator.py took 0.106 seconds
[2022-04-11 13:35:55,632] {processor.py:163} INFO - Started process (PID=1232) to work on /home/airflow/.local/lib/python3.7/site-packages/airflow/example_dags/example_python_operator.py
[2022-04-11 13:35:55,635] {processor.py:642} INFO - Processing file /home/airflow/.local/lib/python3.7/site-packages/airflow/example_dags/example_python_operator.py for tasks to queue
[2022-04-11 13:35:55,636] {logging_mixin.py:109} INFO - [2022-04-11 13:35:55,636] {dagbag.py:500} INFO - Filling up the DagBag from /home/airflow/.local/lib/python3.7/site-packages/airflow/example_dags/example_python_operator.py
[2022-04-11 13:35:55,661] {processor.py:652} INFO - DAG(s) dict_keys(['example_python_operator']) retrieved from /home/airflow/.local/lib/python3.7/site-packages/airflow/example_dags/example_python_operator.py
[2022-04-11 13:35:55,688] {logging_mixin.py:109} INFO - [2022-04-11 13:35:55,688] {dag.py:2398} INFO - Sync 1 DAGs
[2022-04-11 13:35:55,708] {logging_mixin.py:109} INFO - [2022-04-11 13:35:55,708] {dag.py:2937} INFO - Setting next_dagrun for example_python_operator to None
[2022-04-11 13:35:55,721] {processor.py:171} INFO - Processing /home/airflow/.local/lib/python3.7/site-packages/airflow/example_dags/example_python_operator.py took 0.093 seconds
[2022-04-11 13:36:26,035] {processor.py:163} INFO - Started process (PID=1290) to work on /home/airflow/.local/lib/python3.7/site-packages/airflow/example_dags/example_python_operator.py
[2022-04-11 13:36:26,038] {processor.py:642} INFO - Processing file /home/airflow/.local/lib/python3.7/site-packages/airflow/example_dags/example_python_operator.py for tasks to queue
[2022-04-11 13:36:26,039] {logging_mixin.py:109} INFO - [2022-04-11 13:36:26,039] {dagbag.py:500} INFO - Filling up the DagBag from /home/airflow/.local/lib/python3.7/site-packages/airflow/example_dags/example_python_operator.py
[2022-04-11 13:36:26,060] {processor.py:652} INFO - DAG(s) dict_keys(['example_python_operator']) retrieved from /home/airflow/.local/lib/python3.7/site-packages/airflow/example_dags/example_python_operator.py
[2022-04-11 13:36:26,081] {logging_mixin.py:109} INFO - [2022-04-11 13:36:26,081] {dag.py:2398} INFO - Sync 1 DAGs
[2022-04-11 13:36:26,103] {logging_mixin.py:109} INFO - [2022-04-11 13:36:26,103] {dag.py:2937} INFO - Setting next_dagrun for example_python_operator to None
[2022-04-11 13:36:26,116] {processor.py:171} INFO - Processing /home/airflow/.local/lib/python3.7/site-packages/airflow/example_dags/example_python_operator.py took 0.086 seconds
[2022-04-11 13:36:56,436] {processor.py:163} INFO - Started process (PID=1350) to work on /home/airflow/.local/lib/python3.7/site-packages/airflow/example_dags/example_python_operator.py
[2022-04-11 13:36:56,441] {processor.py:642} INFO - Processing file /home/airflow/.local/lib/python3.7/site-packages/airflow/example_dags/example_python_operator.py for tasks to queue
[2022-04-11 13:36:56,443] {logging_mixin.py:109} INFO - [2022-04-11 13:36:56,443] {dagbag.py:500} INFO - Filling up the DagBag from /home/airflow/.local/lib/python3.7/site-packages/airflow/example_dags/example_python_operator.py
[2022-04-11 13:36:56,488] {processor.py:652} INFO - DAG(s) dict_keys(['example_python_operator']) retrieved from /home/airflow/.local/lib/python3.7/site-packages/airflow/example_dags/example_python_operator.py
[2022-04-11 13:36:56,528] {logging_mixin.py:109} INFO - [2022-04-11 13:36:56,528] {dag.py:2398} INFO - Sync 1 DAGs
[2022-04-11 13:36:56,564] {logging_mixin.py:109} INFO - [2022-04-11 13:36:56,563] {dag.py:2937} INFO - Setting next_dagrun for example_python_operator to None
[2022-04-11 13:36:56,580] {processor.py:171} INFO - Processing /home/airflow/.local/lib/python3.7/site-packages/airflow/example_dags/example_python_operator.py took 0.153 seconds
[2022-04-11 13:37:26,995] {processor.py:163} INFO - Started process (PID=1402) to work on /home/airflow/.local/lib/python3.7/site-packages/airflow/example_dags/example_python_operator.py
[2022-04-11 13:37:26,997] {processor.py:642} INFO - Processing file /home/airflow/.local/lib/python3.7/site-packages/airflow/example_dags/example_python_operator.py for tasks to queue
[2022-04-11 13:37:26,998] {logging_mixin.py:109} INFO - [2022-04-11 13:37:26,998] {dagbag.py:500} INFO - Filling up the DagBag from /home/airflow/.local/lib/python3.7/site-packages/airflow/example_dags/example_python_operator.py
[2022-04-11 13:37:27,022] {processor.py:652} INFO - DAG(s) dict_keys(['example_python_operator']) retrieved from /home/airflow/.local/lib/python3.7/site-packages/airflow/example_dags/example_python_operator.py
[2022-04-11 13:37:27,050] {logging_mixin.py:109} INFO - [2022-04-11 13:37:27,050] {dag.py:2398} INFO - Sync 1 DAGs
[2022-04-11 13:37:27,069] {logging_mixin.py:109} INFO - [2022-04-11 13:37:27,069] {dag.py:2937} INFO - Setting next_dagrun for example_python_operator to None
[2022-04-11 13:37:27,083] {processor.py:171} INFO - Processing /home/airflow/.local/lib/python3.7/site-packages/airflow/example_dags/example_python_operator.py took 0.093 seconds
[2022-04-11 13:37:57,170] {processor.py:163} INFO - Started process (PID=1465) to work on /home/airflow/.local/lib/python3.7/site-packages/airflow/example_dags/example_python_operator.py
[2022-04-11 13:37:57,173] {processor.py:642} INFO - Processing file /home/airflow/.local/lib/python3.7/site-packages/airflow/example_dags/example_python_operator.py for tasks to queue
[2022-04-11 13:37:57,174] {logging_mixin.py:109} INFO - [2022-04-11 13:37:57,174] {dagbag.py:500} INFO - Filling up the DagBag from /home/airflow/.local/lib/python3.7/site-packages/airflow/example_dags/example_python_operator.py
[2022-04-11 13:37:57,199] {processor.py:652} INFO - DAG(s) dict_keys(['example_python_operator']) retrieved from /home/airflow/.local/lib/python3.7/site-packages/airflow/example_dags/example_python_operator.py
[2022-04-11 13:37:57,225] {logging_mixin.py:109} INFO - [2022-04-11 13:37:57,225] {dag.py:2398} INFO - Sync 1 DAGs
[2022-04-11 13:37:57,247] {logging_mixin.py:109} INFO - [2022-04-11 13:37:57,247] {dag.py:2937} INFO - Setting next_dagrun for example_python_operator to None
[2022-04-11 13:37:57,259] {processor.py:171} INFO - Processing /home/airflow/.local/lib/python3.7/site-packages/airflow/example_dags/example_python_operator.py took 0.095 seconds
[2022-04-11 13:38:27,667] {processor.py:163} INFO - Started process (PID=1517) to work on /home/airflow/.local/lib/python3.7/site-packages/airflow/example_dags/example_python_operator.py
[2022-04-11 13:38:27,669] {processor.py:642} INFO - Processing file /home/airflow/.local/lib/python3.7/site-packages/airflow/example_dags/example_python_operator.py for tasks to queue
[2022-04-11 13:38:27,670] {logging_mixin.py:109} INFO - [2022-04-11 13:38:27,670] {dagbag.py:500} INFO - Filling up the DagBag from /home/airflow/.local/lib/python3.7/site-packages/airflow/example_dags/example_python_operator.py
[2022-04-11 13:38:27,697] {processor.py:652} INFO - DAG(s) dict_keys(['example_python_operator']) retrieved from /home/airflow/.local/lib/python3.7/site-packages/airflow/example_dags/example_python_operator.py
[2022-04-11 13:38:27,722] {logging_mixin.py:109} INFO - [2022-04-11 13:38:27,721] {dag.py:2398} INFO - Sync 1 DAGs
[2022-04-11 13:38:27,740] {logging_mixin.py:109} INFO - [2022-04-11 13:38:27,740] {dag.py:2937} INFO - Setting next_dagrun for example_python_operator to None
[2022-04-11 13:38:27,750] {processor.py:171} INFO - Processing /home/airflow/.local/lib/python3.7/site-packages/airflow/example_dags/example_python_operator.py took 0.087 seconds
[2022-04-11 13:38:58,503] {processor.py:163} INFO - Started process (PID=1579) to work on /home/airflow/.local/lib/python3.7/site-packages/airflow/example_dags/example_python_operator.py
[2022-04-11 13:38:58,507] {processor.py:642} INFO - Processing file /home/airflow/.local/lib/python3.7/site-packages/airflow/example_dags/example_python_operator.py for tasks to queue
[2022-04-11 13:38:58,508] {logging_mixin.py:109} INFO - [2022-04-11 13:38:58,508] {dagbag.py:500} INFO - Filling up the DagBag from /home/airflow/.local/lib/python3.7/site-packages/airflow/example_dags/example_python_operator.py
[2022-04-11 13:38:58,533] {processor.py:652} INFO - DAG(s) dict_keys(['example_python_operator']) retrieved from /home/airflow/.local/lib/python3.7/site-packages/airflow/example_dags/example_python_operator.py
[2022-04-11 13:38:58,557] {logging_mixin.py:109} INFO - [2022-04-11 13:38:58,557] {dag.py:2398} INFO - Sync 1 DAGs
[2022-04-11 13:38:58,577] {logging_mixin.py:109} INFO - [2022-04-11 13:38:58,577] {dag.py:2937} INFO - Setting next_dagrun for example_python_operator to None
[2022-04-11 13:38:58,587] {processor.py:171} INFO - Processing /home/airflow/.local/lib/python3.7/site-packages/airflow/example_dags/example_python_operator.py took 0.088 seconds
[2022-04-11 13:39:28,631] {processor.py:163} INFO - Started process (PID=1631) to work on /home/airflow/.local/lib/python3.7/site-packages/airflow/example_dags/example_python_operator.py
[2022-04-11 13:39:28,633] {processor.py:642} INFO - Processing file /home/airflow/.local/lib/python3.7/site-packages/airflow/example_dags/example_python_operator.py for tasks to queue
[2022-04-11 13:39:28,635] {logging_mixin.py:109} INFO - [2022-04-11 13:39:28,635] {dagbag.py:500} INFO - Filling up the DagBag from /home/airflow/.local/lib/python3.7/site-packages/airflow/example_dags/example_python_operator.py
[2022-04-11 13:39:28,660] {processor.py:652} INFO - DAG(s) dict_keys(['example_python_operator']) retrieved from /home/airflow/.local/lib/python3.7/site-packages/airflow/example_dags/example_python_operator.py
[2022-04-11 13:39:28,685] {logging_mixin.py:109} INFO - [2022-04-11 13:39:28,685] {dag.py:2398} INFO - Sync 1 DAGs
[2022-04-11 13:39:28,704] {logging_mixin.py:109} INFO - [2022-04-11 13:39:28,703] {dag.py:2937} INFO - Setting next_dagrun for example_python_operator to None
[2022-04-11 13:39:28,713] {processor.py:171} INFO - Processing /home/airflow/.local/lib/python3.7/site-packages/airflow/example_dags/example_python_operator.py took 0.087 seconds
[2022-04-11 13:39:59,164] {processor.py:163} INFO - Started process (PID=1691) to work on /home/airflow/.local/lib/python3.7/site-packages/airflow/example_dags/example_python_operator.py
[2022-04-11 13:39:59,168] {processor.py:642} INFO - Processing file /home/airflow/.local/lib/python3.7/site-packages/airflow/example_dags/example_python_operator.py for tasks to queue
[2022-04-11 13:39:59,171] {logging_mixin.py:109} INFO - [2022-04-11 13:39:59,171] {dagbag.py:500} INFO - Filling up the DagBag from /home/airflow/.local/lib/python3.7/site-packages/airflow/example_dags/example_python_operator.py
[2022-04-11 13:39:59,200] {processor.py:652} INFO - DAG(s) dict_keys(['example_python_operator']) retrieved from /home/airflow/.local/lib/python3.7/site-packages/airflow/example_dags/example_python_operator.py
[2022-04-11 13:39:59,226] {logging_mixin.py:109} INFO - [2022-04-11 13:39:59,225] {dag.py:2398} INFO - Sync 1 DAGs
[2022-04-11 13:39:59,245] {logging_mixin.py:109} INFO - [2022-04-11 13:39:59,245] {dag.py:2937} INFO - Setting next_dagrun for example_python_operator to None
[2022-04-11 13:39:59,259] {processor.py:171} INFO - Processing /home/airflow/.local/lib/python3.7/site-packages/airflow/example_dags/example_python_operator.py took 0.099 seconds
[2022-04-11 13:40:29,564] {processor.py:163} INFO - Started process (PID=1745) to work on /home/airflow/.local/lib/python3.7/site-packages/airflow/example_dags/example_python_operator.py
[2022-04-11 13:40:29,566] {processor.py:642} INFO - Processing file /home/airflow/.local/lib/python3.7/site-packages/airflow/example_dags/example_python_operator.py for tasks to queue
[2022-04-11 13:40:29,567] {logging_mixin.py:109} INFO - [2022-04-11 13:40:29,567] {dagbag.py:500} INFO - Filling up the DagBag from /home/airflow/.local/lib/python3.7/site-packages/airflow/example_dags/example_python_operator.py
[2022-04-11 13:40:29,592] {processor.py:652} INFO - DAG(s) dict_keys(['example_python_operator']) retrieved from /home/airflow/.local/lib/python3.7/site-packages/airflow/example_dags/example_python_operator.py
[2022-04-11 13:40:29,618] {logging_mixin.py:109} INFO - [2022-04-11 13:40:29,618] {dag.py:2398} INFO - Sync 1 DAGs
[2022-04-11 13:40:29,641] {logging_mixin.py:109} INFO - [2022-04-11 13:40:29,641] {dag.py:2937} INFO - Setting next_dagrun for example_python_operator to None
[2022-04-11 13:40:29,655] {processor.py:171} INFO - Processing /home/airflow/.local/lib/python3.7/site-packages/airflow/example_dags/example_python_operator.py took 0.095 seconds
[2022-04-11 13:41:00,111] {processor.py:163} INFO - Started process (PID=1799) to work on /home/airflow/.local/lib/python3.7/site-packages/airflow/example_dags/example_python_operator.py
[2022-04-11 13:41:00,114] {processor.py:642} INFO - Processing file /home/airflow/.local/lib/python3.7/site-packages/airflow/example_dags/example_python_operator.py for tasks to queue
[2022-04-11 13:41:00,117] {logging_mixin.py:109} INFO - [2022-04-11 13:41:00,117] {dagbag.py:500} INFO - Filling up the DagBag from /home/airflow/.local/lib/python3.7/site-packages/airflow/example_dags/example_python_operator.py
[2022-04-11 13:41:00,165] {processor.py:652} INFO - DAG(s) dict_keys(['example_python_operator']) retrieved from /home/airflow/.local/lib/python3.7/site-packages/airflow/example_dags/example_python_operator.py
[2022-04-11 13:41:00,213] {logging_mixin.py:109} INFO - [2022-04-11 13:41:00,213] {dag.py:2398} INFO - Sync 1 DAGs
[2022-04-11 13:41:00,241] {logging_mixin.py:109} INFO - [2022-04-11 13:41:00,241] {dag.py:2937} INFO - Setting next_dagrun for example_python_operator to None
[2022-04-11 13:41:00,257] {processor.py:171} INFO - Processing /home/airflow/.local/lib/python3.7/site-packages/airflow/example_dags/example_python_operator.py took 0.153 seconds
[2022-04-11 13:41:30,756] {processor.py:163} INFO - Started process (PID=1862) to work on /home/airflow/.local/lib/python3.7/site-packages/airflow/example_dags/example_python_operator.py
[2022-04-11 13:41:30,758] {processor.py:642} INFO - Processing file /home/airflow/.local/lib/python3.7/site-packages/airflow/example_dags/example_python_operator.py for tasks to queue
[2022-04-11 13:41:30,760] {logging_mixin.py:109} INFO - [2022-04-11 13:41:30,760] {dagbag.py:500} INFO - Filling up the DagBag from /home/airflow/.local/lib/python3.7/site-packages/airflow/example_dags/example_python_operator.py
[2022-04-11 13:41:30,790] {processor.py:652} INFO - DAG(s) dict_keys(['example_python_operator']) retrieved from /home/airflow/.local/lib/python3.7/site-packages/airflow/example_dags/example_python_operator.py
[2022-04-11 13:41:30,818] {logging_mixin.py:109} INFO - [2022-04-11 13:41:30,818] {dag.py:2398} INFO - Sync 1 DAGs
[2022-04-11 13:41:30,842] {logging_mixin.py:109} INFO - [2022-04-11 13:41:30,842] {dag.py:2937} INFO - Setting next_dagrun for example_python_operator to None
[2022-04-11 13:41:30,858] {processor.py:171} INFO - Processing /home/airflow/.local/lib/python3.7/site-packages/airflow/example_dags/example_python_operator.py took 0.106 seconds
[2022-04-11 13:42:01,442] {processor.py:163} INFO - Started process (PID=1914) to work on /home/airflow/.local/lib/python3.7/site-packages/airflow/example_dags/example_python_operator.py
[2022-04-11 13:42:01,444] {processor.py:642} INFO - Processing file /home/airflow/.local/lib/python3.7/site-packages/airflow/example_dags/example_python_operator.py for tasks to queue
[2022-04-11 13:42:01,445] {logging_mixin.py:109} INFO - [2022-04-11 13:42:01,445] {dagbag.py:500} INFO - Filling up the DagBag from /home/airflow/.local/lib/python3.7/site-packages/airflow/example_dags/example_python_operator.py
[2022-04-11 13:42:01,472] {processor.py:652} INFO - DAG(s) dict_keys(['example_python_operator']) retrieved from /home/airflow/.local/lib/python3.7/site-packages/airflow/example_dags/example_python_operator.py
[2022-04-11 13:42:01,496] {logging_mixin.py:109} INFO - [2022-04-11 13:42:01,496] {dag.py:2398} INFO - Sync 1 DAGs
[2022-04-11 13:42:01,516] {logging_mixin.py:109} INFO - [2022-04-11 13:42:01,516] {dag.py:2937} INFO - Setting next_dagrun for example_python_operator to None
[2022-04-11 13:42:01,525] {processor.py:171} INFO - Processing /home/airflow/.local/lib/python3.7/site-packages/airflow/example_dags/example_python_operator.py took 0.087 seconds
[2022-04-11 13:42:32,446] {processor.py:163} INFO - Started process (PID=1976) to work on /home/airflow/.local/lib/python3.7/site-packages/airflow/example_dags/example_python_operator.py
[2022-04-11 13:42:32,448] {processor.py:642} INFO - Processing file /home/airflow/.local/lib/python3.7/site-packages/airflow/example_dags/example_python_operator.py for tasks to queue
[2022-04-11 13:42:32,450] {logging_mixin.py:109} INFO - [2022-04-11 13:42:32,450] {dagbag.py:500} INFO - Filling up the DagBag from /home/airflow/.local/lib/python3.7/site-packages/airflow/example_dags/example_python_operator.py
[2022-04-11 13:42:32,476] {processor.py:652} INFO - DAG(s) dict_keys(['example_python_operator']) retrieved from /home/airflow/.local/lib/python3.7/site-packages/airflow/example_dags/example_python_operator.py
[2022-04-11 13:42:32,502] {logging_mixin.py:109} INFO - [2022-04-11 13:42:32,502] {dag.py:2398} INFO - Sync 1 DAGs
[2022-04-11 13:42:32,523] {logging_mixin.py:109} INFO - [2022-04-11 13:42:32,523] {dag.py:2937} INFO - Setting next_dagrun for example_python_operator to None
[2022-04-11 13:42:32,536] {processor.py:171} INFO - Processing /home/airflow/.local/lib/python3.7/site-packages/airflow/example_dags/example_python_operator.py took 0.094 seconds
[2022-04-11 13:43:03,364] {processor.py:163} INFO - Started process (PID=2029) to work on /home/airflow/.local/lib/python3.7/site-packages/airflow/example_dags/example_python_operator.py
[2022-04-11 13:43:03,367] {processor.py:642} INFO - Processing file /home/airflow/.local/lib/python3.7/site-packages/airflow/example_dags/example_python_operator.py for tasks to queue
[2022-04-11 13:43:03,368] {logging_mixin.py:109} INFO - [2022-04-11 13:43:03,368] {dagbag.py:500} INFO - Filling up the DagBag from /home/airflow/.local/lib/python3.7/site-packages/airflow/example_dags/example_python_operator.py
[2022-04-11 13:43:03,398] {processor.py:652} INFO - DAG(s) dict_keys(['example_python_operator']) retrieved from /home/airflow/.local/lib/python3.7/site-packages/airflow/example_dags/example_python_operator.py
[2022-04-11 13:43:03,430] {logging_mixin.py:109} INFO - [2022-04-11 13:43:03,430] {dag.py:2398} INFO - Sync 1 DAGs
[2022-04-11 13:43:03,451] {logging_mixin.py:109} INFO - [2022-04-11 13:43:03,450] {dag.py:2937} INFO - Setting next_dagrun for example_python_operator to None
[2022-04-11 13:43:03,467] {processor.py:171} INFO - Processing /home/airflow/.local/lib/python3.7/site-packages/airflow/example_dags/example_python_operator.py took 0.106 seconds
[2022-04-11 13:43:33,759] {processor.py:163} INFO - Started process (PID=2092) to work on /home/airflow/.local/lib/python3.7/site-packages/airflow/example_dags/example_python_operator.py
[2022-04-11 13:43:33,762] {processor.py:642} INFO - Processing file /home/airflow/.local/lib/python3.7/site-packages/airflow/example_dags/example_python_operator.py for tasks to queue
[2022-04-11 13:43:33,764] {logging_mixin.py:109} INFO - [2022-04-11 13:43:33,764] {dagbag.py:500} INFO - Filling up the DagBag from /home/airflow/.local/lib/python3.7/site-packages/airflow/example_dags/example_python_operator.py
[2022-04-11 13:43:33,793] {processor.py:652} INFO - DAG(s) dict_keys(['example_python_operator']) retrieved from /home/airflow/.local/lib/python3.7/site-packages/airflow/example_dags/example_python_operator.py
[2022-04-11 13:43:33,820] {logging_mixin.py:109} INFO - [2022-04-11 13:43:33,820] {dag.py:2398} INFO - Sync 1 DAGs
[2022-04-11 13:43:33,840] {logging_mixin.py:109} INFO - [2022-04-11 13:43:33,839] {dag.py:2937} INFO - Setting next_dagrun for example_python_operator to None
[2022-04-11 13:43:33,851] {processor.py:171} INFO - Processing /home/airflow/.local/lib/python3.7/site-packages/airflow/example_dags/example_python_operator.py took 0.095 seconds
[2022-04-11 13:44:04,558] {processor.py:163} INFO - Started process (PID=2145) to work on /home/airflow/.local/lib/python3.7/site-packages/airflow/example_dags/example_python_operator.py
[2022-04-11 13:44:04,560] {processor.py:642} INFO - Processing file /home/airflow/.local/lib/python3.7/site-packages/airflow/example_dags/example_python_operator.py for tasks to queue
[2022-04-11 13:44:04,561] {logging_mixin.py:109} INFO - [2022-04-11 13:44:04,561] {dagbag.py:500} INFO - Filling up the DagBag from /home/airflow/.local/lib/python3.7/site-packages/airflow/example_dags/example_python_operator.py
[2022-04-11 13:44:04,584] {processor.py:652} INFO - DAG(s) dict_keys(['example_python_operator']) retrieved from /home/airflow/.local/lib/python3.7/site-packages/airflow/example_dags/example_python_operator.py
[2022-04-11 13:44:04,606] {logging_mixin.py:109} INFO - [2022-04-11 13:44:04,606] {dag.py:2398} INFO - Sync 1 DAGs
[2022-04-11 13:44:04,624] {logging_mixin.py:109} INFO - [2022-04-11 13:44:04,624] {dag.py:2937} INFO - Setting next_dagrun for example_python_operator to None
[2022-04-11 13:44:04,633] {processor.py:171} INFO - Processing /home/airflow/.local/lib/python3.7/site-packages/airflow/example_dags/example_python_operator.py took 0.079 seconds
[2022-04-11 13:44:35,410] {processor.py:163} INFO - Started process (PID=2197) to work on /home/airflow/.local/lib/python3.7/site-packages/airflow/example_dags/example_python_operator.py
[2022-04-11 13:44:35,412] {processor.py:642} INFO - Processing file /home/airflow/.local/lib/python3.7/site-packages/airflow/example_dags/example_python_operator.py for tasks to queue
[2022-04-11 13:44:35,414] {logging_mixin.py:109} INFO - [2022-04-11 13:44:35,414] {dagbag.py:500} INFO - Filling up the DagBag from /home/airflow/.local/lib/python3.7/site-packages/airflow/example_dags/example_python_operator.py
[2022-04-11 13:44:35,440] {processor.py:652} INFO - DAG(s) dict_keys(['example_python_operator']) retrieved from /home/airflow/.local/lib/python3.7/site-packages/airflow/example_dags/example_python_operator.py
[2022-04-11 13:44:35,467] {logging_mixin.py:109} INFO - [2022-04-11 13:44:35,467] {dag.py:2398} INFO - Sync 1 DAGs
[2022-04-11 13:44:35,486] {logging_mixin.py:109} INFO - [2022-04-11 13:44:35,486] {dag.py:2937} INFO - Setting next_dagrun for example_python_operator to None
[2022-04-11 13:44:35,497] {processor.py:171} INFO - Processing /home/airflow/.local/lib/python3.7/site-packages/airflow/example_dags/example_python_operator.py took 0.090 seconds
[2022-04-11 13:45:05,672] {processor.py:163} INFO - Started process (PID=2257) to work on /home/airflow/.local/lib/python3.7/site-packages/airflow/example_dags/example_python_operator.py
[2022-04-11 13:45:05,691] {processor.py:642} INFO - Processing file /home/airflow/.local/lib/python3.7/site-packages/airflow/example_dags/example_python_operator.py for tasks to queue
[2022-04-11 13:45:05,693] {logging_mixin.py:109} INFO - [2022-04-11 13:45:05,692] {dagbag.py:500} INFO - Filling up the DagBag from /home/airflow/.local/lib/python3.7/site-packages/airflow/example_dags/example_python_operator.py
[2022-04-11 13:45:05,723] {processor.py:652} INFO - DAG(s) dict_keys(['example_python_operator']) retrieved from /home/airflow/.local/lib/python3.7/site-packages/airflow/example_dags/example_python_operator.py
[2022-04-11 13:45:05,754] {logging_mixin.py:109} INFO - [2022-04-11 13:45:05,753] {dag.py:2398} INFO - Sync 1 DAGs
[2022-04-11 13:45:05,790] {logging_mixin.py:109} INFO - [2022-04-11 13:45:05,790] {dag.py:2937} INFO - Setting next_dagrun for example_python_operator to None
[2022-04-11 13:45:05,804] {processor.py:171} INFO - Processing /home/airflow/.local/lib/python3.7/site-packages/airflow/example_dags/example_python_operator.py took 0.136 seconds
[2022-04-11 13:45:36,598] {processor.py:163} INFO - Started process (PID=2308) to work on /home/airflow/.local/lib/python3.7/site-packages/airflow/example_dags/example_python_operator.py
[2022-04-11 13:45:36,601] {processor.py:642} INFO - Processing file /home/airflow/.local/lib/python3.7/site-packages/airflow/example_dags/example_python_operator.py for tasks to queue
[2022-04-11 13:45:36,603] {logging_mixin.py:109} INFO - [2022-04-11 13:45:36,603] {dagbag.py:500} INFO - Filling up the DagBag from /home/airflow/.local/lib/python3.7/site-packages/airflow/example_dags/example_python_operator.py
[2022-04-11 13:45:36,628] {processor.py:652} INFO - DAG(s) dict_keys(['example_python_operator']) retrieved from /home/airflow/.local/lib/python3.7/site-packages/airflow/example_dags/example_python_operator.py
[2022-04-11 13:45:36,653] {logging_mixin.py:109} INFO - [2022-04-11 13:45:36,653] {dag.py:2398} INFO - Sync 1 DAGs
[2022-04-11 13:45:36,672] {logging_mixin.py:109} INFO - [2022-04-11 13:45:36,671] {dag.py:2937} INFO - Setting next_dagrun for example_python_operator to None
[2022-04-11 13:45:36,684] {processor.py:171} INFO - Processing /home/airflow/.local/lib/python3.7/site-packages/airflow/example_dags/example_python_operator.py took 0.091 seconds
[2022-04-11 13:46:07,179] {processor.py:163} INFO - Started process (PID=2370) to work on /home/airflow/.local/lib/python3.7/site-packages/airflow/example_dags/example_python_operator.py
[2022-04-11 13:46:07,181] {processor.py:642} INFO - Processing file /home/airflow/.local/lib/python3.7/site-packages/airflow/example_dags/example_python_operator.py for tasks to queue
[2022-04-11 13:46:07,182] {logging_mixin.py:109} INFO - [2022-04-11 13:46:07,182] {dagbag.py:500} INFO - Filling up the DagBag from /home/airflow/.local/lib/python3.7/site-packages/airflow/example_dags/example_python_operator.py
[2022-04-11 13:46:07,208] {processor.py:652} INFO - DAG(s) dict_keys(['example_python_operator']) retrieved from /home/airflow/.local/lib/python3.7/site-packages/airflow/example_dags/example_python_operator.py
[2022-04-11 13:46:07,237] {logging_mixin.py:109} INFO - [2022-04-11 13:46:07,236] {dag.py:2398} INFO - Sync 1 DAGs
[2022-04-11 13:46:07,267] {logging_mixin.py:109} INFO - [2022-04-11 13:46:07,267] {dag.py:2937} INFO - Setting next_dagrun for example_python_operator to None
[2022-04-11 13:46:07,286] {processor.py:171} INFO - Processing /home/airflow/.local/lib/python3.7/site-packages/airflow/example_dags/example_python_operator.py took 0.112 seconds
[2022-04-11 13:46:38,027] {processor.py:163} INFO - Started process (PID=2422) to work on /home/airflow/.local/lib/python3.7/site-packages/airflow/example_dags/example_python_operator.py
[2022-04-11 13:46:38,030] {processor.py:642} INFO - Processing file /home/airflow/.local/lib/python3.7/site-packages/airflow/example_dags/example_python_operator.py for tasks to queue
[2022-04-11 13:46:38,032] {logging_mixin.py:109} INFO - [2022-04-11 13:46:38,032] {dagbag.py:500} INFO - Filling up the DagBag from /home/airflow/.local/lib/python3.7/site-packages/airflow/example_dags/example_python_operator.py
[2022-04-11 13:46:38,070] {processor.py:652} INFO - DAG(s) dict_keys(['example_python_operator']) retrieved from /home/airflow/.local/lib/python3.7/site-packages/airflow/example_dags/example_python_operator.py
[2022-04-11 13:46:38,109] {logging_mixin.py:109} INFO - [2022-04-11 13:46:38,109] {dag.py:2398} INFO - Sync 1 DAGs
[2022-04-11 13:46:38,138] {logging_mixin.py:109} INFO - [2022-04-11 13:46:38,138] {dag.py:2937} INFO - Setting next_dagrun for example_python_operator to None
[2022-04-11 13:46:38,166] {processor.py:171} INFO - Processing /home/airflow/.local/lib/python3.7/site-packages/airflow/example_dags/example_python_operator.py took 0.145 seconds
[2022-04-11 13:47:08,553] {processor.py:163} INFO - Started process (PID=2476) to work on /home/airflow/.local/lib/python3.7/site-packages/airflow/example_dags/example_python_operator.py
[2022-04-11 13:47:08,556] {processor.py:642} INFO - Processing file /home/airflow/.local/lib/python3.7/site-packages/airflow/example_dags/example_python_operator.py for tasks to queue
[2022-04-11 13:47:08,558] {logging_mixin.py:109} INFO - [2022-04-11 13:47:08,557] {dagbag.py:500} INFO - Filling up the DagBag from /home/airflow/.local/lib/python3.7/site-packages/airflow/example_dags/example_python_operator.py
[2022-04-11 13:47:08,586] {processor.py:652} INFO - DAG(s) dict_keys(['example_python_operator']) retrieved from /home/airflow/.local/lib/python3.7/site-packages/airflow/example_dags/example_python_operator.py
[2022-04-11 13:47:08,619] {logging_mixin.py:109} INFO - [2022-04-11 13:47:08,619] {dag.py:2398} INFO - Sync 1 DAGs
[2022-04-11 13:47:08,649] {logging_mixin.py:109} INFO - [2022-04-11 13:47:08,649] {dag.py:2937} INFO - Setting next_dagrun for example_python_operator to None
[2022-04-11 13:47:08,663] {processor.py:171} INFO - Processing /home/airflow/.local/lib/python3.7/site-packages/airflow/example_dags/example_python_operator.py took 0.115 seconds
[2022-04-11 13:47:39,223] {processor.py:163} INFO - Started process (PID=2539) to work on /home/airflow/.local/lib/python3.7/site-packages/airflow/example_dags/example_python_operator.py
[2022-04-11 13:47:39,225] {processor.py:642} INFO - Processing file /home/airflow/.local/lib/python3.7/site-packages/airflow/example_dags/example_python_operator.py for tasks to queue
[2022-04-11 13:47:39,226] {logging_mixin.py:109} INFO - [2022-04-11 13:47:39,226] {dagbag.py:500} INFO - Filling up the DagBag from /home/airflow/.local/lib/python3.7/site-packages/airflow/example_dags/example_python_operator.py
[2022-04-11 13:47:39,252] {processor.py:652} INFO - DAG(s) dict_keys(['example_python_operator']) retrieved from /home/airflow/.local/lib/python3.7/site-packages/airflow/example_dags/example_python_operator.py
[2022-04-11 13:47:39,280] {logging_mixin.py:109} INFO - [2022-04-11 13:47:39,280] {dag.py:2398} INFO - Sync 1 DAGs
[2022-04-11 13:47:39,302] {logging_mixin.py:109} INFO - [2022-04-11 13:47:39,301] {dag.py:2937} INFO - Setting next_dagrun for example_python_operator to None
[2022-04-11 13:47:39,314] {processor.py:171} INFO - Processing /home/airflow/.local/lib/python3.7/site-packages/airflow/example_dags/example_python_operator.py took 0.095 seconds
[2022-04-11 13:48:09,896] {processor.py:163} INFO - Started process (PID=2592) to work on /home/airflow/.local/lib/python3.7/site-packages/airflow/example_dags/example_python_operator.py
[2022-04-11 13:48:09,897] {processor.py:642} INFO - Processing file /home/airflow/.local/lib/python3.7/site-packages/airflow/example_dags/example_python_operator.py for tasks to queue
[2022-04-11 13:48:09,899] {logging_mixin.py:109} INFO - [2022-04-11 13:48:09,898] {dagbag.py:500} INFO - Filling up the DagBag from /home/airflow/.local/lib/python3.7/site-packages/airflow/example_dags/example_python_operator.py
[2022-04-11 13:48:09,922] {processor.py:652} INFO - DAG(s) dict_keys(['example_python_operator']) retrieved from /home/airflow/.local/lib/python3.7/site-packages/airflow/example_dags/example_python_operator.py
[2022-04-11 13:48:09,944] {logging_mixin.py:109} INFO - [2022-04-11 13:48:09,944] {dag.py:2398} INFO - Sync 1 DAGs
[2022-04-11 13:48:09,961] {logging_mixin.py:109} INFO - [2022-04-11 13:48:09,961] {dag.py:2937} INFO - Setting next_dagrun for example_python_operator to None
[2022-04-11 13:48:09,971] {processor.py:171} INFO - Processing /home/airflow/.local/lib/python3.7/site-packages/airflow/example_dags/example_python_operator.py took 0.079 seconds
[2022-04-11 13:48:40,627] {processor.py:163} INFO - Started process (PID=2655) to work on /home/airflow/.local/lib/python3.7/site-packages/airflow/example_dags/example_python_operator.py
[2022-04-11 13:48:40,629] {processor.py:642} INFO - Processing file /home/airflow/.local/lib/python3.7/site-packages/airflow/example_dags/example_python_operator.py for tasks to queue
[2022-04-11 13:48:40,630] {logging_mixin.py:109} INFO - [2022-04-11 13:48:40,630] {dagbag.py:500} INFO - Filling up the DagBag from /home/airflow/.local/lib/python3.7/site-packages/airflow/example_dags/example_python_operator.py
[2022-04-11 13:48:40,654] {processor.py:652} INFO - DAG(s) dict_keys(['example_python_operator']) retrieved from /home/airflow/.local/lib/python3.7/site-packages/airflow/example_dags/example_python_operator.py
[2022-04-11 13:48:40,683] {logging_mixin.py:109} INFO - [2022-04-11 13:48:40,683] {dag.py:2398} INFO - Sync 1 DAGs
[2022-04-11 13:48:40,701] {logging_mixin.py:109} INFO - [2022-04-11 13:48:40,701] {dag.py:2937} INFO - Setting next_dagrun for example_python_operator to None
[2022-04-11 13:48:40,710] {processor.py:171} INFO - Processing /home/airflow/.local/lib/python3.7/site-packages/airflow/example_dags/example_python_operator.py took 0.086 seconds
[2022-04-11 13:49:11,310] {processor.py:163} INFO - Started process (PID=2707) to work on /home/airflow/.local/lib/python3.7/site-packages/airflow/example_dags/example_python_operator.py
[2022-04-11 13:49:11,312] {processor.py:642} INFO - Processing file /home/airflow/.local/lib/python3.7/site-packages/airflow/example_dags/example_python_operator.py for tasks to queue
[2022-04-11 13:49:11,313] {logging_mixin.py:109} INFO - [2022-04-11 13:49:11,313] {dagbag.py:500} INFO - Filling up the DagBag from /home/airflow/.local/lib/python3.7/site-packages/airflow/example_dags/example_python_operator.py
[2022-04-11 13:49:11,341] {processor.py:652} INFO - DAG(s) dict_keys(['example_python_operator']) retrieved from /home/airflow/.local/lib/python3.7/site-packages/airflow/example_dags/example_python_operator.py
[2022-04-11 13:49:11,368] {logging_mixin.py:109} INFO - [2022-04-11 13:49:11,367] {dag.py:2398} INFO - Sync 1 DAGs
[2022-04-11 13:49:11,388] {logging_mixin.py:109} INFO - [2022-04-11 13:49:11,388] {dag.py:2937} INFO - Setting next_dagrun for example_python_operator to None
[2022-04-11 13:49:11,399] {processor.py:171} INFO - Processing /home/airflow/.local/lib/python3.7/site-packages/airflow/example_dags/example_python_operator.py took 0.093 seconds
