[2022-04-11 13:27:02,857] {processor.py:163} INFO - Started process (PID=147) to work on /home/airflow/.local/lib/python3.7/site-packages/airflow/example_dags/example_nested_branch_dag.py
[2022-04-11 13:27:02,859] {processor.py:642} INFO - Processing file /home/airflow/.local/lib/python3.7/site-packages/airflow/example_dags/example_nested_branch_dag.py for tasks to queue
[2022-04-11 13:27:02,861] {logging_mixin.py:109} INFO - [2022-04-11 13:27:02,861] {dagbag.py:500} INFO - Filling up the DagBag from /home/airflow/.local/lib/python3.7/site-packages/airflow/example_dags/example_nested_branch_dag.py
[2022-04-11 13:27:02,891] {processor.py:652} INFO - DAG(s) dict_keys(['example_nested_branch_dag']) retrieved from /home/airflow/.local/lib/python3.7/site-packages/airflow/example_dags/example_nested_branch_dag.py
[2022-04-11 13:27:04,704] {logging_mixin.py:109} INFO - [2022-04-11 13:27:04,704] {manager.py:496} INFO - Created Permission View: can read on DAG:example_nested_branch_dag
[2022-04-11 13:27:04,713] {logging_mixin.py:109} INFO - [2022-04-11 13:27:04,713] {manager.py:496} INFO - Created Permission View: can edit on DAG:example_nested_branch_dag
[2022-04-11 13:27:04,714] {logging_mixin.py:109} INFO - [2022-04-11 13:27:04,714] {dag.py:2398} INFO - Sync 1 DAGs
[2022-04-11 13:27:04,723] {logging_mixin.py:109} INFO - [2022-04-11 13:27:04,723] {dag.py:2417} INFO - Creating ORM DAG for example_nested_branch_dag
[2022-04-11 13:27:04,735] {logging_mixin.py:109} INFO - [2022-04-11 13:27:04,734] {dag.py:2937} INFO - Setting next_dagrun for example_nested_branch_dag to 2022-04-10 00:00:00+00:00
[2022-04-11 13:27:04,752] {processor.py:171} INFO - Processing /home/airflow/.local/lib/python3.7/site-packages/airflow/example_dags/example_nested_branch_dag.py took 1.900 seconds
[2022-04-11 13:27:35,087] {processor.py:163} INFO - Started process (PID=306) to work on /home/airflow/.local/lib/python3.7/site-packages/airflow/example_dags/example_nested_branch_dag.py
[2022-04-11 13:27:35,089] {processor.py:642} INFO - Processing file /home/airflow/.local/lib/python3.7/site-packages/airflow/example_dags/example_nested_branch_dag.py for tasks to queue
[2022-04-11 13:27:35,090] {logging_mixin.py:109} INFO - [2022-04-11 13:27:35,090] {dagbag.py:500} INFO - Filling up the DagBag from /home/airflow/.local/lib/python3.7/site-packages/airflow/example_dags/example_nested_branch_dag.py
[2022-04-11 13:27:35,114] {processor.py:652} INFO - DAG(s) dict_keys(['example_nested_branch_dag']) retrieved from /home/airflow/.local/lib/python3.7/site-packages/airflow/example_dags/example_nested_branch_dag.py
[2022-04-11 13:27:35,138] {logging_mixin.py:109} INFO - [2022-04-11 13:27:35,138] {dag.py:2398} INFO - Sync 1 DAGs
[2022-04-11 13:27:35,158] {logging_mixin.py:109} INFO - [2022-04-11 13:27:35,158] {dag.py:2937} INFO - Setting next_dagrun for example_nested_branch_dag to 2022-04-10 00:00:00+00:00
[2022-04-11 13:27:35,169] {processor.py:171} INFO - Processing /home/airflow/.local/lib/python3.7/site-packages/airflow/example_dags/example_nested_branch_dag.py took 0.087 seconds
[2022-04-11 13:28:05,231] {processor.py:163} INFO - Started process (PID=357) to work on /home/airflow/.local/lib/python3.7/site-packages/airflow/example_dags/example_nested_branch_dag.py
[2022-04-11 13:28:05,233] {processor.py:642} INFO - Processing file /home/airflow/.local/lib/python3.7/site-packages/airflow/example_dags/example_nested_branch_dag.py for tasks to queue
[2022-04-11 13:28:05,235] {logging_mixin.py:109} INFO - [2022-04-11 13:28:05,234] {dagbag.py:500} INFO - Filling up the DagBag from /home/airflow/.local/lib/python3.7/site-packages/airflow/example_dags/example_nested_branch_dag.py
[2022-04-11 13:28:05,257] {processor.py:652} INFO - DAG(s) dict_keys(['example_nested_branch_dag']) retrieved from /home/airflow/.local/lib/python3.7/site-packages/airflow/example_dags/example_nested_branch_dag.py
[2022-04-11 13:28:05,292] {logging_mixin.py:109} INFO - [2022-04-11 13:28:05,292] {dag.py:2398} INFO - Sync 1 DAGs
[2022-04-11 13:28:05,318] {logging_mixin.py:109} INFO - [2022-04-11 13:28:05,318] {dag.py:2937} INFO - Setting next_dagrun for example_nested_branch_dag to 2022-04-10 00:00:00+00:00
[2022-04-11 13:28:05,336] {processor.py:171} INFO - Processing /home/airflow/.local/lib/python3.7/site-packages/airflow/example_dags/example_nested_branch_dag.py took 0.109 seconds
[2022-04-11 13:28:35,518] {processor.py:163} INFO - Started process (PID=418) to work on /home/airflow/.local/lib/python3.7/site-packages/airflow/example_dags/example_nested_branch_dag.py
[2022-04-11 13:28:35,520] {processor.py:642} INFO - Processing file /home/airflow/.local/lib/python3.7/site-packages/airflow/example_dags/example_nested_branch_dag.py for tasks to queue
[2022-04-11 13:28:35,522] {logging_mixin.py:109} INFO - [2022-04-11 13:28:35,521] {dagbag.py:500} INFO - Filling up the DagBag from /home/airflow/.local/lib/python3.7/site-packages/airflow/example_dags/example_nested_branch_dag.py
[2022-04-11 13:28:35,548] {processor.py:652} INFO - DAG(s) dict_keys(['example_nested_branch_dag']) retrieved from /home/airflow/.local/lib/python3.7/site-packages/airflow/example_dags/example_nested_branch_dag.py
[2022-04-11 13:28:35,573] {logging_mixin.py:109} INFO - [2022-04-11 13:28:35,573] {dag.py:2398} INFO - Sync 1 DAGs
[2022-04-11 13:28:35,596] {logging_mixin.py:109} INFO - [2022-04-11 13:28:35,595] {dag.py:2937} INFO - Setting next_dagrun for example_nested_branch_dag to 2022-04-10 00:00:00+00:00
[2022-04-11 13:28:35,607] {processor.py:171} INFO - Processing /home/airflow/.local/lib/python3.7/site-packages/airflow/example_dags/example_nested_branch_dag.py took 0.094 seconds
[2022-04-11 13:29:05,687] {processor.py:163} INFO - Started process (PID=470) to work on /home/airflow/.local/lib/python3.7/site-packages/airflow/example_dags/example_nested_branch_dag.py
[2022-04-11 13:29:05,692] {processor.py:642} INFO - Processing file /home/airflow/.local/lib/python3.7/site-packages/airflow/example_dags/example_nested_branch_dag.py for tasks to queue
[2022-04-11 13:29:05,694] {logging_mixin.py:109} INFO - [2022-04-11 13:29:05,693] {dagbag.py:500} INFO - Filling up the DagBag from /home/airflow/.local/lib/python3.7/site-packages/airflow/example_dags/example_nested_branch_dag.py
[2022-04-11 13:29:05,714] {processor.py:652} INFO - DAG(s) dict_keys(['example_nested_branch_dag']) retrieved from /home/airflow/.local/lib/python3.7/site-packages/airflow/example_dags/example_nested_branch_dag.py
[2022-04-11 13:29:05,743] {logging_mixin.py:109} INFO - [2022-04-11 13:29:05,743] {dag.py:2398} INFO - Sync 1 DAGs
[2022-04-11 13:29:05,765] {logging_mixin.py:109} INFO - [2022-04-11 13:29:05,765] {dag.py:2937} INFO - Setting next_dagrun for example_nested_branch_dag to 2022-04-10 00:00:00+00:00
[2022-04-11 13:29:05,777] {processor.py:171} INFO - Processing /home/airflow/.local/lib/python3.7/site-packages/airflow/example_dags/example_nested_branch_dag.py took 0.096 seconds
[2022-04-11 13:29:36,299] {processor.py:163} INFO - Started process (PID=532) to work on /home/airflow/.local/lib/python3.7/site-packages/airflow/example_dags/example_nested_branch_dag.py
[2022-04-11 13:29:36,302] {processor.py:642} INFO - Processing file /home/airflow/.local/lib/python3.7/site-packages/airflow/example_dags/example_nested_branch_dag.py for tasks to queue
[2022-04-11 13:29:36,303] {logging_mixin.py:109} INFO - [2022-04-11 13:29:36,303] {dagbag.py:500} INFO - Filling up the DagBag from /home/airflow/.local/lib/python3.7/site-packages/airflow/example_dags/example_nested_branch_dag.py
[2022-04-11 13:29:36,327] {processor.py:652} INFO - DAG(s) dict_keys(['example_nested_branch_dag']) retrieved from /home/airflow/.local/lib/python3.7/site-packages/airflow/example_dags/example_nested_branch_dag.py
[2022-04-11 13:29:36,354] {logging_mixin.py:109} INFO - [2022-04-11 13:29:36,354] {dag.py:2398} INFO - Sync 1 DAGs
[2022-04-11 13:29:36,379] {logging_mixin.py:109} INFO - [2022-04-11 13:29:36,379] {dag.py:2937} INFO - Setting next_dagrun for example_nested_branch_dag to 2022-04-10 00:00:00+00:00
[2022-04-11 13:29:36,396] {processor.py:171} INFO - Processing /home/airflow/.local/lib/python3.7/site-packages/airflow/example_dags/example_nested_branch_dag.py took 0.100 seconds
[2022-04-11 13:30:06,804] {processor.py:163} INFO - Started process (PID=583) to work on /home/airflow/.local/lib/python3.7/site-packages/airflow/example_dags/example_nested_branch_dag.py
[2022-04-11 13:30:06,806] {processor.py:642} INFO - Processing file /home/airflow/.local/lib/python3.7/site-packages/airflow/example_dags/example_nested_branch_dag.py for tasks to queue
[2022-04-11 13:30:06,808] {logging_mixin.py:109} INFO - [2022-04-11 13:30:06,808] {dagbag.py:500} INFO - Filling up the DagBag from /home/airflow/.local/lib/python3.7/site-packages/airflow/example_dags/example_nested_branch_dag.py
[2022-04-11 13:30:06,832] {processor.py:652} INFO - DAG(s) dict_keys(['example_nested_branch_dag']) retrieved from /home/airflow/.local/lib/python3.7/site-packages/airflow/example_dags/example_nested_branch_dag.py
[2022-04-11 13:30:06,864] {logging_mixin.py:109} INFO - [2022-04-11 13:30:06,863] {dag.py:2398} INFO - Sync 1 DAGs
[2022-04-11 13:30:06,889] {logging_mixin.py:109} INFO - [2022-04-11 13:30:06,889] {dag.py:2937} INFO - Setting next_dagrun for example_nested_branch_dag to 2022-04-10 00:00:00+00:00
[2022-04-11 13:30:06,909] {processor.py:171} INFO - Processing /home/airflow/.local/lib/python3.7/site-packages/airflow/example_dags/example_nested_branch_dag.py took 0.109 seconds
[2022-04-11 13:30:37,399] {processor.py:163} INFO - Started process (PID=643) to work on /home/airflow/.local/lib/python3.7/site-packages/airflow/example_dags/example_nested_branch_dag.py
[2022-04-11 13:30:37,401] {processor.py:642} INFO - Processing file /home/airflow/.local/lib/python3.7/site-packages/airflow/example_dags/example_nested_branch_dag.py for tasks to queue
[2022-04-11 13:30:37,404] {logging_mixin.py:109} INFO - [2022-04-11 13:30:37,403] {dagbag.py:500} INFO - Filling up the DagBag from /home/airflow/.local/lib/python3.7/site-packages/airflow/example_dags/example_nested_branch_dag.py
[2022-04-11 13:30:37,429] {processor.py:652} INFO - DAG(s) dict_keys(['example_nested_branch_dag']) retrieved from /home/airflow/.local/lib/python3.7/site-packages/airflow/example_dags/example_nested_branch_dag.py
[2022-04-11 13:30:37,459] {logging_mixin.py:109} INFO - [2022-04-11 13:30:37,459] {dag.py:2398} INFO - Sync 1 DAGs
[2022-04-11 13:30:37,484] {logging_mixin.py:109} INFO - [2022-04-11 13:30:37,484] {dag.py:2937} INFO - Setting next_dagrun for example_nested_branch_dag to 2022-04-10 00:00:00+00:00
[2022-04-11 13:30:37,497] {processor.py:171} INFO - Processing /home/airflow/.local/lib/python3.7/site-packages/airflow/example_dags/example_nested_branch_dag.py took 0.104 seconds
[2022-04-11 13:31:07,680] {processor.py:163} INFO - Started process (PID=694) to work on /home/airflow/.local/lib/python3.7/site-packages/airflow/example_dags/example_nested_branch_dag.py
[2022-04-11 13:31:07,683] {processor.py:642} INFO - Processing file /home/airflow/.local/lib/python3.7/site-packages/airflow/example_dags/example_nested_branch_dag.py for tasks to queue
[2022-04-11 13:31:07,686] {logging_mixin.py:109} INFO - [2022-04-11 13:31:07,686] {dagbag.py:500} INFO - Filling up the DagBag from /home/airflow/.local/lib/python3.7/site-packages/airflow/example_dags/example_nested_branch_dag.py
[2022-04-11 13:31:07,729] {processor.py:652} INFO - DAG(s) dict_keys(['example_nested_branch_dag']) retrieved from /home/airflow/.local/lib/python3.7/site-packages/airflow/example_dags/example_nested_branch_dag.py
[2022-04-11 13:31:07,789] {logging_mixin.py:109} INFO - [2022-04-11 13:31:07,788] {dag.py:2398} INFO - Sync 1 DAGs
[2022-04-11 13:31:07,841] {logging_mixin.py:109} INFO - [2022-04-11 13:31:07,841] {dag.py:2937} INFO - Setting next_dagrun for example_nested_branch_dag to 2022-04-10 00:00:00+00:00
[2022-04-11 13:31:07,875] {processor.py:171} INFO - Processing /home/airflow/.local/lib/python3.7/site-packages/airflow/example_dags/example_nested_branch_dag.py took 0.202 seconds
[2022-04-11 13:31:38,042] {processor.py:163} INFO - Started process (PID=755) to work on /home/airflow/.local/lib/python3.7/site-packages/airflow/example_dags/example_nested_branch_dag.py
[2022-04-11 13:31:38,045] {processor.py:642} INFO - Processing file /home/airflow/.local/lib/python3.7/site-packages/airflow/example_dags/example_nested_branch_dag.py for tasks to queue
[2022-04-11 13:31:38,046] {logging_mixin.py:109} INFO - [2022-04-11 13:31:38,046] {dagbag.py:500} INFO - Filling up the DagBag from /home/airflow/.local/lib/python3.7/site-packages/airflow/example_dags/example_nested_branch_dag.py
[2022-04-11 13:31:38,069] {processor.py:652} INFO - DAG(s) dict_keys(['example_nested_branch_dag']) retrieved from /home/airflow/.local/lib/python3.7/site-packages/airflow/example_dags/example_nested_branch_dag.py
[2022-04-11 13:31:38,099] {logging_mixin.py:109} INFO - [2022-04-11 13:31:38,099] {dag.py:2398} INFO - Sync 1 DAGs
[2022-04-11 13:31:38,133] {logging_mixin.py:109} INFO - [2022-04-11 13:31:38,133] {dag.py:2937} INFO - Setting next_dagrun for example_nested_branch_dag to 2022-04-10 00:00:00+00:00
[2022-04-11 13:31:38,149] {processor.py:171} INFO - Processing /home/airflow/.local/lib/python3.7/site-packages/airflow/example_dags/example_nested_branch_dag.py took 0.112 seconds
[2022-04-11 13:32:08,249] {processor.py:163} INFO - Started process (PID=817) to work on /home/airflow/.local/lib/python3.7/site-packages/airflow/example_dags/example_nested_branch_dag.py
[2022-04-11 13:32:08,251] {processor.py:642} INFO - Processing file /home/airflow/.local/lib/python3.7/site-packages/airflow/example_dags/example_nested_branch_dag.py for tasks to queue
[2022-04-11 13:32:08,252] {logging_mixin.py:109} INFO - [2022-04-11 13:32:08,252] {dagbag.py:500} INFO - Filling up the DagBag from /home/airflow/.local/lib/python3.7/site-packages/airflow/example_dags/example_nested_branch_dag.py
[2022-04-11 13:32:08,282] {processor.py:652} INFO - DAG(s) dict_keys(['example_nested_branch_dag']) retrieved from /home/airflow/.local/lib/python3.7/site-packages/airflow/example_dags/example_nested_branch_dag.py
[2022-04-11 13:32:08,308] {logging_mixin.py:109} INFO - [2022-04-11 13:32:08,307] {dag.py:2398} INFO - Sync 1 DAGs
[2022-04-11 13:32:08,335] {logging_mixin.py:109} INFO - [2022-04-11 13:32:08,334] {dag.py:2937} INFO - Setting next_dagrun for example_nested_branch_dag to 2022-04-10 00:00:00+00:00
[2022-04-11 13:32:08,348] {processor.py:171} INFO - Processing /home/airflow/.local/lib/python3.7/site-packages/airflow/example_dags/example_nested_branch_dag.py took 0.103 seconds
[2022-04-11 13:32:38,968] {processor.py:163} INFO - Started process (PID=868) to work on /home/airflow/.local/lib/python3.7/site-packages/airflow/example_dags/example_nested_branch_dag.py
[2022-04-11 13:32:38,970] {processor.py:642} INFO - Processing file /home/airflow/.local/lib/python3.7/site-packages/airflow/example_dags/example_nested_branch_dag.py for tasks to queue
[2022-04-11 13:32:38,971] {logging_mixin.py:109} INFO - [2022-04-11 13:32:38,971] {dagbag.py:500} INFO - Filling up the DagBag from /home/airflow/.local/lib/python3.7/site-packages/airflow/example_dags/example_nested_branch_dag.py
[2022-04-11 13:32:38,995] {processor.py:652} INFO - DAG(s) dict_keys(['example_nested_branch_dag']) retrieved from /home/airflow/.local/lib/python3.7/site-packages/airflow/example_dags/example_nested_branch_dag.py
[2022-04-11 13:32:39,022] {logging_mixin.py:109} INFO - [2022-04-11 13:32:39,022] {dag.py:2398} INFO - Sync 1 DAGs
[2022-04-11 13:32:39,044] {logging_mixin.py:109} INFO - [2022-04-11 13:32:39,044] {dag.py:2937} INFO - Setting next_dagrun for example_nested_branch_dag to 2022-04-10 00:00:00+00:00
[2022-04-11 13:32:39,056] {processor.py:171} INFO - Processing /home/airflow/.local/lib/python3.7/site-packages/airflow/example_dags/example_nested_branch_dag.py took 0.092 seconds
[2022-04-11 13:33:09,553] {processor.py:163} INFO - Started process (PID=931) to work on /home/airflow/.local/lib/python3.7/site-packages/airflow/example_dags/example_nested_branch_dag.py
[2022-04-11 13:33:09,555] {processor.py:642} INFO - Processing file /home/airflow/.local/lib/python3.7/site-packages/airflow/example_dags/example_nested_branch_dag.py for tasks to queue
[2022-04-11 13:33:09,557] {logging_mixin.py:109} INFO - [2022-04-11 13:33:09,557] {dagbag.py:500} INFO - Filling up the DagBag from /home/airflow/.local/lib/python3.7/site-packages/airflow/example_dags/example_nested_branch_dag.py
[2022-04-11 13:33:09,578] {processor.py:652} INFO - DAG(s) dict_keys(['example_nested_branch_dag']) retrieved from /home/airflow/.local/lib/python3.7/site-packages/airflow/example_dags/example_nested_branch_dag.py
[2022-04-11 13:33:09,604] {logging_mixin.py:109} INFO - [2022-04-11 13:33:09,604] {dag.py:2398} INFO - Sync 1 DAGs
[2022-04-11 13:33:09,627] {logging_mixin.py:109} INFO - [2022-04-11 13:33:09,627] {dag.py:2937} INFO - Setting next_dagrun for example_nested_branch_dag to 2022-04-10 00:00:00+00:00
[2022-04-11 13:33:09,640] {processor.py:171} INFO - Processing /home/airflow/.local/lib/python3.7/site-packages/airflow/example_dags/example_nested_branch_dag.py took 0.092 seconds
[2022-04-11 13:33:40,212] {processor.py:163} INFO - Started process (PID=981) to work on /home/airflow/.local/lib/python3.7/site-packages/airflow/example_dags/example_nested_branch_dag.py
[2022-04-11 13:33:40,223] {processor.py:642} INFO - Processing file /home/airflow/.local/lib/python3.7/site-packages/airflow/example_dags/example_nested_branch_dag.py for tasks to queue
[2022-04-11 13:33:40,230] {logging_mixin.py:109} INFO - [2022-04-11 13:33:40,230] {dagbag.py:500} INFO - Filling up the DagBag from /home/airflow/.local/lib/python3.7/site-packages/airflow/example_dags/example_nested_branch_dag.py
[2022-04-11 13:33:40,278] {processor.py:652} INFO - DAG(s) dict_keys(['example_nested_branch_dag']) retrieved from /home/airflow/.local/lib/python3.7/site-packages/airflow/example_dags/example_nested_branch_dag.py
[2022-04-11 13:33:40,343] {logging_mixin.py:109} INFO - [2022-04-11 13:33:40,343] {dag.py:2398} INFO - Sync 1 DAGs
[2022-04-11 13:33:40,408] {logging_mixin.py:109} INFO - [2022-04-11 13:33:40,407] {dag.py:2937} INFO - Setting next_dagrun for example_nested_branch_dag to 2022-04-10 00:00:00+00:00
[2022-04-11 13:33:40,436] {processor.py:171} INFO - Processing /home/airflow/.local/lib/python3.7/site-packages/airflow/example_dags/example_nested_branch_dag.py took 0.232 seconds
[2022-04-11 13:34:11,273] {processor.py:163} INFO - Started process (PID=1043) to work on /home/airflow/.local/lib/python3.7/site-packages/airflow/example_dags/example_nested_branch_dag.py
[2022-04-11 13:34:11,275] {processor.py:642} INFO - Processing file /home/airflow/.local/lib/python3.7/site-packages/airflow/example_dags/example_nested_branch_dag.py for tasks to queue
[2022-04-11 13:34:11,276] {logging_mixin.py:109} INFO - [2022-04-11 13:34:11,276] {dagbag.py:500} INFO - Filling up the DagBag from /home/airflow/.local/lib/python3.7/site-packages/airflow/example_dags/example_nested_branch_dag.py
[2022-04-11 13:34:11,301] {processor.py:652} INFO - DAG(s) dict_keys(['example_nested_branch_dag']) retrieved from /home/airflow/.local/lib/python3.7/site-packages/airflow/example_dags/example_nested_branch_dag.py
[2022-04-11 13:34:11,329] {logging_mixin.py:109} INFO - [2022-04-11 13:34:11,329] {dag.py:2398} INFO - Sync 1 DAGs
[2022-04-11 13:34:11,353] {logging_mixin.py:109} INFO - [2022-04-11 13:34:11,353] {dag.py:2937} INFO - Setting next_dagrun for example_nested_branch_dag to 2022-04-10 00:00:00+00:00
[2022-04-11 13:34:11,367] {processor.py:171} INFO - Processing /home/airflow/.local/lib/python3.7/site-packages/airflow/example_dags/example_nested_branch_dag.py took 0.099 seconds
[2022-04-11 13:34:41,847] {processor.py:163} INFO - Started process (PID=1096) to work on /home/airflow/.local/lib/python3.7/site-packages/airflow/example_dags/example_nested_branch_dag.py
[2022-04-11 13:34:41,849] {processor.py:642} INFO - Processing file /home/airflow/.local/lib/python3.7/site-packages/airflow/example_dags/example_nested_branch_dag.py for tasks to queue
[2022-04-11 13:34:41,850] {logging_mixin.py:109} INFO - [2022-04-11 13:34:41,850] {dagbag.py:500} INFO - Filling up the DagBag from /home/airflow/.local/lib/python3.7/site-packages/airflow/example_dags/example_nested_branch_dag.py
[2022-04-11 13:34:41,874] {processor.py:652} INFO - DAG(s) dict_keys(['example_nested_branch_dag']) retrieved from /home/airflow/.local/lib/python3.7/site-packages/airflow/example_dags/example_nested_branch_dag.py
[2022-04-11 13:34:41,899] {logging_mixin.py:109} INFO - [2022-04-11 13:34:41,899] {dag.py:2398} INFO - Sync 1 DAGs
[2022-04-11 13:34:41,919] {logging_mixin.py:109} INFO - [2022-04-11 13:34:41,919] {dag.py:2937} INFO - Setting next_dagrun for example_nested_branch_dag to 2022-04-10 00:00:00+00:00
[2022-04-11 13:34:41,931] {processor.py:171} INFO - Processing /home/airflow/.local/lib/python3.7/site-packages/airflow/example_dags/example_nested_branch_dag.py took 0.087 seconds
[2022-04-11 13:35:12,100] {processor.py:163} INFO - Started process (PID=1157) to work on /home/airflow/.local/lib/python3.7/site-packages/airflow/example_dags/example_nested_branch_dag.py
[2022-04-11 13:35:12,102] {processor.py:642} INFO - Processing file /home/airflow/.local/lib/python3.7/site-packages/airflow/example_dags/example_nested_branch_dag.py for tasks to queue
[2022-04-11 13:35:12,103] {logging_mixin.py:109} INFO - [2022-04-11 13:35:12,103] {dagbag.py:500} INFO - Filling up the DagBag from /home/airflow/.local/lib/python3.7/site-packages/airflow/example_dags/example_nested_branch_dag.py
[2022-04-11 13:35:12,132] {processor.py:652} INFO - DAG(s) dict_keys(['example_nested_branch_dag']) retrieved from /home/airflow/.local/lib/python3.7/site-packages/airflow/example_dags/example_nested_branch_dag.py
[2022-04-11 13:35:12,162] {logging_mixin.py:109} INFO - [2022-04-11 13:35:12,161] {dag.py:2398} INFO - Sync 1 DAGs
[2022-04-11 13:35:12,195] {logging_mixin.py:109} INFO - [2022-04-11 13:35:12,195] {dag.py:2937} INFO - Setting next_dagrun for example_nested_branch_dag to 2022-04-10 00:00:00+00:00
[2022-04-11 13:35:12,210] {processor.py:171} INFO - Processing /home/airflow/.local/lib/python3.7/site-packages/airflow/example_dags/example_nested_branch_dag.py took 0.115 seconds
[2022-04-11 13:35:42,336] {processor.py:163} INFO - Started process (PID=1209) to work on /home/airflow/.local/lib/python3.7/site-packages/airflow/example_dags/example_nested_branch_dag.py
[2022-04-11 13:35:42,338] {processor.py:642} INFO - Processing file /home/airflow/.local/lib/python3.7/site-packages/airflow/example_dags/example_nested_branch_dag.py for tasks to queue
[2022-04-11 13:35:42,339] {logging_mixin.py:109} INFO - [2022-04-11 13:35:42,339] {dagbag.py:500} INFO - Filling up the DagBag from /home/airflow/.local/lib/python3.7/site-packages/airflow/example_dags/example_nested_branch_dag.py
[2022-04-11 13:35:42,365] {processor.py:652} INFO - DAG(s) dict_keys(['example_nested_branch_dag']) retrieved from /home/airflow/.local/lib/python3.7/site-packages/airflow/example_dags/example_nested_branch_dag.py
[2022-04-11 13:35:42,401] {logging_mixin.py:109} INFO - [2022-04-11 13:35:42,401] {dag.py:2398} INFO - Sync 1 DAGs
[2022-04-11 13:35:42,426] {logging_mixin.py:109} INFO - [2022-04-11 13:35:42,425] {dag.py:2937} INFO - Setting next_dagrun for example_nested_branch_dag to 2022-04-10 00:00:00+00:00
[2022-04-11 13:35:42,439] {processor.py:171} INFO - Processing /home/airflow/.local/lib/python3.7/site-packages/airflow/example_dags/example_nested_branch_dag.py took 0.107 seconds
[2022-04-11 13:36:12,840] {processor.py:163} INFO - Started process (PID=1261) to work on /home/airflow/.local/lib/python3.7/site-packages/airflow/example_dags/example_nested_branch_dag.py
[2022-04-11 13:36:12,843] {processor.py:642} INFO - Processing file /home/airflow/.local/lib/python3.7/site-packages/airflow/example_dags/example_nested_branch_dag.py for tasks to queue
[2022-04-11 13:36:12,844] {logging_mixin.py:109} INFO - [2022-04-11 13:36:12,844] {dagbag.py:500} INFO - Filling up the DagBag from /home/airflow/.local/lib/python3.7/site-packages/airflow/example_dags/example_nested_branch_dag.py
[2022-04-11 13:36:12,869] {processor.py:652} INFO - DAG(s) dict_keys(['example_nested_branch_dag']) retrieved from /home/airflow/.local/lib/python3.7/site-packages/airflow/example_dags/example_nested_branch_dag.py
[2022-04-11 13:36:12,900] {logging_mixin.py:109} INFO - [2022-04-11 13:36:12,900] {dag.py:2398} INFO - Sync 1 DAGs
[2022-04-11 13:36:12,933] {logging_mixin.py:109} INFO - [2022-04-11 13:36:12,933] {dag.py:2937} INFO - Setting next_dagrun for example_nested_branch_dag to 2022-04-10 00:00:00+00:00
[2022-04-11 13:36:12,956] {processor.py:171} INFO - Processing /home/airflow/.local/lib/python3.7/site-packages/airflow/example_dags/example_nested_branch_dag.py took 0.120 seconds
[2022-04-11 13:36:43,367] {processor.py:163} INFO - Started process (PID=1328) to work on /home/airflow/.local/lib/python3.7/site-packages/airflow/example_dags/example_nested_branch_dag.py
[2022-04-11 13:36:43,371] {processor.py:642} INFO - Processing file /home/airflow/.local/lib/python3.7/site-packages/airflow/example_dags/example_nested_branch_dag.py for tasks to queue
[2022-04-11 13:36:43,376] {logging_mixin.py:109} INFO - [2022-04-11 13:36:43,375] {dagbag.py:500} INFO - Filling up the DagBag from /home/airflow/.local/lib/python3.7/site-packages/airflow/example_dags/example_nested_branch_dag.py
[2022-04-11 13:36:43,401] {processor.py:652} INFO - DAG(s) dict_keys(['example_nested_branch_dag']) retrieved from /home/airflow/.local/lib/python3.7/site-packages/airflow/example_dags/example_nested_branch_dag.py
[2022-04-11 13:36:43,427] {logging_mixin.py:109} INFO - [2022-04-11 13:36:43,427] {dag.py:2398} INFO - Sync 1 DAGs
[2022-04-11 13:36:43,452] {logging_mixin.py:109} INFO - [2022-04-11 13:36:43,452] {dag.py:2937} INFO - Setting next_dagrun for example_nested_branch_dag to 2022-04-10 00:00:00+00:00
[2022-04-11 13:36:43,463] {processor.py:171} INFO - Processing /home/airflow/.local/lib/python3.7/site-packages/airflow/example_dags/example_nested_branch_dag.py took 0.101 seconds
[2022-04-11 13:37:13,575] {processor.py:163} INFO - Started process (PID=1379) to work on /home/airflow/.local/lib/python3.7/site-packages/airflow/example_dags/example_nested_branch_dag.py
[2022-04-11 13:37:13,577] {processor.py:642} INFO - Processing file /home/airflow/.local/lib/python3.7/site-packages/airflow/example_dags/example_nested_branch_dag.py for tasks to queue
[2022-04-11 13:37:13,579] {logging_mixin.py:109} INFO - [2022-04-11 13:37:13,578] {dagbag.py:500} INFO - Filling up the DagBag from /home/airflow/.local/lib/python3.7/site-packages/airflow/example_dags/example_nested_branch_dag.py
[2022-04-11 13:37:13,607] {processor.py:652} INFO - DAG(s) dict_keys(['example_nested_branch_dag']) retrieved from /home/airflow/.local/lib/python3.7/site-packages/airflow/example_dags/example_nested_branch_dag.py
[2022-04-11 13:37:13,637] {logging_mixin.py:109} INFO - [2022-04-11 13:37:13,636] {dag.py:2398} INFO - Sync 1 DAGs
[2022-04-11 13:37:13,674] {logging_mixin.py:109} INFO - [2022-04-11 13:37:13,674] {dag.py:2937} INFO - Setting next_dagrun for example_nested_branch_dag to 2022-04-10 00:00:00+00:00
[2022-04-11 13:37:13,689] {processor.py:171} INFO - Processing /home/airflow/.local/lib/python3.7/site-packages/airflow/example_dags/example_nested_branch_dag.py took 0.119 seconds
[2022-04-11 13:37:44,393] {processor.py:163} INFO - Started process (PID=1441) to work on /home/airflow/.local/lib/python3.7/site-packages/airflow/example_dags/example_nested_branch_dag.py
[2022-04-11 13:37:44,395] {processor.py:642} INFO - Processing file /home/airflow/.local/lib/python3.7/site-packages/airflow/example_dags/example_nested_branch_dag.py for tasks to queue
[2022-04-11 13:37:44,397] {logging_mixin.py:109} INFO - [2022-04-11 13:37:44,397] {dagbag.py:500} INFO - Filling up the DagBag from /home/airflow/.local/lib/python3.7/site-packages/airflow/example_dags/example_nested_branch_dag.py
[2022-04-11 13:37:44,429] {processor.py:652} INFO - DAG(s) dict_keys(['example_nested_branch_dag']) retrieved from /home/airflow/.local/lib/python3.7/site-packages/airflow/example_dags/example_nested_branch_dag.py
[2022-04-11 13:37:44,459] {logging_mixin.py:109} INFO - [2022-04-11 13:37:44,459] {dag.py:2398} INFO - Sync 1 DAGs
[2022-04-11 13:37:44,494] {logging_mixin.py:109} INFO - [2022-04-11 13:37:44,494] {dag.py:2937} INFO - Setting next_dagrun for example_nested_branch_dag to 2022-04-10 00:00:00+00:00
[2022-04-11 13:37:44,506] {processor.py:171} INFO - Processing /home/airflow/.local/lib/python3.7/site-packages/airflow/example_dags/example_nested_branch_dag.py took 0.119 seconds
[2022-04-11 13:38:15,395] {processor.py:163} INFO - Started process (PID=1493) to work on /home/airflow/.local/lib/python3.7/site-packages/airflow/example_dags/example_nested_branch_dag.py
[2022-04-11 13:38:15,397] {processor.py:642} INFO - Processing file /home/airflow/.local/lib/python3.7/site-packages/airflow/example_dags/example_nested_branch_dag.py for tasks to queue
[2022-04-11 13:38:15,399] {logging_mixin.py:109} INFO - [2022-04-11 13:38:15,399] {dagbag.py:500} INFO - Filling up the DagBag from /home/airflow/.local/lib/python3.7/site-packages/airflow/example_dags/example_nested_branch_dag.py
[2022-04-11 13:38:15,425] {processor.py:652} INFO - DAG(s) dict_keys(['example_nested_branch_dag']) retrieved from /home/airflow/.local/lib/python3.7/site-packages/airflow/example_dags/example_nested_branch_dag.py
[2022-04-11 13:38:15,454] {logging_mixin.py:109} INFO - [2022-04-11 13:38:15,453] {dag.py:2398} INFO - Sync 1 DAGs
[2022-04-11 13:38:15,478] {logging_mixin.py:109} INFO - [2022-04-11 13:38:15,478] {dag.py:2937} INFO - Setting next_dagrun for example_nested_branch_dag to 2022-04-10 00:00:00+00:00
[2022-04-11 13:38:15,492] {processor.py:171} INFO - Processing /home/airflow/.local/lib/python3.7/site-packages/airflow/example_dags/example_nested_branch_dag.py took 0.102 seconds
[2022-04-11 13:38:45,851] {processor.py:163} INFO - Started process (PID=1555) to work on /home/airflow/.local/lib/python3.7/site-packages/airflow/example_dags/example_nested_branch_dag.py
[2022-04-11 13:38:45,854] {processor.py:642} INFO - Processing file /home/airflow/.local/lib/python3.7/site-packages/airflow/example_dags/example_nested_branch_dag.py for tasks to queue
[2022-04-11 13:38:45,856] {logging_mixin.py:109} INFO - [2022-04-11 13:38:45,856] {dagbag.py:500} INFO - Filling up the DagBag from /home/airflow/.local/lib/python3.7/site-packages/airflow/example_dags/example_nested_branch_dag.py
[2022-04-11 13:38:45,882] {processor.py:652} INFO - DAG(s) dict_keys(['example_nested_branch_dag']) retrieved from /home/airflow/.local/lib/python3.7/site-packages/airflow/example_dags/example_nested_branch_dag.py
[2022-04-11 13:38:45,920] {logging_mixin.py:109} INFO - [2022-04-11 13:38:45,920] {dag.py:2398} INFO - Sync 1 DAGs
[2022-04-11 13:38:45,951] {logging_mixin.py:109} INFO - [2022-04-11 13:38:45,950] {dag.py:2937} INFO - Setting next_dagrun for example_nested_branch_dag to 2022-04-10 00:00:00+00:00
[2022-04-11 13:38:45,969] {processor.py:171} INFO - Processing /home/airflow/.local/lib/python3.7/site-packages/airflow/example_dags/example_nested_branch_dag.py took 0.123 seconds
[2022-04-11 13:39:16,167] {processor.py:163} INFO - Started process (PID=1607) to work on /home/airflow/.local/lib/python3.7/site-packages/airflow/example_dags/example_nested_branch_dag.py
[2022-04-11 13:39:16,169] {processor.py:642} INFO - Processing file /home/airflow/.local/lib/python3.7/site-packages/airflow/example_dags/example_nested_branch_dag.py for tasks to queue
[2022-04-11 13:39:16,170] {logging_mixin.py:109} INFO - [2022-04-11 13:39:16,170] {dagbag.py:500} INFO - Filling up the DagBag from /home/airflow/.local/lib/python3.7/site-packages/airflow/example_dags/example_nested_branch_dag.py
[2022-04-11 13:39:16,194] {processor.py:652} INFO - DAG(s) dict_keys(['example_nested_branch_dag']) retrieved from /home/airflow/.local/lib/python3.7/site-packages/airflow/example_dags/example_nested_branch_dag.py
[2022-04-11 13:39:16,216] {logging_mixin.py:109} INFO - [2022-04-11 13:39:16,216] {dag.py:2398} INFO - Sync 1 DAGs
[2022-04-11 13:39:16,239] {logging_mixin.py:109} INFO - [2022-04-11 13:39:16,239] {dag.py:2937} INFO - Setting next_dagrun for example_nested_branch_dag to 2022-04-10 00:00:00+00:00
[2022-04-11 13:39:16,251] {processor.py:171} INFO - Processing /home/airflow/.local/lib/python3.7/site-packages/airflow/example_dags/example_nested_branch_dag.py took 0.092 seconds
[2022-04-11 13:39:46,313] {processor.py:163} INFO - Started process (PID=1665) to work on /home/airflow/.local/lib/python3.7/site-packages/airflow/example_dags/example_nested_branch_dag.py
[2022-04-11 13:39:46,315] {processor.py:642} INFO - Processing file /home/airflow/.local/lib/python3.7/site-packages/airflow/example_dags/example_nested_branch_dag.py for tasks to queue
[2022-04-11 13:39:46,317] {logging_mixin.py:109} INFO - [2022-04-11 13:39:46,317] {dagbag.py:500} INFO - Filling up the DagBag from /home/airflow/.local/lib/python3.7/site-packages/airflow/example_dags/example_nested_branch_dag.py
[2022-04-11 13:39:46,353] {processor.py:652} INFO - DAG(s) dict_keys(['example_nested_branch_dag']) retrieved from /home/airflow/.local/lib/python3.7/site-packages/airflow/example_dags/example_nested_branch_dag.py
[2022-04-11 13:39:46,387] {logging_mixin.py:109} INFO - [2022-04-11 13:39:46,387] {dag.py:2398} INFO - Sync 1 DAGs
[2022-04-11 13:39:46,432] {logging_mixin.py:109} INFO - [2022-04-11 13:39:46,432] {dag.py:2937} INFO - Setting next_dagrun for example_nested_branch_dag to 2022-04-10 00:00:00+00:00
[2022-04-11 13:39:46,447] {processor.py:171} INFO - Processing /home/airflow/.local/lib/python3.7/site-packages/airflow/example_dags/example_nested_branch_dag.py took 0.139 seconds
[2022-04-11 13:40:16,668] {processor.py:163} INFO - Started process (PID=1720) to work on /home/airflow/.local/lib/python3.7/site-packages/airflow/example_dags/example_nested_branch_dag.py
[2022-04-11 13:40:16,670] {processor.py:642} INFO - Processing file /home/airflow/.local/lib/python3.7/site-packages/airflow/example_dags/example_nested_branch_dag.py for tasks to queue
[2022-04-11 13:40:16,671] {logging_mixin.py:109} INFO - [2022-04-11 13:40:16,671] {dagbag.py:500} INFO - Filling up the DagBag from /home/airflow/.local/lib/python3.7/site-packages/airflow/example_dags/example_nested_branch_dag.py
[2022-04-11 13:40:16,694] {processor.py:652} INFO - DAG(s) dict_keys(['example_nested_branch_dag']) retrieved from /home/airflow/.local/lib/python3.7/site-packages/airflow/example_dags/example_nested_branch_dag.py
[2022-04-11 13:40:16,717] {logging_mixin.py:109} INFO - [2022-04-11 13:40:16,717] {dag.py:2398} INFO - Sync 1 DAGs
[2022-04-11 13:40:16,742] {logging_mixin.py:109} INFO - [2022-04-11 13:40:16,742] {dag.py:2937} INFO - Setting next_dagrun for example_nested_branch_dag to 2022-04-10 00:00:00+00:00
[2022-04-11 13:40:16,756] {processor.py:171} INFO - Processing /home/airflow/.local/lib/python3.7/site-packages/airflow/example_dags/example_nested_branch_dag.py took 0.092 seconds
[2022-04-11 13:40:46,843] {processor.py:163} INFO - Started process (PID=1773) to work on /home/airflow/.local/lib/python3.7/site-packages/airflow/example_dags/example_nested_branch_dag.py
[2022-04-11 13:40:46,846] {processor.py:642} INFO - Processing file /home/airflow/.local/lib/python3.7/site-packages/airflow/example_dags/example_nested_branch_dag.py for tasks to queue
[2022-04-11 13:40:46,849] {logging_mixin.py:109} INFO - [2022-04-11 13:40:46,849] {dagbag.py:500} INFO - Filling up the DagBag from /home/airflow/.local/lib/python3.7/site-packages/airflow/example_dags/example_nested_branch_dag.py
[2022-04-11 13:40:46,917] {processor.py:652} INFO - DAG(s) dict_keys(['example_nested_branch_dag']) retrieved from /home/airflow/.local/lib/python3.7/site-packages/airflow/example_dags/example_nested_branch_dag.py
[2022-04-11 13:40:46,965] {logging_mixin.py:109} INFO - [2022-04-11 13:40:46,965] {dag.py:2398} INFO - Sync 1 DAGs
[2022-04-11 13:40:47,027] {logging_mixin.py:109} INFO - [2022-04-11 13:40:47,027] {dag.py:2937} INFO - Setting next_dagrun for example_nested_branch_dag to 2022-04-10 00:00:00+00:00
[2022-04-11 13:40:47,064] {processor.py:171} INFO - Processing /home/airflow/.local/lib/python3.7/site-packages/airflow/example_dags/example_nested_branch_dag.py took 0.228 seconds
[2022-04-11 13:41:17,124] {processor.py:163} INFO - Started process (PID=1836) to work on /home/airflow/.local/lib/python3.7/site-packages/airflow/example_dags/example_nested_branch_dag.py
[2022-04-11 13:41:17,127] {processor.py:642} INFO - Processing file /home/airflow/.local/lib/python3.7/site-packages/airflow/example_dags/example_nested_branch_dag.py for tasks to queue
[2022-04-11 13:41:17,129] {logging_mixin.py:109} INFO - [2022-04-11 13:41:17,129] {dagbag.py:500} INFO - Filling up the DagBag from /home/airflow/.local/lib/python3.7/site-packages/airflow/example_dags/example_nested_branch_dag.py
[2022-04-11 13:41:17,153] {processor.py:652} INFO - DAG(s) dict_keys(['example_nested_branch_dag']) retrieved from /home/airflow/.local/lib/python3.7/site-packages/airflow/example_dags/example_nested_branch_dag.py
[2022-04-11 13:41:17,187] {logging_mixin.py:109} INFO - [2022-04-11 13:41:17,187] {dag.py:2398} INFO - Sync 1 DAGs
[2022-04-11 13:41:17,210] {logging_mixin.py:109} INFO - [2022-04-11 13:41:17,210] {dag.py:2937} INFO - Setting next_dagrun for example_nested_branch_dag to 2022-04-10 00:00:00+00:00
[2022-04-11 13:41:17,224] {processor.py:171} INFO - Processing /home/airflow/.local/lib/python3.7/site-packages/airflow/example_dags/example_nested_branch_dag.py took 0.105 seconds
[2022-04-11 13:41:47,611] {processor.py:163} INFO - Started process (PID=1889) to work on /home/airflow/.local/lib/python3.7/site-packages/airflow/example_dags/example_nested_branch_dag.py
[2022-04-11 13:41:47,614] {processor.py:642} INFO - Processing file /home/airflow/.local/lib/python3.7/site-packages/airflow/example_dags/example_nested_branch_dag.py for tasks to queue
[2022-04-11 13:41:47,615] {logging_mixin.py:109} INFO - [2022-04-11 13:41:47,615] {dagbag.py:500} INFO - Filling up the DagBag from /home/airflow/.local/lib/python3.7/site-packages/airflow/example_dags/example_nested_branch_dag.py
[2022-04-11 13:41:47,641] {processor.py:652} INFO - DAG(s) dict_keys(['example_nested_branch_dag']) retrieved from /home/airflow/.local/lib/python3.7/site-packages/airflow/example_dags/example_nested_branch_dag.py
[2022-04-11 13:41:47,671] {logging_mixin.py:109} INFO - [2022-04-11 13:41:47,671] {dag.py:2398} INFO - Sync 1 DAGs
[2022-04-11 13:41:47,694] {logging_mixin.py:109} INFO - [2022-04-11 13:41:47,694] {dag.py:2937} INFO - Setting next_dagrun for example_nested_branch_dag to 2022-04-10 00:00:00+00:00
[2022-04-11 13:41:47,706] {processor.py:171} INFO - Processing /home/airflow/.local/lib/python3.7/site-packages/airflow/example_dags/example_nested_branch_dag.py took 0.099 seconds
[2022-04-11 13:42:17,781] {processor.py:163} INFO - Started process (PID=1949) to work on /home/airflow/.local/lib/python3.7/site-packages/airflow/example_dags/example_nested_branch_dag.py
[2022-04-11 13:42:17,784] {processor.py:642} INFO - Processing file /home/airflow/.local/lib/python3.7/site-packages/airflow/example_dags/example_nested_branch_dag.py for tasks to queue
[2022-04-11 13:42:17,785] {logging_mixin.py:109} INFO - [2022-04-11 13:42:17,785] {dagbag.py:500} INFO - Filling up the DagBag from /home/airflow/.local/lib/python3.7/site-packages/airflow/example_dags/example_nested_branch_dag.py
[2022-04-11 13:42:17,813] {processor.py:652} INFO - DAG(s) dict_keys(['example_nested_branch_dag']) retrieved from /home/airflow/.local/lib/python3.7/site-packages/airflow/example_dags/example_nested_branch_dag.py
[2022-04-11 13:42:17,843] {logging_mixin.py:109} INFO - [2022-04-11 13:42:17,843] {dag.py:2398} INFO - Sync 1 DAGs
[2022-04-11 13:42:17,868] {logging_mixin.py:109} INFO - [2022-04-11 13:42:17,868] {dag.py:2937} INFO - Setting next_dagrun for example_nested_branch_dag to 2022-04-10 00:00:00+00:00
[2022-04-11 13:42:17,882] {processor.py:171} INFO - Processing /home/airflow/.local/lib/python3.7/site-packages/airflow/example_dags/example_nested_branch_dag.py took 0.105 seconds
[2022-04-11 13:42:48,010] {processor.py:163} INFO - Started process (PID=2004) to work on /home/airflow/.local/lib/python3.7/site-packages/airflow/example_dags/example_nested_branch_dag.py
[2022-04-11 13:42:48,013] {processor.py:642} INFO - Processing file /home/airflow/.local/lib/python3.7/site-packages/airflow/example_dags/example_nested_branch_dag.py for tasks to queue
[2022-04-11 13:42:48,015] {logging_mixin.py:109} INFO - [2022-04-11 13:42:48,015] {dagbag.py:500} INFO - Filling up the DagBag from /home/airflow/.local/lib/python3.7/site-packages/airflow/example_dags/example_nested_branch_dag.py
[2022-04-11 13:42:48,037] {processor.py:652} INFO - DAG(s) dict_keys(['example_nested_branch_dag']) retrieved from /home/airflow/.local/lib/python3.7/site-packages/airflow/example_dags/example_nested_branch_dag.py
[2022-04-11 13:42:48,061] {logging_mixin.py:109} INFO - [2022-04-11 13:42:48,061] {dag.py:2398} INFO - Sync 1 DAGs
[2022-04-11 13:42:48,082] {logging_mixin.py:109} INFO - [2022-04-11 13:42:48,081] {dag.py:2937} INFO - Setting next_dagrun for example_nested_branch_dag to 2022-04-10 00:00:00+00:00
[2022-04-11 13:42:48,092] {processor.py:171} INFO - Processing /home/airflow/.local/lib/python3.7/site-packages/airflow/example_dags/example_nested_branch_dag.py took 0.087 seconds
[2022-04-11 13:43:18,722] {processor.py:163} INFO - Started process (PID=2057) to work on /home/airflow/.local/lib/python3.7/site-packages/airflow/example_dags/example_nested_branch_dag.py
[2022-04-11 13:43:18,724] {processor.py:642} INFO - Processing file /home/airflow/.local/lib/python3.7/site-packages/airflow/example_dags/example_nested_branch_dag.py for tasks to queue
[2022-04-11 13:43:18,725] {logging_mixin.py:109} INFO - [2022-04-11 13:43:18,725] {dagbag.py:500} INFO - Filling up the DagBag from /home/airflow/.local/lib/python3.7/site-packages/airflow/example_dags/example_nested_branch_dag.py
[2022-04-11 13:43:18,749] {processor.py:652} INFO - DAG(s) dict_keys(['example_nested_branch_dag']) retrieved from /home/airflow/.local/lib/python3.7/site-packages/airflow/example_dags/example_nested_branch_dag.py
[2022-04-11 13:43:18,780] {logging_mixin.py:109} INFO - [2022-04-11 13:43:18,780] {dag.py:2398} INFO - Sync 1 DAGs
[2022-04-11 13:43:18,815] {logging_mixin.py:109} INFO - [2022-04-11 13:43:18,814] {dag.py:2937} INFO - Setting next_dagrun for example_nested_branch_dag to 2022-04-10 00:00:00+00:00
[2022-04-11 13:43:18,828] {processor.py:171} INFO - Processing /home/airflow/.local/lib/python3.7/site-packages/airflow/example_dags/example_nested_branch_dag.py took 0.111 seconds
[2022-04-11 13:43:49,042] {processor.py:163} INFO - Started process (PID=2120) to work on /home/airflow/.local/lib/python3.7/site-packages/airflow/example_dags/example_nested_branch_dag.py
[2022-04-11 13:43:49,045] {processor.py:642} INFO - Processing file /home/airflow/.local/lib/python3.7/site-packages/airflow/example_dags/example_nested_branch_dag.py for tasks to queue
[2022-04-11 13:43:49,046] {logging_mixin.py:109} INFO - [2022-04-11 13:43:49,046] {dagbag.py:500} INFO - Filling up the DagBag from /home/airflow/.local/lib/python3.7/site-packages/airflow/example_dags/example_nested_branch_dag.py
[2022-04-11 13:43:49,068] {processor.py:652} INFO - DAG(s) dict_keys(['example_nested_branch_dag']) retrieved from /home/airflow/.local/lib/python3.7/site-packages/airflow/example_dags/example_nested_branch_dag.py
[2022-04-11 13:43:49,095] {logging_mixin.py:109} INFO - [2022-04-11 13:43:49,094] {dag.py:2398} INFO - Sync 1 DAGs
[2022-04-11 13:43:49,119] {logging_mixin.py:109} INFO - [2022-04-11 13:43:49,118] {dag.py:2937} INFO - Setting next_dagrun for example_nested_branch_dag to 2022-04-10 00:00:00+00:00
[2022-04-11 13:43:49,131] {processor.py:171} INFO - Processing /home/airflow/.local/lib/python3.7/site-packages/airflow/example_dags/example_nested_branch_dag.py took 0.092 seconds
[2022-04-11 13:44:20,040] {processor.py:163} INFO - Started process (PID=2173) to work on /home/airflow/.local/lib/python3.7/site-packages/airflow/example_dags/example_nested_branch_dag.py
[2022-04-11 13:44:20,042] {processor.py:642} INFO - Processing file /home/airflow/.local/lib/python3.7/site-packages/airflow/example_dags/example_nested_branch_dag.py for tasks to queue
[2022-04-11 13:44:20,047] {logging_mixin.py:109} INFO - [2022-04-11 13:44:20,047] {dagbag.py:500} INFO - Filling up the DagBag from /home/airflow/.local/lib/python3.7/site-packages/airflow/example_dags/example_nested_branch_dag.py
[2022-04-11 13:44:20,083] {processor.py:652} INFO - DAG(s) dict_keys(['example_nested_branch_dag']) retrieved from /home/airflow/.local/lib/python3.7/site-packages/airflow/example_dags/example_nested_branch_dag.py
[2022-04-11 13:44:20,128] {logging_mixin.py:109} INFO - [2022-04-11 13:44:20,127] {dag.py:2398} INFO - Sync 1 DAGs
[2022-04-11 13:44:20,162] {logging_mixin.py:109} INFO - [2022-04-11 13:44:20,162] {dag.py:2937} INFO - Setting next_dagrun for example_nested_branch_dag to 2022-04-10 00:00:00+00:00
[2022-04-11 13:44:20,182] {processor.py:171} INFO - Processing /home/airflow/.local/lib/python3.7/site-packages/airflow/example_dags/example_nested_branch_dag.py took 0.148 seconds
[2022-04-11 13:44:51,108] {processor.py:163} INFO - Started process (PID=2233) to work on /home/airflow/.local/lib/python3.7/site-packages/airflow/example_dags/example_nested_branch_dag.py
[2022-04-11 13:44:51,112] {processor.py:642} INFO - Processing file /home/airflow/.local/lib/python3.7/site-packages/airflow/example_dags/example_nested_branch_dag.py for tasks to queue
[2022-04-11 13:44:51,114] {logging_mixin.py:109} INFO - [2022-04-11 13:44:51,114] {dagbag.py:500} INFO - Filling up the DagBag from /home/airflow/.local/lib/python3.7/site-packages/airflow/example_dags/example_nested_branch_dag.py
[2022-04-11 13:44:51,142] {processor.py:652} INFO - DAG(s) dict_keys(['example_nested_branch_dag']) retrieved from /home/airflow/.local/lib/python3.7/site-packages/airflow/example_dags/example_nested_branch_dag.py
[2022-04-11 13:44:51,174] {logging_mixin.py:109} INFO - [2022-04-11 13:44:51,174] {dag.py:2398} INFO - Sync 1 DAGs
[2022-04-11 13:44:51,208] {logging_mixin.py:109} INFO - [2022-04-11 13:44:51,208] {dag.py:2937} INFO - Setting next_dagrun for example_nested_branch_dag to 2022-04-10 00:00:00+00:00
[2022-04-11 13:44:51,229] {processor.py:171} INFO - Processing /home/airflow/.local/lib/python3.7/site-packages/airflow/example_dags/example_nested_branch_dag.py took 0.126 seconds
[2022-04-11 13:45:21,570] {processor.py:163} INFO - Started process (PID=2284) to work on /home/airflow/.local/lib/python3.7/site-packages/airflow/example_dags/example_nested_branch_dag.py
[2022-04-11 13:45:21,574] {processor.py:642} INFO - Processing file /home/airflow/.local/lib/python3.7/site-packages/airflow/example_dags/example_nested_branch_dag.py for tasks to queue
[2022-04-11 13:45:21,576] {logging_mixin.py:109} INFO - [2022-04-11 13:45:21,576] {dagbag.py:500} INFO - Filling up the DagBag from /home/airflow/.local/lib/python3.7/site-packages/airflow/example_dags/example_nested_branch_dag.py
[2022-04-11 13:45:21,610] {processor.py:652} INFO - DAG(s) dict_keys(['example_nested_branch_dag']) retrieved from /home/airflow/.local/lib/python3.7/site-packages/airflow/example_dags/example_nested_branch_dag.py
[2022-04-11 13:45:21,648] {logging_mixin.py:109} INFO - [2022-04-11 13:45:21,648] {dag.py:2398} INFO - Sync 1 DAGs
[2022-04-11 13:45:21,688] {logging_mixin.py:109} INFO - [2022-04-11 13:45:21,688] {dag.py:2937} INFO - Setting next_dagrun for example_nested_branch_dag to 2022-04-10 00:00:00+00:00
[2022-04-11 13:45:21,705] {processor.py:171} INFO - Processing /home/airflow/.local/lib/python3.7/site-packages/airflow/example_dags/example_nested_branch_dag.py took 0.140 seconds
[2022-04-11 13:45:52,231] {processor.py:163} INFO - Started process (PID=2335) to work on /home/airflow/.local/lib/python3.7/site-packages/airflow/example_dags/example_nested_branch_dag.py
[2022-04-11 13:45:52,233] {processor.py:642} INFO - Processing file /home/airflow/.local/lib/python3.7/site-packages/airflow/example_dags/example_nested_branch_dag.py for tasks to queue
[2022-04-11 13:45:52,234] {logging_mixin.py:109} INFO - [2022-04-11 13:45:52,234] {dagbag.py:500} INFO - Filling up the DagBag from /home/airflow/.local/lib/python3.7/site-packages/airflow/example_dags/example_nested_branch_dag.py
[2022-04-11 13:45:52,258] {processor.py:652} INFO - DAG(s) dict_keys(['example_nested_branch_dag']) retrieved from /home/airflow/.local/lib/python3.7/site-packages/airflow/example_dags/example_nested_branch_dag.py
[2022-04-11 13:45:52,294] {logging_mixin.py:109} INFO - [2022-04-11 13:45:52,294] {dag.py:2398} INFO - Sync 1 DAGs
[2022-04-11 13:45:52,318] {logging_mixin.py:109} INFO - [2022-04-11 13:45:52,318] {dag.py:2937} INFO - Setting next_dagrun for example_nested_branch_dag to 2022-04-10 00:00:00+00:00
[2022-04-11 13:45:52,331] {processor.py:171} INFO - Processing /home/airflow/.local/lib/python3.7/site-packages/airflow/example_dags/example_nested_branch_dag.py took 0.104 seconds
[2022-04-11 13:46:22,620] {processor.py:163} INFO - Started process (PID=2398) to work on /home/airflow/.local/lib/python3.7/site-packages/airflow/example_dags/example_nested_branch_dag.py
[2022-04-11 13:46:22,622] {processor.py:642} INFO - Processing file /home/airflow/.local/lib/python3.7/site-packages/airflow/example_dags/example_nested_branch_dag.py for tasks to queue
[2022-04-11 13:46:22,623] {logging_mixin.py:109} INFO - [2022-04-11 13:46:22,623] {dagbag.py:500} INFO - Filling up the DagBag from /home/airflow/.local/lib/python3.7/site-packages/airflow/example_dags/example_nested_branch_dag.py
[2022-04-11 13:46:22,648] {processor.py:652} INFO - DAG(s) dict_keys(['example_nested_branch_dag']) retrieved from /home/airflow/.local/lib/python3.7/site-packages/airflow/example_dags/example_nested_branch_dag.py
[2022-04-11 13:46:22,676] {logging_mixin.py:109} INFO - [2022-04-11 13:46:22,676] {dag.py:2398} INFO - Sync 1 DAGs
[2022-04-11 13:46:22,702] {logging_mixin.py:109} INFO - [2022-04-11 13:46:22,702] {dag.py:2937} INFO - Setting next_dagrun for example_nested_branch_dag to 2022-04-10 00:00:00+00:00
[2022-04-11 13:46:22,718] {processor.py:171} INFO - Processing /home/airflow/.local/lib/python3.7/site-packages/airflow/example_dags/example_nested_branch_dag.py took 0.103 seconds
[2022-04-11 13:46:53,692] {processor.py:163} INFO - Started process (PID=2451) to work on /home/airflow/.local/lib/python3.7/site-packages/airflow/example_dags/example_nested_branch_dag.py
[2022-04-11 13:46:53,694] {processor.py:642} INFO - Processing file /home/airflow/.local/lib/python3.7/site-packages/airflow/example_dags/example_nested_branch_dag.py for tasks to queue
[2022-04-11 13:46:53,696] {logging_mixin.py:109} INFO - [2022-04-11 13:46:53,696] {dagbag.py:500} INFO - Filling up the DagBag from /home/airflow/.local/lib/python3.7/site-packages/airflow/example_dags/example_nested_branch_dag.py
[2022-04-11 13:46:53,722] {processor.py:652} INFO - DAG(s) dict_keys(['example_nested_branch_dag']) retrieved from /home/airflow/.local/lib/python3.7/site-packages/airflow/example_dags/example_nested_branch_dag.py
[2022-04-11 13:46:53,758] {logging_mixin.py:109} INFO - [2022-04-11 13:46:53,758] {dag.py:2398} INFO - Sync 1 DAGs
[2022-04-11 13:46:53,791] {logging_mixin.py:109} INFO - [2022-04-11 13:46:53,790] {dag.py:2937} INFO - Setting next_dagrun for example_nested_branch_dag to 2022-04-10 00:00:00+00:00
[2022-04-11 13:46:53,810] {processor.py:171} INFO - Processing /home/airflow/.local/lib/python3.7/site-packages/airflow/example_dags/example_nested_branch_dag.py took 0.122 seconds
[2022-04-11 13:47:24,134] {processor.py:163} INFO - Started process (PID=2512) to work on /home/airflow/.local/lib/python3.7/site-packages/airflow/example_dags/example_nested_branch_dag.py
[2022-04-11 13:47:24,136] {processor.py:642} INFO - Processing file /home/airflow/.local/lib/python3.7/site-packages/airflow/example_dags/example_nested_branch_dag.py for tasks to queue
[2022-04-11 13:47:24,138] {logging_mixin.py:109} INFO - [2022-04-11 13:47:24,138] {dagbag.py:500} INFO - Filling up the DagBag from /home/airflow/.local/lib/python3.7/site-packages/airflow/example_dags/example_nested_branch_dag.py
[2022-04-11 13:47:24,170] {processor.py:652} INFO - DAG(s) dict_keys(['example_nested_branch_dag']) retrieved from /home/airflow/.local/lib/python3.7/site-packages/airflow/example_dags/example_nested_branch_dag.py
[2022-04-11 13:47:24,210] {logging_mixin.py:109} INFO - [2022-04-11 13:47:24,210] {dag.py:2398} INFO - Sync 1 DAGs
[2022-04-11 13:47:24,243] {logging_mixin.py:109} INFO - [2022-04-11 13:47:24,243] {dag.py:2937} INFO - Setting next_dagrun for example_nested_branch_dag to 2022-04-10 00:00:00+00:00
[2022-04-11 13:47:24,257] {processor.py:171} INFO - Processing /home/airflow/.local/lib/python3.7/site-packages/airflow/example_dags/example_nested_branch_dag.py took 0.128 seconds
[2022-04-11 13:47:55,057] {processor.py:163} INFO - Started process (PID=2565) to work on /home/airflow/.local/lib/python3.7/site-packages/airflow/example_dags/example_nested_branch_dag.py
[2022-04-11 13:47:55,059] {processor.py:642} INFO - Processing file /home/airflow/.local/lib/python3.7/site-packages/airflow/example_dags/example_nested_branch_dag.py for tasks to queue
[2022-04-11 13:47:55,060] {logging_mixin.py:109} INFO - [2022-04-11 13:47:55,060] {dagbag.py:500} INFO - Filling up the DagBag from /home/airflow/.local/lib/python3.7/site-packages/airflow/example_dags/example_nested_branch_dag.py
[2022-04-11 13:47:55,083] {processor.py:652} INFO - DAG(s) dict_keys(['example_nested_branch_dag']) retrieved from /home/airflow/.local/lib/python3.7/site-packages/airflow/example_dags/example_nested_branch_dag.py
[2022-04-11 13:47:55,110] {logging_mixin.py:109} INFO - [2022-04-11 13:47:55,110] {dag.py:2398} INFO - Sync 1 DAGs
[2022-04-11 13:47:55,133] {logging_mixin.py:109} INFO - [2022-04-11 13:47:55,133] {dag.py:2937} INFO - Setting next_dagrun for example_nested_branch_dag to 2022-04-10 00:00:00+00:00
[2022-04-11 13:47:55,144] {processor.py:171} INFO - Processing /home/airflow/.local/lib/python3.7/site-packages/airflow/example_dags/example_nested_branch_dag.py took 0.092 seconds
[2022-04-11 13:48:25,806] {processor.py:163} INFO - Started process (PID=2628) to work on /home/airflow/.local/lib/python3.7/site-packages/airflow/example_dags/example_nested_branch_dag.py
[2022-04-11 13:48:25,808] {processor.py:642} INFO - Processing file /home/airflow/.local/lib/python3.7/site-packages/airflow/example_dags/example_nested_branch_dag.py for tasks to queue
[2022-04-11 13:48:25,809] {logging_mixin.py:109} INFO - [2022-04-11 13:48:25,809] {dagbag.py:500} INFO - Filling up the DagBag from /home/airflow/.local/lib/python3.7/site-packages/airflow/example_dags/example_nested_branch_dag.py
[2022-04-11 13:48:25,832] {processor.py:652} INFO - DAG(s) dict_keys(['example_nested_branch_dag']) retrieved from /home/airflow/.local/lib/python3.7/site-packages/airflow/example_dags/example_nested_branch_dag.py
[2022-04-11 13:48:25,858] {logging_mixin.py:109} INFO - [2022-04-11 13:48:25,858] {dag.py:2398} INFO - Sync 1 DAGs
[2022-04-11 13:48:25,885] {logging_mixin.py:109} INFO - [2022-04-11 13:48:25,885] {dag.py:2937} INFO - Setting next_dagrun for example_nested_branch_dag to 2022-04-10 00:00:00+00:00
[2022-04-11 13:48:25,896] {processor.py:171} INFO - Processing /home/airflow/.local/lib/python3.7/site-packages/airflow/example_dags/example_nested_branch_dag.py took 0.094 seconds
[2022-04-11 13:48:56,517] {processor.py:163} INFO - Started process (PID=2682) to work on /home/airflow/.local/lib/python3.7/site-packages/airflow/example_dags/example_nested_branch_dag.py
[2022-04-11 13:48:56,521] {processor.py:642} INFO - Processing file /home/airflow/.local/lib/python3.7/site-packages/airflow/example_dags/example_nested_branch_dag.py for tasks to queue
[2022-04-11 13:48:56,526] {logging_mixin.py:109} INFO - [2022-04-11 13:48:56,525] {dagbag.py:500} INFO - Filling up the DagBag from /home/airflow/.local/lib/python3.7/site-packages/airflow/example_dags/example_nested_branch_dag.py
[2022-04-11 13:48:56,566] {processor.py:652} INFO - DAG(s) dict_keys(['example_nested_branch_dag']) retrieved from /home/airflow/.local/lib/python3.7/site-packages/airflow/example_dags/example_nested_branch_dag.py
[2022-04-11 13:48:56,598] {logging_mixin.py:109} INFO - [2022-04-11 13:48:56,598] {dag.py:2398} INFO - Sync 1 DAGs
[2022-04-11 13:48:56,624] {logging_mixin.py:109} INFO - [2022-04-11 13:48:56,624] {dag.py:2937} INFO - Setting next_dagrun for example_nested_branch_dag to 2022-04-10 00:00:00+00:00
[2022-04-11 13:48:56,639] {processor.py:171} INFO - Processing /home/airflow/.local/lib/python3.7/site-packages/airflow/example_dags/example_nested_branch_dag.py took 0.130 seconds
