[2022-04-11 13:27:08,576] {processor.py:163} INFO - Started process (PID=199) to work on /home/airflow/.local/lib/python3.7/site-packages/airflow/example_dags/example_kubernetes_executor.py
[2022-04-11 13:27:08,580] {processor.py:642} INFO - Processing file /home/airflow/.local/lib/python3.7/site-packages/airflow/example_dags/example_kubernetes_executor.py for tasks to queue
[2022-04-11 13:27:08,583] {logging_mixin.py:109} INFO - [2022-04-11 13:27:08,582] {dagbag.py:500} INFO - Filling up the DagBag from /home/airflow/.local/lib/python3.7/site-packages/airflow/example_dags/example_kubernetes_executor.py
[2022-04-11 13:27:08,615] {processor.py:652} INFO - DAG(s) dict_keys(['example_kubernetes_executor']) retrieved from /home/airflow/.local/lib/python3.7/site-packages/airflow/example_dags/example_kubernetes_executor.py
[2022-04-11 13:27:10,467] {logging_mixin.py:109} INFO - [2022-04-11 13:27:10,467] {manager.py:496} INFO - Created Permission View: can read on DAG:example_kubernetes_executor
[2022-04-11 13:27:10,480] {logging_mixin.py:109} INFO - [2022-04-11 13:27:10,480] {manager.py:496} INFO - Created Permission View: can edit on DAG:example_kubernetes_executor
[2022-04-11 13:27:10,482] {logging_mixin.py:109} INFO - [2022-04-11 13:27:10,481] {dag.py:2398} INFO - Sync 1 DAGs
[2022-04-11 13:27:10,492] {logging_mixin.py:109} INFO - [2022-04-11 13:27:10,491] {dag.py:2417} INFO - Creating ORM DAG for example_kubernetes_executor
[2022-04-11 13:27:10,501] {logging_mixin.py:109} INFO - [2022-04-11 13:27:10,501] {dag.py:2937} INFO - Setting next_dagrun for example_kubernetes_executor to None
[2022-04-11 13:27:10,539] {processor.py:171} INFO - Processing /home/airflow/.local/lib/python3.7/site-packages/airflow/example_dags/example_kubernetes_executor.py took 1.968 seconds
[2022-04-11 13:27:41,441] {processor.py:163} INFO - Started process (PID=311) to work on /home/airflow/.local/lib/python3.7/site-packages/airflow/example_dags/example_kubernetes_executor.py
[2022-04-11 13:27:41,443] {processor.py:642} INFO - Processing file /home/airflow/.local/lib/python3.7/site-packages/airflow/example_dags/example_kubernetes_executor.py for tasks to queue
[2022-04-11 13:27:41,445] {logging_mixin.py:109} INFO - [2022-04-11 13:27:41,444] {dagbag.py:500} INFO - Filling up the DagBag from /home/airflow/.local/lib/python3.7/site-packages/airflow/example_dags/example_kubernetes_executor.py
[2022-04-11 13:27:41,483] {processor.py:652} INFO - DAG(s) dict_keys(['example_kubernetes_executor']) retrieved from /home/airflow/.local/lib/python3.7/site-packages/airflow/example_dags/example_kubernetes_executor.py
[2022-04-11 13:27:41,519] {logging_mixin.py:109} INFO - [2022-04-11 13:27:41,518] {dag.py:2398} INFO - Sync 1 DAGs
[2022-04-11 13:27:41,547] {logging_mixin.py:109} INFO - [2022-04-11 13:27:41,547] {dag.py:2937} INFO - Setting next_dagrun for example_kubernetes_executor to None
[2022-04-11 13:27:41,561] {processor.py:171} INFO - Processing /home/airflow/.local/lib/python3.7/site-packages/airflow/example_dags/example_kubernetes_executor.py took 0.126 seconds
[2022-04-11 13:28:11,659] {processor.py:163} INFO - Started process (PID=372) to work on /home/airflow/.local/lib/python3.7/site-packages/airflow/example_dags/example_kubernetes_executor.py
[2022-04-11 13:28:11,662] {processor.py:642} INFO - Processing file /home/airflow/.local/lib/python3.7/site-packages/airflow/example_dags/example_kubernetes_executor.py for tasks to queue
[2022-04-11 13:28:11,663] {logging_mixin.py:109} INFO - [2022-04-11 13:28:11,663] {dagbag.py:500} INFO - Filling up the DagBag from /home/airflow/.local/lib/python3.7/site-packages/airflow/example_dags/example_kubernetes_executor.py
[2022-04-11 13:28:11,704] {processor.py:652} INFO - DAG(s) dict_keys(['example_kubernetes_executor']) retrieved from /home/airflow/.local/lib/python3.7/site-packages/airflow/example_dags/example_kubernetes_executor.py
[2022-04-11 13:28:11,744] {logging_mixin.py:109} INFO - [2022-04-11 13:28:11,743] {dag.py:2398} INFO - Sync 1 DAGs
[2022-04-11 13:28:11,765] {logging_mixin.py:109} INFO - [2022-04-11 13:28:11,765] {dag.py:2937} INFO - Setting next_dagrun for example_kubernetes_executor to None
[2022-04-11 13:28:11,776] {processor.py:171} INFO - Processing /home/airflow/.local/lib/python3.7/site-packages/airflow/example_dags/example_kubernetes_executor.py took 0.125 seconds
[2022-04-11 13:28:41,988] {processor.py:163} INFO - Started process (PID=423) to work on /home/airflow/.local/lib/python3.7/site-packages/airflow/example_dags/example_kubernetes_executor.py
[2022-04-11 13:28:41,994] {processor.py:642} INFO - Processing file /home/airflow/.local/lib/python3.7/site-packages/airflow/example_dags/example_kubernetes_executor.py for tasks to queue
[2022-04-11 13:28:41,996] {logging_mixin.py:109} INFO - [2022-04-11 13:28:41,996] {dagbag.py:500} INFO - Filling up the DagBag from /home/airflow/.local/lib/python3.7/site-packages/airflow/example_dags/example_kubernetes_executor.py
[2022-04-11 13:28:42,030] {processor.py:652} INFO - DAG(s) dict_keys(['example_kubernetes_executor']) retrieved from /home/airflow/.local/lib/python3.7/site-packages/airflow/example_dags/example_kubernetes_executor.py
[2022-04-11 13:28:42,072] {logging_mixin.py:109} INFO - [2022-04-11 13:28:42,071] {dag.py:2398} INFO - Sync 1 DAGs
[2022-04-11 13:28:42,111] {logging_mixin.py:109} INFO - [2022-04-11 13:28:42,110] {dag.py:2937} INFO - Setting next_dagrun for example_kubernetes_executor to None
[2022-04-11 13:28:42,134] {processor.py:171} INFO - Processing /home/airflow/.local/lib/python3.7/site-packages/airflow/example_dags/example_kubernetes_executor.py took 0.151 seconds
[2022-04-11 13:29:13,103] {processor.py:163} INFO - Started process (PID=484) to work on /home/airflow/.local/lib/python3.7/site-packages/airflow/example_dags/example_kubernetes_executor.py
[2022-04-11 13:29:13,105] {processor.py:642} INFO - Processing file /home/airflow/.local/lib/python3.7/site-packages/airflow/example_dags/example_kubernetes_executor.py for tasks to queue
[2022-04-11 13:29:13,107] {logging_mixin.py:109} INFO - [2022-04-11 13:29:13,106] {dagbag.py:500} INFO - Filling up the DagBag from /home/airflow/.local/lib/python3.7/site-packages/airflow/example_dags/example_kubernetes_executor.py
[2022-04-11 13:29:13,132] {processor.py:652} INFO - DAG(s) dict_keys(['example_kubernetes_executor']) retrieved from /home/airflow/.local/lib/python3.7/site-packages/airflow/example_dags/example_kubernetes_executor.py
[2022-04-11 13:29:13,158] {logging_mixin.py:109} INFO - [2022-04-11 13:29:13,158] {dag.py:2398} INFO - Sync 1 DAGs
[2022-04-11 13:29:13,176] {logging_mixin.py:109} INFO - [2022-04-11 13:29:13,176] {dag.py:2937} INFO - Setting next_dagrun for example_kubernetes_executor to None
[2022-04-11 13:29:13,189] {processor.py:171} INFO - Processing /home/airflow/.local/lib/python3.7/site-packages/airflow/example_dags/example_kubernetes_executor.py took 0.091 seconds
[2022-04-11 13:29:43,600] {processor.py:163} INFO - Started process (PID=537) to work on /home/airflow/.local/lib/python3.7/site-packages/airflow/example_dags/example_kubernetes_executor.py
[2022-04-11 13:29:43,602] {processor.py:642} INFO - Processing file /home/airflow/.local/lib/python3.7/site-packages/airflow/example_dags/example_kubernetes_executor.py for tasks to queue
[2022-04-11 13:29:43,604] {logging_mixin.py:109} INFO - [2022-04-11 13:29:43,603] {dagbag.py:500} INFO - Filling up the DagBag from /home/airflow/.local/lib/python3.7/site-packages/airflow/example_dags/example_kubernetes_executor.py
[2022-04-11 13:29:43,628] {processor.py:652} INFO - DAG(s) dict_keys(['example_kubernetes_executor']) retrieved from /home/airflow/.local/lib/python3.7/site-packages/airflow/example_dags/example_kubernetes_executor.py
[2022-04-11 13:29:43,655] {logging_mixin.py:109} INFO - [2022-04-11 13:29:43,655] {dag.py:2398} INFO - Sync 1 DAGs
[2022-04-11 13:29:43,673] {logging_mixin.py:109} INFO - [2022-04-11 13:29:43,673] {dag.py:2937} INFO - Setting next_dagrun for example_kubernetes_executor to None
[2022-04-11 13:29:43,685] {processor.py:171} INFO - Processing /home/airflow/.local/lib/python3.7/site-packages/airflow/example_dags/example_kubernetes_executor.py took 0.089 seconds
[2022-04-11 13:30:14,132] {processor.py:163} INFO - Started process (PID=597) to work on /home/airflow/.local/lib/python3.7/site-packages/airflow/example_dags/example_kubernetes_executor.py
[2022-04-11 13:30:14,135] {processor.py:642} INFO - Processing file /home/airflow/.local/lib/python3.7/site-packages/airflow/example_dags/example_kubernetes_executor.py for tasks to queue
[2022-04-11 13:30:14,137] {logging_mixin.py:109} INFO - [2022-04-11 13:30:14,137] {dagbag.py:500} INFO - Filling up the DagBag from /home/airflow/.local/lib/python3.7/site-packages/airflow/example_dags/example_kubernetes_executor.py
[2022-04-11 13:30:14,165] {processor.py:652} INFO - DAG(s) dict_keys(['example_kubernetes_executor']) retrieved from /home/airflow/.local/lib/python3.7/site-packages/airflow/example_dags/example_kubernetes_executor.py
[2022-04-11 13:30:14,196] {logging_mixin.py:109} INFO - [2022-04-11 13:30:14,196] {dag.py:2398} INFO - Sync 1 DAGs
[2022-04-11 13:30:14,219] {logging_mixin.py:109} INFO - [2022-04-11 13:30:14,219] {dag.py:2937} INFO - Setting next_dagrun for example_kubernetes_executor to None
[2022-04-11 13:30:14,233] {processor.py:171} INFO - Processing /home/airflow/.local/lib/python3.7/site-packages/airflow/example_dags/example_kubernetes_executor.py took 0.104 seconds
[2022-04-11 13:30:44,833] {processor.py:163} INFO - Started process (PID=648) to work on /home/airflow/.local/lib/python3.7/site-packages/airflow/example_dags/example_kubernetes_executor.py
[2022-04-11 13:30:44,835] {processor.py:642} INFO - Processing file /home/airflow/.local/lib/python3.7/site-packages/airflow/example_dags/example_kubernetes_executor.py for tasks to queue
[2022-04-11 13:30:44,837] {logging_mixin.py:109} INFO - [2022-04-11 13:30:44,837] {dagbag.py:500} INFO - Filling up the DagBag from /home/airflow/.local/lib/python3.7/site-packages/airflow/example_dags/example_kubernetes_executor.py
[2022-04-11 13:30:44,865] {processor.py:652} INFO - DAG(s) dict_keys(['example_kubernetes_executor']) retrieved from /home/airflow/.local/lib/python3.7/site-packages/airflow/example_dags/example_kubernetes_executor.py
[2022-04-11 13:30:44,899] {logging_mixin.py:109} INFO - [2022-04-11 13:30:44,899] {dag.py:2398} INFO - Sync 1 DAGs
[2022-04-11 13:30:44,922] {logging_mixin.py:109} INFO - [2022-04-11 13:30:44,921] {dag.py:2937} INFO - Setting next_dagrun for example_kubernetes_executor to None
[2022-04-11 13:30:44,935] {processor.py:171} INFO - Processing /home/airflow/.local/lib/python3.7/site-packages/airflow/example_dags/example_kubernetes_executor.py took 0.107 seconds
[2022-04-11 13:31:15,575] {processor.py:163} INFO - Started process (PID=710) to work on /home/airflow/.local/lib/python3.7/site-packages/airflow/example_dags/example_kubernetes_executor.py
[2022-04-11 13:31:15,579] {processor.py:642} INFO - Processing file /home/airflow/.local/lib/python3.7/site-packages/airflow/example_dags/example_kubernetes_executor.py for tasks to queue
[2022-04-11 13:31:15,581] {logging_mixin.py:109} INFO - [2022-04-11 13:31:15,580] {dagbag.py:500} INFO - Filling up the DagBag from /home/airflow/.local/lib/python3.7/site-packages/airflow/example_dags/example_kubernetes_executor.py
[2022-04-11 13:31:15,616] {processor.py:652} INFO - DAG(s) dict_keys(['example_kubernetes_executor']) retrieved from /home/airflow/.local/lib/python3.7/site-packages/airflow/example_dags/example_kubernetes_executor.py
[2022-04-11 13:31:15,652] {logging_mixin.py:109} INFO - [2022-04-11 13:31:15,651] {dag.py:2398} INFO - Sync 1 DAGs
[2022-04-11 13:31:15,676] {logging_mixin.py:109} INFO - [2022-04-11 13:31:15,676] {dag.py:2937} INFO - Setting next_dagrun for example_kubernetes_executor to None
[2022-04-11 13:31:15,689] {processor.py:171} INFO - Processing /home/airflow/.local/lib/python3.7/site-packages/airflow/example_dags/example_kubernetes_executor.py took 0.118 seconds
[2022-04-11 13:31:45,991] {processor.py:163} INFO - Started process (PID=772) to work on /home/airflow/.local/lib/python3.7/site-packages/airflow/example_dags/example_kubernetes_executor.py
[2022-04-11 13:31:45,996] {processor.py:642} INFO - Processing file /home/airflow/.local/lib/python3.7/site-packages/airflow/example_dags/example_kubernetes_executor.py for tasks to queue
[2022-04-11 13:31:45,998] {logging_mixin.py:109} INFO - [2022-04-11 13:31:45,998] {dagbag.py:500} INFO - Filling up the DagBag from /home/airflow/.local/lib/python3.7/site-packages/airflow/example_dags/example_kubernetes_executor.py
[2022-04-11 13:31:46,039] {processor.py:652} INFO - DAG(s) dict_keys(['example_kubernetes_executor']) retrieved from /home/airflow/.local/lib/python3.7/site-packages/airflow/example_dags/example_kubernetes_executor.py
[2022-04-11 13:31:46,089] {logging_mixin.py:109} INFO - [2022-04-11 13:31:46,089] {dag.py:2398} INFO - Sync 1 DAGs
[2022-04-11 13:31:46,116] {logging_mixin.py:109} INFO - [2022-04-11 13:31:46,116] {dag.py:2937} INFO - Setting next_dagrun for example_kubernetes_executor to None
[2022-04-11 13:31:46,139] {processor.py:171} INFO - Processing /home/airflow/.local/lib/python3.7/site-packages/airflow/example_dags/example_kubernetes_executor.py took 0.155 seconds
[2022-04-11 13:32:16,998] {processor.py:163} INFO - Started process (PID=834) to work on /home/airflow/.local/lib/python3.7/site-packages/airflow/example_dags/example_kubernetes_executor.py
[2022-04-11 13:32:17,005] {processor.py:642} INFO - Processing file /home/airflow/.local/lib/python3.7/site-packages/airflow/example_dags/example_kubernetes_executor.py for tasks to queue
[2022-04-11 13:32:17,007] {logging_mixin.py:109} INFO - [2022-04-11 13:32:17,007] {dagbag.py:500} INFO - Filling up the DagBag from /home/airflow/.local/lib/python3.7/site-packages/airflow/example_dags/example_kubernetes_executor.py
[2022-04-11 13:32:17,050] {processor.py:652} INFO - DAG(s) dict_keys(['example_kubernetes_executor']) retrieved from /home/airflow/.local/lib/python3.7/site-packages/airflow/example_dags/example_kubernetes_executor.py
[2022-04-11 13:32:17,099] {logging_mixin.py:109} INFO - [2022-04-11 13:32:17,099] {dag.py:2398} INFO - Sync 1 DAGs
[2022-04-11 13:32:17,128] {logging_mixin.py:109} INFO - [2022-04-11 13:32:17,128] {dag.py:2937} INFO - Setting next_dagrun for example_kubernetes_executor to None
[2022-04-11 13:32:17,143] {processor.py:171} INFO - Processing /home/airflow/.local/lib/python3.7/site-packages/airflow/example_dags/example_kubernetes_executor.py took 0.152 seconds
[2022-04-11 13:32:47,775] {processor.py:163} INFO - Started process (PID=886) to work on /home/airflow/.local/lib/python3.7/site-packages/airflow/example_dags/example_kubernetes_executor.py
[2022-04-11 13:32:47,778] {processor.py:642} INFO - Processing file /home/airflow/.local/lib/python3.7/site-packages/airflow/example_dags/example_kubernetes_executor.py for tasks to queue
[2022-04-11 13:32:47,780] {logging_mixin.py:109} INFO - [2022-04-11 13:32:47,779] {dagbag.py:500} INFO - Filling up the DagBag from /home/airflow/.local/lib/python3.7/site-packages/airflow/example_dags/example_kubernetes_executor.py
[2022-04-11 13:32:47,808] {processor.py:652} INFO - DAG(s) dict_keys(['example_kubernetes_executor']) retrieved from /home/airflow/.local/lib/python3.7/site-packages/airflow/example_dags/example_kubernetes_executor.py
[2022-04-11 13:32:47,839] {logging_mixin.py:109} INFO - [2022-04-11 13:32:47,838] {dag.py:2398} INFO - Sync 1 DAGs
[2022-04-11 13:32:47,859] {logging_mixin.py:109} INFO - [2022-04-11 13:32:47,859] {dag.py:2937} INFO - Setting next_dagrun for example_kubernetes_executor to None
[2022-04-11 13:32:47,874] {processor.py:171} INFO - Processing /home/airflow/.local/lib/python3.7/site-packages/airflow/example_dags/example_kubernetes_executor.py took 0.104 seconds
[2022-04-11 13:33:18,312] {processor.py:163} INFO - Started process (PID=938) to work on /home/airflow/.local/lib/python3.7/site-packages/airflow/example_dags/example_kubernetes_executor.py
[2022-04-11 13:33:18,314] {processor.py:642} INFO - Processing file /home/airflow/.local/lib/python3.7/site-packages/airflow/example_dags/example_kubernetes_executor.py for tasks to queue
[2022-04-11 13:33:18,316] {logging_mixin.py:109} INFO - [2022-04-11 13:33:18,316] {dagbag.py:500} INFO - Filling up the DagBag from /home/airflow/.local/lib/python3.7/site-packages/airflow/example_dags/example_kubernetes_executor.py
[2022-04-11 13:33:18,343] {processor.py:652} INFO - DAG(s) dict_keys(['example_kubernetes_executor']) retrieved from /home/airflow/.local/lib/python3.7/site-packages/airflow/example_dags/example_kubernetes_executor.py
[2022-04-11 13:33:18,373] {logging_mixin.py:109} INFO - [2022-04-11 13:33:18,372] {dag.py:2398} INFO - Sync 1 DAGs
[2022-04-11 13:33:18,394] {logging_mixin.py:109} INFO - [2022-04-11 13:33:18,394] {dag.py:2937} INFO - Setting next_dagrun for example_kubernetes_executor to None
[2022-04-11 13:33:18,406] {processor.py:171} INFO - Processing /home/airflow/.local/lib/python3.7/site-packages/airflow/example_dags/example_kubernetes_executor.py took 0.099 seconds
[2022-04-11 13:33:49,323] {processor.py:163} INFO - Started process (PID=998) to work on /home/airflow/.local/lib/python3.7/site-packages/airflow/example_dags/example_kubernetes_executor.py
[2022-04-11 13:33:49,326] {processor.py:642} INFO - Processing file /home/airflow/.local/lib/python3.7/site-packages/airflow/example_dags/example_kubernetes_executor.py for tasks to queue
[2022-04-11 13:33:49,328] {logging_mixin.py:109} INFO - [2022-04-11 13:33:49,328] {dagbag.py:500} INFO - Filling up the DagBag from /home/airflow/.local/lib/python3.7/site-packages/airflow/example_dags/example_kubernetes_executor.py
[2022-04-11 13:33:49,356] {processor.py:652} INFO - DAG(s) dict_keys(['example_kubernetes_executor']) retrieved from /home/airflow/.local/lib/python3.7/site-packages/airflow/example_dags/example_kubernetes_executor.py
[2022-04-11 13:33:49,386] {logging_mixin.py:109} INFO - [2022-04-11 13:33:49,386] {dag.py:2398} INFO - Sync 1 DAGs
[2022-04-11 13:33:49,412] {logging_mixin.py:109} INFO - [2022-04-11 13:33:49,412] {dag.py:2937} INFO - Setting next_dagrun for example_kubernetes_executor to None
[2022-04-11 13:33:49,425] {processor.py:171} INFO - Processing /home/airflow/.local/lib/python3.7/site-packages/airflow/example_dags/example_kubernetes_executor.py took 0.108 seconds
[2022-04-11 13:34:20,146] {processor.py:163} INFO - Started process (PID=1050) to work on /home/airflow/.local/lib/python3.7/site-packages/airflow/example_dags/example_kubernetes_executor.py
[2022-04-11 13:34:20,147] {processor.py:642} INFO - Processing file /home/airflow/.local/lib/python3.7/site-packages/airflow/example_dags/example_kubernetes_executor.py for tasks to queue
[2022-04-11 13:34:20,149] {logging_mixin.py:109} INFO - [2022-04-11 13:34:20,149] {dagbag.py:500} INFO - Filling up the DagBag from /home/airflow/.local/lib/python3.7/site-packages/airflow/example_dags/example_kubernetes_executor.py
[2022-04-11 13:34:20,177] {processor.py:652} INFO - DAG(s) dict_keys(['example_kubernetes_executor']) retrieved from /home/airflow/.local/lib/python3.7/site-packages/airflow/example_dags/example_kubernetes_executor.py
[2022-04-11 13:34:20,212] {logging_mixin.py:109} INFO - [2022-04-11 13:34:20,212] {dag.py:2398} INFO - Sync 1 DAGs
[2022-04-11 13:34:20,234] {logging_mixin.py:109} INFO - [2022-04-11 13:34:20,234] {dag.py:2937} INFO - Setting next_dagrun for example_kubernetes_executor to None
[2022-04-11 13:34:20,247] {processor.py:171} INFO - Processing /home/airflow/.local/lib/python3.7/site-packages/airflow/example_dags/example_kubernetes_executor.py took 0.105 seconds
[2022-04-11 13:34:50,532] {processor.py:163} INFO - Started process (PID=1113) to work on /home/airflow/.local/lib/python3.7/site-packages/airflow/example_dags/example_kubernetes_executor.py
[2022-04-11 13:34:50,534] {processor.py:642} INFO - Processing file /home/airflow/.local/lib/python3.7/site-packages/airflow/example_dags/example_kubernetes_executor.py for tasks to queue
[2022-04-11 13:34:50,535] {logging_mixin.py:109} INFO - [2022-04-11 13:34:50,535] {dagbag.py:500} INFO - Filling up the DagBag from /home/airflow/.local/lib/python3.7/site-packages/airflow/example_dags/example_kubernetes_executor.py
[2022-04-11 13:34:50,566] {processor.py:652} INFO - DAG(s) dict_keys(['example_kubernetes_executor']) retrieved from /home/airflow/.local/lib/python3.7/site-packages/airflow/example_dags/example_kubernetes_executor.py
[2022-04-11 13:34:50,598] {logging_mixin.py:109} INFO - [2022-04-11 13:34:50,598] {dag.py:2398} INFO - Sync 1 DAGs
[2022-04-11 13:34:50,618] {logging_mixin.py:109} INFO - [2022-04-11 13:34:50,618] {dag.py:2937} INFO - Setting next_dagrun for example_kubernetes_executor to None
[2022-04-11 13:34:50,636] {processor.py:171} INFO - Processing /home/airflow/.local/lib/python3.7/site-packages/airflow/example_dags/example_kubernetes_executor.py took 0.108 seconds
[2022-04-11 13:35:20,879] {processor.py:163} INFO - Started process (PID=1164) to work on /home/airflow/.local/lib/python3.7/site-packages/airflow/example_dags/example_kubernetes_executor.py
[2022-04-11 13:35:20,882] {processor.py:642} INFO - Processing file /home/airflow/.local/lib/python3.7/site-packages/airflow/example_dags/example_kubernetes_executor.py for tasks to queue
[2022-04-11 13:35:20,889] {logging_mixin.py:109} INFO - [2022-04-11 13:35:20,889] {dagbag.py:500} INFO - Filling up the DagBag from /home/airflow/.local/lib/python3.7/site-packages/airflow/example_dags/example_kubernetes_executor.py
[2022-04-11 13:35:20,917] {processor.py:652} INFO - DAG(s) dict_keys(['example_kubernetes_executor']) retrieved from /home/airflow/.local/lib/python3.7/site-packages/airflow/example_dags/example_kubernetes_executor.py
[2022-04-11 13:35:20,951] {logging_mixin.py:109} INFO - [2022-04-11 13:35:20,951] {dag.py:2398} INFO - Sync 1 DAGs
[2022-04-11 13:35:20,983] {logging_mixin.py:109} INFO - [2022-04-11 13:35:20,983] {dag.py:2937} INFO - Setting next_dagrun for example_kubernetes_executor to None
[2022-04-11 13:35:20,997] {processor.py:171} INFO - Processing /home/airflow/.local/lib/python3.7/site-packages/airflow/example_dags/example_kubernetes_executor.py took 0.124 seconds
[2022-04-11 13:35:51,394] {processor.py:163} INFO - Started process (PID=1226) to work on /home/airflow/.local/lib/python3.7/site-packages/airflow/example_dags/example_kubernetes_executor.py
[2022-04-11 13:35:51,396] {processor.py:642} INFO - Processing file /home/airflow/.local/lib/python3.7/site-packages/airflow/example_dags/example_kubernetes_executor.py for tasks to queue
[2022-04-11 13:35:51,397] {logging_mixin.py:109} INFO - [2022-04-11 13:35:51,397] {dagbag.py:500} INFO - Filling up the DagBag from /home/airflow/.local/lib/python3.7/site-packages/airflow/example_dags/example_kubernetes_executor.py
[2022-04-11 13:35:51,426] {processor.py:652} INFO - DAG(s) dict_keys(['example_kubernetes_executor']) retrieved from /home/airflow/.local/lib/python3.7/site-packages/airflow/example_dags/example_kubernetes_executor.py
[2022-04-11 13:35:51,455] {logging_mixin.py:109} INFO - [2022-04-11 13:35:51,455] {dag.py:2398} INFO - Sync 1 DAGs
[2022-04-11 13:35:51,475] {logging_mixin.py:109} INFO - [2022-04-11 13:35:51,475] {dag.py:2937} INFO - Setting next_dagrun for example_kubernetes_executor to None
[2022-04-11 13:35:51,485] {processor.py:171} INFO - Processing /home/airflow/.local/lib/python3.7/site-packages/airflow/example_dags/example_kubernetes_executor.py took 0.096 seconds
[2022-04-11 13:36:21,746] {processor.py:163} INFO - Started process (PID=1278) to work on /home/airflow/.local/lib/python3.7/site-packages/airflow/example_dags/example_kubernetes_executor.py
[2022-04-11 13:36:21,749] {processor.py:642} INFO - Processing file /home/airflow/.local/lib/python3.7/site-packages/airflow/example_dags/example_kubernetes_executor.py for tasks to queue
[2022-04-11 13:36:21,751] {logging_mixin.py:109} INFO - [2022-04-11 13:36:21,751] {dagbag.py:500} INFO - Filling up the DagBag from /home/airflow/.local/lib/python3.7/site-packages/airflow/example_dags/example_kubernetes_executor.py
[2022-04-11 13:36:21,791] {processor.py:652} INFO - DAG(s) dict_keys(['example_kubernetes_executor']) retrieved from /home/airflow/.local/lib/python3.7/site-packages/airflow/example_dags/example_kubernetes_executor.py
[2022-04-11 13:36:21,828] {logging_mixin.py:109} INFO - [2022-04-11 13:36:21,828] {dag.py:2398} INFO - Sync 1 DAGs
[2022-04-11 13:36:21,853] {logging_mixin.py:109} INFO - [2022-04-11 13:36:21,852] {dag.py:2937} INFO - Setting next_dagrun for example_kubernetes_executor to None
[2022-04-11 13:36:21,870] {processor.py:171} INFO - Processing /home/airflow/.local/lib/python3.7/site-packages/airflow/example_dags/example_kubernetes_executor.py took 0.128 seconds
[2022-04-11 13:36:52,140] {processor.py:163} INFO - Started process (PID=1344) to work on /home/airflow/.local/lib/python3.7/site-packages/airflow/example_dags/example_kubernetes_executor.py
[2022-04-11 13:36:52,142] {processor.py:642} INFO - Processing file /home/airflow/.local/lib/python3.7/site-packages/airflow/example_dags/example_kubernetes_executor.py for tasks to queue
[2022-04-11 13:36:52,143] {logging_mixin.py:109} INFO - [2022-04-11 13:36:52,143] {dagbag.py:500} INFO - Filling up the DagBag from /home/airflow/.local/lib/python3.7/site-packages/airflow/example_dags/example_kubernetes_executor.py
[2022-04-11 13:36:52,169] {processor.py:652} INFO - DAG(s) dict_keys(['example_kubernetes_executor']) retrieved from /home/airflow/.local/lib/python3.7/site-packages/airflow/example_dags/example_kubernetes_executor.py
[2022-04-11 13:36:52,200] {logging_mixin.py:109} INFO - [2022-04-11 13:36:52,200] {dag.py:2398} INFO - Sync 1 DAGs
[2022-04-11 13:36:52,219] {logging_mixin.py:109} INFO - [2022-04-11 13:36:52,219] {dag.py:2937} INFO - Setting next_dagrun for example_kubernetes_executor to None
[2022-04-11 13:36:52,233] {processor.py:171} INFO - Processing /home/airflow/.local/lib/python3.7/site-packages/airflow/example_dags/example_kubernetes_executor.py took 0.098 seconds
[2022-04-11 13:37:22,835] {processor.py:163} INFO - Started process (PID=1396) to work on /home/airflow/.local/lib/python3.7/site-packages/airflow/example_dags/example_kubernetes_executor.py
[2022-04-11 13:37:22,837] {processor.py:642} INFO - Processing file /home/airflow/.local/lib/python3.7/site-packages/airflow/example_dags/example_kubernetes_executor.py for tasks to queue
[2022-04-11 13:37:22,839] {logging_mixin.py:109} INFO - [2022-04-11 13:37:22,839] {dagbag.py:500} INFO - Filling up the DagBag from /home/airflow/.local/lib/python3.7/site-packages/airflow/example_dags/example_kubernetes_executor.py
[2022-04-11 13:37:22,867] {processor.py:652} INFO - DAG(s) dict_keys(['example_kubernetes_executor']) retrieved from /home/airflow/.local/lib/python3.7/site-packages/airflow/example_dags/example_kubernetes_executor.py
[2022-04-11 13:37:22,897] {logging_mixin.py:109} INFO - [2022-04-11 13:37:22,897] {dag.py:2398} INFO - Sync 1 DAGs
[2022-04-11 13:37:22,920] {logging_mixin.py:109} INFO - [2022-04-11 13:37:22,920] {dag.py:2937} INFO - Setting next_dagrun for example_kubernetes_executor to None
[2022-04-11 13:37:22,933] {processor.py:171} INFO - Processing /home/airflow/.local/lib/python3.7/site-packages/airflow/example_dags/example_kubernetes_executor.py took 0.104 seconds
[2022-04-11 13:37:53,766] {processor.py:163} INFO - Started process (PID=1459) to work on /home/airflow/.local/lib/python3.7/site-packages/airflow/example_dags/example_kubernetes_executor.py
[2022-04-11 13:37:53,769] {processor.py:642} INFO - Processing file /home/airflow/.local/lib/python3.7/site-packages/airflow/example_dags/example_kubernetes_executor.py for tasks to queue
[2022-04-11 13:37:53,770] {logging_mixin.py:109} INFO - [2022-04-11 13:37:53,770] {dagbag.py:500} INFO - Filling up the DagBag from /home/airflow/.local/lib/python3.7/site-packages/airflow/example_dags/example_kubernetes_executor.py
[2022-04-11 13:37:53,798] {processor.py:652} INFO - DAG(s) dict_keys(['example_kubernetes_executor']) retrieved from /home/airflow/.local/lib/python3.7/site-packages/airflow/example_dags/example_kubernetes_executor.py
[2022-04-11 13:37:53,827] {logging_mixin.py:109} INFO - [2022-04-11 13:37:53,827] {dag.py:2398} INFO - Sync 1 DAGs
[2022-04-11 13:37:53,846] {logging_mixin.py:109} INFO - [2022-04-11 13:37:53,846] {dag.py:2937} INFO - Setting next_dagrun for example_kubernetes_executor to None
[2022-04-11 13:37:53,859] {processor.py:171} INFO - Processing /home/airflow/.local/lib/python3.7/site-packages/airflow/example_dags/example_kubernetes_executor.py took 0.099 seconds
[2022-04-11 13:38:24,423] {processor.py:163} INFO - Started process (PID=1511) to work on /home/airflow/.local/lib/python3.7/site-packages/airflow/example_dags/example_kubernetes_executor.py
[2022-04-11 13:38:24,425] {processor.py:642} INFO - Processing file /home/airflow/.local/lib/python3.7/site-packages/airflow/example_dags/example_kubernetes_executor.py for tasks to queue
[2022-04-11 13:38:24,426] {logging_mixin.py:109} INFO - [2022-04-11 13:38:24,426] {dagbag.py:500} INFO - Filling up the DagBag from /home/airflow/.local/lib/python3.7/site-packages/airflow/example_dags/example_kubernetes_executor.py
[2022-04-11 13:38:24,456] {processor.py:652} INFO - DAG(s) dict_keys(['example_kubernetes_executor']) retrieved from /home/airflow/.local/lib/python3.7/site-packages/airflow/example_dags/example_kubernetes_executor.py
[2022-04-11 13:38:24,489] {logging_mixin.py:109} INFO - [2022-04-11 13:38:24,488] {dag.py:2398} INFO - Sync 1 DAGs
[2022-04-11 13:38:24,516] {logging_mixin.py:109} INFO - [2022-04-11 13:38:24,516] {dag.py:2937} INFO - Setting next_dagrun for example_kubernetes_executor to None
[2022-04-11 13:38:24,536] {processor.py:171} INFO - Processing /home/airflow/.local/lib/python3.7/site-packages/airflow/example_dags/example_kubernetes_executor.py took 0.119 seconds
[2022-04-11 13:38:55,058] {processor.py:163} INFO - Started process (PID=1573) to work on /home/airflow/.local/lib/python3.7/site-packages/airflow/example_dags/example_kubernetes_executor.py
[2022-04-11 13:38:55,061] {processor.py:642} INFO - Processing file /home/airflow/.local/lib/python3.7/site-packages/airflow/example_dags/example_kubernetes_executor.py for tasks to queue
[2022-04-11 13:38:55,063] {logging_mixin.py:109} INFO - [2022-04-11 13:38:55,063] {dagbag.py:500} INFO - Filling up the DagBag from /home/airflow/.local/lib/python3.7/site-packages/airflow/example_dags/example_kubernetes_executor.py
[2022-04-11 13:38:55,096] {processor.py:652} INFO - DAG(s) dict_keys(['example_kubernetes_executor']) retrieved from /home/airflow/.local/lib/python3.7/site-packages/airflow/example_dags/example_kubernetes_executor.py
[2022-04-11 13:38:55,128] {logging_mixin.py:109} INFO - [2022-04-11 13:38:55,128] {dag.py:2398} INFO - Sync 1 DAGs
[2022-04-11 13:38:55,152] {logging_mixin.py:109} INFO - [2022-04-11 13:38:55,152] {dag.py:2937} INFO - Setting next_dagrun for example_kubernetes_executor to None
[2022-04-11 13:38:55,166] {processor.py:171} INFO - Processing /home/airflow/.local/lib/python3.7/site-packages/airflow/example_dags/example_kubernetes_executor.py took 0.112 seconds
[2022-04-11 13:39:25,342] {processor.py:163} INFO - Started process (PID=1625) to work on /home/airflow/.local/lib/python3.7/site-packages/airflow/example_dags/example_kubernetes_executor.py
[2022-04-11 13:39:25,345] {processor.py:642} INFO - Processing file /home/airflow/.local/lib/python3.7/site-packages/airflow/example_dags/example_kubernetes_executor.py for tasks to queue
[2022-04-11 13:39:25,347] {logging_mixin.py:109} INFO - [2022-04-11 13:39:25,346] {dagbag.py:500} INFO - Filling up the DagBag from /home/airflow/.local/lib/python3.7/site-packages/airflow/example_dags/example_kubernetes_executor.py
[2022-04-11 13:39:25,383] {processor.py:652} INFO - DAG(s) dict_keys(['example_kubernetes_executor']) retrieved from /home/airflow/.local/lib/python3.7/site-packages/airflow/example_dags/example_kubernetes_executor.py
[2022-04-11 13:39:25,415] {logging_mixin.py:109} INFO - [2022-04-11 13:39:25,415] {dag.py:2398} INFO - Sync 1 DAGs
[2022-04-11 13:39:25,438] {logging_mixin.py:109} INFO - [2022-04-11 13:39:25,438] {dag.py:2937} INFO - Setting next_dagrun for example_kubernetes_executor to None
[2022-04-11 13:39:25,451] {processor.py:171} INFO - Processing /home/airflow/.local/lib/python3.7/site-packages/airflow/example_dags/example_kubernetes_executor.py took 0.114 seconds
[2022-04-11 13:39:55,741] {processor.py:163} INFO - Started process (PID=1676) to work on /home/airflow/.local/lib/python3.7/site-packages/airflow/example_dags/example_kubernetes_executor.py
[2022-04-11 13:39:55,747] {processor.py:642} INFO - Processing file /home/airflow/.local/lib/python3.7/site-packages/airflow/example_dags/example_kubernetes_executor.py for tasks to queue
[2022-04-11 13:39:55,750] {logging_mixin.py:109} INFO - [2022-04-11 13:39:55,750] {dagbag.py:500} INFO - Filling up the DagBag from /home/airflow/.local/lib/python3.7/site-packages/airflow/example_dags/example_kubernetes_executor.py
[2022-04-11 13:39:55,784] {processor.py:652} INFO - DAG(s) dict_keys(['example_kubernetes_executor']) retrieved from /home/airflow/.local/lib/python3.7/site-packages/airflow/example_dags/example_kubernetes_executor.py
[2022-04-11 13:39:55,823] {logging_mixin.py:109} INFO - [2022-04-11 13:39:55,822] {dag.py:2398} INFO - Sync 1 DAGs
[2022-04-11 13:39:55,848] {logging_mixin.py:109} INFO - [2022-04-11 13:39:55,848] {dag.py:2937} INFO - Setting next_dagrun for example_kubernetes_executor to None
[2022-04-11 13:39:55,867] {processor.py:171} INFO - Processing /home/airflow/.local/lib/python3.7/site-packages/airflow/example_dags/example_kubernetes_executor.py took 0.132 seconds
[2022-04-11 13:40:26,271] {processor.py:163} INFO - Started process (PID=1739) to work on /home/airflow/.local/lib/python3.7/site-packages/airflow/example_dags/example_kubernetes_executor.py
[2022-04-11 13:40:26,273] {processor.py:642} INFO - Processing file /home/airflow/.local/lib/python3.7/site-packages/airflow/example_dags/example_kubernetes_executor.py for tasks to queue
[2022-04-11 13:40:26,275] {logging_mixin.py:109} INFO - [2022-04-11 13:40:26,275] {dagbag.py:500} INFO - Filling up the DagBag from /home/airflow/.local/lib/python3.7/site-packages/airflow/example_dags/example_kubernetes_executor.py
[2022-04-11 13:40:26,313] {processor.py:652} INFO - DAG(s) dict_keys(['example_kubernetes_executor']) retrieved from /home/airflow/.local/lib/python3.7/site-packages/airflow/example_dags/example_kubernetes_executor.py
[2022-04-11 13:40:26,341] {logging_mixin.py:109} INFO - [2022-04-11 13:40:26,341] {dag.py:2398} INFO - Sync 1 DAGs
[2022-04-11 13:40:26,379] {logging_mixin.py:109} INFO - [2022-04-11 13:40:26,379] {dag.py:2937} INFO - Setting next_dagrun for example_kubernetes_executor to None
[2022-04-11 13:40:26,390] {processor.py:171} INFO - Processing /home/airflow/.local/lib/python3.7/site-packages/airflow/example_dags/example_kubernetes_executor.py took 0.124 seconds
[2022-04-11 13:40:56,744] {processor.py:163} INFO - Started process (PID=1793) to work on /home/airflow/.local/lib/python3.7/site-packages/airflow/example_dags/example_kubernetes_executor.py
[2022-04-11 13:40:56,747] {processor.py:642} INFO - Processing file /home/airflow/.local/lib/python3.7/site-packages/airflow/example_dags/example_kubernetes_executor.py for tasks to queue
[2022-04-11 13:40:56,748] {logging_mixin.py:109} INFO - [2022-04-11 13:40:56,748] {dagbag.py:500} INFO - Filling up the DagBag from /home/airflow/.local/lib/python3.7/site-packages/airflow/example_dags/example_kubernetes_executor.py
[2022-04-11 13:40:56,781] {processor.py:652} INFO - DAG(s) dict_keys(['example_kubernetes_executor']) retrieved from /home/airflow/.local/lib/python3.7/site-packages/airflow/example_dags/example_kubernetes_executor.py
[2022-04-11 13:40:56,814] {logging_mixin.py:109} INFO - [2022-04-11 13:40:56,814] {dag.py:2398} INFO - Sync 1 DAGs
[2022-04-11 13:40:56,840] {logging_mixin.py:109} INFO - [2022-04-11 13:40:56,840] {dag.py:2937} INFO - Setting next_dagrun for example_kubernetes_executor to None
[2022-04-11 13:40:56,858] {processor.py:171} INFO - Processing /home/airflow/.local/lib/python3.7/site-packages/airflow/example_dags/example_kubernetes_executor.py took 0.118 seconds
[2022-04-11 13:41:27,370] {processor.py:163} INFO - Started process (PID=1845) to work on /home/airflow/.local/lib/python3.7/site-packages/airflow/example_dags/example_kubernetes_executor.py
[2022-04-11 13:41:27,373] {processor.py:642} INFO - Processing file /home/airflow/.local/lib/python3.7/site-packages/airflow/example_dags/example_kubernetes_executor.py for tasks to queue
[2022-04-11 13:41:27,375] {logging_mixin.py:109} INFO - [2022-04-11 13:41:27,375] {dagbag.py:500} INFO - Filling up the DagBag from /home/airflow/.local/lib/python3.7/site-packages/airflow/example_dags/example_kubernetes_executor.py
[2022-04-11 13:41:27,408] {processor.py:652} INFO - DAG(s) dict_keys(['example_kubernetes_executor']) retrieved from /home/airflow/.local/lib/python3.7/site-packages/airflow/example_dags/example_kubernetes_executor.py
[2022-04-11 13:41:27,448] {logging_mixin.py:109} INFO - [2022-04-11 13:41:27,448] {dag.py:2398} INFO - Sync 1 DAGs
[2022-04-11 13:41:27,472] {logging_mixin.py:109} INFO - [2022-04-11 13:41:27,472] {dag.py:2937} INFO - Setting next_dagrun for example_kubernetes_executor to None
[2022-04-11 13:41:27,485] {processor.py:171} INFO - Processing /home/airflow/.local/lib/python3.7/site-packages/airflow/example_dags/example_kubernetes_executor.py took 0.120 seconds
[2022-04-11 13:41:57,903] {processor.py:163} INFO - Started process (PID=1908) to work on /home/airflow/.local/lib/python3.7/site-packages/airflow/example_dags/example_kubernetes_executor.py
[2022-04-11 13:41:57,906] {processor.py:642} INFO - Processing file /home/airflow/.local/lib/python3.7/site-packages/airflow/example_dags/example_kubernetes_executor.py for tasks to queue
[2022-04-11 13:41:57,908] {logging_mixin.py:109} INFO - [2022-04-11 13:41:57,908] {dagbag.py:500} INFO - Filling up the DagBag from /home/airflow/.local/lib/python3.7/site-packages/airflow/example_dags/example_kubernetes_executor.py
[2022-04-11 13:41:57,954] {processor.py:652} INFO - DAG(s) dict_keys(['example_kubernetes_executor']) retrieved from /home/airflow/.local/lib/python3.7/site-packages/airflow/example_dags/example_kubernetes_executor.py
[2022-04-11 13:41:58,004] {logging_mixin.py:109} INFO - [2022-04-11 13:41:58,004] {dag.py:2398} INFO - Sync 1 DAGs
[2022-04-11 13:41:58,056] {logging_mixin.py:109} INFO - [2022-04-11 13:41:58,055] {dag.py:2937} INFO - Setting next_dagrun for example_kubernetes_executor to None
[2022-04-11 13:41:58,084] {processor.py:171} INFO - Processing /home/airflow/.local/lib/python3.7/site-packages/airflow/example_dags/example_kubernetes_executor.py took 0.189 seconds
[2022-04-11 13:42:28,172] {processor.py:163} INFO - Started process (PID=1960) to work on /home/airflow/.local/lib/python3.7/site-packages/airflow/example_dags/example_kubernetes_executor.py
[2022-04-11 13:42:28,173] {processor.py:642} INFO - Processing file /home/airflow/.local/lib/python3.7/site-packages/airflow/example_dags/example_kubernetes_executor.py for tasks to queue
[2022-04-11 13:42:28,175] {logging_mixin.py:109} INFO - [2022-04-11 13:42:28,175] {dagbag.py:500} INFO - Filling up the DagBag from /home/airflow/.local/lib/python3.7/site-packages/airflow/example_dags/example_kubernetes_executor.py
[2022-04-11 13:42:28,210] {processor.py:652} INFO - DAG(s) dict_keys(['example_kubernetes_executor']) retrieved from /home/airflow/.local/lib/python3.7/site-packages/airflow/example_dags/example_kubernetes_executor.py
[2022-04-11 13:42:28,240] {logging_mixin.py:109} INFO - [2022-04-11 13:42:28,240] {dag.py:2398} INFO - Sync 1 DAGs
[2022-04-11 13:42:28,261] {logging_mixin.py:109} INFO - [2022-04-11 13:42:28,261] {dag.py:2937} INFO - Setting next_dagrun for example_kubernetes_executor to None
[2022-04-11 13:42:28,273] {processor.py:171} INFO - Processing /home/airflow/.local/lib/python3.7/site-packages/airflow/example_dags/example_kubernetes_executor.py took 0.107 seconds
[2022-04-11 13:42:59,106] {processor.py:163} INFO - Started process (PID=2023) to work on /home/airflow/.local/lib/python3.7/site-packages/airflow/example_dags/example_kubernetes_executor.py
[2022-04-11 13:42:59,108] {processor.py:642} INFO - Processing file /home/airflow/.local/lib/python3.7/site-packages/airflow/example_dags/example_kubernetes_executor.py for tasks to queue
[2022-04-11 13:42:59,109] {logging_mixin.py:109} INFO - [2022-04-11 13:42:59,109] {dagbag.py:500} INFO - Filling up the DagBag from /home/airflow/.local/lib/python3.7/site-packages/airflow/example_dags/example_kubernetes_executor.py
[2022-04-11 13:42:59,142] {processor.py:652} INFO - DAG(s) dict_keys(['example_kubernetes_executor']) retrieved from /home/airflow/.local/lib/python3.7/site-packages/airflow/example_dags/example_kubernetes_executor.py
[2022-04-11 13:42:59,169] {logging_mixin.py:109} INFO - [2022-04-11 13:42:59,168] {dag.py:2398} INFO - Sync 1 DAGs
[2022-04-11 13:42:59,187] {logging_mixin.py:109} INFO - [2022-04-11 13:42:59,187] {dag.py:2937} INFO - Setting next_dagrun for example_kubernetes_executor to None
[2022-04-11 13:42:59,200] {processor.py:171} INFO - Processing /home/airflow/.local/lib/python3.7/site-packages/airflow/example_dags/example_kubernetes_executor.py took 0.098 seconds
[2022-04-11 13:43:29,524] {processor.py:163} INFO - Started process (PID=2075) to work on /home/airflow/.local/lib/python3.7/site-packages/airflow/example_dags/example_kubernetes_executor.py
[2022-04-11 13:43:29,525] {processor.py:642} INFO - Processing file /home/airflow/.local/lib/python3.7/site-packages/airflow/example_dags/example_kubernetes_executor.py for tasks to queue
[2022-04-11 13:43:29,526] {logging_mixin.py:109} INFO - [2022-04-11 13:43:29,526] {dagbag.py:500} INFO - Filling up the DagBag from /home/airflow/.local/lib/python3.7/site-packages/airflow/example_dags/example_kubernetes_executor.py
[2022-04-11 13:43:29,551] {processor.py:652} INFO - DAG(s) dict_keys(['example_kubernetes_executor']) retrieved from /home/airflow/.local/lib/python3.7/site-packages/airflow/example_dags/example_kubernetes_executor.py
[2022-04-11 13:43:29,576] {logging_mixin.py:109} INFO - [2022-04-11 13:43:29,576] {dag.py:2398} INFO - Sync 1 DAGs
[2022-04-11 13:43:29,593] {logging_mixin.py:109} INFO - [2022-04-11 13:43:29,593] {dag.py:2937} INFO - Setting next_dagrun for example_kubernetes_executor to None
[2022-04-11 13:43:29,604] {processor.py:171} INFO - Processing /home/airflow/.local/lib/python3.7/site-packages/airflow/example_dags/example_kubernetes_executor.py took 0.085 seconds
[2022-04-11 13:44:00,320] {processor.py:163} INFO - Started process (PID=2139) to work on /home/airflow/.local/lib/python3.7/site-packages/airflow/example_dags/example_kubernetes_executor.py
[2022-04-11 13:44:00,322] {processor.py:642} INFO - Processing file /home/airflow/.local/lib/python3.7/site-packages/airflow/example_dags/example_kubernetes_executor.py for tasks to queue
[2022-04-11 13:44:00,323] {logging_mixin.py:109} INFO - [2022-04-11 13:44:00,323] {dagbag.py:500} INFO - Filling up the DagBag from /home/airflow/.local/lib/python3.7/site-packages/airflow/example_dags/example_kubernetes_executor.py
[2022-04-11 13:44:00,351] {processor.py:652} INFO - DAG(s) dict_keys(['example_kubernetes_executor']) retrieved from /home/airflow/.local/lib/python3.7/site-packages/airflow/example_dags/example_kubernetes_executor.py
[2022-04-11 13:44:00,380] {logging_mixin.py:109} INFO - [2022-04-11 13:44:00,380] {dag.py:2398} INFO - Sync 1 DAGs
[2022-04-11 13:44:00,399] {logging_mixin.py:109} INFO - [2022-04-11 13:44:00,399] {dag.py:2937} INFO - Setting next_dagrun for example_kubernetes_executor to None
[2022-04-11 13:44:00,409] {processor.py:171} INFO - Processing /home/airflow/.local/lib/python3.7/site-packages/airflow/example_dags/example_kubernetes_executor.py took 0.095 seconds
[2022-04-11 13:44:31,063] {processor.py:163} INFO - Started process (PID=2191) to work on /home/airflow/.local/lib/python3.7/site-packages/airflow/example_dags/example_kubernetes_executor.py
[2022-04-11 13:44:31,066] {processor.py:642} INFO - Processing file /home/airflow/.local/lib/python3.7/site-packages/airflow/example_dags/example_kubernetes_executor.py for tasks to queue
[2022-04-11 13:44:31,068] {logging_mixin.py:109} INFO - [2022-04-11 13:44:31,068] {dagbag.py:500} INFO - Filling up the DagBag from /home/airflow/.local/lib/python3.7/site-packages/airflow/example_dags/example_kubernetes_executor.py
[2022-04-11 13:44:31,105] {processor.py:652} INFO - DAG(s) dict_keys(['example_kubernetes_executor']) retrieved from /home/airflow/.local/lib/python3.7/site-packages/airflow/example_dags/example_kubernetes_executor.py
[2022-04-11 13:44:31,133] {logging_mixin.py:109} INFO - [2022-04-11 13:44:31,132] {dag.py:2398} INFO - Sync 1 DAGs
[2022-04-11 13:44:31,149] {logging_mixin.py:109} INFO - [2022-04-11 13:44:31,149] {dag.py:2937} INFO - Setting next_dagrun for example_kubernetes_executor to None
[2022-04-11 13:44:31,159] {processor.py:171} INFO - Processing /home/airflow/.local/lib/python3.7/site-packages/airflow/example_dags/example_kubernetes_executor.py took 0.101 seconds
[2022-04-11 13:45:01,430] {processor.py:163} INFO - Started process (PID=2242) to work on /home/airflow/.local/lib/python3.7/site-packages/airflow/example_dags/example_kubernetes_executor.py
[2022-04-11 13:45:01,434] {processor.py:642} INFO - Processing file /home/airflow/.local/lib/python3.7/site-packages/airflow/example_dags/example_kubernetes_executor.py for tasks to queue
[2022-04-11 13:45:01,437] {logging_mixin.py:109} INFO - [2022-04-11 13:45:01,437] {dagbag.py:500} INFO - Filling up the DagBag from /home/airflow/.local/lib/python3.7/site-packages/airflow/example_dags/example_kubernetes_executor.py
[2022-04-11 13:45:01,486] {processor.py:652} INFO - DAG(s) dict_keys(['example_kubernetes_executor']) retrieved from /home/airflow/.local/lib/python3.7/site-packages/airflow/example_dags/example_kubernetes_executor.py
[2022-04-11 13:45:01,524] {logging_mixin.py:109} INFO - [2022-04-11 13:45:01,524] {dag.py:2398} INFO - Sync 1 DAGs
[2022-04-11 13:45:01,548] {logging_mixin.py:109} INFO - [2022-04-11 13:45:01,548] {dag.py:2937} INFO - Setting next_dagrun for example_kubernetes_executor to None
[2022-04-11 13:45:01,571] {processor.py:171} INFO - Processing /home/airflow/.local/lib/python3.7/site-packages/airflow/example_dags/example_kubernetes_executor.py took 0.148 seconds
[2022-04-11 13:45:32,281] {processor.py:163} INFO - Started process (PID=2302) to work on /home/airflow/.local/lib/python3.7/site-packages/airflow/example_dags/example_kubernetes_executor.py
[2022-04-11 13:45:32,284] {processor.py:642} INFO - Processing file /home/airflow/.local/lib/python3.7/site-packages/airflow/example_dags/example_kubernetes_executor.py for tasks to queue
[2022-04-11 13:45:32,286] {logging_mixin.py:109} INFO - [2022-04-11 13:45:32,286] {dagbag.py:500} INFO - Filling up the DagBag from /home/airflow/.local/lib/python3.7/site-packages/airflow/example_dags/example_kubernetes_executor.py
[2022-04-11 13:45:32,339] {processor.py:652} INFO - DAG(s) dict_keys(['example_kubernetes_executor']) retrieved from /home/airflow/.local/lib/python3.7/site-packages/airflow/example_dags/example_kubernetes_executor.py
[2022-04-11 13:45:32,376] {logging_mixin.py:109} INFO - [2022-04-11 13:45:32,376] {dag.py:2398} INFO - Sync 1 DAGs
[2022-04-11 13:45:32,407] {logging_mixin.py:109} INFO - [2022-04-11 13:45:32,407] {dag.py:2937} INFO - Setting next_dagrun for example_kubernetes_executor to None
[2022-04-11 13:45:32,424] {processor.py:171} INFO - Processing /home/airflow/.local/lib/python3.7/site-packages/airflow/example_dags/example_kubernetes_executor.py took 0.148 seconds
[2022-04-11 13:46:02,980] {processor.py:163} INFO - Started process (PID=2354) to work on /home/airflow/.local/lib/python3.7/site-packages/airflow/example_dags/example_kubernetes_executor.py
[2022-04-11 13:46:02,981] {processor.py:642} INFO - Processing file /home/airflow/.local/lib/python3.7/site-packages/airflow/example_dags/example_kubernetes_executor.py for tasks to queue
[2022-04-11 13:46:02,983] {logging_mixin.py:109} INFO - [2022-04-11 13:46:02,983] {dagbag.py:500} INFO - Filling up the DagBag from /home/airflow/.local/lib/python3.7/site-packages/airflow/example_dags/example_kubernetes_executor.py
[2022-04-11 13:46:03,024] {processor.py:652} INFO - DAG(s) dict_keys(['example_kubernetes_executor']) retrieved from /home/airflow/.local/lib/python3.7/site-packages/airflow/example_dags/example_kubernetes_executor.py
[2022-04-11 13:46:03,058] {logging_mixin.py:109} INFO - [2022-04-11 13:46:03,057] {dag.py:2398} INFO - Sync 1 DAGs
[2022-04-11 13:46:03,077] {logging_mixin.py:109} INFO - [2022-04-11 13:46:03,077] {dag.py:2937} INFO - Setting next_dagrun for example_kubernetes_executor to None
[2022-04-11 13:46:03,088] {processor.py:171} INFO - Processing /home/airflow/.local/lib/python3.7/site-packages/airflow/example_dags/example_kubernetes_executor.py took 0.114 seconds
[2022-04-11 13:46:34,456] {processor.py:163} INFO - Started process (PID=2416) to work on /home/airflow/.local/lib/python3.7/site-packages/airflow/example_dags/example_kubernetes_executor.py
[2022-04-11 13:46:34,460] {processor.py:642} INFO - Processing file /home/airflow/.local/lib/python3.7/site-packages/airflow/example_dags/example_kubernetes_executor.py for tasks to queue
[2022-04-11 13:46:34,463] {logging_mixin.py:109} INFO - [2022-04-11 13:46:34,462] {dagbag.py:500} INFO - Filling up the DagBag from /home/airflow/.local/lib/python3.7/site-packages/airflow/example_dags/example_kubernetes_executor.py
[2022-04-11 13:46:34,520] {processor.py:652} INFO - DAG(s) dict_keys(['example_kubernetes_executor']) retrieved from /home/airflow/.local/lib/python3.7/site-packages/airflow/example_dags/example_kubernetes_executor.py
[2022-04-11 13:46:34,562] {logging_mixin.py:109} INFO - [2022-04-11 13:46:34,561] {dag.py:2398} INFO - Sync 1 DAGs
[2022-04-11 13:46:34,603] {logging_mixin.py:109} INFO - [2022-04-11 13:46:34,603] {dag.py:2937} INFO - Setting next_dagrun for example_kubernetes_executor to None
[2022-04-11 13:46:34,626] {processor.py:171} INFO - Processing /home/airflow/.local/lib/python3.7/site-packages/airflow/example_dags/example_kubernetes_executor.py took 0.175 seconds
[2022-04-11 13:47:04,933] {processor.py:163} INFO - Started process (PID=2470) to work on /home/airflow/.local/lib/python3.7/site-packages/airflow/example_dags/example_kubernetes_executor.py
[2022-04-11 13:47:04,936] {processor.py:642} INFO - Processing file /home/airflow/.local/lib/python3.7/site-packages/airflow/example_dags/example_kubernetes_executor.py for tasks to queue
[2022-04-11 13:47:04,939] {logging_mixin.py:109} INFO - [2022-04-11 13:47:04,938] {dagbag.py:500} INFO - Filling up the DagBag from /home/airflow/.local/lib/python3.7/site-packages/airflow/example_dags/example_kubernetes_executor.py
[2022-04-11 13:47:04,990] {processor.py:652} INFO - DAG(s) dict_keys(['example_kubernetes_executor']) retrieved from /home/airflow/.local/lib/python3.7/site-packages/airflow/example_dags/example_kubernetes_executor.py
[2022-04-11 13:47:05,037] {logging_mixin.py:109} INFO - [2022-04-11 13:47:05,037] {dag.py:2398} INFO - Sync 1 DAGs
[2022-04-11 13:47:05,062] {logging_mixin.py:109} INFO - [2022-04-11 13:47:05,061] {dag.py:2937} INFO - Setting next_dagrun for example_kubernetes_executor to None
[2022-04-11 13:47:05,097] {processor.py:171} INFO - Processing /home/airflow/.local/lib/python3.7/site-packages/airflow/example_dags/example_kubernetes_executor.py took 0.170 seconds
[2022-04-11 13:47:35,781] {processor.py:163} INFO - Started process (PID=2523) to work on /home/airflow/.local/lib/python3.7/site-packages/airflow/example_dags/example_kubernetes_executor.py
[2022-04-11 13:47:35,783] {processor.py:642} INFO - Processing file /home/airflow/.local/lib/python3.7/site-packages/airflow/example_dags/example_kubernetes_executor.py for tasks to queue
[2022-04-11 13:47:35,784] {logging_mixin.py:109} INFO - [2022-04-11 13:47:35,784] {dagbag.py:500} INFO - Filling up the DagBag from /home/airflow/.local/lib/python3.7/site-packages/airflow/example_dags/example_kubernetes_executor.py
[2022-04-11 13:47:35,813] {processor.py:652} INFO - DAG(s) dict_keys(['example_kubernetes_executor']) retrieved from /home/airflow/.local/lib/python3.7/site-packages/airflow/example_dags/example_kubernetes_executor.py
[2022-04-11 13:47:35,844] {logging_mixin.py:109} INFO - [2022-04-11 13:47:35,844] {dag.py:2398} INFO - Sync 1 DAGs
[2022-04-11 13:47:35,874] {logging_mixin.py:109} INFO - [2022-04-11 13:47:35,874] {dag.py:2937} INFO - Setting next_dagrun for example_kubernetes_executor to None
[2022-04-11 13:47:35,887] {processor.py:171} INFO - Processing /home/airflow/.local/lib/python3.7/site-packages/airflow/example_dags/example_kubernetes_executor.py took 0.110 seconds
[2022-04-11 13:48:06,501] {processor.py:163} INFO - Started process (PID=2586) to work on /home/airflow/.local/lib/python3.7/site-packages/airflow/example_dags/example_kubernetes_executor.py
[2022-04-11 13:48:06,503] {processor.py:642} INFO - Processing file /home/airflow/.local/lib/python3.7/site-packages/airflow/example_dags/example_kubernetes_executor.py for tasks to queue
[2022-04-11 13:48:06,504] {logging_mixin.py:109} INFO - [2022-04-11 13:48:06,504] {dagbag.py:500} INFO - Filling up the DagBag from /home/airflow/.local/lib/python3.7/site-packages/airflow/example_dags/example_kubernetes_executor.py
[2022-04-11 13:48:06,531] {processor.py:652} INFO - DAG(s) dict_keys(['example_kubernetes_executor']) retrieved from /home/airflow/.local/lib/python3.7/site-packages/airflow/example_dags/example_kubernetes_executor.py
[2022-04-11 13:48:06,568] {logging_mixin.py:109} INFO - [2022-04-11 13:48:06,568] {dag.py:2398} INFO - Sync 1 DAGs
[2022-04-11 13:48:06,597] {logging_mixin.py:109} INFO - [2022-04-11 13:48:06,597] {dag.py:2937} INFO - Setting next_dagrun for example_kubernetes_executor to None
[2022-04-11 13:48:06,615] {processor.py:171} INFO - Processing /home/airflow/.local/lib/python3.7/site-packages/airflow/example_dags/example_kubernetes_executor.py took 0.122 seconds
[2022-04-11 13:48:37,216] {processor.py:163} INFO - Started process (PID=2638) to work on /home/airflow/.local/lib/python3.7/site-packages/airflow/example_dags/example_kubernetes_executor.py
[2022-04-11 13:48:37,218] {processor.py:642} INFO - Processing file /home/airflow/.local/lib/python3.7/site-packages/airflow/example_dags/example_kubernetes_executor.py for tasks to queue
[2022-04-11 13:48:37,220] {logging_mixin.py:109} INFO - [2022-04-11 13:48:37,220] {dagbag.py:500} INFO - Filling up the DagBag from /home/airflow/.local/lib/python3.7/site-packages/airflow/example_dags/example_kubernetes_executor.py
[2022-04-11 13:48:37,247] {processor.py:652} INFO - DAG(s) dict_keys(['example_kubernetes_executor']) retrieved from /home/airflow/.local/lib/python3.7/site-packages/airflow/example_dags/example_kubernetes_executor.py
[2022-04-11 13:48:37,283] {logging_mixin.py:109} INFO - [2022-04-11 13:48:37,283] {dag.py:2398} INFO - Sync 1 DAGs
[2022-04-11 13:48:37,303] {logging_mixin.py:109} INFO - [2022-04-11 13:48:37,303] {dag.py:2937} INFO - Setting next_dagrun for example_kubernetes_executor to None
[2022-04-11 13:48:37,314] {processor.py:171} INFO - Processing /home/airflow/.local/lib/python3.7/site-packages/airflow/example_dags/example_kubernetes_executor.py took 0.102 seconds
[2022-04-11 13:49:07,963] {processor.py:163} INFO - Started process (PID=2701) to work on /home/airflow/.local/lib/python3.7/site-packages/airflow/example_dags/example_kubernetes_executor.py
[2022-04-11 13:49:07,966] {processor.py:642} INFO - Processing file /home/airflow/.local/lib/python3.7/site-packages/airflow/example_dags/example_kubernetes_executor.py for tasks to queue
[2022-04-11 13:49:07,968] {logging_mixin.py:109} INFO - [2022-04-11 13:49:07,968] {dagbag.py:500} INFO - Filling up the DagBag from /home/airflow/.local/lib/python3.7/site-packages/airflow/example_dags/example_kubernetes_executor.py
[2022-04-11 13:49:07,999] {processor.py:652} INFO - DAG(s) dict_keys(['example_kubernetes_executor']) retrieved from /home/airflow/.local/lib/python3.7/site-packages/airflow/example_dags/example_kubernetes_executor.py
[2022-04-11 13:49:08,027] {logging_mixin.py:109} INFO - [2022-04-11 13:49:08,027] {dag.py:2398} INFO - Sync 1 DAGs
[2022-04-11 13:49:08,045] {logging_mixin.py:109} INFO - [2022-04-11 13:49:08,045] {dag.py:2937} INFO - Setting next_dagrun for example_kubernetes_executor to None
[2022-04-11 13:49:08,056] {processor.py:171} INFO - Processing /home/airflow/.local/lib/python3.7/site-packages/airflow/example_dags/example_kubernetes_executor.py took 0.097 seconds
