[2022-04-11 13:26:59,012] {processor.py:163} INFO - Started process (PID=119) to work on /home/airflow/.local/lib/python3.7/site-packages/airflow/example_dags/example_task_group_decorator.py
[2022-04-11 13:26:59,013] {processor.py:642} INFO - Processing file /home/airflow/.local/lib/python3.7/site-packages/airflow/example_dags/example_task_group_decorator.py for tasks to queue
[2022-04-11 13:26:59,015] {logging_mixin.py:109} INFO - [2022-04-11 13:26:59,015] {dagbag.py:500} INFO - Filling up the DagBag from /home/airflow/.local/lib/python3.7/site-packages/airflow/example_dags/example_task_group_decorator.py
[2022-04-11 13:26:59,052] {processor.py:652} INFO - DAG(s) dict_keys(['example_task_group_decorator']) retrieved from /home/airflow/.local/lib/python3.7/site-packages/airflow/example_dags/example_task_group_decorator.py
[2022-04-11 13:27:00,863] {logging_mixin.py:109} INFO - [2022-04-11 13:27:00,863] {manager.py:496} INFO - Created Permission View: can read on DAG:example_task_group_decorator
[2022-04-11 13:27:00,872] {logging_mixin.py:109} INFO - [2022-04-11 13:27:00,872] {manager.py:496} INFO - Created Permission View: can edit on DAG:example_task_group_decorator
[2022-04-11 13:27:00,873] {logging_mixin.py:109} INFO - [2022-04-11 13:27:00,872] {dag.py:2398} INFO - Sync 1 DAGs
[2022-04-11 13:27:00,883] {logging_mixin.py:109} INFO - [2022-04-11 13:27:00,882] {dag.py:2417} INFO - Creating ORM DAG for example_task_group_decorator
[2022-04-11 13:27:00,894] {logging_mixin.py:109} INFO - [2022-04-11 13:27:00,894] {dag.py:2937} INFO - Setting next_dagrun for example_task_group_decorator to 2022-04-10T13:27:00.894309+00:00
[2022-04-11 13:27:00,907] {processor.py:171} INFO - Processing /home/airflow/.local/lib/python3.7/site-packages/airflow/example_dags/example_task_group_decorator.py took 1.899 seconds
[2022-04-11 13:27:31,842] {processor.py:163} INFO - Started process (PID=302) to work on /home/airflow/.local/lib/python3.7/site-packages/airflow/example_dags/example_task_group_decorator.py
[2022-04-11 13:27:31,844] {processor.py:642} INFO - Processing file /home/airflow/.local/lib/python3.7/site-packages/airflow/example_dags/example_task_group_decorator.py for tasks to queue
[2022-04-11 13:27:31,845] {logging_mixin.py:109} INFO - [2022-04-11 13:27:31,845] {dagbag.py:500} INFO - Filling up the DagBag from /home/airflow/.local/lib/python3.7/site-packages/airflow/example_dags/example_task_group_decorator.py
[2022-04-11 13:27:31,876] {processor.py:652} INFO - DAG(s) dict_keys(['example_task_group_decorator']) retrieved from /home/airflow/.local/lib/python3.7/site-packages/airflow/example_dags/example_task_group_decorator.py
[2022-04-11 13:27:32,186] {logging_mixin.py:109} INFO - [2022-04-11 13:27:32,186] {dag.py:2398} INFO - Sync 1 DAGs
[2022-04-11 13:27:32,200] {logging_mixin.py:109} INFO - [2022-04-11 13:27:32,199] {dag.py:2937} INFO - Setting next_dagrun for example_task_group_decorator to 2022-04-10T13:27:32.199750+00:00
[2022-04-11 13:27:32,210] {processor.py:171} INFO - Processing /home/airflow/.local/lib/python3.7/site-packages/airflow/example_dags/example_task_group_decorator.py took 0.372 seconds
[2022-04-11 13:28:02,605] {processor.py:163} INFO - Started process (PID=353) to work on /home/airflow/.local/lib/python3.7/site-packages/airflow/example_dags/example_task_group_decorator.py
[2022-04-11 13:28:02,608] {processor.py:642} INFO - Processing file /home/airflow/.local/lib/python3.7/site-packages/airflow/example_dags/example_task_group_decorator.py for tasks to queue
[2022-04-11 13:28:02,610] {logging_mixin.py:109} INFO - [2022-04-11 13:28:02,609] {dagbag.py:500} INFO - Filling up the DagBag from /home/airflow/.local/lib/python3.7/site-packages/airflow/example_dags/example_task_group_decorator.py
[2022-04-11 13:28:02,646] {processor.py:652} INFO - DAG(s) dict_keys(['example_task_group_decorator']) retrieved from /home/airflow/.local/lib/python3.7/site-packages/airflow/example_dags/example_task_group_decorator.py
[2022-04-11 13:28:03,010] {logging_mixin.py:109} INFO - [2022-04-11 13:28:03,010] {dag.py:2398} INFO - Sync 1 DAGs
[2022-04-11 13:28:03,039] {logging_mixin.py:109} INFO - [2022-04-11 13:28:03,039] {dag.py:2937} INFO - Setting next_dagrun for example_task_group_decorator to 2022-04-10T13:28:03.039214+00:00
[2022-04-11 13:28:03,055] {processor.py:171} INFO - Processing /home/airflow/.local/lib/python3.7/site-packages/airflow/example_dags/example_task_group_decorator.py took 0.454 seconds
[2022-04-11 13:28:33,957] {processor.py:163} INFO - Started process (PID=414) to work on /home/airflow/.local/lib/python3.7/site-packages/airflow/example_dags/example_task_group_decorator.py
[2022-04-11 13:28:33,959] {processor.py:642} INFO - Processing file /home/airflow/.local/lib/python3.7/site-packages/airflow/example_dags/example_task_group_decorator.py for tasks to queue
[2022-04-11 13:28:33,961] {logging_mixin.py:109} INFO - [2022-04-11 13:28:33,961] {dagbag.py:500} INFO - Filling up the DagBag from /home/airflow/.local/lib/python3.7/site-packages/airflow/example_dags/example_task_group_decorator.py
[2022-04-11 13:28:33,998] {processor.py:652} INFO - DAG(s) dict_keys(['example_task_group_decorator']) retrieved from /home/airflow/.local/lib/python3.7/site-packages/airflow/example_dags/example_task_group_decorator.py
[2022-04-11 13:28:34,355] {logging_mixin.py:109} INFO - [2022-04-11 13:28:34,355] {dag.py:2398} INFO - Sync 1 DAGs
[2022-04-11 13:28:34,369] {logging_mixin.py:109} INFO - [2022-04-11 13:28:34,369] {dag.py:2937} INFO - Setting next_dagrun for example_task_group_decorator to 2022-04-10T13:28:34.369297+00:00
[2022-04-11 13:28:34,383] {processor.py:171} INFO - Processing /home/airflow/.local/lib/python3.7/site-packages/airflow/example_dags/example_task_group_decorator.py took 0.430 seconds
[2022-04-11 13:29:04,451] {processor.py:163} INFO - Started process (PID=466) to work on /home/airflow/.local/lib/python3.7/site-packages/airflow/example_dags/example_task_group_decorator.py
[2022-04-11 13:29:04,454] {processor.py:642} INFO - Processing file /home/airflow/.local/lib/python3.7/site-packages/airflow/example_dags/example_task_group_decorator.py for tasks to queue
[2022-04-11 13:29:04,455] {logging_mixin.py:109} INFO - [2022-04-11 13:29:04,455] {dagbag.py:500} INFO - Filling up the DagBag from /home/airflow/.local/lib/python3.7/site-packages/airflow/example_dags/example_task_group_decorator.py
[2022-04-11 13:29:04,489] {processor.py:652} INFO - DAG(s) dict_keys(['example_task_group_decorator']) retrieved from /home/airflow/.local/lib/python3.7/site-packages/airflow/example_dags/example_task_group_decorator.py
[2022-04-11 13:29:04,803] {logging_mixin.py:109} INFO - [2022-04-11 13:29:04,803] {dag.py:2398} INFO - Sync 1 DAGs
[2022-04-11 13:29:04,821] {logging_mixin.py:109} INFO - [2022-04-11 13:29:04,821] {dag.py:2937} INFO - Setting next_dagrun for example_task_group_decorator to 2022-04-10T13:29:04.820770+00:00
[2022-04-11 13:29:04,834] {processor.py:171} INFO - Processing /home/airflow/.local/lib/python3.7/site-packages/airflow/example_dags/example_task_group_decorator.py took 0.388 seconds
[2022-04-11 13:29:35,032] {processor.py:163} INFO - Started process (PID=528) to work on /home/airflow/.local/lib/python3.7/site-packages/airflow/example_dags/example_task_group_decorator.py
[2022-04-11 13:29:35,035] {processor.py:642} INFO - Processing file /home/airflow/.local/lib/python3.7/site-packages/airflow/example_dags/example_task_group_decorator.py for tasks to queue
[2022-04-11 13:29:35,036] {logging_mixin.py:109} INFO - [2022-04-11 13:29:35,036] {dagbag.py:500} INFO - Filling up the DagBag from /home/airflow/.local/lib/python3.7/site-packages/airflow/example_dags/example_task_group_decorator.py
[2022-04-11 13:29:35,075] {processor.py:652} INFO - DAG(s) dict_keys(['example_task_group_decorator']) retrieved from /home/airflow/.local/lib/python3.7/site-packages/airflow/example_dags/example_task_group_decorator.py
[2022-04-11 13:29:35,454] {logging_mixin.py:109} INFO - [2022-04-11 13:29:35,454] {dag.py:2398} INFO - Sync 1 DAGs
[2022-04-11 13:29:35,474] {logging_mixin.py:109} INFO - [2022-04-11 13:29:35,474] {dag.py:2937} INFO - Setting next_dagrun for example_task_group_decorator to 2022-04-10T13:29:35.474095+00:00
[2022-04-11 13:29:35,499] {processor.py:171} INFO - Processing /home/airflow/.local/lib/python3.7/site-packages/airflow/example_dags/example_task_group_decorator.py took 0.472 seconds
[2022-04-11 13:30:05,541] {processor.py:163} INFO - Started process (PID=579) to work on /home/airflow/.local/lib/python3.7/site-packages/airflow/example_dags/example_task_group_decorator.py
[2022-04-11 13:30:05,544] {processor.py:642} INFO - Processing file /home/airflow/.local/lib/python3.7/site-packages/airflow/example_dags/example_task_group_decorator.py for tasks to queue
[2022-04-11 13:30:05,546] {logging_mixin.py:109} INFO - [2022-04-11 13:30:05,546] {dagbag.py:500} INFO - Filling up the DagBag from /home/airflow/.local/lib/python3.7/site-packages/airflow/example_dags/example_task_group_decorator.py
[2022-04-11 13:30:05,587] {processor.py:652} INFO - DAG(s) dict_keys(['example_task_group_decorator']) retrieved from /home/airflow/.local/lib/python3.7/site-packages/airflow/example_dags/example_task_group_decorator.py
[2022-04-11 13:30:05,935] {logging_mixin.py:109} INFO - [2022-04-11 13:30:05,935] {dag.py:2398} INFO - Sync 1 DAGs
[2022-04-11 13:30:05,950] {logging_mixin.py:109} INFO - [2022-04-11 13:30:05,950] {dag.py:2937} INFO - Setting next_dagrun for example_task_group_decorator to 2022-04-10T13:30:05.950504+00:00
[2022-04-11 13:30:05,962] {processor.py:171} INFO - Processing /home/airflow/.local/lib/python3.7/site-packages/airflow/example_dags/example_task_group_decorator.py took 0.425 seconds
[2022-04-11 13:30:36,151] {processor.py:163} INFO - Started process (PID=637) to work on /home/airflow/.local/lib/python3.7/site-packages/airflow/example_dags/example_task_group_decorator.py
[2022-04-11 13:30:36,154] {processor.py:642} INFO - Processing file /home/airflow/.local/lib/python3.7/site-packages/airflow/example_dags/example_task_group_decorator.py for tasks to queue
[2022-04-11 13:30:36,155] {logging_mixin.py:109} INFO - [2022-04-11 13:30:36,154] {dagbag.py:500} INFO - Filling up the DagBag from /home/airflow/.local/lib/python3.7/site-packages/airflow/example_dags/example_task_group_decorator.py
[2022-04-11 13:30:36,182] {processor.py:652} INFO - DAG(s) dict_keys(['example_task_group_decorator']) retrieved from /home/airflow/.local/lib/python3.7/site-packages/airflow/example_dags/example_task_group_decorator.py
[2022-04-11 13:30:36,509] {logging_mixin.py:109} INFO - [2022-04-11 13:30:36,509] {dag.py:2398} INFO - Sync 1 DAGs
[2022-04-11 13:30:36,521] {logging_mixin.py:109} INFO - [2022-04-11 13:30:36,521] {dag.py:2937} INFO - Setting next_dagrun for example_task_group_decorator to 2022-04-10T13:30:36.521135+00:00
[2022-04-11 13:30:36,529] {processor.py:171} INFO - Processing /home/airflow/.local/lib/python3.7/site-packages/airflow/example_dags/example_task_group_decorator.py took 0.382 seconds
[2022-04-11 13:31:07,417] {processor.py:163} INFO - Started process (PID=692) to work on /home/airflow/.local/lib/python3.7/site-packages/airflow/example_dags/example_task_group_decorator.py
[2022-04-11 13:31:07,423] {processor.py:642} INFO - Processing file /home/airflow/.local/lib/python3.7/site-packages/airflow/example_dags/example_task_group_decorator.py for tasks to queue
[2022-04-11 13:31:07,426] {logging_mixin.py:109} INFO - [2022-04-11 13:31:07,425] {dagbag.py:500} INFO - Filling up the DagBag from /home/airflow/.local/lib/python3.7/site-packages/airflow/example_dags/example_task_group_decorator.py
[2022-04-11 13:31:07,496] {processor.py:652} INFO - DAG(s) dict_keys(['example_task_group_decorator']) retrieved from /home/airflow/.local/lib/python3.7/site-packages/airflow/example_dags/example_task_group_decorator.py
[2022-04-11 13:31:08,102] {logging_mixin.py:109} INFO - [2022-04-11 13:31:08,101] {dag.py:2398} INFO - Sync 1 DAGs
[2022-04-11 13:31:08,120] {logging_mixin.py:109} INFO - [2022-04-11 13:31:08,120] {dag.py:2937} INFO - Setting next_dagrun for example_task_group_decorator to 2022-04-10T13:31:08.119877+00:00
[2022-04-11 13:31:08,134] {processor.py:171} INFO - Processing /home/airflow/.local/lib/python3.7/site-packages/airflow/example_dags/example_task_group_decorator.py took 0.726 seconds
[2022-04-11 13:31:38,191] {processor.py:163} INFO - Started process (PID=756) to work on /home/airflow/.local/lib/python3.7/site-packages/airflow/example_dags/example_task_group_decorator.py
[2022-04-11 13:31:38,195] {processor.py:642} INFO - Processing file /home/airflow/.local/lib/python3.7/site-packages/airflow/example_dags/example_task_group_decorator.py for tasks to queue
[2022-04-11 13:31:38,198] {logging_mixin.py:109} INFO - [2022-04-11 13:31:38,198] {dagbag.py:500} INFO - Filling up the DagBag from /home/airflow/.local/lib/python3.7/site-packages/airflow/example_dags/example_task_group_decorator.py
[2022-04-11 13:31:38,234] {processor.py:652} INFO - DAG(s) dict_keys(['example_task_group_decorator']) retrieved from /home/airflow/.local/lib/python3.7/site-packages/airflow/example_dags/example_task_group_decorator.py
[2022-04-11 13:31:38,583] {logging_mixin.py:109} INFO - [2022-04-11 13:31:38,583] {dag.py:2398} INFO - Sync 1 DAGs
[2022-04-11 13:31:38,604] {logging_mixin.py:109} INFO - [2022-04-11 13:31:38,604] {dag.py:2937} INFO - Setting next_dagrun for example_task_group_decorator to 2022-04-10T13:31:38.604477+00:00
[2022-04-11 13:31:38,623] {processor.py:171} INFO - Processing /home/airflow/.local/lib/python3.7/site-packages/airflow/example_dags/example_task_group_decorator.py took 0.436 seconds
[2022-04-11 13:32:09,361] {processor.py:163} INFO - Started process (PID=818) to work on /home/airflow/.local/lib/python3.7/site-packages/airflow/example_dags/example_task_group_decorator.py
[2022-04-11 13:32:09,363] {processor.py:642} INFO - Processing file /home/airflow/.local/lib/python3.7/site-packages/airflow/example_dags/example_task_group_decorator.py for tasks to queue
[2022-04-11 13:32:09,364] {logging_mixin.py:109} INFO - [2022-04-11 13:32:09,364] {dagbag.py:500} INFO - Filling up the DagBag from /home/airflow/.local/lib/python3.7/site-packages/airflow/example_dags/example_task_group_decorator.py
[2022-04-11 13:32:09,403] {processor.py:652} INFO - DAG(s) dict_keys(['example_task_group_decorator']) retrieved from /home/airflow/.local/lib/python3.7/site-packages/airflow/example_dags/example_task_group_decorator.py
[2022-04-11 13:32:09,723] {logging_mixin.py:109} INFO - [2022-04-11 13:32:09,723] {dag.py:2398} INFO - Sync 1 DAGs
[2022-04-11 13:32:09,737] {logging_mixin.py:109} INFO - [2022-04-11 13:32:09,736] {dag.py:2937} INFO - Setting next_dagrun for example_task_group_decorator to 2022-04-10T13:32:09.736618+00:00
[2022-04-11 13:32:09,749] {processor.py:171} INFO - Processing /home/airflow/.local/lib/python3.7/site-packages/airflow/example_dags/example_task_group_decorator.py took 0.391 seconds
[2022-04-11 13:32:40,072] {processor.py:163} INFO - Started process (PID=869) to work on /home/airflow/.local/lib/python3.7/site-packages/airflow/example_dags/example_task_group_decorator.py
[2022-04-11 13:32:40,074] {processor.py:642} INFO - Processing file /home/airflow/.local/lib/python3.7/site-packages/airflow/example_dags/example_task_group_decorator.py for tasks to queue
[2022-04-11 13:32:40,076] {logging_mixin.py:109} INFO - [2022-04-11 13:32:40,076] {dagbag.py:500} INFO - Filling up the DagBag from /home/airflow/.local/lib/python3.7/site-packages/airflow/example_dags/example_task_group_decorator.py
[2022-04-11 13:32:40,110] {processor.py:652} INFO - DAG(s) dict_keys(['example_task_group_decorator']) retrieved from /home/airflow/.local/lib/python3.7/site-packages/airflow/example_dags/example_task_group_decorator.py
[2022-04-11 13:32:40,457] {logging_mixin.py:109} INFO - [2022-04-11 13:32:40,457] {dag.py:2398} INFO - Sync 1 DAGs
[2022-04-11 13:32:40,473] {logging_mixin.py:109} INFO - [2022-04-11 13:32:40,473] {dag.py:2937} INFO - Setting next_dagrun for example_task_group_decorator to 2022-04-10T13:32:40.473035+00:00
[2022-04-11 13:32:40,500] {processor.py:171} INFO - Processing /home/airflow/.local/lib/python3.7/site-packages/airflow/example_dags/example_task_group_decorator.py took 0.432 seconds
[2022-04-11 13:33:10,669] {processor.py:163} INFO - Started process (PID=932) to work on /home/airflow/.local/lib/python3.7/site-packages/airflow/example_dags/example_task_group_decorator.py
[2022-04-11 13:33:10,671] {processor.py:642} INFO - Processing file /home/airflow/.local/lib/python3.7/site-packages/airflow/example_dags/example_task_group_decorator.py for tasks to queue
[2022-04-11 13:33:10,673] {logging_mixin.py:109} INFO - [2022-04-11 13:33:10,672] {dagbag.py:500} INFO - Filling up the DagBag from /home/airflow/.local/lib/python3.7/site-packages/airflow/example_dags/example_task_group_decorator.py
[2022-04-11 13:33:10,706] {processor.py:652} INFO - DAG(s) dict_keys(['example_task_group_decorator']) retrieved from /home/airflow/.local/lib/python3.7/site-packages/airflow/example_dags/example_task_group_decorator.py
[2022-04-11 13:33:11,025] {logging_mixin.py:109} INFO - [2022-04-11 13:33:11,025] {dag.py:2398} INFO - Sync 1 DAGs
[2022-04-11 13:33:11,036] {logging_mixin.py:109} INFO - [2022-04-11 13:33:11,036] {dag.py:2937} INFO - Setting next_dagrun for example_task_group_decorator to 2022-04-10T13:33:11.036683+00:00
[2022-04-11 13:33:11,050] {processor.py:171} INFO - Processing /home/airflow/.local/lib/python3.7/site-packages/airflow/example_dags/example_task_group_decorator.py took 0.387 seconds
[2022-04-11 13:33:41,482] {processor.py:163} INFO - Started process (PID=982) to work on /home/airflow/.local/lib/python3.7/site-packages/airflow/example_dags/example_task_group_decorator.py
[2022-04-11 13:33:41,485] {processor.py:642} INFO - Processing file /home/airflow/.local/lib/python3.7/site-packages/airflow/example_dags/example_task_group_decorator.py for tasks to queue
[2022-04-11 13:33:41,486] {logging_mixin.py:109} INFO - [2022-04-11 13:33:41,486] {dagbag.py:500} INFO - Filling up the DagBag from /home/airflow/.local/lib/python3.7/site-packages/airflow/example_dags/example_task_group_decorator.py
[2022-04-11 13:33:41,545] {processor.py:652} INFO - DAG(s) dict_keys(['example_task_group_decorator']) retrieved from /home/airflow/.local/lib/python3.7/site-packages/airflow/example_dags/example_task_group_decorator.py
[2022-04-11 13:33:42,014] {logging_mixin.py:109} INFO - [2022-04-11 13:33:42,014] {dag.py:2398} INFO - Sync 1 DAGs
[2022-04-11 13:33:42,037] {logging_mixin.py:109} INFO - [2022-04-11 13:33:42,037] {dag.py:2937} INFO - Setting next_dagrun for example_task_group_decorator to 2022-04-10T13:33:42.037142+00:00
[2022-04-11 13:33:42,055] {processor.py:171} INFO - Processing /home/airflow/.local/lib/python3.7/site-packages/airflow/example_dags/example_task_group_decorator.py took 0.579 seconds
[2022-04-11 13:34:12,373] {processor.py:163} INFO - Started process (PID=1044) to work on /home/airflow/.local/lib/python3.7/site-packages/airflow/example_dags/example_task_group_decorator.py
[2022-04-11 13:34:12,377] {processor.py:642} INFO - Processing file /home/airflow/.local/lib/python3.7/site-packages/airflow/example_dags/example_task_group_decorator.py for tasks to queue
[2022-04-11 13:34:12,380] {logging_mixin.py:109} INFO - [2022-04-11 13:34:12,380] {dagbag.py:500} INFO - Filling up the DagBag from /home/airflow/.local/lib/python3.7/site-packages/airflow/example_dags/example_task_group_decorator.py
[2022-04-11 13:34:12,444] {processor.py:652} INFO - DAG(s) dict_keys(['example_task_group_decorator']) retrieved from /home/airflow/.local/lib/python3.7/site-packages/airflow/example_dags/example_task_group_decorator.py
[2022-04-11 13:34:12,832] {logging_mixin.py:109} INFO - [2022-04-11 13:34:12,832] {dag.py:2398} INFO - Sync 1 DAGs
[2022-04-11 13:34:12,848] {logging_mixin.py:109} INFO - [2022-04-11 13:34:12,848] {dag.py:2937} INFO - Setting next_dagrun for example_task_group_decorator to 2022-04-10T13:34:12.848480+00:00
[2022-04-11 13:34:12,862] {processor.py:171} INFO - Processing /home/airflow/.local/lib/python3.7/site-packages/airflow/example_dags/example_task_group_decorator.py took 0.496 seconds
[2022-04-11 13:34:42,961] {processor.py:163} INFO - Started process (PID=1097) to work on /home/airflow/.local/lib/python3.7/site-packages/airflow/example_dags/example_task_group_decorator.py
[2022-04-11 13:34:42,964] {processor.py:642} INFO - Processing file /home/airflow/.local/lib/python3.7/site-packages/airflow/example_dags/example_task_group_decorator.py for tasks to queue
[2022-04-11 13:34:42,966] {logging_mixin.py:109} INFO - [2022-04-11 13:34:42,965] {dagbag.py:500} INFO - Filling up the DagBag from /home/airflow/.local/lib/python3.7/site-packages/airflow/example_dags/example_task_group_decorator.py
[2022-04-11 13:34:43,005] {processor.py:652} INFO - DAG(s) dict_keys(['example_task_group_decorator']) retrieved from /home/airflow/.local/lib/python3.7/site-packages/airflow/example_dags/example_task_group_decorator.py
[2022-04-11 13:34:43,375] {logging_mixin.py:109} INFO - [2022-04-11 13:34:43,375] {dag.py:2398} INFO - Sync 1 DAGs
[2022-04-11 13:34:43,398] {logging_mixin.py:109} INFO - [2022-04-11 13:34:43,398] {dag.py:2937} INFO - Setting next_dagrun for example_task_group_decorator to 2022-04-10T13:34:43.397821+00:00
[2022-04-11 13:34:43,413] {processor.py:171} INFO - Processing /home/airflow/.local/lib/python3.7/site-packages/airflow/example_dags/example_task_group_decorator.py took 0.457 seconds
[2022-04-11 13:35:14,209] {processor.py:163} INFO - Started process (PID=1158) to work on /home/airflow/.local/lib/python3.7/site-packages/airflow/example_dags/example_task_group_decorator.py
[2022-04-11 13:35:14,211] {processor.py:642} INFO - Processing file /home/airflow/.local/lib/python3.7/site-packages/airflow/example_dags/example_task_group_decorator.py for tasks to queue
[2022-04-11 13:35:14,213] {logging_mixin.py:109} INFO - [2022-04-11 13:35:14,213] {dagbag.py:500} INFO - Filling up the DagBag from /home/airflow/.local/lib/python3.7/site-packages/airflow/example_dags/example_task_group_decorator.py
[2022-04-11 13:35:14,249] {processor.py:652} INFO - DAG(s) dict_keys(['example_task_group_decorator']) retrieved from /home/airflow/.local/lib/python3.7/site-packages/airflow/example_dags/example_task_group_decorator.py
[2022-04-11 13:35:14,568] {logging_mixin.py:109} INFO - [2022-04-11 13:35:14,568] {dag.py:2398} INFO - Sync 1 DAGs
[2022-04-11 13:35:14,583] {logging_mixin.py:109} INFO - [2022-04-11 13:35:14,583] {dag.py:2937} INFO - Setting next_dagrun for example_task_group_decorator to 2022-04-10T13:35:14.582946+00:00
[2022-04-11 13:35:14,595] {processor.py:171} INFO - Processing /home/airflow/.local/lib/python3.7/site-packages/airflow/example_dags/example_task_group_decorator.py took 0.392 seconds
[2022-04-11 13:35:45,477] {processor.py:163} INFO - Started process (PID=1210) to work on /home/airflow/.local/lib/python3.7/site-packages/airflow/example_dags/example_task_group_decorator.py
[2022-04-11 13:35:45,480] {processor.py:642} INFO - Processing file /home/airflow/.local/lib/python3.7/site-packages/airflow/example_dags/example_task_group_decorator.py for tasks to queue
[2022-04-11 13:35:45,481] {logging_mixin.py:109} INFO - [2022-04-11 13:35:45,481] {dagbag.py:500} INFO - Filling up the DagBag from /home/airflow/.local/lib/python3.7/site-packages/airflow/example_dags/example_task_group_decorator.py
[2022-04-11 13:35:45,538] {processor.py:652} INFO - DAG(s) dict_keys(['example_task_group_decorator']) retrieved from /home/airflow/.local/lib/python3.7/site-packages/airflow/example_dags/example_task_group_decorator.py
[2022-04-11 13:35:45,963] {logging_mixin.py:109} INFO - [2022-04-11 13:35:45,962] {dag.py:2398} INFO - Sync 1 DAGs
[2022-04-11 13:35:46,009] {logging_mixin.py:109} INFO - [2022-04-11 13:35:46,009] {dag.py:2937} INFO - Setting next_dagrun for example_task_group_decorator to 2022-04-10T13:35:46.008756+00:00
[2022-04-11 13:35:46,033] {processor.py:171} INFO - Processing /home/airflow/.local/lib/python3.7/site-packages/airflow/example_dags/example_task_group_decorator.py took 0.563 seconds
[2022-04-11 13:36:16,964] {processor.py:163} INFO - Started process (PID=1272) to work on /home/airflow/.local/lib/python3.7/site-packages/airflow/example_dags/example_task_group_decorator.py
[2022-04-11 13:36:16,966] {processor.py:642} INFO - Processing file /home/airflow/.local/lib/python3.7/site-packages/airflow/example_dags/example_task_group_decorator.py for tasks to queue
[2022-04-11 13:36:16,968] {logging_mixin.py:109} INFO - [2022-04-11 13:36:16,968] {dagbag.py:500} INFO - Filling up the DagBag from /home/airflow/.local/lib/python3.7/site-packages/airflow/example_dags/example_task_group_decorator.py
[2022-04-11 13:36:17,003] {processor.py:652} INFO - DAG(s) dict_keys(['example_task_group_decorator']) retrieved from /home/airflow/.local/lib/python3.7/site-packages/airflow/example_dags/example_task_group_decorator.py
[2022-04-11 13:36:17,404] {logging_mixin.py:109} INFO - [2022-04-11 13:36:17,404] {dag.py:2398} INFO - Sync 1 DAGs
[2022-04-11 13:36:17,422] {logging_mixin.py:109} INFO - [2022-04-11 13:36:17,422] {dag.py:2937} INFO - Setting next_dagrun for example_task_group_decorator to 2022-04-10T13:36:17.421756+00:00
[2022-04-11 13:36:17,436] {processor.py:171} INFO - Processing /home/airflow/.local/lib/python3.7/site-packages/airflow/example_dags/example_task_group_decorator.py took 0.477 seconds
[2022-04-11 13:36:47,481] {processor.py:163} INFO - Started process (PID=1329) to work on /home/airflow/.local/lib/python3.7/site-packages/airflow/example_dags/example_task_group_decorator.py
[2022-04-11 13:36:47,483] {processor.py:642} INFO - Processing file /home/airflow/.local/lib/python3.7/site-packages/airflow/example_dags/example_task_group_decorator.py for tasks to queue
[2022-04-11 13:36:47,485] {logging_mixin.py:109} INFO - [2022-04-11 13:36:47,484] {dagbag.py:500} INFO - Filling up the DagBag from /home/airflow/.local/lib/python3.7/site-packages/airflow/example_dags/example_task_group_decorator.py
[2022-04-11 13:36:47,520] {processor.py:652} INFO - DAG(s) dict_keys(['example_task_group_decorator']) retrieved from /home/airflow/.local/lib/python3.7/site-packages/airflow/example_dags/example_task_group_decorator.py
[2022-04-11 13:36:47,839] {logging_mixin.py:109} INFO - [2022-04-11 13:36:47,839] {dag.py:2398} INFO - Sync 1 DAGs
[2022-04-11 13:36:47,856] {logging_mixin.py:109} INFO - [2022-04-11 13:36:47,856] {dag.py:2937} INFO - Setting next_dagrun for example_task_group_decorator to 2022-04-10T13:36:47.856470+00:00
[2022-04-11 13:36:47,867] {processor.py:171} INFO - Processing /home/airflow/.local/lib/python3.7/site-packages/airflow/example_dags/example_task_group_decorator.py took 0.390 seconds
[2022-04-11 13:37:18,108] {processor.py:163} INFO - Started process (PID=1390) to work on /home/airflow/.local/lib/python3.7/site-packages/airflow/example_dags/example_task_group_decorator.py
[2022-04-11 13:37:18,110] {processor.py:642} INFO - Processing file /home/airflow/.local/lib/python3.7/site-packages/airflow/example_dags/example_task_group_decorator.py for tasks to queue
[2022-04-11 13:37:18,111] {logging_mixin.py:109} INFO - [2022-04-11 13:37:18,111] {dagbag.py:500} INFO - Filling up the DagBag from /home/airflow/.local/lib/python3.7/site-packages/airflow/example_dags/example_task_group_decorator.py
[2022-04-11 13:37:18,146] {processor.py:652} INFO - DAG(s) dict_keys(['example_task_group_decorator']) retrieved from /home/airflow/.local/lib/python3.7/site-packages/airflow/example_dags/example_task_group_decorator.py
[2022-04-11 13:37:18,477] {logging_mixin.py:109} INFO - [2022-04-11 13:37:18,477] {dag.py:2398} INFO - Sync 1 DAGs
[2022-04-11 13:37:18,494] {logging_mixin.py:109} INFO - [2022-04-11 13:37:18,494] {dag.py:2937} INFO - Setting next_dagrun for example_task_group_decorator to 2022-04-10T13:37:18.494505+00:00
[2022-04-11 13:37:18,507] {processor.py:171} INFO - Processing /home/airflow/.local/lib/python3.7/site-packages/airflow/example_dags/example_task_group_decorator.py took 0.403 seconds
[2022-04-11 13:37:49,002] {processor.py:163} INFO - Started process (PID=1443) to work on /home/airflow/.local/lib/python3.7/site-packages/airflow/example_dags/example_task_group_decorator.py
[2022-04-11 13:37:49,005] {processor.py:642} INFO - Processing file /home/airflow/.local/lib/python3.7/site-packages/airflow/example_dags/example_task_group_decorator.py for tasks to queue
[2022-04-11 13:37:49,007] {logging_mixin.py:109} INFO - [2022-04-11 13:37:49,007] {dagbag.py:500} INFO - Filling up the DagBag from /home/airflow/.local/lib/python3.7/site-packages/airflow/example_dags/example_task_group_decorator.py
[2022-04-11 13:37:49,044] {processor.py:652} INFO - DAG(s) dict_keys(['example_task_group_decorator']) retrieved from /home/airflow/.local/lib/python3.7/site-packages/airflow/example_dags/example_task_group_decorator.py
[2022-04-11 13:37:49,429] {logging_mixin.py:109} INFO - [2022-04-11 13:37:49,429] {dag.py:2398} INFO - Sync 1 DAGs
[2022-04-11 13:37:49,457] {logging_mixin.py:109} INFO - [2022-04-11 13:37:49,457] {dag.py:2937} INFO - Setting next_dagrun for example_task_group_decorator to 2022-04-10T13:37:49.457084+00:00
[2022-04-11 13:37:49,469] {processor.py:171} INFO - Processing /home/airflow/.local/lib/python3.7/site-packages/airflow/example_dags/example_task_group_decorator.py took 0.471 seconds
[2022-04-11 13:38:19,688] {processor.py:163} INFO - Started process (PID=1505) to work on /home/airflow/.local/lib/python3.7/site-packages/airflow/example_dags/example_task_group_decorator.py
[2022-04-11 13:38:19,690] {processor.py:642} INFO - Processing file /home/airflow/.local/lib/python3.7/site-packages/airflow/example_dags/example_task_group_decorator.py for tasks to queue
[2022-04-11 13:38:19,691] {logging_mixin.py:109} INFO - [2022-04-11 13:38:19,691] {dagbag.py:500} INFO - Filling up the DagBag from /home/airflow/.local/lib/python3.7/site-packages/airflow/example_dags/example_task_group_decorator.py
[2022-04-11 13:38:19,726] {processor.py:652} INFO - DAG(s) dict_keys(['example_task_group_decorator']) retrieved from /home/airflow/.local/lib/python3.7/site-packages/airflow/example_dags/example_task_group_decorator.py
[2022-04-11 13:38:20,104] {logging_mixin.py:109} INFO - [2022-04-11 13:38:20,104] {dag.py:2398} INFO - Sync 1 DAGs
[2022-04-11 13:38:20,126] {logging_mixin.py:109} INFO - [2022-04-11 13:38:20,126] {dag.py:2937} INFO - Setting next_dagrun for example_task_group_decorator to 2022-04-10T13:38:20.125871+00:00
[2022-04-11 13:38:20,139] {processor.py:171} INFO - Processing /home/airflow/.local/lib/python3.7/site-packages/airflow/example_dags/example_task_group_decorator.py took 0.455 seconds
[2022-04-11 13:38:50,180] {processor.py:163} INFO - Started process (PID=1557) to work on /home/airflow/.local/lib/python3.7/site-packages/airflow/example_dags/example_task_group_decorator.py
[2022-04-11 13:38:50,182] {processor.py:642} INFO - Processing file /home/airflow/.local/lib/python3.7/site-packages/airflow/example_dags/example_task_group_decorator.py for tasks to queue
[2022-04-11 13:38:50,184] {logging_mixin.py:109} INFO - [2022-04-11 13:38:50,184] {dagbag.py:500} INFO - Filling up the DagBag from /home/airflow/.local/lib/python3.7/site-packages/airflow/example_dags/example_task_group_decorator.py
[2022-04-11 13:38:50,223] {processor.py:652} INFO - DAG(s) dict_keys(['example_task_group_decorator']) retrieved from /home/airflow/.local/lib/python3.7/site-packages/airflow/example_dags/example_task_group_decorator.py
[2022-04-11 13:38:50,637] {logging_mixin.py:109} INFO - [2022-04-11 13:38:50,637] {dag.py:2398} INFO - Sync 1 DAGs
[2022-04-11 13:38:50,656] {logging_mixin.py:109} INFO - [2022-04-11 13:38:50,656] {dag.py:2937} INFO - Setting next_dagrun for example_task_group_decorator to 2022-04-10T13:38:50.655940+00:00
[2022-04-11 13:38:50,671] {processor.py:171} INFO - Processing /home/airflow/.local/lib/python3.7/site-packages/airflow/example_dags/example_task_group_decorator.py took 0.495 seconds
[2022-04-11 13:39:20,757] {processor.py:163} INFO - Started process (PID=1619) to work on /home/airflow/.local/lib/python3.7/site-packages/airflow/example_dags/example_task_group_decorator.py
[2022-04-11 13:39:20,760] {processor.py:642} INFO - Processing file /home/airflow/.local/lib/python3.7/site-packages/airflow/example_dags/example_task_group_decorator.py for tasks to queue
[2022-04-11 13:39:20,762] {logging_mixin.py:109} INFO - [2022-04-11 13:39:20,762] {dagbag.py:500} INFO - Filling up the DagBag from /home/airflow/.local/lib/python3.7/site-packages/airflow/example_dags/example_task_group_decorator.py
[2022-04-11 13:39:20,810] {processor.py:652} INFO - DAG(s) dict_keys(['example_task_group_decorator']) retrieved from /home/airflow/.local/lib/python3.7/site-packages/airflow/example_dags/example_task_group_decorator.py
[2022-04-11 13:39:21,619] {logging_mixin.py:109} INFO - [2022-04-11 13:39:21,619] {dag.py:2398} INFO - Sync 1 DAGs
[2022-04-11 13:39:21,743] {logging_mixin.py:109} INFO - [2022-04-11 13:39:21,742] {dag.py:2937} INFO - Setting next_dagrun for example_task_group_decorator to 2022-04-10T13:39:21.741899+00:00
[2022-04-11 13:39:21,870] {processor.py:171} INFO - Processing /home/airflow/.local/lib/python3.7/site-packages/airflow/example_dags/example_task_group_decorator.py took 1.120 seconds
[2022-04-11 13:39:51,916] {processor.py:163} INFO - Started process (PID=1670) to work on /home/airflow/.local/lib/python3.7/site-packages/airflow/example_dags/example_task_group_decorator.py
[2022-04-11 13:39:51,918] {processor.py:642} INFO - Processing file /home/airflow/.local/lib/python3.7/site-packages/airflow/example_dags/example_task_group_decorator.py for tasks to queue
[2022-04-11 13:39:51,919] {logging_mixin.py:109} INFO - [2022-04-11 13:39:51,919] {dagbag.py:500} INFO - Filling up the DagBag from /home/airflow/.local/lib/python3.7/site-packages/airflow/example_dags/example_task_group_decorator.py
[2022-04-11 13:39:51,957] {processor.py:652} INFO - DAG(s) dict_keys(['example_task_group_decorator']) retrieved from /home/airflow/.local/lib/python3.7/site-packages/airflow/example_dags/example_task_group_decorator.py
[2022-04-11 13:39:52,309] {logging_mixin.py:109} INFO - [2022-04-11 13:39:52,309] {dag.py:2398} INFO - Sync 1 DAGs
[2022-04-11 13:39:52,326] {logging_mixin.py:109} INFO - [2022-04-11 13:39:52,326] {dag.py:2937} INFO - Setting next_dagrun for example_task_group_decorator to 2022-04-10T13:39:52.326276+00:00
[2022-04-11 13:39:52,339] {processor.py:171} INFO - Processing /home/airflow/.local/lib/python3.7/site-packages/airflow/example_dags/example_task_group_decorator.py took 0.427 seconds
[2022-04-11 13:40:22,690] {processor.py:163} INFO - Started process (PID=1723) to work on /home/airflow/.local/lib/python3.7/site-packages/airflow/example_dags/example_task_group_decorator.py
[2022-04-11 13:40:22,692] {processor.py:642} INFO - Processing file /home/airflow/.local/lib/python3.7/site-packages/airflow/example_dags/example_task_group_decorator.py for tasks to queue
[2022-04-11 13:40:22,693] {logging_mixin.py:109} INFO - [2022-04-11 13:40:22,693] {dagbag.py:500} INFO - Filling up the DagBag from /home/airflow/.local/lib/python3.7/site-packages/airflow/example_dags/example_task_group_decorator.py
[2022-04-11 13:40:22,730] {processor.py:652} INFO - DAG(s) dict_keys(['example_task_group_decorator']) retrieved from /home/airflow/.local/lib/python3.7/site-packages/airflow/example_dags/example_task_group_decorator.py
[2022-04-11 13:40:23,061] {logging_mixin.py:109} INFO - [2022-04-11 13:40:23,060] {dag.py:2398} INFO - Sync 1 DAGs
[2022-04-11 13:40:23,076] {logging_mixin.py:109} INFO - [2022-04-11 13:40:23,076] {dag.py:2937} INFO - Setting next_dagrun for example_task_group_decorator to 2022-04-10T13:40:23.076599+00:00
[2022-04-11 13:40:23,089] {processor.py:171} INFO - Processing /home/airflow/.local/lib/python3.7/site-packages/airflow/example_dags/example_task_group_decorator.py took 0.404 seconds
[2022-04-11 13:40:53,136] {processor.py:163} INFO - Started process (PID=1789) to work on /home/airflow/.local/lib/python3.7/site-packages/airflow/example_dags/example_task_group_decorator.py
[2022-04-11 13:40:53,140] {processor.py:642} INFO - Processing file /home/airflow/.local/lib/python3.7/site-packages/airflow/example_dags/example_task_group_decorator.py for tasks to queue
[2022-04-11 13:40:53,147] {logging_mixin.py:109} INFO - [2022-04-11 13:40:53,147] {dagbag.py:500} INFO - Filling up the DagBag from /home/airflow/.local/lib/python3.7/site-packages/airflow/example_dags/example_task_group_decorator.py
[2022-04-11 13:40:53,189] {processor.py:652} INFO - DAG(s) dict_keys(['example_task_group_decorator']) retrieved from /home/airflow/.local/lib/python3.7/site-packages/airflow/example_dags/example_task_group_decorator.py
[2022-04-11 13:40:53,547] {logging_mixin.py:109} INFO - [2022-04-11 13:40:53,547] {dag.py:2398} INFO - Sync 1 DAGs
[2022-04-11 13:40:53,568] {logging_mixin.py:109} INFO - [2022-04-11 13:40:53,568] {dag.py:2937} INFO - Setting next_dagrun for example_task_group_decorator to 2022-04-10T13:40:53.567971+00:00
[2022-04-11 13:40:53,585] {processor.py:171} INFO - Processing /home/airflow/.local/lib/python3.7/site-packages/airflow/example_dags/example_task_group_decorator.py took 0.455 seconds
[2022-04-11 13:41:23,739] {processor.py:163} INFO - Started process (PID=1839) to work on /home/airflow/.local/lib/python3.7/site-packages/airflow/example_dags/example_task_group_decorator.py
[2022-04-11 13:41:23,742] {processor.py:642} INFO - Processing file /home/airflow/.local/lib/python3.7/site-packages/airflow/example_dags/example_task_group_decorator.py for tasks to queue
[2022-04-11 13:41:23,744] {logging_mixin.py:109} INFO - [2022-04-11 13:41:23,744] {dagbag.py:500} INFO - Filling up the DagBag from /home/airflow/.local/lib/python3.7/site-packages/airflow/example_dags/example_task_group_decorator.py
[2022-04-11 13:41:23,802] {processor.py:652} INFO - DAG(s) dict_keys(['example_task_group_decorator']) retrieved from /home/airflow/.local/lib/python3.7/site-packages/airflow/example_dags/example_task_group_decorator.py
[2022-04-11 13:41:24,160] {logging_mixin.py:109} INFO - [2022-04-11 13:41:24,160] {dag.py:2398} INFO - Sync 1 DAGs
[2022-04-11 13:41:24,177] {logging_mixin.py:109} INFO - [2022-04-11 13:41:24,177] {dag.py:2937} INFO - Setting next_dagrun for example_task_group_decorator to 2022-04-10T13:41:24.176796+00:00
[2022-04-11 13:41:24,190] {processor.py:171} INFO - Processing /home/airflow/.local/lib/python3.7/site-packages/airflow/example_dags/example_task_group_decorator.py took 0.457 seconds
[2022-04-11 13:41:54,242] {processor.py:163} INFO - Started process (PID=1902) to work on /home/airflow/.local/lib/python3.7/site-packages/airflow/example_dags/example_task_group_decorator.py
[2022-04-11 13:41:54,244] {processor.py:642} INFO - Processing file /home/airflow/.local/lib/python3.7/site-packages/airflow/example_dags/example_task_group_decorator.py for tasks to queue
[2022-04-11 13:41:54,246] {logging_mixin.py:109} INFO - [2022-04-11 13:41:54,245] {dagbag.py:500} INFO - Filling up the DagBag from /home/airflow/.local/lib/python3.7/site-packages/airflow/example_dags/example_task_group_decorator.py
[2022-04-11 13:41:54,282] {processor.py:652} INFO - DAG(s) dict_keys(['example_task_group_decorator']) retrieved from /home/airflow/.local/lib/python3.7/site-packages/airflow/example_dags/example_task_group_decorator.py
[2022-04-11 13:41:54,682] {logging_mixin.py:109} INFO - [2022-04-11 13:41:54,682] {dag.py:2398} INFO - Sync 1 DAGs
[2022-04-11 13:41:54,707] {logging_mixin.py:109} INFO - [2022-04-11 13:41:54,707] {dag.py:2937} INFO - Setting next_dagrun for example_task_group_decorator to 2022-04-10T13:41:54.706421+00:00
[2022-04-11 13:41:54,723] {processor.py:171} INFO - Processing /home/airflow/.local/lib/python3.7/site-packages/airflow/example_dags/example_task_group_decorator.py took 0.485 seconds
[2022-04-11 13:42:25,583] {processor.py:163} INFO - Started process (PID=1956) to work on /home/airflow/.local/lib/python3.7/site-packages/airflow/example_dags/example_task_group_decorator.py
[2022-04-11 13:42:25,584] {processor.py:642} INFO - Processing file /home/airflow/.local/lib/python3.7/site-packages/airflow/example_dags/example_task_group_decorator.py for tasks to queue
[2022-04-11 13:42:25,585] {logging_mixin.py:109} INFO - [2022-04-11 13:42:25,585] {dagbag.py:500} INFO - Filling up the DagBag from /home/airflow/.local/lib/python3.7/site-packages/airflow/example_dags/example_task_group_decorator.py
[2022-04-11 13:42:25,621] {processor.py:652} INFO - DAG(s) dict_keys(['example_task_group_decorator']) retrieved from /home/airflow/.local/lib/python3.7/site-packages/airflow/example_dags/example_task_group_decorator.py
[2022-04-11 13:42:25,948] {logging_mixin.py:109} INFO - [2022-04-11 13:42:25,948] {dag.py:2398} INFO - Sync 1 DAGs
[2022-04-11 13:42:25,966] {logging_mixin.py:109} INFO - [2022-04-11 13:42:25,966] {dag.py:2937} INFO - Setting next_dagrun for example_task_group_decorator to 2022-04-10T13:42:25.966414+00:00
[2022-04-11 13:42:25,978] {processor.py:171} INFO - Processing /home/airflow/.local/lib/python3.7/site-packages/airflow/example_dags/example_task_group_decorator.py took 0.399 seconds
[2022-04-11 13:42:56,628] {processor.py:163} INFO - Started process (PID=2019) to work on /home/airflow/.local/lib/python3.7/site-packages/airflow/example_dags/example_task_group_decorator.py
[2022-04-11 13:42:56,631] {processor.py:642} INFO - Processing file /home/airflow/.local/lib/python3.7/site-packages/airflow/example_dags/example_task_group_decorator.py for tasks to queue
[2022-04-11 13:42:56,632] {logging_mixin.py:109} INFO - [2022-04-11 13:42:56,632] {dagbag.py:500} INFO - Filling up the DagBag from /home/airflow/.local/lib/python3.7/site-packages/airflow/example_dags/example_task_group_decorator.py
[2022-04-11 13:42:56,670] {processor.py:652} INFO - DAG(s) dict_keys(['example_task_group_decorator']) retrieved from /home/airflow/.local/lib/python3.7/site-packages/airflow/example_dags/example_task_group_decorator.py
[2022-04-11 13:42:57,004] {logging_mixin.py:109} INFO - [2022-04-11 13:42:57,004] {dag.py:2398} INFO - Sync 1 DAGs
[2022-04-11 13:42:57,027] {logging_mixin.py:109} INFO - [2022-04-11 13:42:57,027] {dag.py:2937} INFO - Setting next_dagrun for example_task_group_decorator to 2022-04-10T13:42:57.027458+00:00
[2022-04-11 13:42:57,048] {processor.py:171} INFO - Processing /home/airflow/.local/lib/python3.7/site-packages/airflow/example_dags/example_task_group_decorator.py took 0.425 seconds
[2022-04-11 13:43:27,985] {processor.py:163} INFO - Started process (PID=2071) to work on /home/airflow/.local/lib/python3.7/site-packages/airflow/example_dags/example_task_group_decorator.py
[2022-04-11 13:43:27,990] {processor.py:642} INFO - Processing file /home/airflow/.local/lib/python3.7/site-packages/airflow/example_dags/example_task_group_decorator.py for tasks to queue
[2022-04-11 13:43:27,991] {logging_mixin.py:109} INFO - [2022-04-11 13:43:27,991] {dagbag.py:500} INFO - Filling up the DagBag from /home/airflow/.local/lib/python3.7/site-packages/airflow/example_dags/example_task_group_decorator.py
[2022-04-11 13:43:28,028] {processor.py:652} INFO - DAG(s) dict_keys(['example_task_group_decorator']) retrieved from /home/airflow/.local/lib/python3.7/site-packages/airflow/example_dags/example_task_group_decorator.py
[2022-04-11 13:43:28,346] {logging_mixin.py:109} INFO - [2022-04-11 13:43:28,346] {dag.py:2398} INFO - Sync 1 DAGs
[2022-04-11 13:43:28,360] {logging_mixin.py:109} INFO - [2022-04-11 13:43:28,360] {dag.py:2937} INFO - Setting next_dagrun for example_task_group_decorator to 2022-04-10T13:43:28.360478+00:00
[2022-04-11 13:43:28,371] {processor.py:171} INFO - Processing /home/airflow/.local/lib/python3.7/site-packages/airflow/example_dags/example_task_group_decorator.py took 0.391 seconds
[2022-04-11 13:43:58,632] {processor.py:163} INFO - Started process (PID=2135) to work on /home/airflow/.local/lib/python3.7/site-packages/airflow/example_dags/example_task_group_decorator.py
[2022-04-11 13:43:58,634] {processor.py:642} INFO - Processing file /home/airflow/.local/lib/python3.7/site-packages/airflow/example_dags/example_task_group_decorator.py for tasks to queue
[2022-04-11 13:43:58,635] {logging_mixin.py:109} INFO - [2022-04-11 13:43:58,635] {dagbag.py:500} INFO - Filling up the DagBag from /home/airflow/.local/lib/python3.7/site-packages/airflow/example_dags/example_task_group_decorator.py
[2022-04-11 13:43:58,686] {processor.py:652} INFO - DAG(s) dict_keys(['example_task_group_decorator']) retrieved from /home/airflow/.local/lib/python3.7/site-packages/airflow/example_dags/example_task_group_decorator.py
[2022-04-11 13:43:59,103] {logging_mixin.py:109} INFO - [2022-04-11 13:43:59,103] {dag.py:2398} INFO - Sync 1 DAGs
[2022-04-11 13:43:59,120] {logging_mixin.py:109} INFO - [2022-04-11 13:43:59,120] {dag.py:2937} INFO - Setting next_dagrun for example_task_group_decorator to 2022-04-10T13:43:59.120458+00:00
[2022-04-11 13:43:59,133] {processor.py:171} INFO - Processing /home/airflow/.local/lib/python3.7/site-packages/airflow/example_dags/example_task_group_decorator.py took 0.506 seconds
[2022-04-11 13:44:29,415] {processor.py:163} INFO - Started process (PID=2187) to work on /home/airflow/.local/lib/python3.7/site-packages/airflow/example_dags/example_task_group_decorator.py
[2022-04-11 13:44:29,418] {processor.py:642} INFO - Processing file /home/airflow/.local/lib/python3.7/site-packages/airflow/example_dags/example_task_group_decorator.py for tasks to queue
[2022-04-11 13:44:29,420] {logging_mixin.py:109} INFO - [2022-04-11 13:44:29,420] {dagbag.py:500} INFO - Filling up the DagBag from /home/airflow/.local/lib/python3.7/site-packages/airflow/example_dags/example_task_group_decorator.py
[2022-04-11 13:44:29,458] {processor.py:652} INFO - DAG(s) dict_keys(['example_task_group_decorator']) retrieved from /home/airflow/.local/lib/python3.7/site-packages/airflow/example_dags/example_task_group_decorator.py
[2022-04-11 13:44:29,816] {logging_mixin.py:109} INFO - [2022-04-11 13:44:29,816] {dag.py:2398} INFO - Sync 1 DAGs
[2022-04-11 13:44:29,841] {logging_mixin.py:109} INFO - [2022-04-11 13:44:29,841] {dag.py:2937} INFO - Setting next_dagrun for example_task_group_decorator to 2022-04-10T13:44:29.841438+00:00
[2022-04-11 13:44:29,860] {processor.py:171} INFO - Processing /home/airflow/.local/lib/python3.7/site-packages/airflow/example_dags/example_task_group_decorator.py took 0.450 seconds
[2022-04-11 13:45:00,667] {processor.py:163} INFO - Started process (PID=2238) to work on /home/airflow/.local/lib/python3.7/site-packages/airflow/example_dags/example_task_group_decorator.py
[2022-04-11 13:45:00,670] {processor.py:642} INFO - Processing file /home/airflow/.local/lib/python3.7/site-packages/airflow/example_dags/example_task_group_decorator.py for tasks to queue
[2022-04-11 13:45:00,672] {logging_mixin.py:109} INFO - [2022-04-11 13:45:00,672] {dagbag.py:500} INFO - Filling up the DagBag from /home/airflow/.local/lib/python3.7/site-packages/airflow/example_dags/example_task_group_decorator.py
[2022-04-11 13:45:00,724] {processor.py:652} INFO - DAG(s) dict_keys(['example_task_group_decorator']) retrieved from /home/airflow/.local/lib/python3.7/site-packages/airflow/example_dags/example_task_group_decorator.py
[2022-04-11 13:45:01,153] {logging_mixin.py:109} INFO - [2022-04-11 13:45:01,153] {dag.py:2398} INFO - Sync 1 DAGs
[2022-04-11 13:45:01,187] {logging_mixin.py:109} INFO - [2022-04-11 13:45:01,186] {dag.py:2937} INFO - Setting next_dagrun for example_task_group_decorator to 2022-04-10T13:45:01.185971+00:00
[2022-04-11 13:45:01,218] {processor.py:171} INFO - Processing /home/airflow/.local/lib/python3.7/site-packages/airflow/example_dags/example_task_group_decorator.py took 0.556 seconds
[2022-04-11 13:45:31,344] {processor.py:163} INFO - Started process (PID=2298) to work on /home/airflow/.local/lib/python3.7/site-packages/airflow/example_dags/example_task_group_decorator.py
[2022-04-11 13:45:31,348] {processor.py:642} INFO - Processing file /home/airflow/.local/lib/python3.7/site-packages/airflow/example_dags/example_task_group_decorator.py for tasks to queue
[2022-04-11 13:45:31,352] {logging_mixin.py:109} INFO - [2022-04-11 13:45:31,351] {dagbag.py:500} INFO - Filling up the DagBag from /home/airflow/.local/lib/python3.7/site-packages/airflow/example_dags/example_task_group_decorator.py
[2022-04-11 13:45:31,415] {processor.py:652} INFO - DAG(s) dict_keys(['example_task_group_decorator']) retrieved from /home/airflow/.local/lib/python3.7/site-packages/airflow/example_dags/example_task_group_decorator.py
[2022-04-11 13:45:32,028] {logging_mixin.py:109} INFO - [2022-04-11 13:45:32,028] {dag.py:2398} INFO - Sync 1 DAGs
[2022-04-11 13:45:32,063] {logging_mixin.py:109} INFO - [2022-04-11 13:45:32,063] {dag.py:2937} INFO - Setting next_dagrun for example_task_group_decorator to 2022-04-10T13:45:32.061937+00:00
[2022-04-11 13:45:32,093] {processor.py:171} INFO - Processing /home/airflow/.local/lib/python3.7/site-packages/airflow/example_dags/example_task_group_decorator.py took 0.758 seconds
[2022-04-11 13:46:02,331] {processor.py:163} INFO - Started process (PID=2350) to work on /home/airflow/.local/lib/python3.7/site-packages/airflow/example_dags/example_task_group_decorator.py
[2022-04-11 13:46:02,333] {processor.py:642} INFO - Processing file /home/airflow/.local/lib/python3.7/site-packages/airflow/example_dags/example_task_group_decorator.py for tasks to queue
[2022-04-11 13:46:02,335] {logging_mixin.py:109} INFO - [2022-04-11 13:46:02,334] {dagbag.py:500} INFO - Filling up the DagBag from /home/airflow/.local/lib/python3.7/site-packages/airflow/example_dags/example_task_group_decorator.py
[2022-04-11 13:46:02,383] {processor.py:652} INFO - DAG(s) dict_keys(['example_task_group_decorator']) retrieved from /home/airflow/.local/lib/python3.7/site-packages/airflow/example_dags/example_task_group_decorator.py
[2022-04-11 13:46:02,761] {logging_mixin.py:109} INFO - [2022-04-11 13:46:02,761] {dag.py:2398} INFO - Sync 1 DAGs
[2022-04-11 13:46:02,789] {logging_mixin.py:109} INFO - [2022-04-11 13:46:02,789] {dag.py:2937} INFO - Setting next_dagrun for example_task_group_decorator to 2022-04-10T13:46:02.789346+00:00
[2022-04-11 13:46:02,805] {processor.py:171} INFO - Processing /home/airflow/.local/lib/python3.7/site-packages/airflow/example_dags/example_task_group_decorator.py took 0.481 seconds
[2022-04-11 13:46:33,455] {processor.py:163} INFO - Started process (PID=2412) to work on /home/airflow/.local/lib/python3.7/site-packages/airflow/example_dags/example_task_group_decorator.py
[2022-04-11 13:46:33,462] {processor.py:642} INFO - Processing file /home/airflow/.local/lib/python3.7/site-packages/airflow/example_dags/example_task_group_decorator.py for tasks to queue
[2022-04-11 13:46:33,467] {logging_mixin.py:109} INFO - [2022-04-11 13:46:33,467] {dagbag.py:500} INFO - Filling up the DagBag from /home/airflow/.local/lib/python3.7/site-packages/airflow/example_dags/example_task_group_decorator.py
[2022-04-11 13:46:33,564] {processor.py:652} INFO - DAG(s) dict_keys(['example_task_group_decorator']) retrieved from /home/airflow/.local/lib/python3.7/site-packages/airflow/example_dags/example_task_group_decorator.py
[2022-04-11 13:46:34,183] {logging_mixin.py:109} INFO - [2022-04-11 13:46:34,182] {dag.py:2398} INFO - Sync 1 DAGs
[2022-04-11 13:46:34,209] {logging_mixin.py:109} INFO - [2022-04-11 13:46:34,208] {dag.py:2937} INFO - Setting next_dagrun for example_task_group_decorator to 2022-04-10T13:46:34.208277+00:00
[2022-04-11 13:46:34,234] {processor.py:171} INFO - Processing /home/airflow/.local/lib/python3.7/site-packages/airflow/example_dags/example_task_group_decorator.py took 0.788 seconds
[2022-04-11 13:47:04,339] {processor.py:163} INFO - Started process (PID=2466) to work on /home/airflow/.local/lib/python3.7/site-packages/airflow/example_dags/example_task_group_decorator.py
[2022-04-11 13:47:04,341] {processor.py:642} INFO - Processing file /home/airflow/.local/lib/python3.7/site-packages/airflow/example_dags/example_task_group_decorator.py for tasks to queue
[2022-04-11 13:47:04,343] {logging_mixin.py:109} INFO - [2022-04-11 13:47:04,343] {dagbag.py:500} INFO - Filling up the DagBag from /home/airflow/.local/lib/python3.7/site-packages/airflow/example_dags/example_task_group_decorator.py
[2022-04-11 13:47:04,380] {processor.py:652} INFO - DAG(s) dict_keys(['example_task_group_decorator']) retrieved from /home/airflow/.local/lib/python3.7/site-packages/airflow/example_dags/example_task_group_decorator.py
[2022-04-11 13:47:04,703] {logging_mixin.py:109} INFO - [2022-04-11 13:47:04,703] {dag.py:2398} INFO - Sync 1 DAGs
[2022-04-11 13:47:04,717] {logging_mixin.py:109} INFO - [2022-04-11 13:47:04,717] {dag.py:2937} INFO - Setting next_dagrun for example_task_group_decorator to 2022-04-10T13:47:04.717668+00:00
[2022-04-11 13:47:04,732] {processor.py:171} INFO - Processing /home/airflow/.local/lib/python3.7/site-packages/airflow/example_dags/example_task_group_decorator.py took 0.398 seconds
[2022-04-11 13:47:34,938] {processor.py:163} INFO - Started process (PID=2519) to work on /home/airflow/.local/lib/python3.7/site-packages/airflow/example_dags/example_task_group_decorator.py
[2022-04-11 13:47:34,942] {processor.py:642} INFO - Processing file /home/airflow/.local/lib/python3.7/site-packages/airflow/example_dags/example_task_group_decorator.py for tasks to queue
[2022-04-11 13:47:34,944] {logging_mixin.py:109} INFO - [2022-04-11 13:47:34,944] {dagbag.py:500} INFO - Filling up the DagBag from /home/airflow/.local/lib/python3.7/site-packages/airflow/example_dags/example_task_group_decorator.py
[2022-04-11 13:47:35,015] {processor.py:652} INFO - DAG(s) dict_keys(['example_task_group_decorator']) retrieved from /home/airflow/.local/lib/python3.7/site-packages/airflow/example_dags/example_task_group_decorator.py
[2022-04-11 13:47:35,554] {logging_mixin.py:109} INFO - [2022-04-11 13:47:35,554] {dag.py:2398} INFO - Sync 1 DAGs
[2022-04-11 13:47:35,583] {logging_mixin.py:109} INFO - [2022-04-11 13:47:35,582] {dag.py:2937} INFO - Setting next_dagrun for example_task_group_decorator to 2022-04-10T13:47:35.582496+00:00
[2022-04-11 13:47:35,610] {processor.py:171} INFO - Processing /home/airflow/.local/lib/python3.7/site-packages/airflow/example_dags/example_task_group_decorator.py took 0.683 seconds
[2022-04-11 13:48:05,983] {processor.py:163} INFO - Started process (PID=2582) to work on /home/airflow/.local/lib/python3.7/site-packages/airflow/example_dags/example_task_group_decorator.py
[2022-04-11 13:48:05,984] {processor.py:642} INFO - Processing file /home/airflow/.local/lib/python3.7/site-packages/airflow/example_dags/example_task_group_decorator.py for tasks to queue
[2022-04-11 13:48:05,986] {logging_mixin.py:109} INFO - [2022-04-11 13:48:05,985] {dagbag.py:500} INFO - Filling up the DagBag from /home/airflow/.local/lib/python3.7/site-packages/airflow/example_dags/example_task_group_decorator.py
[2022-04-11 13:48:06,021] {processor.py:652} INFO - DAG(s) dict_keys(['example_task_group_decorator']) retrieved from /home/airflow/.local/lib/python3.7/site-packages/airflow/example_dags/example_task_group_decorator.py
[2022-04-11 13:48:06,323] {logging_mixin.py:109} INFO - [2022-04-11 13:48:06,323] {dag.py:2398} INFO - Sync 1 DAGs
[2022-04-11 13:48:06,335] {logging_mixin.py:109} INFO - [2022-04-11 13:48:06,335] {dag.py:2937} INFO - Setting next_dagrun for example_task_group_decorator to 2022-04-10T13:48:06.335098+00:00
[2022-04-11 13:48:06,344] {processor.py:171} INFO - Processing /home/airflow/.local/lib/python3.7/site-packages/airflow/example_dags/example_task_group_decorator.py took 0.366 seconds
[2022-04-11 13:48:36,658] {processor.py:163} INFO - Started process (PID=2634) to work on /home/airflow/.local/lib/python3.7/site-packages/airflow/example_dags/example_task_group_decorator.py
[2022-04-11 13:48:36,660] {processor.py:642} INFO - Processing file /home/airflow/.local/lib/python3.7/site-packages/airflow/example_dags/example_task_group_decorator.py for tasks to queue
[2022-04-11 13:48:36,661] {logging_mixin.py:109} INFO - [2022-04-11 13:48:36,661] {dagbag.py:500} INFO - Filling up the DagBag from /home/airflow/.local/lib/python3.7/site-packages/airflow/example_dags/example_task_group_decorator.py
[2022-04-11 13:48:36,696] {processor.py:652} INFO - DAG(s) dict_keys(['example_task_group_decorator']) retrieved from /home/airflow/.local/lib/python3.7/site-packages/airflow/example_dags/example_task_group_decorator.py
[2022-04-11 13:48:37,021] {logging_mixin.py:109} INFO - [2022-04-11 13:48:37,021] {dag.py:2398} INFO - Sync 1 DAGs
[2022-04-11 13:48:37,035] {logging_mixin.py:109} INFO - [2022-04-11 13:48:37,035] {dag.py:2937} INFO - Setting next_dagrun for example_task_group_decorator to 2022-04-10T13:48:37.034826+00:00
[2022-04-11 13:48:37,047] {processor.py:171} INFO - Processing /home/airflow/.local/lib/python3.7/site-packages/airflow/example_dags/example_task_group_decorator.py took 0.394 seconds
[2022-04-11 13:49:07,383] {processor.py:163} INFO - Started process (PID=2697) to work on /home/airflow/.local/lib/python3.7/site-packages/airflow/example_dags/example_task_group_decorator.py
[2022-04-11 13:49:07,385] {processor.py:642} INFO - Processing file /home/airflow/.local/lib/python3.7/site-packages/airflow/example_dags/example_task_group_decorator.py for tasks to queue
[2022-04-11 13:49:07,387] {logging_mixin.py:109} INFO - [2022-04-11 13:49:07,386] {dagbag.py:500} INFO - Filling up the DagBag from /home/airflow/.local/lib/python3.7/site-packages/airflow/example_dags/example_task_group_decorator.py
[2022-04-11 13:49:07,432] {processor.py:652} INFO - DAG(s) dict_keys(['example_task_group_decorator']) retrieved from /home/airflow/.local/lib/python3.7/site-packages/airflow/example_dags/example_task_group_decorator.py
[2022-04-11 13:49:07,817] {logging_mixin.py:109} INFO - [2022-04-11 13:49:07,816] {dag.py:2398} INFO - Sync 1 DAGs
[2022-04-11 13:49:07,835] {logging_mixin.py:109} INFO - [2022-04-11 13:49:07,835] {dag.py:2937} INFO - Setting next_dagrun for example_task_group_decorator to 2022-04-10T13:49:07.835380+00:00
[2022-04-11 13:49:07,848] {processor.py:171} INFO - Processing /home/airflow/.local/lib/python3.7/site-packages/airflow/example_dags/example_task_group_decorator.py took 0.472 seconds
