[2022-04-11 13:26:47,230] {processor.py:163} INFO - Started process (PID=53) to work on /home/airflow/.local/lib/python3.7/site-packages/airflow/example_dags/example_branch_operator.py
[2022-04-11 13:26:47,232] {processor.py:642} INFO - Processing file /home/airflow/.local/lib/python3.7/site-packages/airflow/example_dags/example_branch_operator.py for tasks to queue
[2022-04-11 13:26:47,235] {logging_mixin.py:109} INFO - [2022-04-11 13:26:47,234] {dagbag.py:500} INFO - Filling up the DagBag from /home/airflow/.local/lib/python3.7/site-packages/airflow/example_dags/example_branch_operator.py
[2022-04-11 13:26:47,298] {processor.py:652} INFO - DAG(s) dict_keys(['example_branch_operator']) retrieved from /home/airflow/.local/lib/python3.7/site-packages/airflow/example_dags/example_branch_operator.py
[2022-04-11 13:26:49,723] {logging_mixin.py:109} INFO - [2022-04-11 13:26:49,723] {manager.py:496} INFO - Created Permission View: can read on DAG:example_branch_operator
[2022-04-11 13:26:49,756] {logging_mixin.py:109} INFO - [2022-04-11 13:26:49,755] {manager.py:496} INFO - Created Permission View: can edit on DAG:example_branch_operator
[2022-04-11 13:26:49,764] {logging_mixin.py:109} INFO - [2022-04-11 13:26:49,761] {dag.py:2398} INFO - Sync 1 DAGs
[2022-04-11 13:26:49,784] {logging_mixin.py:109} INFO - [2022-04-11 13:26:49,783] {dag.py:2417} INFO - Creating ORM DAG for example_branch_operator
[2022-04-11 13:26:49,805] {logging_mixin.py:109} INFO - [2022-04-11 13:26:49,805] {dag.py:2937} INFO - Setting next_dagrun for example_branch_operator to 2022-04-10 00:00:00+00:00
[2022-04-11 13:26:49,822] {processor.py:171} INFO - Processing /home/airflow/.local/lib/python3.7/site-packages/airflow/example_dags/example_branch_operator.py took 2.597 seconds
[2022-04-11 13:27:20,135] {processor.py:163} INFO - Started process (PID=283) to work on /home/airflow/.local/lib/python3.7/site-packages/airflow/example_dags/example_branch_operator.py
[2022-04-11 13:27:20,137] {processor.py:642} INFO - Processing file /home/airflow/.local/lib/python3.7/site-packages/airflow/example_dags/example_branch_operator.py for tasks to queue
[2022-04-11 13:27:20,138] {logging_mixin.py:109} INFO - [2022-04-11 13:27:20,138] {dagbag.py:500} INFO - Filling up the DagBag from /home/airflow/.local/lib/python3.7/site-packages/airflow/example_dags/example_branch_operator.py
[2022-04-11 13:27:20,165] {processor.py:652} INFO - DAG(s) dict_keys(['example_branch_operator']) retrieved from /home/airflow/.local/lib/python3.7/site-packages/airflow/example_dags/example_branch_operator.py
[2022-04-11 13:27:20,194] {logging_mixin.py:109} INFO - [2022-04-11 13:27:20,194] {dag.py:2398} INFO - Sync 1 DAGs
[2022-04-11 13:27:20,216] {logging_mixin.py:109} INFO - [2022-04-11 13:27:20,216] {dag.py:2937} INFO - Setting next_dagrun for example_branch_operator to 2022-04-10 00:00:00+00:00
[2022-04-11 13:27:20,227] {processor.py:171} INFO - Processing /home/airflow/.local/lib/python3.7/site-packages/airflow/example_dags/example_branch_operator.py took 0.096 seconds
[2022-04-11 13:27:50,383] {processor.py:163} INFO - Started process (PID=334) to work on /home/airflow/.local/lib/python3.7/site-packages/airflow/example_dags/example_branch_operator.py
[2022-04-11 13:27:50,402] {processor.py:642} INFO - Processing file /home/airflow/.local/lib/python3.7/site-packages/airflow/example_dags/example_branch_operator.py for tasks to queue
[2022-04-11 13:27:50,416] {logging_mixin.py:109} INFO - [2022-04-11 13:27:50,412] {dagbag.py:500} INFO - Filling up the DagBag from /home/airflow/.local/lib/python3.7/site-packages/airflow/example_dags/example_branch_operator.py
[2022-04-11 13:27:50,474] {processor.py:652} INFO - DAG(s) dict_keys(['example_branch_operator']) retrieved from /home/airflow/.local/lib/python3.7/site-packages/airflow/example_dags/example_branch_operator.py
[2022-04-11 13:27:50,505] {logging_mixin.py:109} INFO - [2022-04-11 13:27:50,505] {dag.py:2398} INFO - Sync 1 DAGs
[2022-04-11 13:27:50,529] {logging_mixin.py:109} INFO - [2022-04-11 13:27:50,528] {dag.py:2937} INFO - Setting next_dagrun for example_branch_operator to 2022-04-10 00:00:00+00:00
[2022-04-11 13:27:50,548] {processor.py:171} INFO - Processing /home/airflow/.local/lib/python3.7/site-packages/airflow/example_dags/example_branch_operator.py took 0.206 seconds
[2022-04-11 13:28:20,602] {processor.py:163} INFO - Started process (PID=395) to work on /home/airflow/.local/lib/python3.7/site-packages/airflow/example_dags/example_branch_operator.py
[2022-04-11 13:28:20,605] {processor.py:642} INFO - Processing file /home/airflow/.local/lib/python3.7/site-packages/airflow/example_dags/example_branch_operator.py for tasks to queue
[2022-04-11 13:28:20,606] {logging_mixin.py:109} INFO - [2022-04-11 13:28:20,606] {dagbag.py:500} INFO - Filling up the DagBag from /home/airflow/.local/lib/python3.7/site-packages/airflow/example_dags/example_branch_operator.py
[2022-04-11 13:28:20,630] {processor.py:652} INFO - DAG(s) dict_keys(['example_branch_operator']) retrieved from /home/airflow/.local/lib/python3.7/site-packages/airflow/example_dags/example_branch_operator.py
[2022-04-11 13:28:20,666] {logging_mixin.py:109} INFO - [2022-04-11 13:28:20,666] {dag.py:2398} INFO - Sync 1 DAGs
[2022-04-11 13:28:20,703] {logging_mixin.py:109} INFO - [2022-04-11 13:28:20,703] {dag.py:2937} INFO - Setting next_dagrun for example_branch_operator to 2022-04-10 00:00:00+00:00
[2022-04-11 13:28:20,716] {processor.py:171} INFO - Processing /home/airflow/.local/lib/python3.7/site-packages/airflow/example_dags/example_branch_operator.py took 0.119 seconds
[2022-04-11 13:28:50,894] {processor.py:163} INFO - Started process (PID=446) to work on /home/airflow/.local/lib/python3.7/site-packages/airflow/example_dags/example_branch_operator.py
[2022-04-11 13:28:50,897] {processor.py:642} INFO - Processing file /home/airflow/.local/lib/python3.7/site-packages/airflow/example_dags/example_branch_operator.py for tasks to queue
[2022-04-11 13:28:50,899] {logging_mixin.py:109} INFO - [2022-04-11 13:28:50,899] {dagbag.py:500} INFO - Filling up the DagBag from /home/airflow/.local/lib/python3.7/site-packages/airflow/example_dags/example_branch_operator.py
[2022-04-11 13:28:50,945] {processor.py:652} INFO - DAG(s) dict_keys(['example_branch_operator']) retrieved from /home/airflow/.local/lib/python3.7/site-packages/airflow/example_dags/example_branch_operator.py
[2022-04-11 13:28:50,985] {logging_mixin.py:109} INFO - [2022-04-11 13:28:50,985] {dag.py:2398} INFO - Sync 1 DAGs
[2022-04-11 13:28:51,021] {logging_mixin.py:109} INFO - [2022-04-11 13:28:51,020] {dag.py:2937} INFO - Setting next_dagrun for example_branch_operator to 2022-04-10 00:00:00+00:00
[2022-04-11 13:28:51,039] {processor.py:171} INFO - Processing /home/airflow/.local/lib/python3.7/site-packages/airflow/example_dags/example_branch_operator.py took 0.151 seconds
[2022-04-11 13:29:21,115] {processor.py:163} INFO - Started process (PID=506) to work on /home/airflow/.local/lib/python3.7/site-packages/airflow/example_dags/example_branch_operator.py
[2022-04-11 13:29:21,117] {processor.py:642} INFO - Processing file /home/airflow/.local/lib/python3.7/site-packages/airflow/example_dags/example_branch_operator.py for tasks to queue
[2022-04-11 13:29:21,119] {logging_mixin.py:109} INFO - [2022-04-11 13:29:21,118] {dagbag.py:500} INFO - Filling up the DagBag from /home/airflow/.local/lib/python3.7/site-packages/airflow/example_dags/example_branch_operator.py
[2022-04-11 13:29:21,144] {processor.py:652} INFO - DAG(s) dict_keys(['example_branch_operator']) retrieved from /home/airflow/.local/lib/python3.7/site-packages/airflow/example_dags/example_branch_operator.py
[2022-04-11 13:29:21,176] {logging_mixin.py:109} INFO - [2022-04-11 13:29:21,175] {dag.py:2398} INFO - Sync 1 DAGs
[2022-04-11 13:29:21,209] {logging_mixin.py:109} INFO - [2022-04-11 13:29:21,209] {dag.py:2937} INFO - Setting next_dagrun for example_branch_operator to 2022-04-10 00:00:00+00:00
[2022-04-11 13:29:21,224] {processor.py:171} INFO - Processing /home/airflow/.local/lib/python3.7/site-packages/airflow/example_dags/example_branch_operator.py took 0.116 seconds
[2022-04-11 13:29:51,325] {processor.py:163} INFO - Started process (PID=559) to work on /home/airflow/.local/lib/python3.7/site-packages/airflow/example_dags/example_branch_operator.py
[2022-04-11 13:29:51,329] {processor.py:642} INFO - Processing file /home/airflow/.local/lib/python3.7/site-packages/airflow/example_dags/example_branch_operator.py for tasks to queue
[2022-04-11 13:29:51,330] {logging_mixin.py:109} INFO - [2022-04-11 13:29:51,330] {dagbag.py:500} INFO - Filling up the DagBag from /home/airflow/.local/lib/python3.7/site-packages/airflow/example_dags/example_branch_operator.py
[2022-04-11 13:29:51,355] {processor.py:652} INFO - DAG(s) dict_keys(['example_branch_operator']) retrieved from /home/airflow/.local/lib/python3.7/site-packages/airflow/example_dags/example_branch_operator.py
[2022-04-11 13:29:51,384] {logging_mixin.py:109} INFO - [2022-04-11 13:29:51,384] {dag.py:2398} INFO - Sync 1 DAGs
[2022-04-11 13:29:51,410] {logging_mixin.py:109} INFO - [2022-04-11 13:29:51,410] {dag.py:2937} INFO - Setting next_dagrun for example_branch_operator to 2022-04-10 00:00:00+00:00
[2022-04-11 13:29:51,423] {processor.py:171} INFO - Processing /home/airflow/.local/lib/python3.7/site-packages/airflow/example_dags/example_branch_operator.py took 0.102 seconds
[2022-04-11 13:30:21,557] {processor.py:163} INFO - Started process (PID=605) to work on /home/airflow/.local/lib/python3.7/site-packages/airflow/example_dags/example_branch_operator.py
[2022-04-11 13:30:21,559] {processor.py:642} INFO - Processing file /home/airflow/.local/lib/python3.7/site-packages/airflow/example_dags/example_branch_operator.py for tasks to queue
[2022-04-11 13:30:21,562] {logging_mixin.py:109} INFO - [2022-04-11 13:30:21,562] {dagbag.py:500} INFO - Filling up the DagBag from /home/airflow/.local/lib/python3.7/site-packages/airflow/example_dags/example_branch_operator.py
[2022-04-11 13:30:21,604] {processor.py:652} INFO - DAG(s) dict_keys(['example_branch_operator']) retrieved from /home/airflow/.local/lib/python3.7/site-packages/airflow/example_dags/example_branch_operator.py
[2022-04-11 13:30:21,653] {logging_mixin.py:109} INFO - [2022-04-11 13:30:21,653] {dag.py:2398} INFO - Sync 1 DAGs
[2022-04-11 13:30:21,691] {logging_mixin.py:109} INFO - [2022-04-11 13:30:21,691] {dag.py:2937} INFO - Setting next_dagrun for example_branch_operator to 2022-04-10 00:00:00+00:00
[2022-04-11 13:30:21,710] {processor.py:171} INFO - Processing /home/airflow/.local/lib/python3.7/site-packages/airflow/example_dags/example_branch_operator.py took 0.160 seconds
[2022-04-11 13:30:52,411] {processor.py:163} INFO - Started process (PID=666) to work on /home/airflow/.local/lib/python3.7/site-packages/airflow/example_dags/example_branch_operator.py
[2022-04-11 13:30:52,413] {processor.py:642} INFO - Processing file /home/airflow/.local/lib/python3.7/site-packages/airflow/example_dags/example_branch_operator.py for tasks to queue
[2022-04-11 13:30:52,415] {logging_mixin.py:109} INFO - [2022-04-11 13:30:52,415] {dagbag.py:500} INFO - Filling up the DagBag from /home/airflow/.local/lib/python3.7/site-packages/airflow/example_dags/example_branch_operator.py
[2022-04-11 13:30:52,450] {processor.py:652} INFO - DAG(s) dict_keys(['example_branch_operator']) retrieved from /home/airflow/.local/lib/python3.7/site-packages/airflow/example_dags/example_branch_operator.py
[2022-04-11 13:30:52,484] {logging_mixin.py:109} INFO - [2022-04-11 13:30:52,484] {dag.py:2398} INFO - Sync 1 DAGs
[2022-04-11 13:30:52,529] {logging_mixin.py:109} INFO - [2022-04-11 13:30:52,529] {dag.py:2937} INFO - Setting next_dagrun for example_branch_operator to 2022-04-10 00:00:00+00:00
[2022-04-11 13:30:52,542] {processor.py:171} INFO - Processing /home/airflow/.local/lib/python3.7/site-packages/airflow/example_dags/example_branch_operator.py took 0.135 seconds
[2022-04-11 13:31:23,013] {processor.py:163} INFO - Started process (PID=718) to work on /home/airflow/.local/lib/python3.7/site-packages/airflow/example_dags/example_branch_operator.py
[2022-04-11 13:31:23,015] {processor.py:642} INFO - Processing file /home/airflow/.local/lib/python3.7/site-packages/airflow/example_dags/example_branch_operator.py for tasks to queue
[2022-04-11 13:31:23,016] {logging_mixin.py:109} INFO - [2022-04-11 13:31:23,016] {dagbag.py:500} INFO - Filling up the DagBag from /home/airflow/.local/lib/python3.7/site-packages/airflow/example_dags/example_branch_operator.py
[2022-04-11 13:31:23,033] {processor.py:652} INFO - DAG(s) dict_keys(['example_branch_operator']) retrieved from /home/airflow/.local/lib/python3.7/site-packages/airflow/example_dags/example_branch_operator.py
[2022-04-11 13:31:23,062] {logging_mixin.py:109} INFO - [2022-04-11 13:31:23,062] {dag.py:2398} INFO - Sync 1 DAGs
[2022-04-11 13:31:23,082] {logging_mixin.py:109} INFO - [2022-04-11 13:31:23,082] {dag.py:2937} INFO - Setting next_dagrun for example_branch_operator to 2022-04-10 00:00:00+00:00
[2022-04-11 13:31:23,096] {processor.py:171} INFO - Processing /home/airflow/.local/lib/python3.7/site-packages/airflow/example_dags/example_branch_operator.py took 0.086 seconds
[2022-04-11 13:31:53,282] {processor.py:163} INFO - Started process (PID=790) to work on /home/airflow/.local/lib/python3.7/site-packages/airflow/example_dags/example_branch_operator.py
[2022-04-11 13:31:53,285] {processor.py:642} INFO - Processing file /home/airflow/.local/lib/python3.7/site-packages/airflow/example_dags/example_branch_operator.py for tasks to queue
[2022-04-11 13:31:53,286] {logging_mixin.py:109} INFO - [2022-04-11 13:31:53,286] {dagbag.py:500} INFO - Filling up the DagBag from /home/airflow/.local/lib/python3.7/site-packages/airflow/example_dags/example_branch_operator.py
[2022-04-11 13:31:53,314] {processor.py:652} INFO - DAG(s) dict_keys(['example_branch_operator']) retrieved from /home/airflow/.local/lib/python3.7/site-packages/airflow/example_dags/example_branch_operator.py
[2022-04-11 13:31:53,342] {logging_mixin.py:109} INFO - [2022-04-11 13:31:53,342] {dag.py:2398} INFO - Sync 1 DAGs
[2022-04-11 13:31:53,373] {logging_mixin.py:109} INFO - [2022-04-11 13:31:53,373] {dag.py:2937} INFO - Setting next_dagrun for example_branch_operator to 2022-04-10 00:00:00+00:00
[2022-04-11 13:31:53,388] {processor.py:171} INFO - Processing /home/airflow/.local/lib/python3.7/site-packages/airflow/example_dags/example_branch_operator.py took 0.111 seconds
[2022-04-11 13:32:23,578] {processor.py:163} INFO - Started process (PID=842) to work on /home/airflow/.local/lib/python3.7/site-packages/airflow/example_dags/example_branch_operator.py
[2022-04-11 13:32:23,581] {processor.py:642} INFO - Processing file /home/airflow/.local/lib/python3.7/site-packages/airflow/example_dags/example_branch_operator.py for tasks to queue
[2022-04-11 13:32:23,583] {logging_mixin.py:109} INFO - [2022-04-11 13:32:23,583] {dagbag.py:500} INFO - Filling up the DagBag from /home/airflow/.local/lib/python3.7/site-packages/airflow/example_dags/example_branch_operator.py
[2022-04-11 13:32:23,618] {processor.py:652} INFO - DAG(s) dict_keys(['example_branch_operator']) retrieved from /home/airflow/.local/lib/python3.7/site-packages/airflow/example_dags/example_branch_operator.py
[2022-04-11 13:32:23,651] {logging_mixin.py:109} INFO - [2022-04-11 13:32:23,651] {dag.py:2398} INFO - Sync 1 DAGs
[2022-04-11 13:32:23,680] {logging_mixin.py:109} INFO - [2022-04-11 13:32:23,679] {dag.py:2937} INFO - Setting next_dagrun for example_branch_operator to 2022-04-10 00:00:00+00:00
[2022-04-11 13:32:23,693] {processor.py:171} INFO - Processing /home/airflow/.local/lib/python3.7/site-packages/airflow/example_dags/example_branch_operator.py took 0.120 seconds
[2022-04-11 13:32:54,136] {processor.py:163} INFO - Started process (PID=894) to work on /home/airflow/.local/lib/python3.7/site-packages/airflow/example_dags/example_branch_operator.py
[2022-04-11 13:32:54,138] {processor.py:642} INFO - Processing file /home/airflow/.local/lib/python3.7/site-packages/airflow/example_dags/example_branch_operator.py for tasks to queue
[2022-04-11 13:32:54,139] {logging_mixin.py:109} INFO - [2022-04-11 13:32:54,139] {dagbag.py:500} INFO - Filling up the DagBag from /home/airflow/.local/lib/python3.7/site-packages/airflow/example_dags/example_branch_operator.py
[2022-04-11 13:32:54,162] {processor.py:652} INFO - DAG(s) dict_keys(['example_branch_operator']) retrieved from /home/airflow/.local/lib/python3.7/site-packages/airflow/example_dags/example_branch_operator.py
[2022-04-11 13:32:54,191] {logging_mixin.py:109} INFO - [2022-04-11 13:32:54,191] {dag.py:2398} INFO - Sync 1 DAGs
[2022-04-11 13:32:54,212] {logging_mixin.py:109} INFO - [2022-04-11 13:32:54,212] {dag.py:2937} INFO - Setting next_dagrun for example_branch_operator to 2022-04-10 00:00:00+00:00
[2022-04-11 13:32:54,224] {processor.py:171} INFO - Processing /home/airflow/.local/lib/python3.7/site-packages/airflow/example_dags/example_branch_operator.py took 0.091 seconds
[2022-04-11 13:33:24,595] {processor.py:163} INFO - Started process (PID=955) to work on /home/airflow/.local/lib/python3.7/site-packages/airflow/example_dags/example_branch_operator.py
[2022-04-11 13:33:24,597] {processor.py:642} INFO - Processing file /home/airflow/.local/lib/python3.7/site-packages/airflow/example_dags/example_branch_operator.py for tasks to queue
[2022-04-11 13:33:24,599] {logging_mixin.py:109} INFO - [2022-04-11 13:33:24,598] {dagbag.py:500} INFO - Filling up the DagBag from /home/airflow/.local/lib/python3.7/site-packages/airflow/example_dags/example_branch_operator.py
[2022-04-11 13:33:24,623] {processor.py:652} INFO - DAG(s) dict_keys(['example_branch_operator']) retrieved from /home/airflow/.local/lib/python3.7/site-packages/airflow/example_dags/example_branch_operator.py
[2022-04-11 13:33:24,651] {logging_mixin.py:109} INFO - [2022-04-11 13:33:24,650] {dag.py:2398} INFO - Sync 1 DAGs
[2022-04-11 13:33:24,675] {logging_mixin.py:109} INFO - [2022-04-11 13:33:24,675] {dag.py:2937} INFO - Setting next_dagrun for example_branch_operator to 2022-04-10 00:00:00+00:00
[2022-04-11 13:33:24,690] {processor.py:171} INFO - Processing /home/airflow/.local/lib/python3.7/site-packages/airflow/example_dags/example_branch_operator.py took 0.100 seconds
[2022-04-11 13:33:55,666] {processor.py:163} INFO - Started process (PID=1006) to work on /home/airflow/.local/lib/python3.7/site-packages/airflow/example_dags/example_branch_operator.py
[2022-04-11 13:33:55,669] {processor.py:642} INFO - Processing file /home/airflow/.local/lib/python3.7/site-packages/airflow/example_dags/example_branch_operator.py for tasks to queue
[2022-04-11 13:33:55,670] {logging_mixin.py:109} INFO - [2022-04-11 13:33:55,670] {dagbag.py:500} INFO - Filling up the DagBag from /home/airflow/.local/lib/python3.7/site-packages/airflow/example_dags/example_branch_operator.py
[2022-04-11 13:33:55,696] {processor.py:652} INFO - DAG(s) dict_keys(['example_branch_operator']) retrieved from /home/airflow/.local/lib/python3.7/site-packages/airflow/example_dags/example_branch_operator.py
[2022-04-11 13:33:55,730] {logging_mixin.py:109} INFO - [2022-04-11 13:33:55,730] {dag.py:2398} INFO - Sync 1 DAGs
[2022-04-11 13:33:55,755] {logging_mixin.py:109} INFO - [2022-04-11 13:33:55,755] {dag.py:2937} INFO - Setting next_dagrun for example_branch_operator to 2022-04-10 00:00:00+00:00
[2022-04-11 13:33:55,769] {processor.py:171} INFO - Processing /home/airflow/.local/lib/python3.7/site-packages/airflow/example_dags/example_branch_operator.py took 0.108 seconds
[2022-04-11 13:34:26,334] {processor.py:163} INFO - Started process (PID=1068) to work on /home/airflow/.local/lib/python3.7/site-packages/airflow/example_dags/example_branch_operator.py
[2022-04-11 13:34:26,336] {processor.py:642} INFO - Processing file /home/airflow/.local/lib/python3.7/site-packages/airflow/example_dags/example_branch_operator.py for tasks to queue
[2022-04-11 13:34:26,338] {logging_mixin.py:109} INFO - [2022-04-11 13:34:26,338] {dagbag.py:500} INFO - Filling up the DagBag from /home/airflow/.local/lib/python3.7/site-packages/airflow/example_dags/example_branch_operator.py
[2022-04-11 13:34:26,362] {processor.py:652} INFO - DAG(s) dict_keys(['example_branch_operator']) retrieved from /home/airflow/.local/lib/python3.7/site-packages/airflow/example_dags/example_branch_operator.py
[2022-04-11 13:34:26,390] {logging_mixin.py:109} INFO - [2022-04-11 13:34:26,390] {dag.py:2398} INFO - Sync 1 DAGs
[2022-04-11 13:34:26,413] {logging_mixin.py:109} INFO - [2022-04-11 13:34:26,413] {dag.py:2937} INFO - Setting next_dagrun for example_branch_operator to 2022-04-10 00:00:00+00:00
[2022-04-11 13:34:26,427] {processor.py:171} INFO - Processing /home/airflow/.local/lib/python3.7/site-packages/airflow/example_dags/example_branch_operator.py took 0.097 seconds
[2022-04-11 13:34:56,965] {processor.py:163} INFO - Started process (PID=1121) to work on /home/airflow/.local/lib/python3.7/site-packages/airflow/example_dags/example_branch_operator.py
[2022-04-11 13:34:56,968] {processor.py:642} INFO - Processing file /home/airflow/.local/lib/python3.7/site-packages/airflow/example_dags/example_branch_operator.py for tasks to queue
[2022-04-11 13:34:56,970] {logging_mixin.py:109} INFO - [2022-04-11 13:34:56,970] {dagbag.py:500} INFO - Filling up the DagBag from /home/airflow/.local/lib/python3.7/site-packages/airflow/example_dags/example_branch_operator.py
[2022-04-11 13:34:57,000] {processor.py:652} INFO - DAG(s) dict_keys(['example_branch_operator']) retrieved from /home/airflow/.local/lib/python3.7/site-packages/airflow/example_dags/example_branch_operator.py
[2022-04-11 13:34:57,032] {logging_mixin.py:109} INFO - [2022-04-11 13:34:57,032] {dag.py:2398} INFO - Sync 1 DAGs
[2022-04-11 13:34:57,062] {logging_mixin.py:109} INFO - [2022-04-11 13:34:57,062] {dag.py:2937} INFO - Setting next_dagrun for example_branch_operator to 2022-04-10 00:00:00+00:00
[2022-04-11 13:34:57,077] {processor.py:171} INFO - Processing /home/airflow/.local/lib/python3.7/site-packages/airflow/example_dags/example_branch_operator.py took 0.118 seconds
[2022-04-11 13:35:27,362] {processor.py:163} INFO - Started process (PID=1182) to work on /home/airflow/.local/lib/python3.7/site-packages/airflow/example_dags/example_branch_operator.py
[2022-04-11 13:35:27,366] {processor.py:642} INFO - Processing file /home/airflow/.local/lib/python3.7/site-packages/airflow/example_dags/example_branch_operator.py for tasks to queue
[2022-04-11 13:35:27,368] {logging_mixin.py:109} INFO - [2022-04-11 13:35:27,368] {dagbag.py:500} INFO - Filling up the DagBag from /home/airflow/.local/lib/python3.7/site-packages/airflow/example_dags/example_branch_operator.py
[2022-04-11 13:35:27,403] {processor.py:652} INFO - DAG(s) dict_keys(['example_branch_operator']) retrieved from /home/airflow/.local/lib/python3.7/site-packages/airflow/example_dags/example_branch_operator.py
[2022-04-11 13:35:27,433] {logging_mixin.py:109} INFO - [2022-04-11 13:35:27,433] {dag.py:2398} INFO - Sync 1 DAGs
[2022-04-11 13:35:27,456] {logging_mixin.py:109} INFO - [2022-04-11 13:35:27,456] {dag.py:2937} INFO - Setting next_dagrun for example_branch_operator to 2022-04-10 00:00:00+00:00
[2022-04-11 13:35:27,472] {processor.py:171} INFO - Processing /home/airflow/.local/lib/python3.7/site-packages/airflow/example_dags/example_branch_operator.py took 0.117 seconds
[2022-04-11 13:35:57,673] {processor.py:163} INFO - Started process (PID=1234) to work on /home/airflow/.local/lib/python3.7/site-packages/airflow/example_dags/example_branch_operator.py
[2022-04-11 13:35:57,677] {processor.py:642} INFO - Processing file /home/airflow/.local/lib/python3.7/site-packages/airflow/example_dags/example_branch_operator.py for tasks to queue
[2022-04-11 13:35:57,681] {logging_mixin.py:109} INFO - [2022-04-11 13:35:57,681] {dagbag.py:500} INFO - Filling up the DagBag from /home/airflow/.local/lib/python3.7/site-packages/airflow/example_dags/example_branch_operator.py
[2022-04-11 13:35:57,708] {processor.py:652} INFO - DAG(s) dict_keys(['example_branch_operator']) retrieved from /home/airflow/.local/lib/python3.7/site-packages/airflow/example_dags/example_branch_operator.py
[2022-04-11 13:35:57,747] {logging_mixin.py:109} INFO - [2022-04-11 13:35:57,747] {dag.py:2398} INFO - Sync 1 DAGs
[2022-04-11 13:35:57,780] {logging_mixin.py:109} INFO - [2022-04-11 13:35:57,780] {dag.py:2937} INFO - Setting next_dagrun for example_branch_operator to 2022-04-10 00:00:00+00:00
[2022-04-11 13:35:57,797] {processor.py:171} INFO - Processing /home/airflow/.local/lib/python3.7/site-packages/airflow/example_dags/example_branch_operator.py took 0.131 seconds
[2022-04-11 13:36:28,146] {processor.py:163} INFO - Started process (PID=1295) to work on /home/airflow/.local/lib/python3.7/site-packages/airflow/example_dags/example_branch_operator.py
[2022-04-11 13:36:28,149] {processor.py:642} INFO - Processing file /home/airflow/.local/lib/python3.7/site-packages/airflow/example_dags/example_branch_operator.py for tasks to queue
[2022-04-11 13:36:28,150] {logging_mixin.py:109} INFO - [2022-04-11 13:36:28,150] {dagbag.py:500} INFO - Filling up the DagBag from /home/airflow/.local/lib/python3.7/site-packages/airflow/example_dags/example_branch_operator.py
[2022-04-11 13:36:28,176] {processor.py:652} INFO - DAG(s) dict_keys(['example_branch_operator']) retrieved from /home/airflow/.local/lib/python3.7/site-packages/airflow/example_dags/example_branch_operator.py
[2022-04-11 13:36:28,210] {logging_mixin.py:109} INFO - [2022-04-11 13:36:28,210] {dag.py:2398} INFO - Sync 1 DAGs
[2022-04-11 13:36:28,237] {logging_mixin.py:109} INFO - [2022-04-11 13:36:28,237] {dag.py:2937} INFO - Setting next_dagrun for example_branch_operator to 2022-04-10 00:00:00+00:00
[2022-04-11 13:36:28,267] {processor.py:171} INFO - Processing /home/airflow/.local/lib/python3.7/site-packages/airflow/example_dags/example_branch_operator.py took 0.125 seconds
[2022-04-11 13:36:58,589] {processor.py:163} INFO - Started process (PID=1352) to work on /home/airflow/.local/lib/python3.7/site-packages/airflow/example_dags/example_branch_operator.py
[2022-04-11 13:36:58,591] {processor.py:642} INFO - Processing file /home/airflow/.local/lib/python3.7/site-packages/airflow/example_dags/example_branch_operator.py for tasks to queue
[2022-04-11 13:36:58,593] {logging_mixin.py:109} INFO - [2022-04-11 13:36:58,593] {dagbag.py:500} INFO - Filling up the DagBag from /home/airflow/.local/lib/python3.7/site-packages/airflow/example_dags/example_branch_operator.py
[2022-04-11 13:36:58,619] {processor.py:652} INFO - DAG(s) dict_keys(['example_branch_operator']) retrieved from /home/airflow/.local/lib/python3.7/site-packages/airflow/example_dags/example_branch_operator.py
[2022-04-11 13:36:58,648] {logging_mixin.py:109} INFO - [2022-04-11 13:36:58,647] {dag.py:2398} INFO - Sync 1 DAGs
[2022-04-11 13:36:58,671] {logging_mixin.py:109} INFO - [2022-04-11 13:36:58,671] {dag.py:2937} INFO - Setting next_dagrun for example_branch_operator to 2022-04-10 00:00:00+00:00
[2022-04-11 13:36:58,684] {processor.py:171} INFO - Processing /home/airflow/.local/lib/python3.7/site-packages/airflow/example_dags/example_branch_operator.py took 0.101 seconds
[2022-04-11 13:37:29,106] {processor.py:163} INFO - Started process (PID=1414) to work on /home/airflow/.local/lib/python3.7/site-packages/airflow/example_dags/example_branch_operator.py
[2022-04-11 13:37:29,108] {processor.py:642} INFO - Processing file /home/airflow/.local/lib/python3.7/site-packages/airflow/example_dags/example_branch_operator.py for tasks to queue
[2022-04-11 13:37:29,109] {logging_mixin.py:109} INFO - [2022-04-11 13:37:29,109] {dagbag.py:500} INFO - Filling up the DagBag from /home/airflow/.local/lib/python3.7/site-packages/airflow/example_dags/example_branch_operator.py
[2022-04-11 13:37:29,132] {processor.py:652} INFO - DAG(s) dict_keys(['example_branch_operator']) retrieved from /home/airflow/.local/lib/python3.7/site-packages/airflow/example_dags/example_branch_operator.py
[2022-04-11 13:37:29,163] {logging_mixin.py:109} INFO - [2022-04-11 13:37:29,163] {dag.py:2398} INFO - Sync 1 DAGs
[2022-04-11 13:37:29,188] {logging_mixin.py:109} INFO - [2022-04-11 13:37:29,187] {dag.py:2937} INFO - Setting next_dagrun for example_branch_operator to 2022-04-10 00:00:00+00:00
[2022-04-11 13:37:29,220] {processor.py:171} INFO - Processing /home/airflow/.local/lib/python3.7/site-packages/airflow/example_dags/example_branch_operator.py took 0.118 seconds
[2022-04-11 13:37:59,275] {processor.py:163} INFO - Started process (PID=1467) to work on /home/airflow/.local/lib/python3.7/site-packages/airflow/example_dags/example_branch_operator.py
[2022-04-11 13:37:59,277] {processor.py:642} INFO - Processing file /home/airflow/.local/lib/python3.7/site-packages/airflow/example_dags/example_branch_operator.py for tasks to queue
[2022-04-11 13:37:59,279] {logging_mixin.py:109} INFO - [2022-04-11 13:37:59,279] {dagbag.py:500} INFO - Filling up the DagBag from /home/airflow/.local/lib/python3.7/site-packages/airflow/example_dags/example_branch_operator.py
[2022-04-11 13:37:59,303] {processor.py:652} INFO - DAG(s) dict_keys(['example_branch_operator']) retrieved from /home/airflow/.local/lib/python3.7/site-packages/airflow/example_dags/example_branch_operator.py
[2022-04-11 13:37:59,329] {logging_mixin.py:109} INFO - [2022-04-11 13:37:59,329] {dag.py:2398} INFO - Sync 1 DAGs
[2022-04-11 13:37:59,350] {logging_mixin.py:109} INFO - [2022-04-11 13:37:59,350] {dag.py:2937} INFO - Setting next_dagrun for example_branch_operator to 2022-04-10 00:00:00+00:00
[2022-04-11 13:37:59,362] {processor.py:171} INFO - Processing /home/airflow/.local/lib/python3.7/site-packages/airflow/example_dags/example_branch_operator.py took 0.091 seconds
[2022-04-11 13:38:29,771] {processor.py:163} INFO - Started process (PID=1527) to work on /home/airflow/.local/lib/python3.7/site-packages/airflow/example_dags/example_branch_operator.py
[2022-04-11 13:38:29,774] {processor.py:642} INFO - Processing file /home/airflow/.local/lib/python3.7/site-packages/airflow/example_dags/example_branch_operator.py for tasks to queue
[2022-04-11 13:38:29,776] {logging_mixin.py:109} INFO - [2022-04-11 13:38:29,776] {dagbag.py:500} INFO - Filling up the DagBag from /home/airflow/.local/lib/python3.7/site-packages/airflow/example_dags/example_branch_operator.py
[2022-04-11 13:38:29,799] {processor.py:652} INFO - DAG(s) dict_keys(['example_branch_operator']) retrieved from /home/airflow/.local/lib/python3.7/site-packages/airflow/example_dags/example_branch_operator.py
[2022-04-11 13:38:29,827] {logging_mixin.py:109} INFO - [2022-04-11 13:38:29,827] {dag.py:2398} INFO - Sync 1 DAGs
[2022-04-11 13:38:29,851] {logging_mixin.py:109} INFO - [2022-04-11 13:38:29,850] {dag.py:2937} INFO - Setting next_dagrun for example_branch_operator to 2022-04-10 00:00:00+00:00
[2022-04-11 13:38:29,864] {processor.py:171} INFO - Processing /home/airflow/.local/lib/python3.7/site-packages/airflow/example_dags/example_branch_operator.py took 0.098 seconds
[2022-04-11 13:39:00,538] {processor.py:163} INFO - Started process (PID=1581) to work on /home/airflow/.local/lib/python3.7/site-packages/airflow/example_dags/example_branch_operator.py
[2022-04-11 13:39:00,541] {processor.py:642} INFO - Processing file /home/airflow/.local/lib/python3.7/site-packages/airflow/example_dags/example_branch_operator.py for tasks to queue
[2022-04-11 13:39:00,543] {logging_mixin.py:109} INFO - [2022-04-11 13:39:00,543] {dagbag.py:500} INFO - Filling up the DagBag from /home/airflow/.local/lib/python3.7/site-packages/airflow/example_dags/example_branch_operator.py
[2022-04-11 13:39:00,593] {processor.py:652} INFO - DAG(s) dict_keys(['example_branch_operator']) retrieved from /home/airflow/.local/lib/python3.7/site-packages/airflow/example_dags/example_branch_operator.py
[2022-04-11 13:39:00,640] {logging_mixin.py:109} INFO - [2022-04-11 13:39:00,639] {dag.py:2398} INFO - Sync 1 DAGs
[2022-04-11 13:39:00,682] {logging_mixin.py:109} INFO - [2022-04-11 13:39:00,682] {dag.py:2937} INFO - Setting next_dagrun for example_branch_operator to 2022-04-10 00:00:00+00:00
[2022-04-11 13:39:00,700] {processor.py:171} INFO - Processing /home/airflow/.local/lib/python3.7/site-packages/airflow/example_dags/example_branch_operator.py took 0.169 seconds
[2022-04-11 13:39:30,746] {processor.py:163} INFO - Started process (PID=1633) to work on /home/airflow/.local/lib/python3.7/site-packages/airflow/example_dags/example_branch_operator.py
[2022-04-11 13:39:30,748] {processor.py:642} INFO - Processing file /home/airflow/.local/lib/python3.7/site-packages/airflow/example_dags/example_branch_operator.py for tasks to queue
[2022-04-11 13:39:30,750] {logging_mixin.py:109} INFO - [2022-04-11 13:39:30,750] {dagbag.py:500} INFO - Filling up the DagBag from /home/airflow/.local/lib/python3.7/site-packages/airflow/example_dags/example_branch_operator.py
[2022-04-11 13:39:30,774] {processor.py:652} INFO - DAG(s) dict_keys(['example_branch_operator']) retrieved from /home/airflow/.local/lib/python3.7/site-packages/airflow/example_dags/example_branch_operator.py
[2022-04-11 13:39:30,801] {logging_mixin.py:109} INFO - [2022-04-11 13:39:30,801] {dag.py:2398} INFO - Sync 1 DAGs
[2022-04-11 13:39:30,829] {logging_mixin.py:109} INFO - [2022-04-11 13:39:30,828] {dag.py:2937} INFO - Setting next_dagrun for example_branch_operator to 2022-04-10 00:00:00+00:00
[2022-04-11 13:39:30,845] {processor.py:171} INFO - Processing /home/airflow/.local/lib/python3.7/site-packages/airflow/example_dags/example_branch_operator.py took 0.103 seconds
[2022-04-11 13:40:01,186] {processor.py:163} INFO - Started process (PID=1693) to work on /home/airflow/.local/lib/python3.7/site-packages/airflow/example_dags/example_branch_operator.py
[2022-04-11 13:40:01,192] {processor.py:642} INFO - Processing file /home/airflow/.local/lib/python3.7/site-packages/airflow/example_dags/example_branch_operator.py for tasks to queue
[2022-04-11 13:40:01,193] {logging_mixin.py:109} INFO - [2022-04-11 13:40:01,193] {dagbag.py:500} INFO - Filling up the DagBag from /home/airflow/.local/lib/python3.7/site-packages/airflow/example_dags/example_branch_operator.py
[2022-04-11 13:40:01,216] {processor.py:652} INFO - DAG(s) dict_keys(['example_branch_operator']) retrieved from /home/airflow/.local/lib/python3.7/site-packages/airflow/example_dags/example_branch_operator.py
[2022-04-11 13:40:01,240] {logging_mixin.py:109} INFO - [2022-04-11 13:40:01,240] {dag.py:2398} INFO - Sync 1 DAGs
[2022-04-11 13:40:01,263] {logging_mixin.py:109} INFO - [2022-04-11 13:40:01,263] {dag.py:2937} INFO - Setting next_dagrun for example_branch_operator to 2022-04-10 00:00:00+00:00
[2022-04-11 13:40:01,276] {processor.py:171} INFO - Processing /home/airflow/.local/lib/python3.7/site-packages/airflow/example_dags/example_branch_operator.py took 0.094 seconds
[2022-04-11 13:40:31,583] {processor.py:163} INFO - Started process (PID=1747) to work on /home/airflow/.local/lib/python3.7/site-packages/airflow/example_dags/example_branch_operator.py
[2022-04-11 13:40:31,585] {processor.py:642} INFO - Processing file /home/airflow/.local/lib/python3.7/site-packages/airflow/example_dags/example_branch_operator.py for tasks to queue
[2022-04-11 13:40:31,586] {logging_mixin.py:109} INFO - [2022-04-11 13:40:31,586] {dagbag.py:500} INFO - Filling up the DagBag from /home/airflow/.local/lib/python3.7/site-packages/airflow/example_dags/example_branch_operator.py
[2022-04-11 13:40:31,609] {processor.py:652} INFO - DAG(s) dict_keys(['example_branch_operator']) retrieved from /home/airflow/.local/lib/python3.7/site-packages/airflow/example_dags/example_branch_operator.py
[2022-04-11 13:40:31,636] {logging_mixin.py:109} INFO - [2022-04-11 13:40:31,635] {dag.py:2398} INFO - Sync 1 DAGs
[2022-04-11 13:40:31,660] {logging_mixin.py:109} INFO - [2022-04-11 13:40:31,660] {dag.py:2937} INFO - Setting next_dagrun for example_branch_operator to 2022-04-10 00:00:00+00:00
[2022-04-11 13:40:31,674] {processor.py:171} INFO - Processing /home/airflow/.local/lib/python3.7/site-packages/airflow/example_dags/example_branch_operator.py took 0.096 seconds
[2022-04-11 13:41:02,183] {processor.py:163} INFO - Started process (PID=1809) to work on /home/airflow/.local/lib/python3.7/site-packages/airflow/example_dags/example_branch_operator.py
[2022-04-11 13:41:02,186] {processor.py:642} INFO - Processing file /home/airflow/.local/lib/python3.7/site-packages/airflow/example_dags/example_branch_operator.py for tasks to queue
[2022-04-11 13:41:02,187] {logging_mixin.py:109} INFO - [2022-04-11 13:41:02,187] {dagbag.py:500} INFO - Filling up the DagBag from /home/airflow/.local/lib/python3.7/site-packages/airflow/example_dags/example_branch_operator.py
[2022-04-11 13:41:02,219] {processor.py:652} INFO - DAG(s) dict_keys(['example_branch_operator']) retrieved from /home/airflow/.local/lib/python3.7/site-packages/airflow/example_dags/example_branch_operator.py
[2022-04-11 13:41:02,253] {logging_mixin.py:109} INFO - [2022-04-11 13:41:02,253] {dag.py:2398} INFO - Sync 1 DAGs
[2022-04-11 13:41:02,279] {logging_mixin.py:109} INFO - [2022-04-11 13:41:02,278] {dag.py:2937} INFO - Setting next_dagrun for example_branch_operator to 2022-04-10 00:00:00+00:00
[2022-04-11 13:41:02,293] {processor.py:171} INFO - Processing /home/airflow/.local/lib/python3.7/site-packages/airflow/example_dags/example_branch_operator.py took 0.117 seconds
[2022-04-11 13:41:32,797] {processor.py:163} INFO - Started process (PID=1864) to work on /home/airflow/.local/lib/python3.7/site-packages/airflow/example_dags/example_branch_operator.py
[2022-04-11 13:41:32,799] {processor.py:642} INFO - Processing file /home/airflow/.local/lib/python3.7/site-packages/airflow/example_dags/example_branch_operator.py for tasks to queue
[2022-04-11 13:41:32,801] {logging_mixin.py:109} INFO - [2022-04-11 13:41:32,801] {dagbag.py:500} INFO - Filling up the DagBag from /home/airflow/.local/lib/python3.7/site-packages/airflow/example_dags/example_branch_operator.py
[2022-04-11 13:41:32,838] {processor.py:652} INFO - DAG(s) dict_keys(['example_branch_operator']) retrieved from /home/airflow/.local/lib/python3.7/site-packages/airflow/example_dags/example_branch_operator.py
[2022-04-11 13:41:32,869] {logging_mixin.py:109} INFO - [2022-04-11 13:41:32,869] {dag.py:2398} INFO - Sync 1 DAGs
[2022-04-11 13:41:32,898] {logging_mixin.py:109} INFO - [2022-04-11 13:41:32,898] {dag.py:2937} INFO - Setting next_dagrun for example_branch_operator to 2022-04-10 00:00:00+00:00
[2022-04-11 13:41:32,911] {processor.py:171} INFO - Processing /home/airflow/.local/lib/python3.7/site-packages/airflow/example_dags/example_branch_operator.py took 0.120 seconds
[2022-04-11 13:42:03,492] {processor.py:163} INFO - Started process (PID=1916) to work on /home/airflow/.local/lib/python3.7/site-packages/airflow/example_dags/example_branch_operator.py
[2022-04-11 13:42:03,494] {processor.py:642} INFO - Processing file /home/airflow/.local/lib/python3.7/site-packages/airflow/example_dags/example_branch_operator.py for tasks to queue
[2022-04-11 13:42:03,496] {logging_mixin.py:109} INFO - [2022-04-11 13:42:03,496] {dagbag.py:500} INFO - Filling up the DagBag from /home/airflow/.local/lib/python3.7/site-packages/airflow/example_dags/example_branch_operator.py
[2022-04-11 13:42:03,533] {processor.py:652} INFO - DAG(s) dict_keys(['example_branch_operator']) retrieved from /home/airflow/.local/lib/python3.7/site-packages/airflow/example_dags/example_branch_operator.py
[2022-04-11 13:42:03,574] {logging_mixin.py:109} INFO - [2022-04-11 13:42:03,574] {dag.py:2398} INFO - Sync 1 DAGs
[2022-04-11 13:42:03,598] {logging_mixin.py:109} INFO - [2022-04-11 13:42:03,597] {dag.py:2937} INFO - Setting next_dagrun for example_branch_operator to 2022-04-10 00:00:00+00:00
[2022-04-11 13:42:03,611] {processor.py:171} INFO - Processing /home/airflow/.local/lib/python3.7/site-packages/airflow/example_dags/example_branch_operator.py took 0.125 seconds
[2022-04-11 13:42:34,517] {processor.py:163} INFO - Started process (PID=1978) to work on /home/airflow/.local/lib/python3.7/site-packages/airflow/example_dags/example_branch_operator.py
[2022-04-11 13:42:34,519] {processor.py:642} INFO - Processing file /home/airflow/.local/lib/python3.7/site-packages/airflow/example_dags/example_branch_operator.py for tasks to queue
[2022-04-11 13:42:34,521] {logging_mixin.py:109} INFO - [2022-04-11 13:42:34,521] {dagbag.py:500} INFO - Filling up the DagBag from /home/airflow/.local/lib/python3.7/site-packages/airflow/example_dags/example_branch_operator.py
[2022-04-11 13:42:34,547] {processor.py:652} INFO - DAG(s) dict_keys(['example_branch_operator']) retrieved from /home/airflow/.local/lib/python3.7/site-packages/airflow/example_dags/example_branch_operator.py
[2022-04-11 13:42:34,575] {logging_mixin.py:109} INFO - [2022-04-11 13:42:34,575] {dag.py:2398} INFO - Sync 1 DAGs
[2022-04-11 13:42:34,599] {logging_mixin.py:109} INFO - [2022-04-11 13:42:34,599] {dag.py:2937} INFO - Setting next_dagrun for example_branch_operator to 2022-04-10 00:00:00+00:00
[2022-04-11 13:42:34,612] {processor.py:171} INFO - Processing /home/airflow/.local/lib/python3.7/site-packages/airflow/example_dags/example_branch_operator.py took 0.099 seconds
[2022-04-11 13:43:05,437] {processor.py:163} INFO - Started process (PID=2031) to work on /home/airflow/.local/lib/python3.7/site-packages/airflow/example_dags/example_branch_operator.py
[2022-04-11 13:43:05,445] {processor.py:642} INFO - Processing file /home/airflow/.local/lib/python3.7/site-packages/airflow/example_dags/example_branch_operator.py for tasks to queue
[2022-04-11 13:43:05,450] {logging_mixin.py:109} INFO - [2022-04-11 13:43:05,450] {dagbag.py:500} INFO - Filling up the DagBag from /home/airflow/.local/lib/python3.7/site-packages/airflow/example_dags/example_branch_operator.py
[2022-04-11 13:43:05,520] {processor.py:652} INFO - DAG(s) dict_keys(['example_branch_operator']) retrieved from /home/airflow/.local/lib/python3.7/site-packages/airflow/example_dags/example_branch_operator.py
[2022-04-11 13:43:05,575] {logging_mixin.py:109} INFO - [2022-04-11 13:43:05,574] {dag.py:2398} INFO - Sync 1 DAGs
[2022-04-11 13:43:05,622] {logging_mixin.py:109} INFO - [2022-04-11 13:43:05,622] {dag.py:2937} INFO - Setting next_dagrun for example_branch_operator to 2022-04-10 00:00:00+00:00
[2022-04-11 13:43:05,639] {processor.py:171} INFO - Processing /home/airflow/.local/lib/python3.7/site-packages/airflow/example_dags/example_branch_operator.py took 0.213 seconds
[2022-04-11 13:43:35,804] {processor.py:163} INFO - Started process (PID=2094) to work on /home/airflow/.local/lib/python3.7/site-packages/airflow/example_dags/example_branch_operator.py
[2022-04-11 13:43:35,806] {processor.py:642} INFO - Processing file /home/airflow/.local/lib/python3.7/site-packages/airflow/example_dags/example_branch_operator.py for tasks to queue
[2022-04-11 13:43:35,807] {logging_mixin.py:109} INFO - [2022-04-11 13:43:35,807] {dagbag.py:500} INFO - Filling up the DagBag from /home/airflow/.local/lib/python3.7/site-packages/airflow/example_dags/example_branch_operator.py
[2022-04-11 13:43:35,835] {processor.py:652} INFO - DAG(s) dict_keys(['example_branch_operator']) retrieved from /home/airflow/.local/lib/python3.7/site-packages/airflow/example_dags/example_branch_operator.py
[2022-04-11 13:43:35,867] {logging_mixin.py:109} INFO - [2022-04-11 13:43:35,867] {dag.py:2398} INFO - Sync 1 DAGs
[2022-04-11 13:43:35,892] {logging_mixin.py:109} INFO - [2022-04-11 13:43:35,892] {dag.py:2937} INFO - Setting next_dagrun for example_branch_operator to 2022-04-10 00:00:00+00:00
[2022-04-11 13:43:35,903] {processor.py:171} INFO - Processing /home/airflow/.local/lib/python3.7/site-packages/airflow/example_dags/example_branch_operator.py took 0.103 seconds
[2022-04-11 13:44:06,591] {processor.py:163} INFO - Started process (PID=2147) to work on /home/airflow/.local/lib/python3.7/site-packages/airflow/example_dags/example_branch_operator.py
[2022-04-11 13:44:06,593] {processor.py:642} INFO - Processing file /home/airflow/.local/lib/python3.7/site-packages/airflow/example_dags/example_branch_operator.py for tasks to queue
[2022-04-11 13:44:06,595] {logging_mixin.py:109} INFO - [2022-04-11 13:44:06,594] {dagbag.py:500} INFO - Filling up the DagBag from /home/airflow/.local/lib/python3.7/site-packages/airflow/example_dags/example_branch_operator.py
[2022-04-11 13:44:06,617] {processor.py:652} INFO - DAG(s) dict_keys(['example_branch_operator']) retrieved from /home/airflow/.local/lib/python3.7/site-packages/airflow/example_dags/example_branch_operator.py
[2022-04-11 13:44:06,656] {logging_mixin.py:109} INFO - [2022-04-11 13:44:06,656] {dag.py:2398} INFO - Sync 1 DAGs
[2022-04-11 13:44:06,681] {logging_mixin.py:109} INFO - [2022-04-11 13:44:06,681] {dag.py:2937} INFO - Setting next_dagrun for example_branch_operator to 2022-04-10 00:00:00+00:00
[2022-04-11 13:44:06,693] {processor.py:171} INFO - Processing /home/airflow/.local/lib/python3.7/site-packages/airflow/example_dags/example_branch_operator.py took 0.106 seconds
[2022-04-11 13:44:37,500] {processor.py:163} INFO - Started process (PID=2208) to work on /home/airflow/.local/lib/python3.7/site-packages/airflow/example_dags/example_branch_operator.py
[2022-04-11 13:44:37,505] {processor.py:642} INFO - Processing file /home/airflow/.local/lib/python3.7/site-packages/airflow/example_dags/example_branch_operator.py for tasks to queue
[2022-04-11 13:44:37,508] {logging_mixin.py:109} INFO - [2022-04-11 13:44:37,507] {dagbag.py:500} INFO - Filling up the DagBag from /home/airflow/.local/lib/python3.7/site-packages/airflow/example_dags/example_branch_operator.py
[2022-04-11 13:44:37,562] {processor.py:652} INFO - DAG(s) dict_keys(['example_branch_operator']) retrieved from /home/airflow/.local/lib/python3.7/site-packages/airflow/example_dags/example_branch_operator.py
[2022-04-11 13:44:37,620] {logging_mixin.py:109} INFO - [2022-04-11 13:44:37,619] {dag.py:2398} INFO - Sync 1 DAGs
[2022-04-11 13:44:37,656] {logging_mixin.py:109} INFO - [2022-04-11 13:44:37,656] {dag.py:2937} INFO - Setting next_dagrun for example_branch_operator to 2022-04-10 00:00:00+00:00
[2022-04-11 13:44:37,690] {processor.py:171} INFO - Processing /home/airflow/.local/lib/python3.7/site-packages/airflow/example_dags/example_branch_operator.py took 0.198 seconds
[2022-04-11 13:45:07,823] {processor.py:163} INFO - Started process (PID=2259) to work on /home/airflow/.local/lib/python3.7/site-packages/airflow/example_dags/example_branch_operator.py
[2022-04-11 13:45:07,825] {processor.py:642} INFO - Processing file /home/airflow/.local/lib/python3.7/site-packages/airflow/example_dags/example_branch_operator.py for tasks to queue
[2022-04-11 13:45:07,826] {logging_mixin.py:109} INFO - [2022-04-11 13:45:07,826] {dagbag.py:500} INFO - Filling up the DagBag from /home/airflow/.local/lib/python3.7/site-packages/airflow/example_dags/example_branch_operator.py
[2022-04-11 13:45:07,849] {processor.py:652} INFO - DAG(s) dict_keys(['example_branch_operator']) retrieved from /home/airflow/.local/lib/python3.7/site-packages/airflow/example_dags/example_branch_operator.py
[2022-04-11 13:45:07,876] {logging_mixin.py:109} INFO - [2022-04-11 13:45:07,876] {dag.py:2398} INFO - Sync 1 DAGs
[2022-04-11 13:45:07,901] {logging_mixin.py:109} INFO - [2022-04-11 13:45:07,901] {dag.py:2937} INFO - Setting next_dagrun for example_branch_operator to 2022-04-10 00:00:00+00:00
[2022-04-11 13:45:07,917] {processor.py:171} INFO - Processing /home/airflow/.local/lib/python3.7/site-packages/airflow/example_dags/example_branch_operator.py took 0.099 seconds
[2022-04-11 13:45:38,709] {processor.py:163} INFO - Started process (PID=2310) to work on /home/airflow/.local/lib/python3.7/site-packages/airflow/example_dags/example_branch_operator.py
[2022-04-11 13:45:38,713] {processor.py:642} INFO - Processing file /home/airflow/.local/lib/python3.7/site-packages/airflow/example_dags/example_branch_operator.py for tasks to queue
[2022-04-11 13:45:38,714] {logging_mixin.py:109} INFO - [2022-04-11 13:45:38,714] {dagbag.py:500} INFO - Filling up the DagBag from /home/airflow/.local/lib/python3.7/site-packages/airflow/example_dags/example_branch_operator.py
[2022-04-11 13:45:38,744] {processor.py:652} INFO - DAG(s) dict_keys(['example_branch_operator']) retrieved from /home/airflow/.local/lib/python3.7/site-packages/airflow/example_dags/example_branch_operator.py
[2022-04-11 13:45:38,797] {logging_mixin.py:109} INFO - [2022-04-11 13:45:38,797] {dag.py:2398} INFO - Sync 1 DAGs
[2022-04-11 13:45:38,856] {logging_mixin.py:109} INFO - [2022-04-11 13:45:38,856] {dag.py:2937} INFO - Setting next_dagrun for example_branch_operator to 2022-04-10 00:00:00+00:00
[2022-04-11 13:45:38,892] {processor.py:171} INFO - Processing /home/airflow/.local/lib/python3.7/site-packages/airflow/example_dags/example_branch_operator.py took 0.188 seconds
[2022-04-11 13:46:09,318] {processor.py:163} INFO - Started process (PID=2372) to work on /home/airflow/.local/lib/python3.7/site-packages/airflow/example_dags/example_branch_operator.py
[2022-04-11 13:46:09,320] {processor.py:642} INFO - Processing file /home/airflow/.local/lib/python3.7/site-packages/airflow/example_dags/example_branch_operator.py for tasks to queue
[2022-04-11 13:46:09,322] {logging_mixin.py:109} INFO - [2022-04-11 13:46:09,321] {dagbag.py:500} INFO - Filling up the DagBag from /home/airflow/.local/lib/python3.7/site-packages/airflow/example_dags/example_branch_operator.py
[2022-04-11 13:46:09,356] {processor.py:652} INFO - DAG(s) dict_keys(['example_branch_operator']) retrieved from /home/airflow/.local/lib/python3.7/site-packages/airflow/example_dags/example_branch_operator.py
[2022-04-11 13:46:09,392] {logging_mixin.py:109} INFO - [2022-04-11 13:46:09,392] {dag.py:2398} INFO - Sync 1 DAGs
[2022-04-11 13:46:09,419] {logging_mixin.py:109} INFO - [2022-04-11 13:46:09,419] {dag.py:2937} INFO - Setting next_dagrun for example_branch_operator to 2022-04-10 00:00:00+00:00
[2022-04-11 13:46:09,436] {processor.py:171} INFO - Processing /home/airflow/.local/lib/python3.7/site-packages/airflow/example_dags/example_branch_operator.py took 0.122 seconds
[2022-04-11 13:46:40,059] {processor.py:163} INFO - Started process (PID=2424) to work on /home/airflow/.local/lib/python3.7/site-packages/airflow/example_dags/example_branch_operator.py
[2022-04-11 13:46:40,062] {processor.py:642} INFO - Processing file /home/airflow/.local/lib/python3.7/site-packages/airflow/example_dags/example_branch_operator.py for tasks to queue
[2022-04-11 13:46:40,064] {logging_mixin.py:109} INFO - [2022-04-11 13:46:40,064] {dagbag.py:500} INFO - Filling up the DagBag from /home/airflow/.local/lib/python3.7/site-packages/airflow/example_dags/example_branch_operator.py
[2022-04-11 13:46:40,101] {processor.py:652} INFO - DAG(s) dict_keys(['example_branch_operator']) retrieved from /home/airflow/.local/lib/python3.7/site-packages/airflow/example_dags/example_branch_operator.py
[2022-04-11 13:46:40,150] {logging_mixin.py:109} INFO - [2022-04-11 13:46:40,150] {dag.py:2398} INFO - Sync 1 DAGs
[2022-04-11 13:46:40,189] {logging_mixin.py:109} INFO - [2022-04-11 13:46:40,189] {dag.py:2937} INFO - Setting next_dagrun for example_branch_operator to 2022-04-10 00:00:00+00:00
[2022-04-11 13:46:40,244] {processor.py:171} INFO - Processing /home/airflow/.local/lib/python3.7/site-packages/airflow/example_dags/example_branch_operator.py took 0.190 seconds
[2022-04-11 13:47:10,626] {processor.py:163} INFO - Started process (PID=2478) to work on /home/airflow/.local/lib/python3.7/site-packages/airflow/example_dags/example_branch_operator.py
[2022-04-11 13:47:10,628] {processor.py:642} INFO - Processing file /home/airflow/.local/lib/python3.7/site-packages/airflow/example_dags/example_branch_operator.py for tasks to queue
[2022-04-11 13:47:10,629] {logging_mixin.py:109} INFO - [2022-04-11 13:47:10,629] {dagbag.py:500} INFO - Filling up the DagBag from /home/airflow/.local/lib/python3.7/site-packages/airflow/example_dags/example_branch_operator.py
[2022-04-11 13:47:10,659] {processor.py:652} INFO - DAG(s) dict_keys(['example_branch_operator']) retrieved from /home/airflow/.local/lib/python3.7/site-packages/airflow/example_dags/example_branch_operator.py
[2022-04-11 13:47:10,688] {logging_mixin.py:109} INFO - [2022-04-11 13:47:10,688] {dag.py:2398} INFO - Sync 1 DAGs
[2022-04-11 13:47:10,719] {logging_mixin.py:109} INFO - [2022-04-11 13:47:10,719] {dag.py:2937} INFO - Setting next_dagrun for example_branch_operator to 2022-04-10 00:00:00+00:00
[2022-04-11 13:47:10,731] {processor.py:171} INFO - Processing /home/airflow/.local/lib/python3.7/site-packages/airflow/example_dags/example_branch_operator.py took 0.110 seconds
[2022-04-11 13:47:41,241] {processor.py:163} INFO - Started process (PID=2541) to work on /home/airflow/.local/lib/python3.7/site-packages/airflow/example_dags/example_branch_operator.py
[2022-04-11 13:47:41,244] {processor.py:642} INFO - Processing file /home/airflow/.local/lib/python3.7/site-packages/airflow/example_dags/example_branch_operator.py for tasks to queue
[2022-04-11 13:47:41,246] {logging_mixin.py:109} INFO - [2022-04-11 13:47:41,245] {dagbag.py:500} INFO - Filling up the DagBag from /home/airflow/.local/lib/python3.7/site-packages/airflow/example_dags/example_branch_operator.py
[2022-04-11 13:47:41,267] {processor.py:652} INFO - DAG(s) dict_keys(['example_branch_operator']) retrieved from /home/airflow/.local/lib/python3.7/site-packages/airflow/example_dags/example_branch_operator.py
[2022-04-11 13:47:41,292] {logging_mixin.py:109} INFO - [2022-04-11 13:47:41,292] {dag.py:2398} INFO - Sync 1 DAGs
[2022-04-11 13:47:41,316] {logging_mixin.py:109} INFO - [2022-04-11 13:47:41,316] {dag.py:2937} INFO - Setting next_dagrun for example_branch_operator to 2022-04-10 00:00:00+00:00
[2022-04-11 13:47:41,329] {processor.py:171} INFO - Processing /home/airflow/.local/lib/python3.7/site-packages/airflow/example_dags/example_branch_operator.py took 0.094 seconds
[2022-04-11 13:48:11,911] {processor.py:163} INFO - Started process (PID=2594) to work on /home/airflow/.local/lib/python3.7/site-packages/airflow/example_dags/example_branch_operator.py
[2022-04-11 13:48:11,913] {processor.py:642} INFO - Processing file /home/airflow/.local/lib/python3.7/site-packages/airflow/example_dags/example_branch_operator.py for tasks to queue
[2022-04-11 13:48:11,914] {logging_mixin.py:109} INFO - [2022-04-11 13:48:11,914] {dagbag.py:500} INFO - Filling up the DagBag from /home/airflow/.local/lib/python3.7/site-packages/airflow/example_dags/example_branch_operator.py
[2022-04-11 13:48:11,935] {processor.py:652} INFO - DAG(s) dict_keys(['example_branch_operator']) retrieved from /home/airflow/.local/lib/python3.7/site-packages/airflow/example_dags/example_branch_operator.py
[2022-04-11 13:48:11,959] {logging_mixin.py:109} INFO - [2022-04-11 13:48:11,959] {dag.py:2398} INFO - Sync 1 DAGs
[2022-04-11 13:48:11,979] {logging_mixin.py:109} INFO - [2022-04-11 13:48:11,979] {dag.py:2937} INFO - Setting next_dagrun for example_branch_operator to 2022-04-10 00:00:00+00:00
[2022-04-11 13:48:11,990] {processor.py:171} INFO - Processing /home/airflow/.local/lib/python3.7/site-packages/airflow/example_dags/example_branch_operator.py took 0.083 seconds
[2022-04-11 13:48:42,654] {processor.py:163} INFO - Started process (PID=2657) to work on /home/airflow/.local/lib/python3.7/site-packages/airflow/example_dags/example_branch_operator.py
[2022-04-11 13:48:42,656] {processor.py:642} INFO - Processing file /home/airflow/.local/lib/python3.7/site-packages/airflow/example_dags/example_branch_operator.py for tasks to queue
[2022-04-11 13:48:42,657] {logging_mixin.py:109} INFO - [2022-04-11 13:48:42,657] {dagbag.py:500} INFO - Filling up the DagBag from /home/airflow/.local/lib/python3.7/site-packages/airflow/example_dags/example_branch_operator.py
[2022-04-11 13:48:42,688] {processor.py:652} INFO - DAG(s) dict_keys(['example_branch_operator']) retrieved from /home/airflow/.local/lib/python3.7/site-packages/airflow/example_dags/example_branch_operator.py
[2022-04-11 13:48:42,723] {logging_mixin.py:109} INFO - [2022-04-11 13:48:42,723] {dag.py:2398} INFO - Sync 1 DAGs
[2022-04-11 13:48:42,749] {logging_mixin.py:109} INFO - [2022-04-11 13:48:42,749] {dag.py:2937} INFO - Setting next_dagrun for example_branch_operator to 2022-04-10 00:00:00+00:00
[2022-04-11 13:48:42,775] {processor.py:171} INFO - Processing /home/airflow/.local/lib/python3.7/site-packages/airflow/example_dags/example_branch_operator.py took 0.124 seconds
[2022-04-11 13:49:13,339] {processor.py:163} INFO - Started process (PID=2709) to work on /home/airflow/.local/lib/python3.7/site-packages/airflow/example_dags/example_branch_operator.py
[2022-04-11 13:49:13,342] {processor.py:642} INFO - Processing file /home/airflow/.local/lib/python3.7/site-packages/airflow/example_dags/example_branch_operator.py for tasks to queue
[2022-04-11 13:49:13,344] {logging_mixin.py:109} INFO - [2022-04-11 13:49:13,344] {dagbag.py:500} INFO - Filling up the DagBag from /home/airflow/.local/lib/python3.7/site-packages/airflow/example_dags/example_branch_operator.py
[2022-04-11 13:49:13,381] {processor.py:652} INFO - DAG(s) dict_keys(['example_branch_operator']) retrieved from /home/airflow/.local/lib/python3.7/site-packages/airflow/example_dags/example_branch_operator.py
[2022-04-11 13:49:13,422] {logging_mixin.py:109} INFO - [2022-04-11 13:49:13,421] {dag.py:2398} INFO - Sync 1 DAGs
[2022-04-11 13:49:13,448] {logging_mixin.py:109} INFO - [2022-04-11 13:49:13,447] {dag.py:2937} INFO - Setting next_dagrun for example_branch_operator to 2022-04-10 00:00:00+00:00
[2022-04-11 13:49:13,462] {processor.py:171} INFO - Processing /home/airflow/.local/lib/python3.7/site-packages/airflow/example_dags/example_branch_operator.py took 0.128 seconds
