[2022-04-11 13:27:06,486] {processor.py:163} INFO - Started process (PID=185) to work on /home/airflow/.local/lib/python3.7/site-packages/airflow/example_dags/example_complex.py
[2022-04-11 13:27:06,488] {processor.py:642} INFO - Processing file /home/airflow/.local/lib/python3.7/site-packages/airflow/example_dags/example_complex.py for tasks to queue
[2022-04-11 13:27:06,489] {logging_mixin.py:109} INFO - [2022-04-11 13:27:06,489] {dagbag.py:500} INFO - Filling up the DagBag from /home/airflow/.local/lib/python3.7/site-packages/airflow/example_dags/example_complex.py
[2022-04-11 13:27:06,521] {processor.py:652} INFO - DAG(s) dict_keys(['example_complex']) retrieved from /home/airflow/.local/lib/python3.7/site-packages/airflow/example_dags/example_complex.py
[2022-04-11 13:27:08,461] {logging_mixin.py:109} INFO - [2022-04-11 13:27:08,461] {manager.py:496} INFO - Created Permission View: can read on DAG:example_complex
[2022-04-11 13:27:08,473] {logging_mixin.py:109} INFO - [2022-04-11 13:27:08,473] {manager.py:496} INFO - Created Permission View: can edit on DAG:example_complex
[2022-04-11 13:27:08,474] {logging_mixin.py:109} INFO - [2022-04-11 13:27:08,474] {dag.py:2398} INFO - Sync 1 DAGs
[2022-04-11 13:27:08,484] {logging_mixin.py:109} INFO - [2022-04-11 13:27:08,483] {dag.py:2417} INFO - Creating ORM DAG for example_complex
[2022-04-11 13:27:08,492] {logging_mixin.py:109} INFO - [2022-04-11 13:27:08,492] {dag.py:2937} INFO - Setting next_dagrun for example_complex to None
[2022-04-11 13:27:08,506] {processor.py:171} INFO - Processing /home/airflow/.local/lib/python3.7/site-packages/airflow/example_dags/example_complex.py took 2.024 seconds
[2022-04-11 13:27:39,321] {processor.py:163} INFO - Started process (PID=309) to work on /home/airflow/.local/lib/python3.7/site-packages/airflow/example_dags/example_complex.py
[2022-04-11 13:27:39,323] {processor.py:642} INFO - Processing file /home/airflow/.local/lib/python3.7/site-packages/airflow/example_dags/example_complex.py for tasks to queue
[2022-04-11 13:27:39,324] {logging_mixin.py:109} INFO - [2022-04-11 13:27:39,324] {dagbag.py:500} INFO - Filling up the DagBag from /home/airflow/.local/lib/python3.7/site-packages/airflow/example_dags/example_complex.py
[2022-04-11 13:27:39,355] {processor.py:652} INFO - DAG(s) dict_keys(['example_complex']) retrieved from /home/airflow/.local/lib/python3.7/site-packages/airflow/example_dags/example_complex.py
[2022-04-11 13:27:39,391] {logging_mixin.py:109} INFO - [2022-04-11 13:27:39,391] {dag.py:2398} INFO - Sync 1 DAGs
[2022-04-11 13:27:39,410] {logging_mixin.py:109} INFO - [2022-04-11 13:27:39,410] {dag.py:2937} INFO - Setting next_dagrun for example_complex to None
[2022-04-11 13:27:39,423] {processor.py:171} INFO - Processing /home/airflow/.local/lib/python3.7/site-packages/airflow/example_dags/example_complex.py took 0.106 seconds
[2022-04-11 13:28:09,505] {processor.py:163} INFO - Started process (PID=370) to work on /home/airflow/.local/lib/python3.7/site-packages/airflow/example_dags/example_complex.py
[2022-04-11 13:28:09,508] {processor.py:642} INFO - Processing file /home/airflow/.local/lib/python3.7/site-packages/airflow/example_dags/example_complex.py for tasks to queue
[2022-04-11 13:28:09,510] {logging_mixin.py:109} INFO - [2022-04-11 13:28:09,509] {dagbag.py:500} INFO - Filling up the DagBag from /home/airflow/.local/lib/python3.7/site-packages/airflow/example_dags/example_complex.py
[2022-04-11 13:28:09,544] {processor.py:652} INFO - DAG(s) dict_keys(['example_complex']) retrieved from /home/airflow/.local/lib/python3.7/site-packages/airflow/example_dags/example_complex.py
[2022-04-11 13:28:09,585] {logging_mixin.py:109} INFO - [2022-04-11 13:28:09,585] {dag.py:2398} INFO - Sync 1 DAGs
[2022-04-11 13:28:09,613] {logging_mixin.py:109} INFO - [2022-04-11 13:28:09,613] {dag.py:2937} INFO - Setting next_dagrun for example_complex to None
[2022-04-11 13:28:09,628] {processor.py:171} INFO - Processing /home/airflow/.local/lib/python3.7/site-packages/airflow/example_dags/example_complex.py took 0.128 seconds
[2022-04-11 13:28:39,746] {processor.py:163} INFO - Started process (PID=421) to work on /home/airflow/.local/lib/python3.7/site-packages/airflow/example_dags/example_complex.py
[2022-04-11 13:28:39,755] {processor.py:642} INFO - Processing file /home/airflow/.local/lib/python3.7/site-packages/airflow/example_dags/example_complex.py for tasks to queue
[2022-04-11 13:28:39,761] {logging_mixin.py:109} INFO - [2022-04-11 13:28:39,760] {dagbag.py:500} INFO - Filling up the DagBag from /home/airflow/.local/lib/python3.7/site-packages/airflow/example_dags/example_complex.py
[2022-04-11 13:28:39,828] {processor.py:652} INFO - DAG(s) dict_keys(['example_complex']) retrieved from /home/airflow/.local/lib/python3.7/site-packages/airflow/example_dags/example_complex.py
[2022-04-11 13:28:39,898] {logging_mixin.py:109} INFO - [2022-04-11 13:28:39,898] {dag.py:2398} INFO - Sync 1 DAGs
[2022-04-11 13:28:39,967] {logging_mixin.py:109} INFO - [2022-04-11 13:28:39,967] {dag.py:2937} INFO - Setting next_dagrun for example_complex to None
[2022-04-11 13:28:39,997] {processor.py:171} INFO - Processing /home/airflow/.local/lib/python3.7/site-packages/airflow/example_dags/example_complex.py took 0.264 seconds
[2022-04-11 13:29:10,948] {processor.py:163} INFO - Started process (PID=482) to work on /home/airflow/.local/lib/python3.7/site-packages/airflow/example_dags/example_complex.py
[2022-04-11 13:29:10,951] {processor.py:642} INFO - Processing file /home/airflow/.local/lib/python3.7/site-packages/airflow/example_dags/example_complex.py for tasks to queue
[2022-04-11 13:29:10,952] {logging_mixin.py:109} INFO - [2022-04-11 13:29:10,952] {dagbag.py:500} INFO - Filling up the DagBag from /home/airflow/.local/lib/python3.7/site-packages/airflow/example_dags/example_complex.py
[2022-04-11 13:29:10,979] {processor.py:652} INFO - DAG(s) dict_keys(['example_complex']) retrieved from /home/airflow/.local/lib/python3.7/site-packages/airflow/example_dags/example_complex.py
[2022-04-11 13:29:11,020] {logging_mixin.py:109} INFO - [2022-04-11 13:29:11,020] {dag.py:2398} INFO - Sync 1 DAGs
[2022-04-11 13:29:11,040] {logging_mixin.py:109} INFO - [2022-04-11 13:29:11,039] {dag.py:2937} INFO - Setting next_dagrun for example_complex to None
[2022-04-11 13:29:11,051] {processor.py:171} INFO - Processing /home/airflow/.local/lib/python3.7/site-packages/airflow/example_dags/example_complex.py took 0.107 seconds
[2022-04-11 13:29:41,468] {processor.py:163} INFO - Started process (PID=535) to work on /home/airflow/.local/lib/python3.7/site-packages/airflow/example_dags/example_complex.py
[2022-04-11 13:29:41,470] {processor.py:642} INFO - Processing file /home/airflow/.local/lib/python3.7/site-packages/airflow/example_dags/example_complex.py for tasks to queue
[2022-04-11 13:29:41,472] {logging_mixin.py:109} INFO - [2022-04-11 13:29:41,472] {dagbag.py:500} INFO - Filling up the DagBag from /home/airflow/.local/lib/python3.7/site-packages/airflow/example_dags/example_complex.py
[2022-04-11 13:29:41,499] {processor.py:652} INFO - DAG(s) dict_keys(['example_complex']) retrieved from /home/airflow/.local/lib/python3.7/site-packages/airflow/example_dags/example_complex.py
[2022-04-11 13:29:41,534] {logging_mixin.py:109} INFO - [2022-04-11 13:29:41,534] {dag.py:2398} INFO - Sync 1 DAGs
[2022-04-11 13:29:41,559] {logging_mixin.py:109} INFO - [2022-04-11 13:29:41,559] {dag.py:2937} INFO - Setting next_dagrun for example_complex to None
[2022-04-11 13:29:41,570] {processor.py:171} INFO - Processing /home/airflow/.local/lib/python3.7/site-packages/airflow/example_dags/example_complex.py took 0.107 seconds
[2022-04-11 13:30:11,978] {processor.py:163} INFO - Started process (PID=595) to work on /home/airflow/.local/lib/python3.7/site-packages/airflow/example_dags/example_complex.py
[2022-04-11 13:30:11,982] {processor.py:642} INFO - Processing file /home/airflow/.local/lib/python3.7/site-packages/airflow/example_dags/example_complex.py for tasks to queue
[2022-04-11 13:30:11,985] {logging_mixin.py:109} INFO - [2022-04-11 13:30:11,985] {dagbag.py:500} INFO - Filling up the DagBag from /home/airflow/.local/lib/python3.7/site-packages/airflow/example_dags/example_complex.py
[2022-04-11 13:30:12,020] {processor.py:652} INFO - DAG(s) dict_keys(['example_complex']) retrieved from /home/airflow/.local/lib/python3.7/site-packages/airflow/example_dags/example_complex.py
[2022-04-11 13:30:12,054] {logging_mixin.py:109} INFO - [2022-04-11 13:30:12,054] {dag.py:2398} INFO - Sync 1 DAGs
[2022-04-11 13:30:12,081] {logging_mixin.py:109} INFO - [2022-04-11 13:30:12,081] {dag.py:2937} INFO - Setting next_dagrun for example_complex to None
[2022-04-11 13:30:12,093] {processor.py:171} INFO - Processing /home/airflow/.local/lib/python3.7/site-packages/airflow/example_dags/example_complex.py took 0.125 seconds
[2022-04-11 13:30:42,680] {processor.py:163} INFO - Started process (PID=646) to work on /home/airflow/.local/lib/python3.7/site-packages/airflow/example_dags/example_complex.py
[2022-04-11 13:30:42,683] {processor.py:642} INFO - Processing file /home/airflow/.local/lib/python3.7/site-packages/airflow/example_dags/example_complex.py for tasks to queue
[2022-04-11 13:30:42,685] {logging_mixin.py:109} INFO - [2022-04-11 13:30:42,685] {dagbag.py:500} INFO - Filling up the DagBag from /home/airflow/.local/lib/python3.7/site-packages/airflow/example_dags/example_complex.py
[2022-04-11 13:30:42,721] {processor.py:652} INFO - DAG(s) dict_keys(['example_complex']) retrieved from /home/airflow/.local/lib/python3.7/site-packages/airflow/example_dags/example_complex.py
[2022-04-11 13:30:42,757] {logging_mixin.py:109} INFO - [2022-04-11 13:30:42,757] {dag.py:2398} INFO - Sync 1 DAGs
[2022-04-11 13:30:42,779] {logging_mixin.py:109} INFO - [2022-04-11 13:30:42,779] {dag.py:2937} INFO - Setting next_dagrun for example_complex to None
[2022-04-11 13:30:42,794] {processor.py:171} INFO - Processing /home/airflow/.local/lib/python3.7/site-packages/airflow/example_dags/example_complex.py took 0.122 seconds
[2022-04-11 13:31:13,383] {processor.py:163} INFO - Started process (PID=706) to work on /home/airflow/.local/lib/python3.7/site-packages/airflow/example_dags/example_complex.py
[2022-04-11 13:31:13,385] {processor.py:642} INFO - Processing file /home/airflow/.local/lib/python3.7/site-packages/airflow/example_dags/example_complex.py for tasks to queue
[2022-04-11 13:31:13,387] {logging_mixin.py:109} INFO - [2022-04-11 13:31:13,387] {dagbag.py:500} INFO - Filling up the DagBag from /home/airflow/.local/lib/python3.7/site-packages/airflow/example_dags/example_complex.py
[2022-04-11 13:31:13,435] {processor.py:652} INFO - DAG(s) dict_keys(['example_complex']) retrieved from /home/airflow/.local/lib/python3.7/site-packages/airflow/example_dags/example_complex.py
[2022-04-11 13:31:13,488] {logging_mixin.py:109} INFO - [2022-04-11 13:31:13,488] {dag.py:2398} INFO - Sync 1 DAGs
[2022-04-11 13:31:13,532] {logging_mixin.py:109} INFO - [2022-04-11 13:31:13,532] {dag.py:2937} INFO - Setting next_dagrun for example_complex to None
[2022-04-11 13:31:13,551] {processor.py:171} INFO - Processing /home/airflow/.local/lib/python3.7/site-packages/airflow/example_dags/example_complex.py took 0.173 seconds
[2022-04-11 13:31:43,856] {processor.py:163} INFO - Started process (PID=770) to work on /home/airflow/.local/lib/python3.7/site-packages/airflow/example_dags/example_complex.py
[2022-04-11 13:31:43,858] {processor.py:642} INFO - Processing file /home/airflow/.local/lib/python3.7/site-packages/airflow/example_dags/example_complex.py for tasks to queue
[2022-04-11 13:31:43,859] {logging_mixin.py:109} INFO - [2022-04-11 13:31:43,859] {dagbag.py:500} INFO - Filling up the DagBag from /home/airflow/.local/lib/python3.7/site-packages/airflow/example_dags/example_complex.py
[2022-04-11 13:31:43,887] {processor.py:652} INFO - DAG(s) dict_keys(['example_complex']) retrieved from /home/airflow/.local/lib/python3.7/site-packages/airflow/example_dags/example_complex.py
[2022-04-11 13:31:43,921] {logging_mixin.py:109} INFO - [2022-04-11 13:31:43,921] {dag.py:2398} INFO - Sync 1 DAGs
[2022-04-11 13:31:43,940] {logging_mixin.py:109} INFO - [2022-04-11 13:31:43,940] {dag.py:2937} INFO - Setting next_dagrun for example_complex to None
[2022-04-11 13:31:43,953] {processor.py:171} INFO - Processing /home/airflow/.local/lib/python3.7/site-packages/airflow/example_dags/example_complex.py took 0.101 seconds
[2022-04-11 13:32:14,828] {processor.py:163} INFO - Started process (PID=822) to work on /home/airflow/.local/lib/python3.7/site-packages/airflow/example_dags/example_complex.py
[2022-04-11 13:32:14,832] {processor.py:642} INFO - Processing file /home/airflow/.local/lib/python3.7/site-packages/airflow/example_dags/example_complex.py for tasks to queue
[2022-04-11 13:32:14,835] {logging_mixin.py:109} INFO - [2022-04-11 13:32:14,834] {dagbag.py:500} INFO - Filling up the DagBag from /home/airflow/.local/lib/python3.7/site-packages/airflow/example_dags/example_complex.py
[2022-04-11 13:32:14,882] {processor.py:652} INFO - DAG(s) dict_keys(['example_complex']) retrieved from /home/airflow/.local/lib/python3.7/site-packages/airflow/example_dags/example_complex.py
[2022-04-11 13:32:14,935] {logging_mixin.py:109} INFO - [2022-04-11 13:32:14,934] {dag.py:2398} INFO - Sync 1 DAGs
[2022-04-11 13:32:14,979] {logging_mixin.py:109} INFO - [2022-04-11 13:32:14,979] {dag.py:2937} INFO - Setting next_dagrun for example_complex to None
[2022-04-11 13:32:15,000] {processor.py:171} INFO - Processing /home/airflow/.local/lib/python3.7/site-packages/airflow/example_dags/example_complex.py took 0.179 seconds
[2022-04-11 13:32:45,686] {processor.py:163} INFO - Started process (PID=884) to work on /home/airflow/.local/lib/python3.7/site-packages/airflow/example_dags/example_complex.py
[2022-04-11 13:32:45,688] {processor.py:642} INFO - Processing file /home/airflow/.local/lib/python3.7/site-packages/airflow/example_dags/example_complex.py for tasks to queue
[2022-04-11 13:32:45,689] {logging_mixin.py:109} INFO - [2022-04-11 13:32:45,689] {dagbag.py:500} INFO - Filling up the DagBag from /home/airflow/.local/lib/python3.7/site-packages/airflow/example_dags/example_complex.py
[2022-04-11 13:32:45,717] {processor.py:652} INFO - DAG(s) dict_keys(['example_complex']) retrieved from /home/airflow/.local/lib/python3.7/site-packages/airflow/example_dags/example_complex.py
[2022-04-11 13:32:45,748] {logging_mixin.py:109} INFO - [2022-04-11 13:32:45,748] {dag.py:2398} INFO - Sync 1 DAGs
[2022-04-11 13:32:45,772] {logging_mixin.py:109} INFO - [2022-04-11 13:32:45,771] {dag.py:2937} INFO - Setting next_dagrun for example_complex to None
[2022-04-11 13:32:45,783] {processor.py:171} INFO - Processing /home/airflow/.local/lib/python3.7/site-packages/airflow/example_dags/example_complex.py took 0.102 seconds
[2022-04-11 13:33:16,204] {processor.py:163} INFO - Started process (PID=936) to work on /home/airflow/.local/lib/python3.7/site-packages/airflow/example_dags/example_complex.py
[2022-04-11 13:33:16,206] {processor.py:642} INFO - Processing file /home/airflow/.local/lib/python3.7/site-packages/airflow/example_dags/example_complex.py for tasks to queue
[2022-04-11 13:33:16,207] {logging_mixin.py:109} INFO - [2022-04-11 13:33:16,207] {dagbag.py:500} INFO - Filling up the DagBag from /home/airflow/.local/lib/python3.7/site-packages/airflow/example_dags/example_complex.py
[2022-04-11 13:33:16,234] {processor.py:652} INFO - DAG(s) dict_keys(['example_complex']) retrieved from /home/airflow/.local/lib/python3.7/site-packages/airflow/example_dags/example_complex.py
[2022-04-11 13:33:16,264] {logging_mixin.py:109} INFO - [2022-04-11 13:33:16,264] {dag.py:2398} INFO - Sync 1 DAGs
[2022-04-11 13:33:16,286] {logging_mixin.py:109} INFO - [2022-04-11 13:33:16,286] {dag.py:2937} INFO - Setting next_dagrun for example_complex to None
[2022-04-11 13:33:16,301] {processor.py:171} INFO - Processing /home/airflow/.local/lib/python3.7/site-packages/airflow/example_dags/example_complex.py took 0.102 seconds
[2022-04-11 13:33:47,117] {processor.py:163} INFO - Started process (PID=996) to work on /home/airflow/.local/lib/python3.7/site-packages/airflow/example_dags/example_complex.py
[2022-04-11 13:33:47,121] {processor.py:642} INFO - Processing file /home/airflow/.local/lib/python3.7/site-packages/airflow/example_dags/example_complex.py for tasks to queue
[2022-04-11 13:33:47,126] {logging_mixin.py:109} INFO - [2022-04-11 13:33:47,126] {dagbag.py:500} INFO - Filling up the DagBag from /home/airflow/.local/lib/python3.7/site-packages/airflow/example_dags/example_complex.py
[2022-04-11 13:33:47,196] {processor.py:652} INFO - DAG(s) dict_keys(['example_complex']) retrieved from /home/airflow/.local/lib/python3.7/site-packages/airflow/example_dags/example_complex.py
[2022-04-11 13:33:47,245] {logging_mixin.py:109} INFO - [2022-04-11 13:33:47,245] {dag.py:2398} INFO - Sync 1 DAGs
[2022-04-11 13:33:47,278] {logging_mixin.py:109} INFO - [2022-04-11 13:33:47,277] {dag.py:2937} INFO - Setting next_dagrun for example_complex to None
[2022-04-11 13:33:47,301] {processor.py:171} INFO - Processing /home/airflow/.local/lib/python3.7/site-packages/airflow/example_dags/example_complex.py took 0.193 seconds
[2022-04-11 13:34:18,022] {processor.py:163} INFO - Started process (PID=1048) to work on /home/airflow/.local/lib/python3.7/site-packages/airflow/example_dags/example_complex.py
[2022-04-11 13:34:18,023] {processor.py:642} INFO - Processing file /home/airflow/.local/lib/python3.7/site-packages/airflow/example_dags/example_complex.py for tasks to queue
[2022-04-11 13:34:18,025] {logging_mixin.py:109} INFO - [2022-04-11 13:34:18,025] {dagbag.py:500} INFO - Filling up the DagBag from /home/airflow/.local/lib/python3.7/site-packages/airflow/example_dags/example_complex.py
[2022-04-11 13:34:18,054] {processor.py:652} INFO - DAG(s) dict_keys(['example_complex']) retrieved from /home/airflow/.local/lib/python3.7/site-packages/airflow/example_dags/example_complex.py
[2022-04-11 13:34:18,090] {logging_mixin.py:109} INFO - [2022-04-11 13:34:18,090] {dag.py:2398} INFO - Sync 1 DAGs
[2022-04-11 13:34:18,110] {logging_mixin.py:109} INFO - [2022-04-11 13:34:18,110] {dag.py:2937} INFO - Setting next_dagrun for example_complex to None
[2022-04-11 13:34:18,121] {processor.py:171} INFO - Processing /home/airflow/.local/lib/python3.7/site-packages/airflow/example_dags/example_complex.py took 0.104 seconds
[2022-04-11 13:34:48,514] {processor.py:163} INFO - Started process (PID=1111) to work on /home/airflow/.local/lib/python3.7/site-packages/airflow/example_dags/example_complex.py
[2022-04-11 13:34:48,518] {processor.py:642} INFO - Processing file /home/airflow/.local/lib/python3.7/site-packages/airflow/example_dags/example_complex.py for tasks to queue
[2022-04-11 13:34:48,519] {logging_mixin.py:109} INFO - [2022-04-11 13:34:48,519] {dagbag.py:500} INFO - Filling up the DagBag from /home/airflow/.local/lib/python3.7/site-packages/airflow/example_dags/example_complex.py
[2022-04-11 13:34:48,548] {processor.py:652} INFO - DAG(s) dict_keys(['example_complex']) retrieved from /home/airflow/.local/lib/python3.7/site-packages/airflow/example_dags/example_complex.py
[2022-04-11 13:34:48,581] {logging_mixin.py:109} INFO - [2022-04-11 13:34:48,580] {dag.py:2398} INFO - Sync 1 DAGs
[2022-04-11 13:34:48,602] {logging_mixin.py:109} INFO - [2022-04-11 13:34:48,602] {dag.py:2937} INFO - Setting next_dagrun for example_complex to None
[2022-04-11 13:34:48,628] {processor.py:171} INFO - Processing /home/airflow/.local/lib/python3.7/site-packages/airflow/example_dags/example_complex.py took 0.118 seconds
[2022-04-11 13:35:18,727] {processor.py:163} INFO - Started process (PID=1162) to work on /home/airflow/.local/lib/python3.7/site-packages/airflow/example_dags/example_complex.py
[2022-04-11 13:35:18,728] {processor.py:642} INFO - Processing file /home/airflow/.local/lib/python3.7/site-packages/airflow/example_dags/example_complex.py for tasks to queue
[2022-04-11 13:35:18,729] {logging_mixin.py:109} INFO - [2022-04-11 13:35:18,729] {dagbag.py:500} INFO - Filling up the DagBag from /home/airflow/.local/lib/python3.7/site-packages/airflow/example_dags/example_complex.py
[2022-04-11 13:35:18,756] {processor.py:652} INFO - DAG(s) dict_keys(['example_complex']) retrieved from /home/airflow/.local/lib/python3.7/site-packages/airflow/example_dags/example_complex.py
[2022-04-11 13:35:18,788] {logging_mixin.py:109} INFO - [2022-04-11 13:35:18,788] {dag.py:2398} INFO - Sync 1 DAGs
[2022-04-11 13:35:18,809] {logging_mixin.py:109} INFO - [2022-04-11 13:35:18,809] {dag.py:2937} INFO - Setting next_dagrun for example_complex to None
[2022-04-11 13:35:18,825] {processor.py:171} INFO - Processing /home/airflow/.local/lib/python3.7/site-packages/airflow/example_dags/example_complex.py took 0.102 seconds
[2022-04-11 13:35:49,226] {processor.py:163} INFO - Started process (PID=1224) to work on /home/airflow/.local/lib/python3.7/site-packages/airflow/example_dags/example_complex.py
[2022-04-11 13:35:49,229] {processor.py:642} INFO - Processing file /home/airflow/.local/lib/python3.7/site-packages/airflow/example_dags/example_complex.py for tasks to queue
[2022-04-11 13:35:49,231] {logging_mixin.py:109} INFO - [2022-04-11 13:35:49,231] {dagbag.py:500} INFO - Filling up the DagBag from /home/airflow/.local/lib/python3.7/site-packages/airflow/example_dags/example_complex.py
[2022-04-11 13:35:49,265] {processor.py:652} INFO - DAG(s) dict_keys(['example_complex']) retrieved from /home/airflow/.local/lib/python3.7/site-packages/airflow/example_dags/example_complex.py
[2022-04-11 13:35:49,305] {logging_mixin.py:109} INFO - [2022-04-11 13:35:49,305] {dag.py:2398} INFO - Sync 1 DAGs
[2022-04-11 13:35:49,332] {logging_mixin.py:109} INFO - [2022-04-11 13:35:49,332] {dag.py:2937} INFO - Setting next_dagrun for example_complex to None
[2022-04-11 13:35:49,353] {processor.py:171} INFO - Processing /home/airflow/.local/lib/python3.7/site-packages/airflow/example_dags/example_complex.py took 0.133 seconds
[2022-04-11 13:36:19,603] {processor.py:163} INFO - Started process (PID=1276) to work on /home/airflow/.local/lib/python3.7/site-packages/airflow/example_dags/example_complex.py
[2022-04-11 13:36:19,606] {processor.py:642} INFO - Processing file /home/airflow/.local/lib/python3.7/site-packages/airflow/example_dags/example_complex.py for tasks to queue
[2022-04-11 13:36:19,608] {logging_mixin.py:109} INFO - [2022-04-11 13:36:19,608] {dagbag.py:500} INFO - Filling up the DagBag from /home/airflow/.local/lib/python3.7/site-packages/airflow/example_dags/example_complex.py
[2022-04-11 13:36:19,643] {processor.py:652} INFO - DAG(s) dict_keys(['example_complex']) retrieved from /home/airflow/.local/lib/python3.7/site-packages/airflow/example_dags/example_complex.py
[2022-04-11 13:36:19,680] {logging_mixin.py:109} INFO - [2022-04-11 13:36:19,680] {dag.py:2398} INFO - Sync 1 DAGs
[2022-04-11 13:36:19,705] {logging_mixin.py:109} INFO - [2022-04-11 13:36:19,704] {dag.py:2937} INFO - Setting next_dagrun for example_complex to None
[2022-04-11 13:36:19,719] {processor.py:171} INFO - Processing /home/airflow/.local/lib/python3.7/site-packages/airflow/example_dags/example_complex.py took 0.120 seconds
[2022-04-11 13:36:50,033] {processor.py:163} INFO - Started process (PID=1333) to work on /home/airflow/.local/lib/python3.7/site-packages/airflow/example_dags/example_complex.py
[2022-04-11 13:36:50,035] {processor.py:642} INFO - Processing file /home/airflow/.local/lib/python3.7/site-packages/airflow/example_dags/example_complex.py for tasks to queue
[2022-04-11 13:36:50,037] {logging_mixin.py:109} INFO - [2022-04-11 13:36:50,037] {dagbag.py:500} INFO - Filling up the DagBag from /home/airflow/.local/lib/python3.7/site-packages/airflow/example_dags/example_complex.py
[2022-04-11 13:36:50,064] {processor.py:652} INFO - DAG(s) dict_keys(['example_complex']) retrieved from /home/airflow/.local/lib/python3.7/site-packages/airflow/example_dags/example_complex.py
[2022-04-11 13:36:50,094] {logging_mixin.py:109} INFO - [2022-04-11 13:36:50,094] {dag.py:2398} INFO - Sync 1 DAGs
[2022-04-11 13:36:50,112] {logging_mixin.py:109} INFO - [2022-04-11 13:36:50,112] {dag.py:2937} INFO - Setting next_dagrun for example_complex to None
[2022-04-11 13:36:50,124] {processor.py:171} INFO - Processing /home/airflow/.local/lib/python3.7/site-packages/airflow/example_dags/example_complex.py took 0.096 seconds
[2022-04-11 13:37:20,699] {processor.py:163} INFO - Started process (PID=1394) to work on /home/airflow/.local/lib/python3.7/site-packages/airflow/example_dags/example_complex.py
[2022-04-11 13:37:20,701] {processor.py:642} INFO - Processing file /home/airflow/.local/lib/python3.7/site-packages/airflow/example_dags/example_complex.py for tasks to queue
[2022-04-11 13:37:20,703] {logging_mixin.py:109} INFO - [2022-04-11 13:37:20,703] {dagbag.py:500} INFO - Filling up the DagBag from /home/airflow/.local/lib/python3.7/site-packages/airflow/example_dags/example_complex.py
[2022-04-11 13:37:20,736] {processor.py:652} INFO - DAG(s) dict_keys(['example_complex']) retrieved from /home/airflow/.local/lib/python3.7/site-packages/airflow/example_dags/example_complex.py
[2022-04-11 13:37:20,772] {logging_mixin.py:109} INFO - [2022-04-11 13:37:20,772] {dag.py:2398} INFO - Sync 1 DAGs
[2022-04-11 13:37:20,796] {logging_mixin.py:109} INFO - [2022-04-11 13:37:20,796] {dag.py:2937} INFO - Setting next_dagrun for example_complex to None
[2022-04-11 13:37:20,812] {processor.py:171} INFO - Processing /home/airflow/.local/lib/python3.7/site-packages/airflow/example_dags/example_complex.py took 0.119 seconds
[2022-04-11 13:37:51,630] {processor.py:163} INFO - Started process (PID=1447) to work on /home/airflow/.local/lib/python3.7/site-packages/airflow/example_dags/example_complex.py
[2022-04-11 13:37:51,633] {processor.py:642} INFO - Processing file /home/airflow/.local/lib/python3.7/site-packages/airflow/example_dags/example_complex.py for tasks to queue
[2022-04-11 13:37:51,634] {logging_mixin.py:109} INFO - [2022-04-11 13:37:51,634] {dagbag.py:500} INFO - Filling up the DagBag from /home/airflow/.local/lib/python3.7/site-packages/airflow/example_dags/example_complex.py
[2022-04-11 13:37:51,666] {processor.py:652} INFO - DAG(s) dict_keys(['example_complex']) retrieved from /home/airflow/.local/lib/python3.7/site-packages/airflow/example_dags/example_complex.py
[2022-04-11 13:37:51,702] {logging_mixin.py:109} INFO - [2022-04-11 13:37:51,702] {dag.py:2398} INFO - Sync 1 DAGs
[2022-04-11 13:37:51,726] {logging_mixin.py:109} INFO - [2022-04-11 13:37:51,726] {dag.py:2937} INFO - Setting next_dagrun for example_complex to None
[2022-04-11 13:37:51,746] {processor.py:171} INFO - Processing /home/airflow/.local/lib/python3.7/site-packages/airflow/example_dags/example_complex.py took 0.122 seconds
[2022-04-11 13:38:22,303] {processor.py:163} INFO - Started process (PID=1509) to work on /home/airflow/.local/lib/python3.7/site-packages/airflow/example_dags/example_complex.py
[2022-04-11 13:38:22,305] {processor.py:642} INFO - Processing file /home/airflow/.local/lib/python3.7/site-packages/airflow/example_dags/example_complex.py for tasks to queue
[2022-04-11 13:38:22,308] {logging_mixin.py:109} INFO - [2022-04-11 13:38:22,308] {dagbag.py:500} INFO - Filling up the DagBag from /home/airflow/.local/lib/python3.7/site-packages/airflow/example_dags/example_complex.py
[2022-04-11 13:38:22,345] {processor.py:652} INFO - DAG(s) dict_keys(['example_complex']) retrieved from /home/airflow/.local/lib/python3.7/site-packages/airflow/example_dags/example_complex.py
[2022-04-11 13:38:22,383] {logging_mixin.py:109} INFO - [2022-04-11 13:38:22,383] {dag.py:2398} INFO - Sync 1 DAGs
[2022-04-11 13:38:22,405] {logging_mixin.py:109} INFO - [2022-04-11 13:38:22,404] {dag.py:2937} INFO - Setting next_dagrun for example_complex to None
[2022-04-11 13:38:22,415] {processor.py:171} INFO - Processing /home/airflow/.local/lib/python3.7/site-packages/airflow/example_dags/example_complex.py took 0.117 seconds
[2022-04-11 13:38:52,854] {processor.py:163} INFO - Started process (PID=1561) to work on /home/airflow/.local/lib/python3.7/site-packages/airflow/example_dags/example_complex.py
[2022-04-11 13:38:52,856] {processor.py:642} INFO - Processing file /home/airflow/.local/lib/python3.7/site-packages/airflow/example_dags/example_complex.py for tasks to queue
[2022-04-11 13:38:52,858] {logging_mixin.py:109} INFO - [2022-04-11 13:38:52,858] {dagbag.py:500} INFO - Filling up the DagBag from /home/airflow/.local/lib/python3.7/site-packages/airflow/example_dags/example_complex.py
[2022-04-11 13:38:52,903] {processor.py:652} INFO - DAG(s) dict_keys(['example_complex']) retrieved from /home/airflow/.local/lib/python3.7/site-packages/airflow/example_dags/example_complex.py
[2022-04-11 13:38:52,955] {logging_mixin.py:109} INFO - [2022-04-11 13:38:52,955] {dag.py:2398} INFO - Sync 1 DAGs
[2022-04-11 13:38:52,988] {logging_mixin.py:109} INFO - [2022-04-11 13:38:52,988] {dag.py:2937} INFO - Setting next_dagrun for example_complex to None
[2022-04-11 13:38:53,008] {processor.py:171} INFO - Processing /home/airflow/.local/lib/python3.7/site-packages/airflow/example_dags/example_complex.py took 0.164 seconds
[2022-04-11 13:39:23,200] {processor.py:163} INFO - Started process (PID=1623) to work on /home/airflow/.local/lib/python3.7/site-packages/airflow/example_dags/example_complex.py
[2022-04-11 13:39:23,203] {processor.py:642} INFO - Processing file /home/airflow/.local/lib/python3.7/site-packages/airflow/example_dags/example_complex.py for tasks to queue
[2022-04-11 13:39:23,204] {logging_mixin.py:109} INFO - [2022-04-11 13:39:23,204] {dagbag.py:500} INFO - Filling up the DagBag from /home/airflow/.local/lib/python3.7/site-packages/airflow/example_dags/example_complex.py
[2022-04-11 13:39:23,238] {processor.py:652} INFO - DAG(s) dict_keys(['example_complex']) retrieved from /home/airflow/.local/lib/python3.7/site-packages/airflow/example_dags/example_complex.py
[2022-04-11 13:39:23,273] {logging_mixin.py:109} INFO - [2022-04-11 13:39:23,272] {dag.py:2398} INFO - Sync 1 DAGs
[2022-04-11 13:39:23,304] {logging_mixin.py:109} INFO - [2022-04-11 13:39:23,304] {dag.py:2937} INFO - Setting next_dagrun for example_complex to None
[2022-04-11 13:39:23,325] {processor.py:171} INFO - Processing /home/airflow/.local/lib/python3.7/site-packages/airflow/example_dags/example_complex.py took 0.131 seconds
[2022-04-11 13:39:53,618] {processor.py:163} INFO - Started process (PID=1674) to work on /home/airflow/.local/lib/python3.7/site-packages/airflow/example_dags/example_complex.py
[2022-04-11 13:39:53,620] {processor.py:642} INFO - Processing file /home/airflow/.local/lib/python3.7/site-packages/airflow/example_dags/example_complex.py for tasks to queue
[2022-04-11 13:39:53,622] {logging_mixin.py:109} INFO - [2022-04-11 13:39:53,622] {dagbag.py:500} INFO - Filling up the DagBag from /home/airflow/.local/lib/python3.7/site-packages/airflow/example_dags/example_complex.py
[2022-04-11 13:39:53,656] {processor.py:652} INFO - DAG(s) dict_keys(['example_complex']) retrieved from /home/airflow/.local/lib/python3.7/site-packages/airflow/example_dags/example_complex.py
[2022-04-11 13:39:53,692] {logging_mixin.py:109} INFO - [2022-04-11 13:39:53,691] {dag.py:2398} INFO - Sync 1 DAGs
[2022-04-11 13:39:53,712] {logging_mixin.py:109} INFO - [2022-04-11 13:39:53,711] {dag.py:2937} INFO - Setting next_dagrun for example_complex to None
[2022-04-11 13:39:53,724] {processor.py:171} INFO - Processing /home/airflow/.local/lib/python3.7/site-packages/airflow/example_dags/example_complex.py took 0.112 seconds
[2022-04-11 13:40:24,126] {processor.py:163} INFO - Started process (PID=1735) to work on /home/airflow/.local/lib/python3.7/site-packages/airflow/example_dags/example_complex.py
[2022-04-11 13:40:24,128] {processor.py:642} INFO - Processing file /home/airflow/.local/lib/python3.7/site-packages/airflow/example_dags/example_complex.py for tasks to queue
[2022-04-11 13:40:24,130] {logging_mixin.py:109} INFO - [2022-04-11 13:40:24,130] {dagbag.py:500} INFO - Filling up the DagBag from /home/airflow/.local/lib/python3.7/site-packages/airflow/example_dags/example_complex.py
[2022-04-11 13:40:24,162] {processor.py:652} INFO - DAG(s) dict_keys(['example_complex']) retrieved from /home/airflow/.local/lib/python3.7/site-packages/airflow/example_dags/example_complex.py
[2022-04-11 13:40:24,199] {logging_mixin.py:109} INFO - [2022-04-11 13:40:24,199] {dag.py:2398} INFO - Sync 1 DAGs
[2022-04-11 13:40:24,219] {logging_mixin.py:109} INFO - [2022-04-11 13:40:24,219] {dag.py:2937} INFO - Setting next_dagrun for example_complex to None
[2022-04-11 13:40:24,232] {processor.py:171} INFO - Processing /home/airflow/.local/lib/python3.7/site-packages/airflow/example_dags/example_complex.py took 0.110 seconds
[2022-04-11 13:40:54,630] {processor.py:163} INFO - Started process (PID=1791) to work on /home/airflow/.local/lib/python3.7/site-packages/airflow/example_dags/example_complex.py
[2022-04-11 13:40:54,632] {processor.py:642} INFO - Processing file /home/airflow/.local/lib/python3.7/site-packages/airflow/example_dags/example_complex.py for tasks to queue
[2022-04-11 13:40:54,633] {logging_mixin.py:109} INFO - [2022-04-11 13:40:54,633] {dagbag.py:500} INFO - Filling up the DagBag from /home/airflow/.local/lib/python3.7/site-packages/airflow/example_dags/example_complex.py
[2022-04-11 13:40:54,662] {processor.py:652} INFO - DAG(s) dict_keys(['example_complex']) retrieved from /home/airflow/.local/lib/python3.7/site-packages/airflow/example_dags/example_complex.py
[2022-04-11 13:40:54,691] {logging_mixin.py:109} INFO - [2022-04-11 13:40:54,691] {dag.py:2398} INFO - Sync 1 DAGs
[2022-04-11 13:40:54,711] {logging_mixin.py:109} INFO - [2022-04-11 13:40:54,711] {dag.py:2937} INFO - Setting next_dagrun for example_complex to None
[2022-04-11 13:40:54,723] {processor.py:171} INFO - Processing /home/airflow/.local/lib/python3.7/site-packages/airflow/example_dags/example_complex.py took 0.097 seconds
[2022-04-11 13:41:25,232] {processor.py:163} INFO - Started process (PID=1843) to work on /home/airflow/.local/lib/python3.7/site-packages/airflow/example_dags/example_complex.py
[2022-04-11 13:41:25,234] {processor.py:642} INFO - Processing file /home/airflow/.local/lib/python3.7/site-packages/airflow/example_dags/example_complex.py for tasks to queue
[2022-04-11 13:41:25,235] {logging_mixin.py:109} INFO - [2022-04-11 13:41:25,235] {dagbag.py:500} INFO - Filling up the DagBag from /home/airflow/.local/lib/python3.7/site-packages/airflow/example_dags/example_complex.py
[2022-04-11 13:41:25,264] {processor.py:652} INFO - DAG(s) dict_keys(['example_complex']) retrieved from /home/airflow/.local/lib/python3.7/site-packages/airflow/example_dags/example_complex.py
[2022-04-11 13:41:25,295] {logging_mixin.py:109} INFO - [2022-04-11 13:41:25,295] {dag.py:2398} INFO - Sync 1 DAGs
[2022-04-11 13:41:25,315] {logging_mixin.py:109} INFO - [2022-04-11 13:41:25,315] {dag.py:2937} INFO - Setting next_dagrun for example_complex to None
[2022-04-11 13:41:25,328] {processor.py:171} INFO - Processing /home/airflow/.local/lib/python3.7/site-packages/airflow/example_dags/example_complex.py took 0.101 seconds
[2022-04-11 13:41:55,765] {processor.py:163} INFO - Started process (PID=1906) to work on /home/airflow/.local/lib/python3.7/site-packages/airflow/example_dags/example_complex.py
[2022-04-11 13:41:55,767] {processor.py:642} INFO - Processing file /home/airflow/.local/lib/python3.7/site-packages/airflow/example_dags/example_complex.py for tasks to queue
[2022-04-11 13:41:55,768] {logging_mixin.py:109} INFO - [2022-04-11 13:41:55,768] {dagbag.py:500} INFO - Filling up the DagBag from /home/airflow/.local/lib/python3.7/site-packages/airflow/example_dags/example_complex.py
[2022-04-11 13:41:55,798] {processor.py:652} INFO - DAG(s) dict_keys(['example_complex']) retrieved from /home/airflow/.local/lib/python3.7/site-packages/airflow/example_dags/example_complex.py
[2022-04-11 13:41:55,830] {logging_mixin.py:109} INFO - [2022-04-11 13:41:55,830] {dag.py:2398} INFO - Sync 1 DAGs
[2022-04-11 13:41:55,852] {logging_mixin.py:109} INFO - [2022-04-11 13:41:55,852] {dag.py:2937} INFO - Setting next_dagrun for example_complex to None
[2022-04-11 13:41:55,863] {processor.py:171} INFO - Processing /home/airflow/.local/lib/python3.7/site-packages/airflow/example_dags/example_complex.py took 0.104 seconds
[2022-04-11 13:42:26,019] {processor.py:163} INFO - Started process (PID=1958) to work on /home/airflow/.local/lib/python3.7/site-packages/airflow/example_dags/example_complex.py
[2022-04-11 13:42:26,021] {processor.py:642} INFO - Processing file /home/airflow/.local/lib/python3.7/site-packages/airflow/example_dags/example_complex.py for tasks to queue
[2022-04-11 13:42:26,023] {logging_mixin.py:109} INFO - [2022-04-11 13:42:26,023] {dagbag.py:500} INFO - Filling up the DagBag from /home/airflow/.local/lib/python3.7/site-packages/airflow/example_dags/example_complex.py
[2022-04-11 13:42:26,057] {processor.py:652} INFO - DAG(s) dict_keys(['example_complex']) retrieved from /home/airflow/.local/lib/python3.7/site-packages/airflow/example_dags/example_complex.py
[2022-04-11 13:42:26,094] {logging_mixin.py:109} INFO - [2022-04-11 13:42:26,094] {dag.py:2398} INFO - Sync 1 DAGs
[2022-04-11 13:42:26,113] {logging_mixin.py:109} INFO - [2022-04-11 13:42:26,113] {dag.py:2937} INFO - Setting next_dagrun for example_complex to None
[2022-04-11 13:42:26,135] {processor.py:171} INFO - Processing /home/airflow/.local/lib/python3.7/site-packages/airflow/example_dags/example_complex.py took 0.120 seconds
[2022-04-11 13:42:57,084] {processor.py:163} INFO - Started process (PID=2021) to work on /home/airflow/.local/lib/python3.7/site-packages/airflow/example_dags/example_complex.py
[2022-04-11 13:42:57,087] {processor.py:642} INFO - Processing file /home/airflow/.local/lib/python3.7/site-packages/airflow/example_dags/example_complex.py for tasks to queue
[2022-04-11 13:42:57,088] {logging_mixin.py:109} INFO - [2022-04-11 13:42:57,088] {dagbag.py:500} INFO - Filling up the DagBag from /home/airflow/.local/lib/python3.7/site-packages/airflow/example_dags/example_complex.py
[2022-04-11 13:42:57,118] {processor.py:652} INFO - DAG(s) dict_keys(['example_complex']) retrieved from /home/airflow/.local/lib/python3.7/site-packages/airflow/example_dags/example_complex.py
[2022-04-11 13:42:57,152] {logging_mixin.py:109} INFO - [2022-04-11 13:42:57,152] {dag.py:2398} INFO - Sync 1 DAGs
[2022-04-11 13:42:57,173] {logging_mixin.py:109} INFO - [2022-04-11 13:42:57,173] {dag.py:2937} INFO - Setting next_dagrun for example_complex to None
[2022-04-11 13:42:57,186] {processor.py:171} INFO - Processing /home/airflow/.local/lib/python3.7/site-packages/airflow/example_dags/example_complex.py took 0.106 seconds
[2022-04-11 13:43:28,403] {processor.py:163} INFO - Started process (PID=2073) to work on /home/airflow/.local/lib/python3.7/site-packages/airflow/example_dags/example_complex.py
[2022-04-11 13:43:28,405] {processor.py:642} INFO - Processing file /home/airflow/.local/lib/python3.7/site-packages/airflow/example_dags/example_complex.py for tasks to queue
[2022-04-11 13:43:28,406] {logging_mixin.py:109} INFO - [2022-04-11 13:43:28,406] {dagbag.py:500} INFO - Filling up the DagBag from /home/airflow/.local/lib/python3.7/site-packages/airflow/example_dags/example_complex.py
[2022-04-11 13:43:28,434] {processor.py:652} INFO - DAG(s) dict_keys(['example_complex']) retrieved from /home/airflow/.local/lib/python3.7/site-packages/airflow/example_dags/example_complex.py
[2022-04-11 13:43:28,463] {logging_mixin.py:109} INFO - [2022-04-11 13:43:28,463] {dag.py:2398} INFO - Sync 1 DAGs
[2022-04-11 13:43:28,480] {logging_mixin.py:109} INFO - [2022-04-11 13:43:28,480] {dag.py:2937} INFO - Setting next_dagrun for example_complex to None
[2022-04-11 13:43:28,490] {processor.py:171} INFO - Processing /home/airflow/.local/lib/python3.7/site-packages/airflow/example_dags/example_complex.py took 0.090 seconds
[2022-04-11 13:43:59,171] {processor.py:163} INFO - Started process (PID=2137) to work on /home/airflow/.local/lib/python3.7/site-packages/airflow/example_dags/example_complex.py
[2022-04-11 13:43:59,173] {processor.py:642} INFO - Processing file /home/airflow/.local/lib/python3.7/site-packages/airflow/example_dags/example_complex.py for tasks to queue
[2022-04-11 13:43:59,175] {logging_mixin.py:109} INFO - [2022-04-11 13:43:59,175] {dagbag.py:500} INFO - Filling up the DagBag from /home/airflow/.local/lib/python3.7/site-packages/airflow/example_dags/example_complex.py
[2022-04-11 13:43:59,204] {processor.py:652} INFO - DAG(s) dict_keys(['example_complex']) retrieved from /home/airflow/.local/lib/python3.7/site-packages/airflow/example_dags/example_complex.py
[2022-04-11 13:43:59,237] {logging_mixin.py:109} INFO - [2022-04-11 13:43:59,237] {dag.py:2398} INFO - Sync 1 DAGs
[2022-04-11 13:43:59,263] {logging_mixin.py:109} INFO - [2022-04-11 13:43:59,263] {dag.py:2937} INFO - Setting next_dagrun for example_complex to None
[2022-04-11 13:43:59,277] {processor.py:171} INFO - Processing /home/airflow/.local/lib/python3.7/site-packages/airflow/example_dags/example_complex.py took 0.111 seconds
[2022-04-11 13:44:29,896] {processor.py:163} INFO - Started process (PID=2189) to work on /home/airflow/.local/lib/python3.7/site-packages/airflow/example_dags/example_complex.py
[2022-04-11 13:44:29,900] {processor.py:642} INFO - Processing file /home/airflow/.local/lib/python3.7/site-packages/airflow/example_dags/example_complex.py for tasks to queue
[2022-04-11 13:44:29,903] {logging_mixin.py:109} INFO - [2022-04-11 13:44:29,903] {dagbag.py:500} INFO - Filling up the DagBag from /home/airflow/.local/lib/python3.7/site-packages/airflow/example_dags/example_complex.py
[2022-04-11 13:44:29,950] {processor.py:652} INFO - DAG(s) dict_keys(['example_complex']) retrieved from /home/airflow/.local/lib/python3.7/site-packages/airflow/example_dags/example_complex.py
[2022-04-11 13:44:29,989] {logging_mixin.py:109} INFO - [2022-04-11 13:44:29,989] {dag.py:2398} INFO - Sync 1 DAGs
[2022-04-11 13:44:30,024] {logging_mixin.py:109} INFO - [2022-04-11 13:44:30,024] {dag.py:2937} INFO - Setting next_dagrun for example_complex to None
[2022-04-11 13:44:30,041] {processor.py:171} INFO - Processing /home/airflow/.local/lib/python3.7/site-packages/airflow/example_dags/example_complex.py took 0.151 seconds
[2022-04-11 13:45:01,229] {processor.py:163} INFO - Started process (PID=2240) to work on /home/airflow/.local/lib/python3.7/site-packages/airflow/example_dags/example_complex.py
[2022-04-11 13:45:01,232] {processor.py:642} INFO - Processing file /home/airflow/.local/lib/python3.7/site-packages/airflow/example_dags/example_complex.py for tasks to queue
[2022-04-11 13:45:01,236] {logging_mixin.py:109} INFO - [2022-04-11 13:45:01,236] {dagbag.py:500} INFO - Filling up the DagBag from /home/airflow/.local/lib/python3.7/site-packages/airflow/example_dags/example_complex.py
[2022-04-11 13:45:01,284] {processor.py:652} INFO - DAG(s) dict_keys(['example_complex']) retrieved from /home/airflow/.local/lib/python3.7/site-packages/airflow/example_dags/example_complex.py
[2022-04-11 13:45:01,330] {logging_mixin.py:109} INFO - [2022-04-11 13:45:01,330] {dag.py:2398} INFO - Sync 1 DAGs
[2022-04-11 13:45:01,365] {logging_mixin.py:109} INFO - [2022-04-11 13:45:01,365] {dag.py:2937} INFO - Setting next_dagrun for example_complex to None
[2022-04-11 13:45:01,384] {processor.py:171} INFO - Processing /home/airflow/.local/lib/python3.7/site-packages/airflow/example_dags/example_complex.py took 0.163 seconds
[2022-04-11 13:45:32,091] {processor.py:163} INFO - Started process (PID=2300) to work on /home/airflow/.local/lib/python3.7/site-packages/airflow/example_dags/example_complex.py
[2022-04-11 13:45:32,096] {processor.py:642} INFO - Processing file /home/airflow/.local/lib/python3.7/site-packages/airflow/example_dags/example_complex.py for tasks to queue
[2022-04-11 13:45:32,099] {logging_mixin.py:109} INFO - [2022-04-11 13:45:32,099] {dagbag.py:500} INFO - Filling up the DagBag from /home/airflow/.local/lib/python3.7/site-packages/airflow/example_dags/example_complex.py
[2022-04-11 13:45:32,145] {processor.py:652} INFO - DAG(s) dict_keys(['example_complex']) retrieved from /home/airflow/.local/lib/python3.7/site-packages/airflow/example_dags/example_complex.py
[2022-04-11 13:45:32,202] {logging_mixin.py:109} INFO - [2022-04-11 13:45:32,202] {dag.py:2398} INFO - Sync 1 DAGs
[2022-04-11 13:45:32,230] {logging_mixin.py:109} INFO - [2022-04-11 13:45:32,230] {dag.py:2937} INFO - Setting next_dagrun for example_complex to None
[2022-04-11 13:45:32,247] {processor.py:171} INFO - Processing /home/airflow/.local/lib/python3.7/site-packages/airflow/example_dags/example_complex.py took 0.161 seconds
[2022-04-11 13:46:02,812] {processor.py:163} INFO - Started process (PID=2352) to work on /home/airflow/.local/lib/python3.7/site-packages/airflow/example_dags/example_complex.py
[2022-04-11 13:46:02,815] {processor.py:642} INFO - Processing file /home/airflow/.local/lib/python3.7/site-packages/airflow/example_dags/example_complex.py for tasks to queue
[2022-04-11 13:46:02,818] {logging_mixin.py:109} INFO - [2022-04-11 13:46:02,818] {dagbag.py:500} INFO - Filling up the DagBag from /home/airflow/.local/lib/python3.7/site-packages/airflow/example_dags/example_complex.py
[2022-04-11 13:46:02,857] {processor.py:652} INFO - DAG(s) dict_keys(['example_complex']) retrieved from /home/airflow/.local/lib/python3.7/site-packages/airflow/example_dags/example_complex.py
[2022-04-11 13:46:02,902] {logging_mixin.py:109} INFO - [2022-04-11 13:46:02,902] {dag.py:2398} INFO - Sync 1 DAGs
[2022-04-11 13:46:02,930] {logging_mixin.py:109} INFO - [2022-04-11 13:46:02,930] {dag.py:2937} INFO - Setting next_dagrun for example_complex to None
[2022-04-11 13:46:02,944] {processor.py:171} INFO - Processing /home/airflow/.local/lib/python3.7/site-packages/airflow/example_dags/example_complex.py took 0.137 seconds
[2022-04-11 13:46:34,272] {processor.py:163} INFO - Started process (PID=2414) to work on /home/airflow/.local/lib/python3.7/site-packages/airflow/example_dags/example_complex.py
[2022-04-11 13:46:34,275] {processor.py:642} INFO - Processing file /home/airflow/.local/lib/python3.7/site-packages/airflow/example_dags/example_complex.py for tasks to queue
[2022-04-11 13:46:34,277] {logging_mixin.py:109} INFO - [2022-04-11 13:46:34,277] {dagbag.py:500} INFO - Filling up the DagBag from /home/airflow/.local/lib/python3.7/site-packages/airflow/example_dags/example_complex.py
[2022-04-11 13:46:34,329] {processor.py:652} INFO - DAG(s) dict_keys(['example_complex']) retrieved from /home/airflow/.local/lib/python3.7/site-packages/airflow/example_dags/example_complex.py
[2022-04-11 13:46:34,380] {logging_mixin.py:109} INFO - [2022-04-11 13:46:34,380] {dag.py:2398} INFO - Sync 1 DAGs
[2022-04-11 13:46:34,408] {logging_mixin.py:109} INFO - [2022-04-11 13:46:34,408] {dag.py:2937} INFO - Setting next_dagrun for example_complex to None
[2022-04-11 13:46:34,429] {processor.py:171} INFO - Processing /home/airflow/.local/lib/python3.7/site-packages/airflow/example_dags/example_complex.py took 0.163 seconds
[2022-04-11 13:47:04,758] {processor.py:163} INFO - Started process (PID=2468) to work on /home/airflow/.local/lib/python3.7/site-packages/airflow/example_dags/example_complex.py
[2022-04-11 13:47:04,760] {processor.py:642} INFO - Processing file /home/airflow/.local/lib/python3.7/site-packages/airflow/example_dags/example_complex.py for tasks to queue
[2022-04-11 13:47:04,762] {logging_mixin.py:109} INFO - [2022-04-11 13:47:04,761] {dagbag.py:500} INFO - Filling up the DagBag from /home/airflow/.local/lib/python3.7/site-packages/airflow/example_dags/example_complex.py
[2022-04-11 13:47:04,804] {processor.py:652} INFO - DAG(s) dict_keys(['example_complex']) retrieved from /home/airflow/.local/lib/python3.7/site-packages/airflow/example_dags/example_complex.py
[2022-04-11 13:47:04,850] {logging_mixin.py:109} INFO - [2022-04-11 13:47:04,850] {dag.py:2398} INFO - Sync 1 DAGs
[2022-04-11 13:47:04,884] {logging_mixin.py:109} INFO - [2022-04-11 13:47:04,884] {dag.py:2937} INFO - Setting next_dagrun for example_complex to None
[2022-04-11 13:47:04,898] {processor.py:171} INFO - Processing /home/airflow/.local/lib/python3.7/site-packages/airflow/example_dags/example_complex.py took 0.145 seconds
[2022-04-11 13:47:35,613] {processor.py:163} INFO - Started process (PID=2521) to work on /home/airflow/.local/lib/python3.7/site-packages/airflow/example_dags/example_complex.py
[2022-04-11 13:47:35,617] {processor.py:642} INFO - Processing file /home/airflow/.local/lib/python3.7/site-packages/airflow/example_dags/example_complex.py for tasks to queue
[2022-04-11 13:47:35,619] {logging_mixin.py:109} INFO - [2022-04-11 13:47:35,618] {dagbag.py:500} INFO - Filling up the DagBag from /home/airflow/.local/lib/python3.7/site-packages/airflow/example_dags/example_complex.py
[2022-04-11 13:47:35,658] {processor.py:652} INFO - DAG(s) dict_keys(['example_complex']) retrieved from /home/airflow/.local/lib/python3.7/site-packages/airflow/example_dags/example_complex.py
[2022-04-11 13:47:35,697] {logging_mixin.py:109} INFO - [2022-04-11 13:47:35,697] {dag.py:2398} INFO - Sync 1 DAGs
[2022-04-11 13:47:35,733] {logging_mixin.py:109} INFO - [2022-04-11 13:47:35,733] {dag.py:2937} INFO - Setting next_dagrun for example_complex to None
[2022-04-11 13:47:35,751] {processor.py:171} INFO - Processing /home/airflow/.local/lib/python3.7/site-packages/airflow/example_dags/example_complex.py took 0.144 seconds
[2022-04-11 13:48:06,376] {processor.py:163} INFO - Started process (PID=2584) to work on /home/airflow/.local/lib/python3.7/site-packages/airflow/example_dags/example_complex.py
[2022-04-11 13:48:06,378] {processor.py:642} INFO - Processing file /home/airflow/.local/lib/python3.7/site-packages/airflow/example_dags/example_complex.py for tasks to queue
[2022-04-11 13:48:06,379] {logging_mixin.py:109} INFO - [2022-04-11 13:48:06,379] {dagbag.py:500} INFO - Filling up the DagBag from /home/airflow/.local/lib/python3.7/site-packages/airflow/example_dags/example_complex.py
[2022-04-11 13:48:06,407] {processor.py:652} INFO - DAG(s) dict_keys(['example_complex']) retrieved from /home/airflow/.local/lib/python3.7/site-packages/airflow/example_dags/example_complex.py
[2022-04-11 13:48:06,436] {logging_mixin.py:109} INFO - [2022-04-11 13:48:06,436] {dag.py:2398} INFO - Sync 1 DAGs
[2022-04-11 13:48:06,454] {logging_mixin.py:109} INFO - [2022-04-11 13:48:06,453] {dag.py:2937} INFO - Setting next_dagrun for example_complex to None
[2022-04-11 13:48:06,467] {processor.py:171} INFO - Processing /home/airflow/.local/lib/python3.7/site-packages/airflow/example_dags/example_complex.py took 0.095 seconds
[2022-04-11 13:48:37,082] {processor.py:163} INFO - Started process (PID=2636) to work on /home/airflow/.local/lib/python3.7/site-packages/airflow/example_dags/example_complex.py
[2022-04-11 13:48:37,084] {processor.py:642} INFO - Processing file /home/airflow/.local/lib/python3.7/site-packages/airflow/example_dags/example_complex.py for tasks to queue
[2022-04-11 13:48:37,085] {logging_mixin.py:109} INFO - [2022-04-11 13:48:37,085] {dagbag.py:500} INFO - Filling up the DagBag from /home/airflow/.local/lib/python3.7/site-packages/airflow/example_dags/example_complex.py
[2022-04-11 13:48:37,114] {processor.py:652} INFO - DAG(s) dict_keys(['example_complex']) retrieved from /home/airflow/.local/lib/python3.7/site-packages/airflow/example_dags/example_complex.py
[2022-04-11 13:48:37,150] {logging_mixin.py:109} INFO - [2022-04-11 13:48:37,150] {dag.py:2398} INFO - Sync 1 DAGs
[2022-04-11 13:48:37,181] {logging_mixin.py:109} INFO - [2022-04-11 13:48:37,181] {dag.py:2937} INFO - Setting next_dagrun for example_complex to None
[2022-04-11 13:48:37,192] {processor.py:171} INFO - Processing /home/airflow/.local/lib/python3.7/site-packages/airflow/example_dags/example_complex.py took 0.114 seconds
[2022-04-11 13:49:07,839] {processor.py:163} INFO - Started process (PID=2699) to work on /home/airflow/.local/lib/python3.7/site-packages/airflow/example_dags/example_complex.py
[2022-04-11 13:49:07,841] {processor.py:642} INFO - Processing file /home/airflow/.local/lib/python3.7/site-packages/airflow/example_dags/example_complex.py for tasks to queue
[2022-04-11 13:49:07,842] {logging_mixin.py:109} INFO - [2022-04-11 13:49:07,842] {dagbag.py:500} INFO - Filling up the DagBag from /home/airflow/.local/lib/python3.7/site-packages/airflow/example_dags/example_complex.py
[2022-04-11 13:49:07,875] {processor.py:652} INFO - DAG(s) dict_keys(['example_complex']) retrieved from /home/airflow/.local/lib/python3.7/site-packages/airflow/example_dags/example_complex.py
[2022-04-11 13:49:07,904] {logging_mixin.py:109} INFO - [2022-04-11 13:49:07,904] {dag.py:2398} INFO - Sync 1 DAGs
[2022-04-11 13:49:07,922] {logging_mixin.py:109} INFO - [2022-04-11 13:49:07,922] {dag.py:2937} INFO - Setting next_dagrun for example_complex to None
[2022-04-11 13:49:07,936] {processor.py:171} INFO - Processing /home/airflow/.local/lib/python3.7/site-packages/airflow/example_dags/example_complex.py took 0.102 seconds
