[2022-04-11 13:27:00,705] {processor.py:163} INFO - Started process (PID=132) to work on /home/airflow/.local/lib/python3.7/site-packages/airflow/example_dags/example_latest_only.py
[2022-04-11 13:27:00,707] {processor.py:642} INFO - Processing file /home/airflow/.local/lib/python3.7/site-packages/airflow/example_dags/example_latest_only.py for tasks to queue
[2022-04-11 13:27:00,708] {logging_mixin.py:109} INFO - [2022-04-11 13:27:00,708] {dagbag.py:500} INFO - Filling up the DagBag from /home/airflow/.local/lib/python3.7/site-packages/airflow/example_dags/example_latest_only.py
[2022-04-11 13:27:00,731] {processor.py:652} INFO - DAG(s) dict_keys(['latest_only']) retrieved from /home/airflow/.local/lib/python3.7/site-packages/airflow/example_dags/example_latest_only.py
[2022-04-11 13:27:02,502] {logging_mixin.py:109} INFO - [2022-04-11 13:27:02,502] {manager.py:496} INFO - Created Permission View: can read on DAG:latest_only
[2022-04-11 13:27:02,510] {logging_mixin.py:109} INFO - [2022-04-11 13:27:02,510] {manager.py:496} INFO - Created Permission View: can edit on DAG:latest_only
[2022-04-11 13:27:02,511] {logging_mixin.py:109} INFO - [2022-04-11 13:27:02,511] {dag.py:2398} INFO - Sync 1 DAGs
[2022-04-11 13:27:02,520] {logging_mixin.py:109} INFO - [2022-04-11 13:27:02,519] {dag.py:2417} INFO - Creating ORM DAG for latest_only
[2022-04-11 13:27:02,528] {logging_mixin.py:109} INFO - [2022-04-11 13:27:02,528] {dag.py:2937} INFO - Setting next_dagrun for latest_only to 2022-04-11T09:27:02.528488+00:00
[2022-04-11 13:27:02,540] {processor.py:171} INFO - Processing /home/airflow/.local/lib/python3.7/site-packages/airflow/example_dags/example_latest_only.py took 1.839 seconds
[2022-04-11 13:27:32,956] {processor.py:163} INFO - Started process (PID=303) to work on /home/airflow/.local/lib/python3.7/site-packages/airflow/example_dags/example_latest_only.py
[2022-04-11 13:27:32,961] {processor.py:642} INFO - Processing file /home/airflow/.local/lib/python3.7/site-packages/airflow/example_dags/example_latest_only.py for tasks to queue
[2022-04-11 13:27:32,963] {logging_mixin.py:109} INFO - [2022-04-11 13:27:32,963] {dagbag.py:500} INFO - Filling up the DagBag from /home/airflow/.local/lib/python3.7/site-packages/airflow/example_dags/example_latest_only.py
[2022-04-11 13:27:32,988] {processor.py:652} INFO - DAG(s) dict_keys(['latest_only']) retrieved from /home/airflow/.local/lib/python3.7/site-packages/airflow/example_dags/example_latest_only.py
[2022-04-11 13:27:33,016] {logging_mixin.py:109} INFO - [2022-04-11 13:27:33,015] {dag.py:2398} INFO - Sync 1 DAGs
[2022-04-11 13:27:33,039] {logging_mixin.py:109} INFO - [2022-04-11 13:27:33,039] {dag.py:2937} INFO - Setting next_dagrun for latest_only to 2022-04-11T09:27:33.039204+00:00
[2022-04-11 13:27:33,053] {processor.py:171} INFO - Processing /home/airflow/.local/lib/python3.7/site-packages/airflow/example_dags/example_latest_only.py took 0.102 seconds
[2022-04-11 13:28:03,098] {processor.py:163} INFO - Started process (PID=354) to work on /home/airflow/.local/lib/python3.7/site-packages/airflow/example_dags/example_latest_only.py
[2022-04-11 13:28:03,100] {processor.py:642} INFO - Processing file /home/airflow/.local/lib/python3.7/site-packages/airflow/example_dags/example_latest_only.py for tasks to queue
[2022-04-11 13:28:03,103] {logging_mixin.py:109} INFO - [2022-04-11 13:28:03,103] {dagbag.py:500} INFO - Filling up the DagBag from /home/airflow/.local/lib/python3.7/site-packages/airflow/example_dags/example_latest_only.py
[2022-04-11 13:28:03,126] {processor.py:652} INFO - DAG(s) dict_keys(['latest_only']) retrieved from /home/airflow/.local/lib/python3.7/site-packages/airflow/example_dags/example_latest_only.py
[2022-04-11 13:28:03,152] {logging_mixin.py:109} INFO - [2022-04-11 13:28:03,152] {dag.py:2398} INFO - Sync 1 DAGs
[2022-04-11 13:28:03,175] {logging_mixin.py:109} INFO - [2022-04-11 13:28:03,175] {dag.py:2937} INFO - Setting next_dagrun for latest_only to 2022-04-11T09:28:03.174653+00:00
[2022-04-11 13:28:03,189] {processor.py:171} INFO - Processing /home/airflow/.local/lib/python3.7/site-packages/airflow/example_dags/example_latest_only.py took 0.099 seconds
[2022-04-11 13:28:33,964] {processor.py:163} INFO - Started process (PID=415) to work on /home/airflow/.local/lib/python3.7/site-packages/airflow/example_dags/example_latest_only.py
[2022-04-11 13:28:33,966] {processor.py:642} INFO - Processing file /home/airflow/.local/lib/python3.7/site-packages/airflow/example_dags/example_latest_only.py for tasks to queue
[2022-04-11 13:28:33,968] {logging_mixin.py:109} INFO - [2022-04-11 13:28:33,968] {dagbag.py:500} INFO - Filling up the DagBag from /home/airflow/.local/lib/python3.7/site-packages/airflow/example_dags/example_latest_only.py
[2022-04-11 13:28:33,991] {processor.py:652} INFO - DAG(s) dict_keys(['latest_only']) retrieved from /home/airflow/.local/lib/python3.7/site-packages/airflow/example_dags/example_latest_only.py
[2022-04-11 13:28:34,023] {logging_mixin.py:109} INFO - [2022-04-11 13:28:34,023] {dag.py:2398} INFO - Sync 1 DAGs
[2022-04-11 13:28:34,049] {logging_mixin.py:109} INFO - [2022-04-11 13:28:34,048] {dag.py:2937} INFO - Setting next_dagrun for latest_only to 2022-04-11T09:28:34.048451+00:00
[2022-04-11 13:28:34,064] {processor.py:171} INFO - Processing /home/airflow/.local/lib/python3.7/site-packages/airflow/example_dags/example_latest_only.py took 0.104 seconds
[2022-04-11 13:29:04,456] {processor.py:163} INFO - Started process (PID=467) to work on /home/airflow/.local/lib/python3.7/site-packages/airflow/example_dags/example_latest_only.py
[2022-04-11 13:29:04,458] {processor.py:642} INFO - Processing file /home/airflow/.local/lib/python3.7/site-packages/airflow/example_dags/example_latest_only.py for tasks to queue
[2022-04-11 13:29:04,459] {logging_mixin.py:109} INFO - [2022-04-11 13:29:04,459] {dagbag.py:500} INFO - Filling up the DagBag from /home/airflow/.local/lib/python3.7/site-packages/airflow/example_dags/example_latest_only.py
[2022-04-11 13:29:04,477] {processor.py:652} INFO - DAG(s) dict_keys(['latest_only']) retrieved from /home/airflow/.local/lib/python3.7/site-packages/airflow/example_dags/example_latest_only.py
[2022-04-11 13:29:04,506] {logging_mixin.py:109} INFO - [2022-04-11 13:29:04,506] {dag.py:2398} INFO - Sync 1 DAGs
[2022-04-11 13:29:04,528] {logging_mixin.py:109} INFO - [2022-04-11 13:29:04,528] {dag.py:2937} INFO - Setting next_dagrun for latest_only to 2022-04-11T09:29:04.527678+00:00
[2022-04-11 13:29:04,539] {processor.py:171} INFO - Processing /home/airflow/.local/lib/python3.7/site-packages/airflow/example_dags/example_latest_only.py took 0.086 seconds
[2022-04-11 13:29:35,038] {processor.py:163} INFO - Started process (PID=529) to work on /home/airflow/.local/lib/python3.7/site-packages/airflow/example_dags/example_latest_only.py
[2022-04-11 13:29:35,040] {processor.py:642} INFO - Processing file /home/airflow/.local/lib/python3.7/site-packages/airflow/example_dags/example_latest_only.py for tasks to queue
[2022-04-11 13:29:35,042] {logging_mixin.py:109} INFO - [2022-04-11 13:29:35,042] {dagbag.py:500} INFO - Filling up the DagBag from /home/airflow/.local/lib/python3.7/site-packages/airflow/example_dags/example_latest_only.py
[2022-04-11 13:29:35,062] {processor.py:652} INFO - DAG(s) dict_keys(['latest_only']) retrieved from /home/airflow/.local/lib/python3.7/site-packages/airflow/example_dags/example_latest_only.py
[2022-04-11 13:29:35,102] {logging_mixin.py:109} INFO - [2022-04-11 13:29:35,102] {dag.py:2398} INFO - Sync 1 DAGs
[2022-04-11 13:29:35,141] {logging_mixin.py:109} INFO - [2022-04-11 13:29:35,141] {dag.py:2937} INFO - Setting next_dagrun for latest_only to 2022-04-11T09:29:35.141334+00:00
[2022-04-11 13:29:35,158] {processor.py:171} INFO - Processing /home/airflow/.local/lib/python3.7/site-packages/airflow/example_dags/example_latest_only.py took 0.125 seconds
[2022-04-11 13:30:05,550] {processor.py:163} INFO - Started process (PID=580) to work on /home/airflow/.local/lib/python3.7/site-packages/airflow/example_dags/example_latest_only.py
[2022-04-11 13:30:05,552] {processor.py:642} INFO - Processing file /home/airflow/.local/lib/python3.7/site-packages/airflow/example_dags/example_latest_only.py for tasks to queue
[2022-04-11 13:30:05,554] {logging_mixin.py:109} INFO - [2022-04-11 13:30:05,554] {dagbag.py:500} INFO - Filling up the DagBag from /home/airflow/.local/lib/python3.7/site-packages/airflow/example_dags/example_latest_only.py
[2022-04-11 13:30:05,571] {processor.py:652} INFO - DAG(s) dict_keys(['latest_only']) retrieved from /home/airflow/.local/lib/python3.7/site-packages/airflow/example_dags/example_latest_only.py
[2022-04-11 13:30:05,592] {logging_mixin.py:109} INFO - [2022-04-11 13:30:05,592] {dag.py:2398} INFO - Sync 1 DAGs
[2022-04-11 13:30:05,615] {logging_mixin.py:109} INFO - [2022-04-11 13:30:05,615] {dag.py:2937} INFO - Setting next_dagrun for latest_only to 2022-04-11T09:30:05.614784+00:00
[2022-04-11 13:30:05,627] {processor.py:171} INFO - Processing /home/airflow/.local/lib/python3.7/site-packages/airflow/example_dags/example_latest_only.py took 0.082 seconds
[2022-04-11 13:30:36,157] {processor.py:163} INFO - Started process (PID=638) to work on /home/airflow/.local/lib/python3.7/site-packages/airflow/example_dags/example_latest_only.py
[2022-04-11 13:30:36,159] {processor.py:642} INFO - Processing file /home/airflow/.local/lib/python3.7/site-packages/airflow/example_dags/example_latest_only.py for tasks to queue
[2022-04-11 13:30:36,160] {logging_mixin.py:109} INFO - [2022-04-11 13:30:36,160] {dagbag.py:500} INFO - Filling up the DagBag from /home/airflow/.local/lib/python3.7/site-packages/airflow/example_dags/example_latest_only.py
[2022-04-11 13:30:36,173] {processor.py:652} INFO - DAG(s) dict_keys(['latest_only']) retrieved from /home/airflow/.local/lib/python3.7/site-packages/airflow/example_dags/example_latest_only.py
[2022-04-11 13:30:36,201] {logging_mixin.py:109} INFO - [2022-04-11 13:30:36,201] {dag.py:2398} INFO - Sync 1 DAGs
[2022-04-11 13:30:36,226] {logging_mixin.py:109} INFO - [2022-04-11 13:30:36,226] {dag.py:2937} INFO - Setting next_dagrun for latest_only to 2022-04-11T09:30:36.225760+00:00
[2022-04-11 13:30:36,240] {processor.py:171} INFO - Processing /home/airflow/.local/lib/python3.7/site-packages/airflow/example_dags/example_latest_only.py took 0.087 seconds
[2022-04-11 13:31:06,388] {processor.py:163} INFO - Started process (PID=691) to work on /home/airflow/.local/lib/python3.7/site-packages/airflow/example_dags/example_latest_only.py
[2022-04-11 13:31:06,393] {processor.py:642} INFO - Processing file /home/airflow/.local/lib/python3.7/site-packages/airflow/example_dags/example_latest_only.py for tasks to queue
[2022-04-11 13:31:06,396] {logging_mixin.py:109} INFO - [2022-04-11 13:31:06,396] {dagbag.py:500} INFO - Filling up the DagBag from /home/airflow/.local/lib/python3.7/site-packages/airflow/example_dags/example_latest_only.py
[2022-04-11 13:31:06,419] {processor.py:652} INFO - DAG(s) dict_keys(['latest_only']) retrieved from /home/airflow/.local/lib/python3.7/site-packages/airflow/example_dags/example_latest_only.py
[2022-04-11 13:31:06,447] {logging_mixin.py:109} INFO - [2022-04-11 13:31:06,446] {dag.py:2398} INFO - Sync 1 DAGs
[2022-04-11 13:31:06,479] {logging_mixin.py:109} INFO - [2022-04-11 13:31:06,479] {dag.py:2937} INFO - Setting next_dagrun for latest_only to 2022-04-11T09:31:06.478949+00:00
[2022-04-11 13:31:06,500] {processor.py:171} INFO - Processing /home/airflow/.local/lib/python3.7/site-packages/airflow/example_dags/example_latest_only.py took 0.116 seconds
[2022-04-11 13:31:36,945] {processor.py:163} INFO - Started process (PID=753) to work on /home/airflow/.local/lib/python3.7/site-packages/airflow/example_dags/example_latest_only.py
[2022-04-11 13:31:36,947] {processor.py:642} INFO - Processing file /home/airflow/.local/lib/python3.7/site-packages/airflow/example_dags/example_latest_only.py for tasks to queue
[2022-04-11 13:31:36,948] {logging_mixin.py:109} INFO - [2022-04-11 13:31:36,948] {dagbag.py:500} INFO - Filling up the DagBag from /home/airflow/.local/lib/python3.7/site-packages/airflow/example_dags/example_latest_only.py
[2022-04-11 13:31:36,965] {processor.py:652} INFO - DAG(s) dict_keys(['latest_only']) retrieved from /home/airflow/.local/lib/python3.7/site-packages/airflow/example_dags/example_latest_only.py
[2022-04-11 13:31:36,990] {logging_mixin.py:109} INFO - [2022-04-11 13:31:36,990] {dag.py:2398} INFO - Sync 1 DAGs
[2022-04-11 13:31:37,013] {logging_mixin.py:109} INFO - [2022-04-11 13:31:37,013] {dag.py:2937} INFO - Setting next_dagrun for latest_only to 2022-04-11T09:31:37.013308+00:00
[2022-04-11 13:31:37,026] {processor.py:171} INFO - Processing /home/airflow/.local/lib/python3.7/site-packages/airflow/example_dags/example_latest_only.py took 0.085 seconds
[2022-04-11 13:32:07,140] {processor.py:163} INFO - Started process (PID=815) to work on /home/airflow/.local/lib/python3.7/site-packages/airflow/example_dags/example_latest_only.py
[2022-04-11 13:32:07,142] {processor.py:642} INFO - Processing file /home/airflow/.local/lib/python3.7/site-packages/airflow/example_dags/example_latest_only.py for tasks to queue
[2022-04-11 13:32:07,143] {logging_mixin.py:109} INFO - [2022-04-11 13:32:07,143] {dagbag.py:500} INFO - Filling up the DagBag from /home/airflow/.local/lib/python3.7/site-packages/airflow/example_dags/example_latest_only.py
[2022-04-11 13:32:07,160] {processor.py:652} INFO - DAG(s) dict_keys(['latest_only']) retrieved from /home/airflow/.local/lib/python3.7/site-packages/airflow/example_dags/example_latest_only.py
[2022-04-11 13:32:07,184] {logging_mixin.py:109} INFO - [2022-04-11 13:32:07,184] {dag.py:2398} INFO - Sync 1 DAGs
[2022-04-11 13:32:07,206] {logging_mixin.py:109} INFO - [2022-04-11 13:32:07,206] {dag.py:2937} INFO - Setting next_dagrun for latest_only to 2022-04-11T09:32:07.205881+00:00
[2022-04-11 13:32:07,217] {processor.py:171} INFO - Processing /home/airflow/.local/lib/python3.7/site-packages/airflow/example_dags/example_latest_only.py took 0.081 seconds
[2022-04-11 13:32:37,947] {processor.py:163} INFO - Started process (PID=866) to work on /home/airflow/.local/lib/python3.7/site-packages/airflow/example_dags/example_latest_only.py
[2022-04-11 13:32:37,949] {processor.py:642} INFO - Processing file /home/airflow/.local/lib/python3.7/site-packages/airflow/example_dags/example_latest_only.py for tasks to queue
[2022-04-11 13:32:37,950] {logging_mixin.py:109} INFO - [2022-04-11 13:32:37,950] {dagbag.py:500} INFO - Filling up the DagBag from /home/airflow/.local/lib/python3.7/site-packages/airflow/example_dags/example_latest_only.py
[2022-04-11 13:32:37,971] {processor.py:652} INFO - DAG(s) dict_keys(['latest_only']) retrieved from /home/airflow/.local/lib/python3.7/site-packages/airflow/example_dags/example_latest_only.py
[2022-04-11 13:32:37,996] {logging_mixin.py:109} INFO - [2022-04-11 13:32:37,996] {dag.py:2398} INFO - Sync 1 DAGs
[2022-04-11 13:32:38,015] {logging_mixin.py:109} INFO - [2022-04-11 13:32:38,015] {dag.py:2937} INFO - Setting next_dagrun for latest_only to 2022-04-11T09:32:38.014766+00:00
[2022-04-11 13:32:38,025] {processor.py:171} INFO - Processing /home/airflow/.local/lib/python3.7/site-packages/airflow/example_dags/example_latest_only.py took 0.082 seconds
[2022-04-11 13:33:08,503] {processor.py:163} INFO - Started process (PID=929) to work on /home/airflow/.local/lib/python3.7/site-packages/airflow/example_dags/example_latest_only.py
[2022-04-11 13:33:08,505] {processor.py:642} INFO - Processing file /home/airflow/.local/lib/python3.7/site-packages/airflow/example_dags/example_latest_only.py for tasks to queue
[2022-04-11 13:33:08,506] {logging_mixin.py:109} INFO - [2022-04-11 13:33:08,506] {dagbag.py:500} INFO - Filling up the DagBag from /home/airflow/.local/lib/python3.7/site-packages/airflow/example_dags/example_latest_only.py
[2022-04-11 13:33:08,525] {processor.py:652} INFO - DAG(s) dict_keys(['latest_only']) retrieved from /home/airflow/.local/lib/python3.7/site-packages/airflow/example_dags/example_latest_only.py
[2022-04-11 13:33:08,556] {logging_mixin.py:109} INFO - [2022-04-11 13:33:08,556] {dag.py:2398} INFO - Sync 1 DAGs
[2022-04-11 13:33:08,578] {logging_mixin.py:109} INFO - [2022-04-11 13:33:08,578] {dag.py:2937} INFO - Setting next_dagrun for latest_only to 2022-04-11T09:33:08.578270+00:00
[2022-04-11 13:33:08,595] {processor.py:171} INFO - Processing /home/airflow/.local/lib/python3.7/site-packages/airflow/example_dags/example_latest_only.py took 0.097 seconds
[2022-04-11 13:33:39,180] {processor.py:163} INFO - Started process (PID=979) to work on /home/airflow/.local/lib/python3.7/site-packages/airflow/example_dags/example_latest_only.py
[2022-04-11 13:33:39,184] {processor.py:642} INFO - Processing file /home/airflow/.local/lib/python3.7/site-packages/airflow/example_dags/example_latest_only.py for tasks to queue
[2022-04-11 13:33:39,187] {logging_mixin.py:109} INFO - [2022-04-11 13:33:39,186] {dagbag.py:500} INFO - Filling up the DagBag from /home/airflow/.local/lib/python3.7/site-packages/airflow/example_dags/example_latest_only.py
[2022-04-11 13:33:39,221] {processor.py:652} INFO - DAG(s) dict_keys(['latest_only']) retrieved from /home/airflow/.local/lib/python3.7/site-packages/airflow/example_dags/example_latest_only.py
[2022-04-11 13:33:39,258] {logging_mixin.py:109} INFO - [2022-04-11 13:33:39,258] {dag.py:2398} INFO - Sync 1 DAGs
[2022-04-11 13:33:39,281] {logging_mixin.py:109} INFO - [2022-04-11 13:33:39,281] {dag.py:2937} INFO - Setting next_dagrun for latest_only to 2022-04-11T09:33:39.281383+00:00
[2022-04-11 13:33:39,298] {processor.py:171} INFO - Processing /home/airflow/.local/lib/python3.7/site-packages/airflow/example_dags/example_latest_only.py took 0.124 seconds
[2022-04-11 13:34:10,249] {processor.py:163} INFO - Started process (PID=1041) to work on /home/airflow/.local/lib/python3.7/site-packages/airflow/example_dags/example_latest_only.py
[2022-04-11 13:34:10,251] {processor.py:642} INFO - Processing file /home/airflow/.local/lib/python3.7/site-packages/airflow/example_dags/example_latest_only.py for tasks to queue
[2022-04-11 13:34:10,253] {logging_mixin.py:109} INFO - [2022-04-11 13:34:10,252] {dagbag.py:500} INFO - Filling up the DagBag from /home/airflow/.local/lib/python3.7/site-packages/airflow/example_dags/example_latest_only.py
[2022-04-11 13:34:10,273] {processor.py:652} INFO - DAG(s) dict_keys(['latest_only']) retrieved from /home/airflow/.local/lib/python3.7/site-packages/airflow/example_dags/example_latest_only.py
[2022-04-11 13:34:10,299] {logging_mixin.py:109} INFO - [2022-04-11 13:34:10,299] {dag.py:2398} INFO - Sync 1 DAGs
[2022-04-11 13:34:10,320] {logging_mixin.py:109} INFO - [2022-04-11 13:34:10,320] {dag.py:2937} INFO - Setting next_dagrun for latest_only to 2022-04-11T09:34:10.320032+00:00
[2022-04-11 13:34:10,333] {processor.py:171} INFO - Processing /home/airflow/.local/lib/python3.7/site-packages/airflow/example_dags/example_latest_only.py took 0.088 seconds
[2022-04-11 13:34:40,835] {processor.py:163} INFO - Started process (PID=1094) to work on /home/airflow/.local/lib/python3.7/site-packages/airflow/example_dags/example_latest_only.py
[2022-04-11 13:34:40,838] {processor.py:642} INFO - Processing file /home/airflow/.local/lib/python3.7/site-packages/airflow/example_dags/example_latest_only.py for tasks to queue
[2022-04-11 13:34:40,839] {logging_mixin.py:109} INFO - [2022-04-11 13:34:40,839] {dagbag.py:500} INFO - Filling up the DagBag from /home/airflow/.local/lib/python3.7/site-packages/airflow/example_dags/example_latest_only.py
[2022-04-11 13:34:40,857] {processor.py:652} INFO - DAG(s) dict_keys(['latest_only']) retrieved from /home/airflow/.local/lib/python3.7/site-packages/airflow/example_dags/example_latest_only.py
[2022-04-11 13:34:40,883] {logging_mixin.py:109} INFO - [2022-04-11 13:34:40,883] {dag.py:2398} INFO - Sync 1 DAGs
[2022-04-11 13:34:40,906] {logging_mixin.py:109} INFO - [2022-04-11 13:34:40,906] {dag.py:2937} INFO - Setting next_dagrun for latest_only to 2022-04-11T09:34:40.906063+00:00
[2022-04-11 13:34:40,919] {processor.py:171} INFO - Processing /home/airflow/.local/lib/python3.7/site-packages/airflow/example_dags/example_latest_only.py took 0.088 seconds
[2022-04-11 13:35:10,982] {processor.py:163} INFO - Started process (PID=1145) to work on /home/airflow/.local/lib/python3.7/site-packages/airflow/example_dags/example_latest_only.py
[2022-04-11 13:35:10,984] {processor.py:642} INFO - Processing file /home/airflow/.local/lib/python3.7/site-packages/airflow/example_dags/example_latest_only.py for tasks to queue
[2022-04-11 13:35:10,985] {logging_mixin.py:109} INFO - [2022-04-11 13:35:10,985] {dagbag.py:500} INFO - Filling up the DagBag from /home/airflow/.local/lib/python3.7/site-packages/airflow/example_dags/example_latest_only.py
[2022-04-11 13:35:11,002] {processor.py:652} INFO - DAG(s) dict_keys(['latest_only']) retrieved from /home/airflow/.local/lib/python3.7/site-packages/airflow/example_dags/example_latest_only.py
[2022-04-11 13:35:11,027] {logging_mixin.py:109} INFO - [2022-04-11 13:35:11,027] {dag.py:2398} INFO - Sync 1 DAGs
[2022-04-11 13:35:11,048] {logging_mixin.py:109} INFO - [2022-04-11 13:35:11,048] {dag.py:2937} INFO - Setting next_dagrun for latest_only to 2022-04-11T09:35:11.047938+00:00
[2022-04-11 13:35:11,060] {processor.py:171} INFO - Processing /home/airflow/.local/lib/python3.7/site-packages/airflow/example_dags/example_latest_only.py took 0.087 seconds
[2022-04-11 13:35:41,160] {processor.py:163} INFO - Started process (PID=1206) to work on /home/airflow/.local/lib/python3.7/site-packages/airflow/example_dags/example_latest_only.py
[2022-04-11 13:35:41,163] {processor.py:642} INFO - Processing file /home/airflow/.local/lib/python3.7/site-packages/airflow/example_dags/example_latest_only.py for tasks to queue
[2022-04-11 13:35:41,165] {logging_mixin.py:109} INFO - [2022-04-11 13:35:41,165] {dagbag.py:500} INFO - Filling up the DagBag from /home/airflow/.local/lib/python3.7/site-packages/airflow/example_dags/example_latest_only.py
[2022-04-11 13:35:41,186] {processor.py:652} INFO - DAG(s) dict_keys(['latest_only']) retrieved from /home/airflow/.local/lib/python3.7/site-packages/airflow/example_dags/example_latest_only.py
[2022-04-11 13:35:41,219] {logging_mixin.py:109} INFO - [2022-04-11 13:35:41,219] {dag.py:2398} INFO - Sync 1 DAGs
[2022-04-11 13:35:41,249] {logging_mixin.py:109} INFO - [2022-04-11 13:35:41,249] {dag.py:2937} INFO - Setting next_dagrun for latest_only to 2022-04-11T09:35:41.249128+00:00
[2022-04-11 13:35:41,271] {processor.py:171} INFO - Processing /home/airflow/.local/lib/python3.7/site-packages/airflow/example_dags/example_latest_only.py took 0.115 seconds
[2022-04-11 13:36:12,006] {processor.py:163} INFO - Started process (PID=1259) to work on /home/airflow/.local/lib/python3.7/site-packages/airflow/example_dags/example_latest_only.py
[2022-04-11 13:36:12,014] {processor.py:642} INFO - Processing file /home/airflow/.local/lib/python3.7/site-packages/airflow/example_dags/example_latest_only.py for tasks to queue
[2022-04-11 13:36:12,018] {logging_mixin.py:109} INFO - [2022-04-11 13:36:12,017] {dagbag.py:500} INFO - Filling up the DagBag from /home/airflow/.local/lib/python3.7/site-packages/airflow/example_dags/example_latest_only.py
[2022-04-11 13:36:12,137] {processor.py:652} INFO - DAG(s) dict_keys(['latest_only']) retrieved from /home/airflow/.local/lib/python3.7/site-packages/airflow/example_dags/example_latest_only.py
[2022-04-11 13:36:12,249] {logging_mixin.py:109} INFO - [2022-04-11 13:36:12,249] {dag.py:2398} INFO - Sync 1 DAGs
[2022-04-11 13:36:12,303] {logging_mixin.py:109} INFO - [2022-04-11 13:36:12,303] {dag.py:2937} INFO - Setting next_dagrun for latest_only to 2022-04-11T09:36:12.303157+00:00
[2022-04-11 13:36:12,336] {processor.py:171} INFO - Processing /home/airflow/.local/lib/python3.7/site-packages/airflow/example_dags/example_latest_only.py took 0.344 seconds
[2022-04-11 13:36:42,381] {processor.py:163} INFO - Started process (PID=1325) to work on /home/airflow/.local/lib/python3.7/site-packages/airflow/example_dags/example_latest_only.py
[2022-04-11 13:36:42,385] {processor.py:642} INFO - Processing file /home/airflow/.local/lib/python3.7/site-packages/airflow/example_dags/example_latest_only.py for tasks to queue
[2022-04-11 13:36:42,388] {logging_mixin.py:109} INFO - [2022-04-11 13:36:42,387] {dagbag.py:500} INFO - Filling up the DagBag from /home/airflow/.local/lib/python3.7/site-packages/airflow/example_dags/example_latest_only.py
[2022-04-11 13:36:42,412] {processor.py:652} INFO - DAG(s) dict_keys(['latest_only']) retrieved from /home/airflow/.local/lib/python3.7/site-packages/airflow/example_dags/example_latest_only.py
[2022-04-11 13:36:42,444] {logging_mixin.py:109} INFO - [2022-04-11 13:36:42,444] {dag.py:2398} INFO - Sync 1 DAGs
[2022-04-11 13:36:42,469] {logging_mixin.py:109} INFO - [2022-04-11 13:36:42,469] {dag.py:2937} INFO - Setting next_dagrun for latest_only to 2022-04-11T09:36:42.469493+00:00
[2022-04-11 13:36:42,486] {processor.py:171} INFO - Processing /home/airflow/.local/lib/python3.7/site-packages/airflow/example_dags/example_latest_only.py took 0.110 seconds
[2022-04-11 13:37:13,200] {processor.py:163} INFO - Started process (PID=1376) to work on /home/airflow/.local/lib/python3.7/site-packages/airflow/example_dags/example_latest_only.py
[2022-04-11 13:37:13,202] {processor.py:642} INFO - Processing file /home/airflow/.local/lib/python3.7/site-packages/airflow/example_dags/example_latest_only.py for tasks to queue
[2022-04-11 13:37:13,204] {logging_mixin.py:109} INFO - [2022-04-11 13:37:13,204] {dagbag.py:500} INFO - Filling up the DagBag from /home/airflow/.local/lib/python3.7/site-packages/airflow/example_dags/example_latest_only.py
[2022-04-11 13:37:13,223] {processor.py:652} INFO - DAG(s) dict_keys(['latest_only']) retrieved from /home/airflow/.local/lib/python3.7/site-packages/airflow/example_dags/example_latest_only.py
[2022-04-11 13:37:13,259] {logging_mixin.py:109} INFO - [2022-04-11 13:37:13,259] {dag.py:2398} INFO - Sync 1 DAGs
[2022-04-11 13:37:13,284] {logging_mixin.py:109} INFO - [2022-04-11 13:37:13,284] {dag.py:2937} INFO - Setting next_dagrun for latest_only to 2022-04-11T09:37:13.284112+00:00
[2022-04-11 13:37:13,300] {processor.py:171} INFO - Processing /home/airflow/.local/lib/python3.7/site-packages/airflow/example_dags/example_latest_only.py took 0.104 seconds
[2022-04-11 13:37:43,999] {processor.py:163} INFO - Started process (PID=1439) to work on /home/airflow/.local/lib/python3.7/site-packages/airflow/example_dags/example_latest_only.py
[2022-04-11 13:37:44,002] {processor.py:642} INFO - Processing file /home/airflow/.local/lib/python3.7/site-packages/airflow/example_dags/example_latest_only.py for tasks to queue
[2022-04-11 13:37:44,004] {logging_mixin.py:109} INFO - [2022-04-11 13:37:44,004] {dagbag.py:500} INFO - Filling up the DagBag from /home/airflow/.local/lib/python3.7/site-packages/airflow/example_dags/example_latest_only.py
[2022-04-11 13:37:44,031] {processor.py:652} INFO - DAG(s) dict_keys(['latest_only']) retrieved from /home/airflow/.local/lib/python3.7/site-packages/airflow/example_dags/example_latest_only.py
[2022-04-11 13:37:44,060] {logging_mixin.py:109} INFO - [2022-04-11 13:37:44,060] {dag.py:2398} INFO - Sync 1 DAGs
[2022-04-11 13:37:44,089] {logging_mixin.py:109} INFO - [2022-04-11 13:37:44,088] {dag.py:2937} INFO - Setting next_dagrun for latest_only to 2022-04-11T09:37:44.088401+00:00
[2022-04-11 13:37:44,117] {processor.py:171} INFO - Processing /home/airflow/.local/lib/python3.7/site-packages/airflow/example_dags/example_latest_only.py took 0.123 seconds
[2022-04-11 13:38:14,187] {processor.py:163} INFO - Started process (PID=1490) to work on /home/airflow/.local/lib/python3.7/site-packages/airflow/example_dags/example_latest_only.py
[2022-04-11 13:38:14,189] {processor.py:642} INFO - Processing file /home/airflow/.local/lib/python3.7/site-packages/airflow/example_dags/example_latest_only.py for tasks to queue
[2022-04-11 13:38:14,191] {logging_mixin.py:109} INFO - [2022-04-11 13:38:14,191] {dagbag.py:500} INFO - Filling up the DagBag from /home/airflow/.local/lib/python3.7/site-packages/airflow/example_dags/example_latest_only.py
[2022-04-11 13:38:14,213] {processor.py:652} INFO - DAG(s) dict_keys(['latest_only']) retrieved from /home/airflow/.local/lib/python3.7/site-packages/airflow/example_dags/example_latest_only.py
[2022-04-11 13:38:14,238] {logging_mixin.py:109} INFO - [2022-04-11 13:38:14,238] {dag.py:2398} INFO - Sync 1 DAGs
[2022-04-11 13:38:14,264] {logging_mixin.py:109} INFO - [2022-04-11 13:38:14,263] {dag.py:2937} INFO - Setting next_dagrun for latest_only to 2022-04-11T09:38:14.263480+00:00
[2022-04-11 13:38:14,275] {processor.py:171} INFO - Processing /home/airflow/.local/lib/python3.7/site-packages/airflow/example_dags/example_latest_only.py took 0.093 seconds
[2022-04-11 13:38:44,573] {processor.py:163} INFO - Started process (PID=1552) to work on /home/airflow/.local/lib/python3.7/site-packages/airflow/example_dags/example_latest_only.py
[2022-04-11 13:38:44,576] {processor.py:642} INFO - Processing file /home/airflow/.local/lib/python3.7/site-packages/airflow/example_dags/example_latest_only.py for tasks to queue
[2022-04-11 13:38:44,577] {logging_mixin.py:109} INFO - [2022-04-11 13:38:44,577] {dagbag.py:500} INFO - Filling up the DagBag from /home/airflow/.local/lib/python3.7/site-packages/airflow/example_dags/example_latest_only.py
[2022-04-11 13:38:44,604] {processor.py:652} INFO - DAG(s) dict_keys(['latest_only']) retrieved from /home/airflow/.local/lib/python3.7/site-packages/airflow/example_dags/example_latest_only.py
[2022-04-11 13:38:44,640] {logging_mixin.py:109} INFO - [2022-04-11 13:38:44,640] {dag.py:2398} INFO - Sync 1 DAGs
[2022-04-11 13:38:44,674] {logging_mixin.py:109} INFO - [2022-04-11 13:38:44,674] {dag.py:2937} INFO - Setting next_dagrun for latest_only to 2022-04-11T09:38:44.674433+00:00
[2022-04-11 13:38:44,690] {processor.py:171} INFO - Processing /home/airflow/.local/lib/python3.7/site-packages/airflow/example_dags/example_latest_only.py took 0.126 seconds
[2022-04-11 13:39:15,060] {processor.py:163} INFO - Started process (PID=1605) to work on /home/airflow/.local/lib/python3.7/site-packages/airflow/example_dags/example_latest_only.py
[2022-04-11 13:39:15,063] {processor.py:642} INFO - Processing file /home/airflow/.local/lib/python3.7/site-packages/airflow/example_dags/example_latest_only.py for tasks to queue
[2022-04-11 13:39:15,066] {logging_mixin.py:109} INFO - [2022-04-11 13:39:15,066] {dagbag.py:500} INFO - Filling up the DagBag from /home/airflow/.local/lib/python3.7/site-packages/airflow/example_dags/example_latest_only.py
[2022-04-11 13:39:15,086] {processor.py:652} INFO - DAG(s) dict_keys(['latest_only']) retrieved from /home/airflow/.local/lib/python3.7/site-packages/airflow/example_dags/example_latest_only.py
[2022-04-11 13:39:15,123] {logging_mixin.py:109} INFO - [2022-04-11 13:39:15,123] {dag.py:2398} INFO - Sync 1 DAGs
[2022-04-11 13:39:15,143] {logging_mixin.py:109} INFO - [2022-04-11 13:39:15,143] {dag.py:2937} INFO - Setting next_dagrun for latest_only to 2022-04-11T09:39:15.143135+00:00
[2022-04-11 13:39:15,154] {processor.py:171} INFO - Processing /home/airflow/.local/lib/python3.7/site-packages/airflow/example_dags/example_latest_only.py took 0.101 seconds
[2022-04-11 13:39:45,218] {processor.py:163} INFO - Started process (PID=1656) to work on /home/airflow/.local/lib/python3.7/site-packages/airflow/example_dags/example_latest_only.py
[2022-04-11 13:39:45,220] {processor.py:642} INFO - Processing file /home/airflow/.local/lib/python3.7/site-packages/airflow/example_dags/example_latest_only.py for tasks to queue
[2022-04-11 13:39:45,221] {logging_mixin.py:109} INFO - [2022-04-11 13:39:45,221] {dagbag.py:500} INFO - Filling up the DagBag from /home/airflow/.local/lib/python3.7/site-packages/airflow/example_dags/example_latest_only.py
[2022-04-11 13:39:45,239] {processor.py:652} INFO - DAG(s) dict_keys(['latest_only']) retrieved from /home/airflow/.local/lib/python3.7/site-packages/airflow/example_dags/example_latest_only.py
[2022-04-11 13:39:45,261] {logging_mixin.py:109} INFO - [2022-04-11 13:39:45,261] {dag.py:2398} INFO - Sync 1 DAGs
[2022-04-11 13:39:45,282] {logging_mixin.py:109} INFO - [2022-04-11 13:39:45,282] {dag.py:2937} INFO - Setting next_dagrun for latest_only to 2022-04-11T09:39:45.281970+00:00
[2022-04-11 13:39:45,296] {processor.py:171} INFO - Processing /home/airflow/.local/lib/python3.7/site-packages/airflow/example_dags/example_latest_only.py took 0.082 seconds
[2022-04-11 13:40:15,548] {processor.py:163} INFO - Started process (PID=1718) to work on /home/airflow/.local/lib/python3.7/site-packages/airflow/example_dags/example_latest_only.py
[2022-04-11 13:40:15,551] {processor.py:642} INFO - Processing file /home/airflow/.local/lib/python3.7/site-packages/airflow/example_dags/example_latest_only.py for tasks to queue
[2022-04-11 13:40:15,552] {logging_mixin.py:109} INFO - [2022-04-11 13:40:15,552] {dagbag.py:500} INFO - Filling up the DagBag from /home/airflow/.local/lib/python3.7/site-packages/airflow/example_dags/example_latest_only.py
[2022-04-11 13:40:15,576] {processor.py:652} INFO - DAG(s) dict_keys(['latest_only']) retrieved from /home/airflow/.local/lib/python3.7/site-packages/airflow/example_dags/example_latest_only.py
[2022-04-11 13:40:15,604] {logging_mixin.py:109} INFO - [2022-04-11 13:40:15,604] {dag.py:2398} INFO - Sync 1 DAGs
[2022-04-11 13:40:15,632] {logging_mixin.py:109} INFO - [2022-04-11 13:40:15,632] {dag.py:2937} INFO - Setting next_dagrun for latest_only to 2022-04-11T09:40:15.632099+00:00
[2022-04-11 13:40:15,648] {processor.py:171} INFO - Processing /home/airflow/.local/lib/python3.7/site-packages/airflow/example_dags/example_latest_only.py took 0.105 seconds
[2022-04-11 13:40:45,724] {processor.py:163} INFO - Started process (PID=1771) to work on /home/airflow/.local/lib/python3.7/site-packages/airflow/example_dags/example_latest_only.py
[2022-04-11 13:40:45,726] {processor.py:642} INFO - Processing file /home/airflow/.local/lib/python3.7/site-packages/airflow/example_dags/example_latest_only.py for tasks to queue
[2022-04-11 13:40:45,727] {logging_mixin.py:109} INFO - [2022-04-11 13:40:45,727] {dagbag.py:500} INFO - Filling up the DagBag from /home/airflow/.local/lib/python3.7/site-packages/airflow/example_dags/example_latest_only.py
[2022-04-11 13:40:45,746] {processor.py:652} INFO - DAG(s) dict_keys(['latest_only']) retrieved from /home/airflow/.local/lib/python3.7/site-packages/airflow/example_dags/example_latest_only.py
[2022-04-11 13:40:45,776] {logging_mixin.py:109} INFO - [2022-04-11 13:40:45,775] {dag.py:2398} INFO - Sync 1 DAGs
[2022-04-11 13:40:45,801] {logging_mixin.py:109} INFO - [2022-04-11 13:40:45,801] {dag.py:2937} INFO - Setting next_dagrun for latest_only to 2022-04-11T09:40:45.801006+00:00
[2022-04-11 13:40:45,814] {processor.py:171} INFO - Processing /home/airflow/.local/lib/python3.7/site-packages/airflow/example_dags/example_latest_only.py took 0.094 seconds
[2022-04-11 13:41:15,962] {processor.py:163} INFO - Started process (PID=1834) to work on /home/airflow/.local/lib/python3.7/site-packages/airflow/example_dags/example_latest_only.py
[2022-04-11 13:41:15,964] {processor.py:642} INFO - Processing file /home/airflow/.local/lib/python3.7/site-packages/airflow/example_dags/example_latest_only.py for tasks to queue
[2022-04-11 13:41:15,966] {logging_mixin.py:109} INFO - [2022-04-11 13:41:15,966] {dagbag.py:500} INFO - Filling up the DagBag from /home/airflow/.local/lib/python3.7/site-packages/airflow/example_dags/example_latest_only.py
[2022-04-11 13:41:15,993] {processor.py:652} INFO - DAG(s) dict_keys(['latest_only']) retrieved from /home/airflow/.local/lib/python3.7/site-packages/airflow/example_dags/example_latest_only.py
[2022-04-11 13:41:16,030] {logging_mixin.py:109} INFO - [2022-04-11 13:41:16,029] {dag.py:2398} INFO - Sync 1 DAGs
[2022-04-11 13:41:16,060] {logging_mixin.py:109} INFO - [2022-04-11 13:41:16,060] {dag.py:2937} INFO - Setting next_dagrun for latest_only to 2022-04-11T09:41:16.059417+00:00
[2022-04-11 13:41:16,082] {processor.py:171} INFO - Processing /home/airflow/.local/lib/python3.7/site-packages/airflow/example_dags/example_latest_only.py took 0.132 seconds
[2022-04-11 13:41:46,476] {processor.py:163} INFO - Started process (PID=1887) to work on /home/airflow/.local/lib/python3.7/site-packages/airflow/example_dags/example_latest_only.py
[2022-04-11 13:41:46,479] {processor.py:642} INFO - Processing file /home/airflow/.local/lib/python3.7/site-packages/airflow/example_dags/example_latest_only.py for tasks to queue
[2022-04-11 13:41:46,480] {logging_mixin.py:109} INFO - [2022-04-11 13:41:46,480] {dagbag.py:500} INFO - Filling up the DagBag from /home/airflow/.local/lib/python3.7/site-packages/airflow/example_dags/example_latest_only.py
[2022-04-11 13:41:46,501] {processor.py:652} INFO - DAG(s) dict_keys(['latest_only']) retrieved from /home/airflow/.local/lib/python3.7/site-packages/airflow/example_dags/example_latest_only.py
[2022-04-11 13:41:46,530] {logging_mixin.py:109} INFO - [2022-04-11 13:41:46,530] {dag.py:2398} INFO - Sync 1 DAGs
[2022-04-11 13:41:46,557] {logging_mixin.py:109} INFO - [2022-04-11 13:41:46,557] {dag.py:2937} INFO - Setting next_dagrun for latest_only to 2022-04-11T09:41:46.556851+00:00
[2022-04-11 13:41:46,575] {processor.py:171} INFO - Processing /home/airflow/.local/lib/python3.7/site-packages/airflow/example_dags/example_latest_only.py took 0.103 seconds
[2022-04-11 13:42:16,645] {processor.py:163} INFO - Started process (PID=1940) to work on /home/airflow/.local/lib/python3.7/site-packages/airflow/example_dags/example_latest_only.py
[2022-04-11 13:42:16,648] {processor.py:642} INFO - Processing file /home/airflow/.local/lib/python3.7/site-packages/airflow/example_dags/example_latest_only.py for tasks to queue
[2022-04-11 13:42:16,649] {logging_mixin.py:109} INFO - [2022-04-11 13:42:16,649] {dagbag.py:500} INFO - Filling up the DagBag from /home/airflow/.local/lib/python3.7/site-packages/airflow/example_dags/example_latest_only.py
[2022-04-11 13:42:16,668] {processor.py:652} INFO - DAG(s) dict_keys(['latest_only']) retrieved from /home/airflow/.local/lib/python3.7/site-packages/airflow/example_dags/example_latest_only.py
[2022-04-11 13:42:16,689] {logging_mixin.py:109} INFO - [2022-04-11 13:42:16,689] {dag.py:2398} INFO - Sync 1 DAGs
[2022-04-11 13:42:16,710] {logging_mixin.py:109} INFO - [2022-04-11 13:42:16,709] {dag.py:2937} INFO - Setting next_dagrun for latest_only to 2022-04-11T09:42:16.709519+00:00
[2022-04-11 13:42:16,724] {processor.py:171} INFO - Processing /home/airflow/.local/lib/python3.7/site-packages/airflow/example_dags/example_latest_only.py took 0.085 seconds
[2022-04-11 13:42:46,787] {processor.py:163} INFO - Started process (PID=2002) to work on /home/airflow/.local/lib/python3.7/site-packages/airflow/example_dags/example_latest_only.py
[2022-04-11 13:42:46,789] {processor.py:642} INFO - Processing file /home/airflow/.local/lib/python3.7/site-packages/airflow/example_dags/example_latest_only.py for tasks to queue
[2022-04-11 13:42:46,790] {logging_mixin.py:109} INFO - [2022-04-11 13:42:46,790] {dagbag.py:500} INFO - Filling up the DagBag from /home/airflow/.local/lib/python3.7/site-packages/airflow/example_dags/example_latest_only.py
[2022-04-11 13:42:46,809] {processor.py:652} INFO - DAG(s) dict_keys(['latest_only']) retrieved from /home/airflow/.local/lib/python3.7/site-packages/airflow/example_dags/example_latest_only.py
[2022-04-11 13:42:46,835] {logging_mixin.py:109} INFO - [2022-04-11 13:42:46,835] {dag.py:2398} INFO - Sync 1 DAGs
[2022-04-11 13:42:46,855] {logging_mixin.py:109} INFO - [2022-04-11 13:42:46,855] {dag.py:2937} INFO - Setting next_dagrun for latest_only to 2022-04-11T09:42:46.854981+00:00
[2022-04-11 13:42:46,866] {processor.py:171} INFO - Processing /home/airflow/.local/lib/python3.7/site-packages/airflow/example_dags/example_latest_only.py took 0.084 seconds
[2022-04-11 13:43:17,711] {processor.py:163} INFO - Started process (PID=2055) to work on /home/airflow/.local/lib/python3.7/site-packages/airflow/example_dags/example_latest_only.py
[2022-04-11 13:43:17,714] {processor.py:642} INFO - Processing file /home/airflow/.local/lib/python3.7/site-packages/airflow/example_dags/example_latest_only.py for tasks to queue
[2022-04-11 13:43:17,716] {logging_mixin.py:109} INFO - [2022-04-11 13:43:17,716] {dagbag.py:500} INFO - Filling up the DagBag from /home/airflow/.local/lib/python3.7/site-packages/airflow/example_dags/example_latest_only.py
[2022-04-11 13:43:17,735] {processor.py:652} INFO - DAG(s) dict_keys(['latest_only']) retrieved from /home/airflow/.local/lib/python3.7/site-packages/airflow/example_dags/example_latest_only.py
[2022-04-11 13:43:17,759] {logging_mixin.py:109} INFO - [2022-04-11 13:43:17,759] {dag.py:2398} INFO - Sync 1 DAGs
[2022-04-11 13:43:17,783] {logging_mixin.py:109} INFO - [2022-04-11 13:43:17,783] {dag.py:2937} INFO - Setting next_dagrun for latest_only to 2022-04-11T09:43:17.783541+00:00
[2022-04-11 13:43:17,799] {processor.py:171} INFO - Processing /home/airflow/.local/lib/python3.7/site-packages/airflow/example_dags/example_latest_only.py took 0.092 seconds
[2022-04-11 13:43:47,938] {processor.py:163} INFO - Started process (PID=2118) to work on /home/airflow/.local/lib/python3.7/site-packages/airflow/example_dags/example_latest_only.py
[2022-04-11 13:43:47,940] {processor.py:642} INFO - Processing file /home/airflow/.local/lib/python3.7/site-packages/airflow/example_dags/example_latest_only.py for tasks to queue
[2022-04-11 13:43:47,942] {logging_mixin.py:109} INFO - [2022-04-11 13:43:47,941] {dagbag.py:500} INFO - Filling up the DagBag from /home/airflow/.local/lib/python3.7/site-packages/airflow/example_dags/example_latest_only.py
[2022-04-11 13:43:47,960] {processor.py:652} INFO - DAG(s) dict_keys(['latest_only']) retrieved from /home/airflow/.local/lib/python3.7/site-packages/airflow/example_dags/example_latest_only.py
[2022-04-11 13:43:47,984] {logging_mixin.py:109} INFO - [2022-04-11 13:43:47,984] {dag.py:2398} INFO - Sync 1 DAGs
[2022-04-11 13:43:48,002] {logging_mixin.py:109} INFO - [2022-04-11 13:43:48,002] {dag.py:2937} INFO - Setting next_dagrun for latest_only to 2022-04-11T09:43:48.002032+00:00
[2022-04-11 13:43:48,013] {processor.py:171} INFO - Processing /home/airflow/.local/lib/python3.7/site-packages/airflow/example_dags/example_latest_only.py took 0.078 seconds
[2022-04-11 13:44:18,918] {processor.py:163} INFO - Started process (PID=2171) to work on /home/airflow/.local/lib/python3.7/site-packages/airflow/example_dags/example_latest_only.py
[2022-04-11 13:44:18,920] {processor.py:642} INFO - Processing file /home/airflow/.local/lib/python3.7/site-packages/airflow/example_dags/example_latest_only.py for tasks to queue
[2022-04-11 13:44:18,922] {logging_mixin.py:109} INFO - [2022-04-11 13:44:18,922] {dagbag.py:500} INFO - Filling up the DagBag from /home/airflow/.local/lib/python3.7/site-packages/airflow/example_dags/example_latest_only.py
[2022-04-11 13:44:18,940] {processor.py:652} INFO - DAG(s) dict_keys(['latest_only']) retrieved from /home/airflow/.local/lib/python3.7/site-packages/airflow/example_dags/example_latest_only.py
[2022-04-11 13:44:18,964] {logging_mixin.py:109} INFO - [2022-04-11 13:44:18,964] {dag.py:2398} INFO - Sync 1 DAGs
[2022-04-11 13:44:18,987] {logging_mixin.py:109} INFO - [2022-04-11 13:44:18,987] {dag.py:2937} INFO - Setting next_dagrun for latest_only to 2022-04-11T09:44:18.987100+00:00
[2022-04-11 13:44:18,998] {processor.py:171} INFO - Processing /home/airflow/.local/lib/python3.7/site-packages/airflow/example_dags/example_latest_only.py took 0.084 seconds
[2022-04-11 13:44:49,982] {processor.py:163} INFO - Started process (PID=2231) to work on /home/airflow/.local/lib/python3.7/site-packages/airflow/example_dags/example_latest_only.py
[2022-04-11 13:44:49,984] {processor.py:642} INFO - Processing file /home/airflow/.local/lib/python3.7/site-packages/airflow/example_dags/example_latest_only.py for tasks to queue
[2022-04-11 13:44:49,985] {logging_mixin.py:109} INFO - [2022-04-11 13:44:49,985] {dagbag.py:500} INFO - Filling up the DagBag from /home/airflow/.local/lib/python3.7/site-packages/airflow/example_dags/example_latest_only.py
[2022-04-11 13:44:50,003] {processor.py:652} INFO - DAG(s) dict_keys(['latest_only']) retrieved from /home/airflow/.local/lib/python3.7/site-packages/airflow/example_dags/example_latest_only.py
[2022-04-11 13:44:50,028] {logging_mixin.py:109} INFO - [2022-04-11 13:44:50,028] {dag.py:2398} INFO - Sync 1 DAGs
[2022-04-11 13:44:50,048] {logging_mixin.py:109} INFO - [2022-04-11 13:44:50,048] {dag.py:2937} INFO - Setting next_dagrun for latest_only to 2022-04-11T09:44:50.048395+00:00
[2022-04-11 13:44:50,068] {processor.py:171} INFO - Processing /home/airflow/.local/lib/python3.7/site-packages/airflow/example_dags/example_latest_only.py took 0.091 seconds
[2022-04-11 13:45:20,415] {processor.py:163} INFO - Started process (PID=2282) to work on /home/airflow/.local/lib/python3.7/site-packages/airflow/example_dags/example_latest_only.py
[2022-04-11 13:45:20,417] {processor.py:642} INFO - Processing file /home/airflow/.local/lib/python3.7/site-packages/airflow/example_dags/example_latest_only.py for tasks to queue
[2022-04-11 13:45:20,418] {logging_mixin.py:109} INFO - [2022-04-11 13:45:20,418] {dagbag.py:500} INFO - Filling up the DagBag from /home/airflow/.local/lib/python3.7/site-packages/airflow/example_dags/example_latest_only.py
[2022-04-11 13:45:20,444] {processor.py:652} INFO - DAG(s) dict_keys(['latest_only']) retrieved from /home/airflow/.local/lib/python3.7/site-packages/airflow/example_dags/example_latest_only.py
[2022-04-11 13:45:20,477] {logging_mixin.py:109} INFO - [2022-04-11 13:45:20,477] {dag.py:2398} INFO - Sync 1 DAGs
[2022-04-11 13:45:20,511] {logging_mixin.py:109} INFO - [2022-04-11 13:45:20,510] {dag.py:2937} INFO - Setting next_dagrun for latest_only to 2022-04-11T09:45:20.510578+00:00
[2022-04-11 13:45:20,525] {processor.py:171} INFO - Processing /home/airflow/.local/lib/python3.7/site-packages/airflow/example_dags/example_latest_only.py took 0.114 seconds
[2022-04-11 13:45:51,101] {processor.py:163} INFO - Started process (PID=2333) to work on /home/airflow/.local/lib/python3.7/site-packages/airflow/example_dags/example_latest_only.py
[2022-04-11 13:45:51,103] {processor.py:642} INFO - Processing file /home/airflow/.local/lib/python3.7/site-packages/airflow/example_dags/example_latest_only.py for tasks to queue
[2022-04-11 13:45:51,104] {logging_mixin.py:109} INFO - [2022-04-11 13:45:51,104] {dagbag.py:500} INFO - Filling up the DagBag from /home/airflow/.local/lib/python3.7/site-packages/airflow/example_dags/example_latest_only.py
[2022-04-11 13:45:51,122] {processor.py:652} INFO - DAG(s) dict_keys(['latest_only']) retrieved from /home/airflow/.local/lib/python3.7/site-packages/airflow/example_dags/example_latest_only.py
[2022-04-11 13:45:51,155] {logging_mixin.py:109} INFO - [2022-04-11 13:45:51,154] {dag.py:2398} INFO - Sync 1 DAGs
[2022-04-11 13:45:51,180] {logging_mixin.py:109} INFO - [2022-04-11 13:45:51,179] {dag.py:2937} INFO - Setting next_dagrun for latest_only to 2022-04-11T09:45:51.179446+00:00
[2022-04-11 13:45:51,194] {processor.py:171} INFO - Processing /home/airflow/.local/lib/python3.7/site-packages/airflow/example_dags/example_latest_only.py took 0.096 seconds
[2022-04-11 13:46:21,608] {processor.py:163} INFO - Started process (PID=2396) to work on /home/airflow/.local/lib/python3.7/site-packages/airflow/example_dags/example_latest_only.py
[2022-04-11 13:46:21,610] {processor.py:642} INFO - Processing file /home/airflow/.local/lib/python3.7/site-packages/airflow/example_dags/example_latest_only.py for tasks to queue
[2022-04-11 13:46:21,611] {logging_mixin.py:109} INFO - [2022-04-11 13:46:21,611] {dagbag.py:500} INFO - Filling up the DagBag from /home/airflow/.local/lib/python3.7/site-packages/airflow/example_dags/example_latest_only.py
[2022-04-11 13:46:21,631] {processor.py:652} INFO - DAG(s) dict_keys(['latest_only']) retrieved from /home/airflow/.local/lib/python3.7/site-packages/airflow/example_dags/example_latest_only.py
[2022-04-11 13:46:21,655] {logging_mixin.py:109} INFO - [2022-04-11 13:46:21,655] {dag.py:2398} INFO - Sync 1 DAGs
[2022-04-11 13:46:21,675] {logging_mixin.py:109} INFO - [2022-04-11 13:46:21,675] {dag.py:2937} INFO - Setting next_dagrun for latest_only to 2022-04-11T09:46:21.674917+00:00
[2022-04-11 13:46:21,686] {processor.py:171} INFO - Processing /home/airflow/.local/lib/python3.7/site-packages/airflow/example_dags/example_latest_only.py took 0.082 seconds
[2022-04-11 13:46:52,505] {processor.py:163} INFO - Started process (PID=2449) to work on /home/airflow/.local/lib/python3.7/site-packages/airflow/example_dags/example_latest_only.py
[2022-04-11 13:46:52,513] {processor.py:642} INFO - Processing file /home/airflow/.local/lib/python3.7/site-packages/airflow/example_dags/example_latest_only.py for tasks to queue
[2022-04-11 13:46:52,516] {logging_mixin.py:109} INFO - [2022-04-11 13:46:52,516] {dagbag.py:500} INFO - Filling up the DagBag from /home/airflow/.local/lib/python3.7/site-packages/airflow/example_dags/example_latest_only.py
[2022-04-11 13:46:52,548] {processor.py:652} INFO - DAG(s) dict_keys(['latest_only']) retrieved from /home/airflow/.local/lib/python3.7/site-packages/airflow/example_dags/example_latest_only.py
[2022-04-11 13:46:52,594] {logging_mixin.py:109} INFO - [2022-04-11 13:46:52,594] {dag.py:2398} INFO - Sync 1 DAGs
[2022-04-11 13:46:52,629] {logging_mixin.py:109} INFO - [2022-04-11 13:46:52,628] {dag.py:2937} INFO - Setting next_dagrun for latest_only to 2022-04-11T09:46:52.627853+00:00
[2022-04-11 13:46:52,651] {processor.py:171} INFO - Processing /home/airflow/.local/lib/python3.7/site-packages/airflow/example_dags/example_latest_only.py took 0.152 seconds
[2022-04-11 13:47:23,529] {processor.py:163} INFO - Started process (PID=2502) to work on /home/airflow/.local/lib/python3.7/site-packages/airflow/example_dags/example_latest_only.py
[2022-04-11 13:47:23,531] {processor.py:642} INFO - Processing file /home/airflow/.local/lib/python3.7/site-packages/airflow/example_dags/example_latest_only.py for tasks to queue
[2022-04-11 13:47:23,533] {logging_mixin.py:109} INFO - [2022-04-11 13:47:23,533] {dagbag.py:500} INFO - Filling up the DagBag from /home/airflow/.local/lib/python3.7/site-packages/airflow/example_dags/example_latest_only.py
[2022-04-11 13:47:23,558] {processor.py:652} INFO - DAG(s) dict_keys(['latest_only']) retrieved from /home/airflow/.local/lib/python3.7/site-packages/airflow/example_dags/example_latest_only.py
[2022-04-11 13:47:23,586] {logging_mixin.py:109} INFO - [2022-04-11 13:47:23,586] {dag.py:2398} INFO - Sync 1 DAGs
[2022-04-11 13:47:23,621] {logging_mixin.py:109} INFO - [2022-04-11 13:47:23,621] {dag.py:2937} INFO - Setting next_dagrun for latest_only to 2022-04-11T09:47:23.621258+00:00
[2022-04-11 13:47:23,642] {processor.py:171} INFO - Processing /home/airflow/.local/lib/python3.7/site-packages/airflow/example_dags/example_latest_only.py took 0.118 seconds
[2022-04-11 13:47:53,839] {processor.py:163} INFO - Started process (PID=2562) to work on /home/airflow/.local/lib/python3.7/site-packages/airflow/example_dags/example_latest_only.py
[2022-04-11 13:47:53,841] {processor.py:642} INFO - Processing file /home/airflow/.local/lib/python3.7/site-packages/airflow/example_dags/example_latest_only.py for tasks to queue
[2022-04-11 13:47:53,843] {logging_mixin.py:109} INFO - [2022-04-11 13:47:53,843] {dagbag.py:500} INFO - Filling up the DagBag from /home/airflow/.local/lib/python3.7/site-packages/airflow/example_dags/example_latest_only.py
[2022-04-11 13:47:53,864] {processor.py:652} INFO - DAG(s) dict_keys(['latest_only']) retrieved from /home/airflow/.local/lib/python3.7/site-packages/airflow/example_dags/example_latest_only.py
[2022-04-11 13:47:53,889] {logging_mixin.py:109} INFO - [2022-04-11 13:47:53,889] {dag.py:2398} INFO - Sync 1 DAGs
[2022-04-11 13:47:53,909] {logging_mixin.py:109} INFO - [2022-04-11 13:47:53,909] {dag.py:2937} INFO - Setting next_dagrun for latest_only to 2022-04-11T09:47:53.908996+00:00
[2022-04-11 13:47:53,920] {processor.py:171} INFO - Processing /home/airflow/.local/lib/python3.7/site-packages/airflow/example_dags/example_latest_only.py took 0.085 seconds
[2022-04-11 13:48:24,576] {processor.py:163} INFO - Started process (PID=2615) to work on /home/airflow/.local/lib/python3.7/site-packages/airflow/example_dags/example_latest_only.py
[2022-04-11 13:48:24,577] {processor.py:642} INFO - Processing file /home/airflow/.local/lib/python3.7/site-packages/airflow/example_dags/example_latest_only.py for tasks to queue
[2022-04-11 13:48:24,582] {logging_mixin.py:109} INFO - [2022-04-11 13:48:24,578] {dagbag.py:500} INFO - Filling up the DagBag from /home/airflow/.local/lib/python3.7/site-packages/airflow/example_dags/example_latest_only.py
[2022-04-11 13:48:24,596] {processor.py:652} INFO - DAG(s) dict_keys(['latest_only']) retrieved from /home/airflow/.local/lib/python3.7/site-packages/airflow/example_dags/example_latest_only.py
[2022-04-11 13:48:24,630] {logging_mixin.py:109} INFO - [2022-04-11 13:48:24,630] {dag.py:2398} INFO - Sync 1 DAGs
[2022-04-11 13:48:24,652] {logging_mixin.py:109} INFO - [2022-04-11 13:48:24,652] {dag.py:2937} INFO - Setting next_dagrun for latest_only to 2022-04-11T09:48:24.652509+00:00
[2022-04-11 13:48:24,663] {processor.py:171} INFO - Processing /home/airflow/.local/lib/python3.7/site-packages/airflow/example_dags/example_latest_only.py took 0.091 seconds
[2022-04-11 13:48:55,326] {processor.py:163} INFO - Started process (PID=2679) to work on /home/airflow/.local/lib/python3.7/site-packages/airflow/example_dags/example_latest_only.py
[2022-04-11 13:48:55,328] {processor.py:642} INFO - Processing file /home/airflow/.local/lib/python3.7/site-packages/airflow/example_dags/example_latest_only.py for tasks to queue
[2022-04-11 13:48:55,329] {logging_mixin.py:109} INFO - [2022-04-11 13:48:55,329] {dagbag.py:500} INFO - Filling up the DagBag from /home/airflow/.local/lib/python3.7/site-packages/airflow/example_dags/example_latest_only.py
[2022-04-11 13:48:55,349] {processor.py:652} INFO - DAG(s) dict_keys(['latest_only']) retrieved from /home/airflow/.local/lib/python3.7/site-packages/airflow/example_dags/example_latest_only.py
[2022-04-11 13:48:55,379] {logging_mixin.py:109} INFO - [2022-04-11 13:48:55,379] {dag.py:2398} INFO - Sync 1 DAGs
[2022-04-11 13:48:55,401] {logging_mixin.py:109} INFO - [2022-04-11 13:48:55,401] {dag.py:2937} INFO - Setting next_dagrun for latest_only to 2022-04-11T09:48:55.400613+00:00
[2022-04-11 13:48:55,414] {processor.py:171} INFO - Processing /home/airflow/.local/lib/python3.7/site-packages/airflow/example_dags/example_latest_only.py took 0.095 seconds
