[2022-04-11 13:26:40,596] {processor.py:163} INFO - Started process (PID=40) to work on /home/airflow/.local/lib/python3.7/site-packages/airflow/example_dags/tutorial_taskflow_api_etl.py
[2022-04-11 13:26:40,600] {processor.py:642} INFO - Processing file /home/airflow/.local/lib/python3.7/site-packages/airflow/example_dags/tutorial_taskflow_api_etl.py for tasks to queue
[2022-04-11 13:26:40,603] {logging_mixin.py:109} INFO - [2022-04-11 13:26:40,602] {dagbag.py:500} INFO - Filling up the DagBag from /home/airflow/.local/lib/python3.7/site-packages/airflow/example_dags/tutorial_taskflow_api_etl.py
[2022-04-11 13:26:40,669] {processor.py:652} INFO - DAG(s) dict_keys(['tutorial_taskflow_api_etl']) retrieved from /home/airflow/.local/lib/python3.7/site-packages/airflow/example_dags/tutorial_taskflow_api_etl.py
[2022-04-11 13:26:47,071] {logging_mixin.py:109} INFO - [2022-04-11 13:26:47,071] {manager.py:496} INFO - Created Permission View: can read on DAG:tutorial_taskflow_api_etl
[2022-04-11 13:26:47,099] {logging_mixin.py:109} INFO - [2022-04-11 13:26:47,099] {manager.py:496} INFO - Created Permission View: can edit on DAG:tutorial_taskflow_api_etl
[2022-04-11 13:26:47,103] {logging_mixin.py:109} INFO - [2022-04-11 13:26:47,103] {dag.py:2398} INFO - Sync 1 DAGs
[2022-04-11 13:26:47,137] {logging_mixin.py:109} INFO - [2022-04-11 13:26:47,137] {dag.py:2417} INFO - Creating ORM DAG for tutorial_taskflow_api_etl
[2022-04-11 13:26:47,168] {logging_mixin.py:109} INFO - [2022-04-11 13:26:47,168] {dag.py:2937} INFO - Setting next_dagrun for tutorial_taskflow_api_etl to None
[2022-04-11 13:26:47,208] {processor.py:171} INFO - Processing /home/airflow/.local/lib/python3.7/site-packages/airflow/example_dags/tutorial_taskflow_api_etl.py took 6.638 seconds
[2022-04-11 13:27:18,947] {processor.py:163} INFO - Started process (PID=282) to work on /home/airflow/.local/lib/python3.7/site-packages/airflow/example_dags/tutorial_taskflow_api_etl.py
[2022-04-11 13:27:18,949] {processor.py:642} INFO - Processing file /home/airflow/.local/lib/python3.7/site-packages/airflow/example_dags/tutorial_taskflow_api_etl.py for tasks to queue
[2022-04-11 13:27:18,951] {logging_mixin.py:109} INFO - [2022-04-11 13:27:18,951] {dagbag.py:500} INFO - Filling up the DagBag from /home/airflow/.local/lib/python3.7/site-packages/airflow/example_dags/tutorial_taskflow_api_etl.py
[2022-04-11 13:27:18,980] {processor.py:652} INFO - DAG(s) dict_keys(['tutorial_taskflow_api_etl']) retrieved from /home/airflow/.local/lib/python3.7/site-packages/airflow/example_dags/tutorial_taskflow_api_etl.py
[2022-04-11 13:27:19,320] {logging_mixin.py:109} INFO - [2022-04-11 13:27:19,320] {dag.py:2398} INFO - Sync 1 DAGs
[2022-04-11 13:27:19,336] {logging_mixin.py:109} INFO - [2022-04-11 13:27:19,336] {dag.py:2937} INFO - Setting next_dagrun for tutorial_taskflow_api_etl to None
[2022-04-11 13:27:19,347] {processor.py:171} INFO - Processing /home/airflow/.local/lib/python3.7/site-packages/airflow/example_dags/tutorial_taskflow_api_etl.py took 0.404 seconds
[2022-04-11 13:27:50,027] {processor.py:163} INFO - Started process (PID=332) to work on /home/airflow/.local/lib/python3.7/site-packages/airflow/example_dags/tutorial_taskflow_api_etl.py
[2022-04-11 13:27:50,048] {processor.py:642} INFO - Processing file /home/airflow/.local/lib/python3.7/site-packages/airflow/example_dags/tutorial_taskflow_api_etl.py for tasks to queue
[2022-04-11 13:27:50,055] {logging_mixin.py:109} INFO - [2022-04-11 13:27:50,054] {dagbag.py:500} INFO - Filling up the DagBag from /home/airflow/.local/lib/python3.7/site-packages/airflow/example_dags/tutorial_taskflow_api_etl.py
[2022-04-11 13:27:50,091] {processor.py:652} INFO - DAG(s) dict_keys(['tutorial_taskflow_api_etl']) retrieved from /home/airflow/.local/lib/python3.7/site-packages/airflow/example_dags/tutorial_taskflow_api_etl.py
[2022-04-11 13:27:50,698] {logging_mixin.py:109} INFO - [2022-04-11 13:27:50,698] {dag.py:2398} INFO - Sync 1 DAGs
[2022-04-11 13:27:50,715] {logging_mixin.py:109} INFO - [2022-04-11 13:27:50,715] {dag.py:2937} INFO - Setting next_dagrun for tutorial_taskflow_api_etl to None
[2022-04-11 13:27:50,728] {processor.py:171} INFO - Processing /home/airflow/.local/lib/python3.7/site-packages/airflow/example_dags/tutorial_taskflow_api_etl.py took 0.723 seconds
[2022-04-11 13:28:20,869] {processor.py:163} INFO - Started process (PID=397) to work on /home/airflow/.local/lib/python3.7/site-packages/airflow/example_dags/tutorial_taskflow_api_etl.py
[2022-04-11 13:28:20,874] {processor.py:642} INFO - Processing file /home/airflow/.local/lib/python3.7/site-packages/airflow/example_dags/tutorial_taskflow_api_etl.py for tasks to queue
[2022-04-11 13:28:20,876] {logging_mixin.py:109} INFO - [2022-04-11 13:28:20,876] {dagbag.py:500} INFO - Filling up the DagBag from /home/airflow/.local/lib/python3.7/site-packages/airflow/example_dags/tutorial_taskflow_api_etl.py
[2022-04-11 13:28:20,907] {processor.py:652} INFO - DAG(s) dict_keys(['tutorial_taskflow_api_etl']) retrieved from /home/airflow/.local/lib/python3.7/site-packages/airflow/example_dags/tutorial_taskflow_api_etl.py
[2022-04-11 13:28:21,276] {logging_mixin.py:109} INFO - [2022-04-11 13:28:21,276] {dag.py:2398} INFO - Sync 1 DAGs
[2022-04-11 13:28:21,297] {logging_mixin.py:109} INFO - [2022-04-11 13:28:21,297] {dag.py:2937} INFO - Setting next_dagrun for tutorial_taskflow_api_etl to None
[2022-04-11 13:28:21,309] {processor.py:171} INFO - Processing /home/airflow/.local/lib/python3.7/site-packages/airflow/example_dags/tutorial_taskflow_api_etl.py took 0.446 seconds
[2022-04-11 13:28:52,069] {processor.py:163} INFO - Started process (PID=448) to work on /home/airflow/.local/lib/python3.7/site-packages/airflow/example_dags/tutorial_taskflow_api_etl.py
[2022-04-11 13:28:52,072] {processor.py:642} INFO - Processing file /home/airflow/.local/lib/python3.7/site-packages/airflow/example_dags/tutorial_taskflow_api_etl.py for tasks to queue
[2022-04-11 13:28:52,074] {logging_mixin.py:109} INFO - [2022-04-11 13:28:52,074] {dagbag.py:500} INFO - Filling up the DagBag from /home/airflow/.local/lib/python3.7/site-packages/airflow/example_dags/tutorial_taskflow_api_etl.py
[2022-04-11 13:28:52,107] {processor.py:652} INFO - DAG(s) dict_keys(['tutorial_taskflow_api_etl']) retrieved from /home/airflow/.local/lib/python3.7/site-packages/airflow/example_dags/tutorial_taskflow_api_etl.py
[2022-04-11 13:28:52,568] {logging_mixin.py:109} INFO - [2022-04-11 13:28:52,567] {dag.py:2398} INFO - Sync 1 DAGs
[2022-04-11 13:28:52,591] {logging_mixin.py:109} INFO - [2022-04-11 13:28:52,591] {dag.py:2937} INFO - Setting next_dagrun for tutorial_taskflow_api_etl to None
[2022-04-11 13:28:52,608] {processor.py:171} INFO - Processing /home/airflow/.local/lib/python3.7/site-packages/airflow/example_dags/tutorial_taskflow_api_etl.py took 0.545 seconds
[2022-04-11 13:29:23,250] {processor.py:163} INFO - Started process (PID=510) to work on /home/airflow/.local/lib/python3.7/site-packages/airflow/example_dags/tutorial_taskflow_api_etl.py
[2022-04-11 13:29:23,253] {processor.py:642} INFO - Processing file /home/airflow/.local/lib/python3.7/site-packages/airflow/example_dags/tutorial_taskflow_api_etl.py for tasks to queue
[2022-04-11 13:29:23,254] {logging_mixin.py:109} INFO - [2022-04-11 13:29:23,254] {dagbag.py:500} INFO - Filling up the DagBag from /home/airflow/.local/lib/python3.7/site-packages/airflow/example_dags/tutorial_taskflow_api_etl.py
[2022-04-11 13:29:23,274] {processor.py:652} INFO - DAG(s) dict_keys(['tutorial_taskflow_api_etl']) retrieved from /home/airflow/.local/lib/python3.7/site-packages/airflow/example_dags/tutorial_taskflow_api_etl.py
[2022-04-11 13:29:23,604] {logging_mixin.py:109} INFO - [2022-04-11 13:29:23,604] {dag.py:2398} INFO - Sync 1 DAGs
[2022-04-11 13:29:23,621] {logging_mixin.py:109} INFO - [2022-04-11 13:29:23,621] {dag.py:2937} INFO - Setting next_dagrun for tutorial_taskflow_api_etl to None
[2022-04-11 13:29:23,634] {processor.py:171} INFO - Processing /home/airflow/.local/lib/python3.7/site-packages/airflow/example_dags/tutorial_taskflow_api_etl.py took 0.387 seconds
[2022-04-11 13:29:53,721] {processor.py:163} INFO - Started process (PID=562) to work on /home/airflow/.local/lib/python3.7/site-packages/airflow/example_dags/tutorial_taskflow_api_etl.py
[2022-04-11 13:29:53,724] {processor.py:642} INFO - Processing file /home/airflow/.local/lib/python3.7/site-packages/airflow/example_dags/tutorial_taskflow_api_etl.py for tasks to queue
[2022-04-11 13:29:53,726] {logging_mixin.py:109} INFO - [2022-04-11 13:29:53,725] {dagbag.py:500} INFO - Filling up the DagBag from /home/airflow/.local/lib/python3.7/site-packages/airflow/example_dags/tutorial_taskflow_api_etl.py
[2022-04-11 13:29:53,748] {processor.py:652} INFO - DAG(s) dict_keys(['tutorial_taskflow_api_etl']) retrieved from /home/airflow/.local/lib/python3.7/site-packages/airflow/example_dags/tutorial_taskflow_api_etl.py
[2022-04-11 13:29:54,089] {logging_mixin.py:109} INFO - [2022-04-11 13:29:54,089] {dag.py:2398} INFO - Sync 1 DAGs
[2022-04-11 13:29:54,107] {logging_mixin.py:109} INFO - [2022-04-11 13:29:54,106] {dag.py:2937} INFO - Setting next_dagrun for tutorial_taskflow_api_etl to None
[2022-04-11 13:29:54,118] {processor.py:171} INFO - Processing /home/airflow/.local/lib/python3.7/site-packages/airflow/example_dags/tutorial_taskflow_api_etl.py took 0.401 seconds
[2022-04-11 13:30:24,236] {processor.py:163} INFO - Started process (PID=622) to work on /home/airflow/.local/lib/python3.7/site-packages/airflow/example_dags/tutorial_taskflow_api_etl.py
[2022-04-11 13:30:24,240] {processor.py:642} INFO - Processing file /home/airflow/.local/lib/python3.7/site-packages/airflow/example_dags/tutorial_taskflow_api_etl.py for tasks to queue
[2022-04-11 13:30:24,241] {logging_mixin.py:109} INFO - [2022-04-11 13:30:24,241] {dagbag.py:500} INFO - Filling up the DagBag from /home/airflow/.local/lib/python3.7/site-packages/airflow/example_dags/tutorial_taskflow_api_etl.py
[2022-04-11 13:30:24,265] {processor.py:652} INFO - DAG(s) dict_keys(['tutorial_taskflow_api_etl']) retrieved from /home/airflow/.local/lib/python3.7/site-packages/airflow/example_dags/tutorial_taskflow_api_etl.py
[2022-04-11 13:30:24,292] {logging_mixin.py:109} INFO - [2022-04-11 13:30:24,292] {dag.py:2398} INFO - Sync 1 DAGs
[2022-04-11 13:30:24,314] {logging_mixin.py:109} INFO - [2022-04-11 13:30:24,314] {dag.py:2937} INFO - Setting next_dagrun for tutorial_taskflow_api_etl to None
[2022-04-11 13:30:24,329] {processor.py:171} INFO - Processing /home/airflow/.local/lib/python3.7/site-packages/airflow/example_dags/tutorial_taskflow_api_etl.py took 0.097 seconds
[2022-04-11 13:30:55,152] {processor.py:163} INFO - Started process (PID=673) to work on /home/airflow/.local/lib/python3.7/site-packages/airflow/example_dags/tutorial_taskflow_api_etl.py
[2022-04-11 13:30:55,157] {processor.py:642} INFO - Processing file /home/airflow/.local/lib/python3.7/site-packages/airflow/example_dags/tutorial_taskflow_api_etl.py for tasks to queue
[2022-04-11 13:30:55,168] {logging_mixin.py:109} INFO - [2022-04-11 13:30:55,167] {dagbag.py:500} INFO - Filling up the DagBag from /home/airflow/.local/lib/python3.7/site-packages/airflow/example_dags/tutorial_taskflow_api_etl.py
[2022-04-11 13:30:55,213] {processor.py:652} INFO - DAG(s) dict_keys(['tutorial_taskflow_api_etl']) retrieved from /home/airflow/.local/lib/python3.7/site-packages/airflow/example_dags/tutorial_taskflow_api_etl.py
[2022-04-11 13:30:55,566] {logging_mixin.py:109} INFO - [2022-04-11 13:30:55,566] {dag.py:2398} INFO - Sync 1 DAGs
[2022-04-11 13:30:55,588] {logging_mixin.py:109} INFO - [2022-04-11 13:30:55,588] {dag.py:2937} INFO - Setting next_dagrun for tutorial_taskflow_api_etl to None
[2022-04-11 13:30:55,604] {processor.py:171} INFO - Processing /home/airflow/.local/lib/python3.7/site-packages/airflow/example_dags/tutorial_taskflow_api_etl.py took 0.461 seconds
[2022-04-11 13:31:25,662] {processor.py:163} INFO - Started process (PID=732) to work on /home/airflow/.local/lib/python3.7/site-packages/airflow/example_dags/tutorial_taskflow_api_etl.py
[2022-04-11 13:31:25,665] {processor.py:642} INFO - Processing file /home/airflow/.local/lib/python3.7/site-packages/airflow/example_dags/tutorial_taskflow_api_etl.py for tasks to queue
[2022-04-11 13:31:25,668] {logging_mixin.py:109} INFO - [2022-04-11 13:31:25,668] {dagbag.py:500} INFO - Filling up the DagBag from /home/airflow/.local/lib/python3.7/site-packages/airflow/example_dags/tutorial_taskflow_api_etl.py
[2022-04-11 13:31:25,695] {processor.py:652} INFO - DAG(s) dict_keys(['tutorial_taskflow_api_etl']) retrieved from /home/airflow/.local/lib/python3.7/site-packages/airflow/example_dags/tutorial_taskflow_api_etl.py
[2022-04-11 13:31:26,055] {logging_mixin.py:109} INFO - [2022-04-11 13:31:26,055] {dag.py:2398} INFO - Sync 1 DAGs
[2022-04-11 13:31:26,070] {logging_mixin.py:109} INFO - [2022-04-11 13:31:26,070] {dag.py:2937} INFO - Setting next_dagrun for tutorial_taskflow_api_etl to None
[2022-04-11 13:31:26,082] {processor.py:171} INFO - Processing /home/airflow/.local/lib/python3.7/site-packages/airflow/example_dags/tutorial_taskflow_api_etl.py took 0.424 seconds
[2022-04-11 13:31:56,350] {processor.py:163} INFO - Started process (PID=797) to work on /home/airflow/.local/lib/python3.7/site-packages/airflow/example_dags/tutorial_taskflow_api_etl.py
[2022-04-11 13:31:56,352] {processor.py:642} INFO - Processing file /home/airflow/.local/lib/python3.7/site-packages/airflow/example_dags/tutorial_taskflow_api_etl.py for tasks to queue
[2022-04-11 13:31:56,353] {logging_mixin.py:109} INFO - [2022-04-11 13:31:56,353] {dagbag.py:500} INFO - Filling up the DagBag from /home/airflow/.local/lib/python3.7/site-packages/airflow/example_dags/tutorial_taskflow_api_etl.py
[2022-04-11 13:31:56,380] {processor.py:652} INFO - DAG(s) dict_keys(['tutorial_taskflow_api_etl']) retrieved from /home/airflow/.local/lib/python3.7/site-packages/airflow/example_dags/tutorial_taskflow_api_etl.py
[2022-04-11 13:31:56,753] {logging_mixin.py:109} INFO - [2022-04-11 13:31:56,753] {dag.py:2398} INFO - Sync 1 DAGs
[2022-04-11 13:31:56,771] {logging_mixin.py:109} INFO - [2022-04-11 13:31:56,771] {dag.py:2937} INFO - Setting next_dagrun for tutorial_taskflow_api_etl to None
[2022-04-11 13:31:56,785] {processor.py:171} INFO - Processing /home/airflow/.local/lib/python3.7/site-packages/airflow/example_dags/tutorial_taskflow_api_etl.py took 0.439 seconds
[2022-04-11 13:32:27,001] {processor.py:163} INFO - Started process (PID=849) to work on /home/airflow/.local/lib/python3.7/site-packages/airflow/example_dags/tutorial_taskflow_api_etl.py
[2022-04-11 13:32:27,004] {processor.py:642} INFO - Processing file /home/airflow/.local/lib/python3.7/site-packages/airflow/example_dags/tutorial_taskflow_api_etl.py for tasks to queue
[2022-04-11 13:32:27,006] {logging_mixin.py:109} INFO - [2022-04-11 13:32:27,006] {dagbag.py:500} INFO - Filling up the DagBag from /home/airflow/.local/lib/python3.7/site-packages/airflow/example_dags/tutorial_taskflow_api_etl.py
[2022-04-11 13:32:27,031] {processor.py:652} INFO - DAG(s) dict_keys(['tutorial_taskflow_api_etl']) retrieved from /home/airflow/.local/lib/python3.7/site-packages/airflow/example_dags/tutorial_taskflow_api_etl.py
[2022-04-11 13:32:27,497] {logging_mixin.py:109} INFO - [2022-04-11 13:32:27,497] {dag.py:2398} INFO - Sync 1 DAGs
[2022-04-11 13:32:27,515] {logging_mixin.py:109} INFO - [2022-04-11 13:32:27,515] {dag.py:2937} INFO - Setting next_dagrun for tutorial_taskflow_api_etl to None
[2022-04-11 13:32:27,537] {processor.py:171} INFO - Processing /home/airflow/.local/lib/python3.7/site-packages/airflow/example_dags/tutorial_taskflow_api_etl.py took 0.540 seconds
[2022-04-11 13:32:57,944] {processor.py:163} INFO - Started process (PID=911) to work on /home/airflow/.local/lib/python3.7/site-packages/airflow/example_dags/tutorial_taskflow_api_etl.py
[2022-04-11 13:32:57,946] {processor.py:642} INFO - Processing file /home/airflow/.local/lib/python3.7/site-packages/airflow/example_dags/tutorial_taskflow_api_etl.py for tasks to queue
[2022-04-11 13:32:57,947] {logging_mixin.py:109} INFO - [2022-04-11 13:32:57,947] {dagbag.py:500} INFO - Filling up the DagBag from /home/airflow/.local/lib/python3.7/site-packages/airflow/example_dags/tutorial_taskflow_api_etl.py
[2022-04-11 13:32:57,972] {processor.py:652} INFO - DAG(s) dict_keys(['tutorial_taskflow_api_etl']) retrieved from /home/airflow/.local/lib/python3.7/site-packages/airflow/example_dags/tutorial_taskflow_api_etl.py
[2022-04-11 13:32:58,321] {logging_mixin.py:109} INFO - [2022-04-11 13:32:58,321] {dag.py:2398} INFO - Sync 1 DAGs
[2022-04-11 13:32:58,337] {logging_mixin.py:109} INFO - [2022-04-11 13:32:58,337] {dag.py:2937} INFO - Setting next_dagrun for tutorial_taskflow_api_etl to None
[2022-04-11 13:32:58,349] {processor.py:171} INFO - Processing /home/airflow/.local/lib/python3.7/site-packages/airflow/example_dags/tutorial_taskflow_api_etl.py took 0.409 seconds
[2022-04-11 13:33:28,392] {processor.py:163} INFO - Started process (PID=962) to work on /home/airflow/.local/lib/python3.7/site-packages/airflow/example_dags/tutorial_taskflow_api_etl.py
[2022-04-11 13:33:28,394] {processor.py:642} INFO - Processing file /home/airflow/.local/lib/python3.7/site-packages/airflow/example_dags/tutorial_taskflow_api_etl.py for tasks to queue
[2022-04-11 13:33:28,395] {logging_mixin.py:109} INFO - [2022-04-11 13:33:28,395] {dagbag.py:500} INFO - Filling up the DagBag from /home/airflow/.local/lib/python3.7/site-packages/airflow/example_dags/tutorial_taskflow_api_etl.py
[2022-04-11 13:33:28,418] {processor.py:652} INFO - DAG(s) dict_keys(['tutorial_taskflow_api_etl']) retrieved from /home/airflow/.local/lib/python3.7/site-packages/airflow/example_dags/tutorial_taskflow_api_etl.py
[2022-04-11 13:33:28,728] {logging_mixin.py:109} INFO - [2022-04-11 13:33:28,728] {dag.py:2398} INFO - Sync 1 DAGs
[2022-04-11 13:33:28,742] {logging_mixin.py:109} INFO - [2022-04-11 13:33:28,742] {dag.py:2937} INFO - Setting next_dagrun for tutorial_taskflow_api_etl to None
[2022-04-11 13:33:28,752] {processor.py:171} INFO - Processing /home/airflow/.local/lib/python3.7/site-packages/airflow/example_dags/tutorial_taskflow_api_etl.py took 0.365 seconds
[2022-04-11 13:33:59,075] {processor.py:163} INFO - Started process (PID=1024) to work on /home/airflow/.local/lib/python3.7/site-packages/airflow/example_dags/tutorial_taskflow_api_etl.py
[2022-04-11 13:33:59,077] {processor.py:642} INFO - Processing file /home/airflow/.local/lib/python3.7/site-packages/airflow/example_dags/tutorial_taskflow_api_etl.py for tasks to queue
[2022-04-11 13:33:59,078] {logging_mixin.py:109} INFO - [2022-04-11 13:33:59,078] {dagbag.py:500} INFO - Filling up the DagBag from /home/airflow/.local/lib/python3.7/site-packages/airflow/example_dags/tutorial_taskflow_api_etl.py
[2022-04-11 13:33:59,104] {processor.py:652} INFO - DAG(s) dict_keys(['tutorial_taskflow_api_etl']) retrieved from /home/airflow/.local/lib/python3.7/site-packages/airflow/example_dags/tutorial_taskflow_api_etl.py
[2022-04-11 13:33:59,476] {logging_mixin.py:109} INFO - [2022-04-11 13:33:59,476] {dag.py:2398} INFO - Sync 1 DAGs
[2022-04-11 13:33:59,497] {logging_mixin.py:109} INFO - [2022-04-11 13:33:59,497] {dag.py:2937} INFO - Setting next_dagrun for tutorial_taskflow_api_etl to None
[2022-04-11 13:33:59,511] {processor.py:171} INFO - Processing /home/airflow/.local/lib/python3.7/site-packages/airflow/example_dags/tutorial_taskflow_api_etl.py took 0.440 seconds
[2022-04-11 13:34:29,722] {processor.py:163} INFO - Started process (PID=1075) to work on /home/airflow/.local/lib/python3.7/site-packages/airflow/example_dags/tutorial_taskflow_api_etl.py
[2022-04-11 13:34:29,725] {processor.py:642} INFO - Processing file /home/airflow/.local/lib/python3.7/site-packages/airflow/example_dags/tutorial_taskflow_api_etl.py for tasks to queue
[2022-04-11 13:34:29,726] {logging_mixin.py:109} INFO - [2022-04-11 13:34:29,726] {dagbag.py:500} INFO - Filling up the DagBag from /home/airflow/.local/lib/python3.7/site-packages/airflow/example_dags/tutorial_taskflow_api_etl.py
[2022-04-11 13:34:29,755] {processor.py:652} INFO - DAG(s) dict_keys(['tutorial_taskflow_api_etl']) retrieved from /home/airflow/.local/lib/python3.7/site-packages/airflow/example_dags/tutorial_taskflow_api_etl.py
[2022-04-11 13:34:30,216] {logging_mixin.py:109} INFO - [2022-04-11 13:34:30,216] {dag.py:2398} INFO - Sync 1 DAGs
[2022-04-11 13:34:30,233] {logging_mixin.py:109} INFO - [2022-04-11 13:34:30,233] {dag.py:2937} INFO - Setting next_dagrun for tutorial_taskflow_api_etl to None
[2022-04-11 13:34:30,244] {processor.py:171} INFO - Processing /home/airflow/.local/lib/python3.7/site-packages/airflow/example_dags/tutorial_taskflow_api_etl.py took 0.527 seconds
[2022-04-11 13:35:00,502] {processor.py:163} INFO - Started process (PID=1137) to work on /home/airflow/.local/lib/python3.7/site-packages/airflow/example_dags/tutorial_taskflow_api_etl.py
[2022-04-11 13:35:00,505] {processor.py:642} INFO - Processing file /home/airflow/.local/lib/python3.7/site-packages/airflow/example_dags/tutorial_taskflow_api_etl.py for tasks to queue
[2022-04-11 13:35:00,507] {logging_mixin.py:109} INFO - [2022-04-11 13:35:00,507] {dagbag.py:500} INFO - Filling up the DagBag from /home/airflow/.local/lib/python3.7/site-packages/airflow/example_dags/tutorial_taskflow_api_etl.py
[2022-04-11 13:35:00,532] {processor.py:652} INFO - DAG(s) dict_keys(['tutorial_taskflow_api_etl']) retrieved from /home/airflow/.local/lib/python3.7/site-packages/airflow/example_dags/tutorial_taskflow_api_etl.py
[2022-04-11 13:35:00,862] {logging_mixin.py:109} INFO - [2022-04-11 13:35:00,862] {dag.py:2398} INFO - Sync 1 DAGs
[2022-04-11 13:35:00,878] {logging_mixin.py:109} INFO - [2022-04-11 13:35:00,878] {dag.py:2937} INFO - Setting next_dagrun for tutorial_taskflow_api_etl to None
[2022-04-11 13:35:00,890] {processor.py:171} INFO - Processing /home/airflow/.local/lib/python3.7/site-packages/airflow/example_dags/tutorial_taskflow_api_etl.py took 0.394 seconds
[2022-04-11 13:35:31,885] {processor.py:163} INFO - Started process (PID=1191) to work on /home/airflow/.local/lib/python3.7/site-packages/airflow/example_dags/tutorial_taskflow_api_etl.py
[2022-04-11 13:35:31,887] {processor.py:642} INFO - Processing file /home/airflow/.local/lib/python3.7/site-packages/airflow/example_dags/tutorial_taskflow_api_etl.py for tasks to queue
[2022-04-11 13:35:31,889] {logging_mixin.py:109} INFO - [2022-04-11 13:35:31,889] {dagbag.py:500} INFO - Filling up the DagBag from /home/airflow/.local/lib/python3.7/site-packages/airflow/example_dags/tutorial_taskflow_api_etl.py
[2022-04-11 13:35:31,917] {processor.py:652} INFO - DAG(s) dict_keys(['tutorial_taskflow_api_etl']) retrieved from /home/airflow/.local/lib/python3.7/site-packages/airflow/example_dags/tutorial_taskflow_api_etl.py
[2022-04-11 13:35:32,317] {logging_mixin.py:109} INFO - [2022-04-11 13:35:32,316] {dag.py:2398} INFO - Sync 1 DAGs
[2022-04-11 13:35:32,338] {logging_mixin.py:109} INFO - [2022-04-11 13:35:32,338] {dag.py:2937} INFO - Setting next_dagrun for tutorial_taskflow_api_etl to None
[2022-04-11 13:35:32,354] {processor.py:171} INFO - Processing /home/airflow/.local/lib/python3.7/site-packages/airflow/example_dags/tutorial_taskflow_api_etl.py took 0.473 seconds
[2022-04-11 13:36:02,650] {processor.py:163} INFO - Started process (PID=1253) to work on /home/airflow/.local/lib/python3.7/site-packages/airflow/example_dags/tutorial_taskflow_api_etl.py
[2022-04-11 13:36:02,652] {processor.py:642} INFO - Processing file /home/airflow/.local/lib/python3.7/site-packages/airflow/example_dags/tutorial_taskflow_api_etl.py for tasks to queue
[2022-04-11 13:36:02,653] {logging_mixin.py:109} INFO - [2022-04-11 13:36:02,653] {dagbag.py:500} INFO - Filling up the DagBag from /home/airflow/.local/lib/python3.7/site-packages/airflow/example_dags/tutorial_taskflow_api_etl.py
[2022-04-11 13:36:02,675] {processor.py:652} INFO - DAG(s) dict_keys(['tutorial_taskflow_api_etl']) retrieved from /home/airflow/.local/lib/python3.7/site-packages/airflow/example_dags/tutorial_taskflow_api_etl.py
[2022-04-11 13:36:03,025] {logging_mixin.py:109} INFO - [2022-04-11 13:36:03,025] {dag.py:2398} INFO - Sync 1 DAGs
[2022-04-11 13:36:03,056] {logging_mixin.py:109} INFO - [2022-04-11 13:36:03,056] {dag.py:2937} INFO - Setting next_dagrun for tutorial_taskflow_api_etl to None
[2022-04-11 13:36:03,070] {processor.py:171} INFO - Processing /home/airflow/.local/lib/python3.7/site-packages/airflow/example_dags/tutorial_taskflow_api_etl.py took 0.424 seconds
[2022-04-11 13:36:33,634] {processor.py:163} INFO - Started process (PID=1304) to work on /home/airflow/.local/lib/python3.7/site-packages/airflow/example_dags/tutorial_taskflow_api_etl.py
[2022-04-11 13:36:33,636] {processor.py:642} INFO - Processing file /home/airflow/.local/lib/python3.7/site-packages/airflow/example_dags/tutorial_taskflow_api_etl.py for tasks to queue
[2022-04-11 13:36:33,639] {logging_mixin.py:109} INFO - [2022-04-11 13:36:33,639] {dagbag.py:500} INFO - Filling up the DagBag from /home/airflow/.local/lib/python3.7/site-packages/airflow/example_dags/tutorial_taskflow_api_etl.py
[2022-04-11 13:36:33,663] {processor.py:652} INFO - DAG(s) dict_keys(['tutorial_taskflow_api_etl']) retrieved from /home/airflow/.local/lib/python3.7/site-packages/airflow/example_dags/tutorial_taskflow_api_etl.py
[2022-04-11 13:36:34,011] {logging_mixin.py:109} INFO - [2022-04-11 13:36:34,011] {dag.py:2398} INFO - Sync 1 DAGs
[2022-04-11 13:36:34,022] {logging_mixin.py:109} INFO - [2022-04-11 13:36:34,022] {dag.py:2937} INFO - Setting next_dagrun for tutorial_taskflow_api_etl to None
[2022-04-11 13:36:34,031] {processor.py:171} INFO - Processing /home/airflow/.local/lib/python3.7/site-packages/airflow/example_dags/tutorial_taskflow_api_etl.py took 0.401 seconds
[2022-04-11 13:37:04,153] {processor.py:163} INFO - Started process (PID=1371) to work on /home/airflow/.local/lib/python3.7/site-packages/airflow/example_dags/tutorial_taskflow_api_etl.py
[2022-04-11 13:37:04,156] {processor.py:642} INFO - Processing file /home/airflow/.local/lib/python3.7/site-packages/airflow/example_dags/tutorial_taskflow_api_etl.py for tasks to queue
[2022-04-11 13:37:04,157] {logging_mixin.py:109} INFO - [2022-04-11 13:37:04,157] {dagbag.py:500} INFO - Filling up the DagBag from /home/airflow/.local/lib/python3.7/site-packages/airflow/example_dags/tutorial_taskflow_api_etl.py
[2022-04-11 13:37:04,194] {processor.py:652} INFO - DAG(s) dict_keys(['tutorial_taskflow_api_etl']) retrieved from /home/airflow/.local/lib/python3.7/site-packages/airflow/example_dags/tutorial_taskflow_api_etl.py
[2022-04-11 13:37:04,541] {logging_mixin.py:109} INFO - [2022-04-11 13:37:04,541] {dag.py:2398} INFO - Sync 1 DAGs
[2022-04-11 13:37:04,556] {logging_mixin.py:109} INFO - [2022-04-11 13:37:04,555] {dag.py:2937} INFO - Setting next_dagrun for tutorial_taskflow_api_etl to None
[2022-04-11 13:37:04,567] {processor.py:171} INFO - Processing /home/airflow/.local/lib/python3.7/site-packages/airflow/example_dags/tutorial_taskflow_api_etl.py took 0.419 seconds
[2022-04-11 13:37:34,714] {processor.py:163} INFO - Started process (PID=1423) to work on /home/airflow/.local/lib/python3.7/site-packages/airflow/example_dags/tutorial_taskflow_api_etl.py
[2022-04-11 13:37:34,716] {processor.py:642} INFO - Processing file /home/airflow/.local/lib/python3.7/site-packages/airflow/example_dags/tutorial_taskflow_api_etl.py for tasks to queue
[2022-04-11 13:37:34,717] {logging_mixin.py:109} INFO - [2022-04-11 13:37:34,717] {dagbag.py:500} INFO - Filling up the DagBag from /home/airflow/.local/lib/python3.7/site-packages/airflow/example_dags/tutorial_taskflow_api_etl.py
[2022-04-11 13:37:34,742] {processor.py:652} INFO - DAG(s) dict_keys(['tutorial_taskflow_api_etl']) retrieved from /home/airflow/.local/lib/python3.7/site-packages/airflow/example_dags/tutorial_taskflow_api_etl.py
[2022-04-11 13:37:35,054] {logging_mixin.py:109} INFO - [2022-04-11 13:37:35,054] {dag.py:2398} INFO - Sync 1 DAGs
[2022-04-11 13:37:35,069] {logging_mixin.py:109} INFO - [2022-04-11 13:37:35,069] {dag.py:2937} INFO - Setting next_dagrun for tutorial_taskflow_api_etl to None
[2022-04-11 13:37:35,079] {processor.py:171} INFO - Processing /home/airflow/.local/lib/python3.7/site-packages/airflow/example_dags/tutorial_taskflow_api_etl.py took 0.371 seconds
[2022-04-11 13:38:05,368] {processor.py:163} INFO - Started process (PID=1485) to work on /home/airflow/.local/lib/python3.7/site-packages/airflow/example_dags/tutorial_taskflow_api_etl.py
[2022-04-11 13:38:05,373] {processor.py:642} INFO - Processing file /home/airflow/.local/lib/python3.7/site-packages/airflow/example_dags/tutorial_taskflow_api_etl.py for tasks to queue
[2022-04-11 13:38:05,375] {logging_mixin.py:109} INFO - [2022-04-11 13:38:05,375] {dagbag.py:500} INFO - Filling up the DagBag from /home/airflow/.local/lib/python3.7/site-packages/airflow/example_dags/tutorial_taskflow_api_etl.py
[2022-04-11 13:38:05,406] {processor.py:652} INFO - DAG(s) dict_keys(['tutorial_taskflow_api_etl']) retrieved from /home/airflow/.local/lib/python3.7/site-packages/airflow/example_dags/tutorial_taskflow_api_etl.py
[2022-04-11 13:38:05,872] {logging_mixin.py:109} INFO - [2022-04-11 13:38:05,872] {dag.py:2398} INFO - Sync 1 DAGs
[2022-04-11 13:38:05,902] {logging_mixin.py:109} INFO - [2022-04-11 13:38:05,902] {dag.py:2937} INFO - Setting next_dagrun for tutorial_taskflow_api_etl to None
[2022-04-11 13:38:05,926] {processor.py:171} INFO - Processing /home/airflow/.local/lib/python3.7/site-packages/airflow/example_dags/tutorial_taskflow_api_etl.py took 0.564 seconds
[2022-04-11 13:38:36,367] {processor.py:163} INFO - Started process (PID=1538) to work on /home/airflow/.local/lib/python3.7/site-packages/airflow/example_dags/tutorial_taskflow_api_etl.py
[2022-04-11 13:38:36,370] {processor.py:642} INFO - Processing file /home/airflow/.local/lib/python3.7/site-packages/airflow/example_dags/tutorial_taskflow_api_etl.py for tasks to queue
[2022-04-11 13:38:36,371] {logging_mixin.py:109} INFO - [2022-04-11 13:38:36,371] {dagbag.py:500} INFO - Filling up the DagBag from /home/airflow/.local/lib/python3.7/site-packages/airflow/example_dags/tutorial_taskflow_api_etl.py
[2022-04-11 13:38:36,396] {processor.py:652} INFO - DAG(s) dict_keys(['tutorial_taskflow_api_etl']) retrieved from /home/airflow/.local/lib/python3.7/site-packages/airflow/example_dags/tutorial_taskflow_api_etl.py
[2022-04-11 13:38:36,776] {logging_mixin.py:109} INFO - [2022-04-11 13:38:36,776] {dag.py:2398} INFO - Sync 1 DAGs
[2022-04-11 13:38:36,797] {logging_mixin.py:109} INFO - [2022-04-11 13:38:36,797] {dag.py:2937} INFO - Setting next_dagrun for tutorial_taskflow_api_etl to None
[2022-04-11 13:38:36,811] {processor.py:171} INFO - Processing /home/airflow/.local/lib/python3.7/site-packages/airflow/example_dags/tutorial_taskflow_api_etl.py took 0.448 seconds
[2022-04-11 13:39:06,868] {processor.py:163} INFO - Started process (PID=1591) to work on /home/airflow/.local/lib/python3.7/site-packages/airflow/example_dags/tutorial_taskflow_api_etl.py
[2022-04-11 13:39:06,871] {processor.py:642} INFO - Processing file /home/airflow/.local/lib/python3.7/site-packages/airflow/example_dags/tutorial_taskflow_api_etl.py for tasks to queue
[2022-04-11 13:39:06,872] {logging_mixin.py:109} INFO - [2022-04-11 13:39:06,872] {dagbag.py:500} INFO - Filling up the DagBag from /home/airflow/.local/lib/python3.7/site-packages/airflow/example_dags/tutorial_taskflow_api_etl.py
[2022-04-11 13:39:06,897] {processor.py:652} INFO - DAG(s) dict_keys(['tutorial_taskflow_api_etl']) retrieved from /home/airflow/.local/lib/python3.7/site-packages/airflow/example_dags/tutorial_taskflow_api_etl.py
[2022-04-11 13:39:07,268] {logging_mixin.py:109} INFO - [2022-04-11 13:39:07,268] {dag.py:2398} INFO - Sync 1 DAGs
[2022-04-11 13:39:07,288] {logging_mixin.py:109} INFO - [2022-04-11 13:39:07,288] {dag.py:2937} INFO - Setting next_dagrun for tutorial_taskflow_api_etl to None
[2022-04-11 13:39:07,305] {processor.py:171} INFO - Processing /home/airflow/.local/lib/python3.7/site-packages/airflow/example_dags/tutorial_taskflow_api_etl.py took 0.441 seconds
[2022-04-11 13:39:37,489] {processor.py:163} INFO - Started process (PID=1650) to work on /home/airflow/.local/lib/python3.7/site-packages/airflow/example_dags/tutorial_taskflow_api_etl.py
[2022-04-11 13:39:37,492] {processor.py:642} INFO - Processing file /home/airflow/.local/lib/python3.7/site-packages/airflow/example_dags/tutorial_taskflow_api_etl.py for tasks to queue
[2022-04-11 13:39:37,493] {logging_mixin.py:109} INFO - [2022-04-11 13:39:37,493] {dagbag.py:500} INFO - Filling up the DagBag from /home/airflow/.local/lib/python3.7/site-packages/airflow/example_dags/tutorial_taskflow_api_etl.py
[2022-04-11 13:39:37,521] {processor.py:652} INFO - DAG(s) dict_keys(['tutorial_taskflow_api_etl']) retrieved from /home/airflow/.local/lib/python3.7/site-packages/airflow/example_dags/tutorial_taskflow_api_etl.py
[2022-04-11 13:39:37,888] {logging_mixin.py:109} INFO - [2022-04-11 13:39:37,888] {dag.py:2398} INFO - Sync 1 DAGs
[2022-04-11 13:39:37,905] {logging_mixin.py:109} INFO - [2022-04-11 13:39:37,905] {dag.py:2937} INFO - Setting next_dagrun for tutorial_taskflow_api_etl to None
[2022-04-11 13:39:37,917] {processor.py:171} INFO - Processing /home/airflow/.local/lib/python3.7/site-packages/airflow/example_dags/tutorial_taskflow_api_etl.py took 0.434 seconds
[2022-04-11 13:40:08,725] {processor.py:163} INFO - Started process (PID=1702) to work on /home/airflow/.local/lib/python3.7/site-packages/airflow/example_dags/tutorial_taskflow_api_etl.py
[2022-04-11 13:40:08,727] {processor.py:642} INFO - Processing file /home/airflow/.local/lib/python3.7/site-packages/airflow/example_dags/tutorial_taskflow_api_etl.py for tasks to queue
[2022-04-11 13:40:08,728] {logging_mixin.py:109} INFO - [2022-04-11 13:40:08,728] {dagbag.py:500} INFO - Filling up the DagBag from /home/airflow/.local/lib/python3.7/site-packages/airflow/example_dags/tutorial_taskflow_api_etl.py
[2022-04-11 13:40:08,752] {processor.py:652} INFO - DAG(s) dict_keys(['tutorial_taskflow_api_etl']) retrieved from /home/airflow/.local/lib/python3.7/site-packages/airflow/example_dags/tutorial_taskflow_api_etl.py
[2022-04-11 13:40:09,090] {logging_mixin.py:109} INFO - [2022-04-11 13:40:09,090] {dag.py:2398} INFO - Sync 1 DAGs
[2022-04-11 13:40:09,105] {logging_mixin.py:109} INFO - [2022-04-11 13:40:09,105] {dag.py:2937} INFO - Setting next_dagrun for tutorial_taskflow_api_etl to None
[2022-04-11 13:40:09,117] {processor.py:171} INFO - Processing /home/airflow/.local/lib/python3.7/site-packages/airflow/example_dags/tutorial_taskflow_api_etl.py took 0.397 seconds
[2022-04-11 13:40:39,170] {processor.py:163} INFO - Started process (PID=1767) to work on /home/airflow/.local/lib/python3.7/site-packages/airflow/example_dags/tutorial_taskflow_api_etl.py
[2022-04-11 13:40:39,172] {processor.py:642} INFO - Processing file /home/airflow/.local/lib/python3.7/site-packages/airflow/example_dags/tutorial_taskflow_api_etl.py for tasks to queue
[2022-04-11 13:40:39,174] {logging_mixin.py:109} INFO - [2022-04-11 13:40:39,174] {dagbag.py:500} INFO - Filling up the DagBag from /home/airflow/.local/lib/python3.7/site-packages/airflow/example_dags/tutorial_taskflow_api_etl.py
[2022-04-11 13:40:39,200] {processor.py:652} INFO - DAG(s) dict_keys(['tutorial_taskflow_api_etl']) retrieved from /home/airflow/.local/lib/python3.7/site-packages/airflow/example_dags/tutorial_taskflow_api_etl.py
[2022-04-11 13:40:39,508] {logging_mixin.py:109} INFO - [2022-04-11 13:40:39,508] {dag.py:2398} INFO - Sync 1 DAGs
[2022-04-11 13:40:39,522] {logging_mixin.py:109} INFO - [2022-04-11 13:40:39,522] {dag.py:2937} INFO - Setting next_dagrun for tutorial_taskflow_api_etl to None
[2022-04-11 13:40:39,533] {processor.py:171} INFO - Processing /home/airflow/.local/lib/python3.7/site-packages/airflow/example_dags/tutorial_taskflow_api_etl.py took 0.369 seconds
[2022-04-11 13:41:10,479] {processor.py:163} INFO - Started process (PID=1821) to work on /home/airflow/.local/lib/python3.7/site-packages/airflow/example_dags/tutorial_taskflow_api_etl.py
[2022-04-11 13:41:10,481] {processor.py:642} INFO - Processing file /home/airflow/.local/lib/python3.7/site-packages/airflow/example_dags/tutorial_taskflow_api_etl.py for tasks to queue
[2022-04-11 13:41:10,482] {logging_mixin.py:109} INFO - [2022-04-11 13:41:10,482] {dagbag.py:500} INFO - Filling up the DagBag from /home/airflow/.local/lib/python3.7/site-packages/airflow/example_dags/tutorial_taskflow_api_etl.py
[2022-04-11 13:41:10,507] {processor.py:652} INFO - DAG(s) dict_keys(['tutorial_taskflow_api_etl']) retrieved from /home/airflow/.local/lib/python3.7/site-packages/airflow/example_dags/tutorial_taskflow_api_etl.py
[2022-04-11 13:41:10,862] {logging_mixin.py:109} INFO - [2022-04-11 13:41:10,862] {dag.py:2398} INFO - Sync 1 DAGs
[2022-04-11 13:41:10,879] {logging_mixin.py:109} INFO - [2022-04-11 13:41:10,879] {dag.py:2937} INFO - Setting next_dagrun for tutorial_taskflow_api_etl to None
[2022-04-11 13:41:10,895] {processor.py:171} INFO - Processing /home/airflow/.local/lib/python3.7/site-packages/airflow/example_dags/tutorial_taskflow_api_etl.py took 0.420 seconds
[2022-04-11 13:41:41,425] {processor.py:163} INFO - Started process (PID=1883) to work on /home/airflow/.local/lib/python3.7/site-packages/airflow/example_dags/tutorial_taskflow_api_etl.py
[2022-04-11 13:41:41,431] {processor.py:642} INFO - Processing file /home/airflow/.local/lib/python3.7/site-packages/airflow/example_dags/tutorial_taskflow_api_etl.py for tasks to queue
[2022-04-11 13:41:41,435] {logging_mixin.py:109} INFO - [2022-04-11 13:41:41,434] {dagbag.py:500} INFO - Filling up the DagBag from /home/airflow/.local/lib/python3.7/site-packages/airflow/example_dags/tutorial_taskflow_api_etl.py
[2022-04-11 13:41:41,471] {processor.py:652} INFO - DAG(s) dict_keys(['tutorial_taskflow_api_etl']) retrieved from /home/airflow/.local/lib/python3.7/site-packages/airflow/example_dags/tutorial_taskflow_api_etl.py
[2022-04-11 13:41:41,903] {logging_mixin.py:109} INFO - [2022-04-11 13:41:41,903] {dag.py:2398} INFO - Sync 1 DAGs
[2022-04-11 13:41:41,920] {logging_mixin.py:109} INFO - [2022-04-11 13:41:41,919] {dag.py:2937} INFO - Setting next_dagrun for tutorial_taskflow_api_etl to None
[2022-04-11 13:41:41,933] {processor.py:171} INFO - Processing /home/airflow/.local/lib/python3.7/site-packages/airflow/example_dags/tutorial_taskflow_api_etl.py took 0.519 seconds
[2022-04-11 13:42:12,019] {processor.py:163} INFO - Started process (PID=1936) to work on /home/airflow/.local/lib/python3.7/site-packages/airflow/example_dags/tutorial_taskflow_api_etl.py
[2022-04-11 13:42:12,022] {processor.py:642} INFO - Processing file /home/airflow/.local/lib/python3.7/site-packages/airflow/example_dags/tutorial_taskflow_api_etl.py for tasks to queue
[2022-04-11 13:42:12,024] {logging_mixin.py:109} INFO - [2022-04-11 13:42:12,024] {dagbag.py:500} INFO - Filling up the DagBag from /home/airflow/.local/lib/python3.7/site-packages/airflow/example_dags/tutorial_taskflow_api_etl.py
[2022-04-11 13:42:12,075] {processor.py:652} INFO - DAG(s) dict_keys(['tutorial_taskflow_api_etl']) retrieved from /home/airflow/.local/lib/python3.7/site-packages/airflow/example_dags/tutorial_taskflow_api_etl.py
[2022-04-11 13:42:12,463] {logging_mixin.py:109} INFO - [2022-04-11 13:42:12,463] {dag.py:2398} INFO - Sync 1 DAGs
[2022-04-11 13:42:12,480] {logging_mixin.py:109} INFO - [2022-04-11 13:42:12,480] {dag.py:2937} INFO - Setting next_dagrun for tutorial_taskflow_api_etl to None
[2022-04-11 13:42:12,493] {processor.py:171} INFO - Processing /home/airflow/.local/lib/python3.7/site-packages/airflow/example_dags/tutorial_taskflow_api_etl.py took 0.480 seconds
[2022-04-11 13:42:43,130] {processor.py:163} INFO - Started process (PID=1998) to work on /home/airflow/.local/lib/python3.7/site-packages/airflow/example_dags/tutorial_taskflow_api_etl.py
[2022-04-11 13:42:43,135] {processor.py:642} INFO - Processing file /home/airflow/.local/lib/python3.7/site-packages/airflow/example_dags/tutorial_taskflow_api_etl.py for tasks to queue
[2022-04-11 13:42:43,138] {logging_mixin.py:109} INFO - [2022-04-11 13:42:43,137] {dagbag.py:500} INFO - Filling up the DagBag from /home/airflow/.local/lib/python3.7/site-packages/airflow/example_dags/tutorial_taskflow_api_etl.py
[2022-04-11 13:42:43,187] {processor.py:652} INFO - DAG(s) dict_keys(['tutorial_taskflow_api_etl']) retrieved from /home/airflow/.local/lib/python3.7/site-packages/airflow/example_dags/tutorial_taskflow_api_etl.py
[2022-04-11 13:42:43,568] {logging_mixin.py:109} INFO - [2022-04-11 13:42:43,568] {dag.py:2398} INFO - Sync 1 DAGs
[2022-04-11 13:42:43,589] {logging_mixin.py:109} INFO - [2022-04-11 13:42:43,589] {dag.py:2937} INFO - Setting next_dagrun for tutorial_taskflow_api_etl to None
[2022-04-11 13:42:43,613] {processor.py:171} INFO - Processing /home/airflow/.local/lib/python3.7/site-packages/airflow/example_dags/tutorial_taskflow_api_etl.py took 0.494 seconds
[2022-04-11 13:43:14,308] {processor.py:163} INFO - Started process (PID=2051) to work on /home/airflow/.local/lib/python3.7/site-packages/airflow/example_dags/tutorial_taskflow_api_etl.py
[2022-04-11 13:43:14,311] {processor.py:642} INFO - Processing file /home/airflow/.local/lib/python3.7/site-packages/airflow/example_dags/tutorial_taskflow_api_etl.py for tasks to queue
[2022-04-11 13:43:14,312] {logging_mixin.py:109} INFO - [2022-04-11 13:43:14,312] {dagbag.py:500} INFO - Filling up the DagBag from /home/airflow/.local/lib/python3.7/site-packages/airflow/example_dags/tutorial_taskflow_api_etl.py
[2022-04-11 13:43:14,335] {processor.py:652} INFO - DAG(s) dict_keys(['tutorial_taskflow_api_etl']) retrieved from /home/airflow/.local/lib/python3.7/site-packages/airflow/example_dags/tutorial_taskflow_api_etl.py
[2022-04-11 13:43:14,661] {logging_mixin.py:109} INFO - [2022-04-11 13:43:14,661] {dag.py:2398} INFO - Sync 1 DAGs
[2022-04-11 13:43:14,676] {logging_mixin.py:109} INFO - [2022-04-11 13:43:14,676] {dag.py:2937} INFO - Setting next_dagrun for tutorial_taskflow_api_etl to None
[2022-04-11 13:43:14,687] {processor.py:171} INFO - Processing /home/airflow/.local/lib/python3.7/site-packages/airflow/example_dags/tutorial_taskflow_api_etl.py took 0.383 seconds
[2022-04-11 13:43:45,462] {processor.py:163} INFO - Started process (PID=2115) to work on /home/airflow/.local/lib/python3.7/site-packages/airflow/example_dags/tutorial_taskflow_api_etl.py
[2022-04-11 13:43:45,465] {processor.py:642} INFO - Processing file /home/airflow/.local/lib/python3.7/site-packages/airflow/example_dags/tutorial_taskflow_api_etl.py for tasks to queue
[2022-04-11 13:43:45,466] {logging_mixin.py:109} INFO - [2022-04-11 13:43:45,466] {dagbag.py:500} INFO - Filling up the DagBag from /home/airflow/.local/lib/python3.7/site-packages/airflow/example_dags/tutorial_taskflow_api_etl.py
[2022-04-11 13:43:45,495] {processor.py:652} INFO - DAG(s) dict_keys(['tutorial_taskflow_api_etl']) retrieved from /home/airflow/.local/lib/python3.7/site-packages/airflow/example_dags/tutorial_taskflow_api_etl.py
[2022-04-11 13:43:45,863] {logging_mixin.py:109} INFO - [2022-04-11 13:43:45,862] {dag.py:2398} INFO - Sync 1 DAGs
[2022-04-11 13:43:45,882] {logging_mixin.py:109} INFO - [2022-04-11 13:43:45,882] {dag.py:2937} INFO - Setting next_dagrun for tutorial_taskflow_api_etl to None
[2022-04-11 13:43:45,898] {processor.py:171} INFO - Processing /home/airflow/.local/lib/python3.7/site-packages/airflow/example_dags/tutorial_taskflow_api_etl.py took 0.461 seconds
[2022-04-11 13:44:16,311] {processor.py:163} INFO - Started process (PID=2168) to work on /home/airflow/.local/lib/python3.7/site-packages/airflow/example_dags/tutorial_taskflow_api_etl.py
[2022-04-11 13:44:16,314] {processor.py:642} INFO - Processing file /home/airflow/.local/lib/python3.7/site-packages/airflow/example_dags/tutorial_taskflow_api_etl.py for tasks to queue
[2022-04-11 13:44:16,315] {logging_mixin.py:109} INFO - [2022-04-11 13:44:16,315] {dagbag.py:500} INFO - Filling up the DagBag from /home/airflow/.local/lib/python3.7/site-packages/airflow/example_dags/tutorial_taskflow_api_etl.py
[2022-04-11 13:44:16,355] {processor.py:652} INFO - DAG(s) dict_keys(['tutorial_taskflow_api_etl']) retrieved from /home/airflow/.local/lib/python3.7/site-packages/airflow/example_dags/tutorial_taskflow_api_etl.py
[2022-04-11 13:44:16,795] {logging_mixin.py:109} INFO - [2022-04-11 13:44:16,795] {dag.py:2398} INFO - Sync 1 DAGs
[2022-04-11 13:44:16,825] {logging_mixin.py:109} INFO - [2022-04-11 13:44:16,825] {dag.py:2937} INFO - Setting next_dagrun for tutorial_taskflow_api_etl to None
[2022-04-11 13:44:16,850] {processor.py:171} INFO - Processing /home/airflow/.local/lib/python3.7/site-packages/airflow/example_dags/tutorial_taskflow_api_etl.py took 0.551 seconds
[2022-04-11 13:44:47,521] {processor.py:163} INFO - Started process (PID=2219) to work on /home/airflow/.local/lib/python3.7/site-packages/airflow/example_dags/tutorial_taskflow_api_etl.py
[2022-04-11 13:44:47,524] {processor.py:642} INFO - Processing file /home/airflow/.local/lib/python3.7/site-packages/airflow/example_dags/tutorial_taskflow_api_etl.py for tasks to queue
[2022-04-11 13:44:47,526] {logging_mixin.py:109} INFO - [2022-04-11 13:44:47,526] {dagbag.py:500} INFO - Filling up the DagBag from /home/airflow/.local/lib/python3.7/site-packages/airflow/example_dags/tutorial_taskflow_api_etl.py
[2022-04-11 13:44:47,562] {processor.py:652} INFO - DAG(s) dict_keys(['tutorial_taskflow_api_etl']) retrieved from /home/airflow/.local/lib/python3.7/site-packages/airflow/example_dags/tutorial_taskflow_api_etl.py
[2022-04-11 13:44:47,916] {logging_mixin.py:109} INFO - [2022-04-11 13:44:47,916] {dag.py:2398} INFO - Sync 1 DAGs
[2022-04-11 13:44:47,928] {logging_mixin.py:109} INFO - [2022-04-11 13:44:47,928] {dag.py:2937} INFO - Setting next_dagrun for tutorial_taskflow_api_etl to None
[2022-04-11 13:44:47,938] {processor.py:171} INFO - Processing /home/airflow/.local/lib/python3.7/site-packages/airflow/example_dags/tutorial_taskflow_api_etl.py took 0.424 seconds
[2022-04-11 13:45:18,873] {processor.py:163} INFO - Started process (PID=2279) to work on /home/airflow/.local/lib/python3.7/site-packages/airflow/example_dags/tutorial_taskflow_api_etl.py
[2022-04-11 13:45:18,876] {processor.py:642} INFO - Processing file /home/airflow/.local/lib/python3.7/site-packages/airflow/example_dags/tutorial_taskflow_api_etl.py for tasks to queue
[2022-04-11 13:45:18,878] {logging_mixin.py:109} INFO - [2022-04-11 13:45:18,877] {dagbag.py:500} INFO - Filling up the DagBag from /home/airflow/.local/lib/python3.7/site-packages/airflow/example_dags/tutorial_taskflow_api_etl.py
[2022-04-11 13:45:18,912] {processor.py:652} INFO - DAG(s) dict_keys(['tutorial_taskflow_api_etl']) retrieved from /home/airflow/.local/lib/python3.7/site-packages/airflow/example_dags/tutorial_taskflow_api_etl.py
[2022-04-11 13:45:19,335] {logging_mixin.py:109} INFO - [2022-04-11 13:45:19,335] {dag.py:2398} INFO - Sync 1 DAGs
[2022-04-11 13:45:19,356] {logging_mixin.py:109} INFO - [2022-04-11 13:45:19,356] {dag.py:2937} INFO - Setting next_dagrun for tutorial_taskflow_api_etl to None
[2022-04-11 13:45:19,369] {processor.py:171} INFO - Processing /home/airflow/.local/lib/python3.7/site-packages/airflow/example_dags/tutorial_taskflow_api_etl.py took 0.503 seconds
[2022-04-11 13:45:49,595] {processor.py:163} INFO - Started process (PID=2330) to work on /home/airflow/.local/lib/python3.7/site-packages/airflow/example_dags/tutorial_taskflow_api_etl.py
[2022-04-11 13:45:49,599] {processor.py:642} INFO - Processing file /home/airflow/.local/lib/python3.7/site-packages/airflow/example_dags/tutorial_taskflow_api_etl.py for tasks to queue
[2022-04-11 13:45:49,601] {logging_mixin.py:109} INFO - [2022-04-11 13:45:49,601] {dagbag.py:500} INFO - Filling up the DagBag from /home/airflow/.local/lib/python3.7/site-packages/airflow/example_dags/tutorial_taskflow_api_etl.py
[2022-04-11 13:45:49,629] {processor.py:652} INFO - DAG(s) dict_keys(['tutorial_taskflow_api_etl']) retrieved from /home/airflow/.local/lib/python3.7/site-packages/airflow/example_dags/tutorial_taskflow_api_etl.py
[2022-04-11 13:45:50,023] {logging_mixin.py:109} INFO - [2022-04-11 13:45:50,023] {dag.py:2398} INFO - Sync 1 DAGs
[2022-04-11 13:45:50,045] {logging_mixin.py:109} INFO - [2022-04-11 13:45:50,045] {dag.py:2937} INFO - Setting next_dagrun for tutorial_taskflow_api_etl to None
[2022-04-11 13:45:50,060] {processor.py:171} INFO - Processing /home/airflow/.local/lib/python3.7/site-packages/airflow/example_dags/tutorial_taskflow_api_etl.py took 0.471 seconds
[2022-04-11 13:46:20,987] {processor.py:163} INFO - Started process (PID=2393) to work on /home/airflow/.local/lib/python3.7/site-packages/airflow/example_dags/tutorial_taskflow_api_etl.py
[2022-04-11 13:46:20,990] {processor.py:642} INFO - Processing file /home/airflow/.local/lib/python3.7/site-packages/airflow/example_dags/tutorial_taskflow_api_etl.py for tasks to queue
[2022-04-11 13:46:20,991] {logging_mixin.py:109} INFO - [2022-04-11 13:46:20,991] {dagbag.py:500} INFO - Filling up the DagBag from /home/airflow/.local/lib/python3.7/site-packages/airflow/example_dags/tutorial_taskflow_api_etl.py
[2022-04-11 13:46:21,017] {processor.py:652} INFO - DAG(s) dict_keys(['tutorial_taskflow_api_etl']) retrieved from /home/airflow/.local/lib/python3.7/site-packages/airflow/example_dags/tutorial_taskflow_api_etl.py
[2022-04-11 13:46:21,414] {logging_mixin.py:109} INFO - [2022-04-11 13:46:21,413] {dag.py:2398} INFO - Sync 1 DAGs
[2022-04-11 13:46:21,435] {logging_mixin.py:109} INFO - [2022-04-11 13:46:21,434] {dag.py:2937} INFO - Setting next_dagrun for tutorial_taskflow_api_etl to None
[2022-04-11 13:46:21,450] {processor.py:171} INFO - Processing /home/airflow/.local/lib/python3.7/site-packages/airflow/example_dags/tutorial_taskflow_api_etl.py took 0.468 seconds
[2022-04-11 13:46:51,604] {processor.py:163} INFO - Started process (PID=2446) to work on /home/airflow/.local/lib/python3.7/site-packages/airflow/example_dags/tutorial_taskflow_api_etl.py
[2022-04-11 13:46:51,610] {processor.py:642} INFO - Processing file /home/airflow/.local/lib/python3.7/site-packages/airflow/example_dags/tutorial_taskflow_api_etl.py for tasks to queue
[2022-04-11 13:46:51,614] {logging_mixin.py:109} INFO - [2022-04-11 13:46:51,614] {dagbag.py:500} INFO - Filling up the DagBag from /home/airflow/.local/lib/python3.7/site-packages/airflow/example_dags/tutorial_taskflow_api_etl.py
[2022-04-11 13:46:51,668] {processor.py:652} INFO - DAG(s) dict_keys(['tutorial_taskflow_api_etl']) retrieved from /home/airflow/.local/lib/python3.7/site-packages/airflow/example_dags/tutorial_taskflow_api_etl.py
[2022-04-11 13:46:52,349] {logging_mixin.py:109} INFO - [2022-04-11 13:46:52,349] {dag.py:2398} INFO - Sync 1 DAGs
[2022-04-11 13:46:52,372] {logging_mixin.py:109} INFO - [2022-04-11 13:46:52,372] {dag.py:2937} INFO - Setting next_dagrun for tutorial_taskflow_api_etl to None
[2022-04-11 13:46:52,399] {processor.py:171} INFO - Processing /home/airflow/.local/lib/python3.7/site-packages/airflow/example_dags/tutorial_taskflow_api_etl.py took 0.807 seconds
[2022-04-11 13:47:23,426] {processor.py:163} INFO - Started process (PID=2501) to work on /home/airflow/.local/lib/python3.7/site-packages/airflow/example_dags/tutorial_taskflow_api_etl.py
[2022-04-11 13:47:23,430] {processor.py:642} INFO - Processing file /home/airflow/.local/lib/python3.7/site-packages/airflow/example_dags/tutorial_taskflow_api_etl.py for tasks to queue
[2022-04-11 13:47:23,432] {logging_mixin.py:109} INFO - [2022-04-11 13:47:23,432] {dagbag.py:500} INFO - Filling up the DagBag from /home/airflow/.local/lib/python3.7/site-packages/airflow/example_dags/tutorial_taskflow_api_etl.py
[2022-04-11 13:47:23,469] {processor.py:652} INFO - DAG(s) dict_keys(['tutorial_taskflow_api_etl']) retrieved from /home/airflow/.local/lib/python3.7/site-packages/airflow/example_dags/tutorial_taskflow_api_etl.py
[2022-04-11 13:47:23,894] {logging_mixin.py:109} INFO - [2022-04-11 13:47:23,894] {dag.py:2398} INFO - Sync 1 DAGs
[2022-04-11 13:47:23,912] {logging_mixin.py:109} INFO - [2022-04-11 13:47:23,912] {dag.py:2937} INFO - Setting next_dagrun for tutorial_taskflow_api_etl to None
[2022-04-11 13:47:23,930] {processor.py:171} INFO - Processing /home/airflow/.local/lib/python3.7/site-packages/airflow/example_dags/tutorial_taskflow_api_etl.py took 0.508 seconds
[2022-04-11 13:47:54,948] {processor.py:163} INFO - Started process (PID=2563) to work on /home/airflow/.local/lib/python3.7/site-packages/airflow/example_dags/tutorial_taskflow_api_etl.py
[2022-04-11 13:47:54,950] {processor.py:642} INFO - Processing file /home/airflow/.local/lib/python3.7/site-packages/airflow/example_dags/tutorial_taskflow_api_etl.py for tasks to queue
[2022-04-11 13:47:54,952] {logging_mixin.py:109} INFO - [2022-04-11 13:47:54,952] {dagbag.py:500} INFO - Filling up the DagBag from /home/airflow/.local/lib/python3.7/site-packages/airflow/example_dags/tutorial_taskflow_api_etl.py
[2022-04-11 13:47:54,976] {processor.py:652} INFO - DAG(s) dict_keys(['tutorial_taskflow_api_etl']) retrieved from /home/airflow/.local/lib/python3.7/site-packages/airflow/example_dags/tutorial_taskflow_api_etl.py
[2022-04-11 13:47:55,316] {logging_mixin.py:109} INFO - [2022-04-11 13:47:55,316] {dag.py:2398} INFO - Sync 1 DAGs
[2022-04-11 13:47:55,333] {logging_mixin.py:109} INFO - [2022-04-11 13:47:55,333] {dag.py:2937} INFO - Setting next_dagrun for tutorial_taskflow_api_etl to None
[2022-04-11 13:47:55,345] {processor.py:171} INFO - Processing /home/airflow/.local/lib/python3.7/site-packages/airflow/example_dags/tutorial_taskflow_api_etl.py took 0.402 seconds
[2022-04-11 13:48:25,686] {processor.py:163} INFO - Started process (PID=2626) to work on /home/airflow/.local/lib/python3.7/site-packages/airflow/example_dags/tutorial_taskflow_api_etl.py
[2022-04-11 13:48:25,688] {processor.py:642} INFO - Processing file /home/airflow/.local/lib/python3.7/site-packages/airflow/example_dags/tutorial_taskflow_api_etl.py for tasks to queue
[2022-04-11 13:48:25,690] {logging_mixin.py:109} INFO - [2022-04-11 13:48:25,690] {dagbag.py:500} INFO - Filling up the DagBag from /home/airflow/.local/lib/python3.7/site-packages/airflow/example_dags/tutorial_taskflow_api_etl.py
[2022-04-11 13:48:25,722] {processor.py:652} INFO - DAG(s) dict_keys(['tutorial_taskflow_api_etl']) retrieved from /home/airflow/.local/lib/python3.7/site-packages/airflow/example_dags/tutorial_taskflow_api_etl.py
[2022-04-11 13:48:26,066] {logging_mixin.py:109} INFO - [2022-04-11 13:48:26,066] {dag.py:2398} INFO - Sync 1 DAGs
[2022-04-11 13:48:26,082] {logging_mixin.py:109} INFO - [2022-04-11 13:48:26,082] {dag.py:2937} INFO - Setting next_dagrun for tutorial_taskflow_api_etl to None
[2022-04-11 13:48:26,095] {processor.py:171} INFO - Processing /home/airflow/.local/lib/python3.7/site-packages/airflow/example_dags/tutorial_taskflow_api_etl.py took 0.414 seconds
[2022-04-11 13:48:56,345] {processor.py:163} INFO - Started process (PID=2680) to work on /home/airflow/.local/lib/python3.7/site-packages/airflow/example_dags/tutorial_taskflow_api_etl.py
[2022-04-11 13:48:56,348] {processor.py:642} INFO - Processing file /home/airflow/.local/lib/python3.7/site-packages/airflow/example_dags/tutorial_taskflow_api_etl.py for tasks to queue
[2022-04-11 13:48:56,350] {logging_mixin.py:109} INFO - [2022-04-11 13:48:56,350] {dagbag.py:500} INFO - Filling up the DagBag from /home/airflow/.local/lib/python3.7/site-packages/airflow/example_dags/tutorial_taskflow_api_etl.py
[2022-04-11 13:48:56,378] {processor.py:652} INFO - DAG(s) dict_keys(['tutorial_taskflow_api_etl']) retrieved from /home/airflow/.local/lib/python3.7/site-packages/airflow/example_dags/tutorial_taskflow_api_etl.py
[2022-04-11 13:48:56,768] {logging_mixin.py:109} INFO - [2022-04-11 13:48:56,768] {dag.py:2398} INFO - Sync 1 DAGs
[2022-04-11 13:48:56,790] {logging_mixin.py:109} INFO - [2022-04-11 13:48:56,790] {dag.py:2937} INFO - Setting next_dagrun for tutorial_taskflow_api_etl to None
[2022-04-11 13:48:56,802] {processor.py:171} INFO - Processing /home/airflow/.local/lib/python3.7/site-packages/airflow/example_dags/tutorial_taskflow_api_etl.py took 0.461 seconds
