[2022-04-11 13:26:40,597] {processor.py:163} INFO - Started process (PID=39) to work on /home/airflow/.local/lib/python3.7/site-packages/airflow/example_dags/tutorial_etl_dag.py
[2022-04-11 13:26:40,599] {processor.py:642} INFO - Processing file /home/airflow/.local/lib/python3.7/site-packages/airflow/example_dags/tutorial_etl_dag.py for tasks to queue
[2022-04-11 13:26:40,600] {logging_mixin.py:109} INFO - [2022-04-11 13:26:40,600] {dagbag.py:500} INFO - Filling up the DagBag from /home/airflow/.local/lib/python3.7/site-packages/airflow/example_dags/tutorial_etl_dag.py
[2022-04-11 13:26:40,674] {processor.py:652} INFO - DAG(s) dict_keys(['tutorial_etl_dag']) retrieved from /home/airflow/.local/lib/python3.7/site-packages/airflow/example_dags/tutorial_etl_dag.py
[2022-04-11 13:26:47,063] {logging_mixin.py:109} INFO - [2022-04-11 13:26:47,063] {manager.py:496} INFO - Created Permission View: can read on DAG:tutorial_etl_dag
[2022-04-11 13:26:47,075] {logging_mixin.py:109} INFO - [2022-04-11 13:26:47,075] {manager.py:496} INFO - Created Permission View: can edit on DAG:tutorial_etl_dag
[2022-04-11 13:26:47,077] {logging_mixin.py:109} INFO - [2022-04-11 13:26:47,076] {dag.py:2398} INFO - Sync 1 DAGs
[2022-04-11 13:26:47,092] {logging_mixin.py:109} INFO - [2022-04-11 13:26:47,091] {dag.py:2417} INFO - Creating ORM DAG for tutorial_etl_dag
[2022-04-11 13:26:47,110] {logging_mixin.py:109} INFO - [2022-04-11 13:26:47,110] {dag.py:2937} INFO - Setting next_dagrun for tutorial_etl_dag to None
[2022-04-11 13:26:47,162] {processor.py:171} INFO - Processing /home/airflow/.local/lib/python3.7/site-packages/airflow/example_dags/tutorial_etl_dag.py took 6.590 seconds
[2022-04-11 13:27:18,835] {processor.py:163} INFO - Started process (PID=281) to work on /home/airflow/.local/lib/python3.7/site-packages/airflow/example_dags/tutorial_etl_dag.py
[2022-04-11 13:27:18,837] {processor.py:642} INFO - Processing file /home/airflow/.local/lib/python3.7/site-packages/airflow/example_dags/tutorial_etl_dag.py for tasks to queue
[2022-04-11 13:27:18,838] {logging_mixin.py:109} INFO - [2022-04-11 13:27:18,838] {dagbag.py:500} INFO - Filling up the DagBag from /home/airflow/.local/lib/python3.7/site-packages/airflow/example_dags/tutorial_etl_dag.py
[2022-04-11 13:27:18,859] {processor.py:652} INFO - DAG(s) dict_keys(['tutorial_etl_dag']) retrieved from /home/airflow/.local/lib/python3.7/site-packages/airflow/example_dags/tutorial_etl_dag.py
[2022-04-11 13:27:18,883] {logging_mixin.py:109} INFO - [2022-04-11 13:27:18,882] {dag.py:2398} INFO - Sync 1 DAGs
[2022-04-11 13:27:18,910] {logging_mixin.py:109} INFO - [2022-04-11 13:27:18,910] {dag.py:2937} INFO - Setting next_dagrun for tutorial_etl_dag to None
[2022-04-11 13:27:18,921] {processor.py:171} INFO - Processing /home/airflow/.local/lib/python3.7/site-packages/airflow/example_dags/tutorial_etl_dag.py took 0.090 seconds
[2022-04-11 13:27:48,969] {processor.py:163} INFO - Started process (PID=331) to work on /home/airflow/.local/lib/python3.7/site-packages/airflow/example_dags/tutorial_etl_dag.py
[2022-04-11 13:27:48,972] {processor.py:642} INFO - Processing file /home/airflow/.local/lib/python3.7/site-packages/airflow/example_dags/tutorial_etl_dag.py for tasks to queue
[2022-04-11 13:27:48,973] {logging_mixin.py:109} INFO - [2022-04-11 13:27:48,973] {dagbag.py:500} INFO - Filling up the DagBag from /home/airflow/.local/lib/python3.7/site-packages/airflow/example_dags/tutorial_etl_dag.py
[2022-04-11 13:27:49,002] {processor.py:652} INFO - DAG(s) dict_keys(['tutorial_etl_dag']) retrieved from /home/airflow/.local/lib/python3.7/site-packages/airflow/example_dags/tutorial_etl_dag.py
[2022-04-11 13:27:49,044] {logging_mixin.py:109} INFO - [2022-04-11 13:27:49,043] {dag.py:2398} INFO - Sync 1 DAGs
[2022-04-11 13:27:49,069] {logging_mixin.py:109} INFO - [2022-04-11 13:27:49,069] {dag.py:2937} INFO - Setting next_dagrun for tutorial_etl_dag to None
[2022-04-11 13:27:49,083] {processor.py:171} INFO - Processing /home/airflow/.local/lib/python3.7/site-packages/airflow/example_dags/tutorial_etl_dag.py took 0.118 seconds
[2022-04-11 13:28:19,159] {processor.py:163} INFO - Started process (PID=379) to work on /home/airflow/.local/lib/python3.7/site-packages/airflow/example_dags/tutorial_etl_dag.py
[2022-04-11 13:28:19,161] {processor.py:642} INFO - Processing file /home/airflow/.local/lib/python3.7/site-packages/airflow/example_dags/tutorial_etl_dag.py for tasks to queue
[2022-04-11 13:28:19,163] {logging_mixin.py:109} INFO - [2022-04-11 13:28:19,163] {dagbag.py:500} INFO - Filling up the DagBag from /home/airflow/.local/lib/python3.7/site-packages/airflow/example_dags/tutorial_etl_dag.py
[2022-04-11 13:28:19,185] {processor.py:652} INFO - DAG(s) dict_keys(['tutorial_etl_dag']) retrieved from /home/airflow/.local/lib/python3.7/site-packages/airflow/example_dags/tutorial_etl_dag.py
[2022-04-11 13:28:19,212] {logging_mixin.py:109} INFO - [2022-04-11 13:28:19,212] {dag.py:2398} INFO - Sync 1 DAGs
[2022-04-11 13:28:19,233] {logging_mixin.py:109} INFO - [2022-04-11 13:28:19,233] {dag.py:2937} INFO - Setting next_dagrun for tutorial_etl_dag to None
[2022-04-11 13:28:19,246] {processor.py:171} INFO - Processing /home/airflow/.local/lib/python3.7/site-packages/airflow/example_dags/tutorial_etl_dag.py took 0.093 seconds
[2022-04-11 13:28:49,502] {processor.py:163} INFO - Started process (PID=440) to work on /home/airflow/.local/lib/python3.7/site-packages/airflow/example_dags/tutorial_etl_dag.py
[2022-04-11 13:28:49,505] {processor.py:642} INFO - Processing file /home/airflow/.local/lib/python3.7/site-packages/airflow/example_dags/tutorial_etl_dag.py for tasks to queue
[2022-04-11 13:28:49,507] {logging_mixin.py:109} INFO - [2022-04-11 13:28:49,507] {dagbag.py:500} INFO - Filling up the DagBag from /home/airflow/.local/lib/python3.7/site-packages/airflow/example_dags/tutorial_etl_dag.py
[2022-04-11 13:28:49,531] {processor.py:652} INFO - DAG(s) dict_keys(['tutorial_etl_dag']) retrieved from /home/airflow/.local/lib/python3.7/site-packages/airflow/example_dags/tutorial_etl_dag.py
[2022-04-11 13:28:49,560] {logging_mixin.py:109} INFO - [2022-04-11 13:28:49,559] {dag.py:2398} INFO - Sync 1 DAGs
[2022-04-11 13:28:49,583] {logging_mixin.py:109} INFO - [2022-04-11 13:28:49,583] {dag.py:2937} INFO - Setting next_dagrun for tutorial_etl_dag to None
[2022-04-11 13:28:49,597] {processor.py:171} INFO - Processing /home/airflow/.local/lib/python3.7/site-packages/airflow/example_dags/tutorial_etl_dag.py took 0.102 seconds
[2022-04-11 13:29:20,431] {processor.py:163} INFO - Started process (PID=491) to work on /home/airflow/.local/lib/python3.7/site-packages/airflow/example_dags/tutorial_etl_dag.py
[2022-04-11 13:29:20,434] {processor.py:642} INFO - Processing file /home/airflow/.local/lib/python3.7/site-packages/airflow/example_dags/tutorial_etl_dag.py for tasks to queue
[2022-04-11 13:29:20,435] {logging_mixin.py:109} INFO - [2022-04-11 13:29:20,435] {dagbag.py:500} INFO - Filling up the DagBag from /home/airflow/.local/lib/python3.7/site-packages/airflow/example_dags/tutorial_etl_dag.py
[2022-04-11 13:29:20,455] {processor.py:652} INFO - DAG(s) dict_keys(['tutorial_etl_dag']) retrieved from /home/airflow/.local/lib/python3.7/site-packages/airflow/example_dags/tutorial_etl_dag.py
[2022-04-11 13:29:20,484] {logging_mixin.py:109} INFO - [2022-04-11 13:29:20,484] {dag.py:2398} INFO - Sync 1 DAGs
[2022-04-11 13:29:20,507] {logging_mixin.py:109} INFO - [2022-04-11 13:29:20,506] {dag.py:2937} INFO - Setting next_dagrun for tutorial_etl_dag to None
[2022-04-11 13:29:20,518] {processor.py:171} INFO - Processing /home/airflow/.local/lib/python3.7/site-packages/airflow/example_dags/tutorial_etl_dag.py took 0.091 seconds
[2022-04-11 13:29:51,011] {processor.py:163} INFO - Started process (PID=554) to work on /home/airflow/.local/lib/python3.7/site-packages/airflow/example_dags/tutorial_etl_dag.py
[2022-04-11 13:29:51,014] {processor.py:642} INFO - Processing file /home/airflow/.local/lib/python3.7/site-packages/airflow/example_dags/tutorial_etl_dag.py for tasks to queue
[2022-04-11 13:29:51,016] {logging_mixin.py:109} INFO - [2022-04-11 13:29:51,015] {dagbag.py:500} INFO - Filling up the DagBag from /home/airflow/.local/lib/python3.7/site-packages/airflow/example_dags/tutorial_etl_dag.py
[2022-04-11 13:29:51,037] {processor.py:652} INFO - DAG(s) dict_keys(['tutorial_etl_dag']) retrieved from /home/airflow/.local/lib/python3.7/site-packages/airflow/example_dags/tutorial_etl_dag.py
[2022-04-11 13:29:51,067] {logging_mixin.py:109} INFO - [2022-04-11 13:29:51,067] {dag.py:2398} INFO - Sync 1 DAGs
[2022-04-11 13:29:51,088] {logging_mixin.py:109} INFO - [2022-04-11 13:29:51,088] {dag.py:2937} INFO - Setting next_dagrun for tutorial_etl_dag to None
[2022-04-11 13:29:51,098] {processor.py:171} INFO - Processing /home/airflow/.local/lib/python3.7/site-packages/airflow/example_dags/tutorial_etl_dag.py took 0.095 seconds
[2022-04-11 13:30:21,548] {processor.py:163} INFO - Started process (PID=604) to work on /home/airflow/.local/lib/python3.7/site-packages/airflow/example_dags/tutorial_etl_dag.py
[2022-04-11 13:30:21,553] {processor.py:642} INFO - Processing file /home/airflow/.local/lib/python3.7/site-packages/airflow/example_dags/tutorial_etl_dag.py for tasks to queue
[2022-04-11 13:30:21,556] {logging_mixin.py:109} INFO - [2022-04-11 13:30:21,555] {dagbag.py:500} INFO - Filling up the DagBag from /home/airflow/.local/lib/python3.7/site-packages/airflow/example_dags/tutorial_etl_dag.py
[2022-04-11 13:30:21,584] {processor.py:652} INFO - DAG(s) dict_keys(['tutorial_etl_dag']) retrieved from /home/airflow/.local/lib/python3.7/site-packages/airflow/example_dags/tutorial_etl_dag.py
[2022-04-11 13:30:21,639] {logging_mixin.py:109} INFO - [2022-04-11 13:30:21,638] {dag.py:2398} INFO - Sync 1 DAGs
[2022-04-11 13:30:21,671] {logging_mixin.py:109} INFO - [2022-04-11 13:30:21,670] {dag.py:2937} INFO - Setting next_dagrun for tutorial_etl_dag to None
[2022-04-11 13:30:21,691] {processor.py:171} INFO - Processing /home/airflow/.local/lib/python3.7/site-packages/airflow/example_dags/tutorial_etl_dag.py took 0.150 seconds
[2022-04-11 13:30:52,406] {processor.py:163} INFO - Started process (PID=665) to work on /home/airflow/.local/lib/python3.7/site-packages/airflow/example_dags/tutorial_etl_dag.py
[2022-04-11 13:30:52,408] {processor.py:642} INFO - Processing file /home/airflow/.local/lib/python3.7/site-packages/airflow/example_dags/tutorial_etl_dag.py for tasks to queue
[2022-04-11 13:30:52,410] {logging_mixin.py:109} INFO - [2022-04-11 13:30:52,410] {dagbag.py:500} INFO - Filling up the DagBag from /home/airflow/.local/lib/python3.7/site-packages/airflow/example_dags/tutorial_etl_dag.py
[2022-04-11 13:30:52,438] {processor.py:652} INFO - DAG(s) dict_keys(['tutorial_etl_dag']) retrieved from /home/airflow/.local/lib/python3.7/site-packages/airflow/example_dags/tutorial_etl_dag.py
[2022-04-11 13:30:52,477] {logging_mixin.py:109} INFO - [2022-04-11 13:30:52,477] {dag.py:2398} INFO - Sync 1 DAGs
[2022-04-11 13:30:52,512] {logging_mixin.py:109} INFO - [2022-04-11 13:30:52,512] {dag.py:2937} INFO - Setting next_dagrun for tutorial_etl_dag to None
[2022-04-11 13:30:52,529] {processor.py:171} INFO - Processing /home/airflow/.local/lib/python3.7/site-packages/airflow/example_dags/tutorial_etl_dag.py took 0.128 seconds
[2022-04-11 13:31:23,011] {processor.py:163} INFO - Started process (PID=717) to work on /home/airflow/.local/lib/python3.7/site-packages/airflow/example_dags/tutorial_etl_dag.py
[2022-04-11 13:31:23,013] {processor.py:642} INFO - Processing file /home/airflow/.local/lib/python3.7/site-packages/airflow/example_dags/tutorial_etl_dag.py for tasks to queue
[2022-04-11 13:31:23,014] {logging_mixin.py:109} INFO - [2022-04-11 13:31:23,014] {dagbag.py:500} INFO - Filling up the DagBag from /home/airflow/.local/lib/python3.7/site-packages/airflow/example_dags/tutorial_etl_dag.py
[2022-04-11 13:31:23,030] {processor.py:652} INFO - DAG(s) dict_keys(['tutorial_etl_dag']) retrieved from /home/airflow/.local/lib/python3.7/site-packages/airflow/example_dags/tutorial_etl_dag.py
[2022-04-11 13:31:23,050] {logging_mixin.py:109} INFO - [2022-04-11 13:31:23,050] {dag.py:2398} INFO - Sync 1 DAGs
[2022-04-11 13:31:23,067] {logging_mixin.py:109} INFO - [2022-04-11 13:31:23,067] {dag.py:2937} INFO - Setting next_dagrun for tutorial_etl_dag to None
[2022-04-11 13:31:23,077] {processor.py:171} INFO - Processing /home/airflow/.local/lib/python3.7/site-packages/airflow/example_dags/tutorial_etl_dag.py took 0.071 seconds
[2022-04-11 13:31:53,274] {processor.py:163} INFO - Started process (PID=789) to work on /home/airflow/.local/lib/python3.7/site-packages/airflow/example_dags/tutorial_etl_dag.py
[2022-04-11 13:31:53,276] {processor.py:642} INFO - Processing file /home/airflow/.local/lib/python3.7/site-packages/airflow/example_dags/tutorial_etl_dag.py for tasks to queue
[2022-04-11 13:31:53,279] {logging_mixin.py:109} INFO - [2022-04-11 13:31:53,278] {dagbag.py:500} INFO - Filling up the DagBag from /home/airflow/.local/lib/python3.7/site-packages/airflow/example_dags/tutorial_etl_dag.py
[2022-04-11 13:31:53,302] {processor.py:652} INFO - DAG(s) dict_keys(['tutorial_etl_dag']) retrieved from /home/airflow/.local/lib/python3.7/site-packages/airflow/example_dags/tutorial_etl_dag.py
[2022-04-11 13:31:53,328] {logging_mixin.py:109} INFO - [2022-04-11 13:31:53,328] {dag.py:2398} INFO - Sync 1 DAGs
[2022-04-11 13:31:53,353] {logging_mixin.py:109} INFO - [2022-04-11 13:31:53,352] {dag.py:2937} INFO - Setting next_dagrun for tutorial_etl_dag to None
[2022-04-11 13:31:53,370] {processor.py:171} INFO - Processing /home/airflow/.local/lib/python3.7/site-packages/airflow/example_dags/tutorial_etl_dag.py took 0.101 seconds
[2022-04-11 13:32:23,574] {processor.py:163} INFO - Started process (PID=841) to work on /home/airflow/.local/lib/python3.7/site-packages/airflow/example_dags/tutorial_etl_dag.py
[2022-04-11 13:32:23,578] {processor.py:642} INFO - Processing file /home/airflow/.local/lib/python3.7/site-packages/airflow/example_dags/tutorial_etl_dag.py for tasks to queue
[2022-04-11 13:32:23,580] {logging_mixin.py:109} INFO - [2022-04-11 13:32:23,579] {dagbag.py:500} INFO - Filling up the DagBag from /home/airflow/.local/lib/python3.7/site-packages/airflow/example_dags/tutorial_etl_dag.py
[2022-04-11 13:32:23,610] {processor.py:652} INFO - DAG(s) dict_keys(['tutorial_etl_dag']) retrieved from /home/airflow/.local/lib/python3.7/site-packages/airflow/example_dags/tutorial_etl_dag.py
[2022-04-11 13:32:23,642] {logging_mixin.py:109} INFO - [2022-04-11 13:32:23,641] {dag.py:2398} INFO - Sync 1 DAGs
[2022-04-11 13:32:23,666] {logging_mixin.py:109} INFO - [2022-04-11 13:32:23,665] {dag.py:2937} INFO - Setting next_dagrun for tutorial_etl_dag to None
[2022-04-11 13:32:23,677] {processor.py:171} INFO - Processing /home/airflow/.local/lib/python3.7/site-packages/airflow/example_dags/tutorial_etl_dag.py took 0.108 seconds
[2022-04-11 13:32:54,131] {processor.py:163} INFO - Started process (PID=893) to work on /home/airflow/.local/lib/python3.7/site-packages/airflow/example_dags/tutorial_etl_dag.py
[2022-04-11 13:32:54,133] {processor.py:642} INFO - Processing file /home/airflow/.local/lib/python3.7/site-packages/airflow/example_dags/tutorial_etl_dag.py for tasks to queue
[2022-04-11 13:32:54,134] {logging_mixin.py:109} INFO - [2022-04-11 13:32:54,134] {dagbag.py:500} INFO - Filling up the DagBag from /home/airflow/.local/lib/python3.7/site-packages/airflow/example_dags/tutorial_etl_dag.py
[2022-04-11 13:32:54,154] {processor.py:652} INFO - DAG(s) dict_keys(['tutorial_etl_dag']) retrieved from /home/airflow/.local/lib/python3.7/site-packages/airflow/example_dags/tutorial_etl_dag.py
[2022-04-11 13:32:54,186] {logging_mixin.py:109} INFO - [2022-04-11 13:32:54,186] {dag.py:2398} INFO - Sync 1 DAGs
[2022-04-11 13:32:54,206] {logging_mixin.py:109} INFO - [2022-04-11 13:32:54,206] {dag.py:2937} INFO - Setting next_dagrun for tutorial_etl_dag to None
[2022-04-11 13:32:54,217] {processor.py:171} INFO - Processing /home/airflow/.local/lib/python3.7/site-packages/airflow/example_dags/tutorial_etl_dag.py took 0.089 seconds
[2022-04-11 13:33:24,591] {processor.py:163} INFO - Started process (PID=954) to work on /home/airflow/.local/lib/python3.7/site-packages/airflow/example_dags/tutorial_etl_dag.py
[2022-04-11 13:33:24,593] {processor.py:642} INFO - Processing file /home/airflow/.local/lib/python3.7/site-packages/airflow/example_dags/tutorial_etl_dag.py for tasks to queue
[2022-04-11 13:33:24,594] {logging_mixin.py:109} INFO - [2022-04-11 13:33:24,594] {dagbag.py:500} INFO - Filling up the DagBag from /home/airflow/.local/lib/python3.7/site-packages/airflow/example_dags/tutorial_etl_dag.py
[2022-04-11 13:33:24,615] {processor.py:652} INFO - DAG(s) dict_keys(['tutorial_etl_dag']) retrieved from /home/airflow/.local/lib/python3.7/site-packages/airflow/example_dags/tutorial_etl_dag.py
[2022-04-11 13:33:24,641] {logging_mixin.py:109} INFO - [2022-04-11 13:33:24,641] {dag.py:2398} INFO - Sync 1 DAGs
[2022-04-11 13:33:24,663] {logging_mixin.py:109} INFO - [2022-04-11 13:33:24,663] {dag.py:2937} INFO - Setting next_dagrun for tutorial_etl_dag to None
[2022-04-11 13:33:24,675] {processor.py:171} INFO - Processing /home/airflow/.local/lib/python3.7/site-packages/airflow/example_dags/tutorial_etl_dag.py took 0.089 seconds
[2022-04-11 13:33:55,663] {processor.py:163} INFO - Started process (PID=1005) to work on /home/airflow/.local/lib/python3.7/site-packages/airflow/example_dags/tutorial_etl_dag.py
[2022-04-11 13:33:55,666] {processor.py:642} INFO - Processing file /home/airflow/.local/lib/python3.7/site-packages/airflow/example_dags/tutorial_etl_dag.py for tasks to queue
[2022-04-11 13:33:55,667] {logging_mixin.py:109} INFO - [2022-04-11 13:33:55,667] {dagbag.py:500} INFO - Filling up the DagBag from /home/airflow/.local/lib/python3.7/site-packages/airflow/example_dags/tutorial_etl_dag.py
[2022-04-11 13:33:55,690] {processor.py:652} INFO - DAG(s) dict_keys(['tutorial_etl_dag']) retrieved from /home/airflow/.local/lib/python3.7/site-packages/airflow/example_dags/tutorial_etl_dag.py
[2022-04-11 13:33:55,722] {logging_mixin.py:109} INFO - [2022-04-11 13:33:55,722] {dag.py:2398} INFO - Sync 1 DAGs
[2022-04-11 13:33:55,745] {logging_mixin.py:109} INFO - [2022-04-11 13:33:55,745] {dag.py:2937} INFO - Setting next_dagrun for tutorial_etl_dag to None
[2022-04-11 13:33:55,757] {processor.py:171} INFO - Processing /home/airflow/.local/lib/python3.7/site-packages/airflow/example_dags/tutorial_etl_dag.py took 0.100 seconds
[2022-04-11 13:34:26,328] {processor.py:163} INFO - Started process (PID=1067) to work on /home/airflow/.local/lib/python3.7/site-packages/airflow/example_dags/tutorial_etl_dag.py
[2022-04-11 13:34:26,330] {processor.py:642} INFO - Processing file /home/airflow/.local/lib/python3.7/site-packages/airflow/example_dags/tutorial_etl_dag.py for tasks to queue
[2022-04-11 13:34:26,332] {logging_mixin.py:109} INFO - [2022-04-11 13:34:26,332] {dagbag.py:500} INFO - Filling up the DagBag from /home/airflow/.local/lib/python3.7/site-packages/airflow/example_dags/tutorial_etl_dag.py
[2022-04-11 13:34:26,352] {processor.py:652} INFO - DAG(s) dict_keys(['tutorial_etl_dag']) retrieved from /home/airflow/.local/lib/python3.7/site-packages/airflow/example_dags/tutorial_etl_dag.py
[2022-04-11 13:34:26,378] {logging_mixin.py:109} INFO - [2022-04-11 13:34:26,378] {dag.py:2398} INFO - Sync 1 DAGs
[2022-04-11 13:34:26,400] {logging_mixin.py:109} INFO - [2022-04-11 13:34:26,400] {dag.py:2937} INFO - Setting next_dagrun for tutorial_etl_dag to None
[2022-04-11 13:34:26,411] {processor.py:171} INFO - Processing /home/airflow/.local/lib/python3.7/site-packages/airflow/example_dags/tutorial_etl_dag.py took 0.088 seconds
[2022-04-11 13:34:56,960] {processor.py:163} INFO - Started process (PID=1120) to work on /home/airflow/.local/lib/python3.7/site-packages/airflow/example_dags/tutorial_etl_dag.py
[2022-04-11 13:34:56,964] {processor.py:642} INFO - Processing file /home/airflow/.local/lib/python3.7/site-packages/airflow/example_dags/tutorial_etl_dag.py for tasks to queue
[2022-04-11 13:34:56,966] {logging_mixin.py:109} INFO - [2022-04-11 13:34:56,966] {dagbag.py:500} INFO - Filling up the DagBag from /home/airflow/.local/lib/python3.7/site-packages/airflow/example_dags/tutorial_etl_dag.py
[2022-04-11 13:34:56,997] {processor.py:652} INFO - DAG(s) dict_keys(['tutorial_etl_dag']) retrieved from /home/airflow/.local/lib/python3.7/site-packages/airflow/example_dags/tutorial_etl_dag.py
[2022-04-11 13:34:57,029] {logging_mixin.py:109} INFO - [2022-04-11 13:34:57,029] {dag.py:2398} INFO - Sync 1 DAGs
[2022-04-11 13:34:57,059] {logging_mixin.py:109} INFO - [2022-04-11 13:34:57,058] {dag.py:2937} INFO - Setting next_dagrun for tutorial_etl_dag to None
[2022-04-11 13:34:57,079] {processor.py:171} INFO - Processing /home/airflow/.local/lib/python3.7/site-packages/airflow/example_dags/tutorial_etl_dag.py took 0.126 seconds
[2022-04-11 13:35:27,355] {processor.py:163} INFO - Started process (PID=1181) to work on /home/airflow/.local/lib/python3.7/site-packages/airflow/example_dags/tutorial_etl_dag.py
[2022-04-11 13:35:27,359] {processor.py:642} INFO - Processing file /home/airflow/.local/lib/python3.7/site-packages/airflow/example_dags/tutorial_etl_dag.py for tasks to queue
[2022-04-11 13:35:27,361] {logging_mixin.py:109} INFO - [2022-04-11 13:35:27,361] {dagbag.py:500} INFO - Filling up the DagBag from /home/airflow/.local/lib/python3.7/site-packages/airflow/example_dags/tutorial_etl_dag.py
[2022-04-11 13:35:27,395] {processor.py:652} INFO - DAG(s) dict_keys(['tutorial_etl_dag']) retrieved from /home/airflow/.local/lib/python3.7/site-packages/airflow/example_dags/tutorial_etl_dag.py
[2022-04-11 13:35:27,422] {logging_mixin.py:109} INFO - [2022-04-11 13:35:27,422] {dag.py:2398} INFO - Sync 1 DAGs
[2022-04-11 13:35:27,444] {logging_mixin.py:109} INFO - [2022-04-11 13:35:27,444] {dag.py:2937} INFO - Setting next_dagrun for tutorial_etl_dag to None
[2022-04-11 13:35:27,455] {processor.py:171} INFO - Processing /home/airflow/.local/lib/python3.7/site-packages/airflow/example_dags/tutorial_etl_dag.py took 0.108 seconds
[2022-04-11 13:35:57,673] {processor.py:163} INFO - Started process (PID=1233) to work on /home/airflow/.local/lib/python3.7/site-packages/airflow/example_dags/tutorial_etl_dag.py
[2022-04-11 13:35:57,678] {processor.py:642} INFO - Processing file /home/airflow/.local/lib/python3.7/site-packages/airflow/example_dags/tutorial_etl_dag.py for tasks to queue
[2022-04-11 13:35:57,680] {logging_mixin.py:109} INFO - [2022-04-11 13:35:57,680] {dagbag.py:500} INFO - Filling up the DagBag from /home/airflow/.local/lib/python3.7/site-packages/airflow/example_dags/tutorial_etl_dag.py
[2022-04-11 13:35:57,704] {processor.py:652} INFO - DAG(s) dict_keys(['tutorial_etl_dag']) retrieved from /home/airflow/.local/lib/python3.7/site-packages/airflow/example_dags/tutorial_etl_dag.py
[2022-04-11 13:35:57,741] {logging_mixin.py:109} INFO - [2022-04-11 13:35:57,741] {dag.py:2398} INFO - Sync 1 DAGs
[2022-04-11 13:35:57,767] {logging_mixin.py:109} INFO - [2022-04-11 13:35:57,767] {dag.py:2937} INFO - Setting next_dagrun for tutorial_etl_dag to None
[2022-04-11 13:35:57,785] {processor.py:171} INFO - Processing /home/airflow/.local/lib/python3.7/site-packages/airflow/example_dags/tutorial_etl_dag.py took 0.118 seconds
[2022-04-11 13:36:28,142] {processor.py:163} INFO - Started process (PID=1294) to work on /home/airflow/.local/lib/python3.7/site-packages/airflow/example_dags/tutorial_etl_dag.py
[2022-04-11 13:36:28,145] {processor.py:642} INFO - Processing file /home/airflow/.local/lib/python3.7/site-packages/airflow/example_dags/tutorial_etl_dag.py for tasks to queue
[2022-04-11 13:36:28,146] {logging_mixin.py:109} INFO - [2022-04-11 13:36:28,146] {dagbag.py:500} INFO - Filling up the DagBag from /home/airflow/.local/lib/python3.7/site-packages/airflow/example_dags/tutorial_etl_dag.py
[2022-04-11 13:36:28,168] {processor.py:652} INFO - DAG(s) dict_keys(['tutorial_etl_dag']) retrieved from /home/airflow/.local/lib/python3.7/site-packages/airflow/example_dags/tutorial_etl_dag.py
[2022-04-11 13:36:28,199] {logging_mixin.py:109} INFO - [2022-04-11 13:36:28,199] {dag.py:2398} INFO - Sync 1 DAGs
[2022-04-11 13:36:28,223] {logging_mixin.py:109} INFO - [2022-04-11 13:36:28,223] {dag.py:2937} INFO - Setting next_dagrun for tutorial_etl_dag to None
[2022-04-11 13:36:28,236] {processor.py:171} INFO - Processing /home/airflow/.local/lib/python3.7/site-packages/airflow/example_dags/tutorial_etl_dag.py took 0.100 seconds
[2022-04-11 13:36:58,582] {processor.py:163} INFO - Started process (PID=1351) to work on /home/airflow/.local/lib/python3.7/site-packages/airflow/example_dags/tutorial_etl_dag.py
[2022-04-11 13:36:58,585] {processor.py:642} INFO - Processing file /home/airflow/.local/lib/python3.7/site-packages/airflow/example_dags/tutorial_etl_dag.py for tasks to queue
[2022-04-11 13:36:58,587] {logging_mixin.py:109} INFO - [2022-04-11 13:36:58,587] {dagbag.py:500} INFO - Filling up the DagBag from /home/airflow/.local/lib/python3.7/site-packages/airflow/example_dags/tutorial_etl_dag.py
[2022-04-11 13:36:58,608] {processor.py:652} INFO - DAG(s) dict_keys(['tutorial_etl_dag']) retrieved from /home/airflow/.local/lib/python3.7/site-packages/airflow/example_dags/tutorial_etl_dag.py
[2022-04-11 13:36:58,635] {logging_mixin.py:109} INFO - [2022-04-11 13:36:58,635] {dag.py:2398} INFO - Sync 1 DAGs
[2022-04-11 13:36:58,657] {logging_mixin.py:109} INFO - [2022-04-11 13:36:58,657] {dag.py:2937} INFO - Setting next_dagrun for tutorial_etl_dag to None
[2022-04-11 13:36:58,669] {processor.py:171} INFO - Processing /home/airflow/.local/lib/python3.7/site-packages/airflow/example_dags/tutorial_etl_dag.py took 0.091 seconds
[2022-04-11 13:37:29,104] {processor.py:163} INFO - Started process (PID=1413) to work on /home/airflow/.local/lib/python3.7/site-packages/airflow/example_dags/tutorial_etl_dag.py
[2022-04-11 13:37:29,106] {processor.py:642} INFO - Processing file /home/airflow/.local/lib/python3.7/site-packages/airflow/example_dags/tutorial_etl_dag.py for tasks to queue
[2022-04-11 13:37:29,107] {logging_mixin.py:109} INFO - [2022-04-11 13:37:29,107] {dagbag.py:500} INFO - Filling up the DagBag from /home/airflow/.local/lib/python3.7/site-packages/airflow/example_dags/tutorial_etl_dag.py
[2022-04-11 13:37:29,127] {processor.py:652} INFO - DAG(s) dict_keys(['tutorial_etl_dag']) retrieved from /home/airflow/.local/lib/python3.7/site-packages/airflow/example_dags/tutorial_etl_dag.py
[2022-04-11 13:37:29,153] {logging_mixin.py:109} INFO - [2022-04-11 13:37:29,153] {dag.py:2398} INFO - Sync 1 DAGs
[2022-04-11 13:37:29,174] {logging_mixin.py:109} INFO - [2022-04-11 13:37:29,174] {dag.py:2937} INFO - Setting next_dagrun for tutorial_etl_dag to None
[2022-04-11 13:37:29,188] {processor.py:171} INFO - Processing /home/airflow/.local/lib/python3.7/site-packages/airflow/example_dags/tutorial_etl_dag.py took 0.089 seconds
[2022-04-11 13:37:59,275] {processor.py:163} INFO - Started process (PID=1466) to work on /home/airflow/.local/lib/python3.7/site-packages/airflow/example_dags/tutorial_etl_dag.py
[2022-04-11 13:37:59,278] {processor.py:642} INFO - Processing file /home/airflow/.local/lib/python3.7/site-packages/airflow/example_dags/tutorial_etl_dag.py for tasks to queue
[2022-04-11 13:37:59,279] {logging_mixin.py:109} INFO - [2022-04-11 13:37:59,279] {dagbag.py:500} INFO - Filling up the DagBag from /home/airflow/.local/lib/python3.7/site-packages/airflow/example_dags/tutorial_etl_dag.py
[2022-04-11 13:37:59,301] {processor.py:652} INFO - DAG(s) dict_keys(['tutorial_etl_dag']) retrieved from /home/airflow/.local/lib/python3.7/site-packages/airflow/example_dags/tutorial_etl_dag.py
[2022-04-11 13:37:59,328] {logging_mixin.py:109} INFO - [2022-04-11 13:37:59,328] {dag.py:2398} INFO - Sync 1 DAGs
[2022-04-11 13:37:59,352] {logging_mixin.py:109} INFO - [2022-04-11 13:37:59,352] {dag.py:2937} INFO - Setting next_dagrun for tutorial_etl_dag to None
[2022-04-11 13:37:59,369] {processor.py:171} INFO - Processing /home/airflow/.local/lib/python3.7/site-packages/airflow/example_dags/tutorial_etl_dag.py took 0.100 seconds
[2022-04-11 13:38:29,769] {processor.py:163} INFO - Started process (PID=1526) to work on /home/airflow/.local/lib/python3.7/site-packages/airflow/example_dags/tutorial_etl_dag.py
[2022-04-11 13:38:29,772] {processor.py:642} INFO - Processing file /home/airflow/.local/lib/python3.7/site-packages/airflow/example_dags/tutorial_etl_dag.py for tasks to queue
[2022-04-11 13:38:29,775] {logging_mixin.py:109} INFO - [2022-04-11 13:38:29,775] {dagbag.py:500} INFO - Filling up the DagBag from /home/airflow/.local/lib/python3.7/site-packages/airflow/example_dags/tutorial_etl_dag.py
[2022-04-11 13:38:29,795] {processor.py:652} INFO - DAG(s) dict_keys(['tutorial_etl_dag']) retrieved from /home/airflow/.local/lib/python3.7/site-packages/airflow/example_dags/tutorial_etl_dag.py
[2022-04-11 13:38:29,822] {logging_mixin.py:109} INFO - [2022-04-11 13:38:29,822] {dag.py:2398} INFO - Sync 1 DAGs
[2022-04-11 13:38:29,844] {logging_mixin.py:109} INFO - [2022-04-11 13:38:29,844] {dag.py:2937} INFO - Setting next_dagrun for tutorial_etl_dag to None
[2022-04-11 13:38:29,856] {processor.py:171} INFO - Processing /home/airflow/.local/lib/python3.7/site-packages/airflow/example_dags/tutorial_etl_dag.py took 0.092 seconds
[2022-04-11 13:39:00,533] {processor.py:163} INFO - Started process (PID=1580) to work on /home/airflow/.local/lib/python3.7/site-packages/airflow/example_dags/tutorial_etl_dag.py
[2022-04-11 13:39:00,536] {processor.py:642} INFO - Processing file /home/airflow/.local/lib/python3.7/site-packages/airflow/example_dags/tutorial_etl_dag.py for tasks to queue
[2022-04-11 13:39:00,537] {logging_mixin.py:109} INFO - [2022-04-11 13:39:00,537] {dagbag.py:500} INFO - Filling up the DagBag from /home/airflow/.local/lib/python3.7/site-packages/airflow/example_dags/tutorial_etl_dag.py
[2022-04-11 13:39:00,567] {processor.py:652} INFO - DAG(s) dict_keys(['tutorial_etl_dag']) retrieved from /home/airflow/.local/lib/python3.7/site-packages/airflow/example_dags/tutorial_etl_dag.py
[2022-04-11 13:39:00,613] {logging_mixin.py:109} INFO - [2022-04-11 13:39:00,613] {dag.py:2398} INFO - Sync 1 DAGs
[2022-04-11 13:39:00,650] {logging_mixin.py:109} INFO - [2022-04-11 13:39:00,650] {dag.py:2937} INFO - Setting next_dagrun for tutorial_etl_dag to None
[2022-04-11 13:39:00,683] {processor.py:171} INFO - Processing /home/airflow/.local/lib/python3.7/site-packages/airflow/example_dags/tutorial_etl_dag.py took 0.156 seconds
[2022-04-11 13:39:30,745] {processor.py:163} INFO - Started process (PID=1632) to work on /home/airflow/.local/lib/python3.7/site-packages/airflow/example_dags/tutorial_etl_dag.py
[2022-04-11 13:39:30,748] {processor.py:642} INFO - Processing file /home/airflow/.local/lib/python3.7/site-packages/airflow/example_dags/tutorial_etl_dag.py for tasks to queue
[2022-04-11 13:39:30,749] {logging_mixin.py:109} INFO - [2022-04-11 13:39:30,749] {dagbag.py:500} INFO - Filling up the DagBag from /home/airflow/.local/lib/python3.7/site-packages/airflow/example_dags/tutorial_etl_dag.py
[2022-04-11 13:39:30,770] {processor.py:652} INFO - DAG(s) dict_keys(['tutorial_etl_dag']) retrieved from /home/airflow/.local/lib/python3.7/site-packages/airflow/example_dags/tutorial_etl_dag.py
[2022-04-11 13:39:30,796] {logging_mixin.py:109} INFO - [2022-04-11 13:39:30,796] {dag.py:2398} INFO - Sync 1 DAGs
[2022-04-11 13:39:30,818] {logging_mixin.py:109} INFO - [2022-04-11 13:39:30,817] {dag.py:2937} INFO - Setting next_dagrun for tutorial_etl_dag to None
[2022-04-11 13:39:30,833] {processor.py:171} INFO - Processing /home/airflow/.local/lib/python3.7/site-packages/airflow/example_dags/tutorial_etl_dag.py took 0.093 seconds
[2022-04-11 13:40:01,183] {processor.py:163} INFO - Started process (PID=1692) to work on /home/airflow/.local/lib/python3.7/site-packages/airflow/example_dags/tutorial_etl_dag.py
[2022-04-11 13:40:01,185] {processor.py:642} INFO - Processing file /home/airflow/.local/lib/python3.7/site-packages/airflow/example_dags/tutorial_etl_dag.py for tasks to queue
[2022-04-11 13:40:01,186] {logging_mixin.py:109} INFO - [2022-04-11 13:40:01,186] {dagbag.py:500} INFO - Filling up the DagBag from /home/airflow/.local/lib/python3.7/site-packages/airflow/example_dags/tutorial_etl_dag.py
[2022-04-11 13:40:01,207] {processor.py:652} INFO - DAG(s) dict_keys(['tutorial_etl_dag']) retrieved from /home/airflow/.local/lib/python3.7/site-packages/airflow/example_dags/tutorial_etl_dag.py
[2022-04-11 13:40:01,230] {logging_mixin.py:109} INFO - [2022-04-11 13:40:01,230] {dag.py:2398} INFO - Sync 1 DAGs
[2022-04-11 13:40:01,250] {logging_mixin.py:109} INFO - [2022-04-11 13:40:01,249] {dag.py:2937} INFO - Setting next_dagrun for tutorial_etl_dag to None
[2022-04-11 13:40:01,261] {processor.py:171} INFO - Processing /home/airflow/.local/lib/python3.7/site-packages/airflow/example_dags/tutorial_etl_dag.py took 0.083 seconds
[2022-04-11 13:40:31,578] {processor.py:163} INFO - Started process (PID=1746) to work on /home/airflow/.local/lib/python3.7/site-packages/airflow/example_dags/tutorial_etl_dag.py
[2022-04-11 13:40:31,580] {processor.py:642} INFO - Processing file /home/airflow/.local/lib/python3.7/site-packages/airflow/example_dags/tutorial_etl_dag.py for tasks to queue
[2022-04-11 13:40:31,581] {logging_mixin.py:109} INFO - [2022-04-11 13:40:31,581] {dagbag.py:500} INFO - Filling up the DagBag from /home/airflow/.local/lib/python3.7/site-packages/airflow/example_dags/tutorial_etl_dag.py
[2022-04-11 13:40:31,601] {processor.py:652} INFO - DAG(s) dict_keys(['tutorial_etl_dag']) retrieved from /home/airflow/.local/lib/python3.7/site-packages/airflow/example_dags/tutorial_etl_dag.py
[2022-04-11 13:40:31,625] {logging_mixin.py:109} INFO - [2022-04-11 13:40:31,625] {dag.py:2398} INFO - Sync 1 DAGs
[2022-04-11 13:40:31,647] {logging_mixin.py:109} INFO - [2022-04-11 13:40:31,647] {dag.py:2937} INFO - Setting next_dagrun for tutorial_etl_dag to None
[2022-04-11 13:40:31,660] {processor.py:171} INFO - Processing /home/airflow/.local/lib/python3.7/site-packages/airflow/example_dags/tutorial_etl_dag.py took 0.086 seconds
[2022-04-11 13:41:02,172] {processor.py:163} INFO - Started process (PID=1808) to work on /home/airflow/.local/lib/python3.7/site-packages/airflow/example_dags/tutorial_etl_dag.py
[2022-04-11 13:41:02,177] {processor.py:642} INFO - Processing file /home/airflow/.local/lib/python3.7/site-packages/airflow/example_dags/tutorial_etl_dag.py for tasks to queue
[2022-04-11 13:41:02,179] {logging_mixin.py:109} INFO - [2022-04-11 13:41:02,178] {dagbag.py:500} INFO - Filling up the DagBag from /home/airflow/.local/lib/python3.7/site-packages/airflow/example_dags/tutorial_etl_dag.py
[2022-04-11 13:41:02,207] {processor.py:652} INFO - DAG(s) dict_keys(['tutorial_etl_dag']) retrieved from /home/airflow/.local/lib/python3.7/site-packages/airflow/example_dags/tutorial_etl_dag.py
[2022-04-11 13:41:02,249] {logging_mixin.py:109} INFO - [2022-04-11 13:41:02,249] {dag.py:2398} INFO - Sync 1 DAGs
[2022-04-11 13:41:02,273] {logging_mixin.py:109} INFO - [2022-04-11 13:41:02,273] {dag.py:2937} INFO - Setting next_dagrun for tutorial_etl_dag to None
[2022-04-11 13:41:02,287] {processor.py:171} INFO - Processing /home/airflow/.local/lib/python3.7/site-packages/airflow/example_dags/tutorial_etl_dag.py took 0.125 seconds
[2022-04-11 13:41:32,789] {processor.py:163} INFO - Started process (PID=1863) to work on /home/airflow/.local/lib/python3.7/site-packages/airflow/example_dags/tutorial_etl_dag.py
[2022-04-11 13:41:32,792] {processor.py:642} INFO - Processing file /home/airflow/.local/lib/python3.7/site-packages/airflow/example_dags/tutorial_etl_dag.py for tasks to queue
[2022-04-11 13:41:32,794] {logging_mixin.py:109} INFO - [2022-04-11 13:41:32,793] {dagbag.py:500} INFO - Filling up the DagBag from /home/airflow/.local/lib/python3.7/site-packages/airflow/example_dags/tutorial_etl_dag.py
[2022-04-11 13:41:32,818] {processor.py:652} INFO - DAG(s) dict_keys(['tutorial_etl_dag']) retrieved from /home/airflow/.local/lib/python3.7/site-packages/airflow/example_dags/tutorial_etl_dag.py
[2022-04-11 13:41:32,848] {logging_mixin.py:109} INFO - [2022-04-11 13:41:32,848] {dag.py:2398} INFO - Sync 1 DAGs
[2022-04-11 13:41:32,877] {logging_mixin.py:109} INFO - [2022-04-11 13:41:32,877] {dag.py:2937} INFO - Setting next_dagrun for tutorial_etl_dag to None
[2022-04-11 13:41:32,891] {processor.py:171} INFO - Processing /home/airflow/.local/lib/python3.7/site-packages/airflow/example_dags/tutorial_etl_dag.py took 0.108 seconds
[2022-04-11 13:42:03,482] {processor.py:163} INFO - Started process (PID=1915) to work on /home/airflow/.local/lib/python3.7/site-packages/airflow/example_dags/tutorial_etl_dag.py
[2022-04-11 13:42:03,485] {processor.py:642} INFO - Processing file /home/airflow/.local/lib/python3.7/site-packages/airflow/example_dags/tutorial_etl_dag.py for tasks to queue
[2022-04-11 13:42:03,486] {logging_mixin.py:109} INFO - [2022-04-11 13:42:03,486] {dagbag.py:500} INFO - Filling up the DagBag from /home/airflow/.local/lib/python3.7/site-packages/airflow/example_dags/tutorial_etl_dag.py
[2022-04-11 13:42:03,510] {processor.py:652} INFO - DAG(s) dict_keys(['tutorial_etl_dag']) retrieved from /home/airflow/.local/lib/python3.7/site-packages/airflow/example_dags/tutorial_etl_dag.py
[2022-04-11 13:42:03,539] {logging_mixin.py:109} INFO - [2022-04-11 13:42:03,539] {dag.py:2398} INFO - Sync 1 DAGs
[2022-04-11 13:42:03,566] {logging_mixin.py:109} INFO - [2022-04-11 13:42:03,566] {dag.py:2937} INFO - Setting next_dagrun for tutorial_etl_dag to None
[2022-04-11 13:42:03,583] {processor.py:171} INFO - Processing /home/airflow/.local/lib/python3.7/site-packages/airflow/example_dags/tutorial_etl_dag.py took 0.105 seconds
[2022-04-11 13:42:34,514] {processor.py:163} INFO - Started process (PID=1977) to work on /home/airflow/.local/lib/python3.7/site-packages/airflow/example_dags/tutorial_etl_dag.py
[2022-04-11 13:42:34,517] {processor.py:642} INFO - Processing file /home/airflow/.local/lib/python3.7/site-packages/airflow/example_dags/tutorial_etl_dag.py for tasks to queue
[2022-04-11 13:42:34,519] {logging_mixin.py:109} INFO - [2022-04-11 13:42:34,519] {dagbag.py:500} INFO - Filling up the DagBag from /home/airflow/.local/lib/python3.7/site-packages/airflow/example_dags/tutorial_etl_dag.py
[2022-04-11 13:42:34,539] {processor.py:652} INFO - DAG(s) dict_keys(['tutorial_etl_dag']) retrieved from /home/airflow/.local/lib/python3.7/site-packages/airflow/example_dags/tutorial_etl_dag.py
[2022-04-11 13:42:34,566] {logging_mixin.py:109} INFO - [2022-04-11 13:42:34,566] {dag.py:2398} INFO - Sync 1 DAGs
[2022-04-11 13:42:34,587] {logging_mixin.py:109} INFO - [2022-04-11 13:42:34,587] {dag.py:2937} INFO - Setting next_dagrun for tutorial_etl_dag to None
[2022-04-11 13:42:34,599] {processor.py:171} INFO - Processing /home/airflow/.local/lib/python3.7/site-packages/airflow/example_dags/tutorial_etl_dag.py took 0.089 seconds
[2022-04-11 13:43:05,422] {processor.py:163} INFO - Started process (PID=2030) to work on /home/airflow/.local/lib/python3.7/site-packages/airflow/example_dags/tutorial_etl_dag.py
[2022-04-11 13:43:05,427] {processor.py:642} INFO - Processing file /home/airflow/.local/lib/python3.7/site-packages/airflow/example_dags/tutorial_etl_dag.py for tasks to queue
[2022-04-11 13:43:05,431] {logging_mixin.py:109} INFO - [2022-04-11 13:43:05,431] {dagbag.py:500} INFO - Filling up the DagBag from /home/airflow/.local/lib/python3.7/site-packages/airflow/example_dags/tutorial_etl_dag.py
[2022-04-11 13:43:05,485] {processor.py:652} INFO - DAG(s) dict_keys(['tutorial_etl_dag']) retrieved from /home/airflow/.local/lib/python3.7/site-packages/airflow/example_dags/tutorial_etl_dag.py
[2022-04-11 13:43:05,541] {logging_mixin.py:109} INFO - [2022-04-11 13:43:05,541] {dag.py:2398} INFO - Sync 1 DAGs
[2022-04-11 13:43:05,610] {logging_mixin.py:109} INFO - [2022-04-11 13:43:05,609] {dag.py:2937} INFO - Setting next_dagrun for tutorial_etl_dag to None
[2022-04-11 13:43:05,629] {processor.py:171} INFO - Processing /home/airflow/.local/lib/python3.7/site-packages/airflow/example_dags/tutorial_etl_dag.py took 0.217 seconds
[2022-04-11 13:43:35,796] {processor.py:163} INFO - Started process (PID=2093) to work on /home/airflow/.local/lib/python3.7/site-packages/airflow/example_dags/tutorial_etl_dag.py
[2022-04-11 13:43:35,799] {processor.py:642} INFO - Processing file /home/airflow/.local/lib/python3.7/site-packages/airflow/example_dags/tutorial_etl_dag.py for tasks to queue
[2022-04-11 13:43:35,800] {logging_mixin.py:109} INFO - [2022-04-11 13:43:35,800] {dagbag.py:500} INFO - Filling up the DagBag from /home/airflow/.local/lib/python3.7/site-packages/airflow/example_dags/tutorial_etl_dag.py
[2022-04-11 13:43:35,821] {processor.py:652} INFO - DAG(s) dict_keys(['tutorial_etl_dag']) retrieved from /home/airflow/.local/lib/python3.7/site-packages/airflow/example_dags/tutorial_etl_dag.py
[2022-04-11 13:43:35,844] {logging_mixin.py:109} INFO - [2022-04-11 13:43:35,844] {dag.py:2398} INFO - Sync 1 DAGs
[2022-04-11 13:43:35,863] {logging_mixin.py:109} INFO - [2022-04-11 13:43:35,863] {dag.py:2937} INFO - Setting next_dagrun for tutorial_etl_dag to None
[2022-04-11 13:43:35,874] {processor.py:171} INFO - Processing /home/airflow/.local/lib/python3.7/site-packages/airflow/example_dags/tutorial_etl_dag.py took 0.082 seconds
[2022-04-11 13:44:06,588] {processor.py:163} INFO - Started process (PID=2146) to work on /home/airflow/.local/lib/python3.7/site-packages/airflow/example_dags/tutorial_etl_dag.py
[2022-04-11 13:44:06,590] {processor.py:642} INFO - Processing file /home/airflow/.local/lib/python3.7/site-packages/airflow/example_dags/tutorial_etl_dag.py for tasks to queue
[2022-04-11 13:44:06,591] {logging_mixin.py:109} INFO - [2022-04-11 13:44:06,591] {dagbag.py:500} INFO - Filling up the DagBag from /home/airflow/.local/lib/python3.7/site-packages/airflow/example_dags/tutorial_etl_dag.py
[2022-04-11 13:44:06,611] {processor.py:652} INFO - DAG(s) dict_keys(['tutorial_etl_dag']) retrieved from /home/airflow/.local/lib/python3.7/site-packages/airflow/example_dags/tutorial_etl_dag.py
[2022-04-11 13:44:06,643] {logging_mixin.py:109} INFO - [2022-04-11 13:44:06,643] {dag.py:2398} INFO - Sync 1 DAGs
[2022-04-11 13:44:06,669] {logging_mixin.py:109} INFO - [2022-04-11 13:44:06,669] {dag.py:2937} INFO - Setting next_dagrun for tutorial_etl_dag to None
[2022-04-11 13:44:06,680] {processor.py:171} INFO - Processing /home/airflow/.local/lib/python3.7/site-packages/airflow/example_dags/tutorial_etl_dag.py took 0.096 seconds
[2022-04-11 13:44:37,496] {processor.py:163} INFO - Started process (PID=2207) to work on /home/airflow/.local/lib/python3.7/site-packages/airflow/example_dags/tutorial_etl_dag.py
[2022-04-11 13:44:37,500] {processor.py:642} INFO - Processing file /home/airflow/.local/lib/python3.7/site-packages/airflow/example_dags/tutorial_etl_dag.py for tasks to queue
[2022-04-11 13:44:37,503] {logging_mixin.py:109} INFO - [2022-04-11 13:44:37,503] {dagbag.py:500} INFO - Filling up the DagBag from /home/airflow/.local/lib/python3.7/site-packages/airflow/example_dags/tutorial_etl_dag.py
[2022-04-11 13:44:37,545] {processor.py:652} INFO - DAG(s) dict_keys(['tutorial_etl_dag']) retrieved from /home/airflow/.local/lib/python3.7/site-packages/airflow/example_dags/tutorial_etl_dag.py
[2022-04-11 13:44:37,618] {logging_mixin.py:109} INFO - [2022-04-11 13:44:37,617] {dag.py:2398} INFO - Sync 1 DAGs
[2022-04-11 13:44:37,652] {logging_mixin.py:109} INFO - [2022-04-11 13:44:37,652] {dag.py:2937} INFO - Setting next_dagrun for tutorial_etl_dag to None
[2022-04-11 13:44:37,672] {processor.py:171} INFO - Processing /home/airflow/.local/lib/python3.7/site-packages/airflow/example_dags/tutorial_etl_dag.py took 0.185 seconds
[2022-04-11 13:45:07,819] {processor.py:163} INFO - Started process (PID=2258) to work on /home/airflow/.local/lib/python3.7/site-packages/airflow/example_dags/tutorial_etl_dag.py
[2022-04-11 13:45:07,821] {processor.py:642} INFO - Processing file /home/airflow/.local/lib/python3.7/site-packages/airflow/example_dags/tutorial_etl_dag.py for tasks to queue
[2022-04-11 13:45:07,823] {logging_mixin.py:109} INFO - [2022-04-11 13:45:07,822] {dagbag.py:500} INFO - Filling up the DagBag from /home/airflow/.local/lib/python3.7/site-packages/airflow/example_dags/tutorial_etl_dag.py
[2022-04-11 13:45:07,843] {processor.py:652} INFO - DAG(s) dict_keys(['tutorial_etl_dag']) retrieved from /home/airflow/.local/lib/python3.7/site-packages/airflow/example_dags/tutorial_etl_dag.py
[2022-04-11 13:45:07,868] {logging_mixin.py:109} INFO - [2022-04-11 13:45:07,868] {dag.py:2398} INFO - Sync 1 DAGs
[2022-04-11 13:45:07,890] {logging_mixin.py:109} INFO - [2022-04-11 13:45:07,889] {dag.py:2937} INFO - Setting next_dagrun for tutorial_etl_dag to None
[2022-04-11 13:45:07,903] {processor.py:171} INFO - Processing /home/airflow/.local/lib/python3.7/site-packages/airflow/example_dags/tutorial_etl_dag.py took 0.088 seconds
[2022-04-11 13:45:38,706] {processor.py:163} INFO - Started process (PID=2309) to work on /home/airflow/.local/lib/python3.7/site-packages/airflow/example_dags/tutorial_etl_dag.py
[2022-04-11 13:45:38,710] {processor.py:642} INFO - Processing file /home/airflow/.local/lib/python3.7/site-packages/airflow/example_dags/tutorial_etl_dag.py for tasks to queue
[2022-04-11 13:45:38,712] {logging_mixin.py:109} INFO - [2022-04-11 13:45:38,712] {dagbag.py:500} INFO - Filling up the DagBag from /home/airflow/.local/lib/python3.7/site-packages/airflow/example_dags/tutorial_etl_dag.py
[2022-04-11 13:45:38,738] {processor.py:652} INFO - DAG(s) dict_keys(['tutorial_etl_dag']) retrieved from /home/airflow/.local/lib/python3.7/site-packages/airflow/example_dags/tutorial_etl_dag.py
[2022-04-11 13:45:38,783] {logging_mixin.py:109} INFO - [2022-04-11 13:45:38,783] {dag.py:2398} INFO - Sync 1 DAGs
[2022-04-11 13:45:38,839] {logging_mixin.py:109} INFO - [2022-04-11 13:45:38,839] {dag.py:2937} INFO - Setting next_dagrun for tutorial_etl_dag to None
[2022-04-11 13:45:38,864] {processor.py:171} INFO - Processing /home/airflow/.local/lib/python3.7/site-packages/airflow/example_dags/tutorial_etl_dag.py took 0.164 seconds
[2022-04-11 13:46:09,311] {processor.py:163} INFO - Started process (PID=2371) to work on /home/airflow/.local/lib/python3.7/site-packages/airflow/example_dags/tutorial_etl_dag.py
[2022-04-11 13:46:09,314] {processor.py:642} INFO - Processing file /home/airflow/.local/lib/python3.7/site-packages/airflow/example_dags/tutorial_etl_dag.py for tasks to queue
[2022-04-11 13:46:09,315] {logging_mixin.py:109} INFO - [2022-04-11 13:46:09,315] {dagbag.py:500} INFO - Filling up the DagBag from /home/airflow/.local/lib/python3.7/site-packages/airflow/example_dags/tutorial_etl_dag.py
[2022-04-11 13:46:09,340] {processor.py:652} INFO - DAG(s) dict_keys(['tutorial_etl_dag']) retrieved from /home/airflow/.local/lib/python3.7/site-packages/airflow/example_dags/tutorial_etl_dag.py
[2022-04-11 13:46:09,373] {logging_mixin.py:109} INFO - [2022-04-11 13:46:09,372] {dag.py:2398} INFO - Sync 1 DAGs
[2022-04-11 13:46:09,398] {logging_mixin.py:109} INFO - [2022-04-11 13:46:09,398] {dag.py:2937} INFO - Setting next_dagrun for tutorial_etl_dag to None
[2022-04-11 13:46:09,412] {processor.py:171} INFO - Processing /home/airflow/.local/lib/python3.7/site-packages/airflow/example_dags/tutorial_etl_dag.py took 0.106 seconds
[2022-04-11 13:46:40,053] {processor.py:163} INFO - Started process (PID=2423) to work on /home/airflow/.local/lib/python3.7/site-packages/airflow/example_dags/tutorial_etl_dag.py
[2022-04-11 13:46:40,057] {processor.py:642} INFO - Processing file /home/airflow/.local/lib/python3.7/site-packages/airflow/example_dags/tutorial_etl_dag.py for tasks to queue
[2022-04-11 13:46:40,059] {logging_mixin.py:109} INFO - [2022-04-11 13:46:40,059] {dagbag.py:500} INFO - Filling up the DagBag from /home/airflow/.local/lib/python3.7/site-packages/airflow/example_dags/tutorial_etl_dag.py
[2022-04-11 13:46:40,092] {processor.py:652} INFO - DAG(s) dict_keys(['tutorial_etl_dag']) retrieved from /home/airflow/.local/lib/python3.7/site-packages/airflow/example_dags/tutorial_etl_dag.py
[2022-04-11 13:46:40,128] {logging_mixin.py:109} INFO - [2022-04-11 13:46:40,128] {dag.py:2398} INFO - Sync 1 DAGs
[2022-04-11 13:46:40,157] {logging_mixin.py:109} INFO - [2022-04-11 13:46:40,157] {dag.py:2937} INFO - Setting next_dagrun for tutorial_etl_dag to None
[2022-04-11 13:46:40,180] {processor.py:171} INFO - Processing /home/airflow/.local/lib/python3.7/site-packages/airflow/example_dags/tutorial_etl_dag.py took 0.132 seconds
[2022-04-11 13:47:10,624] {processor.py:163} INFO - Started process (PID=2477) to work on /home/airflow/.local/lib/python3.7/site-packages/airflow/example_dags/tutorial_etl_dag.py
[2022-04-11 13:47:10,627] {processor.py:642} INFO - Processing file /home/airflow/.local/lib/python3.7/site-packages/airflow/example_dags/tutorial_etl_dag.py for tasks to queue
[2022-04-11 13:47:10,628] {logging_mixin.py:109} INFO - [2022-04-11 13:47:10,628] {dagbag.py:500} INFO - Filling up the DagBag from /home/airflow/.local/lib/python3.7/site-packages/airflow/example_dags/tutorial_etl_dag.py
[2022-04-11 13:47:10,657] {processor.py:652} INFO - DAG(s) dict_keys(['tutorial_etl_dag']) retrieved from /home/airflow/.local/lib/python3.7/site-packages/airflow/example_dags/tutorial_etl_dag.py
[2022-04-11 13:47:10,686] {logging_mixin.py:109} INFO - [2022-04-11 13:47:10,686] {dag.py:2398} INFO - Sync 1 DAGs
[2022-04-11 13:47:10,714] {logging_mixin.py:109} INFO - [2022-04-11 13:47:10,714] {dag.py:2937} INFO - Setting next_dagrun for tutorial_etl_dag to None
[2022-04-11 13:47:10,726] {processor.py:171} INFO - Processing /home/airflow/.local/lib/python3.7/site-packages/airflow/example_dags/tutorial_etl_dag.py took 0.107 seconds
[2022-04-11 13:47:41,236] {processor.py:163} INFO - Started process (PID=2540) to work on /home/airflow/.local/lib/python3.7/site-packages/airflow/example_dags/tutorial_etl_dag.py
[2022-04-11 13:47:41,238] {processor.py:642} INFO - Processing file /home/airflow/.local/lib/python3.7/site-packages/airflow/example_dags/tutorial_etl_dag.py for tasks to queue
[2022-04-11 13:47:41,240] {logging_mixin.py:109} INFO - [2022-04-11 13:47:41,239] {dagbag.py:500} INFO - Filling up the DagBag from /home/airflow/.local/lib/python3.7/site-packages/airflow/example_dags/tutorial_etl_dag.py
[2022-04-11 13:47:41,259] {processor.py:652} INFO - DAG(s) dict_keys(['tutorial_etl_dag']) retrieved from /home/airflow/.local/lib/python3.7/site-packages/airflow/example_dags/tutorial_etl_dag.py
[2022-04-11 13:47:41,286] {logging_mixin.py:109} INFO - [2022-04-11 13:47:41,286] {dag.py:2398} INFO - Sync 1 DAGs
[2022-04-11 13:47:41,304] {logging_mixin.py:109} INFO - [2022-04-11 13:47:41,304] {dag.py:2937} INFO - Setting next_dagrun for tutorial_etl_dag to None
[2022-04-11 13:47:41,314] {processor.py:171} INFO - Processing /home/airflow/.local/lib/python3.7/site-packages/airflow/example_dags/tutorial_etl_dag.py took 0.083 seconds
[2022-04-11 13:48:11,911] {processor.py:163} INFO - Started process (PID=2593) to work on /home/airflow/.local/lib/python3.7/site-packages/airflow/example_dags/tutorial_etl_dag.py
[2022-04-11 13:48:11,913] {processor.py:642} INFO - Processing file /home/airflow/.local/lib/python3.7/site-packages/airflow/example_dags/tutorial_etl_dag.py for tasks to queue
[2022-04-11 13:48:11,915] {logging_mixin.py:109} INFO - [2022-04-11 13:48:11,914] {dagbag.py:500} INFO - Filling up the DagBag from /home/airflow/.local/lib/python3.7/site-packages/airflow/example_dags/tutorial_etl_dag.py
[2022-04-11 13:48:11,932] {processor.py:652} INFO - DAG(s) dict_keys(['tutorial_etl_dag']) retrieved from /home/airflow/.local/lib/python3.7/site-packages/airflow/example_dags/tutorial_etl_dag.py
[2022-04-11 13:48:11,957] {logging_mixin.py:109} INFO - [2022-04-11 13:48:11,957] {dag.py:2398} INFO - Sync 1 DAGs
[2022-04-11 13:48:11,987] {logging_mixin.py:109} INFO - [2022-04-11 13:48:11,986] {dag.py:2937} INFO - Setting next_dagrun for tutorial_etl_dag to None
[2022-04-11 13:48:12,006] {processor.py:171} INFO - Processing /home/airflow/.local/lib/python3.7/site-packages/airflow/example_dags/tutorial_etl_dag.py took 0.101 seconds
[2022-04-11 13:48:42,647] {processor.py:163} INFO - Started process (PID=2656) to work on /home/airflow/.local/lib/python3.7/site-packages/airflow/example_dags/tutorial_etl_dag.py
[2022-04-11 13:48:42,649] {processor.py:642} INFO - Processing file /home/airflow/.local/lib/python3.7/site-packages/airflow/example_dags/tutorial_etl_dag.py for tasks to queue
[2022-04-11 13:48:42,650] {logging_mixin.py:109} INFO - [2022-04-11 13:48:42,650] {dagbag.py:500} INFO - Filling up the DagBag from /home/airflow/.local/lib/python3.7/site-packages/airflow/example_dags/tutorial_etl_dag.py
[2022-04-11 13:48:42,669] {processor.py:652} INFO - DAG(s) dict_keys(['tutorial_etl_dag']) retrieved from /home/airflow/.local/lib/python3.7/site-packages/airflow/example_dags/tutorial_etl_dag.py
[2022-04-11 13:48:42,694] {logging_mixin.py:109} INFO - [2022-04-11 13:48:42,693] {dag.py:2398} INFO - Sync 1 DAGs
[2022-04-11 13:48:42,713] {logging_mixin.py:109} INFO - [2022-04-11 13:48:42,713] {dag.py:2937} INFO - Setting next_dagrun for tutorial_etl_dag to None
[2022-04-11 13:48:42,727] {processor.py:171} INFO - Processing /home/airflow/.local/lib/python3.7/site-packages/airflow/example_dags/tutorial_etl_dag.py took 0.084 seconds
[2022-04-11 13:49:13,334] {processor.py:163} INFO - Started process (PID=2708) to work on /home/airflow/.local/lib/python3.7/site-packages/airflow/example_dags/tutorial_etl_dag.py
[2022-04-11 13:49:13,337] {processor.py:642} INFO - Processing file /home/airflow/.local/lib/python3.7/site-packages/airflow/example_dags/tutorial_etl_dag.py for tasks to queue
[2022-04-11 13:49:13,339] {logging_mixin.py:109} INFO - [2022-04-11 13:49:13,339] {dagbag.py:500} INFO - Filling up the DagBag from /home/airflow/.local/lib/python3.7/site-packages/airflow/example_dags/tutorial_etl_dag.py
[2022-04-11 13:49:13,388] {processor.py:652} INFO - DAG(s) dict_keys(['tutorial_etl_dag']) retrieved from /home/airflow/.local/lib/python3.7/site-packages/airflow/example_dags/tutorial_etl_dag.py
[2022-04-11 13:49:13,425] {logging_mixin.py:109} INFO - [2022-04-11 13:49:13,425] {dag.py:2398} INFO - Sync 1 DAGs
[2022-04-11 13:49:13,447] {logging_mixin.py:109} INFO - [2022-04-11 13:49:13,447] {dag.py:2937} INFO - Setting next_dagrun for tutorial_etl_dag to None
[2022-04-11 13:49:13,458] {processor.py:171} INFO - Processing /home/airflow/.local/lib/python3.7/site-packages/airflow/example_dags/tutorial_etl_dag.py took 0.129 seconds
