[2022-04-11 13:27:08,948] {processor.py:163} INFO - Started process (PID=200) to work on /home/airflow/.local/lib/python3.7/site-packages/airflow/example_dags/tutorial.py
[2022-04-11 13:27:08,950] {processor.py:642} INFO - Processing file /home/airflow/.local/lib/python3.7/site-packages/airflow/example_dags/tutorial.py for tasks to queue
[2022-04-11 13:27:08,951] {logging_mixin.py:109} INFO - [2022-04-11 13:27:08,951] {dagbag.py:500} INFO - Filling up the DagBag from /home/airflow/.local/lib/python3.7/site-packages/airflow/example_dags/tutorial.py
[2022-04-11 13:27:08,977] {processor.py:652} INFO - DAG(s) dict_keys(['tutorial']) retrieved from /home/airflow/.local/lib/python3.7/site-packages/airflow/example_dags/tutorial.py
[2022-04-11 13:27:10,852] {logging_mixin.py:109} INFO - [2022-04-11 13:27:10,852] {manager.py:496} INFO - Created Permission View: can read on DAG:tutorial
[2022-04-11 13:27:10,861] {logging_mixin.py:109} INFO - [2022-04-11 13:27:10,861] {manager.py:496} INFO - Created Permission View: can edit on DAG:tutorial
[2022-04-11 13:27:10,862] {logging_mixin.py:109} INFO - [2022-04-11 13:27:10,862] {dag.py:2398} INFO - Sync 1 DAGs
[2022-04-11 13:27:10,870] {logging_mixin.py:109} INFO - [2022-04-11 13:27:10,870] {dag.py:2417} INFO - Creating ORM DAG for tutorial
[2022-04-11 13:27:10,879] {logging_mixin.py:109} INFO - [2022-04-11 13:27:10,879] {dag.py:2937} INFO - Setting next_dagrun for tutorial to 2022-04-10T13:27:10.879006+00:00
[2022-04-11 13:27:10,891] {processor.py:171} INFO - Processing /home/airflow/.local/lib/python3.7/site-packages/airflow/example_dags/tutorial.py took 1.947 seconds
[2022-04-11 13:27:41,444] {processor.py:163} INFO - Started process (PID=312) to work on /home/airflow/.local/lib/python3.7/site-packages/airflow/example_dags/tutorial.py
[2022-04-11 13:27:41,446] {processor.py:642} INFO - Processing file /home/airflow/.local/lib/python3.7/site-packages/airflow/example_dags/tutorial.py for tasks to queue
[2022-04-11 13:27:41,448] {logging_mixin.py:109} INFO - [2022-04-11 13:27:41,448] {dagbag.py:500} INFO - Filling up the DagBag from /home/airflow/.local/lib/python3.7/site-packages/airflow/example_dags/tutorial.py
[2022-04-11 13:27:41,471] {processor.py:652} INFO - DAG(s) dict_keys(['tutorial']) retrieved from /home/airflow/.local/lib/python3.7/site-packages/airflow/example_dags/tutorial.py
[2022-04-11 13:27:41,496] {logging_mixin.py:109} INFO - [2022-04-11 13:27:41,496] {dag.py:2398} INFO - Sync 1 DAGs
[2022-04-11 13:27:41,517] {logging_mixin.py:109} INFO - [2022-04-11 13:27:41,516] {dag.py:2937} INFO - Setting next_dagrun for tutorial to 2022-04-10T13:27:41.516620+00:00
[2022-04-11 13:27:41,529] {processor.py:171} INFO - Processing /home/airflow/.local/lib/python3.7/site-packages/airflow/example_dags/tutorial.py took 0.090 seconds
[2022-04-11 13:28:11,659] {processor.py:163} INFO - Started process (PID=373) to work on /home/airflow/.local/lib/python3.7/site-packages/airflow/example_dags/tutorial.py
[2022-04-11 13:28:11,662] {processor.py:642} INFO - Processing file /home/airflow/.local/lib/python3.7/site-packages/airflow/example_dags/tutorial.py for tasks to queue
[2022-04-11 13:28:11,663] {logging_mixin.py:109} INFO - [2022-04-11 13:28:11,663] {dagbag.py:500} INFO - Filling up the DagBag from /home/airflow/.local/lib/python3.7/site-packages/airflow/example_dags/tutorial.py
[2022-04-11 13:28:11,687] {processor.py:652} INFO - DAG(s) dict_keys(['tutorial']) retrieved from /home/airflow/.local/lib/python3.7/site-packages/airflow/example_dags/tutorial.py
[2022-04-11 13:28:11,715] {logging_mixin.py:109} INFO - [2022-04-11 13:28:11,715] {dag.py:2398} INFO - Sync 1 DAGs
[2022-04-11 13:28:11,738] {logging_mixin.py:109} INFO - [2022-04-11 13:28:11,738] {dag.py:2937} INFO - Setting next_dagrun for tutorial to 2022-04-10T13:28:11.737933+00:00
[2022-04-11 13:28:11,750] {processor.py:171} INFO - Processing /home/airflow/.local/lib/python3.7/site-packages/airflow/example_dags/tutorial.py took 0.096 seconds
[2022-04-11 13:28:41,990] {processor.py:163} INFO - Started process (PID=424) to work on /home/airflow/.local/lib/python3.7/site-packages/airflow/example_dags/tutorial.py
[2022-04-11 13:28:41,994] {processor.py:642} INFO - Processing file /home/airflow/.local/lib/python3.7/site-packages/airflow/example_dags/tutorial.py for tasks to queue
[2022-04-11 13:28:41,996] {logging_mixin.py:109} INFO - [2022-04-11 13:28:41,996] {dagbag.py:500} INFO - Filling up the DagBag from /home/airflow/.local/lib/python3.7/site-packages/airflow/example_dags/tutorial.py
[2022-04-11 13:28:42,016] {processor.py:652} INFO - DAG(s) dict_keys(['tutorial']) retrieved from /home/airflow/.local/lib/python3.7/site-packages/airflow/example_dags/tutorial.py
[2022-04-11 13:28:42,045] {logging_mixin.py:109} INFO - [2022-04-11 13:28:42,045] {dag.py:2398} INFO - Sync 1 DAGs
[2022-04-11 13:28:42,073] {logging_mixin.py:109} INFO - [2022-04-11 13:28:42,072] {dag.py:2937} INFO - Setting next_dagrun for tutorial to 2022-04-10T13:28:42.072217+00:00
[2022-04-11 13:28:42,090] {processor.py:171} INFO - Processing /home/airflow/.local/lib/python3.7/site-packages/airflow/example_dags/tutorial.py took 0.105 seconds
[2022-04-11 13:29:13,103] {processor.py:163} INFO - Started process (PID=485) to work on /home/airflow/.local/lib/python3.7/site-packages/airflow/example_dags/tutorial.py
[2022-04-11 13:29:13,105] {processor.py:642} INFO - Processing file /home/airflow/.local/lib/python3.7/site-packages/airflow/example_dags/tutorial.py for tasks to queue
[2022-04-11 13:29:13,107] {logging_mixin.py:109} INFO - [2022-04-11 13:29:13,106] {dagbag.py:500} INFO - Filling up the DagBag from /home/airflow/.local/lib/python3.7/site-packages/airflow/example_dags/tutorial.py
[2022-04-11 13:29:13,124] {processor.py:652} INFO - DAG(s) dict_keys(['tutorial']) retrieved from /home/airflow/.local/lib/python3.7/site-packages/airflow/example_dags/tutorial.py
[2022-04-11 13:29:13,148] {logging_mixin.py:109} INFO - [2022-04-11 13:29:13,148] {dag.py:2398} INFO - Sync 1 DAGs
[2022-04-11 13:29:13,167] {logging_mixin.py:109} INFO - [2022-04-11 13:29:13,167] {dag.py:2937} INFO - Setting next_dagrun for tutorial to 2022-04-10T13:29:13.167333+00:00
[2022-04-11 13:29:13,179] {processor.py:171} INFO - Processing /home/airflow/.local/lib/python3.7/site-packages/airflow/example_dags/tutorial.py took 0.080 seconds
[2022-04-11 13:29:43,602] {processor.py:163} INFO - Started process (PID=538) to work on /home/airflow/.local/lib/python3.7/site-packages/airflow/example_dags/tutorial.py
[2022-04-11 13:29:43,604] {processor.py:642} INFO - Processing file /home/airflow/.local/lib/python3.7/site-packages/airflow/example_dags/tutorial.py for tasks to queue
[2022-04-11 13:29:43,605] {logging_mixin.py:109} INFO - [2022-04-11 13:29:43,605] {dagbag.py:500} INFO - Filling up the DagBag from /home/airflow/.local/lib/python3.7/site-packages/airflow/example_dags/tutorial.py
[2022-04-11 13:29:43,623] {processor.py:652} INFO - DAG(s) dict_keys(['tutorial']) retrieved from /home/airflow/.local/lib/python3.7/site-packages/airflow/example_dags/tutorial.py
[2022-04-11 13:29:43,650] {logging_mixin.py:109} INFO - [2022-04-11 13:29:43,650] {dag.py:2398} INFO - Sync 1 DAGs
[2022-04-11 13:29:43,674] {logging_mixin.py:109} INFO - [2022-04-11 13:29:43,674] {dag.py:2937} INFO - Setting next_dagrun for tutorial to 2022-04-10T13:29:43.673959+00:00
[2022-04-11 13:29:43,686] {processor.py:171} INFO - Processing /home/airflow/.local/lib/python3.7/site-packages/airflow/example_dags/tutorial.py took 0.088 seconds
[2022-04-11 13:30:14,134] {processor.py:163} INFO - Started process (PID=598) to work on /home/airflow/.local/lib/python3.7/site-packages/airflow/example_dags/tutorial.py
[2022-04-11 13:30:14,136] {processor.py:642} INFO - Processing file /home/airflow/.local/lib/python3.7/site-packages/airflow/example_dags/tutorial.py for tasks to queue
[2022-04-11 13:30:14,137] {logging_mixin.py:109} INFO - [2022-04-11 13:30:14,137] {dagbag.py:500} INFO - Filling up the DagBag from /home/airflow/.local/lib/python3.7/site-packages/airflow/example_dags/tutorial.py
[2022-04-11 13:30:14,156] {processor.py:652} INFO - DAG(s) dict_keys(['tutorial']) retrieved from /home/airflow/.local/lib/python3.7/site-packages/airflow/example_dags/tutorial.py
[2022-04-11 13:30:14,188] {logging_mixin.py:109} INFO - [2022-04-11 13:30:14,188] {dag.py:2398} INFO - Sync 1 DAGs
[2022-04-11 13:30:14,220] {logging_mixin.py:109} INFO - [2022-04-11 13:30:14,220] {dag.py:2937} INFO - Setting next_dagrun for tutorial to 2022-04-10T13:30:14.219607+00:00
[2022-04-11 13:30:14,239] {processor.py:171} INFO - Processing /home/airflow/.local/lib/python3.7/site-packages/airflow/example_dags/tutorial.py took 0.109 seconds
[2022-04-11 13:30:44,838] {processor.py:163} INFO - Started process (PID=649) to work on /home/airflow/.local/lib/python3.7/site-packages/airflow/example_dags/tutorial.py
[2022-04-11 13:30:44,840] {processor.py:642} INFO - Processing file /home/airflow/.local/lib/python3.7/site-packages/airflow/example_dags/tutorial.py for tasks to queue
[2022-04-11 13:30:44,841] {logging_mixin.py:109} INFO - [2022-04-11 13:30:44,841] {dagbag.py:500} INFO - Filling up the DagBag from /home/airflow/.local/lib/python3.7/site-packages/airflow/example_dags/tutorial.py
[2022-04-11 13:30:44,861] {processor.py:652} INFO - DAG(s) dict_keys(['tutorial']) retrieved from /home/airflow/.local/lib/python3.7/site-packages/airflow/example_dags/tutorial.py
[2022-04-11 13:30:44,890] {logging_mixin.py:109} INFO - [2022-04-11 13:30:44,890] {dag.py:2398} INFO - Sync 1 DAGs
[2022-04-11 13:30:44,911] {logging_mixin.py:109} INFO - [2022-04-11 13:30:44,911] {dag.py:2937} INFO - Setting next_dagrun for tutorial to 2022-04-10T13:30:44.911395+00:00
[2022-04-11 13:30:44,925] {processor.py:171} INFO - Processing /home/airflow/.local/lib/python3.7/site-packages/airflow/example_dags/tutorial.py took 0.092 seconds
[2022-04-11 13:31:15,605] {processor.py:163} INFO - Started process (PID=711) to work on /home/airflow/.local/lib/python3.7/site-packages/airflow/example_dags/tutorial.py
[2022-04-11 13:31:15,609] {processor.py:642} INFO - Processing file /home/airflow/.local/lib/python3.7/site-packages/airflow/example_dags/tutorial.py for tasks to queue
[2022-04-11 13:31:15,614] {logging_mixin.py:109} INFO - [2022-04-11 13:31:15,612] {dagbag.py:500} INFO - Filling up the DagBag from /home/airflow/.local/lib/python3.7/site-packages/airflow/example_dags/tutorial.py
[2022-04-11 13:31:15,639] {processor.py:652} INFO - DAG(s) dict_keys(['tutorial']) retrieved from /home/airflow/.local/lib/python3.7/site-packages/airflow/example_dags/tutorial.py
[2022-04-11 13:31:15,668] {logging_mixin.py:109} INFO - [2022-04-11 13:31:15,668] {dag.py:2398} INFO - Sync 1 DAGs
[2022-04-11 13:31:15,697] {logging_mixin.py:109} INFO - [2022-04-11 13:31:15,697] {dag.py:2937} INFO - Setting next_dagrun for tutorial to 2022-04-10T13:31:15.696604+00:00
[2022-04-11 13:31:15,721] {processor.py:171} INFO - Processing /home/airflow/.local/lib/python3.7/site-packages/airflow/example_dags/tutorial.py took 0.126 seconds
[2022-04-11 13:31:45,999] {processor.py:163} INFO - Started process (PID=773) to work on /home/airflow/.local/lib/python3.7/site-packages/airflow/example_dags/tutorial.py
[2022-04-11 13:31:46,005] {processor.py:642} INFO - Processing file /home/airflow/.local/lib/python3.7/site-packages/airflow/example_dags/tutorial.py for tasks to queue
[2022-04-11 13:31:46,007] {logging_mixin.py:109} INFO - [2022-04-11 13:31:46,007] {dagbag.py:500} INFO - Filling up the DagBag from /home/airflow/.local/lib/python3.7/site-packages/airflow/example_dags/tutorial.py
[2022-04-11 13:31:46,032] {processor.py:652} INFO - DAG(s) dict_keys(['tutorial']) retrieved from /home/airflow/.local/lib/python3.7/site-packages/airflow/example_dags/tutorial.py
[2022-04-11 13:31:46,081] {logging_mixin.py:109} INFO - [2022-04-11 13:31:46,081] {dag.py:2398} INFO - Sync 1 DAGs
[2022-04-11 13:31:46,114] {logging_mixin.py:109} INFO - [2022-04-11 13:31:46,114] {dag.py:2937} INFO - Setting next_dagrun for tutorial to 2022-04-10T13:31:46.114412+00:00
[2022-04-11 13:31:46,139] {processor.py:171} INFO - Processing /home/airflow/.local/lib/python3.7/site-packages/airflow/example_dags/tutorial.py took 0.145 seconds
[2022-04-11 13:32:17,003] {processor.py:163} INFO - Started process (PID=835) to work on /home/airflow/.local/lib/python3.7/site-packages/airflow/example_dags/tutorial.py
[2022-04-11 13:32:17,006] {processor.py:642} INFO - Processing file /home/airflow/.local/lib/python3.7/site-packages/airflow/example_dags/tutorial.py for tasks to queue
[2022-04-11 13:32:17,008] {logging_mixin.py:109} INFO - [2022-04-11 13:32:17,007] {dagbag.py:500} INFO - Filling up the DagBag from /home/airflow/.local/lib/python3.7/site-packages/airflow/example_dags/tutorial.py
[2022-04-11 13:32:17,036] {processor.py:652} INFO - DAG(s) dict_keys(['tutorial']) retrieved from /home/airflow/.local/lib/python3.7/site-packages/airflow/example_dags/tutorial.py
[2022-04-11 13:32:17,074] {logging_mixin.py:109} INFO - [2022-04-11 13:32:17,074] {dag.py:2398} INFO - Sync 1 DAGs
[2022-04-11 13:32:17,108] {logging_mixin.py:109} INFO - [2022-04-11 13:32:17,107] {dag.py:2937} INFO - Setting next_dagrun for tutorial to 2022-04-10T13:32:17.107170+00:00
[2022-04-11 13:32:17,125] {processor.py:171} INFO - Processing /home/airflow/.local/lib/python3.7/site-packages/airflow/example_dags/tutorial.py took 0.127 seconds
[2022-04-11 13:32:47,780] {processor.py:163} INFO - Started process (PID=887) to work on /home/airflow/.local/lib/python3.7/site-packages/airflow/example_dags/tutorial.py
[2022-04-11 13:32:47,783] {processor.py:642} INFO - Processing file /home/airflow/.local/lib/python3.7/site-packages/airflow/example_dags/tutorial.py for tasks to queue
[2022-04-11 13:32:47,784] {logging_mixin.py:109} INFO - [2022-04-11 13:32:47,784] {dagbag.py:500} INFO - Filling up the DagBag from /home/airflow/.local/lib/python3.7/site-packages/airflow/example_dags/tutorial.py
[2022-04-11 13:32:47,804] {processor.py:652} INFO - DAG(s) dict_keys(['tutorial']) retrieved from /home/airflow/.local/lib/python3.7/site-packages/airflow/example_dags/tutorial.py
[2022-04-11 13:32:47,831] {logging_mixin.py:109} INFO - [2022-04-11 13:32:47,831] {dag.py:2398} INFO - Sync 1 DAGs
[2022-04-11 13:32:47,853] {logging_mixin.py:109} INFO - [2022-04-11 13:32:47,852] {dag.py:2937} INFO - Setting next_dagrun for tutorial to 2022-04-10T13:32:47.852591+00:00
[2022-04-11 13:32:47,865] {processor.py:171} INFO - Processing /home/airflow/.local/lib/python3.7/site-packages/airflow/example_dags/tutorial.py took 0.090 seconds
[2022-04-11 13:33:18,316] {processor.py:163} INFO - Started process (PID=939) to work on /home/airflow/.local/lib/python3.7/site-packages/airflow/example_dags/tutorial.py
[2022-04-11 13:33:18,318] {processor.py:642} INFO - Processing file /home/airflow/.local/lib/python3.7/site-packages/airflow/example_dags/tutorial.py for tasks to queue
[2022-04-11 13:33:18,320] {logging_mixin.py:109} INFO - [2022-04-11 13:33:18,319] {dagbag.py:500} INFO - Filling up the DagBag from /home/airflow/.local/lib/python3.7/site-packages/airflow/example_dags/tutorial.py
[2022-04-11 13:33:18,339] {processor.py:652} INFO - DAG(s) dict_keys(['tutorial']) retrieved from /home/airflow/.local/lib/python3.7/site-packages/airflow/example_dags/tutorial.py
[2022-04-11 13:33:18,367] {logging_mixin.py:109} INFO - [2022-04-11 13:33:18,367] {dag.py:2398} INFO - Sync 1 DAGs
[2022-04-11 13:33:18,389] {logging_mixin.py:109} INFO - [2022-04-11 13:33:18,388] {dag.py:2937} INFO - Setting next_dagrun for tutorial to 2022-04-10T13:33:18.388572+00:00
[2022-04-11 13:33:18,400] {processor.py:171} INFO - Processing /home/airflow/.local/lib/python3.7/site-packages/airflow/example_dags/tutorial.py took 0.088 seconds
[2022-04-11 13:33:49,328] {processor.py:163} INFO - Started process (PID=999) to work on /home/airflow/.local/lib/python3.7/site-packages/airflow/example_dags/tutorial.py
[2022-04-11 13:33:49,330] {processor.py:642} INFO - Processing file /home/airflow/.local/lib/python3.7/site-packages/airflow/example_dags/tutorial.py for tasks to queue
[2022-04-11 13:33:49,332] {logging_mixin.py:109} INFO - [2022-04-11 13:33:49,332] {dagbag.py:500} INFO - Filling up the DagBag from /home/airflow/.local/lib/python3.7/site-packages/airflow/example_dags/tutorial.py
[2022-04-11 13:33:49,356] {processor.py:652} INFO - DAG(s) dict_keys(['tutorial']) retrieved from /home/airflow/.local/lib/python3.7/site-packages/airflow/example_dags/tutorial.py
[2022-04-11 13:33:49,385] {logging_mixin.py:109} INFO - [2022-04-11 13:33:49,385] {dag.py:2398} INFO - Sync 1 DAGs
[2022-04-11 13:33:49,413] {logging_mixin.py:109} INFO - [2022-04-11 13:33:49,413] {dag.py:2937} INFO - Setting next_dagrun for tutorial to 2022-04-10T13:33:49.412779+00:00
[2022-04-11 13:33:49,425] {processor.py:171} INFO - Processing /home/airflow/.local/lib/python3.7/site-packages/airflow/example_dags/tutorial.py took 0.102 seconds
[2022-04-11 13:34:20,148] {processor.py:163} INFO - Started process (PID=1051) to work on /home/airflow/.local/lib/python3.7/site-packages/airflow/example_dags/tutorial.py
[2022-04-11 13:34:20,149] {processor.py:642} INFO - Processing file /home/airflow/.local/lib/python3.7/site-packages/airflow/example_dags/tutorial.py for tasks to queue
[2022-04-11 13:34:20,151] {logging_mixin.py:109} INFO - [2022-04-11 13:34:20,151] {dagbag.py:500} INFO - Filling up the DagBag from /home/airflow/.local/lib/python3.7/site-packages/airflow/example_dags/tutorial.py
[2022-04-11 13:34:20,170] {processor.py:652} INFO - DAG(s) dict_keys(['tutorial']) retrieved from /home/airflow/.local/lib/python3.7/site-packages/airflow/example_dags/tutorial.py
[2022-04-11 13:34:20,199] {logging_mixin.py:109} INFO - [2022-04-11 13:34:20,199] {dag.py:2398} INFO - Sync 1 DAGs
[2022-04-11 13:34:20,226] {logging_mixin.py:109} INFO - [2022-04-11 13:34:20,226] {dag.py:2937} INFO - Setting next_dagrun for tutorial to 2022-04-10T13:34:20.225724+00:00
[2022-04-11 13:34:20,238] {processor.py:171} INFO - Processing /home/airflow/.local/lib/python3.7/site-packages/airflow/example_dags/tutorial.py took 0.095 seconds
[2022-04-11 13:34:50,544] {processor.py:163} INFO - Started process (PID=1114) to work on /home/airflow/.local/lib/python3.7/site-packages/airflow/example_dags/tutorial.py
[2022-04-11 13:34:50,546] {processor.py:642} INFO - Processing file /home/airflow/.local/lib/python3.7/site-packages/airflow/example_dags/tutorial.py for tasks to queue
[2022-04-11 13:34:50,548] {logging_mixin.py:109} INFO - [2022-04-11 13:34:50,548] {dagbag.py:500} INFO - Filling up the DagBag from /home/airflow/.local/lib/python3.7/site-packages/airflow/example_dags/tutorial.py
[2022-04-11 13:34:50,569] {processor.py:652} INFO - DAG(s) dict_keys(['tutorial']) retrieved from /home/airflow/.local/lib/python3.7/site-packages/airflow/example_dags/tutorial.py
[2022-04-11 13:34:50,595] {logging_mixin.py:109} INFO - [2022-04-11 13:34:50,594] {dag.py:2398} INFO - Sync 1 DAGs
[2022-04-11 13:34:50,617] {logging_mixin.py:109} INFO - [2022-04-11 13:34:50,617] {dag.py:2937} INFO - Setting next_dagrun for tutorial to 2022-04-10T13:34:50.616796+00:00
[2022-04-11 13:34:50,634] {processor.py:171} INFO - Processing /home/airflow/.local/lib/python3.7/site-packages/airflow/example_dags/tutorial.py took 0.095 seconds
[2022-04-11 13:35:20,879] {processor.py:163} INFO - Started process (PID=1165) to work on /home/airflow/.local/lib/python3.7/site-packages/airflow/example_dags/tutorial.py
[2022-04-11 13:35:20,888] {processor.py:642} INFO - Processing file /home/airflow/.local/lib/python3.7/site-packages/airflow/example_dags/tutorial.py for tasks to queue
[2022-04-11 13:35:20,889] {logging_mixin.py:109} INFO - [2022-04-11 13:35:20,889] {dagbag.py:500} INFO - Filling up the DagBag from /home/airflow/.local/lib/python3.7/site-packages/airflow/example_dags/tutorial.py
[2022-04-11 13:35:20,910] {processor.py:652} INFO - DAG(s) dict_keys(['tutorial']) retrieved from /home/airflow/.local/lib/python3.7/site-packages/airflow/example_dags/tutorial.py
[2022-04-11 13:35:20,937] {logging_mixin.py:109} INFO - [2022-04-11 13:35:20,937] {dag.py:2398} INFO - Sync 1 DAGs
[2022-04-11 13:35:20,958] {logging_mixin.py:109} INFO - [2022-04-11 13:35:20,958] {dag.py:2937} INFO - Setting next_dagrun for tutorial to 2022-04-10T13:35:20.957953+00:00
[2022-04-11 13:35:20,969] {processor.py:171} INFO - Processing /home/airflow/.local/lib/python3.7/site-packages/airflow/example_dags/tutorial.py took 0.093 seconds
[2022-04-11 13:35:51,399] {processor.py:163} INFO - Started process (PID=1227) to work on /home/airflow/.local/lib/python3.7/site-packages/airflow/example_dags/tutorial.py
[2022-04-11 13:35:51,401] {processor.py:642} INFO - Processing file /home/airflow/.local/lib/python3.7/site-packages/airflow/example_dags/tutorial.py for tasks to queue
[2022-04-11 13:35:51,402] {logging_mixin.py:109} INFO - [2022-04-11 13:35:51,402] {dagbag.py:500} INFO - Filling up the DagBag from /home/airflow/.local/lib/python3.7/site-packages/airflow/example_dags/tutorial.py
[2022-04-11 13:35:51,421] {processor.py:652} INFO - DAG(s) dict_keys(['tutorial']) retrieved from /home/airflow/.local/lib/python3.7/site-packages/airflow/example_dags/tutorial.py
[2022-04-11 13:35:51,447] {logging_mixin.py:109} INFO - [2022-04-11 13:35:51,447] {dag.py:2398} INFO - Sync 1 DAGs
[2022-04-11 13:35:51,469] {logging_mixin.py:109} INFO - [2022-04-11 13:35:51,469] {dag.py:2937} INFO - Setting next_dagrun for tutorial to 2022-04-10T13:35:51.468647+00:00
[2022-04-11 13:35:51,480] {processor.py:171} INFO - Processing /home/airflow/.local/lib/python3.7/site-packages/airflow/example_dags/tutorial.py took 0.085 seconds
[2022-04-11 13:36:21,751] {processor.py:163} INFO - Started process (PID=1279) to work on /home/airflow/.local/lib/python3.7/site-packages/airflow/example_dags/tutorial.py
[2022-04-11 13:36:21,753] {processor.py:642} INFO - Processing file /home/airflow/.local/lib/python3.7/site-packages/airflow/example_dags/tutorial.py for tasks to queue
[2022-04-11 13:36:21,755] {logging_mixin.py:109} INFO - [2022-04-11 13:36:21,754] {dagbag.py:500} INFO - Filling up the DagBag from /home/airflow/.local/lib/python3.7/site-packages/airflow/example_dags/tutorial.py
[2022-04-11 13:36:21,778] {processor.py:652} INFO - DAG(s) dict_keys(['tutorial']) retrieved from /home/airflow/.local/lib/python3.7/site-packages/airflow/example_dags/tutorial.py
[2022-04-11 13:36:21,809] {logging_mixin.py:109} INFO - [2022-04-11 13:36:21,809] {dag.py:2398} INFO - Sync 1 DAGs
[2022-04-11 13:36:21,839] {logging_mixin.py:109} INFO - [2022-04-11 13:36:21,839] {dag.py:2937} INFO - Setting next_dagrun for tutorial to 2022-04-10T13:36:21.839495+00:00
[2022-04-11 13:36:21,851] {processor.py:171} INFO - Processing /home/airflow/.local/lib/python3.7/site-packages/airflow/example_dags/tutorial.py took 0.105 seconds
[2022-04-11 13:36:52,143] {processor.py:163} INFO - Started process (PID=1345) to work on /home/airflow/.local/lib/python3.7/site-packages/airflow/example_dags/tutorial.py
[2022-04-11 13:36:52,144] {processor.py:642} INFO - Processing file /home/airflow/.local/lib/python3.7/site-packages/airflow/example_dags/tutorial.py for tasks to queue
[2022-04-11 13:36:52,146] {logging_mixin.py:109} INFO - [2022-04-11 13:36:52,146] {dagbag.py:500} INFO - Filling up the DagBag from /home/airflow/.local/lib/python3.7/site-packages/airflow/example_dags/tutorial.py
[2022-04-11 13:36:52,164] {processor.py:652} INFO - DAG(s) dict_keys(['tutorial']) retrieved from /home/airflow/.local/lib/python3.7/site-packages/airflow/example_dags/tutorial.py
[2022-04-11 13:36:52,190] {logging_mixin.py:109} INFO - [2022-04-11 13:36:52,189] {dag.py:2398} INFO - Sync 1 DAGs
[2022-04-11 13:36:52,210] {logging_mixin.py:109} INFO - [2022-04-11 13:36:52,210] {dag.py:2937} INFO - Setting next_dagrun for tutorial to 2022-04-10T13:36:52.210482+00:00
[2022-04-11 13:36:52,222] {processor.py:171} INFO - Processing /home/airflow/.local/lib/python3.7/site-packages/airflow/example_dags/tutorial.py took 0.083 seconds
[2022-04-11 13:37:22,837] {processor.py:163} INFO - Started process (PID=1397) to work on /home/airflow/.local/lib/python3.7/site-packages/airflow/example_dags/tutorial.py
[2022-04-11 13:37:22,839] {processor.py:642} INFO - Processing file /home/airflow/.local/lib/python3.7/site-packages/airflow/example_dags/tutorial.py for tasks to queue
[2022-04-11 13:37:22,840] {logging_mixin.py:109} INFO - [2022-04-11 13:37:22,840] {dagbag.py:500} INFO - Filling up the DagBag from /home/airflow/.local/lib/python3.7/site-packages/airflow/example_dags/tutorial.py
[2022-04-11 13:37:22,861] {processor.py:652} INFO - DAG(s) dict_keys(['tutorial']) retrieved from /home/airflow/.local/lib/python3.7/site-packages/airflow/example_dags/tutorial.py
[2022-04-11 13:37:22,887] {logging_mixin.py:109} INFO - [2022-04-11 13:37:22,887] {dag.py:2398} INFO - Sync 1 DAGs
[2022-04-11 13:37:22,911] {logging_mixin.py:109} INFO - [2022-04-11 13:37:22,911] {dag.py:2937} INFO - Setting next_dagrun for tutorial to 2022-04-10T13:37:22.911369+00:00
[2022-04-11 13:37:22,925] {processor.py:171} INFO - Processing /home/airflow/.local/lib/python3.7/site-packages/airflow/example_dags/tutorial.py took 0.092 seconds
[2022-04-11 13:37:53,767] {processor.py:163} INFO - Started process (PID=1460) to work on /home/airflow/.local/lib/python3.7/site-packages/airflow/example_dags/tutorial.py
[2022-04-11 13:37:53,770] {processor.py:642} INFO - Processing file /home/airflow/.local/lib/python3.7/site-packages/airflow/example_dags/tutorial.py for tasks to queue
[2022-04-11 13:37:53,771] {logging_mixin.py:109} INFO - [2022-04-11 13:37:53,771] {dagbag.py:500} INFO - Filling up the DagBag from /home/airflow/.local/lib/python3.7/site-packages/airflow/example_dags/tutorial.py
[2022-04-11 13:37:53,790] {processor.py:652} INFO - DAG(s) dict_keys(['tutorial']) retrieved from /home/airflow/.local/lib/python3.7/site-packages/airflow/example_dags/tutorial.py
[2022-04-11 13:37:53,817] {logging_mixin.py:109} INFO - [2022-04-11 13:37:53,816] {dag.py:2398} INFO - Sync 1 DAGs
[2022-04-11 13:37:53,837] {logging_mixin.py:109} INFO - [2022-04-11 13:37:53,837] {dag.py:2937} INFO - Setting next_dagrun for tutorial to 2022-04-10T13:37:53.837337+00:00
[2022-04-11 13:37:53,851] {processor.py:171} INFO - Processing /home/airflow/.local/lib/python3.7/site-packages/airflow/example_dags/tutorial.py took 0.087 seconds
[2022-04-11 13:38:24,424] {processor.py:163} INFO - Started process (PID=1512) to work on /home/airflow/.local/lib/python3.7/site-packages/airflow/example_dags/tutorial.py
[2022-04-11 13:38:24,425] {processor.py:642} INFO - Processing file /home/airflow/.local/lib/python3.7/site-packages/airflow/example_dags/tutorial.py for tasks to queue
[2022-04-11 13:38:24,426] {logging_mixin.py:109} INFO - [2022-04-11 13:38:24,426] {dagbag.py:500} INFO - Filling up the DagBag from /home/airflow/.local/lib/python3.7/site-packages/airflow/example_dags/tutorial.py
[2022-04-11 13:38:24,444] {processor.py:652} INFO - DAG(s) dict_keys(['tutorial']) retrieved from /home/airflow/.local/lib/python3.7/site-packages/airflow/example_dags/tutorial.py
[2022-04-11 13:38:24,467] {logging_mixin.py:109} INFO - [2022-04-11 13:38:24,467] {dag.py:2398} INFO - Sync 1 DAGs
[2022-04-11 13:38:24,489] {logging_mixin.py:109} INFO - [2022-04-11 13:38:24,489] {dag.py:2937} INFO - Setting next_dagrun for tutorial to 2022-04-10T13:38:24.489006+00:00
[2022-04-11 13:38:24,501] {processor.py:171} INFO - Processing /home/airflow/.local/lib/python3.7/site-packages/airflow/example_dags/tutorial.py took 0.081 seconds
[2022-04-11 13:38:55,068] {processor.py:163} INFO - Started process (PID=1574) to work on /home/airflow/.local/lib/python3.7/site-packages/airflow/example_dags/tutorial.py
[2022-04-11 13:38:55,070] {processor.py:642} INFO - Processing file /home/airflow/.local/lib/python3.7/site-packages/airflow/example_dags/tutorial.py for tasks to queue
[2022-04-11 13:38:55,072] {logging_mixin.py:109} INFO - [2022-04-11 13:38:55,072] {dagbag.py:500} INFO - Filling up the DagBag from /home/airflow/.local/lib/python3.7/site-packages/airflow/example_dags/tutorial.py
[2022-04-11 13:38:55,095] {processor.py:652} INFO - DAG(s) dict_keys(['tutorial']) retrieved from /home/airflow/.local/lib/python3.7/site-packages/airflow/example_dags/tutorial.py
[2022-04-11 13:38:55,131] {logging_mixin.py:109} INFO - [2022-04-11 13:38:55,130] {dag.py:2398} INFO - Sync 1 DAGs
[2022-04-11 13:38:55,154] {logging_mixin.py:109} INFO - [2022-04-11 13:38:55,154] {dag.py:2937} INFO - Setting next_dagrun for tutorial to 2022-04-10T13:38:55.154173+00:00
[2022-04-11 13:38:55,169] {processor.py:171} INFO - Processing /home/airflow/.local/lib/python3.7/site-packages/airflow/example_dags/tutorial.py took 0.106 seconds
[2022-04-11 13:39:25,348] {processor.py:163} INFO - Started process (PID=1626) to work on /home/airflow/.local/lib/python3.7/site-packages/airflow/example_dags/tutorial.py
[2022-04-11 13:39:25,351] {processor.py:642} INFO - Processing file /home/airflow/.local/lib/python3.7/site-packages/airflow/example_dags/tutorial.py for tasks to queue
[2022-04-11 13:39:25,353] {logging_mixin.py:109} INFO - [2022-04-11 13:39:25,353] {dagbag.py:500} INFO - Filling up the DagBag from /home/airflow/.local/lib/python3.7/site-packages/airflow/example_dags/tutorial.py
[2022-04-11 13:39:25,378] {processor.py:652} INFO - DAG(s) dict_keys(['tutorial']) retrieved from /home/airflow/.local/lib/python3.7/site-packages/airflow/example_dags/tutorial.py
[2022-04-11 13:39:25,406] {logging_mixin.py:109} INFO - [2022-04-11 13:39:25,406] {dag.py:2398} INFO - Sync 1 DAGs
[2022-04-11 13:39:25,436] {logging_mixin.py:109} INFO - [2022-04-11 13:39:25,436] {dag.py:2937} INFO - Setting next_dagrun for tutorial to 2022-04-10T13:39:25.436147+00:00
[2022-04-11 13:39:25,454] {processor.py:171} INFO - Processing /home/airflow/.local/lib/python3.7/site-packages/airflow/example_dags/tutorial.py took 0.112 seconds
[2022-04-11 13:39:55,750] {processor.py:163} INFO - Started process (PID=1677) to work on /home/airflow/.local/lib/python3.7/site-packages/airflow/example_dags/tutorial.py
[2022-04-11 13:39:55,752] {processor.py:642} INFO - Processing file /home/airflow/.local/lib/python3.7/site-packages/airflow/example_dags/tutorial.py for tasks to queue
[2022-04-11 13:39:55,753] {logging_mixin.py:109} INFO - [2022-04-11 13:39:55,753] {dagbag.py:500} INFO - Filling up the DagBag from /home/airflow/.local/lib/python3.7/site-packages/airflow/example_dags/tutorial.py
[2022-04-11 13:39:55,776] {processor.py:652} INFO - DAG(s) dict_keys(['tutorial']) retrieved from /home/airflow/.local/lib/python3.7/site-packages/airflow/example_dags/tutorial.py
[2022-04-11 13:39:55,804] {logging_mixin.py:109} INFO - [2022-04-11 13:39:55,804] {dag.py:2398} INFO - Sync 1 DAGs
[2022-04-11 13:39:55,829] {logging_mixin.py:109} INFO - [2022-04-11 13:39:55,829] {dag.py:2937} INFO - Setting next_dagrun for tutorial to 2022-04-10T13:39:55.829070+00:00
[2022-04-11 13:39:55,844] {processor.py:171} INFO - Processing /home/airflow/.local/lib/python3.7/site-packages/airflow/example_dags/tutorial.py took 0.104 seconds
[2022-04-11 13:40:26,272] {processor.py:163} INFO - Started process (PID=1740) to work on /home/airflow/.local/lib/python3.7/site-packages/airflow/example_dags/tutorial.py
[2022-04-11 13:40:26,274] {processor.py:642} INFO - Processing file /home/airflow/.local/lib/python3.7/site-packages/airflow/example_dags/tutorial.py for tasks to queue
[2022-04-11 13:40:26,277] {logging_mixin.py:109} INFO - [2022-04-11 13:40:26,277] {dagbag.py:500} INFO - Filling up the DagBag from /home/airflow/.local/lib/python3.7/site-packages/airflow/example_dags/tutorial.py
[2022-04-11 13:40:26,312] {processor.py:652} INFO - DAG(s) dict_keys(['tutorial']) retrieved from /home/airflow/.local/lib/python3.7/site-packages/airflow/example_dags/tutorial.py
[2022-04-11 13:40:26,339] {logging_mixin.py:109} INFO - [2022-04-11 13:40:26,339] {dag.py:2398} INFO - Sync 1 DAGs
[2022-04-11 13:40:26,371] {logging_mixin.py:109} INFO - [2022-04-11 13:40:26,370] {dag.py:2937} INFO - Setting next_dagrun for tutorial to 2022-04-10T13:40:26.370604+00:00
[2022-04-11 13:40:26,387] {processor.py:171} INFO - Processing /home/airflow/.local/lib/python3.7/site-packages/airflow/example_dags/tutorial.py took 0.119 seconds
[2022-04-11 13:40:56,751] {processor.py:163} INFO - Started process (PID=1794) to work on /home/airflow/.local/lib/python3.7/site-packages/airflow/example_dags/tutorial.py
[2022-04-11 13:40:56,753] {processor.py:642} INFO - Processing file /home/airflow/.local/lib/python3.7/site-packages/airflow/example_dags/tutorial.py for tasks to queue
[2022-04-11 13:40:56,756] {logging_mixin.py:109} INFO - [2022-04-11 13:40:56,756] {dagbag.py:500} INFO - Filling up the DagBag from /home/airflow/.local/lib/python3.7/site-packages/airflow/example_dags/tutorial.py
[2022-04-11 13:40:56,781] {processor.py:652} INFO - DAG(s) dict_keys(['tutorial']) retrieved from /home/airflow/.local/lib/python3.7/site-packages/airflow/example_dags/tutorial.py
[2022-04-11 13:40:56,811] {logging_mixin.py:109} INFO - [2022-04-11 13:40:56,811] {dag.py:2398} INFO - Sync 1 DAGs
[2022-04-11 13:40:56,836] {logging_mixin.py:109} INFO - [2022-04-11 13:40:56,836] {dag.py:2937} INFO - Setting next_dagrun for tutorial to 2022-04-10T13:40:56.836262+00:00
[2022-04-11 13:40:56,850] {processor.py:171} INFO - Processing /home/airflow/.local/lib/python3.7/site-packages/airflow/example_dags/tutorial.py took 0.104 seconds
[2022-04-11 13:41:27,376] {processor.py:163} INFO - Started process (PID=1846) to work on /home/airflow/.local/lib/python3.7/site-packages/airflow/example_dags/tutorial.py
[2022-04-11 13:41:27,379] {processor.py:642} INFO - Processing file /home/airflow/.local/lib/python3.7/site-packages/airflow/example_dags/tutorial.py for tasks to queue
[2022-04-11 13:41:27,381] {logging_mixin.py:109} INFO - [2022-04-11 13:41:27,380] {dagbag.py:500} INFO - Filling up the DagBag from /home/airflow/.local/lib/python3.7/site-packages/airflow/example_dags/tutorial.py
[2022-04-11 13:41:27,407] {processor.py:652} INFO - DAG(s) dict_keys(['tutorial']) retrieved from /home/airflow/.local/lib/python3.7/site-packages/airflow/example_dags/tutorial.py
[2022-04-11 13:41:27,435] {logging_mixin.py:109} INFO - [2022-04-11 13:41:27,435] {dag.py:2398} INFO - Sync 1 DAGs
[2022-04-11 13:41:27,458] {logging_mixin.py:109} INFO - [2022-04-11 13:41:27,458] {dag.py:2937} INFO - Setting next_dagrun for tutorial to 2022-04-10T13:41:27.458400+00:00
[2022-04-11 13:41:27,479] {processor.py:171} INFO - Processing /home/airflow/.local/lib/python3.7/site-packages/airflow/example_dags/tutorial.py took 0.110 seconds
[2022-04-11 13:41:57,906] {processor.py:163} INFO - Started process (PID=1909) to work on /home/airflow/.local/lib/python3.7/site-packages/airflow/example_dags/tutorial.py
[2022-04-11 13:41:57,910] {processor.py:642} INFO - Processing file /home/airflow/.local/lib/python3.7/site-packages/airflow/example_dags/tutorial.py for tasks to queue
[2022-04-11 13:41:57,912] {logging_mixin.py:109} INFO - [2022-04-11 13:41:57,912] {dagbag.py:500} INFO - Filling up the DagBag from /home/airflow/.local/lib/python3.7/site-packages/airflow/example_dags/tutorial.py
[2022-04-11 13:41:57,944] {processor.py:652} INFO - DAG(s) dict_keys(['tutorial']) retrieved from /home/airflow/.local/lib/python3.7/site-packages/airflow/example_dags/tutorial.py
[2022-04-11 13:41:57,994] {logging_mixin.py:109} INFO - [2022-04-11 13:41:57,994] {dag.py:2398} INFO - Sync 1 DAGs
[2022-04-11 13:41:58,044] {logging_mixin.py:109} INFO - [2022-04-11 13:41:58,044] {dag.py:2937} INFO - Setting next_dagrun for tutorial to 2022-04-10T13:41:58.044115+00:00
[2022-04-11 13:41:58,086] {processor.py:171} INFO - Processing /home/airflow/.local/lib/python3.7/site-packages/airflow/example_dags/tutorial.py took 0.185 seconds
[2022-04-11 13:42:28,174] {processor.py:163} INFO - Started process (PID=1961) to work on /home/airflow/.local/lib/python3.7/site-packages/airflow/example_dags/tutorial.py
[2022-04-11 13:42:28,176] {processor.py:642} INFO - Processing file /home/airflow/.local/lib/python3.7/site-packages/airflow/example_dags/tutorial.py for tasks to queue
[2022-04-11 13:42:28,177] {logging_mixin.py:109} INFO - [2022-04-11 13:42:28,177] {dagbag.py:500} INFO - Filling up the DagBag from /home/airflow/.local/lib/python3.7/site-packages/airflow/example_dags/tutorial.py
[2022-04-11 13:42:28,200] {processor.py:652} INFO - DAG(s) dict_keys(['tutorial']) retrieved from /home/airflow/.local/lib/python3.7/site-packages/airflow/example_dags/tutorial.py
[2022-04-11 13:42:28,225] {logging_mixin.py:109} INFO - [2022-04-11 13:42:28,225] {dag.py:2398} INFO - Sync 1 DAGs
[2022-04-11 13:42:28,247] {logging_mixin.py:109} INFO - [2022-04-11 13:42:28,247] {dag.py:2937} INFO - Setting next_dagrun for tutorial to 2022-04-10T13:42:28.247001+00:00
[2022-04-11 13:42:28,259] {processor.py:171} INFO - Processing /home/airflow/.local/lib/python3.7/site-packages/airflow/example_dags/tutorial.py took 0.089 seconds
[2022-04-11 13:42:59,112] {processor.py:163} INFO - Started process (PID=2024) to work on /home/airflow/.local/lib/python3.7/site-packages/airflow/example_dags/tutorial.py
[2022-04-11 13:42:59,114] {processor.py:642} INFO - Processing file /home/airflow/.local/lib/python3.7/site-packages/airflow/example_dags/tutorial.py for tasks to queue
[2022-04-11 13:42:59,115] {logging_mixin.py:109} INFO - [2022-04-11 13:42:59,115] {dagbag.py:500} INFO - Filling up the DagBag from /home/airflow/.local/lib/python3.7/site-packages/airflow/example_dags/tutorial.py
[2022-04-11 13:42:59,134] {processor.py:652} INFO - DAG(s) dict_keys(['tutorial']) retrieved from /home/airflow/.local/lib/python3.7/site-packages/airflow/example_dags/tutorial.py
[2022-04-11 13:42:59,155] {logging_mixin.py:109} INFO - [2022-04-11 13:42:59,155] {dag.py:2398} INFO - Sync 1 DAGs
[2022-04-11 13:42:59,174] {logging_mixin.py:109} INFO - [2022-04-11 13:42:59,174] {dag.py:2937} INFO - Setting next_dagrun for tutorial to 2022-04-10T13:42:59.174453+00:00
[2022-04-11 13:42:59,185] {processor.py:171} INFO - Processing /home/airflow/.local/lib/python3.7/site-packages/airflow/example_dags/tutorial.py took 0.079 seconds
[2022-04-11 13:43:29,527] {processor.py:163} INFO - Started process (PID=2076) to work on /home/airflow/.local/lib/python3.7/site-packages/airflow/example_dags/tutorial.py
[2022-04-11 13:43:29,529] {processor.py:642} INFO - Processing file /home/airflow/.local/lib/python3.7/site-packages/airflow/example_dags/tutorial.py for tasks to queue
[2022-04-11 13:43:29,530] {logging_mixin.py:109} INFO - [2022-04-11 13:43:29,530] {dagbag.py:500} INFO - Filling up the DagBag from /home/airflow/.local/lib/python3.7/site-packages/airflow/example_dags/tutorial.py
[2022-04-11 13:43:29,549] {processor.py:652} INFO - DAG(s) dict_keys(['tutorial']) retrieved from /home/airflow/.local/lib/python3.7/site-packages/airflow/example_dags/tutorial.py
[2022-04-11 13:43:29,571] {logging_mixin.py:109} INFO - [2022-04-11 13:43:29,571] {dag.py:2398} INFO - Sync 1 DAGs
[2022-04-11 13:43:29,590] {logging_mixin.py:109} INFO - [2022-04-11 13:43:29,590] {dag.py:2937} INFO - Setting next_dagrun for tutorial to 2022-04-10T13:43:29.589921+00:00
[2022-04-11 13:43:29,604] {processor.py:171} INFO - Processing /home/airflow/.local/lib/python3.7/site-packages/airflow/example_dags/tutorial.py took 0.081 seconds
[2022-04-11 13:44:00,322] {processor.py:163} INFO - Started process (PID=2140) to work on /home/airflow/.local/lib/python3.7/site-packages/airflow/example_dags/tutorial.py
[2022-04-11 13:44:00,324] {processor.py:642} INFO - Processing file /home/airflow/.local/lib/python3.7/site-packages/airflow/example_dags/tutorial.py for tasks to queue
[2022-04-11 13:44:00,326] {logging_mixin.py:109} INFO - [2022-04-11 13:44:00,326] {dagbag.py:500} INFO - Filling up the DagBag from /home/airflow/.local/lib/python3.7/site-packages/airflow/example_dags/tutorial.py
[2022-04-11 13:44:00,347] {processor.py:652} INFO - DAG(s) dict_keys(['tutorial']) retrieved from /home/airflow/.local/lib/python3.7/site-packages/airflow/example_dags/tutorial.py
[2022-04-11 13:44:00,373] {logging_mixin.py:109} INFO - [2022-04-11 13:44:00,373] {dag.py:2398} INFO - Sync 1 DAGs
[2022-04-11 13:44:00,393] {logging_mixin.py:109} INFO - [2022-04-11 13:44:00,393] {dag.py:2937} INFO - Setting next_dagrun for tutorial to 2022-04-10T13:44:00.393401+00:00
[2022-04-11 13:44:00,406] {processor.py:171} INFO - Processing /home/airflow/.local/lib/python3.7/site-packages/airflow/example_dags/tutorial.py took 0.089 seconds
[2022-04-11 13:44:31,069] {processor.py:163} INFO - Started process (PID=2192) to work on /home/airflow/.local/lib/python3.7/site-packages/airflow/example_dags/tutorial.py
[2022-04-11 13:44:31,071] {processor.py:642} INFO - Processing file /home/airflow/.local/lib/python3.7/site-packages/airflow/example_dags/tutorial.py for tasks to queue
[2022-04-11 13:44:31,073] {logging_mixin.py:109} INFO - [2022-04-11 13:44:31,073] {dagbag.py:500} INFO - Filling up the DagBag from /home/airflow/.local/lib/python3.7/site-packages/airflow/example_dags/tutorial.py
[2022-04-11 13:44:31,104] {processor.py:652} INFO - DAG(s) dict_keys(['tutorial']) retrieved from /home/airflow/.local/lib/python3.7/site-packages/airflow/example_dags/tutorial.py
[2022-04-11 13:44:31,129] {logging_mixin.py:109} INFO - [2022-04-11 13:44:31,129] {dag.py:2398} INFO - Sync 1 DAGs
[2022-04-11 13:44:31,149] {logging_mixin.py:109} INFO - [2022-04-11 13:44:31,149] {dag.py:2937} INFO - Setting next_dagrun for tutorial to 2022-04-10T13:44:31.149523+00:00
[2022-04-11 13:44:31,159] {processor.py:171} INFO - Processing /home/airflow/.local/lib/python3.7/site-packages/airflow/example_dags/tutorial.py took 0.096 seconds
[2022-04-11 13:45:01,480] {processor.py:163} INFO - Started process (PID=2243) to work on /home/airflow/.local/lib/python3.7/site-packages/airflow/example_dags/tutorial.py
[2022-04-11 13:45:01,483] {processor.py:642} INFO - Processing file /home/airflow/.local/lib/python3.7/site-packages/airflow/example_dags/tutorial.py for tasks to queue
[2022-04-11 13:45:01,486] {logging_mixin.py:109} INFO - [2022-04-11 13:45:01,485] {dagbag.py:500} INFO - Filling up the DagBag from /home/airflow/.local/lib/python3.7/site-packages/airflow/example_dags/tutorial.py
[2022-04-11 13:45:01,514] {processor.py:652} INFO - DAG(s) dict_keys(['tutorial']) retrieved from /home/airflow/.local/lib/python3.7/site-packages/airflow/example_dags/tutorial.py
[2022-04-11 13:45:01,546] {logging_mixin.py:109} INFO - [2022-04-11 13:45:01,546] {dag.py:2398} INFO - Sync 1 DAGs
[2022-04-11 13:45:01,582] {logging_mixin.py:109} INFO - [2022-04-11 13:45:01,582] {dag.py:2937} INFO - Setting next_dagrun for tutorial to 2022-04-10T13:45:01.581837+00:00
[2022-04-11 13:45:01,604] {processor.py:171} INFO - Processing /home/airflow/.local/lib/python3.7/site-packages/airflow/example_dags/tutorial.py took 0.130 seconds
[2022-04-11 13:45:32,320] {processor.py:163} INFO - Started process (PID=2303) to work on /home/airflow/.local/lib/python3.7/site-packages/airflow/example_dags/tutorial.py
[2022-04-11 13:45:32,323] {processor.py:642} INFO - Processing file /home/airflow/.local/lib/python3.7/site-packages/airflow/example_dags/tutorial.py for tasks to queue
[2022-04-11 13:45:32,324] {logging_mixin.py:109} INFO - [2022-04-11 13:45:32,324] {dagbag.py:500} INFO - Filling up the DagBag from /home/airflow/.local/lib/python3.7/site-packages/airflow/example_dags/tutorial.py
[2022-04-11 13:45:32,350] {processor.py:652} INFO - DAG(s) dict_keys(['tutorial']) retrieved from /home/airflow/.local/lib/python3.7/site-packages/airflow/example_dags/tutorial.py
[2022-04-11 13:45:32,384] {logging_mixin.py:109} INFO - [2022-04-11 13:45:32,384] {dag.py:2398} INFO - Sync 1 DAGs
[2022-04-11 13:45:32,416] {logging_mixin.py:109} INFO - [2022-04-11 13:45:32,416] {dag.py:2937} INFO - Setting next_dagrun for tutorial to 2022-04-10T13:45:32.416087+00:00
[2022-04-11 13:45:32,432] {processor.py:171} INFO - Processing /home/airflow/.local/lib/python3.7/site-packages/airflow/example_dags/tutorial.py took 0.118 seconds
[2022-04-11 13:46:02,998] {processor.py:163} INFO - Started process (PID=2355) to work on /home/airflow/.local/lib/python3.7/site-packages/airflow/example_dags/tutorial.py
[2022-04-11 13:46:03,003] {processor.py:642} INFO - Processing file /home/airflow/.local/lib/python3.7/site-packages/airflow/example_dags/tutorial.py for tasks to queue
[2022-04-11 13:46:03,005] {logging_mixin.py:109} INFO - [2022-04-11 13:46:03,005] {dagbag.py:500} INFO - Filling up the DagBag from /home/airflow/.local/lib/python3.7/site-packages/airflow/example_dags/tutorial.py
[2022-04-11 13:46:03,028] {processor.py:652} INFO - DAG(s) dict_keys(['tutorial']) retrieved from /home/airflow/.local/lib/python3.7/site-packages/airflow/example_dags/tutorial.py
[2022-04-11 13:46:03,058] {logging_mixin.py:109} INFO - [2022-04-11 13:46:03,057] {dag.py:2398} INFO - Sync 1 DAGs
[2022-04-11 13:46:03,078] {logging_mixin.py:109} INFO - [2022-04-11 13:46:03,078] {dag.py:2937} INFO - Setting next_dagrun for tutorial to 2022-04-10T13:46:03.077743+00:00
[2022-04-11 13:46:03,089] {processor.py:171} INFO - Processing /home/airflow/.local/lib/python3.7/site-packages/airflow/example_dags/tutorial.py took 0.097 seconds
[2022-04-11 13:46:34,473] {processor.py:163} INFO - Started process (PID=2417) to work on /home/airflow/.local/lib/python3.7/site-packages/airflow/example_dags/tutorial.py
[2022-04-11 13:46:34,478] {processor.py:642} INFO - Processing file /home/airflow/.local/lib/python3.7/site-packages/airflow/example_dags/tutorial.py for tasks to queue
[2022-04-11 13:46:34,481] {logging_mixin.py:109} INFO - [2022-04-11 13:46:34,481] {dagbag.py:500} INFO - Filling up the DagBag from /home/airflow/.local/lib/python3.7/site-packages/airflow/example_dags/tutorial.py
[2022-04-11 13:46:34,524] {processor.py:652} INFO - DAG(s) dict_keys(['tutorial']) retrieved from /home/airflow/.local/lib/python3.7/site-packages/airflow/example_dags/tutorial.py
[2022-04-11 13:46:34,562] {logging_mixin.py:109} INFO - [2022-04-11 13:46:34,562] {dag.py:2398} INFO - Sync 1 DAGs
[2022-04-11 13:46:34,610] {logging_mixin.py:109} INFO - [2022-04-11 13:46:34,610] {dag.py:2937} INFO - Setting next_dagrun for tutorial to 2022-04-10T13:46:34.610224+00:00
[2022-04-11 13:46:34,633] {processor.py:171} INFO - Processing /home/airflow/.local/lib/python3.7/site-packages/airflow/example_dags/tutorial.py took 0.168 seconds
[2022-04-11 13:47:05,169] {processor.py:163} INFO - Started process (PID=2471) to work on /home/airflow/.local/lib/python3.7/site-packages/airflow/example_dags/tutorial.py
[2022-04-11 13:47:05,172] {processor.py:642} INFO - Processing file /home/airflow/.local/lib/python3.7/site-packages/airflow/example_dags/tutorial.py for tasks to queue
[2022-04-11 13:47:05,174] {logging_mixin.py:109} INFO - [2022-04-11 13:47:05,174] {dagbag.py:500} INFO - Filling up the DagBag from /home/airflow/.local/lib/python3.7/site-packages/airflow/example_dags/tutorial.py
[2022-04-11 13:47:05,221] {processor.py:652} INFO - DAG(s) dict_keys(['tutorial']) retrieved from /home/airflow/.local/lib/python3.7/site-packages/airflow/example_dags/tutorial.py
[2022-04-11 13:47:05,279] {logging_mixin.py:109} INFO - [2022-04-11 13:47:05,279] {dag.py:2398} INFO - Sync 1 DAGs
[2022-04-11 13:47:05,331] {logging_mixin.py:109} INFO - [2022-04-11 13:47:05,331] {dag.py:2937} INFO - Setting next_dagrun for tutorial to 2022-04-10T13:47:05.330437+00:00
[2022-04-11 13:47:05,361] {processor.py:171} INFO - Processing /home/airflow/.local/lib/python3.7/site-packages/airflow/example_dags/tutorial.py took 0.209 seconds
[2022-04-11 13:47:35,788] {processor.py:163} INFO - Started process (PID=2524) to work on /home/airflow/.local/lib/python3.7/site-packages/airflow/example_dags/tutorial.py
[2022-04-11 13:47:35,790] {processor.py:642} INFO - Processing file /home/airflow/.local/lib/python3.7/site-packages/airflow/example_dags/tutorial.py for tasks to queue
[2022-04-11 13:47:35,792] {logging_mixin.py:109} INFO - [2022-04-11 13:47:35,792] {dagbag.py:500} INFO - Filling up the DagBag from /home/airflow/.local/lib/python3.7/site-packages/airflow/example_dags/tutorial.py
[2022-04-11 13:47:35,825] {processor.py:652} INFO - DAG(s) dict_keys(['tutorial']) retrieved from /home/airflow/.local/lib/python3.7/site-packages/airflow/example_dags/tutorial.py
[2022-04-11 13:47:35,861] {logging_mixin.py:109} INFO - [2022-04-11 13:47:35,860] {dag.py:2398} INFO - Sync 1 DAGs
[2022-04-11 13:47:35,901] {logging_mixin.py:109} INFO - [2022-04-11 13:47:35,901] {dag.py:2937} INFO - Setting next_dagrun for tutorial to 2022-04-10T13:47:35.900917+00:00
[2022-04-11 13:47:35,921] {processor.py:171} INFO - Processing /home/airflow/.local/lib/python3.7/site-packages/airflow/example_dags/tutorial.py took 0.140 seconds
[2022-04-11 13:48:06,615] {processor.py:163} INFO - Started process (PID=2587) to work on /home/airflow/.local/lib/python3.7/site-packages/airflow/example_dags/tutorial.py
[2022-04-11 13:48:06,618] {processor.py:642} INFO - Processing file /home/airflow/.local/lib/python3.7/site-packages/airflow/example_dags/tutorial.py for tasks to queue
[2022-04-11 13:48:06,621] {logging_mixin.py:109} INFO - [2022-04-11 13:48:06,621] {dagbag.py:500} INFO - Filling up the DagBag from /home/airflow/.local/lib/python3.7/site-packages/airflow/example_dags/tutorial.py
[2022-04-11 13:48:06,642] {processor.py:652} INFO - DAG(s) dict_keys(['tutorial']) retrieved from /home/airflow/.local/lib/python3.7/site-packages/airflow/example_dags/tutorial.py
[2022-04-11 13:48:06,668] {logging_mixin.py:109} INFO - [2022-04-11 13:48:06,667] {dag.py:2398} INFO - Sync 1 DAGs
[2022-04-11 13:48:06,689] {logging_mixin.py:109} INFO - [2022-04-11 13:48:06,689] {dag.py:2937} INFO - Setting next_dagrun for tutorial to 2022-04-10T13:48:06.688840+00:00
[2022-04-11 13:48:06,702] {processor.py:171} INFO - Processing /home/airflow/.local/lib/python3.7/site-packages/airflow/example_dags/tutorial.py took 0.091 seconds
[2022-04-11 13:48:37,305] {processor.py:163} INFO - Started process (PID=2639) to work on /home/airflow/.local/lib/python3.7/site-packages/airflow/example_dags/tutorial.py
[2022-04-11 13:48:37,307] {processor.py:642} INFO - Processing file /home/airflow/.local/lib/python3.7/site-packages/airflow/example_dags/tutorial.py for tasks to queue
[2022-04-11 13:48:37,308] {logging_mixin.py:109} INFO - [2022-04-11 13:48:37,308] {dagbag.py:500} INFO - Filling up the DagBag from /home/airflow/.local/lib/python3.7/site-packages/airflow/example_dags/tutorial.py
[2022-04-11 13:48:37,329] {processor.py:652} INFO - DAG(s) dict_keys(['tutorial']) retrieved from /home/airflow/.local/lib/python3.7/site-packages/airflow/example_dags/tutorial.py
[2022-04-11 13:48:37,355] {logging_mixin.py:109} INFO - [2022-04-11 13:48:37,355] {dag.py:2398} INFO - Sync 1 DAGs
[2022-04-11 13:48:37,416] {logging_mixin.py:109} INFO - [2022-04-11 13:48:37,416] {dag.py:2937} INFO - Setting next_dagrun for tutorial to 2022-04-10T13:48:37.415675+00:00
[2022-04-11 13:48:37,428] {processor.py:171} INFO - Processing /home/airflow/.local/lib/python3.7/site-packages/airflow/example_dags/tutorial.py took 0.128 seconds
[2022-04-11 13:49:07,991] {processor.py:163} INFO - Started process (PID=2702) to work on /home/airflow/.local/lib/python3.7/site-packages/airflow/example_dags/tutorial.py
[2022-04-11 13:49:07,993] {processor.py:642} INFO - Processing file /home/airflow/.local/lib/python3.7/site-packages/airflow/example_dags/tutorial.py for tasks to queue
[2022-04-11 13:49:07,994] {logging_mixin.py:109} INFO - [2022-04-11 13:49:07,994] {dagbag.py:500} INFO - Filling up the DagBag from /home/airflow/.local/lib/python3.7/site-packages/airflow/example_dags/tutorial.py
[2022-04-11 13:49:08,016] {processor.py:652} INFO - DAG(s) dict_keys(['tutorial']) retrieved from /home/airflow/.local/lib/python3.7/site-packages/airflow/example_dags/tutorial.py
[2022-04-11 13:49:08,040] {logging_mixin.py:109} INFO - [2022-04-11 13:49:08,040] {dag.py:2398} INFO - Sync 1 DAGs
[2022-04-11 13:49:08,059] {logging_mixin.py:109} INFO - [2022-04-11 13:49:08,059] {dag.py:2937} INFO - Setting next_dagrun for tutorial to 2022-04-10T13:49:08.059241+00:00
[2022-04-11 13:49:08,071] {processor.py:171} INFO - Processing /home/airflow/.local/lib/python3.7/site-packages/airflow/example_dags/tutorial.py took 0.085 seconds
