[2022-04-11 13:46:46,031] {taskinstance.py:1043} INFO - Dependencies all met for <TaskInstance: check_stock_price_dag.check_stock_price scheduled__2022-04-10T00:04:00+00:00 [queued]>
[2022-04-11 13:46:46,067] {taskinstance.py:1043} INFO - Dependencies all met for <TaskInstance: check_stock_price_dag.check_stock_price scheduled__2022-04-10T00:04:00+00:00 [queued]>
[2022-04-11 13:46:46,068] {taskinstance.py:1249} INFO - 
--------------------------------------------------------------------------------
[2022-04-11 13:46:46,069] {taskinstance.py:1250} INFO - Starting attempt 1 of 2
[2022-04-11 13:46:46,071] {taskinstance.py:1251} INFO - 
--------------------------------------------------------------------------------
[2022-04-11 13:46:46,094] {taskinstance.py:1270} INFO - Executing <Task(BranchPythonOperator): check_stock_price> on 2022-04-10 00:04:00+00:00
[2022-04-11 13:46:46,111] {standard_task_runner.py:52} INFO - Started process 975 to run task
[2022-04-11 13:46:46,118] {standard_task_runner.py:79} INFO - Running: ['***', 'tasks', 'run', 'check_stock_price_dag', 'check_stock_price', 'scheduled__2022-04-10T00:04:00+00:00', '--job-id', '19', '--raw', '--subdir', 'DAGS_FOLDER/check_stock_price.py', '--cfg-path', '/tmp/tmpcb34s7dw', '--error-file', '/tmp/tmpsm5vmtnc']
[2022-04-11 13:46:46,121] {standard_task_runner.py:80} INFO - Job 19: Subtask check_stock_price
[2022-04-11 13:46:46,237] {logging_mixin.py:109} INFO - Running <TaskInstance: check_stock_price_dag.check_stock_price scheduled__2022-04-10T00:04:00+00:00 [running]> on host c35c8d0e031d
[2022-04-11 13:46:46,362] {taskinstance.py:1448} INFO - Exporting the following env vars:
AIRFLOW_CTX_DAG_OWNER=***
AIRFLOW_CTX_DAG_ID=check_stock_price_dag
AIRFLOW_CTX_TASK_ID=check_stock_price
AIRFLOW_CTX_EXECUTION_DATE=2022-04-10T00:04:00+00:00
AIRFLOW_CTX_DAG_RUN_ID=scheduled__2022-04-10T00:04:00+00:00
[2022-04-11 13:46:46,391] {python.py:175} INFO - Done. Returned value was: send_slack_notification
[2022-04-11 13:46:46,392] {skipmixin.py:140} INFO - Following branch send_slack_notification
[2022-04-11 13:46:46,393] {skipmixin.py:171} INFO - Skipping tasks ['no_op']
[2022-04-11 13:46:46,466] {taskinstance.py:1288} INFO - Marking task as SUCCESS. dag_id=check_stock_price_dag, task_id=check_stock_price, execution_date=20220410T000400, start_date=20220411T134646, end_date=20220411T134646
[2022-04-11 13:46:46,537] {local_task_job.py:154} INFO - Task exited with return code 0
[2022-04-11 13:46:46,641] {local_task_job.py:264} INFO - 1 downstream tasks scheduled from follow-on schedule check
