[2022-04-11 13:46:40,426] {taskinstance.py:1043} INFO - Dependencies all met for <TaskInstance: check_stock_price_dag.check_stock_price scheduled__2022-04-10T00:03:00+00:00 [queued]>
[2022-04-11 13:46:40,456] {taskinstance.py:1043} INFO - Dependencies all met for <TaskInstance: check_stock_price_dag.check_stock_price scheduled__2022-04-10T00:03:00+00:00 [queued]>
[2022-04-11 13:46:40,457] {taskinstance.py:1249} INFO - 
--------------------------------------------------------------------------------
[2022-04-11 13:46:40,459] {taskinstance.py:1250} INFO - Starting attempt 1 of 2
[2022-04-11 13:46:40,461] {taskinstance.py:1251} INFO - 
--------------------------------------------------------------------------------
[2022-04-11 13:46:40,495] {taskinstance.py:1270} INFO - Executing <Task(BranchPythonOperator): check_stock_price> on 2022-04-10 00:03:00+00:00
[2022-04-11 13:46:40,502] {standard_task_runner.py:52} INFO - Started process 969 to run task
[2022-04-11 13:46:40,514] {standard_task_runner.py:79} INFO - Running: ['***', 'tasks', 'run', 'check_stock_price_dag', 'check_stock_price', 'scheduled__2022-04-10T00:03:00+00:00', '--job-id', '16', '--raw', '--subdir', 'DAGS_FOLDER/check_stock_price.py', '--cfg-path', '/tmp/tmprc1sg3ok', '--error-file', '/tmp/tmp4cj_ailj']
[2022-04-11 13:46:40,516] {standard_task_runner.py:80} INFO - Job 16: Subtask check_stock_price
[2022-04-11 13:46:40,665] {logging_mixin.py:109} INFO - Running <TaskInstance: check_stock_price_dag.check_stock_price scheduled__2022-04-10T00:03:00+00:00 [running]> on host c35c8d0e031d
[2022-04-11 13:46:40,817] {taskinstance.py:1448} INFO - Exporting the following env vars:
AIRFLOW_CTX_DAG_OWNER=***
AIRFLOW_CTX_DAG_ID=check_stock_price_dag
AIRFLOW_CTX_TASK_ID=check_stock_price
AIRFLOW_CTX_EXECUTION_DATE=2022-04-10T00:03:00+00:00
AIRFLOW_CTX_DAG_RUN_ID=scheduled__2022-04-10T00:03:00+00:00
[2022-04-11 13:46:40,899] {python.py:175} INFO - Done. Returned value was: send_slack_notification
[2022-04-11 13:46:40,904] {skipmixin.py:140} INFO - Following branch send_slack_notification
[2022-04-11 13:46:40,907] {skipmixin.py:171} INFO - Skipping tasks ['no_op']
[2022-04-11 13:46:41,013] {taskinstance.py:1288} INFO - Marking task as SUCCESS. dag_id=check_stock_price_dag, task_id=check_stock_price, execution_date=20220410T000300, start_date=20220411T134640, end_date=20220411T134641
[2022-04-11 13:46:41,091] {local_task_job.py:154} INFO - Task exited with return code 0
[2022-04-11 13:46:41,181] {local_task_job.py:264} INFO - 0 downstream tasks scheduled from follow-on schedule check
