[2022-04-11 13:48:29,991] {taskinstance.py:1043} INFO - Dependencies all met for <TaskInstance: check_stock_price_dag.get_stock_price scheduled__2022-04-10T00:22:00+00:00 [queued]>
[2022-04-11 13:48:30,001] {taskinstance.py:1043} INFO - Dependencies all met for <TaskInstance: check_stock_price_dag.get_stock_price scheduled__2022-04-10T00:22:00+00:00 [queued]>
[2022-04-11 13:48:30,002] {taskinstance.py:1249} INFO - 
--------------------------------------------------------------------------------
[2022-04-11 13:48:30,002] {taskinstance.py:1250} INFO - Starting attempt 1 of 2
[2022-04-11 13:48:30,003] {taskinstance.py:1251} INFO - 
--------------------------------------------------------------------------------
[2022-04-11 13:48:30,014] {taskinstance.py:1270} INFO - Executing <Task(PythonOperator): get_stock_price> on 2022-04-10 00:22:00+00:00
[2022-04-11 13:48:30,019] {standard_task_runner.py:52} INFO - Started process 1158 to run task
[2022-04-11 13:48:30,022] {standard_task_runner.py:79} INFO - Running: ['***', 'tasks', 'run', 'check_stock_price_dag', 'get_stock_price', 'scheduled__2022-04-10T00:22:00+00:00', '--job-id', '72', '--raw', '--subdir', 'DAGS_FOLDER/check_stock_price.py', '--cfg-path', '/tmp/tmpgredf2l8', '--error-file', '/tmp/tmpk1ivmajl']
[2022-04-11 13:48:30,023] {standard_task_runner.py:80} INFO - Job 72: Subtask get_stock_price
[2022-04-11 13:48:30,087] {logging_mixin.py:109} INFO - Running <TaskInstance: check_stock_price_dag.get_stock_price scheduled__2022-04-10T00:22:00+00:00 [running]> on host c35c8d0e031d
[2022-04-11 13:48:30,140] {taskinstance.py:1448} INFO - Exporting the following env vars:
AIRFLOW_CTX_DAG_OWNER=***
AIRFLOW_CTX_DAG_ID=check_stock_price_dag
AIRFLOW_CTX_TASK_ID=get_stock_price
AIRFLOW_CTX_EXECUTION_DATE=2022-04-10T00:22:00+00:00
AIRFLOW_CTX_DAG_RUN_ID=scheduled__2022-04-10T00:22:00+00:00
[2022-04-11 13:48:30,149] {logging_mixin.py:109} INFO - api_key =  c982tdiad3ibrc51tnug
[2022-04-11 13:48:30,520] {python.py:175} INFO - Done. Returned value was: 131.495
[2022-04-11 13:48:30,544] {taskinstance.py:1288} INFO - Marking task as SUCCESS. dag_id=check_stock_price_dag, task_id=get_stock_price, execution_date=20220410T002200, start_date=20220411T134829, end_date=20220411T134830
[2022-04-11 13:48:30,599] {local_task_job.py:154} INFO - Task exited with return code 0
[2022-04-11 13:48:30,646] {local_task_job.py:264} INFO - 1 downstream tasks scheduled from follow-on schedule check
