[2022-04-11 13:48:18,827] {taskinstance.py:1043} INFO - Dependencies all met for <TaskInstance: check_stock_price_dag.get_stock_price scheduled__2022-04-10T00:20:00+00:00 [queued]>
[2022-04-11 13:48:18,838] {taskinstance.py:1043} INFO - Dependencies all met for <TaskInstance: check_stock_price_dag.get_stock_price scheduled__2022-04-10T00:20:00+00:00 [queued]>
[2022-04-11 13:48:18,838] {taskinstance.py:1249} INFO - 
--------------------------------------------------------------------------------
[2022-04-11 13:48:18,839] {taskinstance.py:1250} INFO - Starting attempt 1 of 2
[2022-04-11 13:48:18,840] {taskinstance.py:1251} INFO - 
--------------------------------------------------------------------------------
[2022-04-11 13:48:18,851] {taskinstance.py:1270} INFO - Executing <Task(PythonOperator): get_stock_price> on 2022-04-10 00:20:00+00:00
[2022-04-11 13:48:18,855] {standard_task_runner.py:52} INFO - Started process 1137 to run task
[2022-04-11 13:48:18,860] {standard_task_runner.py:79} INFO - Running: ['***', 'tasks', 'run', 'check_stock_price_dag', 'get_stock_price', 'scheduled__2022-04-10T00:20:00+00:00', '--job-id', '66', '--raw', '--subdir', 'DAGS_FOLDER/check_stock_price.py', '--cfg-path', '/tmp/tmp_z22__zi', '--error-file', '/tmp/tmp0frbrhd2']
[2022-04-11 13:48:18,861] {standard_task_runner.py:80} INFO - Job 66: Subtask get_stock_price
[2022-04-11 13:48:18,925] {logging_mixin.py:109} INFO - Running <TaskInstance: check_stock_price_dag.get_stock_price scheduled__2022-04-10T00:20:00+00:00 [running]> on host c35c8d0e031d
[2022-04-11 13:48:18,981] {taskinstance.py:1448} INFO - Exporting the following env vars:
AIRFLOW_CTX_DAG_OWNER=***
AIRFLOW_CTX_DAG_ID=check_stock_price_dag
AIRFLOW_CTX_TASK_ID=get_stock_price
AIRFLOW_CTX_EXECUTION_DATE=2022-04-10T00:20:00+00:00
AIRFLOW_CTX_DAG_RUN_ID=scheduled__2022-04-10T00:20:00+00:00
[2022-04-11 13:48:18,990] {logging_mixin.py:109} INFO - api_key =  c982tdiad3ibrc51tnug
[2022-04-11 13:48:19,337] {python.py:175} INFO - Done. Returned value was: 131.495
[2022-04-11 13:48:19,360] {taskinstance.py:1288} INFO - Marking task as SUCCESS. dag_id=check_stock_price_dag, task_id=get_stock_price, execution_date=20220410T002000, start_date=20220411T134818, end_date=20220411T134819
[2022-04-11 13:48:19,395] {local_task_job.py:154} INFO - Task exited with return code 0
[2022-04-11 13:48:19,439] {local_task_job.py:264} INFO - 1 downstream tasks scheduled from follow-on schedule check
