[2022-04-11 13:46:02,711] {taskinstance.py:1043} INFO - Dependencies all met for <TaskInstance: check_stock_price_dag.check_stock_price manual__2022-04-11T13:45:52.525470+00:00 [queued]>
[2022-04-11 13:46:02,724] {taskinstance.py:1043} INFO - Dependencies all met for <TaskInstance: check_stock_price_dag.check_stock_price manual__2022-04-11T13:45:52.525470+00:00 [queued]>
[2022-04-11 13:46:02,725] {taskinstance.py:1249} INFO - 
--------------------------------------------------------------------------------
[2022-04-11 13:46:02,726] {taskinstance.py:1250} INFO - Starting attempt 1 of 2
[2022-04-11 13:46:02,726] {taskinstance.py:1251} INFO - 
--------------------------------------------------------------------------------
[2022-04-11 13:46:02,739] {taskinstance.py:1270} INFO - Executing <Task(BranchPythonOperator): check_stock_price> on 2022-04-11 13:45:52.525470+00:00
[2022-04-11 13:46:02,745] {standard_task_runner.py:52} INFO - Started process 922 to run task
[2022-04-11 13:46:02,751] {standard_task_runner.py:79} INFO - Running: ['***', 'tasks', 'run', 'check_stock_price_dag', 'check_stock_price', 'manual__2022-04-11T13:45:52.525470+00:00', '--job-id', '7', '--raw', '--subdir', 'DAGS_FOLDER/check_stock_price.py', '--cfg-path', '/tmp/tmpd0dwcr5e', '--error-file', '/tmp/tmp84kowg4m']
[2022-04-11 13:46:02,753] {standard_task_runner.py:80} INFO - Job 7: Subtask check_stock_price
[2022-04-11 13:46:02,846] {logging_mixin.py:109} INFO - Running <TaskInstance: check_stock_price_dag.check_stock_price manual__2022-04-11T13:45:52.525470+00:00 [running]> on host c35c8d0e031d
[2022-04-11 13:46:02,935] {taskinstance.py:1448} INFO - Exporting the following env vars:
AIRFLOW_CTX_DAG_OWNER=***
AIRFLOW_CTX_DAG_ID=check_stock_price_dag
AIRFLOW_CTX_TASK_ID=check_stock_price
AIRFLOW_CTX_EXECUTION_DATE=2022-04-11T13:45:52.525470+00:00
AIRFLOW_CTX_DAG_RUN_ID=manual__2022-04-11T13:45:52.525470+00:00
[2022-04-11 13:46:02,970] {python.py:175} INFO - Done. Returned value was: send_slack_notification
[2022-04-11 13:46:02,972] {skipmixin.py:140} INFO - Following branch send_slack_notification
[2022-04-11 13:46:02,973] {skipmixin.py:171} INFO - Skipping tasks ['no_op']
[2022-04-11 13:46:03,025] {taskinstance.py:1288} INFO - Marking task as SUCCESS. dag_id=check_stock_price_dag, task_id=check_stock_price, execution_date=20220411T134552, start_date=20220411T134602, end_date=20220411T134603
[2022-04-11 13:46:03,085] {local_task_job.py:154} INFO - Task exited with return code 0
[2022-04-11 13:46:03,138] {local_task_job.py:264} INFO - 1 downstream tasks scheduled from follow-on schedule check
