[2022-04-11 13:48:16,034] {taskinstance.py:1043} INFO - Dependencies all met for <TaskInstance: check_stock_price_dag.send_slack_notification scheduled__2022-04-10T00:19:00+00:00 [queued]>
[2022-04-11 13:48:16,049] {taskinstance.py:1043} INFO - Dependencies all met for <TaskInstance: check_stock_price_dag.send_slack_notification scheduled__2022-04-10T00:19:00+00:00 [queued]>
[2022-04-11 13:48:16,050] {taskinstance.py:1249} INFO - 
--------------------------------------------------------------------------------
[2022-04-11 13:48:16,051] {taskinstance.py:1250} INFO - Starting attempt 1 of 2
[2022-04-11 13:48:16,052] {taskinstance.py:1251} INFO - 
--------------------------------------------------------------------------------
[2022-04-11 13:48:16,066] {taskinstance.py:1270} INFO - Executing <Task(SimpleHttpOperator): send_slack_notification> on 2022-04-10 00:19:00+00:00
[2022-04-11 13:48:16,072] {standard_task_runner.py:52} INFO - Started process 1135 to run task
[2022-04-11 13:48:16,076] {standard_task_runner.py:79} INFO - Running: ['***', 'tasks', 'run', 'check_stock_price_dag', 'send_slack_notification', 'scheduled__2022-04-10T00:19:00+00:00', '--job-id', '65', '--raw', '--subdir', 'DAGS_FOLDER/check_stock_price.py', '--cfg-path', '/tmp/tmpjifvs3rj', '--error-file', '/tmp/tmpmetze9u0']
[2022-04-11 13:48:16,077] {standard_task_runner.py:80} INFO - Job 65: Subtask send_slack_notification
[2022-04-11 13:48:16,145] {logging_mixin.py:109} INFO - Running <TaskInstance: check_stock_price_dag.send_slack_notification scheduled__2022-04-10T00:19:00+00:00 [running]> on host c35c8d0e031d
[2022-04-11 13:48:16,208] {taskinstance.py:1448} INFO - Exporting the following env vars:
AIRFLOW_CTX_DAG_OWNER=***
AIRFLOW_CTX_DAG_ID=check_stock_price_dag
AIRFLOW_CTX_TASK_ID=send_slack_notification
AIRFLOW_CTX_EXECUTION_DATE=2022-04-10T00:19:00+00:00
AIRFLOW_CTX_DAG_RUN_ID=scheduled__2022-04-10T00:19:00+00:00
[2022-04-11 13:48:16,209] {http.py:102} INFO - Calling HTTP method
[2022-04-11 13:48:16,221] {base.py:79} INFO - Using connection to: id: http_default. Host: https://hooks.slack.com, Port: None, Schema: /services/T06GG7QA3/B03B3PJ2LRX/og1b671vsgFZhmIIK5Lohts4, Login: , Password: None, extra: {}
[2022-04-11 13:48:16,224] {http.py:129} INFO - Sending 'POST' to url: https://hooks.slack.com/services/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
[2022-04-11 13:48:16,626] {taskinstance.py:1288} INFO - Marking task as SUCCESS. dag_id=check_stock_price_dag, task_id=send_slack_notification, execution_date=20220410T001900, start_date=20220411T134816, end_date=20220411T134816
[2022-04-11 13:48:16,652] {local_task_job.py:154} INFO - Task exited with return code 0
[2022-04-11 13:48:16,685] {local_task_job.py:264} INFO - 0 downstream tasks scheduled from follow-on schedule check
