[2022-04-11 13:46:52,083] {taskinstance.py:1043} INFO - Dependencies all met for <TaskInstance: check_stock_price_dag.get_stock_price scheduled__2022-04-10T00:05:00+00:00 [queued]>
[2022-04-11 13:46:52,115] {taskinstance.py:1043} INFO - Dependencies all met for <TaskInstance: check_stock_price_dag.get_stock_price scheduled__2022-04-10T00:05:00+00:00 [queued]>
[2022-04-11 13:46:52,121] {taskinstance.py:1249} INFO - 
--------------------------------------------------------------------------------
[2022-04-11 13:46:52,122] {taskinstance.py:1250} INFO - Starting attempt 1 of 2
[2022-04-11 13:46:52,124] {taskinstance.py:1251} INFO - 
--------------------------------------------------------------------------------
[2022-04-11 13:46:52,151] {taskinstance.py:1270} INFO - Executing <Task(PythonOperator): get_stock_price> on 2022-04-10 00:05:00+00:00
[2022-04-11 13:46:52,163] {standard_task_runner.py:52} INFO - Started process 979 to run task
[2022-04-11 13:46:52,169] {standard_task_runner.py:79} INFO - Running: ['***', 'tasks', 'run', 'check_stock_price_dag', 'get_stock_price', 'scheduled__2022-04-10T00:05:00+00:00', '--job-id', '21', '--raw', '--subdir', 'DAGS_FOLDER/check_stock_price.py', '--cfg-path', '/tmp/tmpoyh2rzlm', '--error-file', '/tmp/tmpswfg8ukv']
[2022-04-11 13:46:52,171] {standard_task_runner.py:80} INFO - Job 21: Subtask get_stock_price
[2022-04-11 13:46:52,312] {logging_mixin.py:109} INFO - Running <TaskInstance: check_stock_price_dag.get_stock_price scheduled__2022-04-10T00:05:00+00:00 [running]> on host c35c8d0e031d
[2022-04-11 13:46:52,418] {taskinstance.py:1448} INFO - Exporting the following env vars:
AIRFLOW_CTX_DAG_OWNER=***
AIRFLOW_CTX_DAG_ID=check_stock_price_dag
AIRFLOW_CTX_TASK_ID=get_stock_price
AIRFLOW_CTX_EXECUTION_DATE=2022-04-10T00:05:00+00:00
AIRFLOW_CTX_DAG_RUN_ID=scheduled__2022-04-10T00:05:00+00:00
[2022-04-11 13:46:52,450] {logging_mixin.py:109} INFO - api_key =  c982tdiad3ibrc51tnug
[2022-04-11 13:46:52,824] {python.py:175} INFO - Done. Returned value was: 131.55
[2022-04-11 13:46:52,848] {taskinstance.py:1288} INFO - Marking task as SUCCESS. dag_id=check_stock_price_dag, task_id=get_stock_price, execution_date=20220410T000500, start_date=20220411T134652, end_date=20220411T134652
[2022-04-11 13:46:52,913] {local_task_job.py:154} INFO - Task exited with return code 0
[2022-04-11 13:46:52,958] {local_task_job.py:264} INFO - 1 downstream tasks scheduled from follow-on schedule check
