[2022-04-11 13:36:40,828] {processor.py:163} INFO - Started process (PID=1317) to work on /opt/airflow/dags/check_stock_price.py
[2022-04-11 13:36:40,831] {processor.py:642} INFO - Processing file /opt/airflow/dags/check_stock_price.py for tasks to queue
[2022-04-11 13:36:40,832] {logging_mixin.py:109} INFO - [2022-04-11 13:36:40,832] {dagbag.py:500} INFO - Filling up the DagBag from /opt/airflow/dags/check_stock_price.py
[2022-04-11 13:36:40,894] {processor.py:652} INFO - DAG(s) dict_keys(['check_stock_price_dag']) retrieved from /opt/airflow/dags/check_stock_price.py
[2022-04-11 13:36:43,117] {logging_mixin.py:109} INFO - [2022-04-11 13:36:43,117] {manager.py:496} INFO - Created Permission View: can read on DAG:check_stock_price_dag
[2022-04-11 13:36:43,127] {logging_mixin.py:109} INFO - [2022-04-11 13:36:43,127] {manager.py:496} INFO - Created Permission View: can edit on DAG:check_stock_price_dag
[2022-04-11 13:36:43,128] {logging_mixin.py:109} INFO - [2022-04-11 13:36:43,128] {dag.py:2398} INFO - Sync 1 DAGs
[2022-04-11 13:36:43,139] {logging_mixin.py:109} INFO - [2022-04-11 13:36:43,139] {dag.py:2417} INFO - Creating ORM DAG for check_stock_price_dag
[2022-04-11 13:36:43,150] {logging_mixin.py:109} INFO - [2022-04-11 13:36:43,150] {dag.py:2937} INFO - Setting next_dagrun for check_stock_price_dag to 2022-04-10T00:00:00+00:00
[2022-04-11 13:36:43,165] {processor.py:171} INFO - Processing /opt/airflow/dags/check_stock_price.py took 2.341 seconds
[2022-04-11 13:37:13,328] {processor.py:163} INFO - Started process (PID=1377) to work on /opt/airflow/dags/check_stock_price.py
[2022-04-11 13:37:13,332] {processor.py:642} INFO - Processing file /opt/airflow/dags/check_stock_price.py for tasks to queue
[2022-04-11 13:37:13,334] {logging_mixin.py:109} INFO - [2022-04-11 13:37:13,334] {dagbag.py:500} INFO - Filling up the DagBag from /opt/airflow/dags/check_stock_price.py
[2022-04-11 13:37:13,368] {processor.py:652} INFO - DAG(s) dict_keys(['check_stock_price_dag']) retrieved from /opt/airflow/dags/check_stock_price.py
[2022-04-11 13:37:13,399] {logging_mixin.py:109} INFO - [2022-04-11 13:37:13,398] {dag.py:2398} INFO - Sync 1 DAGs
[2022-04-11 13:37:13,419] {logging_mixin.py:109} INFO - [2022-04-11 13:37:13,419] {dag.py:2937} INFO - Setting next_dagrun for check_stock_price_dag to 2022-04-10T00:00:00+00:00
[2022-04-11 13:37:13,431] {processor.py:171} INFO - Processing /opt/airflow/dags/check_stock_price.py took 0.108 seconds
[2022-04-11 13:37:43,869] {processor.py:163} INFO - Started process (PID=1437) to work on /opt/airflow/dags/check_stock_price.py
[2022-04-11 13:37:43,872] {processor.py:642} INFO - Processing file /opt/airflow/dags/check_stock_price.py for tasks to queue
[2022-04-11 13:37:43,873] {logging_mixin.py:109} INFO - [2022-04-11 13:37:43,873] {dagbag.py:500} INFO - Filling up the DagBag from /opt/airflow/dags/check_stock_price.py
[2022-04-11 13:37:43,906] {processor.py:652} INFO - DAG(s) dict_keys(['check_stock_price_dag']) retrieved from /opt/airflow/dags/check_stock_price.py
[2022-04-11 13:37:43,936] {logging_mixin.py:109} INFO - [2022-04-11 13:37:43,936] {dag.py:2398} INFO - Sync 1 DAGs
[2022-04-11 13:37:43,958] {logging_mixin.py:109} INFO - [2022-04-11 13:37:43,958] {dag.py:2937} INFO - Setting next_dagrun for check_stock_price_dag to 2022-04-10T00:00:00+00:00
[2022-04-11 13:37:43,971] {processor.py:171} INFO - Processing /opt/airflow/dags/check_stock_price.py took 0.107 seconds
[2022-04-11 13:38:14,114] {processor.py:163} INFO - Started process (PID=1489) to work on /opt/airflow/dags/check_stock_price.py
[2022-04-11 13:38:14,117] {processor.py:642} INFO - Processing file /opt/airflow/dags/check_stock_price.py for tasks to queue
[2022-04-11 13:38:14,118] {logging_mixin.py:109} INFO - [2022-04-11 13:38:14,118] {dagbag.py:500} INFO - Filling up the DagBag from /opt/airflow/dags/check_stock_price.py
[2022-04-11 13:38:14,147] {processor.py:652} INFO - DAG(s) dict_keys(['check_stock_price_dag']) retrieved from /opt/airflow/dags/check_stock_price.py
[2022-04-11 13:38:14,169] {logging_mixin.py:109} INFO - [2022-04-11 13:38:14,169] {dag.py:2398} INFO - Sync 1 DAGs
[2022-04-11 13:38:14,192] {logging_mixin.py:109} INFO - [2022-04-11 13:38:14,192] {dag.py:2937} INFO - Setting next_dagrun for check_stock_price_dag to 2022-04-10T00:00:00+00:00
[2022-04-11 13:38:14,206] {processor.py:171} INFO - Processing /opt/airflow/dags/check_stock_price.py took 0.095 seconds
[2022-04-11 13:38:44,559] {processor.py:163} INFO - Started process (PID=1551) to work on /opt/airflow/dags/check_stock_price.py
[2022-04-11 13:38:44,562] {processor.py:642} INFO - Processing file /opt/airflow/dags/check_stock_price.py for tasks to queue
[2022-04-11 13:38:44,565] {logging_mixin.py:109} INFO - [2022-04-11 13:38:44,564] {dagbag.py:500} INFO - Filling up the DagBag from /opt/airflow/dags/check_stock_price.py
[2022-04-11 13:38:44,600] {processor.py:652} INFO - DAG(s) dict_keys(['check_stock_price_dag']) retrieved from /opt/airflow/dags/check_stock_price.py
[2022-04-11 13:38:44,640] {logging_mixin.py:109} INFO - [2022-04-11 13:38:44,640] {dag.py:2398} INFO - Sync 1 DAGs
[2022-04-11 13:38:44,664] {logging_mixin.py:109} INFO - [2022-04-11 13:38:44,664] {dag.py:2937} INFO - Setting next_dagrun for check_stock_price_dag to 2022-04-10T00:00:00+00:00
[2022-04-11 13:38:44,682] {processor.py:171} INFO - Processing /opt/airflow/dags/check_stock_price.py took 0.127 seconds
[2022-04-11 13:39:15,055] {processor.py:163} INFO - Started process (PID=1604) to work on /opt/airflow/dags/check_stock_price.py
[2022-04-11 13:39:15,058] {processor.py:642} INFO - Processing file /opt/airflow/dags/check_stock_price.py for tasks to queue
[2022-04-11 13:39:15,060] {logging_mixin.py:109} INFO - [2022-04-11 13:39:15,060] {dagbag.py:500} INFO - Filling up the DagBag from /opt/airflow/dags/check_stock_price.py
[2022-04-11 13:39:15,104] {processor.py:652} INFO - DAG(s) dict_keys(['check_stock_price_dag']) retrieved from /opt/airflow/dags/check_stock_price.py
[2022-04-11 13:39:15,129] {logging_mixin.py:109} INFO - [2022-04-11 13:39:15,129] {dag.py:2398} INFO - Sync 1 DAGs
[2022-04-11 13:39:15,150] {logging_mixin.py:109} INFO - [2022-04-11 13:39:15,150] {dag.py:2937} INFO - Setting next_dagrun for check_stock_price_dag to 2022-04-10T00:00:00+00:00
[2022-04-11 13:39:15,165] {processor.py:171} INFO - Processing /opt/airflow/dags/check_stock_price.py took 0.115 seconds
[2022-04-11 13:39:45,214] {processor.py:163} INFO - Started process (PID=1655) to work on /opt/airflow/dags/check_stock_price.py
[2022-04-11 13:39:45,216] {processor.py:642} INFO - Processing file /opt/airflow/dags/check_stock_price.py for tasks to queue
[2022-04-11 13:39:45,217] {logging_mixin.py:109} INFO - [2022-04-11 13:39:45,217] {dagbag.py:500} INFO - Filling up the DagBag from /opt/airflow/dags/check_stock_price.py
[2022-04-11 13:39:45,245] {processor.py:652} INFO - DAG(s) dict_keys(['check_stock_price_dag']) retrieved from /opt/airflow/dags/check_stock_price.py
[2022-04-11 13:39:45,268] {logging_mixin.py:109} INFO - [2022-04-11 13:39:45,268] {dag.py:2398} INFO - Sync 1 DAGs
[2022-04-11 13:39:45,292] {logging_mixin.py:109} INFO - [2022-04-11 13:39:45,292] {dag.py:2937} INFO - Setting next_dagrun for check_stock_price_dag to 2022-04-10T00:00:00+00:00
[2022-04-11 13:39:45,304] {processor.py:171} INFO - Processing /opt/airflow/dags/check_stock_price.py took 0.094 seconds
[2022-04-11 13:40:15,544] {processor.py:163} INFO - Started process (PID=1717) to work on /opt/airflow/dags/check_stock_price.py
[2022-04-11 13:40:15,546] {processor.py:642} INFO - Processing file /opt/airflow/dags/check_stock_price.py for tasks to queue
[2022-04-11 13:40:15,548] {logging_mixin.py:109} INFO - [2022-04-11 13:40:15,548] {dagbag.py:500} INFO - Filling up the DagBag from /opt/airflow/dags/check_stock_price.py
[2022-04-11 13:40:15,584] {processor.py:652} INFO - DAG(s) dict_keys(['check_stock_price_dag']) retrieved from /opt/airflow/dags/check_stock_price.py
[2022-04-11 13:40:15,618] {logging_mixin.py:109} INFO - [2022-04-11 13:40:15,618] {dag.py:2398} INFO - Sync 1 DAGs
[2022-04-11 13:40:15,656] {logging_mixin.py:109} INFO - [2022-04-11 13:40:15,656] {dag.py:2937} INFO - Setting next_dagrun for check_stock_price_dag to 2022-04-10T00:00:00+00:00
[2022-04-11 13:40:15,676] {processor.py:171} INFO - Processing /opt/airflow/dags/check_stock_price.py took 0.138 seconds
[2022-04-11 13:40:45,720] {processor.py:163} INFO - Started process (PID=1770) to work on /opt/airflow/dags/check_stock_price.py
[2022-04-11 13:40:45,722] {processor.py:642} INFO - Processing file /opt/airflow/dags/check_stock_price.py for tasks to queue
[2022-04-11 13:40:45,723] {logging_mixin.py:109} INFO - [2022-04-11 13:40:45,723] {dagbag.py:500} INFO - Filling up the DagBag from /opt/airflow/dags/check_stock_price.py
[2022-04-11 13:40:45,752] {processor.py:652} INFO - DAG(s) dict_keys(['check_stock_price_dag']) retrieved from /opt/airflow/dags/check_stock_price.py
[2022-04-11 13:40:45,779] {logging_mixin.py:109} INFO - [2022-04-11 13:40:45,778] {dag.py:2398} INFO - Sync 1 DAGs
[2022-04-11 13:40:45,803] {logging_mixin.py:109} INFO - [2022-04-11 13:40:45,802] {dag.py:2937} INFO - Setting next_dagrun for check_stock_price_dag to 2022-04-10T00:00:00+00:00
[2022-04-11 13:40:45,814] {processor.py:171} INFO - Processing /opt/airflow/dags/check_stock_price.py took 0.098 seconds
[2022-04-11 13:41:15,959] {processor.py:163} INFO - Started process (PID=1833) to work on /opt/airflow/dags/check_stock_price.py
[2022-04-11 13:41:15,964] {processor.py:642} INFO - Processing file /opt/airflow/dags/check_stock_price.py for tasks to queue
[2022-04-11 13:41:15,968] {logging_mixin.py:109} INFO - [2022-04-11 13:41:15,967] {dagbag.py:500} INFO - Filling up the DagBag from /opt/airflow/dags/check_stock_price.py
[2022-04-11 13:41:16,019] {processor.py:652} INFO - DAG(s) dict_keys(['check_stock_price_dag']) retrieved from /opt/airflow/dags/check_stock_price.py
[2022-04-11 13:41:16,060] {logging_mixin.py:109} INFO - [2022-04-11 13:41:16,060] {dag.py:2398} INFO - Sync 1 DAGs
[2022-04-11 13:41:16,105] {logging_mixin.py:109} INFO - [2022-04-11 13:41:16,105] {dag.py:2937} INFO - Setting next_dagrun for check_stock_price_dag to 2022-04-10T00:00:00+00:00
[2022-04-11 13:41:16,127] {processor.py:171} INFO - Processing /opt/airflow/dags/check_stock_price.py took 0.182 seconds
[2022-04-11 13:41:46,470] {processor.py:163} INFO - Started process (PID=1886) to work on /opt/airflow/dags/check_stock_price.py
[2022-04-11 13:41:46,472] {processor.py:642} INFO - Processing file /opt/airflow/dags/check_stock_price.py for tasks to queue
[2022-04-11 13:41:46,473] {logging_mixin.py:109} INFO - [2022-04-11 13:41:46,473] {dagbag.py:500} INFO - Filling up the DagBag from /opt/airflow/dags/check_stock_price.py
[2022-04-11 13:41:46,504] {processor.py:652} INFO - DAG(s) dict_keys(['check_stock_price_dag']) retrieved from /opt/airflow/dags/check_stock_price.py
[2022-04-11 13:41:46,534] {logging_mixin.py:109} INFO - [2022-04-11 13:41:46,534] {dag.py:2398} INFO - Sync 1 DAGs
[2022-04-11 13:41:46,566] {logging_mixin.py:109} INFO - [2022-04-11 13:41:46,566] {dag.py:2937} INFO - Setting next_dagrun for check_stock_price_dag to 2022-04-10T00:00:00+00:00
[2022-04-11 13:41:46,578] {processor.py:171} INFO - Processing /opt/airflow/dags/check_stock_price.py took 0.113 seconds
[2022-04-11 13:42:16,639] {processor.py:163} INFO - Started process (PID=1939) to work on /opt/airflow/dags/check_stock_price.py
[2022-04-11 13:42:16,641] {processor.py:642} INFO - Processing file /opt/airflow/dags/check_stock_price.py for tasks to queue
[2022-04-11 13:42:16,642] {logging_mixin.py:109} INFO - [2022-04-11 13:42:16,642] {dagbag.py:500} INFO - Filling up the DagBag from /opt/airflow/dags/check_stock_price.py
[2022-04-11 13:42:16,671] {processor.py:652} INFO - DAG(s) dict_keys(['check_stock_price_dag']) retrieved from /opt/airflow/dags/check_stock_price.py
[2022-04-11 13:42:16,695] {logging_mixin.py:109} INFO - [2022-04-11 13:42:16,695] {dag.py:2398} INFO - Sync 1 DAGs
[2022-04-11 13:42:16,716] {logging_mixin.py:109} INFO - [2022-04-11 13:42:16,716] {dag.py:2937} INFO - Setting next_dagrun for check_stock_price_dag to 2022-04-10T00:00:00+00:00
[2022-04-11 13:42:16,726] {processor.py:171} INFO - Processing /opt/airflow/dags/check_stock_price.py took 0.091 seconds
[2022-04-11 13:42:46,782] {processor.py:163} INFO - Started process (PID=2001) to work on /opt/airflow/dags/check_stock_price.py
[2022-04-11 13:42:46,785] {processor.py:642} INFO - Processing file /opt/airflow/dags/check_stock_price.py for tasks to queue
[2022-04-11 13:42:46,786] {logging_mixin.py:109} INFO - [2022-04-11 13:42:46,786] {dagbag.py:500} INFO - Filling up the DagBag from /opt/airflow/dags/check_stock_price.py
[2022-04-11 13:42:46,815] {processor.py:652} INFO - DAG(s) dict_keys(['check_stock_price_dag']) retrieved from /opt/airflow/dags/check_stock_price.py
[2022-04-11 13:42:46,845] {logging_mixin.py:109} INFO - [2022-04-11 13:42:46,845] {dag.py:2398} INFO - Sync 1 DAGs
[2022-04-11 13:42:46,868] {logging_mixin.py:109} INFO - [2022-04-11 13:42:46,868] {dag.py:2937} INFO - Setting next_dagrun for check_stock_price_dag to 2022-04-10T00:00:00+00:00
[2022-04-11 13:42:46,878] {processor.py:171} INFO - Processing /opt/airflow/dags/check_stock_price.py took 0.100 seconds
[2022-04-11 13:43:17,710] {processor.py:163} INFO - Started process (PID=2054) to work on /opt/airflow/dags/check_stock_price.py
[2022-04-11 13:43:17,713] {processor.py:642} INFO - Processing file /opt/airflow/dags/check_stock_price.py for tasks to queue
[2022-04-11 13:43:17,714] {logging_mixin.py:109} INFO - [2022-04-11 13:43:17,714] {dagbag.py:500} INFO - Filling up the DagBag from /opt/airflow/dags/check_stock_price.py
[2022-04-11 13:43:17,743] {processor.py:652} INFO - DAG(s) dict_keys(['check_stock_price_dag']) retrieved from /opt/airflow/dags/check_stock_price.py
[2022-04-11 13:43:17,766] {logging_mixin.py:109} INFO - [2022-04-11 13:43:17,766] {dag.py:2398} INFO - Sync 1 DAGs
[2022-04-11 13:43:17,787] {logging_mixin.py:109} INFO - [2022-04-11 13:43:17,787] {dag.py:2937} INFO - Setting next_dagrun for check_stock_price_dag to 2022-04-10T00:00:00+00:00
[2022-04-11 13:43:17,799] {processor.py:171} INFO - Processing /opt/airflow/dags/check_stock_price.py took 0.095 seconds
[2022-04-11 13:43:47,938] {processor.py:163} INFO - Started process (PID=2117) to work on /opt/airflow/dags/check_stock_price.py
[2022-04-11 13:43:47,940] {processor.py:642} INFO - Processing file /opt/airflow/dags/check_stock_price.py for tasks to queue
[2022-04-11 13:43:47,941] {logging_mixin.py:109} INFO - [2022-04-11 13:43:47,941] {dagbag.py:500} INFO - Filling up the DagBag from /opt/airflow/dags/check_stock_price.py
[2022-04-11 13:43:47,969] {processor.py:652} INFO - DAG(s) dict_keys(['check_stock_price_dag']) retrieved from /opt/airflow/dags/check_stock_price.py
[2022-04-11 13:43:47,992] {logging_mixin.py:109} INFO - [2022-04-11 13:43:47,992] {dag.py:2398} INFO - Sync 1 DAGs
[2022-04-11 13:43:48,011] {logging_mixin.py:109} INFO - [2022-04-11 13:43:48,011] {dag.py:2937} INFO - Setting next_dagrun for check_stock_price_dag to 2022-04-10T00:00:00+00:00
[2022-04-11 13:43:48,021] {processor.py:171} INFO - Processing /opt/airflow/dags/check_stock_price.py took 0.087 seconds
[2022-04-11 13:44:18,917] {processor.py:163} INFO - Started process (PID=2170) to work on /opt/airflow/dags/check_stock_price.py
[2022-04-11 13:44:18,919] {processor.py:642} INFO - Processing file /opt/airflow/dags/check_stock_price.py for tasks to queue
[2022-04-11 13:44:18,920] {logging_mixin.py:109} INFO - [2022-04-11 13:44:18,920] {dagbag.py:500} INFO - Filling up the DagBag from /opt/airflow/dags/check_stock_price.py
[2022-04-11 13:44:18,949] {processor.py:652} INFO - DAG(s) dict_keys(['check_stock_price_dag']) retrieved from /opt/airflow/dags/check_stock_price.py
[2022-04-11 13:44:18,975] {logging_mixin.py:109} INFO - [2022-04-11 13:44:18,975] {dag.py:2398} INFO - Sync 1 DAGs
[2022-04-11 13:44:18,995] {logging_mixin.py:109} INFO - [2022-04-11 13:44:18,995] {dag.py:2937} INFO - Setting next_dagrun for check_stock_price_dag to 2022-04-10T00:00:00+00:00
[2022-04-11 13:44:19,006] {processor.py:171} INFO - Processing /opt/airflow/dags/check_stock_price.py took 0.095 seconds
[2022-04-11 13:44:49,976] {processor.py:163} INFO - Started process (PID=2230) to work on /opt/airflow/dags/check_stock_price.py
[2022-04-11 13:44:49,979] {processor.py:642} INFO - Processing file /opt/airflow/dags/check_stock_price.py for tasks to queue
[2022-04-11 13:44:49,980] {logging_mixin.py:109} INFO - [2022-04-11 13:44:49,980] {dagbag.py:500} INFO - Filling up the DagBag from /opt/airflow/dags/check_stock_price.py
[2022-04-11 13:44:50,010] {processor.py:652} INFO - DAG(s) dict_keys(['check_stock_price_dag']) retrieved from /opt/airflow/dags/check_stock_price.py
[2022-04-11 13:44:50,036] {logging_mixin.py:109} INFO - [2022-04-11 13:44:50,036] {dag.py:2398} INFO - Sync 1 DAGs
[2022-04-11 13:44:50,062] {logging_mixin.py:109} INFO - [2022-04-11 13:44:50,062] {dag.py:2937} INFO - Setting next_dagrun for check_stock_price_dag to 2022-04-10T00:00:00+00:00
[2022-04-11 13:44:50,078] {processor.py:171} INFO - Processing /opt/airflow/dags/check_stock_price.py took 0.107 seconds
[2022-04-11 13:45:20,410] {processor.py:163} INFO - Started process (PID=2281) to work on /opt/airflow/dags/check_stock_price.py
[2022-04-11 13:45:20,412] {processor.py:642} INFO - Processing file /opt/airflow/dags/check_stock_price.py for tasks to queue
[2022-04-11 13:45:20,413] {logging_mixin.py:109} INFO - [2022-04-11 13:45:20,413] {dagbag.py:500} INFO - Filling up the DagBag from /opt/airflow/dags/check_stock_price.py
[2022-04-11 13:45:20,448] {processor.py:652} INFO - DAG(s) dict_keys(['check_stock_price_dag']) retrieved from /opt/airflow/dags/check_stock_price.py
[2022-04-11 13:45:20,477] {logging_mixin.py:109} INFO - [2022-04-11 13:45:20,477] {dag.py:2398} INFO - Sync 1 DAGs
[2022-04-11 13:45:20,503] {logging_mixin.py:109} INFO - [2022-04-11 13:45:20,503] {dag.py:2937} INFO - Setting next_dagrun for check_stock_price_dag to 2022-04-10T00:00:00+00:00
[2022-04-11 13:45:20,523] {processor.py:171} INFO - Processing /opt/airflow/dags/check_stock_price.py took 0.118 seconds
[2022-04-11 13:45:51,099] {processor.py:163} INFO - Started process (PID=2332) to work on /opt/airflow/dags/check_stock_price.py
[2022-04-11 13:45:51,102] {processor.py:642} INFO - Processing file /opt/airflow/dags/check_stock_price.py for tasks to queue
[2022-04-11 13:45:51,103] {logging_mixin.py:109} INFO - [2022-04-11 13:45:51,103] {dagbag.py:500} INFO - Filling up the DagBag from /opt/airflow/dags/check_stock_price.py
[2022-04-11 13:45:51,133] {processor.py:652} INFO - DAG(s) dict_keys(['check_stock_price_dag']) retrieved from /opt/airflow/dags/check_stock_price.py
[2022-04-11 13:45:51,163] {logging_mixin.py:109} INFO - [2022-04-11 13:45:51,163] {dag.py:2398} INFO - Sync 1 DAGs
[2022-04-11 13:45:51,193] {logging_mixin.py:109} INFO - [2022-04-11 13:45:51,192] {dag.py:2937} INFO - Setting next_dagrun for check_stock_price_dag to 2022-04-10T00:00:00+00:00
[2022-04-11 13:45:51,209] {processor.py:171} INFO - Processing /opt/airflow/dags/check_stock_price.py took 0.113 seconds
[2022-04-11 13:46:21,488] {processor.py:163} INFO - Started process (PID=2395) to work on /opt/airflow/dags/check_stock_price.py
[2022-04-11 13:46:21,490] {processor.py:642} INFO - Processing file /opt/airflow/dags/check_stock_price.py for tasks to queue
[2022-04-11 13:46:21,491] {logging_mixin.py:109} INFO - [2022-04-11 13:46:21,491] {dagbag.py:500} INFO - Filling up the DagBag from /opt/airflow/dags/check_stock_price.py
[2022-04-11 13:46:21,523] {processor.py:652} INFO - DAG(s) dict_keys(['check_stock_price_dag']) retrieved from /opt/airflow/dags/check_stock_price.py
[2022-04-11 13:46:21,551] {logging_mixin.py:109} INFO - [2022-04-11 13:46:21,551] {dag.py:2398} INFO - Sync 1 DAGs
[2022-04-11 13:46:21,571] {logging_mixin.py:109} INFO - [2022-04-11 13:46:21,571] {dag.py:2937} INFO - Setting next_dagrun for check_stock_price_dag to 2022-04-10T00:01:00+00:00
[2022-04-11 13:46:21,583] {processor.py:171} INFO - Processing /opt/airflow/dags/check_stock_price.py took 0.101 seconds
[2022-04-11 13:46:52,476] {processor.py:163} INFO - Started process (PID=2448) to work on /opt/airflow/dags/check_stock_price.py
[2022-04-11 13:46:52,480] {processor.py:642} INFO - Processing file /opt/airflow/dags/check_stock_price.py for tasks to queue
[2022-04-11 13:46:52,484] {logging_mixin.py:109} INFO - [2022-04-11 13:46:52,484] {dagbag.py:500} INFO - Filling up the DagBag from /opt/airflow/dags/check_stock_price.py
[2022-04-11 13:46:52,542] {processor.py:652} INFO - DAG(s) dict_keys(['check_stock_price_dag']) retrieved from /opt/airflow/dags/check_stock_price.py
[2022-04-11 13:46:52,597] {logging_mixin.py:109} INFO - [2022-04-11 13:46:52,597] {dag.py:2398} INFO - Sync 1 DAGs
[2022-04-11 13:46:52,655] {processor.py:171} INFO - Processing /opt/airflow/dags/check_stock_price.py took 0.189 seconds
[2022-04-11 13:47:23,409] {processor.py:163} INFO - Started process (PID=2500) to work on /opt/airflow/dags/check_stock_price.py
[2022-04-11 13:47:23,411] {processor.py:642} INFO - Processing file /opt/airflow/dags/check_stock_price.py for tasks to queue
[2022-04-11 13:47:23,413] {logging_mixin.py:109} INFO - [2022-04-11 13:47:23,412] {dagbag.py:500} INFO - Filling up the DagBag from /opt/airflow/dags/check_stock_price.py
[2022-04-11 13:47:23,446] {processor.py:652} INFO - DAG(s) dict_keys(['check_stock_price_dag']) retrieved from /opt/airflow/dags/check_stock_price.py
[2022-04-11 13:47:23,472] {logging_mixin.py:109} INFO - [2022-04-11 13:47:23,472] {dag.py:2398} INFO - Sync 1 DAGs
[2022-04-11 13:47:23,502] {processor.py:171} INFO - Processing /opt/airflow/dags/check_stock_price.py took 0.096 seconds
[2022-04-11 13:47:53,836] {processor.py:163} INFO - Started process (PID=2561) to work on /opt/airflow/dags/check_stock_price.py
[2022-04-11 13:47:53,838] {processor.py:642} INFO - Processing file /opt/airflow/dags/check_stock_price.py for tasks to queue
[2022-04-11 13:47:53,840] {logging_mixin.py:109} INFO - [2022-04-11 13:47:53,839] {dagbag.py:500} INFO - Filling up the DagBag from /opt/airflow/dags/check_stock_price.py
[2022-04-11 13:47:53,871] {processor.py:652} INFO - DAG(s) dict_keys(['check_stock_price_dag']) retrieved from /opt/airflow/dags/check_stock_price.py
[2022-04-11 13:47:53,897] {logging_mixin.py:109} INFO - [2022-04-11 13:47:53,897] {dag.py:2398} INFO - Sync 1 DAGs
[2022-04-11 13:47:53,926] {processor.py:171} INFO - Processing /opt/airflow/dags/check_stock_price.py took 0.095 seconds
[2022-04-11 13:48:24,573] {processor.py:163} INFO - Started process (PID=2614) to work on /opt/airflow/dags/check_stock_price.py
[2022-04-11 13:48:24,574] {processor.py:642} INFO - Processing file /opt/airflow/dags/check_stock_price.py for tasks to queue
[2022-04-11 13:48:24,576] {logging_mixin.py:109} INFO - [2022-04-11 13:48:24,575] {dagbag.py:500} INFO - Filling up the DagBag from /opt/airflow/dags/check_stock_price.py
[2022-04-11 13:48:24,600] {processor.py:652} INFO - DAG(s) dict_keys(['check_stock_price_dag']) retrieved from /opt/airflow/dags/check_stock_price.py
[2022-04-11 13:48:24,629] {logging_mixin.py:109} INFO - [2022-04-11 13:48:24,629] {dag.py:2398} INFO - Sync 1 DAGs
[2022-04-11 13:48:24,657] {processor.py:171} INFO - Processing /opt/airflow/dags/check_stock_price.py took 0.089 seconds
[2022-04-11 13:48:55,316] {processor.py:163} INFO - Started process (PID=2678) to work on /opt/airflow/dags/check_stock_price.py
[2022-04-11 13:48:55,319] {processor.py:642} INFO - Processing file /opt/airflow/dags/check_stock_price.py for tasks to queue
[2022-04-11 13:48:55,320] {logging_mixin.py:109} INFO - [2022-04-11 13:48:55,320] {dagbag.py:500} INFO - Filling up the DagBag from /opt/airflow/dags/check_stock_price.py
[2022-04-11 13:48:55,356] {processor.py:652} INFO - DAG(s) dict_keys(['check_stock_price_dag']) retrieved from /opt/airflow/dags/check_stock_price.py
[2022-04-11 13:48:55,383] {logging_mixin.py:109} INFO - [2022-04-11 13:48:55,383] {dag.py:2398} INFO - Sync 1 DAGs
[2022-04-11 13:48:55,414] {processor.py:171} INFO - Processing /opt/airflow/dags/check_stock_price.py took 0.102 seconds
